28/04/2020 8:47:52|Conectando..
28/04/2020 8:47:52|IP: 127.0.0.1 - Puerto: 6500
28/04/2020 9:18:37|Error Diagnostico..Tiempo de espera agotado
28/04/2020 10:06:24|Conectando..
28/04/2020 10:06:24|IP: 127.0.0.1 - Puerto: 6500
28/04/2020 10:06:24|Conectado con éxito!!
28/04/2020 10:25:39|Comienza Facturacion B
28/04/2020 10:25:39|DatosCliente B
28/04/2020 10:25:43|AbrirComprobanteFiscal B
28/04/2020 10:25:43|Articulo --> varios
28/04/2020 10:25:43|cantidadArt B --> 1
28/04/2020 10:25:43|PrecVear --> 4458
28/04/2020 10:25:43|montoArt --> 3684,29752066116
28/04/2020 10:25:43|ivaArt --> 21
28/04/2020 10:25:43|hasarOCX.ImprimirItem --> OK
28/04/2020 10:25:43|Articulo --> paula edt vap. x 60 ml. 60 ml.
28/04/2020 10:25:43|cantidadArt B --> 1
28/04/2020 10:25:43|PrecVear --> 1050
28/04/2020 10:25:43|montoArt --> 867,768595041322
28/04/2020 10:25:43|ivaArt --> 21
28/04/2020 10:25:44|hasarOCX.ImprimirItem --> OK
28/04/2020 10:25:44|Cerrar Comprobante B:::
28/04/2020 10:25:47|Obtiene nrocomp
28/04/2020 10:25:47|nrocomp --> 26
28/04/2020 10:25:47|Nro. de Comprobante ::: TFB ::: 26
28/04/2020 10:41:21|Conectando..
28/04/2020 10:41:21|IP: 127.0.0.1 - Puerto: 6500
28/04/2020 10:41:22|Conectado con éxito!!
28/04/2020 10:44:19|Conectando..
28/04/2020 10:44:19|IP: 127.0.0.1 - Puerto: 6500
28/04/2020 10:44:19|Conectado con éxito!!
28/04/2020 10:45:35|Conectando..
28/04/2020 10:45:35|IP: 127.0.0.1 - Puerto: 6500
28/04/2020 10:45:36|Conectado con éxito!!
28/04/2020 10:56:16|Comienza Facturacion B
28/04/2020 10:56:17|DatosCliente B
28/04/2020 10:56:20|AbrirComprobanteFiscal B
28/04/2020 10:56:20|Articulo --> hennia g x8
28/04/2020 10:56:20|cantidadArt B --> 2
28/04/2020 10:56:20|PrecVear --> 490
28/04/2020 10:56:20|montoArt --> 404,95867768595
28/04/2020 10:56:20|ivaArt --> 21
28/04/2020 10:56:21|hasarOCX.ImprimirItem --> OK
28/04/2020 10:56:21|Articulo --> varios
28/04/2020 10:56:21|cantidadArt B --> 1
28/04/2020 10:56:21|PrecVear --> 35
28/04/2020 10:56:21|montoArt --> 28,9256198347107
28/04/2020 10:56:21|ivaArt --> 21
28/04/2020 10:56:21|hasarOCX.ImprimirItem --> OK
28/04/2020 10:56:21|Cerrar Comprobante B:::
28/04/2020 10:56:24|Obtiene nrocomp
28/04/2020 10:56:24|nrocomp --> 27
28/04/2020 10:56:24|Nro. de Comprobante ::: TFB ::: 27
28/04/2020 11:14:53|Conectando..
28/04/2020 11:14:53|IP: 127.0.0.1 - Puerto: 6500
28/04/2020 11:14:53|Conectado con éxito!!
28/04/2020 11:15:11|Comienza Facturacion B
28/04/2020 11:15:11|DatosCliente B
28/04/2020 11:15:14|AbrirComprobanteFiscal B
28/04/2020 11:15:14|Articulo --> varios
28/04/2020 11:15:14|cantidadArt B --> 2
28/04/2020 11:15:14|PrecVear --> 650
28/04/2020 11:15:14|montoArt --> 537,190082644628
28/04/2020 11:15:14|ivaArt --> 21
28/04/2020 11:15:14|hasarOCX.ImprimirItem --> OK
28/04/2020 11:15:14|Cerrar Comprobante B:::
28/04/2020 11:15:17|Obtiene nrocomp
28/04/2020 11:15:17|nrocomp --> 28
28/04/2020 11:15:17|Nro. de Comprobante ::: TFB ::: 28
28/04/2020 11:28:15|Conectando..
28/04/2020 11:28:15|IP: 127.0.0.1 - Puerto: 6500
28/04/2020 11:28:16|Conectado con éxito!!
28/04/2020 11:28:34|Comienza Facturacion B
28/04/2020 11:28:35|DatosCliente B
28/04/2020 11:28:37|AbrirComprobanteFiscal B
28/04/2020 11:28:37|Articulo --> elvive chx400 kera-liso 230° -8300
28/04/2020 11:28:37|cantidadArt B --> 1
28/04/2020 11:28:37|PrecVear --> 309
28/04/2020 11:28:37|montoArt --> 255,371900826446
28/04/2020 11:28:37|ivaArt --> 21
28/04/2020 11:28:37|hasarOCX.ImprimirItem --> OK
28/04/2020 11:28:37|Cerrar Comprobante B:::
28/04/2020 11:28:40|Obtiene nrocomp
28/04/2020 11:28:41|nrocomp --> 29
28/04/2020 11:28:41|Nro. de Comprobante ::: TFB ::: 29
28/04/2020 11:30:15|Conectando..
28/04/2020 11:30:15|IP: 127.0.0.1 - Puerto: 6500
28/04/2020 11:30:16|Conectado con éxito!!
28/04/2020 11:42:33|Conectando..
28/04/2020 11:42:33|IP: 127.0.0.1 - Puerto: 6500
28/04/2020 11:42:34|Conectado con éxito!!
28/04/2020 11:44:35|Comienza Facturacion B
28/04/2020 11:44:35|DatosCliente B
28/04/2020 11:44:38|AbrirComprobanteFiscal B
28/04/2020 11:44:38|Articulo --> capilatis  keratina ac
28/04/2020 11:44:38|cantidadArt B --> 1
28/04/2020 11:44:38|PrecVear --> 360
28/04/2020 11:44:38|montoArt --> 297,520661157025
28/04/2020 11:44:38|ivaArt --> 21
28/04/2020 11:44:38|hasarOCX.ImprimirItem --> OK
28/04/2020 11:44:38|Cerrar Comprobante B:::
28/04/2020 11:44:41|Obtiene nrocomp
28/04/2020 11:44:41|nrocomp --> 30
28/04/2020 11:44:41|Nro. de Comprobante ::: TFB ::: 30
28/04/2020 12:23:04|Conectando..
28/04/2020 12:23:04|IP: 127.0.0.1 - Puerto: 6500
28/04/2020 12:23:05|Conectado con éxito!!
28/04/2020 15:14:33|Conectando..
28/04/2020 15:14:33|IP: 127.0.0.1 - Puerto: 6500
28/04/2020 15:25:33|Conectando..
28/04/2020 15:25:33|IP: 127.0.0.1 - Puerto: 6500
28/04/2020 15:25:34|Conectado con éxito!!
28/04/2020 15:28:22|Comienza Facturacion B
28/04/2020 15:28:22|DatosCliente B
28/04/2020 15:28:24|AbrirComprobanteFiscal B
28/04/2020 15:28:24|Articulo --> huggies act sec xxl 2x56
28/04/2020 15:28:24|cantidadArt B --> 1
28/04/2020 15:28:24|PrecVear --> 990
28/04/2020 15:28:24|montoArt --> 818,181818181818
28/04/2020 15:28:24|ivaArt --> 21
28/04/2020 15:28:25|hasarOCX.ImprimirItem --> OK
28/04/2020 15:28:25|Cerrar Comprobante B:::
28/04/2020 15:28:28|Obtiene nrocomp
28/04/2020 15:28:28|nrocomp --> 31
28/04/2020 15:28:28|Nro. de Comprobante ::: TFB ::: 31
28/04/2020 15:29:27|Conectando..
28/04/2020 15:29:27|IP: 127.0.0.1 - Puerto: 6500
28/04/2020 15:29:27|Conectado con éxito!!
28/04/2020 15:31:11|Conectando..
28/04/2020 15:31:11|IP: 127.0.0.1 - Puerto: 6500
28/04/2020 15:31:12|Conectado con éxito!!
28/04/2020 16:15:37|Conectando..
28/04/2020 16:15:37|IP: 127.0.0.1 - Puerto: 6500
28/04/2020 16:15:37|Conectado con éxito!!
28/04/2020 16:16:46|Comienza Facturacion B
28/04/2020 16:16:46|DatosCliente B
28/04/2020 16:16:49|AbrirComprobanteFiscal B
28/04/2020 16:16:49|Articulo --> varios
28/04/2020 16:16:49|cantidadArt B --> 1
28/04/2020 16:16:49|PrecVear --> 30
28/04/2020 16:16:49|montoArt --> 24,7933884297521
28/04/2020 16:16:49|ivaArt --> 21
28/04/2020 16:16:49|hasarOCX.ImprimirItem --> OK
28/04/2020 16:16:49|Articulo --> el coloso rollo cocx3 x 40paños
28/04/2020 16:16:49|cantidadArt B --> 1
28/04/2020 16:16:49|PrecVear --> 45
28/04/2020 16:16:49|montoArt --> 37,1900826446281
28/04/2020 16:16:49|ivaArt --> 21
28/04/2020 16:16:50|hasarOCX.ImprimirItem --> OK
28/04/2020 16:16:50|Articulo --> plusbelle jabx125 sens.nutrit
28/04/2020 16:16:50|cantidadArt B --> 1
28/04/2020 16:16:50|PrecVear --> 45
28/04/2020 16:16:50|montoArt --> 37,1900826446281
28/04/2020 16:16:50|ivaArt --> 21
28/04/2020 16:16:50|hasarOCX.ImprimirItem --> OK
28/04/2020 16:16:50|Articulo --> colgate cr.totx90 salud visib-5458
28/04/2020 16:16:50|cantidadArt B --> 1
28/04/2020 16:16:50|PrecVear --> 195
28/04/2020 16:16:50|montoArt --> 161,157024793388
28/04/2020 16:16:50|ivaArt --> 21
28/04/2020 16:16:50|hasarOCX.ImprimirItem --> OK
28/04/2020 16:16:50|Cerrar Comprobante B:::
28/04/2020 16:16:53|Obtiene nrocomp
28/04/2020 16:16:54|nrocomp --> 32
28/04/2020 16:16:54|Nro. de Comprobante ::: TFB ::: 32
28/04/2020 16:17:00|Conectando..
28/04/2020 16:17:00|IP: 127.0.0.1 - Puerto: 6500
28/04/2020 16:17:01|Conectado con éxito!!
28/04/2020 16:23:03|Comienza Facturacion B
28/04/2020 16:23:03|DatosCliente B
28/04/2020 16:23:06|AbrirComprobanteFiscal B
28/04/2020 16:23:06|Articulo --> huggies trip prot g x40
28/04/2020 16:23:06|cantidadArt B --> 1
28/04/2020 16:23:06|PrecVear --> 450
28/04/2020 16:23:06|montoArt --> 371,900826446281
28/04/2020 16:23:06|ivaArt --> 21
28/04/2020 16:23:06|hasarOCX.ImprimirItem --> OK
28/04/2020 16:23:06|Cerrar Comprobante B:::
28/04/2020 16:23:09|Obtiene nrocomp
28/04/2020 16:23:09|nrocomp --> 33
28/04/2020 16:23:09|Nro. de Comprobante ::: TFB ::: 33
28/04/2020 16:32:15|Comienza Facturacion B
28/04/2020 16:32:16|DatosCliente B
28/04/2020 16:32:18|AbrirComprobanteFiscal B
28/04/2020 16:32:18|Articulo --> huggies act sec g 2x68
28/04/2020 16:32:18|cantidadArt B --> 1
28/04/2020 16:32:18|PrecVear --> 990
28/04/2020 16:32:18|montoArt --> 818,181818181818
28/04/2020 16:32:18|ivaArt --> 21
28/04/2020 16:32:18|hasarOCX.ImprimirItem --> OK
28/04/2020 16:32:18|Articulo --> downy concent. x400 ml
28/04/2020 16:32:18|cantidadArt B --> 1
28/04/2020 16:32:18|PrecVear --> 170
28/04/2020 16:32:18|montoArt --> 140,495867768595
28/04/2020 16:32:18|ivaArt --> 21
28/04/2020 16:32:19|hasarOCX.ImprimirItem --> OK
28/04/2020 16:32:19|Articulo --> blem aerox235 electronics-642183
28/04/2020 16:32:19|cantidadArt B --> 1
28/04/2020 16:32:19|PrecVear --> 145
28/04/2020 16:32:19|montoArt --> 119,834710743802
28/04/2020 16:32:19|ivaArt --> 21
28/04/2020 16:32:19|hasarOCX.ImprimirItem --> OK
28/04/2020 16:32:19|Cerrar Comprobante B:::
28/04/2020 16:32:22|Obtiene nrocomp
28/04/2020 16:32:23|nrocomp --> 34
28/04/2020 16:32:23|Nro. de Comprobante ::: TFB ::: 34
28/04/2020 16:37:12|Comienza Facturacion B
28/04/2020 16:37:13|DatosCliente B
28/04/2020 16:37:15|AbrirComprobanteFiscal B
28/04/2020 16:37:15|Articulo --> varios
28/04/2020 16:37:15|cantidadArt B --> 2
28/04/2020 16:37:15|PrecVear --> 55
28/04/2020 16:37:15|montoArt --> 45,4545454545455
28/04/2020 16:37:15|ivaArt --> 21
28/04/2020 16:37:15|hasarOCX.ImprimirItem --> OK
28/04/2020 16:37:15|Articulo --> varios
28/04/2020 16:37:15|cantidadArt B --> 1
28/04/2020 16:37:15|PrecVear --> 90
28/04/2020 16:37:15|montoArt --> 74,3801652892562
28/04/2020 16:37:15|ivaArt --> 21
28/04/2020 16:37:16|hasarOCX.ImprimirItem --> OK
28/04/2020 16:37:16|Articulo --> varios
28/04/2020 16:37:16|cantidadArt B --> 1
28/04/2020 16:37:16|PrecVear --> 50
28/04/2020 16:37:16|montoArt --> 41,3223140495868
28/04/2020 16:37:16|ivaArt --> 21
28/04/2020 16:37:16|hasarOCX.ImprimirItem --> OK
28/04/2020 16:37:16|Articulo --> task spunita subfraccionadox12-0308
28/04/2020 16:37:16|cantidadArt B --> 1
28/04/2020 16:37:16|PrecVear --> 65
28/04/2020 16:37:16|montoArt --> 53,7190082644628
28/04/2020 16:37:16|ivaArt --> 21
28/04/2020 16:37:16|hasarOCX.ImprimirItem --> OK
28/04/2020 16:37:16|Articulo --> cif antig.gatx500 nva form-8916
28/04/2020 16:37:16|cantidadArt B --> 1
28/04/2020 16:37:16|PrecVear --> 135
28/04/2020 16:37:16|montoArt --> 111,570247933884
28/04/2020 16:37:16|ivaArt --> 21
28/04/2020 16:37:17|hasarOCX.ImprimirItem --> OK
28/04/2020 16:37:17|Articulo --> raid aero mmm power shot
28/04/2020 16:37:17|cantidadArt B --> 1
28/04/2020 16:37:17|PrecVear --> 185
28/04/2020 16:37:17|montoArt --> 152,892561983471
28/04/2020 16:37:17|ivaArt --> 21
28/04/2020 16:37:17|hasarOCX.ImprimirItem --> OK
28/04/2020 16:37:17|Articulo --> varios
28/04/2020 16:37:17|cantidadArt B --> 1
28/04/2020 16:37:17|PrecVear --> 95
28/04/2020 16:37:17|montoArt --> 78,5123966942149
28/04/2020 16:37:17|ivaArt --> 21
28/04/2020 16:37:18|hasarOCX.ImprimirItem --> OK
28/04/2020 16:37:18|Articulo --> el coloso esp.bronce inoxidx1
28/04/2020 16:37:18|cantidadArt B --> 2
28/04/2020 16:37:18|PrecVear --> 40
28/04/2020 16:37:18|montoArt --> 33,0578512396694
28/04/2020 16:37:18|ivaArt --> 21
28/04/2020 16:37:18|hasarOCX.ImprimirItem --> OK
28/04/2020 16:37:18|Articulo --> mortimer esp.cudricx12-18147
28/04/2020 16:37:18|cantidadArt B --> 1
28/04/2020 16:37:18|PrecVear --> 30
28/04/2020 16:37:18|montoArt --> 24,7933884297521
28/04/2020 16:37:18|ivaArt --> 21
28/04/2020 16:37:18|hasarOCX.ImprimirItem --> OK
28/04/2020 16:37:18|Articulo --> varios
28/04/2020 16:37:18|cantidadArt B --> 2
28/04/2020 16:37:18|PrecVear --> 80
28/04/2020 16:37:18|montoArt --> 66,1157024793389
28/04/2020 16:37:18|ivaArt --> 21
28/04/2020 16:37:19|hasarOCX.ImprimirItem --> OK
28/04/2020 16:37:19|Articulo --> estrella algodon  clasicox60
28/04/2020 16:37:19|cantidadArt B --> 1
28/04/2020 16:37:19|PrecVear --> 62
28/04/2020 16:37:19|montoArt --> 51,2396694214876
28/04/2020 16:37:19|ivaArt --> 21
28/04/2020 16:40:32|hasarOCX.ImprimirItem --> OK
28/04/2020 16:40:32|Error Imprimiendo Factura B --> Colección modificada; puede que no se ejecute la operación de enumeración.
28/04/2020 16:41:19|Comienza Facturacion B
28/04/2020 16:41:19|Error iniciando Factura B --> Operación no válida para el estado fiscal actual (Imposible ejecutar el comando en el estado VendiendoItems)
28/04/2020 16:41:20|Conectando..
28/04/2020 16:41:20|IP: 127.0.0.1 - Puerto: 6500
28/04/2020 16:41:20|Conectado con éxito!!
28/04/2020 16:41:21|Error Imprimiendo Factura B --> Operación no válida para el estado fiscal actual (Imposible ejecutar el comando en el estado VendiendoItems)
28/04/2020 16:52:47|Conectando..
28/04/2020 16:52:47|IP: 127.0.0.1 - Puerto: 6500
28/04/2020 16:52:48|Conectado con éxito!!
28/04/2020 16:53:32|Conectando..
28/04/2020 16:53:32|IP: 127.0.0.1 - Puerto: 6500
28/04/2020 16:53:33|Conectado con éxito!!
28/04/2020 17:00:59|Conectando..
28/04/2020 17:00:59|IP: 127.0.0.1 - Puerto: 6500
28/04/2020 17:01:00|Conectado con éxito!!
28/04/2020 17:01:08|Comienza Facturacion B
28/04/2020 17:01:09|Error iniciando Factura B --> Operación no válida para el estado fiscal actual (Imposible ejecutar el comando en el estado VendiendoItems)
28/04/2020 17:01:09|Conectando..
28/04/2020 17:01:09|IP: 127.0.0.1 - Puerto: 6500
28/04/2020 17:01:10|Conectado con éxito!!
28/04/2020 17:01:10|Error Imprimiendo Factura B --> Operación no válida para el estado fiscal actual (Imposible ejecutar el comando en el estado VendiendoItems)
28/04/2020 17:01:43|Conectando..
28/04/2020 17:01:43|IP: 127.0.0.1 - Puerto: 6500
28/04/2020 17:01:44|Conectado con éxito!!
28/04/2020 17:01:51|Comienza Facturacion B
28/04/2020 17:01:51|Error iniciando Factura B --> Operación no válida para el estado fiscal actual (Imposible ejecutar el comando en el estado VendiendoItems)
28/04/2020 17:01:52|Conectando..
28/04/2020 17:01:52|IP: 127.0.0.1 - Puerto: 6500
28/04/2020 17:01:52|Conectado con éxito!!
28/04/2020 17:01:53|Error Imprimiendo Factura B --> Operación no válida para el estado fiscal actual (Imposible ejecutar el comando en el estado VendiendoItems)
28/04/2020 17:02:26|Conectando..
28/04/2020 17:02:26|IP: 127.0.0.1 - Puerto: 6500
28/04/2020 17:02:26|Conectado con éxito!!
28/04/2020 17:02:33|Comienza Facturacion B
28/04/2020 17:02:33|Error iniciando Factura B --> Operación no válida para el estado fiscal actual (Imposible ejecutar el comando en el estado VendiendoItems)
28/04/2020 17:02:34|Conectando..
28/04/2020 17:02:34|IP: 127.0.0.1 - Puerto: 6500
28/04/2020 17:02:34|Conectado con éxito!!
28/04/2020 17:02:35|Error Imprimiendo Factura B --> Operación no válida para el estado fiscal actual (Imposible ejecutar el comando en el estado VendiendoItems)
28/04/2020 17:02:45|Comienza Facturacion B
28/04/2020 17:02:45|Error iniciando Factura B --> Operación no válida para el estado fiscal actual (Imposible ejecutar el comando en el estado VendiendoItems)
28/04/2020 17:02:46|Conectando..
28/04/2020 17:02:46|IP: 127.0.0.1 - Puerto: 6500
28/04/2020 17:02:46|Conectado con éxito!!
28/04/2020 17:02:47|Error Imprimiendo Factura B --> Operación no válida para el estado fiscal actual (Imposible ejecutar el comando en el estado VendiendoItems)
28/04/2020 17:02:56|Comienza Facturacion B
28/04/2020 17:02:56|Error iniciando Factura B --> Operación no válida para el estado fiscal actual (Imposible ejecutar el comando en el estado VendiendoItems)
28/04/2020 17:02:57|Conectando..
28/04/2020 17:02:57|IP: 127.0.0.1 - Puerto: 6500
28/04/2020 17:02:57|Conectado con éxito!!
28/04/2020 17:02:58|Error Imprimiendo Factura B --> Operación no válida para el estado fiscal actual (Imposible ejecutar el comando en el estado VendiendoItems)
28/04/2020 17:03:48|Conectando..
28/04/2020 17:03:48|IP: 127.0.0.1 - Puerto: 6500
28/04/2020 17:04:11|Conectando..
28/04/2020 17:04:11|IP: 127.0.0.1 - Puerto: 6500
28/04/2020 17:04:48|Conectando..
28/04/2020 17:04:48|IP: 127.0.0.1 - Puerto: 6500
28/04/2020 17:04:48|Conectado con éxito!!
28/04/2020 17:04:58|Comienza Facturacion B
28/04/2020 17:04:58|DatosCliente B
28/04/2020 17:05:01|AbrirComprobanteFiscal B
28/04/2020 17:05:01|Articulo --> saphirus sanitizante x250
28/04/2020 17:05:01|cantidadArt B --> 1
28/04/2020 17:05:01|PrecVear --> 160
28/04/2020 17:05:01|montoArt --> 132,231404958678
28/04/2020 17:05:01|ivaArt --> 21
28/04/2020 17:05:01|hasarOCX.ImprimirItem --> OK
28/04/2020 17:05:01|Cerrar Comprobante B:::
28/04/2020 17:05:04|Obtiene nrocomp
28/04/2020 17:05:05|nrocomp --> 36
28/04/2020 17:05:05|Nro. de Comprobante ::: TFB ::: 36
28/04/2020 17:06:50|Conectando..
28/04/2020 17:06:50|IP: 127.0.0.1 - Puerto: 6500
28/04/2020 17:06:51|Conectado con éxito!!
28/04/2020 17:07:16|Comienza Facturacion B
28/04/2020 17:07:17|DatosCliente B
28/04/2020 17:07:19|AbrirComprobanteFiscal B
28/04/2020 17:07:19|Articulo --> siempre libre adapt ultrafina c/alas
28/04/2020 17:07:19|cantidadArt B --> 1
28/04/2020 17:07:19|PrecVear --> 150
28/04/2020 17:07:19|montoArt --> 123,96694214876
28/04/2020 17:07:19|ivaArt --> 21
28/04/2020 17:07:19|hasarOCX.ImprimirItem --> OK
28/04/2020 17:07:19|Articulo --> estrella pañal xxgx34 uni
28/04/2020 17:07:19|cantidadArt B --> 2
28/04/2020 17:07:19|PrecVear --> 540
28/04/2020 17:07:19|montoArt --> 446,280991735537
28/04/2020 17:07:19|ivaArt --> 21
28/04/2020 17:07:20|hasarOCX.ImprimirItem --> OK
28/04/2020 17:07:20|Cerrar Comprobante B:::
28/04/2020 17:07:23|Obtiene nrocomp
28/04/2020 17:07:23|nrocomp --> 37
28/04/2020 17:07:23|Nro. de Comprobante ::: TFB ::: 37
28/04/2020 17:19:17|Comienza Facturacion B
28/04/2020 17:19:18|DatosCliente B
28/04/2020 17:19:20|AbrirComprobanteFiscal B
28/04/2020 17:19:20|Articulo --> secador de goma n 40
28/04/2020 17:19:20|cantidadArt B --> 1
28/04/2020 17:19:20|PrecVear --> 55
28/04/2020 17:19:20|montoArt --> 45,4545454545455
28/04/2020 17:19:20|ivaArt --> 21
28/04/2020 17:19:20|hasarOCX.ImprimirItem --> OK
28/04/2020 17:19:20|Articulo --> issue prof 5.1
28/04/2020 17:19:20|cantidadArt B --> 1
28/04/2020 17:19:20|PrecVear --> 180
28/04/2020 17:19:20|montoArt --> 148,760330578512
28/04/2020 17:19:20|ivaArt --> 21
28/04/2020 17:19:21|hasarOCX.ImprimirItem --> OK
28/04/2020 17:19:21|Articulo --> simply lady toall.alas pocketx8
28/04/2020 17:19:21|cantidadArt B --> 1
28/04/2020 17:19:21|PrecVear --> 40
28/04/2020 17:19:21|montoArt --> 33,0578512396694
28/04/2020 17:19:21|ivaArt --> 21
28/04/2020 17:19:21|hasarOCX.ImprimirItem --> OK
28/04/2020 17:19:21|Cerrar Comprobante B:::
28/04/2020 17:19:24|Obtiene nrocomp
28/04/2020 17:19:24|nrocomp --> 38
28/04/2020 17:19:24|Nro. de Comprobante ::: TFB ::: 38
28/04/2020 17:20:25|Conectando..
28/04/2020 17:20:25|IP: 127.0.0.1 - Puerto: 6500
28/04/2020 17:20:26|Conectado con éxito!!
28/04/2020 17:24:06|Conectando..
28/04/2020 17:24:06|IP: 127.0.0.1 - Puerto: 6500
28/04/2020 17:24:07|Conectado con éxito!!
28/04/2020 17:25:41|Conectando..
28/04/2020 17:25:41|IP: 127.0.0.1 - Puerto: 6500
28/04/2020 17:25:42|Conectado con éxito!!
28/04/2020 17:25:54|Comienza Facturacion B
28/04/2020 17:25:55|DatosCliente B
28/04/2020 17:25:57|AbrirComprobanteFiscal B
28/04/2020 17:25:57|Articulo --> pampers supersec gde 68
28/04/2020 17:25:57|cantidadArt B --> 1
28/04/2020 17:25:57|PrecVear --> 680
28/04/2020 17:25:57|montoArt --> 561,98347107438
28/04/2020 17:25:57|ivaArt --> 21
28/04/2020 17:25:57|hasarOCX.ImprimirItem --> OK
28/04/2020 17:25:57|Articulo --> pampers confortsec gde 44+6
28/04/2020 17:25:57|cantidadArt B --> 1
28/04/2020 17:25:57|PrecVear --> 730
28/04/2020 17:25:57|montoArt --> 603,305785123967
28/04/2020 17:25:57|ivaArt --> 21
28/04/2020 17:25:58|hasarOCX.ImprimirItem --> OK
28/04/2020 17:25:58|Cerrar Comprobante B:::
28/04/2020 17:26:01|Obtiene nrocomp
28/04/2020 17:26:01|nrocomp --> 39
28/04/2020 17:26:01|Nro. de Comprobante ::: TFB ::: 39
28/04/2020 17:37:02|Conectando..
28/04/2020 17:37:02|IP: 127.0.0.1 - Puerto: 6500
28/04/2020 17:37:02|Conectado con éxito!!
28/04/2020 17:37:44|Conectando..
28/04/2020 17:37:44|IP: 127.0.0.1 - Puerto: 6500
28/04/2020 17:37:45|Conectado con éxito!!
28/04/2020 17:46:53|Comienza Facturacion B
28/04/2020 17:46:53|DatosCliente B
28/04/2020 17:46:56|AbrirComprobanteFiscal B
28/04/2020 17:46:56|Articulo --> lysoform inod.adhesiv.citrica
28/04/2020 17:46:56|cantidadArt B --> 1
28/04/2020 17:46:56|PrecVear --> 79
28/04/2020 17:46:56|montoArt --> 65,2892561983471
28/04/2020 17:46:56|ivaArt --> 21
28/04/2020 17:46:56|hasarOCX.ImprimirItem --> OK
28/04/2020 17:46:56|Articulo --> saeta mmm 360 ml
28/04/2020 17:46:56|cantidadArt B --> 1
28/04/2020 17:46:56|PrecVear --> 98
28/04/2020 17:46:56|montoArt --> 80,9917355371901
28/04/2020 17:46:56|ivaArt --> 21
28/04/2020 17:46:56|hasarOCX.ImprimirItem --> OK
28/04/2020 17:46:56|Articulo --> ala plus cremx750 colageno-53257
28/04/2020 17:46:56|cantidadArt B --> 1
28/04/2020 17:46:56|PrecVear --> 59
28/04/2020 17:46:56|montoArt --> 48,7603305785124
28/04/2020 17:46:56|ivaArt --> 21
28/04/2020 17:46:57|hasarOCX.ImprimirItem --> OK
28/04/2020 17:46:57|Articulo --> ala maticx700 piel sensible dp
28/04/2020 17:46:57|cantidadArt B --> 1
28/04/2020 17:46:57|PrecVear --> 135
28/04/2020 17:46:57|montoArt --> 111,570247933884
28/04/2020 17:46:57|ivaArt --> 21
28/04/2020 17:46:57|hasarOCX.ImprimirItem --> OK
28/04/2020 17:46:57|Articulo --> adult care rop int mediana 8 x 6 50 a 85
28/04/2020 17:46:57|cantidadArt B --> 1
28/04/2020 17:46:57|PrecVear --> 470
28/04/2020 17:46:57|montoArt --> 388,429752066116
28/04/2020 17:46:57|ivaArt --> 21
28/04/2020 17:46:58|hasarOCX.ImprimirItem --> OK
28/04/2020 17:46:58|Articulo --> tresemme chx200 reg. tresplex rt
28/04/2020 17:46:58|cantidadArt B --> 1
28/04/2020 17:46:58|PrecVear --> 155
28/04/2020 17:46:58|montoArt --> 128,099173553719
28/04/2020 17:46:58|ivaArt --> 21
28/04/2020 17:46:58|hasarOCX.ImprimirItem --> OK
28/04/2020 17:46:58|Articulo --> tresemme acondx200 reg. tresplex
28/04/2020 17:46:58|cantidadArt B --> 1
28/04/2020 17:46:58|PrecVear --> 155
28/04/2020 17:46:58|montoArt --> 128,099173553719
28/04/2020 17:46:58|ivaArt --> 21
28/04/2020 17:46:58|hasarOCX.ImprimirItem --> OK
28/04/2020 17:46:58|Cerrar Comprobante B:::
28/04/2020 17:47:01|Obtiene nrocomp
28/04/2020 17:47:02|nrocomp --> 40
28/04/2020 17:47:02|Nro. de Comprobante ::: TFB ::: 40
28/04/2020 17:50:47|Conectando..
28/04/2020 17:50:47|IP: 127.0.0.1 - Puerto: 6500
28/04/2020 17:50:48|Conectado con éxito!!
28/04/2020 17:51:17|Conectando..
28/04/2020 17:51:17|IP: 127.0.0.1 - Puerto: 6500
28/04/2020 17:51:18|Conectado con éxito!!
28/04/2020 17:52:04|Comienza Facturacion B
28/04/2020 17:52:05|DatosCliente B
28/04/2020 17:52:07|AbrirComprobanteFiscal B
28/04/2020 17:52:07|Articulo --> varios
28/04/2020 17:52:07|cantidadArt B --> 1
28/04/2020 17:52:07|PrecVear --> 430
28/04/2020 17:52:07|montoArt --> 355,371900826446
28/04/2020 17:52:07|ivaArt --> 21
28/04/2020 17:52:07|hasarOCX.ImprimirItem --> OK
28/04/2020 17:52:07|Articulo --> el coloso suavizx900 dp clas.nvonvo
28/04/2020 17:52:07|cantidadArt B --> 1
28/04/2020 17:52:07|PrecVear --> 59
28/04/2020 17:52:07|montoArt --> 48,7603305785124
28/04/2020 17:52:07|ivaArt --> 21
28/04/2020 17:52:08|hasarOCX.ImprimirItem --> OK
28/04/2020 17:52:08|Articulo --> spa jabon liquido dp proteinas de leche
28/04/2020 17:52:08|cantidadArt B --> 1
28/04/2020 17:52:08|PrecVear --> 75
28/04/2020 17:52:08|montoArt --> 61,9834710743802
28/04/2020 17:52:08|ivaArt --> 21
28/04/2020 17:52:08|hasarOCX.ImprimirItem --> OK
28/04/2020 17:52:08|Articulo --> smell freshdesinfectante lavanda aero.
28/04/2020 17:52:08|cantidadArt B --> 1
28/04/2020 17:52:08|PrecVear --> 130
28/04/2020 17:52:08|montoArt --> 107,438016528926
28/04/2020 17:52:08|ivaArt --> 21
28/04/2020 17:52:08|hasarOCX.ImprimirItem --> OK
28/04/2020 17:52:08|Articulo --> el coloso jab.liqx3l d.pack ropa
28/04/2020 17:52:08|cantidadArt B --> 1
28/04/2020 17:52:08|PrecVear --> 250
28/04/2020 17:52:08|montoArt --> 206,611570247934
28/04/2020 17:52:08|ivaArt --> 21
28/04/2020 17:52:09|hasarOCX.ImprimirItem --> OK
28/04/2020 17:52:09|Cerrar Comprobante B:::
28/04/2020 17:52:12|Obtiene nrocomp
28/04/2020 17:52:12|nrocomp --> 41
28/04/2020 17:52:12|Nro. de Comprobante ::: TFB ::: 41
28/04/2020 17:58:18|*************COMIENZA Cierre  Z**********
28/04/2020 17:58:27|CIERRE Z
Cierre Z Nº =[9]
Fecha del Cierre        =[28/04/2020 0:00:00]
DF Emitidos             =[16]
DF Cancelados           =[1]
DF Total                =[1672200]
DF Total Gravado        =[1381983]
DF Total No Gravado     =[0]
DF Total Exento         =[0]
DF Total IVA            =[290217]
DF Total Otros Tributos =[0]
NC Emitidas             =[0]
NC Canceladas           =[0]
NC Total                =[0]
NC Total Gravado        =[0]
NC Total No Gravado     =[0]
NC Total Exento         =[0]
NC Total IVA            =[0]
NC Total Otros Tributos =[0]
DNFH Emitidos           =[0]
DNFH Total              =[0]

