10/06/2020 9:00:26|Conectando..
10/06/2020 9:00:26|IP: 127.0.0.1 - Puerto: 6500
10/06/2020 9:00:27|Conectado con éxito!!
10/06/2020 9:37:56|Comienza Facturacion B
10/06/2020 9:37:57|DatosCliente B
10/06/2020 9:38:00|AbrirComprobanteFiscal B
10/06/2020 9:38:00|Articulo --> saphirus sahumerios
10/06/2020 9:38:00|cantidadArt B --> 1
10/06/2020 9:38:00|PrecVear --> 95
10/06/2020 9:38:00|montoArt --> 78,5123966942149
10/06/2020 9:38:00|ivaArt --> 21
10/06/2020 9:38:01|hasarOCX.ImprimirItem --> OK
10/06/2020 9:38:01|Articulo --> ambar sahumerios
10/06/2020 9:38:01|cantidadArt B --> 1
10/06/2020 9:38:01|PrecVear --> 65
10/06/2020 9:38:01|montoArt --> 53,7190082644628
10/06/2020 9:38:01|ivaArt --> 21
10/06/2020 9:38:01|hasarOCX.ImprimirItem --> OK
10/06/2020 9:38:01|Articulo --> nosotras prot.diar.multiestilo x60
10/06/2020 9:38:01|cantidadArt B --> 1
10/06/2020 9:38:01|PrecVear --> 256
10/06/2020 9:38:01|montoArt --> 211,570247933884
10/06/2020 9:38:01|ivaArt --> 21
10/06/2020 9:38:01|hasarOCX.ImprimirItem --> OK
10/06/2020 9:38:01|Articulo --> varios
10/06/2020 9:38:01|cantidadArt B --> 1
10/06/2020 9:38:01|PrecVear --> 690
10/06/2020 9:38:01|montoArt --> 570,247933884297
10/06/2020 9:38:01|ivaArt --> 21
10/06/2020 9:38:02|hasarOCX.ImprimirItem --> OK
10/06/2020 9:38:02|Cerrar Comprobante B:::
10/06/2020 9:38:05|Obtiene nrocomp
10/06/2020 9:38:05|nrocomp --> 1092
10/06/2020 9:38:05|Nro. de Comprobante ::: TFB ::: 1092
10/06/2020 9:45:50|Conectando..
10/06/2020 9:45:50|IP: 127.0.0.1 - Puerto: 6500
10/06/2020 9:45:51|Conectado con éxito!!
10/06/2020 9:46:01|Comienza Facturacion B
10/06/2020 9:46:01|DatosCliente B
10/06/2020 9:46:03|AbrirComprobanteFiscal B
10/06/2020 9:46:03|Articulo --> vivere suavx900 dp clasic
10/06/2020 9:46:03|cantidadArt B --> 1
10/06/2020 9:46:03|PrecVear --> 98
10/06/2020 9:46:03|montoArt --> 80,9917355371901
10/06/2020 9:46:03|ivaArt --> 21
10/06/2020 9:46:04|hasarOCX.ImprimirItem --> OK
10/06/2020 9:46:04|Articulo --> partty jabon x 130 g
10/06/2020 9:46:04|cantidadArt B --> 1
10/06/2020 9:46:04|PrecVear --> 25
10/06/2020 9:46:04|montoArt --> 20,6611570247934
10/06/2020 9:46:04|ivaArt --> 21
10/06/2020 9:46:04|hasarOCX.ImprimirItem --> OK
10/06/2020 9:46:04|Articulo --> partty jabon x 130 g
10/06/2020 9:46:04|cantidadArt B --> 1
10/06/2020 9:46:04|PrecVear --> 25
10/06/2020 9:46:04|montoArt --> 20,6611570247934
10/06/2020 9:46:04|ivaArt --> 21
10/06/2020 9:46:04|hasarOCX.ImprimirItem --> OK
10/06/2020 9:46:04|Cerrar Comprobante B:::
10/06/2020 9:46:08|Obtiene nrocomp
10/06/2020 9:46:08|nrocomp --> 1093
10/06/2020 9:46:08|Nro. de Comprobante ::: TFB ::: 1093
10/06/2020 10:06:51|Comienza Facturacion B
10/06/2020 10:06:51|DatosCliente B
10/06/2020 10:06:53|AbrirComprobanteFiscal B
10/06/2020 10:06:53|Articulo --> always toalla noche seca x8u alas
10/06/2020 10:06:53|cantidadArt B --> 1
10/06/2020 10:06:53|PrecVear --> 160
10/06/2020 10:06:53|montoArt --> 132,231404958678
10/06/2020 10:06:53|ivaArt --> 21
10/06/2020 10:06:54|hasarOCX.ImprimirItem --> OK
10/06/2020 10:06:54|Articulo --> varios
10/06/2020 10:06:54|cantidadArt B --> 1
10/06/2020 10:06:54|PrecVear --> 650
10/06/2020 10:06:54|montoArt --> 537,190082644628
10/06/2020 10:06:54|ivaArt --> 21
10/06/2020 10:06:54|hasarOCX.ImprimirItem --> OK
10/06/2020 10:06:54|Articulo --> soft color tint.477 cafe
10/06/2020 10:06:54|cantidadArt B --> 1
10/06/2020 10:06:54|PrecVear --> 450
10/06/2020 10:06:54|montoArt --> 371,900826446281
10/06/2020 10:06:54|ivaArt --> 21
10/06/2020 10:06:54|hasarOCX.ImprimirItem --> OK
10/06/2020 10:06:54|Articulo --> mary bosques 60 segundos
10/06/2020 10:06:54|cantidadArt B --> 2
10/06/2020 10:06:54|PrecVear --> 59
10/06/2020 10:06:54|montoArt --> 48,7603305785124
10/06/2020 10:06:54|ivaArt --> 21
10/06/2020 10:06:55|hasarOCX.ImprimirItem --> OK
10/06/2020 10:06:55|Articulo --> match 3 cartucho x1 blister
10/06/2020 10:06:55|cantidadArt B --> 1
10/06/2020 10:06:55|PrecVear --> 165
10/06/2020 10:06:55|montoArt --> 136,363636363636
10/06/2020 10:06:55|ivaArt --> 21
10/06/2020 10:06:55|hasarOCX.ImprimirItem --> OK
10/06/2020 10:06:55|Cerrar Comprobante B:::
10/06/2020 10:06:58|Obtiene nrocomp
10/06/2020 10:06:58|nrocomp --> 1094
10/06/2020 10:06:58|Nro. de Comprobante ::: TFB ::: 1094
10/06/2020 10:08:36|Comienza Facturacion B
10/06/2020 10:08:37|DatosCliente B
10/06/2020 10:08:39|AbrirComprobanteFiscal B
10/06/2020 10:08:39|Articulo --> condor cepillo para zapatos
10/06/2020 10:08:39|cantidadArt B --> 1
10/06/2020 10:08:39|PrecVear --> 125
10/06/2020 10:08:39|montoArt --> 103,305785123967
10/06/2020 10:08:39|ivaArt --> 21
10/06/2020 10:08:39|hasarOCX.ImprimirItem --> OK
10/06/2020 10:08:39|Articulo --> varios
10/06/2020 10:08:39|cantidadArt B --> 1
10/06/2020 10:08:39|PrecVear --> 113
10/06/2020 10:08:39|montoArt --> 93,3884297520661
10/06/2020 10:08:39|ivaArt --> 21
10/06/2020 10:08:40|hasarOCX.ImprimirItem --> OK
10/06/2020 10:08:40|Articulo --> sedal acondx300 d.pack balance
10/06/2020 10:08:40|cantidadArt B --> 1
10/06/2020 10:08:40|PrecVear --> 110
10/06/2020 10:08:40|montoArt --> 90,9090909090909
10/06/2020 10:08:40|ivaArt --> 21
10/06/2020 10:08:40|hasarOCX.ImprimirItem --> OK
10/06/2020 10:08:40|Cerrar Comprobante B:::
10/06/2020 10:08:43|Obtiene nrocomp
10/06/2020 10:08:43|nrocomp --> 1095
10/06/2020 10:08:43|Nro. de Comprobante ::: TFB ::: 1095
10/06/2020 10:15:44|Conectando..
10/06/2020 10:15:44|IP: 127.0.0.1 - Puerto: 6500
10/06/2020 10:15:45|Conectado con éxito!!
10/06/2020 10:18:47|Conectando..
10/06/2020 10:18:47|IP: 127.0.0.1 - Puerto: 6500
10/06/2020 10:18:48|Conectado con éxito!!
10/06/2020 10:18:56|Comienza Facturacion B
10/06/2020 10:18:56|DatosCliente B
10/06/2020 10:18:58|AbrirComprobanteFiscal B
10/06/2020 10:18:58|Articulo --> pampers premium care xxg x60 mas gde
10/06/2020 10:18:58|cantidadArt B --> 1
10/06/2020 10:18:58|PrecVear --> 1150
10/06/2020 10:18:58|montoArt --> 950,413223140496
10/06/2020 10:18:58|ivaArt --> 21
10/06/2020 10:18:59|hasarOCX.ImprimirItem --> OK
10/06/2020 10:18:59|Cerrar Comprobante B:::
10/06/2020 10:19:02|Obtiene nrocomp
10/06/2020 10:19:02|nrocomp --> 1096
10/06/2020 10:19:02|Nro. de Comprobante ::: TFB ::: 1096
10/06/2020 10:48:58|Conectando..
10/06/2020 10:48:58|IP: 127.0.0.1 - Puerto: 6500
10/06/2020 10:48:59|Conectado con éxito!!
10/06/2020 10:50:15|Comienza Facturacion B
10/06/2020 10:50:15|DatosCliente B
10/06/2020 10:50:17|AbrirComprobanteFiscal B
10/06/2020 10:50:17|Articulo --> granbyx3l matic dp lav.tot
10/06/2020 10:50:17|cantidadArt B --> 1
10/06/2020 10:50:17|PrecVear --> 330
10/06/2020 10:50:17|montoArt --> 272,727272727273
10/06/2020 10:50:17|ivaArt --> 21
10/06/2020 10:50:18|hasarOCX.ImprimirItem --> OK
10/06/2020 10:50:18|Articulo --> querubin suavizante x3 l dp
10/06/2020 10:50:18|cantidadArt B --> 1
10/06/2020 10:50:18|PrecVear --> 299
10/06/2020 10:50:18|montoArt --> 247,107438016529
10/06/2020 10:50:18|ivaArt --> 21
10/06/2020 10:50:18|hasarOCX.ImprimirItem --> OK
10/06/2020 10:50:18|Articulo --> babysec ultrasec xxg x34 uni
10/06/2020 10:50:18|cantidadArt B --> 1
10/06/2020 10:50:18|PrecVear --> 470
10/06/2020 10:50:18|montoArt --> 388,429752066116
10/06/2020 10:50:18|ivaArt --> 21
10/06/2020 10:50:19|hasarOCX.ImprimirItem --> OK
10/06/2020 10:50:19|Articulo --> q soft toall. hum. aloe y vit. x50 u.
10/06/2020 10:50:19|cantidadArt B --> 1
10/06/2020 10:50:19|PrecVear --> 98
10/06/2020 10:50:19|montoArt --> 80,9917355371901
10/06/2020 10:50:19|ivaArt --> 21
10/06/2020 10:50:19|hasarOCX.ImprimirItem --> OK
10/06/2020 10:50:19|Articulo --> el coloso lavavaj.x750 glicerina
10/06/2020 10:50:19|cantidadArt B --> 1
10/06/2020 10:50:19|PrecVear --> 39
10/06/2020 10:50:19|montoArt --> 32,2314049586777
10/06/2020 10:50:19|ivaArt --> 21
10/06/2020 10:50:19|hasarOCX.ImprimirItem --> OK
10/06/2020 10:50:19|Cerrar Comprobante B:::
10/06/2020 10:50:22|Obtiene nrocomp
10/06/2020 10:50:23|nrocomp --> 1097
10/06/2020 10:50:23|Nro. de Comprobante ::: TFB ::: 1097
10/06/2020 10:51:33|Conectando..
10/06/2020 10:51:33|IP: 127.0.0.1 - Puerto: 6500
10/06/2020 10:51:33|Conectado con éxito!!
10/06/2020 10:54:36|Conectando..
10/06/2020 10:54:36|IP: 127.0.0.1 - Puerto: 6500
10/06/2020 10:54:37|Conectado con éxito!!
10/06/2020 11:06:39|Conectando..
10/06/2020 11:06:39|IP: 127.0.0.1 - Puerto: 6500
10/06/2020 11:06:40|Conectado con éxito!!
10/06/2020 11:14:05|Conectando..
10/06/2020 11:14:05|IP: 127.0.0.1 - Puerto: 6500
10/06/2020 11:14:05|Conectado con éxito!!
10/06/2020 11:35:48|Conectando..
10/06/2020 11:35:48|IP: 127.0.0.1 - Puerto: 6500
10/06/2020 11:35:49|Conectado con éxito!!
10/06/2020 11:42:50|Conectando..
10/06/2020 11:42:50|IP: 127.0.0.1 - Puerto: 6500
10/06/2020 11:42:51|Conectado con éxito!!
10/06/2020 11:45:03|Conectando..
10/06/2020 11:45:03|IP: 127.0.0.1 - Puerto: 6500
10/06/2020 11:45:04|Conectado con éxito!!
10/06/2020 11:49:09|Comienza Facturacion B
10/06/2020 11:49:09|DatosCliente B
10/06/2020 11:49:12|AbrirComprobanteFiscal B
10/06/2020 11:49:12|Articulo --> rexona aero apx90 sensitive-3218
10/06/2020 11:49:12|cantidadArt B --> 1
10/06/2020 11:49:12|PrecVear --> 135
10/06/2020 11:49:12|montoArt --> 111,570247933884
10/06/2020 11:49:12|ivaArt --> 21
10/06/2020 11:49:12|hasarOCX.ImprimirItem --> OK
10/06/2020 11:49:12|Articulo --> pampers supersec xg x32
10/06/2020 11:49:12|cantidadArt B --> 1
10/06/2020 11:49:12|PrecVear --> 410
10/06/2020 11:49:12|montoArt --> 338,842975206612
10/06/2020 11:49:12|ivaArt --> 21
10/06/2020 11:49:13|hasarOCX.ImprimirItem --> OK
10/06/2020 11:49:13|Articulo --> rexona jab glicerina neut.
10/06/2020 11:49:13|cantidadArt B --> 1
10/06/2020 11:49:13|PrecVear --> 59
10/06/2020 11:49:13|montoArt --> 48,7603305785124
10/06/2020 11:49:13|ivaArt --> 21
10/06/2020 11:49:13|hasarOCX.ImprimirItem --> OK
10/06/2020 11:49:13|Articulo --> rexona jabx125 bamboo fresh-5478
10/06/2020 11:49:13|cantidadArt B --> 1
10/06/2020 11:49:13|PrecVear --> 39
10/06/2020 11:49:13|montoArt --> 32,2314049586777
10/06/2020 11:49:13|ivaArt --> 21
10/06/2020 11:49:13|hasarOCX.ImprimirItem --> OK
10/06/2020 11:49:13|Articulo --> q soft toall. hum. clasicas x50u
10/06/2020 11:49:13|cantidadArt B --> 1
10/06/2020 11:49:13|PrecVear --> 98
10/06/2020 11:49:13|montoArt --> 80,9917355371901
10/06/2020 11:49:13|ivaArt --> 21
10/06/2020 11:49:14|hasarOCX.ImprimirItem --> OK
10/06/2020 11:49:14|Articulo --> ala ultrax500 glicerina-221113
10/06/2020 11:49:14|cantidadArt B --> 1
10/06/2020 11:49:14|PrecVear --> 95
10/06/2020 11:49:14|montoArt --> 78,5123966942149
10/06/2020 11:49:14|ivaArt --> 21
10/06/2020 11:49:14|hasarOCX.ImprimirItem --> OK
10/06/2020 11:49:14|Articulo --> coloso alcohol etílico x250ml
10/06/2020 11:49:14|cantidadArt B --> 1
10/06/2020 11:49:14|PrecVear --> 95
10/06/2020 11:49:14|montoArt --> 78,5123966942149
10/06/2020 11:49:14|ivaArt --> 21
10/06/2020 11:49:15|hasarOCX.ImprimirItem --> OK
10/06/2020 11:49:15|Cerrar Comprobante B:::
10/06/2020 11:49:18|Obtiene nrocomp
10/06/2020 11:49:18|nrocomp --> 1098
10/06/2020 11:49:18|Nro. de Comprobante ::: TFB ::: 1098
10/06/2020 11:52:46|Conectando..
10/06/2020 11:52:46|IP: 127.0.0.1 - Puerto: 6500
10/06/2020 11:52:46|Conectado con éxito!!
10/06/2020 11:53:58|Conectando..
10/06/2020 11:53:58|IP: 127.0.0.1 - Puerto: 6500
10/06/2020 11:53:59|Conectado con éxito!!
10/06/2020 11:59:02|Comienza Facturacion B
10/06/2020 11:59:03|DatosCliente B
10/06/2020 11:59:05|AbrirComprobanteFiscal B
10/06/2020 11:59:05|Articulo --> varios
10/06/2020 11:59:05|cantidadArt B --> 1
10/06/2020 11:59:05|PrecVear --> 1350
10/06/2020 11:59:05|montoArt --> 1115,70247933884
10/06/2020 11:59:05|ivaArt --> 21
10/06/2020 11:59:05|hasarOCX.ImprimirItem --> OK
10/06/2020 11:59:05|Cerrar Comprobante B:::
10/06/2020 11:59:08|Obtiene nrocomp
10/06/2020 11:59:09|nrocomp --> 1099
10/06/2020 11:59:09|Nro. de Comprobante ::: TFB ::: 1099
10/06/2020 12:04:08|Comienza Facturacion B
10/06/2020 12:04:08|DatosCliente B
10/06/2020 12:04:12|AbrirComprobanteFiscal B
10/06/2020 12:04:12|Articulo --> jyj jab barra violeta
10/06/2020 12:04:12|cantidadArt B --> 2
10/06/2020 12:04:12|PrecVear --> 79
10/06/2020 12:04:12|montoArt --> 65,2892561983471
10/06/2020 12:04:12|ivaArt --> 21
10/06/2020 12:04:12|hasarOCX.ImprimirItem --> OK
10/06/2020 12:04:12|Cerrar Comprobante B:::
10/06/2020 12:04:15|Obtiene nrocomp
10/06/2020 12:04:15|nrocomp --> 1100
10/06/2020 12:04:15|Nro. de Comprobante ::: TFB ::: 1100
10/06/2020 12:07:30|Conectando..
10/06/2020 12:07:30|IP: 127.0.0.1 - Puerto: 6500
10/06/2020 12:07:31|Conectado con éxito!!
10/06/2020 12:08:09|Conectando..
10/06/2020 12:08:09|IP: 127.0.0.1 - Puerto: 6500
10/06/2020 12:08:10|Conectado con éxito!!
10/06/2020 12:20:54|Conectando..
10/06/2020 12:20:54|IP: 127.0.0.1 - Puerto: 6500
10/06/2020 12:20:55|Conectado con éxito!!
10/06/2020 12:33:06|Conectando..
10/06/2020 12:33:06|IP: 127.0.0.1 - Puerto: 6500
10/06/2020 12:33:07|Conectado con éxito!!
10/06/2020 12:38:21|Conectando..
10/06/2020 12:38:21|IP: 127.0.0.1 - Puerto: 6500
10/06/2020 12:38:21|Conectado con éxito!!
10/06/2020 13:01:14|Comienza Facturacion B
10/06/2020 13:01:14|DatosCliente B
10/06/2020 13:01:16|AbrirComprobanteFiscal B
10/06/2020 13:01:16|Articulo --> oral b cr.dent.3d white x100gr
10/06/2020 13:01:16|cantidadArt B --> 1
10/06/2020 13:01:16|PrecVear --> 181
10/06/2020 13:01:16|montoArt --> 149,586776859504
10/06/2020 13:01:16|ivaArt --> 21
10/06/2020 13:01:17|hasarOCX.ImprimirItem --> OK
10/06/2020 13:01:17|Articulo --> ayudin desinf.aerox332 reg-1936
10/06/2020 13:01:17|cantidadArt B --> 1
10/06/2020 13:01:17|PrecVear --> 138
10/06/2020 13:01:17|montoArt --> 114,04958677686
10/06/2020 13:01:17|ivaArt --> 21
10/06/2020 13:01:17|hasarOCX.ImprimirItem --> OK
10/06/2020 13:01:17|Articulo --> ayudin lavandina en gelx700 ment416
10/06/2020 13:01:17|cantidadArt B --> 1
10/06/2020 13:01:17|PrecVear --> 115
10/06/2020 13:01:17|montoArt --> 95,0413223140496
10/06/2020 13:01:17|ivaArt --> 21
10/06/2020 13:01:18|hasarOCX.ImprimirItem --> OK
10/06/2020 13:01:18|Articulo --> cif act.gel x450 dp limon verde
10/06/2020 13:01:18|cantidadArt B --> 1
10/06/2020 13:01:18|PrecVear --> 85
10/06/2020 13:01:18|montoArt --> 70,2479338842975
10/06/2020 13:01:18|ivaArt --> 21
10/06/2020 13:01:18|hasarOCX.ImprimirItem --> OK
10/06/2020 13:01:18|Articulo --> el coloso hig.dob.hoja 12x4 20mts
10/06/2020 13:01:18|cantidadArt B --> 1
10/06/2020 13:01:18|PrecVear --> 80
10/06/2020 13:01:18|montoArt --> 66,1157024793389
10/06/2020 13:01:18|ivaArt --> 21
10/06/2020 13:01:18|hasarOCX.ImprimirItem --> OK
10/06/2020 13:01:18|Articulo --> algabo sanitizante 750 ml incoloro
10/06/2020 13:01:18|cantidadArt B --> 1
10/06/2020 13:01:18|PrecVear --> 390
10/06/2020 13:01:18|montoArt --> 322,314049586777
10/06/2020 13:01:18|ivaArt --> 21
10/06/2020 13:01:19|hasarOCX.ImprimirItem --> OK
10/06/2020 13:01:19|Articulo --> adult care rop int grande x8 80 a 115kg
10/06/2020 13:01:19|cantidadArt B --> 1
10/06/2020 13:01:19|PrecVear --> 471
10/06/2020 13:01:19|montoArt --> 389,256198347107
10/06/2020 13:01:19|ivaArt --> 21
10/06/2020 13:01:19|hasarOCX.ImprimirItem --> OK
10/06/2020 13:01:19|Articulo --> blem cerax1 l claro
10/06/2020 13:01:19|cantidadArt B --> 1
10/06/2020 13:01:19|PrecVear --> 364
10/06/2020 13:01:19|montoArt --> 300,826446280992
10/06/2020 13:01:19|ivaArt --> 21
10/06/2020 13:01:20|hasarOCX.ImprimirItem --> OK
10/06/2020 13:01:20|Cerrar Comprobante B:::
10/06/2020 13:01:23|Obtiene nrocomp
10/06/2020 13:01:23|nrocomp --> 1101
10/06/2020 13:01:23|Nro. de Comprobante ::: TFB ::: 1101
10/06/2020 13:02:09|Comienza Facturacion B
10/06/2020 13:02:09|DatosCliente B
10/06/2020 13:02:12|AbrirComprobanteFiscal B
10/06/2020 13:02:12|Articulo --> pampers premium care g x72
10/06/2020 13:02:12|cantidadArt B --> 1
10/06/2020 13:02:12|PrecVear --> 1150
10/06/2020 13:02:12|montoArt --> 950,413223140496
10/06/2020 13:02:12|ivaArt --> 21
10/06/2020 13:02:12|hasarOCX.ImprimirItem --> OK
10/06/2020 13:02:12|Articulo --> cortina de baño 1,80x1,80m goldar v
10/06/2020 13:02:12|cantidadArt B --> 1
10/06/2020 13:02:12|PrecVear --> 220
10/06/2020 13:02:12|montoArt --> 181,818181818182
10/06/2020 13:02:12|ivaArt --> 21
10/06/2020 13:02:13|hasarOCX.ImprimirItem --> OK
10/06/2020 13:02:13|Cerrar Comprobante B:::
10/06/2020 13:02:16|Obtiene nrocomp
10/06/2020 13:02:16|nrocomp --> 1102
10/06/2020 13:02:16|Nro. de Comprobante ::: TFB ::: 1102
10/06/2020 13:03:26|Comienza Facturacion B
10/06/2020 13:03:26|DatosCliente B
10/06/2020 13:03:29|AbrirComprobanteFiscal B
10/06/2020 13:03:29|Articulo --> la porteña nido de abeja trapo piso
10/06/2020 13:03:29|cantidadArt B --> 1
10/06/2020 13:03:29|PrecVear --> 95
10/06/2020 13:03:29|montoArt --> 78,5123966942149
10/06/2020 13:03:29|ivaArt --> 21
10/06/2020 13:03:29|hasarOCX.ImprimirItem --> OK
10/06/2020 13:03:29|Cerrar Comprobante B:::
10/06/2020 13:03:32|Obtiene nrocomp
10/06/2020 13:03:33|nrocomp --> 1103
10/06/2020 13:03:33|Nro. de Comprobante ::: TFB ::: 1103
10/06/2020 13:28:44|Conectando..
10/06/2020 13:28:44|IP: 127.0.0.1 - Puerto: 6500
10/06/2020 13:28:45|Conectado con éxito!!
10/06/2020 13:40:00|Conectando..
10/06/2020 13:40:00|IP: 127.0.0.1 - Puerto: 6500
10/06/2020 13:40:00|Conectado con éxito!!
10/06/2020 13:46:17|Conectando..
10/06/2020 13:46:17|IP: 127.0.0.1 - Puerto: 6500
10/06/2020 13:46:18|Conectado con éxito!!
10/06/2020 13:48:03|Comienza Facturacion B
10/06/2020 13:48:04|DatosCliente B
10/06/2020 13:48:06|AbrirComprobanteFiscal B
10/06/2020 13:48:06|Articulo --> teatrical cr.aclaradora x 100 grs 100
10/06/2020 13:48:06|cantidadArt B --> 1
10/06/2020 13:48:06|PrecVear --> 220
10/06/2020 13:48:06|montoArt --> 181,818181818182
10/06/2020 13:48:06|ivaArt --> 21
10/06/2020 13:48:07|hasarOCX.ImprimirItem --> OK
10/06/2020 13:48:07|Articulo --> el coloso guantes plus gde
10/06/2020 13:48:07|cantidadArt B --> 1
10/06/2020 13:48:07|PrecVear --> 120
10/06/2020 13:48:07|montoArt --> 99,1735537190083
10/06/2020 13:48:07|ivaArt --> 21
10/06/2020 13:48:07|hasarOCX.ImprimirItem --> OK
10/06/2020 13:48:07|Articulo --> dove jabon x90 blanco
10/06/2020 13:48:07|cantidadArt B --> 1
10/06/2020 13:48:07|PrecVear --> 64
10/06/2020 13:48:07|montoArt --> 52,8925619834711
10/06/2020 13:48:07|ivaArt --> 21
10/06/2020 13:48:07|hasarOCX.ImprimirItem --> OK
10/06/2020 13:48:07|Articulo --> elvive acondx200 color vive
10/06/2020 13:48:07|cantidadArt B --> 1
10/06/2020 13:48:07|PrecVear --> 185
10/06/2020 13:48:07|montoArt --> 152,892561983471
10/06/2020 13:48:07|ivaArt --> 21
10/06/2020 13:48:08|hasarOCX.ImprimirItem --> OK
10/06/2020 13:48:08|Articulo --> simply lady prot.diarx20 pocket sin perfume
10/06/2020 13:48:08|cantidadArt B --> 1
10/06/2020 13:48:08|PrecVear --> 45
10/06/2020 13:48:08|montoArt --> 37,1900826446281
10/06/2020 13:48:08|ivaArt --> 21
10/06/2020 13:48:08|hasarOCX.ImprimirItem --> OK
10/06/2020 13:48:08|Articulo --> nutrisse m.kit 50 cast.claro
10/06/2020 13:48:08|cantidadArt B --> 1
10/06/2020 13:48:08|PrecVear --> 240
10/06/2020 13:48:08|montoArt --> 198,347107438017
10/06/2020 13:48:08|ivaArt --> 21
10/06/2020 13:48:08|hasarOCX.ImprimirItem --> OK
10/06/2020 13:48:08|Cerrar Comprobante B:::
10/06/2020 13:48:11|Obtiene nrocomp
10/06/2020 13:48:12|nrocomp --> 1104
10/06/2020 13:48:12|Nro. de Comprobante ::: TFB ::: 1104
10/06/2020 14:13:24|Conectando..
10/06/2020 14:13:24|IP: 127.0.0.1 - Puerto: 6500
10/06/2020 14:13:25|Conectado con éxito!!
10/06/2020 14:16:21|Comienza Facturacion B
10/06/2020 14:16:21|DatosCliente B
10/06/2020 14:16:24|AbrirComprobanteFiscal B
10/06/2020 14:16:24|Articulo --> duplex aero lavanda
10/06/2020 14:16:24|cantidadArt B --> 1
10/06/2020 14:16:24|PrecVear --> 120
10/06/2020 14:16:24|montoArt --> 99,1735537190083
10/06/2020 14:16:24|ivaArt --> 21
10/06/2020 14:16:24|hasarOCX.ImprimirItem --> OK
10/06/2020 14:16:24|Articulo --> ala camellito d.pack x120ml
10/06/2020 14:16:24|cantidadArt B --> 1
10/06/2020 14:16:24|PrecVear --> 39
10/06/2020 14:16:24|montoArt --> 32,2314049586777
10/06/2020 14:16:24|ivaArt --> 21
10/06/2020 14:16:25|hasarOCX.ImprimirItem --> OK
10/06/2020 14:16:25|Articulo --> saeta mmm 360 ml
10/06/2020 14:16:25|cantidadArt B --> 2
10/06/2020 14:16:25|PrecVear --> 99
10/06/2020 14:16:25|montoArt --> 81,8181818181818
10/06/2020 14:16:25|ivaArt --> 21
10/06/2020 14:16:25|hasarOCX.ImprimirItem --> OK
10/06/2020 14:16:25|Cerrar Comprobante B:::
10/06/2020 14:16:28|Obtiene nrocomp
10/06/2020 14:16:28|nrocomp --> 1105
10/06/2020 14:16:28|Nro. de Comprobante ::: TFB ::: 1105
10/06/2020 14:42:28|Conectando..
10/06/2020 14:42:28|IP: 127.0.0.1 - Puerto: 6500
10/06/2020 14:42:29|Conectado con éxito!!
10/06/2020 14:45:21|Conectando..
10/06/2020 14:45:21|IP: 127.0.0.1 - Puerto: 6500
10/06/2020 14:45:22|Conectado con éxito!!
10/06/2020 14:56:11|Conectando..
10/06/2020 14:56:11|IP: 127.0.0.1 - Puerto: 6500
10/06/2020 14:56:12|Conectado con éxito!!
10/06/2020 15:02:05|Comienza Facturacion B
10/06/2020 15:02:05|DatosCliente B
10/06/2020 15:02:08|AbrirComprobanteFiscal B
10/06/2020 15:02:08|Articulo --> dove aero apx89 original -6170
10/06/2020 15:02:08|cantidadArt B --> 1
10/06/2020 15:02:08|PrecVear --> 150
10/06/2020 15:02:08|montoArt --> 123,96694214876
10/06/2020 15:02:08|ivaArt --> 21
10/06/2020 15:02:08|hasarOCX.ImprimirItem --> OK
10/06/2020 15:02:08|Articulo --> rexona aero apx67 clin.clean-3278
10/06/2020 15:02:08|cantidadArt B --> 1
10/06/2020 15:02:08|PrecVear --> 215
10/06/2020 15:02:08|montoArt --> 177,685950413223
10/06/2020 15:02:08|ivaArt --> 21
10/06/2020 15:02:09|hasarOCX.ImprimirItem --> OK
10/06/2020 15:02:09|Articulo --> tresemme acondx400 hidratación prof.
10/06/2020 15:02:09|cantidadArt B --> 1
10/06/2020 15:02:09|PrecVear --> 260
10/06/2020 15:02:09|montoArt --> 214,876033057851
10/06/2020 15:02:09|ivaArt --> 21
10/06/2020 15:02:09|hasarOCX.ImprimirItem --> OK
10/06/2020 15:02:09|Articulo --> tresemme chx400ml hidr. profunda
10/06/2020 15:02:09|cantidadArt B --> 1
10/06/2020 15:02:09|PrecVear --> 260
10/06/2020 15:02:09|montoArt --> 214,876033057851
10/06/2020 15:02:09|ivaArt --> 21
10/06/2020 15:02:10|hasarOCX.ImprimirItem --> OK
10/06/2020 15:02:10|Cerrar Comprobante B:::
10/06/2020 15:02:13|Obtiene nrocomp
10/06/2020 15:02:13|nrocomp --> 1106
10/06/2020 15:02:13|Nro. de Comprobante ::: TFB ::: 1106
10/06/2020 15:07:23|Comienza Facturacion B
10/06/2020 15:07:23|DatosCliente B
10/06/2020 15:07:25|AbrirComprobanteFiscal B
10/06/2020 15:07:25|Articulo --> always toalla noche suave x8 alas
10/06/2020 15:07:25|cantidadArt B --> 2
10/06/2020 15:07:25|PrecVear --> 120
10/06/2020 15:07:25|montoArt --> 99,1735537190083
10/06/2020 15:07:25|ivaArt --> 21
10/06/2020 15:07:26|hasarOCX.ImprimirItem --> OK
10/06/2020 15:07:26|Articulo --> algabo jab liq antib 500 ml coco y lavanda
10/06/2020 15:07:26|cantidadArt B --> 1
10/06/2020 15:07:26|PrecVear --> 195
10/06/2020 15:07:26|montoArt --> 161,157024793388
10/06/2020 15:07:26|ivaArt --> 21
10/06/2020 15:07:26|hasarOCX.ImprimirItem --> OK
10/06/2020 15:07:26|Articulo --> ayudin desinf.aerox332 reg-1936
10/06/2020 15:07:26|cantidadArt B --> 1
10/06/2020 15:07:26|PrecVear --> 138
10/06/2020 15:07:26|montoArt --> 114,04958677686
10/06/2020 15:07:26|ivaArt --> 21
10/06/2020 15:07:27|hasarOCX.ImprimirItem --> OK
10/06/2020 15:07:27|Articulo --> rexona efficientx200 talco original
10/06/2020 15:07:27|cantidadArt B --> 1
10/06/2020 15:07:27|PrecVear --> 175
10/06/2020 15:07:27|montoArt --> 144,628099173554
10/06/2020 15:07:27|ivaArt --> 21
10/06/2020 15:07:27|hasarOCX.ImprimirItem --> OK
10/06/2020 15:07:27|Articulo --> algabo jabon liquido 300 ml cream doy pack
10/06/2020 15:07:27|cantidadArt B --> 1
10/06/2020 15:07:27|PrecVear --> 79
10/06/2020 15:07:27|montoArt --> 65,2892561983471
10/06/2020 15:07:27|ivaArt --> 21
10/06/2020 15:07:27|hasarOCX.ImprimirItem --> OK
10/06/2020 15:07:27|Articulo --> ambar aromatizante bamboo
10/06/2020 15:07:27|cantidadArt B --> 1
10/06/2020 15:07:27|PrecVear --> 130
10/06/2020 15:07:27|montoArt --> 107,438016528926
10/06/2020 15:07:27|ivaArt --> 21
10/06/2020 15:07:28|hasarOCX.ImprimirItem --> OK
10/06/2020 15:07:28|Cerrar Comprobante B:::
10/06/2020 15:07:31|Obtiene nrocomp
10/06/2020 15:07:31|nrocomp --> 1107
10/06/2020 15:07:31|Nro. de Comprobante ::: TFB ::: 1107
10/06/2020 15:24:07|Comienza Facturacion B
10/06/2020 15:24:07|DatosCliente B
10/06/2020 15:24:10|AbrirComprobanteFiscal B
10/06/2020 15:24:10|Articulo --> algabo jabon liquido 300 ml cream doy pack
10/06/2020 15:24:10|cantidadArt B --> 1
10/06/2020 15:24:10|PrecVear --> 79
10/06/2020 15:24:10|montoArt --> 65,2892561983471
10/06/2020 15:24:10|ivaArt --> 21
10/06/2020 15:24:10|hasarOCX.ImprimirItem --> OK
10/06/2020 15:24:10|Articulo --> mary bosques  botox
10/06/2020 15:24:10|cantidadArt B --> 2
10/06/2020 15:24:10|PrecVear --> 50
10/06/2020 15:24:10|montoArt --> 41,3223140495868
10/06/2020 15:24:10|ivaArt --> 21
10/06/2020 15:24:11|hasarOCX.ImprimirItem --> OK
10/06/2020 15:24:11|Articulo --> koleston sing 81 rub.cenizo cl
10/06/2020 15:24:11|cantidadArt B --> 1
10/06/2020 15:24:11|PrecVear --> 230
10/06/2020 15:24:11|montoArt --> 190,082644628099
10/06/2020 15:24:11|ivaArt --> 21
10/06/2020 15:24:11|hasarOCX.ImprimirItem --> OK
10/06/2020 15:24:11|Articulo --> doree agua oxigenada x100 ml30 vol
10/06/2020 15:24:11|cantidadArt B --> 1
10/06/2020 15:24:11|PrecVear --> 42
10/06/2020 15:24:11|montoArt --> 34,7107438016529
10/06/2020 15:24:11|ivaArt --> 21
10/06/2020 15:24:11|hasarOCX.ImprimirItem --> OK
10/06/2020 15:24:11|Cerrar Comprobante B:::
10/06/2020 15:24:14|Obtiene nrocomp
10/06/2020 15:24:15|nrocomp --> 1108
10/06/2020 15:24:15|Nro. de Comprobante ::: TFB ::: 1108
10/06/2020 15:35:17|Conectando..
10/06/2020 15:35:17|IP: 127.0.0.1 - Puerto: 6500
10/06/2020 15:35:18|Conectado con éxito!!
10/06/2020 15:51:39|Conectando..
10/06/2020 15:51:39|IP: 127.0.0.1 - Puerto: 6500
10/06/2020 15:51:40|Conectado con éxito!!
10/06/2020 15:57:01|Conectando..
10/06/2020 15:57:01|IP: 127.0.0.1 - Puerto: 6500
10/06/2020 15:57:01|Conectado con éxito!!
10/06/2020 15:58:10|Conectando..
10/06/2020 15:58:10|IP: 127.0.0.1 - Puerto: 6500
10/06/2020 15:58:11|Conectado con éxito!!
10/06/2020 15:59:31|Conectando..
10/06/2020 15:59:31|IP: 127.0.0.1 - Puerto: 6500
10/06/2020 15:59:32|Conectado con éxito!!
10/06/2020 16:05:09|Conectando..
10/06/2020 16:05:09|IP: 127.0.0.1 - Puerto: 6500
10/06/2020 16:05:10|Conectado con éxito!!
10/06/2020 16:05:24|Comienza Facturacion B
10/06/2020 16:05:24|DatosCliente B
10/06/2020 16:05:27|AbrirComprobanteFiscal B
10/06/2020 16:05:27|Articulo --> pampers toa. hum. recién nacido x48
10/06/2020 16:05:27|cantidadArt B --> 1
10/06/2020 16:05:27|PrecVear --> 210
10/06/2020 16:05:27|montoArt --> 173,553719008264
10/06/2020 16:05:27|ivaArt --> 21
10/06/2020 16:05:27|hasarOCX.ImprimirItem --> OK
10/06/2020 16:05:27|Articulo --> huggies natural care p x50
10/06/2020 16:05:27|cantidadArt B --> 1
10/06/2020 16:05:27|PrecVear --> 740
10/06/2020 16:05:27|montoArt --> 611,570247933884
10/06/2020 16:05:27|ivaArt --> 21
10/06/2020 16:05:28|hasarOCX.ImprimirItem --> OK
10/06/2020 16:05:28|Articulo --> pampers recien nacido nb x36
10/06/2020 16:05:28|cantidadArt B --> 1
10/06/2020 16:05:28|PrecVear --> 644
10/06/2020 16:05:28|montoArt --> 532,231404958678
10/06/2020 16:05:28|ivaArt --> 21
10/06/2020 16:05:28|hasarOCX.ImprimirItem --> OK
10/06/2020 16:05:28|Cerrar Comprobante B:::
10/06/2020 16:05:31|Obtiene nrocomp
10/06/2020 16:05:31|nrocomp --> 1109
10/06/2020 16:05:31|Nro. de Comprobante ::: TFB ::: 1109
10/06/2020 16:09:57|Conectando..
10/06/2020 16:09:57|IP: 127.0.0.1 - Puerto: 6500
10/06/2020 16:09:57|Conectado con éxito!!
10/06/2020 16:13:35|Comienza Facturacion B
10/06/2020 16:13:35|DatosCliente B
10/06/2020 16:13:38|AbrirComprobanteFiscal B
10/06/2020 16:13:38|Articulo --> fiorentina pala de pie
10/06/2020 16:13:38|cantidadArt B --> 1
10/06/2020 16:13:38|PrecVear --> 310
10/06/2020 16:13:38|montoArt --> 256,198347107438
10/06/2020 16:13:38|ivaArt --> 21
10/06/2020 16:13:38|hasarOCX.ImprimirItem --> OK
10/06/2020 16:13:38|Articulo --> ayudin lav.x1lts tot.max.pureza
10/06/2020 16:13:38|cantidadArt B --> 1
10/06/2020 16:13:38|PrecVear --> 53
10/06/2020 16:13:38|montoArt --> 43,801652892562
10/06/2020 16:13:38|ivaArt --> 21
10/06/2020 16:13:38|hasarOCX.ImprimirItem --> OK
10/06/2020 16:13:38|Articulo --> ayudin desinf.aerox332 bebe-21938
10/06/2020 16:13:38|cantidadArt B --> 1
10/06/2020 16:13:38|PrecVear --> 138
10/06/2020 16:13:38|montoArt --> 114,04958677686
10/06/2020 16:13:38|ivaArt --> 21
10/06/2020 16:13:39|hasarOCX.ImprimirItem --> OK
10/06/2020 16:13:39|Cerrar Comprobante B:::
10/06/2020 16:13:42|Obtiene nrocomp
10/06/2020 16:13:42|nrocomp --> 1110
10/06/2020 16:13:42|Nro. de Comprobante ::: TFB ::: 1110
10/06/2020 16:18:40|Conectando..
10/06/2020 16:18:40|IP: 127.0.0.1 - Puerto: 6500
10/06/2020 16:18:41|Conectado con éxito!!
10/06/2020 16:30:01|Comienza Facturacion B
10/06/2020 16:30:01|DatosCliente B
10/06/2020 16:30:03|AbrirComprobanteFiscal B
10/06/2020 16:30:03|Articulo --> protector baño vinilico
10/06/2020 16:30:03|cantidadArt B --> 1
10/06/2020 16:30:03|PrecVear --> 110
10/06/2020 16:30:03|montoArt --> 90,9090909090909
10/06/2020 16:30:03|ivaArt --> 21
10/06/2020 16:30:04|hasarOCX.ImprimirItem --> OK
10/06/2020 16:30:04|Articulo --> soft color tint.50 cast claro
10/06/2020 16:30:04|cantidadArt B --> 1
10/06/2020 16:30:04|PrecVear --> 450
10/06/2020 16:30:04|montoArt --> 371,900826446281
10/06/2020 16:30:04|ivaArt --> 21
10/06/2020 16:30:04|hasarOCX.ImprimirItem --> OK
10/06/2020 16:30:04|Articulo --> procenex limpx900 original -8375
10/06/2020 16:30:04|cantidadArt B --> 1
10/06/2020 16:30:04|PrecVear --> 100
10/06/2020 16:30:04|montoArt --> 82,6446280991736
10/06/2020 16:30:04|ivaArt --> 21
10/06/2020 16:30:05|hasarOCX.ImprimirItem --> OK
10/06/2020 16:30:05|Articulo --> elvive sh x200 dream long liss
10/06/2020 16:30:05|cantidadArt B --> 1
10/06/2020 16:30:05|PrecVear --> 185
10/06/2020 16:30:05|montoArt --> 152,892561983471
10/06/2020 16:30:05|ivaArt --> 21
10/06/2020 16:30:05|hasarOCX.ImprimirItem --> OK
10/06/2020 16:30:05|Articulo --> elvive chx200 citrus reno#
10/06/2020 16:30:05|cantidadArt B --> 1
10/06/2020 16:30:05|PrecVear --> 185
10/06/2020 16:30:05|montoArt --> 152,892561983471
10/06/2020 16:30:05|ivaArt --> 21
10/06/2020 16:30:05|hasarOCX.ImprimirItem --> OK
10/06/2020 16:30:05|Cerrar Comprobante B:::
10/06/2020 16:30:08|Obtiene nrocomp
10/06/2020 16:30:09|nrocomp --> 1111
10/06/2020 16:30:09|Nro. de Comprobante ::: TFB ::: 1111
10/06/2020 16:38:12|Comienza Facturacion B
10/06/2020 16:38:13|DatosCliente B
10/06/2020 16:38:15|AbrirComprobanteFiscal B
10/06/2020 16:38:15|Articulo --> mortimer doble cara
10/06/2020 16:38:15|cantidadArt B --> 1
10/06/2020 16:38:15|PrecVear --> 63
10/06/2020 16:38:15|montoArt --> 52,0661157024793
10/06/2020 16:38:15|ivaArt --> 21
10/06/2020 16:38:16|hasarOCX.ImprimirItem --> OK
10/06/2020 16:38:16|Articulo --> bolsas residuos 50*70
10/06/2020 16:38:16|cantidadArt B --> 1
10/06/2020 16:38:16|PrecVear --> 40
10/06/2020 16:38:16|montoArt --> 33,0578512396694
10/06/2020 16:38:16|ivaArt --> 21
10/06/2020 16:38:16|hasarOCX.ImprimirItem --> OK
10/06/2020 16:38:16|Articulo --> poett aero mult.ambx360 primavera
10/06/2020 16:38:16|cantidadArt B --> 1
10/06/2020 16:38:16|PrecVear --> 78
10/06/2020 16:38:16|montoArt --> 64,4628099173554
10/06/2020 16:38:16|ivaArt --> 21
10/06/2020 16:38:16|hasarOCX.ImprimirItem --> OK
10/06/2020 16:38:16|Articulo --> elvive acondx200 color vive
10/06/2020 16:38:16|cantidadArt B --> 2
10/06/2020 16:38:16|PrecVear --> 185
10/06/2020 16:38:16|montoArt --> 152,892561983471
10/06/2020 16:38:16|ivaArt --> 21
10/06/2020 16:38:17|hasarOCX.ImprimirItem --> OK
10/06/2020 16:38:17|Articulo --> plusbelle jabx125 night teraphy
10/06/2020 16:38:17|cantidadArt B --> 1
10/06/2020 16:38:17|PrecVear --> 42
10/06/2020 16:38:17|montoArt --> 34,7107438016529
10/06/2020 16:38:17|ivaArt --> 21
10/06/2020 16:38:17|hasarOCX.ImprimirItem --> OK
10/06/2020 16:38:17|Cerrar Comprobante B:::
10/06/2020 16:38:20|Obtiene nrocomp
10/06/2020 16:38:20|nrocomp --> 1112
10/06/2020 16:38:20|Nro. de Comprobante ::: TFB ::: 1112
10/06/2020 16:41:27|Comienza Facturacion B
10/06/2020 16:41:27|DatosCliente B
10/06/2020 16:41:31|AbrirComprobanteFiscal B
10/06/2020 16:41:31|Articulo --> plusbelle chx1l nutricion
10/06/2020 16:41:31|cantidadArt B --> 2
10/06/2020 16:41:31|PrecVear --> 130
10/06/2020 16:41:31|montoArt --> 107,438016528926
10/06/2020 16:41:31|ivaArt --> 21
10/06/2020 16:41:31|hasarOCX.ImprimirItem --> OK
10/06/2020 16:41:31|Articulo --> bolsas de residuos 45*60
10/06/2020 16:41:31|cantidadArt B --> 2
10/06/2020 16:41:31|PrecVear --> 30
10/06/2020 16:41:31|montoArt --> 24,7933884297521
10/06/2020 16:41:31|ivaArt --> 21
10/06/2020 16:41:31|hasarOCX.ImprimirItem --> OK
10/06/2020 16:41:31|Articulo --> varios
10/06/2020 16:41:31|cantidadArt B --> 2
10/06/2020 16:41:31|PrecVear --> 50
10/06/2020 16:41:31|montoArt --> 41,3223140495868
10/06/2020 16:41:31|ivaArt --> 21
10/06/2020 16:41:32|hasarOCX.ImprimirItem --> OK
10/06/2020 16:41:32|Articulo --> simply hisoposx100 ranur.est.plast
10/06/2020 16:41:32|cantidadArt B --> 1
10/06/2020 16:41:32|PrecVear --> 99
10/06/2020 16:41:32|montoArt --> 81,8181818181818
10/06/2020 16:41:32|ivaArt --> 21
10/06/2020 16:41:32|hasarOCX.ImprimirItem --> OK
10/06/2020 16:41:32|Articulo --> cif act.gelx300 citrica-35950
10/06/2020 16:41:32|cantidadArt B --> 1
10/06/2020 16:41:32|PrecVear --> 65
10/06/2020 16:41:32|montoArt --> 53,7190082644628
10/06/2020 16:41:32|ivaArt --> 21
10/06/2020 16:41:32|hasarOCX.ImprimirItem --> OK
10/06/2020 16:41:32|Articulo --> vertiente crema corporal green tea mandarin
10/06/2020 16:41:32|cantidadArt B --> 1
10/06/2020 16:41:32|PrecVear --> 375
10/06/2020 16:41:32|montoArt --> 309,917355371901
10/06/2020 16:41:32|ivaArt --> 21
10/06/2020 16:41:33|hasarOCX.ImprimirItem --> OK
10/06/2020 16:41:33|Articulo --> depimiel crema depilatoria facial x40g
10/06/2020 16:41:33|cantidadArt B --> 1
10/06/2020 16:41:33|PrecVear --> 130
10/06/2020 16:41:33|montoArt --> 107,438016528926
10/06/2020 16:41:33|ivaArt --> 21
10/06/2020 16:41:33|hasarOCX.ImprimirItem --> OK
10/06/2020 16:41:33|Cerrar Comprobante B:::
10/06/2020 16:41:36|Obtiene nrocomp
10/06/2020 16:41:36|nrocomp --> 1113
10/06/2020 16:41:36|Nro. de Comprobante ::: TFB ::: 1113
10/06/2020 16:46:12|Conectando..
10/06/2020 16:46:12|IP: 127.0.0.1 - Puerto: 6500
10/06/2020 16:46:13|Conectado con éxito!!
10/06/2020 16:53:24|Conectando..
10/06/2020 16:53:24|IP: 127.0.0.1 - Puerto: 6500
10/06/2020 16:53:25|Conectado con éxito!!
10/06/2020 16:53:49|Comienza Facturacion B
10/06/2020 16:53:49|DatosCliente B
10/06/2020 16:53:52|AbrirComprobanteFiscal B
10/06/2020 16:53:52|Articulo --> pampers premium care g x72
10/06/2020 16:53:52|cantidadArt B --> 1
10/06/2020 16:53:52|PrecVear --> 1150
10/06/2020 16:53:52|montoArt --> 950,413223140496
10/06/2020 16:53:52|ivaArt --> 21
10/06/2020 16:53:52|hasarOCX.ImprimirItem --> OK
10/06/2020 16:53:52|Articulo --> estrella algodon super x400
10/06/2020 16:53:52|cantidadArt B --> 1
10/06/2020 16:53:52|PrecVear --> 298
10/06/2020 16:53:52|montoArt --> 246,280991735537
10/06/2020 16:53:52|ivaArt --> 21
10/06/2020 16:53:53|hasarOCX.ImprimirItem --> OK
10/06/2020 16:53:53|Articulo --> saphirus aromatizantee textil polo
10/06/2020 16:53:53|cantidadArt B --> 1
10/06/2020 16:53:53|PrecVear --> 140
10/06/2020 16:53:53|montoArt --> 115,702479338843
10/06/2020 16:53:53|ivaArt --> 21
10/06/2020 16:53:53|hasarOCX.ImprimirItem --> OK
10/06/2020 16:53:53|Articulo --> saphirus aromatizantee textil 1 million
10/06/2020 16:53:53|cantidadArt B --> 1
10/06/2020 16:53:53|PrecVear --> 140
10/06/2020 16:53:53|montoArt --> 115,702479338843
10/06/2020 16:53:53|ivaArt --> 21
10/06/2020 16:53:53|hasarOCX.ImprimirItem --> OK
10/06/2020 16:53:53|Cerrar Comprobante B:::
10/06/2020 16:53:56|Obtiene nrocomp
10/06/2020 16:53:57|nrocomp --> 1114
10/06/2020 16:53:57|Nro. de Comprobante ::: TFB ::: 1114
10/06/2020 16:55:52|Conectando..
10/06/2020 16:55:52|IP: 127.0.0.1 - Puerto: 6500
10/06/2020 16:55:53|Conectado con éxito!!
10/06/2020 16:58:40|Comienza Facturacion B
10/06/2020 16:58:41|DatosCliente B
10/06/2020 16:58:43|AbrirComprobanteFiscal B
10/06/2020 16:58:43|Articulo --> el coloso hig.econ.bco.12x4 30mts
10/06/2020 16:58:43|cantidadArt B --> 4
10/06/2020 16:58:43|PrecVear --> 60
10/06/2020 16:58:43|montoArt --> 49,5867768595041
10/06/2020 16:58:43|ivaArt --> 21
10/06/2020 16:58:43|hasarOCX.ImprimirItem --> OK
10/06/2020 16:58:43|Articulo --> el coloso rollo cocx3 x 40paños
10/06/2020 16:58:43|cantidadArt B --> 4
10/06/2020 16:58:43|PrecVear --> 46
10/06/2020 16:58:43|montoArt --> 38,0165289256198
10/06/2020 16:58:43|ivaArt --> 21
10/06/2020 16:58:44|hasarOCX.ImprimirItem --> OK
10/06/2020 16:58:44|Articulo --> rejilla dobel energica
10/06/2020 16:58:44|cantidadArt B --> 1
10/06/2020 16:58:44|PrecVear --> 40
10/06/2020 16:58:44|montoArt --> 33,0578512396694
10/06/2020 16:58:44|ivaArt --> 21
10/06/2020 16:58:44|hasarOCX.ImprimirItem --> OK
10/06/2020 16:58:44|Articulo --> plusbelle jabx125 night teraphy
10/06/2020 16:58:44|cantidadArt B --> 3
10/06/2020 16:58:44|PrecVear --> 42
10/06/2020 16:58:44|montoArt --> 34,7107438016529
10/06/2020 16:58:44|ivaArt --> 21
10/06/2020 16:58:45|hasarOCX.ImprimirItem --> OK
10/06/2020 16:58:45|Articulo --> plusbelle jabon tocador x125 detox
10/06/2020 16:58:45|cantidadArt B --> 3
10/06/2020 16:58:45|PrecVear --> 42
10/06/2020 16:58:45|montoArt --> 34,7107438016529
10/06/2020 16:58:45|ivaArt --> 21
10/06/2020 16:58:45|hasarOCX.ImprimirItem --> OK
10/06/2020 16:58:45|Articulo --> plusbelle jabx125 bellez rad
10/06/2020 16:58:45|cantidadArt B --> 3
10/06/2020 16:58:45|PrecVear --> 42
10/06/2020 16:58:45|montoArt --> 34,7107438016529
10/06/2020 16:58:45|ivaArt --> 21
10/06/2020 16:58:45|hasarOCX.ImprimirItem --> OK
10/06/2020 16:58:45|Articulo --> colgate crx70 herbal whitening-975
10/06/2020 16:58:45|cantidadArt B --> 2
10/06/2020 16:58:45|PrecVear --> 79
10/06/2020 16:58:45|montoArt --> 65,2892561983471
10/06/2020 16:58:45|ivaArt --> 21
10/06/2020 16:58:46|hasarOCX.ImprimirItem --> OK
10/06/2020 16:58:46|Articulo --> nosotras clasica x8 algodon
10/06/2020 16:58:46|cantidadArt B --> 2
10/06/2020 16:58:46|PrecVear --> 60
10/06/2020 16:58:46|montoArt --> 49,5867768595041
10/06/2020 16:58:46|ivaArt --> 21
10/06/2020 16:58:46|hasarOCX.ImprimirItem --> OK
10/06/2020 16:58:46|Articulo --> party jab.3x80gr cremoso
10/06/2020 16:58:46|cantidadArt B --> 1
10/06/2020 16:58:46|PrecVear --> 70
10/06/2020 16:58:46|montoArt --> 57,8512396694215
10/06/2020 16:58:46|ivaArt --> 21
10/06/2020 16:58:46|hasarOCX.ImprimirItem --> OK
10/06/2020 16:58:46|Articulo --> plusbelle jabx125 sens.nutrit
10/06/2020 16:58:46|cantidadArt B --> 3
10/06/2020 16:58:46|PrecVear --> 42
10/06/2020 16:58:46|montoArt --> 34,7107438016529
10/06/2020 16:58:46|ivaArt --> 21
10/06/2020 16:58:47|hasarOCX.ImprimirItem --> OK
10/06/2020 16:58:47|Articulo --> wels col.humec.heno x 490 ml. 490 ml.
10/06/2020 16:58:47|cantidadArt B --> 1
10/06/2020 16:58:47|PrecVear --> 290
10/06/2020 16:58:47|montoArt --> 239,669421487603
10/06/2020 16:58:47|ivaArt --> 21
10/06/2020 16:58:47|hasarOCX.ImprimirItem --> OK
10/06/2020 16:58:47|Articulo --> suave chx930 jaz.aceit esenc-1155
10/06/2020 16:58:47|cantidadArt B --> 2
10/06/2020 16:58:47|PrecVear --> 110
10/06/2020 16:58:47|montoArt --> 90,9090909090909
10/06/2020 16:58:47|ivaArt --> 21
10/06/2020 16:58:47|hasarOCX.ImprimirItem --> OK
10/06/2020 16:58:47|Articulo --> suave acondx930 manzanilla -7310
10/06/2020 16:58:47|cantidadArt B --> 1
10/06/2020 16:58:47|PrecVear --> 110
10/06/2020 16:58:47|montoArt --> 90,9090909090909
10/06/2020 16:58:47|ivaArt --> 21
10/06/2020 16:58:48|hasarOCX.ImprimirItem --> OK
10/06/2020 16:58:48|Articulo --> suave acondx930 palta y argan-9445
10/06/2020 16:58:48|cantidadArt B --> 1
10/06/2020 16:58:48|PrecVear --> 110
10/06/2020 16:58:48|montoArt --> 90,9090909090909
10/06/2020 16:58:48|ivaArt --> 21
10/06/2020 16:58:48|hasarOCX.ImprimirItem --> OK
10/06/2020 16:58:48|Cerrar Comprobante B:::
10/06/2020 16:58:51|Obtiene nrocomp
10/06/2020 16:58:52|nrocomp --> 1115
10/06/2020 16:58:52|Nro. de Comprobante ::: TFB ::: 1115
10/06/2020 17:08:48|Conectando..
10/06/2020 17:08:48|IP: 127.0.0.1 - Puerto: 6500
10/06/2020 17:08:49|Conectado con éxito!!
10/06/2020 17:08:57|Comienza Facturacion B
10/06/2020 17:08:57|DatosCliente B
10/06/2020 17:09:00|AbrirComprobanteFiscal B
10/06/2020 17:09:00|Articulo --> zorro det liq x800 ml plus
10/06/2020 17:09:00|cantidadArt B --> 1
10/06/2020 17:09:00|PrecVear --> 96
10/06/2020 17:09:00|montoArt --> 79,3388429752066
10/06/2020 17:09:00|ivaArt --> 21
10/06/2020 17:09:00|hasarOCX.ImprimirItem --> OK
10/06/2020 17:09:00|Articulo --> pampers pants confort sec xg x34
10/06/2020 17:09:00|cantidadArt B --> 1
10/06/2020 17:09:00|PrecVear --> 650
10/06/2020 17:09:00|montoArt --> 537,190082644628
10/06/2020 17:09:00|ivaArt --> 21
10/06/2020 17:09:00|hasarOCX.ImprimirItem --> OK
10/06/2020 17:09:00|Cerrar Comprobante B:::
10/06/2020 17:09:03|Obtiene nrocomp
10/06/2020 17:09:04|nrocomp --> 1116
10/06/2020 17:09:04|Nro. de Comprobante ::: TFB ::: 1116
10/06/2020 17:16:37|Conectando..
10/06/2020 17:16:37|IP: 127.0.0.1 - Puerto: 6500
10/06/2020 17:16:38|Conectado con éxito!!
10/06/2020 17:17:04|Comienza Facturacion B
10/06/2020 17:17:04|DatosCliente B
10/06/2020 17:17:06|AbrirComprobanteFiscal B
10/06/2020 17:17:06|Articulo --> extralimp esponja anatomica baño
10/06/2020 17:17:06|cantidadArt B --> 1
10/06/2020 17:17:06|PrecVear --> 55
10/06/2020 17:17:06|montoArt --> 45,4545454545455
10/06/2020 17:17:06|ivaArt --> 21
10/06/2020 17:17:07|hasarOCX.ImprimirItem --> OK
10/06/2020 17:17:07|Articulo --> huggies act sec toy story recien nacido 6x40
10/06/2020 17:17:07|cantidadArt B --> 1
10/06/2020 17:17:07|PrecVear --> 570
10/06/2020 17:17:07|montoArt --> 471,074380165289
10/06/2020 17:17:07|ivaArt --> 21
10/06/2020 17:17:07|hasarOCX.ImprimirItem --> OK
10/06/2020 17:17:07|Cerrar Comprobante B:::
10/06/2020 17:17:10|Obtiene nrocomp
10/06/2020 17:17:10|nrocomp --> 1117
10/06/2020 17:17:10|Nro. de Comprobante ::: TFB ::: 1117
10/06/2020 17:31:17|Conectando..
10/06/2020 17:31:17|IP: 127.0.0.1 - Puerto: 6500
10/06/2020 17:31:17|Conectado con éxito!!
10/06/2020 17:36:48|Comienza Facturacion B
10/06/2020 17:36:48|DatosCliente B
10/06/2020 17:36:50|AbrirComprobanteFiscal B
10/06/2020 17:36:50|Articulo --> varios
10/06/2020 17:36:50|cantidadArt B --> 1
10/06/2020 17:36:50|PrecVear --> 2391
10/06/2020 17:36:50|montoArt --> 1976,03305785124
10/06/2020 17:36:50|ivaArt --> 21
10/06/2020 17:36:51|hasarOCX.ImprimirItem --> OK
10/06/2020 17:36:51|Cerrar Comprobante B:::
10/06/2020 17:36:54|Obtiene nrocomp
10/06/2020 17:36:54|nrocomp --> 1118
10/06/2020 17:36:54|Nro. de Comprobante ::: TFB ::: 1118
10/06/2020 17:42:12|Conectando..
10/06/2020 17:42:12|IP: 127.0.0.1 - Puerto: 6500
10/06/2020 17:42:13|Conectado con éxito!!
10/06/2020 17:52:55|Conectando..
10/06/2020 17:52:55|IP: 127.0.0.1 - Puerto: 6500
10/06/2020 17:52:56|Conectado con éxito!!
10/06/2020 17:54:54|Conectando..
10/06/2020 17:54:54|IP: 127.0.0.1 - Puerto: 6500
10/06/2020 17:54:54|Conectado con éxito!!
10/06/2020 18:00:53|*************COMIENZA Cierre  Z**********
10/06/2020 18:01:01|CIERRE Z
Cierre Z Nº =[51]
Fecha del Cierre        =[10/06/2020 0:00:00]
DF Emitidos             =[27]
DF Cancelados           =[0]
DF Total                =[2712600]
DF Total Gravado        =[2241817]
DF Total No Gravado     =[0]
DF Total Exento         =[0]
DF Total IVA            =[470783]
DF Total Otros Tributos =[0]
NC Emitidas             =[0]
NC Canceladas           =[0]
NC Total                =[0]
NC Total Gravado        =[0]
NC Total No Gravado     =[0]
NC Total Exento         =[0]
NC Total IVA            =[0]
NC Total Otros Tributos =[0]
DNFH Emitidos           =[0]
DNFH Total              =[0]

