29/05/2020 8:37:44|Conectando..
29/05/2020 8:37:44|IP: 127.0.0.1 - Puerto: 6500
29/05/2020 8:52:30|Conectando..
29/05/2020 8:52:30|IP: 127.0.0.1 - Puerto: 6500
29/05/2020 8:52:45|Comienza Facturacion B
29/05/2020 8:52:45|DatosCliente B
29/05/2020 8:52:48|AbrirComprobanteFiscal B
29/05/2020 8:52:48|Articulo --> higienol max manzanilla 4 x 80m
29/05/2020 8:52:48|cantidadArt B --> 1
29/05/2020 8:52:48|PrecVear --> 160
29/05/2020 8:52:48|montoArt --> 132,231404958678
29/05/2020 8:52:48|ivaArt --> 21
29/05/2020 8:52:48|hasarOCX.ImprimirItem --> OK
29/05/2020 8:52:48|Articulo --> pantene chx400 hidratación
29/05/2020 8:52:48|cantidadArt B --> 1
29/05/2020 8:52:48|PrecVear --> 280
29/05/2020 8:52:48|montoArt --> 231,404958677686
29/05/2020 8:52:48|ivaArt --> 21
29/05/2020 8:52:49|hasarOCX.ImprimirItem --> OK
29/05/2020 8:52:49|Articulo --> sun pastillas x16 u.
29/05/2020 8:52:49|cantidadArt B --> 1
29/05/2020 8:52:49|PrecVear --> 698
29/05/2020 8:52:49|montoArt --> 576,859504132231
29/05/2020 8:52:49|ivaArt --> 21
29/05/2020 8:52:49|hasarOCX.ImprimirItem --> OK
29/05/2020 8:52:49|Articulo --> el coloso guantes max t9 gde
29/05/2020 8:52:49|cantidadArt B --> 1
29/05/2020 8:52:49|PrecVear --> 130
29/05/2020 8:52:49|montoArt --> 107,438016528926
29/05/2020 8:52:49|ivaArt --> 21
29/05/2020 8:52:49|hasarOCX.ImprimirItem --> OK
29/05/2020 8:52:49|Cerrar Comprobante B:::
29/05/2020 8:52:52|Obtiene nrocomp
29/05/2020 8:52:53|nrocomp --> 717
29/05/2020 8:52:53|Nro. de Comprobante ::: TFB ::: 717
29/05/2020 8:55:51|Comienza Facturacion B
29/05/2020 8:55:51|DatosCliente B
29/05/2020 8:55:53|AbrirComprobanteFiscal B
29/05/2020 8:55:53|Articulo --> poett limpx4l mult.lavanda-4972
29/05/2020 8:55:53|cantidadArt B --> 1
29/05/2020 8:55:53|PrecVear --> 290
29/05/2020 8:55:53|montoArt --> 239,669421487603
29/05/2020 8:55:53|ivaArt --> 21
29/05/2020 8:55:54|hasarOCX.ImprimirItem --> OK
29/05/2020 8:55:54|Cerrar Comprobante B:::
29/05/2020 8:55:57|Obtiene nrocomp
29/05/2020 8:55:57|nrocomp --> 718
29/05/2020 8:55:57|Nro. de Comprobante ::: TFB ::: 718
29/05/2020 9:07:08|Conectando..
29/05/2020 9:07:08|IP: 127.0.0.1 - Puerto: 6500
29/05/2020 9:07:09|Conectado con éxito!!
29/05/2020 9:08:27|Comienza Facturacion B
29/05/2020 9:08:28|DatosCliente B
29/05/2020 9:08:30|AbrirComprobanteFiscal B
29/05/2020 9:08:30|Articulo --> babysec ultrasec xxg x34 uni
29/05/2020 9:08:30|cantidadArt B --> 2
29/05/2020 9:08:30|PrecVear --> 470
29/05/2020 9:08:30|montoArt --> 388,429752066116
29/05/2020 9:08:30|ivaArt --> 21
29/05/2020 9:08:31|hasarOCX.ImprimirItem --> OK
29/05/2020 9:08:31|Cerrar Comprobante B:::
29/05/2020 9:08:34|Obtiene nrocomp
29/05/2020 9:08:34|nrocomp --> 719
29/05/2020 9:08:34|Nro. de Comprobante ::: TFB ::: 719
29/05/2020 9:13:55|Conectando..
29/05/2020 9:13:55|IP: 127.0.0.1 - Puerto: 6500
29/05/2020 9:13:56|Conectado con éxito!!
29/05/2020 9:41:31|Conectando..
29/05/2020 9:41:31|IP: 127.0.0.1 - Puerto: 6500
29/05/2020 9:41:32|Conectado con éxito!!
29/05/2020 9:42:11|Conectando..
29/05/2020 9:42:11|IP: 127.0.0.1 - Puerto: 6500
29/05/2020 9:42:12|Conectado con éxito!!
29/05/2020 9:43:04|Conectando..
29/05/2020 9:43:04|IP: 127.0.0.1 - Puerto: 6500
29/05/2020 9:43:05|Conectado con éxito!!
29/05/2020 9:43:29|Conectando..
29/05/2020 9:43:29|IP: 127.0.0.1 - Puerto: 6500
29/05/2020 9:43:29|Conectado con éxito!!
29/05/2020 10:06:37|Conectando..
29/05/2020 10:06:37|IP: 127.0.0.1 - Puerto: 6500
29/05/2020 10:06:38|Conectado con éxito!!
29/05/2020 10:11:29|Conectando..
29/05/2020 10:11:29|IP: 127.0.0.1 - Puerto: 6500
29/05/2020 10:11:30|Conectado con éxito!!
29/05/2020 10:21:39|Comienza Facturacion B
29/05/2020 10:21:39|DatosCliente B
29/05/2020 10:21:42|AbrirComprobanteFiscal B
29/05/2020 10:21:42|Articulo --> impulse deox58g musk-7220
29/05/2020 10:21:42|cantidadArt B --> 1
29/05/2020 10:21:42|PrecVear --> 95
29/05/2020 10:21:42|montoArt --> 78,5123966942149
29/05/2020 10:21:42|ivaArt --> 21
29/05/2020 10:21:42|hasarOCX.ImprimirItem --> OK
29/05/2020 10:21:42|Articulo --> h.s acondicionador x180 suave y manejable
29/05/2020 10:21:42|cantidadArt B --> 1
29/05/2020 10:21:42|PrecVear --> 170
29/05/2020 10:21:42|montoArt --> 140,495867768595
29/05/2020 10:21:42|ivaArt --> 21
29/05/2020 10:21:43|hasarOCX.ImprimirItem --> OK
29/05/2020 10:21:43|Articulo --> huggies nat care rn x34
29/05/2020 10:21:43|cantidadArt B --> 1
29/05/2020 10:21:43|PrecVear --> 560
29/05/2020 10:21:43|montoArt --> 462,809917355372
29/05/2020 10:21:43|ivaArt --> 21
29/05/2020 10:21:43|hasarOCX.ImprimirItem --> OK
29/05/2020 10:21:43|Articulo --> huggies act sec toy story recien nacido 6x40
29/05/2020 10:21:43|cantidadArt B --> 1
29/05/2020 10:21:43|PrecVear --> 560
29/05/2020 10:21:43|montoArt --> 462,809917355372
29/05/2020 10:21:43|ivaArt --> 21
29/05/2020 10:21:44|hasarOCX.ImprimirItem --> OK
29/05/2020 10:21:44|Cerrar Comprobante B:::
29/05/2020 10:21:47|Obtiene nrocomp
29/05/2020 10:21:47|nrocomp --> 720
29/05/2020 10:21:47|Nro. de Comprobante ::: TFB ::: 720
29/05/2020 10:33:44|Conectando..
29/05/2020 10:33:44|IP: 127.0.0.1 - Puerto: 6500
29/05/2020 10:33:45|Conectado con éxito!!
29/05/2020 10:35:04|Comienza Facturacion B
29/05/2020 10:35:04|DatosCliente B
29/05/2020 10:35:06|AbrirComprobanteFiscal B
29/05/2020 10:35:06|Articulo --> party jabon neutro glicerina x90g
29/05/2020 10:35:06|cantidadArt B --> 1
29/05/2020 10:35:06|PrecVear --> 40
29/05/2020 10:35:06|montoArt --> 33,0578512396694
29/05/2020 10:35:06|ivaArt --> 21
29/05/2020 10:35:07|hasarOCX.ImprimirItem --> OK
29/05/2020 10:35:07|Articulo --> depimiel bandas depilatorias cuerpo x12u
29/05/2020 10:35:07|cantidadArt B --> 1
29/05/2020 10:35:07|PrecVear --> 140
29/05/2020 10:35:07|montoArt --> 115,702479338843
29/05/2020 10:35:07|ivaArt --> 21
29/05/2020 10:35:07|hasarOCX.ImprimirItem --> OK
29/05/2020 10:35:07|Articulo --> depimiel cr.dep.corp.sensibl 120 gr
29/05/2020 10:35:07|cantidadArt B --> 1
29/05/2020 10:35:07|PrecVear --> 176
29/05/2020 10:35:07|montoArt --> 145,454545454545
29/05/2020 10:35:07|ivaArt --> 21
29/05/2020 10:35:08|hasarOCX.ImprimirItem --> OK
29/05/2020 10:35:08|Articulo --> colgate cr.anticaries x90ml
29/05/2020 10:35:08|cantidadArt B --> 1
29/05/2020 10:35:08|PrecVear --> 98
29/05/2020 10:35:08|montoArt --> 80,9917355371901
29/05/2020 10:35:08|ivaArt --> 21
29/05/2020 10:35:08|hasarOCX.ImprimirItem --> OK
29/05/2020 10:35:08|Articulo --> rexona aero apx90 invisible-3217
29/05/2020 10:35:08|cantidadArt B --> 1
29/05/2020 10:35:08|PrecVear --> 135
29/05/2020 10:35:08|montoArt --> 111,570247933884
29/05/2020 10:35:08|ivaArt --> 21
29/05/2020 10:35:08|hasarOCX.ImprimirItem --> OK
29/05/2020 10:35:08|Articulo --> algabo alcohol en gel ultra %70 pocket x70ml
29/05/2020 10:35:08|cantidadArt B --> 1
29/05/2020 10:35:08|PrecVear --> 120
29/05/2020 10:35:08|montoArt --> 99,1735537190083
29/05/2020 10:35:08|ivaArt --> 21
29/05/2020 10:35:09|hasarOCX.ImprimirItem --> OK
29/05/2020 10:35:09|Articulo --> blue seduction for men x100 ml
29/05/2020 10:35:09|cantidadArt B --> 1
29/05/2020 10:35:09|PrecVear --> 1875
29/05/2020 10:35:09|montoArt --> 1549,5867768595
29/05/2020 10:35:09|ivaArt --> 21
29/05/2020 10:35:09|hasarOCX.ImprimirItem --> OK
29/05/2020 10:35:09|Articulo --> calipso prot.colaless.c/manzx20
29/05/2020 10:35:09|cantidadArt B --> 2
29/05/2020 10:35:09|PrecVear --> 60
29/05/2020 10:35:09|montoArt --> 49,5867768595041
29/05/2020 10:35:09|ivaArt --> 21
29/05/2020 10:35:10|hasarOCX.ImprimirItem --> OK
29/05/2020 10:35:10|Articulo --> mf alcohol etilico
29/05/2020 10:35:10|cantidadArt B --> 1
29/05/2020 10:35:10|PrecVear --> 185
29/05/2020 10:35:10|montoArt --> 152,892561983471
29/05/2020 10:35:10|ivaArt --> 21
29/05/2020 10:35:10|hasarOCX.ImprimirItem --> OK
29/05/2020 10:35:10|Articulo --> rexona aero x90 cotton dry
29/05/2020 10:35:10|cantidadArt B --> 1
29/05/2020 10:35:10|PrecVear --> 130
29/05/2020 10:35:10|montoArt --> 107,438016528926
29/05/2020 10:35:10|ivaArt --> 21
29/05/2020 10:35:10|hasarOCX.ImprimirItem --> OK
29/05/2020 10:35:10|Cerrar Comprobante B:::
29/05/2020 10:35:13|Obtiene nrocomp
29/05/2020 10:35:14|nrocomp --> 721
29/05/2020 10:35:14|Nro. de Comprobante ::: TFB ::: 721
29/05/2020 10:38:43|Comienza Facturacion B
29/05/2020 10:38:43|DatosCliente B
29/05/2020 10:38:45|AbrirComprobanteFiscal B
29/05/2020 10:38:45|Articulo --> huggies nat care xxl x56 - ellas
29/05/2020 10:38:45|cantidadArt B --> 1
29/05/2020 10:38:45|PrecVear --> 1100
29/05/2020 10:38:45|montoArt --> 909,090909090909
29/05/2020 10:38:45|ivaArt --> 21
29/05/2020 10:38:46|hasarOCX.ImprimirItem --> OK
29/05/2020 10:38:46|Articulo --> jyj sh manzanilla  x200 (verde)
29/05/2020 10:38:46|cantidadArt B --> 1
29/05/2020 10:38:46|PrecVear --> 189
29/05/2020 10:38:46|montoArt --> 156,198347107438
29/05/2020 10:38:46|ivaArt --> 21
29/05/2020 10:38:46|hasarOCX.ImprimirItem --> OK
29/05/2020 10:38:46|Articulo --> mimito oleo calcareo x500 ml
29/05/2020 10:38:46|cantidadArt B --> 1
29/05/2020 10:38:46|PrecVear --> 110
29/05/2020 10:38:46|montoArt --> 90,9090909090909
29/05/2020 10:38:46|ivaArt --> 21
29/05/2020 10:38:46|hasarOCX.ImprimirItem --> OK
29/05/2020 10:38:46|Articulo --> dermaglo gel hidratante
29/05/2020 10:38:46|cantidadArt B --> 1
29/05/2020 10:38:46|PrecVear --> 622
29/05/2020 10:38:46|montoArt --> 514,04958677686
29/05/2020 10:38:46|ivaArt --> 21
29/05/2020 10:38:47|hasarOCX.ImprimirItem --> OK
29/05/2020 10:38:47|Cerrar Comprobante B:::
29/05/2020 10:38:50|Obtiene nrocomp
29/05/2020 10:38:50|nrocomp --> 722
29/05/2020 10:38:50|Nro. de Comprobante ::: TFB ::: 722
29/05/2020 10:39:58|Conectando..
29/05/2020 10:39:58|IP: 127.0.0.1 - Puerto: 6500
29/05/2020 10:39:59|Conectado con éxito!!
29/05/2020 10:52:21|Conectando..
29/05/2020 10:52:21|IP: 127.0.0.1 - Puerto: 6500
29/05/2020 10:52:22|Conectado con éxito!!
29/05/2020 10:56:53|Comienza Facturacion B
29/05/2020 10:56:53|DatosCliente B
29/05/2020 10:56:55|AbrirComprobanteFiscal B
29/05/2020 10:56:55|Articulo --> cif cremx375 orig.micropart-95049
29/05/2020 10:56:55|cantidadArt B --> 1
29/05/2020 10:56:55|PrecVear --> 59
29/05/2020 10:56:55|montoArt --> 48,7603305785124
29/05/2020 10:56:55|ivaArt --> 21
29/05/2020 10:56:56|hasarOCX.ImprimirItem --> OK
29/05/2020 10:56:56|Articulo --> coloso alcohol etílico x250ml
29/05/2020 10:56:56|cantidadArt B --> 1
29/05/2020 10:56:56|PrecVear --> 95
29/05/2020 10:56:56|montoArt --> 78,5123966942149
29/05/2020 10:56:56|ivaArt --> 21
29/05/2020 10:56:56|hasarOCX.ImprimirItem --> OK
29/05/2020 10:56:56|Articulo --> rejilla pabilo la porteña 38x40
29/05/2020 10:56:56|cantidadArt B --> 1
29/05/2020 10:56:56|PrecVear --> 25
29/05/2020 10:56:56|montoArt --> 20,6611570247934
29/05/2020 10:56:56|ivaArt --> 21
29/05/2020 10:56:56|hasarOCX.ImprimirItem --> OK
29/05/2020 10:56:56|Articulo --> colgate cr.trip.accionx90ml
29/05/2020 10:56:56|cantidadArt B --> 1
29/05/2020 10:56:56|PrecVear --> 135
29/05/2020 10:56:56|montoArt --> 111,570247933884
29/05/2020 10:56:56|ivaArt --> 21
29/05/2020 10:56:57|hasarOCX.ImprimirItem --> OK
29/05/2020 10:56:57|Articulo --> varios
29/05/2020 10:56:57|cantidadArt B --> 1
29/05/2020 10:56:57|PrecVear --> 45
29/05/2020 10:56:57|montoArt --> 37,1900826446281
29/05/2020 10:56:57|ivaArt --> 21
29/05/2020 10:56:57|hasarOCX.ImprimirItem --> OK
29/05/2020 10:56:57|Articulo --> lima acolchada anatomica 7' 100/180 lav. des.
29/05/2020 10:56:57|cantidadArt B --> 1
29/05/2020 10:56:57|PrecVear --> 132
29/05/2020 10:56:57|montoArt --> 109,090909090909
29/05/2020 10:56:57|ivaArt --> 21
29/05/2020 10:56:57|hasarOCX.ImprimirItem --> OK
29/05/2020 10:56:57|Articulo --> estrella algodon  clasicox75
29/05/2020 10:56:57|cantidadArt B --> 1
29/05/2020 10:56:57|PrecVear --> 50
29/05/2020 10:56:57|montoArt --> 41,3223140495868
29/05/2020 10:56:57|ivaArt --> 21
29/05/2020 10:56:58|hasarOCX.ImprimirItem --> OK
29/05/2020 10:56:58|Articulo --> nutrisse m.kit 70 rub.med.
29/05/2020 10:56:58|cantidadArt B --> 1
29/05/2020 10:56:58|PrecVear --> 240
29/05/2020 10:56:58|montoArt --> 198,347107438017
29/05/2020 10:56:58|ivaArt --> 21
29/05/2020 10:56:58|hasarOCX.ImprimirItem --> OK
29/05/2020 10:56:58|Cerrar Comprobante B:::
29/05/2020 10:57:01|Obtiene nrocomp
29/05/2020 10:57:01|nrocomp --> 723
29/05/2020 10:57:01|Nro. de Comprobante ::: TFB ::: 723
29/05/2020 10:57:15|Comienza Facturacion B
29/05/2020 10:57:15|DatosCliente B
29/05/2020 10:57:18|Comienza Facturacion B
29/05/2020 10:57:18|Error iniciando Factura B --> Anidamiento inválido de comandos
29/05/2020 10:57:18|Comienza Facturacion B
29/05/2020 10:57:18|Error iniciando Factura B --> Anidamiento inválido de comandos
29/05/2020 10:57:18|Conectando..
29/05/2020 10:57:18|IP: 127.0.0.1 - Puerto: 6500
29/05/2020 10:57:19|Conectado con éxito!!
29/05/2020 10:57:20|Error Imprimiendo Factura B --> Operación no válida para el estado fiscal actual (Imposible ejecutar el comando en el estado VendiendoItems)
29/05/2020 10:57:57|Conectando..
29/05/2020 10:57:57|IP: 127.0.0.1 - Puerto: 6500
29/05/2020 10:57:58|Conectado con éxito!!
29/05/2020 10:57:58|Error Imprimiendo Factura B --> Operación no válida para el estado fiscal actual (Imposible ejecutar el comando en el estado VendiendoItems)
29/05/2020 10:58:00|AbrirComprobanteFiscal B
29/05/2020 10:58:00|Articulo --> biferdil bio color 0% amonicaco  57
29/05/2020 10:58:00|cantidadArt B --> 1
29/05/2020 10:58:00|PrecVear --> 460
29/05/2020 10:58:00|montoArt --> 380,165289256198
29/05/2020 10:58:00|ivaArt --> 21
29/05/2020 10:58:01|hasarOCX.ImprimirItem --> OK
29/05/2020 10:58:01|Cerrar Comprobante B:::
29/05/2020 10:58:04|Obtiene nrocomp
29/05/2020 10:58:04|nrocomp --> 724
29/05/2020 10:58:04|Nro. de Comprobante ::: TFB ::: 724
29/05/2020 11:01:22|Conectando..
29/05/2020 11:01:22|IP: 127.0.0.1 - Puerto: 6500
29/05/2020 11:01:23|Conectado con éxito!!
29/05/2020 11:09:59|Conectando..
29/05/2020 11:09:59|IP: 127.0.0.1 - Puerto: 6500
29/05/2020 11:10:00|Conectado con éxito!!
29/05/2020 11:12:44|Conectando..
29/05/2020 11:12:44|IP: 127.0.0.1 - Puerto: 6500
29/05/2020 11:12:44|Conectado con éxito!!
29/05/2020 11:19:55|Comienza Facturacion B
29/05/2020 11:19:55|DatosCliente B
29/05/2020 11:19:58|AbrirComprobanteFiscal B
29/05/2020 11:19:58|Articulo --> la porteña sopapa color
29/05/2020 11:19:58|cantidadArt B --> 3
29/05/2020 11:19:58|PrecVear --> 55
29/05/2020 11:19:58|montoArt --> 45,4545454545455
29/05/2020 11:19:58|ivaArt --> 21
29/05/2020 11:19:58|hasarOCX.ImprimirItem --> OK
29/05/2020 11:19:58|Cerrar Comprobante B:::
29/05/2020 11:20:01|Obtiene nrocomp
29/05/2020 11:20:02|nrocomp --> 725
29/05/2020 11:20:02|Nro. de Comprobante ::: TFB ::: 725
29/05/2020 11:24:47|Comienza Facturacion B
29/05/2020 11:24:48|DatosCliente B
29/05/2020 11:24:50|AbrirComprobanteFiscal B
29/05/2020 11:24:50|Articulo --> oral b cep.123 40 med 665208
29/05/2020 11:24:50|cantidadArt B --> 2
29/05/2020 11:24:50|PrecVear --> 43
29/05/2020 11:24:50|montoArt --> 35,5371900826446
29/05/2020 11:24:50|ivaArt --> 21
29/05/2020 11:24:50|hasarOCX.ImprimirItem --> OK
29/05/2020 11:24:50|Articulo --> paradontax fluor 50grs
29/05/2020 11:24:50|cantidadArt B --> 1
29/05/2020 11:24:50|PrecVear --> 250
29/05/2020 11:24:50|montoArt --> 206,611570247934
29/05/2020 11:24:50|ivaArt --> 21
29/05/2020 11:24:51|hasarOCX.ImprimirItem --> OK
29/05/2020 11:24:51|Articulo --> wassington crema x54g
29/05/2020 11:24:51|cantidadArt B --> 1
29/05/2020 11:24:51|PrecVear --> 100
29/05/2020 11:24:51|montoArt --> 82,6446280991736
29/05/2020 11:24:51|ivaArt --> 21
29/05/2020 11:24:51|hasarOCX.ImprimirItem --> OK
29/05/2020 11:24:51|Articulo --> varios
29/05/2020 11:24:51|cantidadArt B --> 1
29/05/2020 11:24:51|PrecVear --> 190
29/05/2020 11:24:51|montoArt --> 157,02479338843
29/05/2020 11:24:51|ivaArt --> 21
29/05/2020 11:24:51|hasarOCX.ImprimirItem --> OK
29/05/2020 11:24:51|Articulo --> varios
29/05/2020 11:24:51|cantidadArt B --> 1
29/05/2020 11:24:51|PrecVear --> 125
29/05/2020 11:24:51|montoArt --> 103,305785123967
29/05/2020 11:24:51|ivaArt --> 21
29/05/2020 11:24:52|hasarOCX.ImprimirItem --> OK
29/05/2020 11:24:52|Articulo --> odorono rexona cr.potex60-5390
29/05/2020 11:24:52|cantidadArt B --> 1
29/05/2020 11:24:52|PrecVear --> 95
29/05/2020 11:24:52|montoArt --> 78,5123966942149
29/05/2020 11:24:52|ivaArt --> 21
29/05/2020 11:24:52|hasarOCX.ImprimirItem --> OK
29/05/2020 11:24:52|Cerrar Comprobante B:::
29/05/2020 11:24:55|Obtiene nrocomp
29/05/2020 11:24:55|nrocomp --> 726
29/05/2020 11:24:55|Nro. de Comprobante ::: TFB ::: 726
29/05/2020 11:26:50|Comienza Facturacion B
29/05/2020 11:26:50|DatosCliente B
29/05/2020 11:26:54|AbrirComprobanteFiscal B
29/05/2020 11:26:54|Articulo --> varios
29/05/2020 11:26:54|cantidadArt B --> 3
29/05/2020 11:26:54|PrecVear --> 40
29/05/2020 11:26:54|montoArt --> 33,0578512396694
29/05/2020 11:26:54|ivaArt --> 21
29/05/2020 11:26:54|hasarOCX.ImprimirItem --> OK
29/05/2020 11:26:54|Articulo --> el coloso fosforosx220un
29/05/2020 11:26:54|cantidadArt B --> 2
29/05/2020 11:26:54|PrecVear --> 29
29/05/2020 11:26:54|montoArt --> 23,9669421487603
29/05/2020 11:26:54|ivaArt --> 21
29/05/2020 11:26:55|hasarOCX.ImprimirItem --> OK
29/05/2020 11:26:55|Articulo --> partty jabon x 130 g
29/05/2020 11:26:55|cantidadArt B --> 1
29/05/2020 11:26:55|PrecVear --> 25
29/05/2020 11:26:55|montoArt --> 20,6611570247934
29/05/2020 11:26:55|ivaArt --> 21
29/05/2020 11:26:55|hasarOCX.ImprimirItem --> OK
29/05/2020 11:26:55|Articulo --> partty jabon x 130 g
29/05/2020 11:26:55|cantidadArt B --> 1
29/05/2020 11:26:55|PrecVear --> 25
29/05/2020 11:26:55|montoArt --> 20,6611570247934
29/05/2020 11:26:55|ivaArt --> 21
29/05/2020 11:26:55|hasarOCX.ImprimirItem --> OK
29/05/2020 11:26:55|Articulo --> queen quitaesmalte x50 ml
29/05/2020 11:26:55|cantidadArt B --> 1
29/05/2020 11:26:55|PrecVear --> 49
29/05/2020 11:26:55|montoArt --> 40,495867768595
29/05/2020 11:26:55|ivaArt --> 21
29/05/2020 11:26:56|hasarOCX.ImprimirItem --> OK
29/05/2020 11:26:56|Articulo --> saeta mmm 360 ml
29/05/2020 11:26:56|cantidadArt B --> 2
29/05/2020 11:26:56|PrecVear --> 99
29/05/2020 11:26:56|montoArt --> 81,8181818181818
29/05/2020 11:26:56|ivaArt --> 21
29/05/2020 11:26:56|hasarOCX.ImprimirItem --> OK
29/05/2020 11:26:56|Articulo --> rejilla pabilo la porteña 38x40
29/05/2020 11:26:56|cantidadArt B --> 2
29/05/2020 11:26:56|PrecVear --> 25
29/05/2020 11:26:56|montoArt --> 20,6611570247934
29/05/2020 11:26:56|ivaArt --> 21
29/05/2020 11:26:56|hasarOCX.ImprimirItem --> OK
29/05/2020 11:26:56|Articulo --> rejilla doble entre el sol40x42
29/05/2020 11:26:56|cantidadArt B --> 1
29/05/2020 11:26:56|PrecVear --> 40
29/05/2020 11:26:56|montoArt --> 33,0578512396694
29/05/2020 11:26:56|ivaArt --> 21
29/05/2020 11:26:57|hasarOCX.ImprimirItem --> OK
29/05/2020 11:26:57|Articulo --> cif cremx375 orig.micropart-95049
29/05/2020 11:26:57|cantidadArt B --> 1
29/05/2020 11:26:57|PrecVear --> 59
29/05/2020 11:26:57|montoArt --> 48,7603305785124
29/05/2020 11:26:57|ivaArt --> 21
29/05/2020 11:26:57|hasarOCX.ImprimirItem --> OK
29/05/2020 11:26:57|Articulo --> cif act. gel limon verde c 300 ml
29/05/2020 11:26:57|cantidadArt B --> 1
29/05/2020 11:26:57|PrecVear --> 65
29/05/2020 11:26:57|montoArt --> 53,7190082644628
29/05/2020 11:26:57|ivaArt --> 21
29/05/2020 11:26:58|hasarOCX.ImprimirItem --> OK
29/05/2020 11:26:58|Articulo --> ayudinx500 d.pack antihongo-32301
29/05/2020 11:26:58|cantidadArt B --> 1
29/05/2020 11:26:58|PrecVear --> 69
29/05/2020 11:26:58|montoArt --> 57,0247933884298
29/05/2020 11:26:58|ivaArt --> 21
29/05/2020 11:26:58|hasarOCX.ImprimirItem --> OK
29/05/2020 11:26:58|Articulo --> mr.musculox450 d.p cocina
29/05/2020 11:26:58|cantidadArt B --> 1
29/05/2020 11:26:58|PrecVear --> 59
29/05/2020 11:26:58|montoArt --> 48,7603305785124
29/05/2020 11:26:58|ivaArt --> 21
29/05/2020 11:26:58|hasarOCX.ImprimirItem --> OK
29/05/2020 11:26:58|Cerrar Comprobante B:::
29/05/2020 11:27:01|Obtiene nrocomp
29/05/2020 11:27:02|nrocomp --> 727
29/05/2020 11:27:02|Nro. de Comprobante ::: TFB ::: 727
29/05/2020 11:29:05|Conectando..
29/05/2020 11:29:05|IP: 127.0.0.1 - Puerto: 6500
29/05/2020 11:29:06|Conectado con éxito!!
29/05/2020 11:35:16|Comienza Facturacion B
29/05/2020 11:35:17|DatosCliente B
29/05/2020 11:35:19|AbrirComprobanteFiscal B
29/05/2020 11:35:19|Articulo --> varios
29/05/2020 11:35:19|cantidadArt B --> 1
29/05/2020 11:35:19|PrecVear --> 80
29/05/2020 11:35:19|montoArt --> 66,1157024793389
29/05/2020 11:35:19|ivaArt --> 21
29/05/2020 11:35:19|hasarOCX.ImprimirItem --> OK
29/05/2020 11:35:19|Articulo --> hug clasic pack xxg x56
29/05/2020 11:35:19|cantidadArt B --> 1
29/05/2020 11:35:19|PrecVear --> 790
29/05/2020 11:35:19|montoArt --> 652,892561983471
29/05/2020 11:35:19|ivaArt --> 21
29/05/2020 11:35:20|hasarOCX.ImprimirItem --> OK
29/05/2020 11:35:20|Articulo --> varios
29/05/2020 11:35:20|cantidadArt B --> 2
29/05/2020 11:35:20|PrecVear --> 40
29/05/2020 11:35:20|montoArt --> 33,0578512396694
29/05/2020 11:35:20|ivaArt --> 21
29/05/2020 11:35:20|hasarOCX.ImprimirItem --> OK
29/05/2020 11:35:20|Articulo --> pink 21 mascara pestañas push up
29/05/2020 11:35:20|cantidadArt B --> 1
29/05/2020 11:35:20|PrecVear --> 120
29/05/2020 11:35:20|montoArt --> 99,1735537190083
29/05/2020 11:35:20|ivaArt --> 21
29/05/2020 11:35:21|hasarOCX.ImprimirItem --> OK
29/05/2020 11:35:21|Articulo --> pampers toa /hum siempre limpio x48
29/05/2020 11:35:21|cantidadArt B --> 1
29/05/2020 11:35:21|PrecVear --> 80
29/05/2020 11:35:21|montoArt --> 66,1157024793389
29/05/2020 11:35:21|ivaArt --> 21
29/05/2020 11:35:21|hasarOCX.ImprimirItem --> OK
29/05/2020 11:35:21|Cerrar Comprobante B:::
29/05/2020 11:35:24|Obtiene nrocomp
29/05/2020 11:35:24|nrocomp --> 728
29/05/2020 11:35:24|Nro. de Comprobante ::: TFB ::: 728
29/05/2020 11:37:34|Comienza Facturacion B
29/05/2020 11:37:35|DatosCliente B
29/05/2020 11:37:37|AbrirComprobanteFiscal B
29/05/2020 11:37:37|Articulo --> pampers pants confort sec m x48
29/05/2020 11:37:37|cantidadArt B --> 1
29/05/2020 11:37:37|PrecVear --> 640
29/05/2020 11:37:37|montoArt --> 528,925619834711
29/05/2020 11:37:37|ivaArt --> 21
29/05/2020 11:37:38|hasarOCX.ImprimirItem --> OK
29/05/2020 11:37:38|Articulo --> blondor polvo dec x20 g
29/05/2020 11:37:38|cantidadArt B --> 1
29/05/2020 11:37:38|PrecVear --> 75
29/05/2020 11:37:38|montoArt --> 61,9834710743802
29/05/2020 11:37:38|ivaArt --> 21
29/05/2020 11:37:38|hasarOCX.ImprimirItem --> OK
29/05/2020 11:37:38|Cerrar Comprobante B:::
29/05/2020 11:37:41|Obtiene nrocomp
29/05/2020 11:37:41|nrocomp --> 729
29/05/2020 11:37:41|Nro. de Comprobante ::: TFB ::: 729
29/05/2020 11:39:56|Conectando..
29/05/2020 11:39:56|IP: 127.0.0.1 - Puerto: 6500
29/05/2020 11:39:56|Conectado con éxito!!
29/05/2020 11:43:20|Comienza Facturacion B
29/05/2020 11:43:20|DatosCliente B
29/05/2020 11:43:23|AbrirComprobanteFiscal B
29/05/2020 11:43:23|Articulo --> babysec ultrasec xxg x34 uni
29/05/2020 11:43:23|cantidadArt B --> 1
29/05/2020 11:43:23|PrecVear --> 470
29/05/2020 11:43:23|montoArt --> 388,429752066116
29/05/2020 11:43:23|ivaArt --> 21
29/05/2020 11:43:23|hasarOCX.ImprimirItem --> OK
29/05/2020 11:43:23|Articulo --> pampers toa /hum siempre limpio x48
29/05/2020 11:43:23|cantidadArt B --> 1
29/05/2020 11:43:23|PrecVear --> 80
29/05/2020 11:43:23|montoArt --> 66,1157024793389
29/05/2020 11:43:23|ivaArt --> 21
29/05/2020 11:43:24|hasarOCX.ImprimirItem --> OK
29/05/2020 11:43:24|Cerrar Comprobante B:::
29/05/2020 11:43:27|Obtiene nrocomp
29/05/2020 11:43:27|nrocomp --> 730
29/05/2020 11:43:27|Nro. de Comprobante ::: TFB ::: 730
29/05/2020 11:44:00|Comienza Facturacion B
29/05/2020 11:44:01|DatosCliente B
29/05/2020 11:44:03|AbrirComprobanteFiscal B
29/05/2020 11:44:03|Articulo --> babysec ultrasec xxg x34 uni
29/05/2020 11:44:03|cantidadArt B --> 1
29/05/2020 11:44:03|PrecVear --> 470
29/05/2020 11:44:03|montoArt --> 388,429752066116
29/05/2020 11:44:03|ivaArt --> 21
29/05/2020 11:44:03|hasarOCX.ImprimirItem --> OK
29/05/2020 11:44:03|Articulo --> pampers toa /hum siempre limpio x48
29/05/2020 11:44:03|cantidadArt B --> 1
29/05/2020 11:44:03|PrecVear --> 80
29/05/2020 11:44:03|montoArt --> 66,1157024793389
29/05/2020 11:44:03|ivaArt --> 21
29/05/2020 11:44:04|hasarOCX.ImprimirItem --> OK
29/05/2020 11:44:04|Cerrar Comprobante B:::
29/05/2020 11:44:07|Obtiene nrocomp
29/05/2020 11:44:07|nrocomp --> 731
29/05/2020 11:44:07|Nro. de Comprobante ::: TFB ::: 731
29/05/2020 11:47:23|Conectando..
29/05/2020 11:47:23|IP: 127.0.0.1 - Puerto: 6500
29/05/2020 11:47:24|Conectado con éxito!!
29/05/2020 11:50:26|Conectando..
29/05/2020 11:50:26|IP: 127.0.0.1 - Puerto: 6500
29/05/2020 11:50:27|Conectado con éxito!!
29/05/2020 11:52:31|Comienza Facturacion B
29/05/2020 11:52:31|DatosCliente B
29/05/2020 11:52:34|AbrirComprobanteFiscal B
29/05/2020 11:52:34|Articulo --> colgate cr.anticaries x180ml
29/05/2020 11:52:34|cantidadArt B --> 1
29/05/2020 11:52:34|PrecVear --> 185
29/05/2020 11:52:34|montoArt --> 152,892561983471
29/05/2020 11:52:34|ivaArt --> 21
29/05/2020 11:52:34|hasarOCX.ImprimirItem --> OK
29/05/2020 11:52:34|Articulo --> sensodyne cr.dent x90 blanqueador
29/05/2020 11:52:34|cantidadArt B --> 1
29/05/2020 11:52:34|PrecVear --> 320
29/05/2020 11:52:34|montoArt --> 264,462809917355
29/05/2020 11:52:34|ivaArt --> 21
29/05/2020 11:52:35|hasarOCX.ImprimirItem --> OK
29/05/2020 11:52:35|Articulo --> make pulverizador multiuso x750
29/05/2020 11:52:35|cantidadArt B --> 1
29/05/2020 11:52:35|PrecVear --> 100
29/05/2020 11:52:35|montoArt --> 82,6446280991736
29/05/2020 11:52:35|ivaArt --> 21
29/05/2020 11:52:35|hasarOCX.ImprimirItem --> OK
29/05/2020 11:52:35|Articulo --> el coloso alcohol x500 ml
29/05/2020 11:52:35|cantidadArt B --> 1
29/05/2020 11:52:35|PrecVear --> 155
29/05/2020 11:52:35|montoArt --> 128,099173553719
29/05/2020 11:52:35|ivaArt --> 21
29/05/2020 11:52:35|hasarOCX.ImprimirItem --> OK
29/05/2020 11:52:35|Articulo --> mary bosques  botox
29/05/2020 11:52:35|cantidadArt B --> 1
29/05/2020 11:52:35|PrecVear --> 50
29/05/2020 11:52:35|montoArt --> 41,3223140495868
29/05/2020 11:52:35|ivaArt --> 21
29/05/2020 11:52:36|hasarOCX.ImprimirItem --> OK
29/05/2020 11:52:36|Articulo --> estrella quitaesmalte x100 ml
29/05/2020 11:52:36|cantidadArt B --> 1
29/05/2020 11:52:36|PrecVear --> 80
29/05/2020 11:52:36|montoArt --> 66,1157024793389
29/05/2020 11:52:36|ivaArt --> 21
29/05/2020 11:52:36|hasarOCX.ImprimirItem --> OK
29/05/2020 11:52:36|Articulo --> mary bosques  3 minutos
29/05/2020 11:52:36|cantidadArt B --> 1
29/05/2020 11:52:36|PrecVear --> 48
29/05/2020 11:52:36|montoArt --> 39,6694214876033
29/05/2020 11:52:36|ivaArt --> 21
29/05/2020 11:52:36|hasarOCX.ImprimirItem --> OK
29/05/2020 11:52:36|Cerrar Comprobante B:::
29/05/2020 11:52:39|Obtiene nrocomp
29/05/2020 11:52:40|nrocomp --> 732
29/05/2020 11:52:40|Nro. de Comprobante ::: TFB ::: 732
29/05/2020 11:56:41|Conectando..
29/05/2020 11:56:41|IP: 127.0.0.1 - Puerto: 6500
29/05/2020 11:56:42|Conectado con éxito!!
29/05/2020 11:57:19|Conectando..
29/05/2020 11:57:19|IP: 127.0.0.1 - Puerto: 6500
29/05/2020 11:57:20|Conectado con éxito!!
29/05/2020 11:57:53|Comienza Facturacion B
29/05/2020 11:57:54|DatosCliente B
29/05/2020 11:57:56|AbrirComprobanteFiscal B
29/05/2020 11:57:56|Articulo --> varios
29/05/2020 11:57:56|cantidadArt B --> 1
29/05/2020 11:57:56|PrecVear --> 25
29/05/2020 11:57:56|montoArt --> 20,6611570247934
29/05/2020 11:57:56|ivaArt --> 21
29/05/2020 11:57:56|hasarOCX.ImprimirItem --> OK
29/05/2020 11:57:56|Articulo --> el coloso hig.econ.bco.12x6 30mts "
29/05/2020 11:57:56|cantidadArt B --> 1
29/05/2020 11:57:56|PrecVear --> 90
29/05/2020 11:57:56|montoArt --> 74,3801652892562
29/05/2020 11:57:56|ivaArt --> 21
29/05/2020 11:57:57|hasarOCX.ImprimirItem --> OK
29/05/2020 11:57:57|Articulo --> alax800 matic mañana sol-8038
29/05/2020 11:57:57|cantidadArt B --> 1
29/05/2020 11:57:57|PrecVear --> 105
29/05/2020 11:57:57|montoArt --> 86,7768595041322
29/05/2020 11:57:57|ivaArt --> 21
29/05/2020 11:57:57|hasarOCX.ImprimirItem --> OK
29/05/2020 11:57:57|Articulo --> q soft toall. hum. clasicas x50u
29/05/2020 11:57:57|cantidadArt B --> 1
29/05/2020 11:57:57|PrecVear --> 98
29/05/2020 11:57:57|montoArt --> 80,9917355371901
29/05/2020 11:57:57|ivaArt --> 21
29/05/2020 11:57:58|hasarOCX.ImprimirItem --> OK
29/05/2020 11:57:58|Articulo --> rexona jabon x125 orquid.fresh
29/05/2020 11:57:58|cantidadArt B --> 1
29/05/2020 11:57:58|PrecVear --> 39
29/05/2020 11:57:58|montoArt --> 32,2314049586777
29/05/2020 11:57:58|ivaArt --> 21
29/05/2020 11:57:58|hasarOCX.ImprimirItem --> OK
29/05/2020 11:57:58|Articulo --> el coloso mondadientesx60 oval
29/05/2020 11:57:58|cantidadArt B --> 1
29/05/2020 11:57:58|PrecVear --> 30
29/05/2020 11:57:58|montoArt --> 24,7933884297521
29/05/2020 11:57:58|ivaArt --> 21
29/05/2020 11:57:58|hasarOCX.ImprimirItem --> OK
29/05/2020 11:57:58|Articulo --> otowil aceit.almendras sachet
29/05/2020 11:57:58|cantidadArt B --> 2
29/05/2020 11:57:58|PrecVear --> 39
29/05/2020 11:57:58|montoArt --> 32,2314049586777
29/05/2020 11:57:58|ivaArt --> 21
29/05/2020 11:57:59|hasarOCX.ImprimirItem --> OK
29/05/2020 11:57:59|Cerrar Comprobante B:::
29/05/2020 11:58:02|Obtiene nrocomp
29/05/2020 11:58:02|nrocomp --> 733
29/05/2020 11:58:02|Nro. de Comprobante ::: TFB ::: 733
29/05/2020 12:07:44|Conectando..
29/05/2020 12:07:44|IP: 127.0.0.1 - Puerto: 6500
29/05/2020 12:07:44|Conectado con éxito!!
29/05/2020 12:10:01|Comienza Facturacion B
29/05/2020 12:10:01|DatosCliente B
29/05/2020 12:10:04|AbrirComprobanteFiscal B
29/05/2020 12:10:04|Articulo --> huggies act sec flex xgx56
29/05/2020 12:10:04|cantidadArt B --> 1
29/05/2020 12:10:04|PrecVear --> 990
29/05/2020 12:10:04|montoArt --> 818,181818181818
29/05/2020 12:10:04|ivaArt --> 21
29/05/2020 12:10:04|hasarOCX.ImprimirItem --> OK
29/05/2020 12:10:04|Cerrar Comprobante B:::
29/05/2020 12:10:07|Obtiene nrocomp
29/05/2020 12:10:07|nrocomp --> 734
29/05/2020 12:10:07|Nro. de Comprobante ::: TFB ::: 734
29/05/2020 12:19:08|Comienza Facturacion B
29/05/2020 12:19:08|DatosCliente B
29/05/2020 12:19:11|AbrirComprobanteFiscal B
29/05/2020 12:19:11|Articulo --> leau viv.kit n°5
29/05/2020 12:19:11|cantidadArt B --> 2
29/05/2020 12:19:11|PrecVear --> 120
29/05/2020 12:19:11|montoArt --> 99,1735537190083
29/05/2020 12:19:11|ivaArt --> 21
29/05/2020 12:19:11|hasarOCX.ImprimirItem --> OK
29/05/2020 12:19:11|Cerrar Comprobante B:::
29/05/2020 12:19:14|Obtiene nrocomp
29/05/2020 12:19:14|nrocomp --> 735
29/05/2020 12:19:14|Nro. de Comprobante ::: TFB ::: 735
29/05/2020 12:22:57|Conectando..
29/05/2020 12:22:57|IP: 127.0.0.1 - Puerto: 6500
29/05/2020 12:22:58|Conectado con éxito!!
29/05/2020 12:23:37|Conectando..
29/05/2020 12:23:37|IP: 127.0.0.1 - Puerto: 6500
29/05/2020 12:23:37|Conectado con éxito!!
29/05/2020 12:24:37|Conectando..
29/05/2020 12:24:37|IP: 127.0.0.1 - Puerto: 6500
29/05/2020 12:24:38|Conectado con éxito!!
29/05/2020 12:25:55|Comienza Facturacion B
29/05/2020 12:25:55|DatosCliente B
29/05/2020 12:25:58|AbrirComprobanteFiscal B
29/05/2020 12:25:58|Articulo --> colgate cep 360x2 uni
29/05/2020 12:25:58|cantidadArt B --> 1
29/05/2020 12:25:58|PrecVear --> 358
29/05/2020 12:25:58|montoArt --> 295,867768595041
29/05/2020 12:25:58|ivaArt --> 21
29/05/2020 12:25:58|hasarOCX.ImprimirItem --> OK
29/05/2020 12:25:58|Articulo --> huggies trip prot g x40u
29/05/2020 12:25:58|cantidadArt B --> 1
29/05/2020 12:25:58|PrecVear --> 450
29/05/2020 12:25:58|montoArt --> 371,900826446281
29/05/2020 12:25:58|ivaArt --> 21
29/05/2020 12:25:58|hasarOCX.ImprimirItem --> OK
29/05/2020 12:25:58|Articulo --> cicatricure crcorp.firmeza x 400 ml. 400 m
29/05/2020 12:25:58|cantidadArt B --> 1
29/05/2020 12:25:58|PrecVear --> 290
29/05/2020 12:25:58|montoArt --> 239,669421487603
29/05/2020 12:25:58|ivaArt --> 21
29/05/2020 12:25:59|hasarOCX.ImprimirItem --> OK
29/05/2020 12:25:59|Articulo --> varios
29/05/2020 12:25:59|cantidadArt B --> 1
29/05/2020 12:25:59|PrecVear --> 185
29/05/2020 12:25:59|montoArt --> 152,892561983471
29/05/2020 12:25:59|ivaArt --> 21
29/05/2020 12:25:59|hasarOCX.ImprimirItem --> OK
29/05/2020 12:25:59|Articulo --> goic anticelulitis x200 ml
29/05/2020 12:25:59|cantidadArt B --> 1
29/05/2020 12:25:59|PrecVear --> 223
29/05/2020 12:25:59|montoArt --> 184,297520661157
29/05/2020 12:25:59|ivaArt --> 21
29/05/2020 12:25:59|hasarOCX.ImprimirItem --> OK
29/05/2020 12:25:59|Cerrar Comprobante B:::
29/05/2020 12:26:02|Obtiene nrocomp
29/05/2020 12:26:03|nrocomp --> 736
29/05/2020 12:26:03|Nro. de Comprobante ::: TFB ::: 736
29/05/2020 12:27:30|Comienza Facturacion B
29/05/2020 12:27:30|DatosCliente B
29/05/2020 12:27:32|AbrirComprobanteFiscal B
29/05/2020 12:27:32|Articulo --> hug clasic pack xxg x56
29/05/2020 12:27:32|cantidadArt B --> 1
29/05/2020 12:27:32|PrecVear --> 790
29/05/2020 12:27:32|montoArt --> 652,892561983471
29/05/2020 12:27:32|ivaArt --> 21
29/05/2020 12:27:33|hasarOCX.ImprimirItem --> OK
29/05/2020 12:27:33|Cerrar Comprobante B:::
29/05/2020 12:27:36|Obtiene nrocomp
29/05/2020 12:27:36|nrocomp --> 737
29/05/2020 12:27:36|Nro. de Comprobante ::: TFB ::: 737
29/05/2020 12:49:45|Conectando..
29/05/2020 12:49:45|IP: 127.0.0.1 - Puerto: 6500
29/05/2020 12:49:46|Conectado con éxito!!
29/05/2020 13:01:58|Comienza Facturacion B
29/05/2020 13:01:59|DatosCliente B
29/05/2020 13:02:01|AbrirComprobanteFiscal B
29/05/2020 13:02:01|Articulo --> balde centrifugado auto la porteña
29/05/2020 13:02:01|cantidadArt B --> 1
29/05/2020 13:02:01|PrecVear --> 2250
29/05/2020 13:02:01|montoArt --> 1859,50413223141
29/05/2020 13:02:01|ivaArt --> 21
29/05/2020 13:02:02|hasarOCX.ImprimirItem --> OK
29/05/2020 13:02:02|Cerrar Comprobante B:::
29/05/2020 13:02:05|Obtiene nrocomp
29/05/2020 13:02:05|nrocomp --> 738
29/05/2020 13:02:05|Nro. de Comprobante ::: TFB ::: 738
29/05/2020 13:08:00|Conectando..
29/05/2020 13:08:00|IP: 127.0.0.1 - Puerto: 6500
29/05/2020 13:08:00|Conectado con éxito!!
29/05/2020 13:46:14|Comienza Facturacion B
29/05/2020 13:46:14|DatosCliente B
29/05/2020 13:46:16|AbrirComprobanteFiscal B
29/05/2020 13:46:16|Articulo --> doncella algodon x500
29/05/2020 13:46:16|cantidadArt B --> 2
29/05/2020 13:46:16|PrecVear --> 260
29/05/2020 13:46:16|montoArt --> 214,876033057851
29/05/2020 13:46:16|ivaArt --> 21
29/05/2020 13:46:17|hasarOCX.ImprimirItem --> OK
29/05/2020 13:46:17|Articulo --> pampers confortsec g x72
29/05/2020 13:46:17|cantidadArt B --> 1
29/05/2020 13:46:17|PrecVear --> 1050
29/05/2020 13:46:17|montoArt --> 867,768595041322
29/05/2020 13:46:17|ivaArt --> 21
29/05/2020 13:46:17|hasarOCX.ImprimirItem --> OK
29/05/2020 13:46:17|Articulo --> bolsas de residuos 45*60
29/05/2020 13:46:17|cantidadArt B --> 2
29/05/2020 13:46:17|PrecVear --> 30
29/05/2020 13:46:17|montoArt --> 24,7933884297521
29/05/2020 13:46:17|ivaArt --> 21
29/05/2020 13:46:17|hasarOCX.ImprimirItem --> OK
29/05/2020 13:46:17|Articulo --> woolitex450 d.pack bebe maquin3102
29/05/2020 13:46:17|cantidadArt B --> 1
29/05/2020 13:46:17|PrecVear --> 120
29/05/2020 13:46:17|montoArt --> 99,1735537190083
29/05/2020 13:46:17|ivaArt --> 21
29/05/2020 13:46:18|hasarOCX.ImprimirItem --> OK
29/05/2020 13:46:18|Articulo --> mimito oleo calcareo x500 ml
29/05/2020 13:46:18|cantidadArt B --> 1
29/05/2020 13:46:18|PrecVear --> 110
29/05/2020 13:46:18|montoArt --> 90,9090909090909
29/05/2020 13:46:18|ivaArt --> 21
29/05/2020 13:46:18|hasarOCX.ImprimirItem --> OK
29/05/2020 13:46:18|Articulo --> suave jab liq dp x220 pepino y aloe
29/05/2020 13:46:18|cantidadArt B --> 1
29/05/2020 13:46:18|PrecVear --> 67
29/05/2020 13:46:18|montoArt --> 55,3719008264463
29/05/2020 13:46:18|ivaArt --> 21
29/05/2020 13:46:18|hasarOCX.ImprimirItem --> OK
29/05/2020 13:46:18|Articulo --> suave jab liq dp x220 karite y verb
29/05/2020 13:46:18|cantidadArt B --> 1
29/05/2020 13:46:18|PrecVear --> 67
29/05/2020 13:46:18|montoArt --> 55,3719008264463
29/05/2020 13:46:18|ivaArt --> 21
29/05/2020 13:46:19|hasarOCX.ImprimirItem --> OK
29/05/2020 13:46:19|Cerrar Comprobante B:::
29/05/2020 13:46:22|Obtiene nrocomp
29/05/2020 13:46:22|nrocomp --> 739
29/05/2020 13:46:22|Nro. de Comprobante ::: TFB ::: 739
29/05/2020 13:48:39|Comienza Facturacion B
29/05/2020 13:48:39|DatosCliente B
29/05/2020 13:48:42|AbrirComprobanteFiscal B
29/05/2020 13:48:42|Articulo --> varios
29/05/2020 13:48:42|cantidadArt B --> 1
29/05/2020 13:48:42|PrecVear --> 2250
29/05/2020 13:48:42|montoArt --> 1859,50413223141
29/05/2020 13:48:42|ivaArt --> 21
29/05/2020 13:48:43|hasarOCX.ImprimirItem --> OK
29/05/2020 13:48:43|Articulo --> q soft toall. hum. clasicas x50u
29/05/2020 13:48:43|cantidadArt B --> 2
29/05/2020 13:48:43|PrecVear --> 98
29/05/2020 13:48:43|montoArt --> 80,9917355371901
29/05/2020 13:48:43|ivaArt --> 21
29/05/2020 13:48:43|hasarOCX.ImprimirItem --> OK
29/05/2020 13:48:43|Cerrar Comprobante B:::
29/05/2020 13:48:46|Obtiene nrocomp
29/05/2020 13:48:46|nrocomp --> 740
29/05/2020 13:48:46|Nro. de Comprobante ::: TFB ::: 740
29/05/2020 13:57:19|Comienza Facturacion B
29/05/2020 13:57:20|DatosCliente B
29/05/2020 13:57:22|AbrirComprobanteFiscal B
29/05/2020 13:57:22|Articulo --> asepxia jabon detox
29/05/2020 13:57:22|cantidadArt B --> 1
29/05/2020 13:57:22|PrecVear --> 240
29/05/2020 13:57:22|montoArt --> 198,347107438017
29/05/2020 13:57:22|ivaArt --> 21
29/05/2020 13:57:22|hasarOCX.ImprimirItem --> OK
29/05/2020 13:57:22|Articulo --> estrella algodon super x200gr
29/05/2020 13:57:22|cantidadArt B --> 1
29/05/2020 13:57:22|PrecVear --> 155
29/05/2020 13:57:22|montoArt --> 128,099173553719
29/05/2020 13:57:22|ivaArt --> 21
29/05/2020 13:57:23|hasarOCX.ImprimirItem --> OK
29/05/2020 13:57:23|Articulo --> simply hisoposx100 ranur.est.plast
29/05/2020 13:57:23|cantidadArt B --> 1
29/05/2020 13:57:23|PrecVear --> 99
29/05/2020 13:57:23|montoArt --> 81,8181818181818
29/05/2020 13:57:23|ivaArt --> 21
29/05/2020 13:57:23|hasarOCX.ImprimirItem --> OK
29/05/2020 13:57:23|Articulo --> champu c/bambu en braile x400m
29/05/2020 13:57:23|cantidadArt B --> 1
29/05/2020 13:57:23|PrecVear --> 435
29/05/2020 13:57:23|montoArt --> 359,504132231405
29/05/2020 13:57:23|ivaArt --> 21
29/05/2020 13:57:23|hasarOCX.ImprimirItem --> OK
29/05/2020 13:57:23|Articulo --> tresemme crema de limp bajo poo 3en1
29/05/2020 13:57:23|cantidadArt B --> 1
29/05/2020 13:57:23|PrecVear --> 215
29/05/2020 13:57:23|montoArt --> 177,685950413223
29/05/2020 13:57:23|ivaArt --> 21
29/05/2020 13:57:24|hasarOCX.ImprimirItem --> OK
29/05/2020 13:57:24|Cerrar Comprobante B:::
29/05/2020 13:57:27|Obtiene nrocomp
29/05/2020 13:57:27|nrocomp --> 741
29/05/2020 13:57:27|Nro. de Comprobante ::: TFB ::: 741
29/05/2020 14:03:55|Comienza Facturacion B
29/05/2020 14:03:55|DatosCliente B
29/05/2020 14:03:59|AbrirComprobanteFiscal B
29/05/2020 14:03:59|Articulo --> scotch brite sacapelusas rollo#
29/05/2020 14:03:59|cantidadArt B --> 1
29/05/2020 14:03:59|PrecVear --> 210
29/05/2020 14:03:59|montoArt --> 173,553719008264
29/05/2020 14:03:59|ivaArt --> 21
29/05/2020 14:03:59|hasarOCX.ImprimirItem --> OK
29/05/2020 14:03:59|Articulo --> varios
29/05/2020 14:03:59|cantidadArt B --> 1
29/05/2020 14:03:59|PrecVear --> 38
29/05/2020 14:03:59|montoArt --> 31,404958677686
29/05/2020 14:03:59|ivaArt --> 21
29/05/2020 14:04:00|hasarOCX.ImprimirItem --> OK
29/05/2020 14:04:00|Articulo --> varios
29/05/2020 14:04:00|cantidadArt B --> 1
29/05/2020 14:04:00|PrecVear --> 2250
29/05/2020 14:04:00|montoArt --> 1859,50413223141
29/05/2020 14:04:00|ivaArt --> 21
29/05/2020 14:04:00|hasarOCX.ImprimirItem --> OK
29/05/2020 14:04:00|Cerrar Comprobante B:::
29/05/2020 14:04:03|Obtiene nrocomp
29/05/2020 14:04:03|nrocomp --> 742
29/05/2020 14:04:03|Nro. de Comprobante ::: TFB ::: 742
29/05/2020 14:05:39|Comienza Facturacion B
29/05/2020 14:05:40|DatosCliente B
29/05/2020 14:05:42|AbrirComprobanteFiscal B
29/05/2020 14:05:42|Articulo --> varios
29/05/2020 14:05:42|cantidadArt B --> 1
29/05/2020 14:05:42|PrecVear --> 2250
29/05/2020 14:05:42|montoArt --> 1859,50413223141
29/05/2020 14:05:42|ivaArt --> 21
29/05/2020 14:05:42|hasarOCX.ImprimirItem --> OK
29/05/2020 14:05:42|Articulo --> procenex limpx900 vainilla -70143
29/05/2020 14:05:42|cantidadArt B --> 1
29/05/2020 14:05:42|PrecVear --> 65
29/05/2020 14:05:42|montoArt --> 53,7190082644628
29/05/2020 14:05:42|ivaArt --> 21
29/05/2020 14:05:43|hasarOCX.ImprimirItem --> OK
29/05/2020 14:05:43|Articulo --> varios
29/05/2020 14:05:43|cantidadArt B --> 1
29/05/2020 14:05:43|PrecVear --> 95
29/05/2020 14:05:43|montoArt --> 78,5123966942149
29/05/2020 14:05:43|ivaArt --> 21
29/05/2020 14:05:43|hasarOCX.ImprimirItem --> OK
29/05/2020 14:05:43|Articulo --> varios
29/05/2020 14:05:43|cantidadArt B --> 1
29/05/2020 14:05:43|PrecVear --> 38
29/05/2020 14:05:43|montoArt --> 31,404958677686
29/05/2020 14:05:43|ivaArt --> 21
29/05/2020 14:05:43|hasarOCX.ImprimirItem --> OK
29/05/2020 14:05:43|Articulo --> varios
29/05/2020 14:05:43|cantidadArt B --> 2
29/05/2020 14:05:43|PrecVear --> 9
29/05/2020 14:05:43|montoArt --> 7,43801652892562
29/05/2020 14:05:43|ivaArt --> 21
29/05/2020 14:05:44|hasarOCX.ImprimirItem --> OK
29/05/2020 14:05:44|Cerrar Comprobante B:::
29/05/2020 14:05:47|Obtiene nrocomp
29/05/2020 14:05:47|nrocomp --> 743
29/05/2020 14:05:47|Nro. de Comprobante ::: TFB ::: 743
29/05/2020 14:06:46|Conectando..
29/05/2020 14:06:46|IP: 127.0.0.1 - Puerto: 6500
29/05/2020 14:06:47|Conectado con éxito!!
29/05/2020 14:07:29|Conectando..
29/05/2020 14:07:29|IP: 127.0.0.1 - Puerto: 6500
29/05/2020 14:07:29|Conectado con éxito!!
29/05/2020 14:16:29|Conectando..
29/05/2020 14:16:29|IP: 127.0.0.1 - Puerto: 6500
29/05/2020 14:16:30|Conectado con éxito!!
29/05/2020 14:17:34|Comienza Facturacion B
29/05/2020 14:17:34|DatosCliente B
29/05/2020 14:17:36|AbrirComprobanteFiscal B
29/05/2020 14:17:36|Articulo --> raid mmmx360 s/olor acc.prolong3092
29/05/2020 14:17:36|cantidadArt B --> 1
29/05/2020 14:17:36|PrecVear --> 240
29/05/2020 14:17:36|montoArt --> 198,347107438017
29/05/2020 14:17:36|ivaArt --> 21
29/05/2020 14:17:37|hasarOCX.ImprimirItem --> OK
29/05/2020 14:17:37|Cerrar Comprobante B:::
29/05/2020 14:17:40|Obtiene nrocomp
29/05/2020 14:17:40|nrocomp --> 744
29/05/2020 14:17:40|Nro. de Comprobante ::: TFB ::: 744
29/05/2020 14:23:17|Conectando..
29/05/2020 14:23:17|IP: 127.0.0.1 - Puerto: 6500
29/05/2020 14:23:18|Conectado con éxito!!
29/05/2020 14:29:14|Conectando..
29/05/2020 14:29:14|IP: 127.0.0.1 - Puerto: 6500
29/05/2020 14:29:15|Conectado con éxito!!
29/05/2020 14:30:33|Comienza Facturacion B
29/05/2020 14:30:33|DatosCliente B
29/05/2020 14:30:36|AbrirComprobanteFiscal B
29/05/2020 14:30:36|Articulo --> varios
29/05/2020 14:30:36|cantidadArt B --> 1
29/05/2020 14:30:36|PrecVear --> 36
29/05/2020 14:30:36|montoArt --> 29,7520661157025
29/05/2020 14:30:36|ivaArt --> 21
29/05/2020 14:30:36|hasarOCX.ImprimirItem --> OK
29/05/2020 14:30:36|Articulo --> ayudin lav.x4l multisup.glaciar-665
29/05/2020 14:30:36|cantidadArt B --> 1
29/05/2020 14:30:36|PrecVear --> 240
29/05/2020 14:30:36|montoArt --> 198,347107438017
29/05/2020 14:30:36|ivaArt --> 21
29/05/2020 14:30:36|hasarOCX.ImprimirItem --> OK
29/05/2020 14:30:36|Articulo --> 390 estrella t. hum dp - germen de trigo 30 x 50u
29/05/2020 14:30:36|cantidadArt B --> 1
29/05/2020 14:30:36|PrecVear --> 90
29/05/2020 14:30:36|montoArt --> 74,3801652892562
29/05/2020 14:30:36|ivaArt --> 21
29/05/2020 14:30:37|hasarOCX.ImprimirItem --> OK
29/05/2020 14:30:37|Articulo --> fosforos tres patitos x222
29/05/2020 14:30:37|cantidadArt B --> 2
29/05/2020 14:30:37|PrecVear --> 36
29/05/2020 14:30:37|montoArt --> 29,7520661157025
29/05/2020 14:30:37|ivaArt --> 21
29/05/2020 14:30:37|hasarOCX.ImprimirItem --> OK
29/05/2020 14:30:37|Articulo --> excellence 83 h0179209
29/05/2020 14:30:37|cantidadArt B --> 1
29/05/2020 14:30:37|PrecVear --> 550
29/05/2020 14:30:37|montoArt --> 454,545454545455
29/05/2020 14:30:37|ivaArt --> 21
29/05/2020 14:30:38|hasarOCX.ImprimirItem --> OK
29/05/2020 14:30:38|Cerrar Comprobante B:::
29/05/2020 14:30:41|Obtiene nrocomp
29/05/2020 14:30:41|nrocomp --> 745
29/05/2020 14:30:41|Nro. de Comprobante ::: TFB ::: 745
29/05/2020 14:32:28|Conectando..
29/05/2020 14:32:28|IP: 127.0.0.1 - Puerto: 6500
29/05/2020 14:32:29|Conectado con éxito!!
29/05/2020 14:38:31|Comienza Facturacion B
29/05/2020 14:38:31|DatosCliente B
29/05/2020 14:38:33|AbrirComprobanteFiscal B
29/05/2020 14:38:33|Articulo --> varios
29/05/2020 14:38:33|cantidadArt B --> 1
29/05/2020 14:38:33|PrecVear --> 95
29/05/2020 14:38:33|montoArt --> 78,5123966942149
29/05/2020 14:38:33|ivaArt --> 21
29/05/2020 14:38:34|hasarOCX.ImprimirItem --> OK
29/05/2020 14:38:34|Articulo --> rexona aero apx90 invisible-3217
29/05/2020 14:38:34|cantidadArt B --> 1
29/05/2020 14:38:34|PrecVear --> 135
29/05/2020 14:38:34|montoArt --> 111,570247933884
29/05/2020 14:38:34|ivaArt --> 21
29/05/2020 14:38:34|hasarOCX.ImprimirItem --> OK
29/05/2020 14:38:34|Articulo --> varios
29/05/2020 14:38:34|cantidadArt B --> 1
29/05/2020 14:38:34|PrecVear --> 255
29/05/2020 14:38:34|montoArt --> 210,743801652893
29/05/2020 14:38:34|ivaArt --> 21
29/05/2020 14:38:34|hasarOCX.ImprimirItem --> OK
29/05/2020 14:38:34|Articulo --> coloso alcohol etílico x250ml
29/05/2020 14:38:34|cantidadArt B --> 1
29/05/2020 14:38:34|PrecVear --> 95
29/05/2020 14:38:34|montoArt --> 78,5123966942149
29/05/2020 14:38:34|ivaArt --> 21
29/05/2020 14:38:35|hasarOCX.ImprimirItem --> OK
29/05/2020 14:38:35|Articulo --> sedal chx340 bomba argan-9189
29/05/2020 14:38:35|cantidadArt B --> 3
29/05/2020 14:38:35|PrecVear --> 160
29/05/2020 14:38:35|montoArt --> 132,231404958678
29/05/2020 14:38:35|ivaArt --> 21
29/05/2020 14:38:35|hasarOCX.ImprimirItem --> OK
29/05/2020 14:38:35|Articulo --> estrella algodon super x200gr
29/05/2020 14:38:35|cantidadArt B --> 1
29/05/2020 14:38:35|PrecVear --> 155
29/05/2020 14:38:35|montoArt --> 128,099173553719
29/05/2020 14:38:35|ivaArt --> 21
29/05/2020 14:38:36|hasarOCX.ImprimirItem --> OK
29/05/2020 14:38:36|Articulo --> elvive acondx400 fibralogy-9700#
29/05/2020 14:38:36|cantidadArt B --> 1
29/05/2020 14:38:36|PrecVear --> 310
29/05/2020 14:38:36|montoArt --> 256,198347107438
29/05/2020 14:38:36|ivaArt --> 21
29/05/2020 14:38:36|hasarOCX.ImprimirItem --> OK
29/05/2020 14:38:36|Articulo --> elvive acondx400 oleo nut.prof/coco
29/05/2020 14:38:36|cantidadArt B --> 1
29/05/2020 14:38:36|PrecVear --> 310
29/05/2020 14:38:36|montoArt --> 256,198347107438
29/05/2020 14:38:36|ivaArt --> 21
29/05/2020 14:38:36|hasarOCX.ImprimirItem --> OK
29/05/2020 14:38:36|Articulo --> doncella algodon x500
29/05/2020 14:38:36|cantidadArt B --> 1
29/05/2020 14:38:36|PrecVear --> 260
29/05/2020 14:38:36|montoArt --> 214,876033057851
29/05/2020 14:38:36|ivaArt --> 21
29/05/2020 14:38:37|hasarOCX.ImprimirItem --> OK
29/05/2020 14:38:37|Articulo --> sedal cr.peinar x300ml liso.perf
29/05/2020 14:38:37|cantidadArt B --> 1
29/05/2020 14:38:37|PrecVear --> 280
29/05/2020 14:38:37|montoArt --> 231,404958677686
29/05/2020 14:38:37|ivaArt --> 21
29/05/2020 14:38:37|hasarOCX.ImprimirItem --> OK
29/05/2020 14:38:37|Articulo --> varios
29/05/2020 14:38:37|cantidadArt B --> 1
29/05/2020 14:38:37|PrecVear --> 135
29/05/2020 14:38:37|montoArt --> 111,570247933884
29/05/2020 14:38:37|ivaArt --> 21
29/05/2020 14:38:37|hasarOCX.ImprimirItem --> OK
29/05/2020 14:38:37|Articulo --> 391 estrella t.hum. dp aloe vera 30 x 50u
29/05/2020 14:38:37|cantidadArt B --> 2
29/05/2020 14:38:37|PrecVear --> 90
29/05/2020 14:38:37|montoArt --> 74,3801652892562
29/05/2020 14:38:37|ivaArt --> 21
29/05/2020 14:38:38|hasarOCX.ImprimirItem --> OK
29/05/2020 14:38:38|Articulo --> 9038 disney vaso con asas minnie x 250ml.
29/05/2020 14:38:38|cantidadArt B --> 1
29/05/2020 14:38:38|PrecVear --> 476
29/05/2020 14:38:38|montoArt --> 393,388429752066
29/05/2020 14:38:38|ivaArt --> 21
29/05/2020 14:38:38|hasarOCX.ImprimirItem --> OK
29/05/2020 14:38:38|Articulo --> bellisiima keratotal recarga de keratina x120gr
29/05/2020 14:38:38|cantidadArt B --> 1
29/05/2020 14:38:38|PrecVear --> 375
29/05/2020 14:38:38|montoArt --> 309,917355371901
29/05/2020 14:38:38|ivaArt --> 21
29/05/2020 14:38:38|hasarOCX.ImprimirItem --> OK
29/05/2020 14:38:38|Articulo --> doncella protector mam. x24u
29/05/2020 14:38:38|cantidadArt B --> 1
29/05/2020 14:38:38|PrecVear --> 116
29/05/2020 14:38:38|montoArt --> 95,8677685950413
29/05/2020 14:38:38|ivaArt --> 21
29/05/2020 14:38:39|hasarOCX.ImprimirItem --> OK
29/05/2020 14:38:39|Articulo --> mary bosques crema de palta
29/05/2020 14:38:39|cantidadArt B --> 1
29/05/2020 14:38:39|PrecVear --> 54
29/05/2020 14:38:39|montoArt --> 44,6280991735537
29/05/2020 14:38:39|ivaArt --> 21
29/05/2020 14:38:39|hasarOCX.ImprimirItem --> OK
29/05/2020 14:38:39|Articulo --> mary bosques  botox
29/05/2020 14:38:39|cantidadArt B --> 1
29/05/2020 14:38:39|PrecVear --> 50
29/05/2020 14:38:39|montoArt --> 41,3223140495868
29/05/2020 14:38:39|ivaArt --> 21
29/05/2020 14:38:40|hasarOCX.ImprimirItem --> OK
29/05/2020 14:38:40|Articulo --> mary bosques  3 minutos
29/05/2020 14:38:40|cantidadArt B --> 1
29/05/2020 14:38:40|PrecVear --> 48
29/05/2020 14:38:40|montoArt --> 39,6694214876033
29/05/2020 14:38:40|ivaArt --> 21
29/05/2020 14:38:40|hasarOCX.ImprimirItem --> OK
29/05/2020 14:38:40|Articulo --> otowil puntfash.cracida 36x20 grs 36x2
29/05/2020 14:38:40|cantidadArt B --> 1
29/05/2020 14:38:40|PrecVear --> 40
29/05/2020 14:38:40|montoArt --> 33,0578512396694
29/05/2020 14:38:40|ivaArt --> 21
29/05/2020 14:38:40|hasarOCX.ImprimirItem --> OK
29/05/2020 14:38:40|Cerrar Comprobante B:::
29/05/2020 14:38:43|Obtiene nrocomp
29/05/2020 14:38:44|nrocomp --> 746
29/05/2020 14:38:44|Nro. de Comprobante ::: TFB ::: 746
29/05/2020 14:40:27|Conectando..
29/05/2020 14:40:27|IP: 127.0.0.1 - Puerto: 6500
29/05/2020 14:40:28|Conectado con éxito!!
29/05/2020 15:00:49|Conectando..
29/05/2020 15:00:49|IP: 127.0.0.1 - Puerto: 6500
29/05/2020 15:00:50|Conectado con éxito!!
29/05/2020 15:05:51|Conectando..
29/05/2020 15:05:51|IP: 127.0.0.1 - Puerto: 6500
29/05/2020 15:05:52|Conectado con éxito!!
29/05/2020 15:15:52|Comienza Facturacion B
29/05/2020 15:15:52|DatosCliente B
29/05/2020 15:15:54|AbrirComprobanteFiscal B
29/05/2020 15:15:54|Articulo --> pampers supersec g x40
29/05/2020 15:15:54|cantidadArt B --> 1
29/05/2020 15:15:54|PrecVear --> 410
29/05/2020 15:15:54|montoArt --> 338,842975206612
29/05/2020 15:15:54|ivaArt --> 21
29/05/2020 15:15:55|hasarOCX.ImprimirItem --> OK
29/05/2020 15:15:55|Articulo --> jyj talco dulces sueños purif 24x200gr (violeta)
29/05/2020 15:15:55|cantidadArt B --> 1
29/05/2020 15:15:55|PrecVear --> 195
29/05/2020 15:15:55|montoArt --> 161,157024793388
29/05/2020 15:15:55|ivaArt --> 21
29/05/2020 15:15:55|hasarOCX.ImprimirItem --> OK
29/05/2020 15:15:55|Articulo --> dove baby jab liq h enr 12x200ml exp
29/05/2020 15:15:55|cantidadArt B --> 1
29/05/2020 15:15:55|PrecVear --> 220
29/05/2020 15:15:55|montoArt --> 181,818181818182
29/05/2020 15:15:55|ivaArt --> 21
29/05/2020 15:15:56|hasarOCX.ImprimirItem --> OK
29/05/2020 15:15:56|Cerrar Comprobante B:::
29/05/2020 15:15:59|Obtiene nrocomp
29/05/2020 15:15:59|nrocomp --> 747
29/05/2020 15:15:59|Nro. de Comprobante ::: TFB ::: 747
29/05/2020 15:16:41|Comienza Facturacion B
29/05/2020 15:16:41|DatosCliente B
29/05/2020 15:16:44|AbrirComprobanteFiscal B
29/05/2020 15:16:44|Articulo --> pampers pants confort sec xg x34
29/05/2020 15:16:44|cantidadArt B --> 1
29/05/2020 15:16:44|PrecVear --> 640
29/05/2020 15:16:44|montoArt --> 528,925619834711
29/05/2020 15:16:44|ivaArt --> 21
29/05/2020 15:16:44|hasarOCX.ImprimirItem --> OK
29/05/2020 15:16:44|Cerrar Comprobante B:::
29/05/2020 15:16:47|Obtiene nrocomp
29/05/2020 15:16:47|nrocomp --> 748
29/05/2020 15:16:47|Nro. de Comprobante ::: TFB ::: 748
29/05/2020 15:21:57|Comienza Facturacion B
29/05/2020 15:21:57|DatosCliente B
29/05/2020 15:22:00|AbrirComprobanteFiscal B
29/05/2020 15:22:00|Articulo --> ideal toallitas humedas bb repuesto clasica (celeste)
29/05/2020 15:22:00|cantidadArt B --> 1
29/05/2020 15:22:00|PrecVear --> 70
29/05/2020 15:22:00|montoArt --> 57,8512396694215
29/05/2020 15:22:00|ivaArt --> 21
29/05/2020 15:22:00|hasarOCX.ImprimirItem --> OK
29/05/2020 15:22:00|Articulo --> pampers supersec xxg x30
29/05/2020 15:22:00|cantidadArt B --> 1
29/05/2020 15:22:00|PrecVear --> 410
29/05/2020 15:22:00|montoArt --> 338,842975206612
29/05/2020 15:22:00|ivaArt --> 21
29/05/2020 15:22:00|hasarOCX.ImprimirItem --> OK
29/05/2020 15:22:00|Cerrar Comprobante B:::
29/05/2020 15:22:03|Obtiene nrocomp
29/05/2020 15:22:04|nrocomp --> 749
29/05/2020 15:22:04|Nro. de Comprobante ::: TFB ::: 749
29/05/2020 15:27:17|Comienza Facturacion B
29/05/2020 15:27:17|DatosCliente B
29/05/2020 15:27:20|AbrirComprobanteFiscal B
29/05/2020 15:27:20|Articulo --> patrich deo aerox97 aviator
29/05/2020 15:27:20|cantidadArt B --> 1
29/05/2020 15:27:20|PrecVear --> 120
29/05/2020 15:27:20|montoArt --> 99,1735537190083
29/05/2020 15:27:20|ivaArt --> 21
29/05/2020 15:27:20|hasarOCX.ImprimirItem --> OK
29/05/2020 15:27:20|Articulo --> huggies active sec p x50
29/05/2020 15:27:20|cantidadArt B --> 1
29/05/2020 15:27:20|PrecVear --> 630
29/05/2020 15:27:20|montoArt --> 520,661157024793
29/05/2020 15:27:20|ivaArt --> 21
29/05/2020 15:27:21|hasarOCX.ImprimirItem --> OK
29/05/2020 15:27:21|Articulo --> babysec premium px30 uni
29/05/2020 15:27:21|cantidadArt B --> 1
29/05/2020 15:27:21|PrecVear --> 370
29/05/2020 15:27:21|montoArt --> 305,785123966942
29/05/2020 15:27:21|ivaArt --> 21
29/05/2020 15:27:21|hasarOCX.ImprimirItem --> OK
29/05/2020 15:27:21|Cerrar Comprobante B:::
29/05/2020 15:27:24|Obtiene nrocomp
29/05/2020 15:27:24|nrocomp --> 750
29/05/2020 15:27:24|Nro. de Comprobante ::: TFB ::: 750
29/05/2020 15:28:42|Conectando..
29/05/2020 15:28:42|IP: 127.0.0.1 - Puerto: 6500
29/05/2020 15:28:42|Conectado con éxito!!
29/05/2020 15:31:06|Conectando..
29/05/2020 15:31:06|IP: 127.0.0.1 - Puerto: 6500
29/05/2020 15:31:07|Conectado con éxito!!
29/05/2020 15:31:37|Comienza Facturacion B
29/05/2020 15:31:38|DatosCliente B
29/05/2020 15:31:40|AbrirComprobanteFiscal B
29/05/2020 15:31:40|Articulo --> varios
29/05/2020 15:31:40|cantidadArt B --> 1
29/05/2020 15:31:40|PrecVear --> 40
29/05/2020 15:31:40|montoArt --> 33,0578512396694
29/05/2020 15:31:40|ivaArt --> 21
29/05/2020 15:31:40|hasarOCX.ImprimirItem --> OK
29/05/2020 15:31:40|Articulo --> varios
29/05/2020 15:31:40|cantidadArt B --> 1
29/05/2020 15:31:40|PrecVear --> 1450
29/05/2020 15:31:40|montoArt --> 1198,34710743802
29/05/2020 15:31:40|ivaArt --> 21
29/05/2020 15:31:41|hasarOCX.ImprimirItem --> OK
29/05/2020 15:31:41|Articulo --> dove jab liq dp granada
29/05/2020 15:31:41|cantidadArt B --> 1
29/05/2020 15:31:41|PrecVear --> 154
29/05/2020 15:31:41|montoArt --> 127,272727272727
29/05/2020 15:31:41|ivaArt --> 21
29/05/2020 15:31:41|hasarOCX.ImprimirItem --> OK
29/05/2020 15:31:41|Articulo --> dove aero apx89 original -6170
29/05/2020 15:31:41|cantidadArt B --> 1
29/05/2020 15:31:41|PrecVear --> 150
29/05/2020 15:31:41|montoArt --> 123,96694214876
29/05/2020 15:31:41|ivaArt --> 21
29/05/2020 15:31:41|hasarOCX.ImprimirItem --> OK
29/05/2020 15:31:41|Cerrar Comprobante B:::
29/05/2020 15:31:44|Obtiene nrocomp
29/05/2020 15:31:45|nrocomp --> 751
29/05/2020 15:31:45|Nro. de Comprobante ::: TFB ::: 751
29/05/2020 15:36:42|Conectando..
29/05/2020 15:36:42|IP: 127.0.0.1 - Puerto: 6500
29/05/2020 15:36:43|Conectado con éxito!!
29/05/2020 15:50:19|Conectando..
29/05/2020 15:50:19|IP: 127.0.0.1 - Puerto: 6500
29/05/2020 15:50:19|Conectado con éxito!!
29/05/2020 15:51:23|Conectando..
29/05/2020 15:51:23|IP: 127.0.0.1 - Puerto: 6500
29/05/2020 15:51:24|Conectado con éxito!!
29/05/2020 15:52:39|Comienza Facturacion B
29/05/2020 15:52:39|DatosCliente B
29/05/2020 15:52:41|AbrirComprobanteFiscal B
29/05/2020 15:52:41|Articulo --> simply hisoposx200 est.plast-109509
29/05/2020 15:52:41|cantidadArt B --> 1
29/05/2020 15:52:41|PrecVear --> 148
29/05/2020 15:52:41|montoArt --> 122,314049586777
29/05/2020 15:52:41|ivaArt --> 21
29/05/2020 15:52:42|hasarOCX.ImprimirItem --> OK
29/05/2020 15:52:42|Articulo --> colgate cep smiles 0a2 años
29/05/2020 15:52:42|cantidadArt B --> 1
29/05/2020 15:52:42|PrecVear --> 160
29/05/2020 15:52:42|montoArt --> 132,231404958678
29/05/2020 15:52:42|ivaArt --> 21
29/05/2020 15:52:42|hasarOCX.ImprimirItem --> OK
29/05/2020 15:52:42|Articulo --> h.s chx375 humectante
29/05/2020 15:52:42|cantidadArt B --> 1
29/05/2020 15:52:42|PrecVear --> 309
29/05/2020 15:52:42|montoArt --> 255,371900826446
29/05/2020 15:52:42|ivaArt --> 21
29/05/2020 15:52:42|hasarOCX.ImprimirItem --> OK
29/05/2020 15:52:42|Articulo --> estrella baby oleo amarillo x500
29/05/2020 15:52:42|cantidadArt B --> 1
29/05/2020 15:52:42|PrecVear --> 187
29/05/2020 15:52:42|montoArt --> 154,545454545455
29/05/2020 15:52:42|ivaArt --> 21
29/05/2020 15:52:43|hasarOCX.ImprimirItem --> OK
29/05/2020 15:52:43|Articulo --> el coloso jab.liq x3l d.pack ropa
29/05/2020 15:52:43|cantidadArt B --> 1
29/05/2020 15:52:43|PrecVear --> 250
29/05/2020 15:52:43|montoArt --> 206,611570247934
29/05/2020 15:52:43|ivaArt --> 21
29/05/2020 15:52:43|hasarOCX.ImprimirItem --> OK
29/05/2020 15:52:43|Articulo --> ayudin lav. x2lt tot.max.pureza
29/05/2020 15:52:43|cantidadArt B --> 1
29/05/2020 15:52:43|PrecVear --> 105
29/05/2020 15:52:43|montoArt --> 86,7768595041322
29/05/2020 15:52:43|ivaArt --> 21
29/05/2020 15:52:43|hasarOCX.ImprimirItem --> OK
29/05/2020 15:52:43|Articulo --> bolsas residuos 50*70
29/05/2020 15:52:43|cantidadArt B --> 1
29/05/2020 15:52:43|PrecVear --> 40
29/05/2020 15:52:43|montoArt --> 33,0578512396694
29/05/2020 15:52:43|ivaArt --> 21
29/05/2020 15:52:44|hasarOCX.ImprimirItem --> OK
29/05/2020 15:52:44|Articulo --> cif antig.gatx500 nva form-8916
29/05/2020 15:52:44|cantidadArt B --> 1
29/05/2020 15:52:44|PrecVear --> 155
29/05/2020 15:52:44|montoArt --> 128,099173553719
29/05/2020 15:52:44|ivaArt --> 21
29/05/2020 15:52:44|hasarOCX.ImprimirItem --> OK
29/05/2020 15:52:44|Articulo --> goodmax rosa x1 maquina de afeitar x5 filos
29/05/2020 15:52:44|cantidadArt B --> 2
29/05/2020 15:52:44|PrecVear --> 55
29/05/2020 15:52:44|montoArt --> 45,4545454545455
29/05/2020 15:52:44|ivaArt --> 21
29/05/2020 15:52:45|hasarOCX.ImprimirItem --> OK
29/05/2020 15:52:45|Articulo --> estrella paños algodon maxi baby 50u
29/05/2020 15:52:45|cantidadArt B --> 1
29/05/2020 15:52:45|PrecVear --> 199
29/05/2020 15:52:45|montoArt --> 164,462809917355
29/05/2020 15:52:45|ivaArt --> 21
29/05/2020 15:52:45|hasarOCX.ImprimirItem --> OK
29/05/2020 15:52:45|Cerrar Comprobante B:::
29/05/2020 15:52:48|Obtiene nrocomp
29/05/2020 15:52:48|nrocomp --> 752
29/05/2020 15:52:48|Nro. de Comprobante ::: TFB ::: 752
29/05/2020 15:54:18|Conectando..
29/05/2020 15:54:18|IP: 127.0.0.1 - Puerto: 6500
29/05/2020 15:54:19|Conectado con éxito!!
29/05/2020 15:54:48|Comienza Facturacion B
29/05/2020 15:54:48|DatosCliente B
29/05/2020 15:54:50|AbrirComprobanteFiscal B
29/05/2020 15:54:50|Articulo --> jyj t. hum. toque de sueño x50 (violeta)
29/05/2020 15:54:50|cantidadArt B --> 2
29/05/2020 15:54:50|PrecVear --> 150
29/05/2020 15:54:50|montoArt --> 123,96694214876
29/05/2020 15:54:50|ivaArt --> 21
29/05/2020 15:54:51|hasarOCX.ImprimirItem --> OK
29/05/2020 15:54:51|Articulo --> el coloso rollo cocx3 x 40paños
29/05/2020 15:54:51|cantidadArt B --> 1
29/05/2020 15:54:51|PrecVear --> 46
29/05/2020 15:54:51|montoArt --> 38,0165289256198
29/05/2020 15:54:51|ivaArt --> 21
29/05/2020 15:54:51|hasarOCX.ImprimirItem --> OK
29/05/2020 15:54:51|Articulo --> pantene acondx400 restauración
29/05/2020 15:54:51|cantidadArt B --> 1
29/05/2020 15:54:51|PrecVear --> 285
29/05/2020 15:54:51|montoArt --> 235,537190082645
29/05/2020 15:54:51|ivaArt --> 21
29/05/2020 15:54:51|hasarOCX.ImprimirItem --> OK
29/05/2020 15:54:51|Articulo --> estrella jab glic. neut.
29/05/2020 15:54:51|cantidadArt B --> 2
29/05/2020 15:54:51|PrecVear --> 65
29/05/2020 15:54:51|montoArt --> 53,7190082644628
29/05/2020 15:54:51|ivaArt --> 21
29/05/2020 15:54:52|hasarOCX.ImprimirItem --> OK
29/05/2020 15:54:52|Articulo --> jyj sh frag prol. 200x
29/05/2020 15:54:52|cantidadArt B --> 1
29/05/2020 15:54:52|PrecVear --> 205
29/05/2020 15:54:52|montoArt --> 169,421487603306
29/05/2020 15:54:52|ivaArt --> 21
29/05/2020 15:54:52|hasarOCX.ImprimirItem --> OK
29/05/2020 15:54:52|Articulo --> varios
29/05/2020 15:54:52|cantidadArt B --> 1
29/05/2020 15:54:52|PrecVear --> 25
29/05/2020 15:54:52|montoArt --> 20,6611570247934
29/05/2020 15:54:52|ivaArt --> 21
29/05/2020 15:54:52|hasarOCX.ImprimirItem --> OK
29/05/2020 15:54:52|Articulo --> seiseme jabon en pan x 300
29/05/2020 15:54:52|cantidadArt B --> 2
29/05/2020 15:54:52|PrecVear --> 75
29/05/2020 15:54:52|montoArt --> 61,9834710743802
29/05/2020 15:54:52|ivaArt --> 21
29/05/2020 15:54:53|hasarOCX.ImprimirItem --> OK
29/05/2020 15:54:53|Cerrar Comprobante B:::
29/05/2020 15:54:56|Obtiene nrocomp
29/05/2020 15:54:56|nrocomp --> 753
29/05/2020 15:54:56|Nro. de Comprobante ::: TFB ::: 753
29/05/2020 15:56:09|Conectando..
29/05/2020 15:56:09|IP: 127.0.0.1 - Puerto: 6500
29/05/2020 15:56:10|Conectado con éxito!!
29/05/2020 16:02:17|Conectando..
29/05/2020 16:02:17|IP: 127.0.0.1 - Puerto: 6500
29/05/2020 16:02:18|Conectado con éxito!!
29/05/2020 16:11:56|Comienza Facturacion B
29/05/2020 16:11:56|DatosCliente B
29/05/2020 16:11:59|AbrirComprobanteFiscal B
29/05/2020 16:11:59|Articulo --> el coloso lavandina x1lt basica
29/05/2020 16:11:59|cantidadArt B --> 1
29/05/2020 16:11:59|PrecVear --> 43
29/05/2020 16:11:59|montoArt --> 35,5371900826446
29/05/2020 16:11:59|ivaArt --> 21
29/05/2020 16:11:59|hasarOCX.ImprimirItem --> OK
29/05/2020 16:11:59|Articulo --> calipso prot.c/perf.c/manzx20
29/05/2020 16:11:59|cantidadArt B --> 2
29/05/2020 16:11:59|PrecVear --> 45
29/05/2020 16:11:59|montoArt --> 37,1900826446281
29/05/2020 16:11:59|ivaArt --> 21
29/05/2020 16:12:00|hasarOCX.ImprimirItem --> OK
29/05/2020 16:12:00|Articulo --> ayudinx500 d.pack antihongo-32301
29/05/2020 16:12:00|cantidadArt B --> 1
29/05/2020 16:12:00|PrecVear --> 69
29/05/2020 16:12:00|montoArt --> 57,0247933884298
29/05/2020 16:12:00|ivaArt --> 21
29/05/2020 16:12:00|hasarOCX.ImprimirItem --> OK
29/05/2020 16:12:00|Articulo --> estilo spa alcohol en gel x75ml neutro
29/05/2020 16:12:00|cantidadArt B --> 1
29/05/2020 16:12:00|PrecVear --> 95
29/05/2020 16:12:00|montoArt --> 78,5123966942149
29/05/2020 16:12:00|ivaArt --> 21
29/05/2020 16:12:01|hasarOCX.ImprimirItem --> OK
29/05/2020 16:12:01|Articulo --> mf alcohol etilico
29/05/2020 16:12:01|cantidadArt B --> 1
29/05/2020 16:12:01|PrecVear --> 185
29/05/2020 16:12:01|montoArt --> 152,892561983471
29/05/2020 16:12:01|ivaArt --> 21
29/05/2020 16:12:01|hasarOCX.ImprimirItem --> OK
29/05/2020 16:12:01|Articulo --> el coloso jab.liqx900 d.pack
29/05/2020 16:12:01|cantidadArt B --> 1
29/05/2020 16:12:01|PrecVear --> 73
29/05/2020 16:12:01|montoArt --> 60,3305785123967
29/05/2020 16:12:01|ivaArt --> 21
29/05/2020 16:12:01|hasarOCX.ImprimirItem --> OK
29/05/2020 16:12:01|Articulo --> gillette sensitive maquina de 3 filos
29/05/2020 16:12:01|cantidadArt B --> 1
29/05/2020 16:12:01|PrecVear --> 95
29/05/2020 16:12:01|montoArt --> 78,5123966942149
29/05/2020 16:12:01|ivaArt --> 21
29/05/2020 16:12:02|hasarOCX.ImprimirItem --> OK
29/05/2020 16:12:02|Articulo --> adult care rop int grande x8 80 a 115kg
29/05/2020 16:12:02|cantidadArt B --> 2
29/05/2020 16:12:02|PrecVear --> 471
29/05/2020 16:12:02|montoArt --> 389,256198347107
29/05/2020 16:12:02|ivaArt --> 21
29/05/2020 16:12:02|hasarOCX.ImprimirItem --> OK
29/05/2020 16:12:02|Articulo --> axe deo aero ap x90g marine
29/05/2020 16:12:02|cantidadArt B --> 1
29/05/2020 16:12:02|PrecVear --> 140
29/05/2020 16:12:02|montoArt --> 115,702479338843
29/05/2020 16:12:02|ivaArt --> 21
29/05/2020 16:12:02|hasarOCX.ImprimirItem --> OK
29/05/2020 16:12:02|Articulo --> jrexona efficient aerox153g
29/05/2020 16:12:02|cantidadArt B --> 1
29/05/2020 16:12:02|PrecVear --> 175
29/05/2020 16:12:02|montoArt --> 144,628099173554
29/05/2020 16:12:02|ivaArt --> 21
29/05/2020 16:12:03|hasarOCX.ImprimirItem --> OK
29/05/2020 16:12:03|Articulo --> protex jabon intimo x200ml
29/05/2020 16:12:03|cantidadArt B --> 1
29/05/2020 16:12:03|PrecVear --> 335
29/05/2020 16:12:03|montoArt --> 276,859504132231
29/05/2020 16:12:03|ivaArt --> 21
29/05/2020 16:12:03|hasarOCX.ImprimirItem --> OK
29/05/2020 16:12:03|Articulo --> odex original polvo x400 g.
29/05/2020 16:12:03|cantidadArt B --> 1
29/05/2020 16:12:03|PrecVear --> 88
29/05/2020 16:12:03|montoArt --> 72,7272727272727
29/05/2020 16:12:03|ivaArt --> 21
29/05/2020 16:12:03|hasarOCX.ImprimirItem --> OK
29/05/2020 16:12:03|Articulo --> varios
29/05/2020 16:12:03|cantidadArt B --> 2
29/05/2020 16:12:03|PrecVear --> 45
29/05/2020 16:12:03|montoArt --> 37,1900826446281
29/05/2020 16:12:03|ivaArt --> 21
29/05/2020 16:12:04|hasarOCX.ImprimirItem --> OK
29/05/2020 16:12:04|Cerrar Comprobante B:::
29/05/2020 16:12:07|Obtiene nrocomp
29/05/2020 16:12:07|nrocomp --> 754
29/05/2020 16:12:07|Nro. de Comprobante ::: TFB ::: 754
29/05/2020 16:16:17|Conectando..
29/05/2020 16:16:17|IP: 127.0.0.1 - Puerto: 6500
29/05/2020 16:16:18|Conectado con éxito!!
29/05/2020 16:16:59|Conectando..
29/05/2020 16:16:59|IP: 127.0.0.1 - Puerto: 6500
29/05/2020 16:17:00|Conectado con éxito!!
29/05/2020 16:17:50|Conectando..
29/05/2020 16:17:50|IP: 127.0.0.1 - Puerto: 6500
29/05/2020 16:17:51|Conectado con éxito!!
29/05/2020 16:23:59|Conectando..
29/05/2020 16:23:59|IP: 127.0.0.1 - Puerto: 6500
29/05/2020 16:24:00|Conectado con éxito!!
29/05/2020 16:27:00|Conectando..
29/05/2020 16:27:00|IP: 127.0.0.1 - Puerto: 6500
29/05/2020 16:27:01|Conectado con éxito!!
29/05/2020 16:28:03|Conectando..
29/05/2020 16:28:03|IP: 127.0.0.1 - Puerto: 6500
29/05/2020 16:28:04|Conectado con éxito!!
29/05/2020 16:28:55|Comienza Facturacion B
29/05/2020 16:28:55|DatosCliente B
29/05/2020 16:28:58|AbrirComprobanteFiscal B
29/05/2020 16:28:58|Articulo --> varios
29/05/2020 16:28:58|cantidadArt B --> 1
29/05/2020 16:28:58|PrecVear --> 110
29/05/2020 16:28:58|montoArt --> 90,9090909090909
29/05/2020 16:28:58|ivaArt --> 21
29/05/2020 16:28:58|hasarOCX.ImprimirItem --> OK
29/05/2020 16:28:58|Articulo --> varios
29/05/2020 16:28:58|cantidadArt B --> 1
29/05/2020 16:28:58|PrecVear --> 200
29/05/2020 16:28:58|montoArt --> 165,289256198347
29/05/2020 16:28:58|ivaArt --> 21
29/05/2020 16:28:59|hasarOCX.ImprimirItem --> OK
29/05/2020 16:28:59|Articulo --> varios
29/05/2020 16:28:59|cantidadArt B --> 1
29/05/2020 16:28:59|PrecVear --> 130
29/05/2020 16:28:59|montoArt --> 107,438016528926
29/05/2020 16:28:59|ivaArt --> 21
29/05/2020 16:28:59|hasarOCX.ImprimirItem --> OK
29/05/2020 16:28:59|Articulo --> otowil crema de peinar efecto photoshop x150g
29/05/2020 16:28:59|cantidadArt B --> 1
29/05/2020 16:28:59|PrecVear --> 190
29/05/2020 16:28:59|montoArt --> 157,02479338843
29/05/2020 16:28:59|ivaArt --> 21
29/05/2020 16:28:59|hasarOCX.ImprimirItem --> OK
29/05/2020 16:28:59|Articulo --> teatrical cr.antiarrugas x 100 grs 100
29/05/2020 16:28:59|cantidadArt B --> 1
29/05/2020 16:28:59|PrecVear --> 210
29/05/2020 16:28:59|montoArt --> 173,553719008264
29/05/2020 16:28:59|ivaArt --> 21
29/05/2020 16:29:00|hasarOCX.ImprimirItem --> OK
29/05/2020 16:29:00|Articulo --> issue 8.1 rubio claro ceniza
29/05/2020 16:29:00|cantidadArt B --> 1
29/05/2020 16:29:00|PrecVear --> 130
29/05/2020 16:29:00|montoArt --> 107,438016528926
29/05/2020 16:29:00|ivaArt --> 21
29/05/2020 16:29:00|hasarOCX.ImprimirItem --> OK
29/05/2020 16:29:00|Articulo --> issue activ.cr 20v x47ml - gratis
29/05/2020 16:29:00|cantidadArt B --> 1
29/05/2020 16:29:00|PrecVear --> 20
29/05/2020 16:29:00|montoArt --> 16,5289256198347
29/05/2020 16:29:00|ivaArt --> 21
29/05/2020 16:29:00|hasarOCX.ImprimirItem --> OK
29/05/2020 16:29:00|Articulo --> estilo spa alcohol en gel x75ml neutro
29/05/2020 16:29:00|cantidadArt B --> 1
29/05/2020 16:29:00|PrecVear --> 95
29/05/2020 16:29:00|montoArt --> 78,5123966942149
29/05/2020 16:29:00|ivaArt --> 21
29/05/2020 16:29:01|hasarOCX.ImprimirItem --> OK
29/05/2020 16:29:01|Cerrar Comprobante B:::
29/05/2020 16:29:04|Obtiene nrocomp
29/05/2020 16:29:04|nrocomp --> 755
29/05/2020 16:29:04|Nro. de Comprobante ::: TFB ::: 755
29/05/2020 16:37:06|Conectando..
29/05/2020 16:37:06|IP: 127.0.0.1 - Puerto: 6500
29/05/2020 16:37:07|Conectado con éxito!!
29/05/2020 16:39:12|Conectando..
29/05/2020 16:39:12|IP: 127.0.0.1 - Puerto: 6500
29/05/2020 16:39:13|Conectado con éxito!!
29/05/2020 16:41:05|Conectando..
29/05/2020 16:41:05|IP: 127.0.0.1 - Puerto: 6500
29/05/2020 16:41:06|Conectado con éxito!!
29/05/2020 16:41:12|Comienza Facturacion B
29/05/2020 16:41:12|DatosCliente B
29/05/2020 16:41:15|AbrirComprobanteFiscal B
29/05/2020 16:41:15|Articulo --> ayudin desinf.aerox332 fr.matinal37
29/05/2020 16:41:15|cantidadArt B --> 1
29/05/2020 16:41:15|PrecVear --> 138
29/05/2020 16:41:15|montoArt --> 114,04958677686
29/05/2020 16:41:15|ivaArt --> 21
29/05/2020 16:41:15|hasarOCX.ImprimirItem --> OK
29/05/2020 16:41:15|Articulo --> champu phytoplus citrico x 400
29/05/2020 16:41:15|cantidadArt B --> 1
29/05/2020 16:41:15|PrecVear --> 487
29/05/2020 16:41:15|montoArt --> 402,479338842975
29/05/2020 16:41:15|ivaArt --> 21
29/05/2020 16:41:16|hasarOCX.ImprimirItem --> OK
29/05/2020 16:41:16|Cerrar Comprobante B:::
29/05/2020 16:41:19|Obtiene nrocomp
29/05/2020 16:41:19|nrocomp --> 756
29/05/2020 16:41:19|Nro. de Comprobante ::: TFB ::: 756
29/05/2020 16:42:12|Conectando..
29/05/2020 16:42:12|IP: 127.0.0.1 - Puerto: 6500
29/05/2020 16:42:13|Conectado con éxito!!
29/05/2020 16:44:52|Comienza Facturacion B
29/05/2020 16:44:52|DatosCliente B
29/05/2020 16:44:55|AbrirComprobanteFiscal B
29/05/2020 16:44:55|Articulo --> huggies nat care med 2x68 - ellos
29/05/2020 16:44:55|cantidadArt B --> 1
29/05/2020 16:44:55|PrecVear --> 950
29/05/2020 16:44:55|montoArt --> 785,123966942149
29/05/2020 16:44:55|ivaArt --> 21
29/05/2020 16:44:55|hasarOCX.ImprimirItem --> OK
29/05/2020 16:44:55|Articulo --> 10244 estrella discos algodon 12x80
29/05/2020 16:44:55|cantidadArt B --> 2
29/05/2020 16:44:55|PrecVear --> 80
29/05/2020 16:44:55|montoArt --> 66,1157024793389
29/05/2020 16:44:55|ivaArt --> 21
29/05/2020 16:44:55|hasarOCX.ImprimirItem --> OK
29/05/2020 16:44:55|Cerrar Comprobante B:::
29/05/2020 16:44:58|Obtiene nrocomp
29/05/2020 16:44:59|nrocomp --> 757
29/05/2020 16:44:59|Nro. de Comprobante ::: TFB ::: 757
29/05/2020 16:45:23|Comienza Facturacion B
29/05/2020 16:45:23|DatosCliente B
29/05/2020 16:45:26|AbrirComprobanteFiscal B
29/05/2020 16:45:26|Articulo --> ala matic  x3l dp
29/05/2020 16:45:26|cantidadArt B --> 1
29/05/2020 16:45:26|PrecVear --> 390
29/05/2020 16:45:26|montoArt --> 322,314049586777
29/05/2020 16:45:26|ivaArt --> 21
29/05/2020 16:45:26|hasarOCX.ImprimirItem --> OK
29/05/2020 16:45:26|Cerrar Comprobante B:::
29/05/2020 16:45:29|Obtiene nrocomp
29/05/2020 16:45:29|nrocomp --> 758
29/05/2020 16:45:29|Nro. de Comprobante ::: TFB ::: 758
29/05/2020 16:47:05|Conectando..
29/05/2020 16:47:05|IP: 127.0.0.1 - Puerto: 6500
29/05/2020 16:47:05|Conectado con éxito!!
29/05/2020 16:48:22|Conectando..
29/05/2020 16:48:22|IP: 127.0.0.1 - Puerto: 6500
29/05/2020 16:48:23|Conectado con éxito!!
29/05/2020 17:01:55|Comienza Facturacion B
29/05/2020 17:01:55|DatosCliente B
29/05/2020 17:01:58|AbrirComprobanteFiscal B
29/05/2020 17:01:58|Articulo --> estrella baby oleo sin frag x950ml
29/05/2020 17:01:58|cantidadArt B --> 1
29/05/2020 17:01:58|PrecVear --> 289
29/05/2020 17:01:58|montoArt --> 238,842975206612
29/05/2020 17:01:58|ivaArt --> 21
29/05/2020 17:01:58|hasarOCX.ImprimirItem --> OK
29/05/2020 17:01:58|Articulo --> carefree todos los dias prot x20
29/05/2020 17:01:58|cantidadArt B --> 1
29/05/2020 17:01:58|PrecVear --> 130
29/05/2020 17:01:58|montoArt --> 107,438016528926
29/05/2020 17:01:58|ivaArt --> 21
29/05/2020 17:01:59|hasarOCX.ImprimirItem --> OK
29/05/2020 17:01:59|Articulo --> huggies trip prot xxg x30u
29/05/2020 17:01:59|cantidadArt B --> 1
29/05/2020 17:01:59|PrecVear --> 450
29/05/2020 17:01:59|montoArt --> 371,900826446281
29/05/2020 17:01:59|ivaArt --> 21
29/05/2020 17:01:59|hasarOCX.ImprimirItem --> OK
29/05/2020 17:01:59|Articulo --> issue 3d rubio caramelo
29/05/2020 17:01:59|cantidadArt B --> 1
29/05/2020 17:01:59|PrecVear --> 150
29/05/2020 17:01:59|montoArt --> 123,96694214876
29/05/2020 17:01:59|ivaArt --> 21
29/05/2020 17:01:59|hasarOCX.ImprimirItem --> OK
29/05/2020 17:01:59|Articulo --> match 3 cartucho x1 blister
29/05/2020 17:01:59|cantidadArt B --> 1
29/05/2020 17:01:59|PrecVear --> 165
29/05/2020 17:01:59|montoArt --> 136,363636363636
29/05/2020 17:01:59|ivaArt --> 21
29/05/2020 17:02:00|hasarOCX.ImprimirItem --> OK
29/05/2020 17:02:00|Cerrar Comprobante B:::
29/05/2020 17:02:03|Obtiene nrocomp
29/05/2020 17:02:03|nrocomp --> 759
29/05/2020 17:02:03|Nro. de Comprobante ::: TFB ::: 759
29/05/2020 17:11:47|Comienza Facturacion B
29/05/2020 17:11:48|DatosCliente B
29/05/2020 17:11:50|AbrirComprobanteFiscal B
29/05/2020 17:11:50|Articulo --> raid aero mmm power shot
29/05/2020 17:11:50|cantidadArt B --> 1
29/05/2020 17:11:50|PrecVear --> 185
29/05/2020 17:11:50|montoArt --> 152,892561983471
29/05/2020 17:11:50|ivaArt --> 21
29/05/2020 17:11:51|hasarOCX.ImprimirItem --> OK
29/05/2020 17:11:51|Articulo --> varios
29/05/2020 17:11:51|cantidadArt B --> 3
29/05/2020 17:11:51|PrecVear --> 40
29/05/2020 17:11:51|montoArt --> 33,0578512396694
29/05/2020 17:11:51|ivaArt --> 21
29/05/2020 17:11:51|hasarOCX.ImprimirItem --> OK
29/05/2020 17:11:51|Articulo --> bolsa residuos 60*90
29/05/2020 17:11:51|cantidadArt B --> 1
29/05/2020 17:11:51|PrecVear --> 65
29/05/2020 17:11:51|montoArt --> 53,7190082644628
29/05/2020 17:11:51|ivaArt --> 21
29/05/2020 17:11:51|hasarOCX.ImprimirItem --> OK
29/05/2020 17:11:51|Cerrar Comprobante B:::
29/05/2020 17:11:54|Obtiene nrocomp
29/05/2020 17:11:55|nrocomp --> 760
29/05/2020 17:11:55|Nro. de Comprobante ::: TFB ::: 760
29/05/2020 17:13:58|Conectando..
29/05/2020 17:13:58|IP: 127.0.0.1 - Puerto: 6500
29/05/2020 17:13:59|Conectado con éxito!!
29/05/2020 17:17:14|Conectando..
29/05/2020 17:17:14|IP: 127.0.0.1 - Puerto: 6500
29/05/2020 17:17:14|Conectado con éxito!!
29/05/2020 17:41:17|Conectando..
29/05/2020 17:41:17|IP: 127.0.0.1 - Puerto: 6500
29/05/2020 17:41:17|Conectado con éxito!!
29/05/2020 17:41:40|Conectando..
29/05/2020 17:41:40|IP: 127.0.0.1 - Puerto: 6500
29/05/2020 17:41:41|Conectado con éxito!!
29/05/2020 17:46:59|Conectando..
29/05/2020 17:46:59|IP: 127.0.0.1 - Puerto: 6500
29/05/2020 17:47:00|Conectado con éxito!!
29/05/2020 17:48:06|Conectando..
29/05/2020 17:48:06|IP: 127.0.0.1 - Puerto: 6500
29/05/2020 17:48:06|Conectado con éxito!!
29/05/2020 17:56:12|Conectando..
29/05/2020 17:56:12|IP: 127.0.0.1 - Puerto: 6500
29/05/2020 17:56:13|Conectado con éxito!!
29/05/2020 17:56:31|Comienza Facturacion B
29/05/2020 17:56:31|DatosCliente B
29/05/2020 17:56:33|AbrirComprobanteFiscal B
29/05/2020 17:56:33|Articulo --> huggies active sec p x50
29/05/2020 17:56:33|cantidadArt B --> 1
29/05/2020 17:56:33|PrecVear --> 630
29/05/2020 17:56:33|montoArt --> 520,661157024793
29/05/2020 17:56:33|ivaArt --> 21
29/05/2020 17:56:34|hasarOCX.ImprimirItem --> OK
29/05/2020 17:56:34|Articulo --> huggies trip prot xg x32u
29/05/2020 17:56:34|cantidadArt B --> 1
29/05/2020 17:56:34|PrecVear --> 450
29/05/2020 17:56:34|montoArt --> 371,900826446281
29/05/2020 17:56:34|ivaArt --> 21
29/05/2020 17:56:34|hasarOCX.ImprimirItem --> OK
29/05/2020 17:56:34|Articulo --> q soft toall. hum. clasicas x50u
29/05/2020 17:56:34|cantidadArt B --> 1
29/05/2020 17:56:34|PrecVear --> 98
29/05/2020 17:56:34|montoArt --> 80,9917355371901
29/05/2020 17:56:34|ivaArt --> 21
29/05/2020 17:56:34|hasarOCX.ImprimirItem --> OK
29/05/2020 17:56:34|Cerrar Comprobante B:::
29/05/2020 17:56:37|Obtiene nrocomp
29/05/2020 17:56:38|nrocomp --> 761
29/05/2020 17:56:38|Nro. de Comprobante ::: TFB ::: 761
29/05/2020 17:58:13|Conectando..
29/05/2020 17:58:13|IP: 127.0.0.1 - Puerto: 6500
29/05/2020 17:58:14|Conectado con éxito!!
29/05/2020 17:59:38|*************COMIENZA Cierre  Z**********
29/05/2020 17:59:47|CIERRE Z
Cierre Z Nº =[37]
Fecha del Cierre        =[29/05/2020 0:00:00]
DF Emitidos             =[45]
DF Cancelados           =[0]
DF Total                =[5378603]
DF Total Gravado        =[4445120]
DF Total No Gravado     =[0]
DF Total Exento         =[0]
DF Total IVA            =[933483]
DF Total Otros Tributos =[0]
NC Emitidas             =[0]
NC Canceladas           =[0]
NC Total                =[0]
NC Total Gravado        =[0]
NC Total No Gravado     =[0]
NC Total Exento         =[0]
NC Total IVA            =[0]
NC Total Otros Tributos =[0]
DNFH Emitidos           =[0]
DNFH Total              =[0]

29/05/2020 18:03:03|*************COMIENZA Cierre  Z**********
29/05/2020 18:03:11|CIERRE Z
Cierre Z Nº =[38]
Fecha del Cierre        =[29/05/2020 0:00:00]
DF Emitidos             =[0]
DF Cancelados           =[0]
DF Total                =[0]
DF Total Gravado        =[0]
DF Total No Gravado     =[0]
DF Total Exento         =[0]
DF Total IVA            =[0]
DF Total Otros Tributos =[0]
NC Emitidas             =[0]
NC Canceladas           =[0]
NC Total                =[0]
NC Total Gravado        =[0]
NC Total No Gravado     =[0]
NC Total Exento         =[0]
NC Total IVA            =[0]
NC Total Otros Tributos =[0]
DNFH Emitidos           =[0]
DNFH Total              =[0]

