02/06/2020 8:43:19|Conectando..
02/06/2020 8:43:19|IP: 127.0.0.1 - Puerto: 6500
02/06/2020 9:10:35|Comienza Facturacion B
02/06/2020 9:10:35|DatosCliente B
02/06/2020 9:10:38|AbrirComprobanteFiscal B
02/06/2020 9:10:38|Articulo --> axe deox96 aero martin garrix-94/5#
02/06/2020 9:10:38|cantidadArt B --> 1
02/06/2020 9:10:38|PrecVear --> 135
02/06/2020 9:10:38|montoArt --> 111,570247933884
02/06/2020 9:10:38|ivaArt --> 21
02/06/2020 9:10:38|hasarOCX.ImprimirItem --> OK
02/06/2020 9:10:38|Articulo --> rexona barrax50 men sport -6754
02/06/2020 9:10:38|cantidadArt B --> 1
02/06/2020 9:10:38|PrecVear --> 210
02/06/2020 9:10:38|montoArt --> 173,553719008264
02/06/2020 9:10:38|ivaArt --> 21
02/06/2020 9:10:38|hasarOCX.ImprimirItem --> OK
02/06/2020 9:10:38|Articulo --> dove barrax50 original
02/06/2020 9:10:38|cantidadArt B --> 1
02/06/2020 9:10:38|PrecVear --> 235
02/06/2020 9:10:38|montoArt --> 194,214876033058
02/06/2020 9:10:38|ivaArt --> 21
02/06/2020 9:10:39|hasarOCX.ImprimirItem --> OK
02/06/2020 9:10:39|Articulo --> ala matic  x3l dp
02/06/2020 9:10:39|cantidadArt B --> 1
02/06/2020 9:10:39|PrecVear --> 390
02/06/2020 9:10:39|montoArt --> 322,314049586777
02/06/2020 9:10:39|ivaArt --> 21
02/06/2020 9:10:39|hasarOCX.ImprimirItem --> OK
02/06/2020 9:10:39|Articulo --> el coloso esp.acero inoxidx1
02/06/2020 9:10:39|cantidadArt B --> 1
02/06/2020 9:10:39|PrecVear --> 25
02/06/2020 9:10:39|montoArt --> 20,6611570247934
02/06/2020 9:10:39|ivaArt --> 21
02/06/2020 9:10:40|hasarOCX.ImprimirItem --> OK
02/06/2020 9:10:40|Articulo --> el coloso esp.economica
02/06/2020 9:10:40|cantidadArt B --> 1
02/06/2020 9:10:40|PrecVear --> 20
02/06/2020 9:10:40|montoArt --> 16,5289256198347
02/06/2020 9:10:40|ivaArt --> 21
02/06/2020 9:10:40|hasarOCX.ImprimirItem --> OK
02/06/2020 9:10:40|Articulo --> glade gel aromatizante
02/06/2020 9:10:40|cantidadArt B --> 1
02/06/2020 9:10:40|PrecVear --> 110
02/06/2020 9:10:40|montoArt --> 90,9090909090909
02/06/2020 9:10:40|ivaArt --> 21
02/06/2020 9:10:40|hasarOCX.ImprimirItem --> OK
02/06/2020 9:10:40|Articulo --> goodmax maquina de  3 filos  x 1 unidad
02/06/2020 9:10:40|cantidadArt B --> 2
02/06/2020 9:10:40|PrecVear --> 33
02/06/2020 9:10:40|montoArt --> 27,2727272727273
02/06/2020 9:10:40|ivaArt --> 21
02/06/2020 9:10:41|hasarOCX.ImprimirItem --> OK
02/06/2020 9:10:41|Articulo --> goodmax rosa x1 maquina de afeitar x5 filos
02/06/2020 9:10:41|cantidadArt B --> 2
02/06/2020 9:10:41|PrecVear --> 55
02/06/2020 9:10:41|montoArt --> 45,4545454545455
02/06/2020 9:10:41|ivaArt --> 21
02/06/2020 9:10:41|hasarOCX.ImprimirItem --> OK
02/06/2020 9:10:41|Articulo --> ladysoft normx8 c/aloe c/alas
02/06/2020 9:10:41|cantidadArt B --> 3
02/06/2020 9:10:41|PrecVear --> 45
02/06/2020 9:10:41|montoArt --> 37,1900826446281
02/06/2020 9:10:41|ivaArt --> 21
02/06/2020 9:10:41|hasarOCX.ImprimirItem --> OK
02/06/2020 9:10:41|Articulo --> calipso prot.c/perf.c/manzx20
02/06/2020 9:10:41|cantidadArt B --> 4
02/06/2020 9:10:41|PrecVear --> 45
02/06/2020 9:10:41|montoArt --> 37,1900826446281
02/06/2020 9:10:41|ivaArt --> 21
02/06/2020 9:10:42|hasarOCX.ImprimirItem --> OK
02/06/2020 9:10:42|Articulo --> sedal acondx300ml d.pack ceramidas
02/06/2020 9:10:42|cantidadArt B --> 1
02/06/2020 9:10:42|PrecVear --> 110
02/06/2020 9:10:42|montoArt --> 90,9090909090909
02/06/2020 9:10:42|ivaArt --> 21
02/06/2020 9:10:42|hasarOCX.ImprimirItem --> OK
02/06/2020 9:10:42|Articulo --> magistral esp.activax500limon7172
02/06/2020 9:10:42|cantidadArt B --> 1
02/06/2020 9:10:42|PrecVear --> 155
02/06/2020 9:10:42|montoArt --> 128,099173553719
02/06/2020 9:10:42|ivaArt --> 21
02/06/2020 9:10:42|hasarOCX.ImprimirItem --> OK
02/06/2020 9:10:42|Articulo --> h.s acondx375 carb.activado
02/06/2020 9:10:42|cantidadArt B --> 1
02/06/2020 9:10:42|PrecVear --> 309
02/06/2020 9:10:42|montoArt --> 255,371900826446
02/06/2020 9:10:42|ivaArt --> 21
02/06/2020 9:10:43|hasarOCX.ImprimirItem --> OK
02/06/2020 9:10:43|Articulo --> h.s chx375 alivio
02/06/2020 9:10:43|cantidadArt B --> 1
02/06/2020 9:10:43|PrecVear --> 309
02/06/2020 9:10:43|montoArt --> 255,371900826446
02/06/2020 9:10:43|ivaArt --> 21
02/06/2020 9:10:43|hasarOCX.ImprimirItem --> OK
02/06/2020 9:10:43|Articulo --> party jab.3x80gr variedades
02/06/2020 9:10:43|cantidadArt B --> 1
02/06/2020 9:10:43|PrecVear --> 50
02/06/2020 9:10:43|montoArt --> 41,3223140495868
02/06/2020 9:10:43|ivaArt --> 21
02/06/2020 9:10:43|hasarOCX.ImprimirItem --> OK
02/06/2020 9:10:43|Articulo --> partty jabon x 130 g
02/06/2020 9:10:43|cantidadArt B --> 1
02/06/2020 9:10:43|PrecVear --> 25
02/06/2020 9:10:43|montoArt --> 20,6611570247934
02/06/2020 9:10:43|ivaArt --> 21
02/06/2020 9:10:44|hasarOCX.ImprimirItem --> OK
02/06/2020 9:10:44|Articulo --> partty jabon x 130 g
02/06/2020 9:10:44|cantidadArt B --> 2
02/06/2020 9:10:44|PrecVear --> 25
02/06/2020 9:10:44|montoArt --> 20,6611570247934
02/06/2020 9:10:44|ivaArt --> 21
02/06/2020 9:10:44|hasarOCX.ImprimirItem --> OK
02/06/2020 9:10:44|Articulo --> woolitex450 d.pack bebe maquin3102
02/06/2020 9:10:44|cantidadArt B --> 1
02/06/2020 9:10:44|PrecVear --> 120
02/06/2020 9:10:44|montoArt --> 99,1735537190083
02/06/2020 9:10:44|ivaArt --> 21
02/06/2020 9:10:44|hasarOCX.ImprimirItem --> OK
02/06/2020 9:10:44|Articulo --> colgate cep.dent.premier ult.
02/06/2020 9:10:44|cantidadArt B --> 3
02/06/2020 9:10:44|PrecVear --> 60
02/06/2020 9:10:44|montoArt --> 49,5867768595041
02/06/2020 9:10:44|ivaArt --> 21
02/06/2020 9:10:45|hasarOCX.ImprimirItem --> OK
02/06/2020 9:10:45|Articulo --> bolsas residuos 50*70
02/06/2020 9:10:45|cantidadArt B --> 2
02/06/2020 9:10:45|PrecVear --> 40
02/06/2020 9:10:45|montoArt --> 33,0578512396694
02/06/2020 9:10:45|ivaArt --> 21
02/06/2020 9:10:45|hasarOCX.ImprimirItem --> OK
02/06/2020 9:10:45|Articulo --> lysoform aero citrica
02/06/2020 9:10:45|cantidadArt B --> 1
02/06/2020 9:10:45|PrecVear --> 160
02/06/2020 9:10:45|montoArt --> 132,231404958678
02/06/2020 9:10:45|ivaArt --> 21
02/06/2020 9:10:45|hasarOCX.ImprimirItem --> OK
02/06/2020 9:10:45|Articulo --> colgate cr.tot x90ml salud visible
02/06/2020 9:10:45|cantidadArt B --> 1
02/06/2020 9:10:45|PrecVear --> 154
02/06/2020 9:10:45|montoArt --> 127,272727272727
02/06/2020 9:10:45|ivaArt --> 21
02/06/2020 9:10:46|hasarOCX.ImprimirItem --> OK
02/06/2020 9:10:46|Articulo --> jyj t. hum. toque de bebe x50u (blanco)
02/06/2020 9:10:46|cantidadArt B --> 2
02/06/2020 9:10:46|PrecVear --> 150
02/06/2020 9:10:46|montoArt --> 123,96694214876
02/06/2020 9:10:46|ivaArt --> 21
02/06/2020 9:10:46|hasarOCX.ImprimirItem --> OK
02/06/2020 9:10:46|Articulo --> el coloso lavandinax5l basica
02/06/2020 9:10:46|cantidadArt B --> 1
02/06/2020 9:10:46|PrecVear --> 180
02/06/2020 9:10:46|montoArt --> 148,760330578512
02/06/2020 9:10:46|ivaArt --> 21
02/06/2020 9:10:47|hasarOCX.ImprimirItem --> OK
02/06/2020 9:10:47|Articulo --> pampers premium care g x72
02/06/2020 9:10:47|cantidadArt B --> 1
02/06/2020 9:10:47|PrecVear --> 1150
02/06/2020 9:10:47|montoArt --> 950,413223140496
02/06/2020 9:10:47|ivaArt --> 21
02/06/2020 9:10:47|hasarOCX.ImprimirItem --> OK
02/06/2020 9:10:47|Cerrar Comprobante B:::
02/06/2020 9:10:50|Obtiene nrocomp
02/06/2020 9:10:50|nrocomp --> 852
02/06/2020 9:10:50|Nro. de Comprobante ::: TFB ::: 852
02/06/2020 9:17:04|Conectando..
02/06/2020 9:17:04|IP: 127.0.0.1 - Puerto: 6500
02/06/2020 9:17:05|Conectado con éxito!!
02/06/2020 9:48:17|Conectando..
02/06/2020 9:48:17|IP: 127.0.0.1 - Puerto: 6500
02/06/2020 9:48:18|Conectado con éxito!!
02/06/2020 9:49:12|Comienza Facturacion B
02/06/2020 9:49:12|DatosCliente B
02/06/2020 9:49:15|AbrirComprobanteFiscal B
02/06/2020 9:49:15|Articulo --> cif act. gel limon verde c 300 ml
02/06/2020 9:49:15|cantidadArt B --> 1
02/06/2020 9:49:15|PrecVear --> 65
02/06/2020 9:49:15|montoArt --> 53,7190082644628
02/06/2020 9:49:15|ivaArt --> 21
02/06/2020 9:49:15|hasarOCX.ImprimirItem --> OK
02/06/2020 9:49:15|Articulo --> estrella algodon  clasicox75
02/06/2020 9:49:15|cantidadArt B --> 1
02/06/2020 9:49:15|PrecVear --> 50
02/06/2020 9:49:15|montoArt --> 41,3223140495868
02/06/2020 9:49:15|ivaArt --> 21
02/06/2020 9:49:15|hasarOCX.ImprimirItem --> OK
02/06/2020 9:49:15|Articulo --> cif act.gel x450 dp limon verde
02/06/2020 9:49:15|cantidadArt B --> 1
02/06/2020 9:49:15|PrecVear --> 85
02/06/2020 9:49:15|montoArt --> 70,2479338842975
02/06/2020 9:49:15|ivaArt --> 21
02/06/2020 9:49:16|hasarOCX.ImprimirItem --> OK
02/06/2020 9:49:16|Articulo --> m.musculo bloq.mochilax48g -6728
02/06/2020 9:49:16|cantidadArt B --> 1
02/06/2020 9:49:16|PrecVear --> 147
02/06/2020 9:49:16|montoArt --> 121,487603305785
02/06/2020 9:49:16|ivaArt --> 21
02/06/2020 9:49:16|hasarOCX.ImprimirItem --> OK
02/06/2020 9:49:16|Articulo --> varios
02/06/2020 9:49:16|cantidadArt B --> 1
02/06/2020 9:49:16|PrecVear --> 56
02/06/2020 9:49:16|montoArt --> 46,2809917355372
02/06/2020 9:49:16|ivaArt --> 21
02/06/2020 9:49:16|hasarOCX.ImprimirItem --> OK
02/06/2020 9:49:16|Articulo --> ayudin lav.x1lts tot.max.pureza
02/06/2020 9:49:16|cantidadArt B --> 1
02/06/2020 9:49:16|PrecVear --> 53
02/06/2020 9:49:16|montoArt --> 43,801652892562
02/06/2020 9:49:16|ivaArt --> 21
02/06/2020 9:49:17|hasarOCX.ImprimirItem --> OK
02/06/2020 9:49:17|Cerrar Comprobante B:::
02/06/2020 9:49:20|Obtiene nrocomp
02/06/2020 9:49:20|nrocomp --> 853
02/06/2020 9:49:20|Nro. de Comprobante ::: TFB ::: 853
02/06/2020 9:52:09|Comienza Facturacion B
02/06/2020 9:52:09|DatosCliente B
02/06/2020 9:52:12|AbrirComprobanteFiscal B
02/06/2020 9:52:12|Articulo --> polyana sport deo
02/06/2020 9:52:12|cantidadArt B --> 1
02/06/2020 9:52:12|PrecVear --> 105
02/06/2020 9:52:12|montoArt --> 86,7768595041322
02/06/2020 9:52:12|ivaArt --> 21
02/06/2020 9:52:12|hasarOCX.ImprimirItem --> OK
02/06/2020 9:52:12|Articulo --> teatrical cr.antiarrugas x 100 grs 100
02/06/2020 9:52:12|cantidadArt B --> 1
02/06/2020 9:52:12|PrecVear --> 210
02/06/2020 9:52:12|montoArt --> 173,553719008264
02/06/2020 9:52:12|ivaArt --> 21
02/06/2020 9:52:12|hasarOCX.ImprimirItem --> OK
02/06/2020 9:52:12|Articulo --> 67087 curitas tela x unidad
02/06/2020 9:52:12|cantidadArt B --> 1
02/06/2020 9:52:12|PrecVear --> 38
02/06/2020 9:52:12|montoArt --> 31,404958677686
02/06/2020 9:52:12|ivaArt --> 21
02/06/2020 9:52:13|hasarOCX.ImprimirItem --> OK
02/06/2020 9:52:13|Articulo --> goodmax maquina de  3 filos  x 1 unidad
02/06/2020 9:52:13|cantidadArt B --> 2
02/06/2020 9:52:13|PrecVear --> 33
02/06/2020 9:52:13|montoArt --> 27,2727272727273
02/06/2020 9:52:13|ivaArt --> 21
02/06/2020 9:52:13|hasarOCX.ImprimirItem --> OK
02/06/2020 9:52:13|Articulo --> el coloso esp.acero inoxidx1
02/06/2020 9:52:13|cantidadArt B --> 1
02/06/2020 9:52:13|PrecVear --> 25
02/06/2020 9:52:13|montoArt --> 20,6611570247934
02/06/2020 9:52:13|ivaArt --> 21
02/06/2020 9:52:14|hasarOCX.ImprimirItem --> OK
02/06/2020 9:52:14|Articulo --> tio nacho ac. herb.milenaria x 200 ml.
02/06/2020 9:52:14|cantidadArt B --> 1
02/06/2020 9:52:14|PrecVear --> 270
02/06/2020 9:52:14|montoArt --> 223,140495867769
02/06/2020 9:52:14|ivaArt --> 21
02/06/2020 9:52:14|hasarOCX.ImprimirItem --> OK
02/06/2020 9:52:14|Articulo --> simply hisoposx75 estuche-109479
02/06/2020 9:52:14|cantidadArt B --> 1
02/06/2020 9:52:14|PrecVear --> 65
02/06/2020 9:52:14|montoArt --> 53,7190082644628
02/06/2020 9:52:14|ivaArt --> 21
02/06/2020 9:52:14|hasarOCX.ImprimirItem --> OK
02/06/2020 9:52:14|Articulo --> sedal acondx300 d.pack balance
02/06/2020 9:52:14|cantidadArt B --> 1
02/06/2020 9:52:14|PrecVear --> 110
02/06/2020 9:52:14|montoArt --> 90,9090909090909
02/06/2020 9:52:14|ivaArt --> 21
02/06/2020 9:52:15|hasarOCX.ImprimirItem --> OK
02/06/2020 9:52:15|Articulo --> sedal chx300ml d.pack cr.balance
02/06/2020 9:52:15|cantidadArt B --> 1
02/06/2020 9:52:15|PrecVear --> 110
02/06/2020 9:52:15|montoArt --> 90,9090909090909
02/06/2020 9:52:15|ivaArt --> 21
02/06/2020 9:52:15|hasarOCX.ImprimirItem --> OK
02/06/2020 9:52:15|Articulo --> ideal toallitas humedas bb repuesto clasica (celeste)
02/06/2020 9:52:15|cantidadArt B --> 1
02/06/2020 9:52:15|PrecVear --> 70
02/06/2020 9:52:15|montoArt --> 57,8512396694215
02/06/2020 9:52:15|ivaArt --> 21
02/06/2020 9:52:15|hasarOCX.ImprimirItem --> OK
02/06/2020 9:52:15|Articulo --> tio nacho sh. herbo.milenaria x 415 ml.
02/06/2020 9:52:15|cantidadArt B --> 1
02/06/2020 9:52:15|PrecVear --> 470
02/06/2020 9:52:15|montoArt --> 388,429752066116
02/06/2020 9:52:15|ivaArt --> 21
02/06/2020 9:52:16|hasarOCX.ImprimirItem --> OK
02/06/2020 9:52:16|Articulo --> h.s chx375 alivio
02/06/2020 9:52:16|cantidadArt B --> 1
02/06/2020 9:52:16|PrecVear --> 309
02/06/2020 9:52:16|montoArt --> 255,371900826446
02/06/2020 9:52:16|ivaArt --> 21
02/06/2020 9:52:16|hasarOCX.ImprimirItem --> OK
02/06/2020 9:52:16|Articulo --> h.s acondx375 alivio refrescante
02/06/2020 9:52:16|cantidadArt B --> 1
02/06/2020 9:52:16|PrecVear --> 295
02/06/2020 9:52:16|montoArt --> 243,801652892562
02/06/2020 9:52:16|ivaArt --> 21
02/06/2020 9:52:16|hasarOCX.ImprimirItem --> OK
02/06/2020 9:52:16|Articulo --> bolsas de residuos 45*60
02/06/2020 9:52:16|cantidadArt B --> 1
02/06/2020 9:52:16|PrecVear --> 30
02/06/2020 9:52:16|montoArt --> 24,7933884297521
02/06/2020 9:52:16|ivaArt --> 21
02/06/2020 9:52:17|hasarOCX.ImprimirItem --> OK
02/06/2020 9:52:17|Articulo --> bolsa residuos 60*90
02/06/2020 9:52:17|cantidadArt B --> 1
02/06/2020 9:52:17|PrecVear --> 65
02/06/2020 9:52:17|montoArt --> 53,7190082644628
02/06/2020 9:52:17|ivaArt --> 21
02/06/2020 9:52:17|hasarOCX.ImprimirItem --> OK
02/06/2020 9:52:17|Articulo --> el coloso fosforosx220un
02/06/2020 9:52:17|cantidadArt B --> 1
02/06/2020 9:52:17|PrecVear --> 29
02/06/2020 9:52:17|montoArt --> 23,9669421487603
02/06/2020 9:52:17|ivaArt --> 21
02/06/2020 9:52:17|hasarOCX.ImprimirItem --> OK
02/06/2020 9:52:17|Articulo --> rejilla doble entre el sol40x42
02/06/2020 9:52:17|cantidadArt B --> 1
02/06/2020 9:52:17|PrecVear --> 40
02/06/2020 9:52:17|montoArt --> 33,0578512396694
02/06/2020 9:52:17|ivaArt --> 21
02/06/2020 9:52:18|hasarOCX.ImprimirItem --> OK
02/06/2020 9:52:18|Articulo --> mortimer esp.cudriculada
02/06/2020 9:52:18|cantidadArt B --> 1
02/06/2020 9:52:18|PrecVear --> 30
02/06/2020 9:52:18|montoArt --> 24,7933884297521
02/06/2020 9:52:18|ivaArt --> 21
02/06/2020 9:52:18|hasarOCX.ImprimirItem --> OK
02/06/2020 9:52:18|Articulo --> polyana wood deo
02/06/2020 9:52:18|cantidadArt B --> 1
02/06/2020 9:52:18|PrecVear --> 105
02/06/2020 9:52:18|montoArt --> 86,7768595041322
02/06/2020 9:52:18|ivaArt --> 21
02/06/2020 9:52:18|hasarOCX.ImprimirItem --> OK
02/06/2020 9:52:18|Articulo --> el coloso rollo cocx3 x 40paños
02/06/2020 9:52:18|cantidadArt B --> 1
02/06/2020 9:52:18|PrecVear --> 46
02/06/2020 9:52:18|montoArt --> 38,0165289256198
02/06/2020 9:52:18|ivaArt --> 21
02/06/2020 9:52:19|hasarOCX.ImprimirItem --> OK
02/06/2020 9:52:19|Articulo --> hinds cr.manos intrahidratan 90gr
02/06/2020 9:52:19|cantidadArt B --> 1
02/06/2020 9:52:19|PrecVear --> 185
02/06/2020 9:52:19|montoArt --> 152,892561983471
02/06/2020 9:52:19|ivaArt --> 21
02/06/2020 9:52:19|hasarOCX.ImprimirItem --> OK
02/06/2020 9:52:19|Articulo --> polyana deo fresh
02/06/2020 9:52:19|cantidadArt B --> 1
02/06/2020 9:52:19|PrecVear --> 105
02/06/2020 9:52:19|montoArt --> 86,7768595041322
02/06/2020 9:52:19|ivaArt --> 21
02/06/2020 9:52:20|hasarOCX.ImprimirItem --> OK
02/06/2020 9:52:20|Cerrar Comprobante B:::
02/06/2020 9:52:22|Obtiene nrocomp
02/06/2020 9:52:23|nrocomp --> 854
02/06/2020 9:52:23|Nro. de Comprobante ::: TFB ::: 854
02/06/2020 9:53:47|Conectando..
02/06/2020 9:53:47|IP: 127.0.0.1 - Puerto: 6500
02/06/2020 9:53:48|Conectado con éxito!!
02/06/2020 10:02:40|Comienza Facturacion B
02/06/2020 10:02:40|DatosCliente B
02/06/2020 10:02:42|AbrirComprobanteFiscal B
02/06/2020 10:02:42|Articulo --> el coloso lustramx400
02/06/2020 10:02:42|cantidadArt B --> 1
02/06/2020 10:02:42|PrecVear --> 95
02/06/2020 10:02:42|montoArt --> 78,5123966942149
02/06/2020 10:02:42|ivaArt --> 21
02/06/2020 10:02:43|hasarOCX.ImprimirItem --> OK
02/06/2020 10:02:43|Articulo --> skip polvo x600 g
02/06/2020 10:02:43|cantidadArt B --> 1
02/06/2020 10:02:43|PrecVear --> 100
02/06/2020 10:02:43|montoArt --> 82,6446280991736
02/06/2020 10:02:43|ivaArt --> 21
02/06/2020 10:02:43|hasarOCX.ImprimirItem --> OK
02/06/2020 10:02:43|Articulo --> bolsas residuos 50*70
02/06/2020 10:02:43|cantidadArt B --> 1
02/06/2020 10:02:43|PrecVear --> 40
02/06/2020 10:02:43|montoArt --> 33,0578512396694
02/06/2020 10:02:43|ivaArt --> 21
02/06/2020 10:02:43|hasarOCX.ImprimirItem --> OK
02/06/2020 10:02:43|Articulo --> elvive chx200 color vive
02/06/2020 10:02:43|cantidadArt B --> 1
02/06/2020 10:02:43|PrecVear --> 185
02/06/2020 10:02:43|montoArt --> 152,892561983471
02/06/2020 10:02:43|ivaArt --> 21
02/06/2020 10:02:44|hasarOCX.ImprimirItem --> OK
02/06/2020 10:02:44|Articulo --> elvive acondx200 color vive
02/06/2020 10:02:44|cantidadArt B --> 1
02/06/2020 10:02:44|PrecVear --> 185
02/06/2020 10:02:44|montoArt --> 152,892561983471
02/06/2020 10:02:44|ivaArt --> 21
02/06/2020 10:02:44|hasarOCX.ImprimirItem --> OK
02/06/2020 10:02:44|Articulo --> ala matic  x3l dp
02/06/2020 10:02:44|cantidadArt B --> 1
02/06/2020 10:02:44|PrecVear --> 390
02/06/2020 10:02:44|montoArt --> 322,314049586777
02/06/2020 10:02:44|ivaArt --> 21
02/06/2020 10:02:44|hasarOCX.ImprimirItem --> OK
02/06/2020 10:02:44|Cerrar Comprobante B:::
02/06/2020 10:02:47|Obtiene nrocomp
02/06/2020 10:02:48|nrocomp --> 855
02/06/2020 10:02:48|Nro. de Comprobante ::: TFB ::: 855
02/06/2020 10:13:39|Conectando..
02/06/2020 10:13:39|IP: 127.0.0.1 - Puerto: 6500
02/06/2020 10:13:40|Conectado con éxito!!
02/06/2020 10:15:45|Conectando..
02/06/2020 10:15:45|IP: 127.0.0.1 - Puerto: 6500
02/06/2020 10:15:46|Conectado con éxito!!
02/06/2020 10:19:04|Conectando..
02/06/2020 10:19:04|IP: 127.0.0.1 - Puerto: 6500
02/06/2020 10:19:04|Conectado con éxito!!
02/06/2020 10:24:17|Conectando..
02/06/2020 10:24:17|IP: 127.0.0.1 - Puerto: 6500
02/06/2020 10:24:18|Conectado con éxito!!
02/06/2020 10:41:34|Conectando..
02/06/2020 10:41:34|IP: 127.0.0.1 - Puerto: 6500
02/06/2020 10:41:35|Conectado con éxito!!
02/06/2020 10:43:19|Comienza Facturacion B
02/06/2020 10:43:19|DatosCliente B
02/06/2020 10:43:21|AbrirComprobanteFiscal B
02/06/2020 10:43:21|Articulo --> querubin jab liq x3 l dp
02/06/2020 10:43:21|cantidadArt B --> 1
02/06/2020 10:43:21|PrecVear --> 380
02/06/2020 10:43:21|montoArt --> 314,04958677686
02/06/2020 10:43:21|ivaArt --> 21
02/06/2020 10:44:29|hasarOCX.ImprimirItem --> OK
02/06/2020 10:44:29|Articulo --> selton mmmx360 casa y jardin-24462
02/06/2020 10:44:29|cantidadArt B --> 1
02/06/2020 10:44:29|PrecVear --> 176
02/06/2020 10:44:29|montoArt --> 145,454545454545
02/06/2020 10:44:29|ivaArt --> 21
02/06/2020 10:44:29|hasarOCX.ImprimirItem --> OK
02/06/2020 10:44:29|Articulo --> estrella algodon clasico x140g
02/06/2020 10:44:29|cantidadArt B --> 1
02/06/2020 10:44:29|PrecVear --> 100
02/06/2020 10:44:29|montoArt --> 82,6446280991736
02/06/2020 10:44:29|ivaArt --> 21
02/06/2020 10:44:30|hasarOCX.ImprimirItem --> OK
02/06/2020 10:44:30|Articulo --> mr.musculox450 d.p cocina
02/06/2020 10:44:30|cantidadArt B --> 1
02/06/2020 10:44:30|PrecVear --> 59
02/06/2020 10:44:30|montoArt --> 48,7603305785124
02/06/2020 10:44:30|ivaArt --> 21
02/06/2020 10:44:30|hasarOCX.ImprimirItem --> OK
02/06/2020 10:44:30|Articulo --> el coloso guantes max t8 med
02/06/2020 10:44:30|cantidadArt B --> 1
02/06/2020 10:44:30|PrecVear --> 130
02/06/2020 10:44:30|montoArt --> 107,438016528926
02/06/2020 10:44:30|ivaArt --> 21
02/06/2020 10:44:30|hasarOCX.ImprimirItem --> OK
02/06/2020 10:44:30|Articulo --> varios
02/06/2020 10:44:30|cantidadArt B --> 1
02/06/2020 10:44:30|PrecVear --> 400
02/06/2020 10:44:30|montoArt --> 330,578512396694
02/06/2020 10:44:30|ivaArt --> 21
02/06/2020 10:44:31|hasarOCX.ImprimirItem --> OK
02/06/2020 10:44:31|Articulo --> ceramicol liqx450 d.pack 2766
02/06/2020 10:44:31|cantidadArt B --> 1
02/06/2020 10:44:31|PrecVear --> 98
02/06/2020 10:44:31|montoArt --> 80,9917355371901
02/06/2020 10:44:31|ivaArt --> 21
02/06/2020 10:44:31|hasarOCX.ImprimirItem --> OK
02/06/2020 10:44:31|Articulo --> mf alcohol etilico
02/06/2020 10:44:31|cantidadArt B --> 1
02/06/2020 10:44:31|PrecVear --> 185
02/06/2020 10:44:31|montoArt --> 152,892561983471
02/06/2020 10:44:31|ivaArt --> 21
02/06/2020 10:44:31|hasarOCX.ImprimirItem --> OK
02/06/2020 10:44:31|Articulo --> pantene acondx400 liso extremo
02/06/2020 10:44:31|cantidadArt B --> 1
02/06/2020 10:44:31|PrecVear --> 285
02/06/2020 10:44:31|montoArt --> 235,537190082645
02/06/2020 10:44:31|ivaArt --> 21
02/06/2020 10:44:32|hasarOCX.ImprimirItem --> OK
02/06/2020 10:44:32|Articulo --> broche plastico
02/06/2020 10:44:32|cantidadArt B --> 1
02/06/2020 10:44:32|PrecVear --> 45
02/06/2020 10:44:32|montoArt --> 37,1900826446281
02/06/2020 10:44:32|ivaArt --> 21
02/06/2020 10:44:32|hasarOCX.ImprimirItem --> OK
02/06/2020 10:44:32|Articulo --> dove jabon x90 blanco
02/06/2020 10:44:32|cantidadArt B --> 1
02/06/2020 10:44:32|PrecVear --> 64
02/06/2020 10:44:32|montoArt --> 52,8925619834711
02/06/2020 10:44:32|ivaArt --> 21
02/06/2020 10:44:32|hasarOCX.ImprimirItem --> OK
02/06/2020 10:44:32|Articulo --> rexona aero  apx90 bamb y a ve-2666
02/06/2020 10:44:32|cantidadArt B --> 1
02/06/2020 10:44:32|PrecVear --> 130
02/06/2020 10:44:32|montoArt --> 107,438016528926
02/06/2020 10:44:32|ivaArt --> 21
02/06/2020 10:44:33|hasarOCX.ImprimirItem --> OK
02/06/2020 10:44:33|Articulo --> vella tratamientos capilares c/bomba
02/06/2020 10:44:33|cantidadArt B --> 1
02/06/2020 10:44:33|PrecVear --> 320
02/06/2020 10:44:33|montoArt --> 264,462809917355
02/06/2020 10:44:33|ivaArt --> 21
02/06/2020 10:44:33|hasarOCX.ImprimirItem --> OK
02/06/2020 10:44:33|Cerrar Comprobante B:::
02/06/2020 10:44:36|Obtiene nrocomp
02/06/2020 10:44:36|nrocomp --> 856
02/06/2020 10:44:36|Nro. de Comprobante ::: TFB ::: 856
02/06/2020 10:46:19|Conectando..
02/06/2020 10:46:19|IP: 127.0.0.1 - Puerto: 6500
02/06/2020 10:46:20|Conectado con éxito!!
02/06/2020 10:55:53|Comienza Facturacion B
02/06/2020 10:55:53|DatosCliente B
02/06/2020 10:55:57|AbrirComprobanteFiscal B
02/06/2020 10:55:57|Articulo --> gillette sensitive maquina de 3 filos
02/06/2020 10:55:57|cantidadArt B --> 1
02/06/2020 10:55:57|PrecVear --> 95
02/06/2020 10:55:57|montoArt --> 78,5123966942149
02/06/2020 10:55:57|ivaArt --> 21
02/06/2020 10:55:57|hasarOCX.ImprimirItem --> OK
02/06/2020 10:55:57|Articulo --> cif act. gel limon verde c 300 ml
02/06/2020 10:55:57|cantidadArt B --> 1
02/06/2020 10:55:57|PrecVear --> 65
02/06/2020 10:55:57|montoArt --> 53,7190082644628
02/06/2020 10:55:57|ivaArt --> 21
02/06/2020 10:55:58|hasarOCX.ImprimirItem --> OK
02/06/2020 10:55:58|Articulo --> espadol jabx90 original
02/06/2020 10:55:58|cantidadArt B --> 1
02/06/2020 10:55:58|PrecVear --> 98
02/06/2020 10:55:58|montoArt --> 80,9917355371901
02/06/2020 10:55:58|ivaArt --> 21
02/06/2020 10:55:58|hasarOCX.ImprimirItem --> OK
02/06/2020 10:55:58|Articulo --> duplex aero lavanda
02/06/2020 10:55:58|cantidadArt B --> 1
02/06/2020 10:55:58|PrecVear --> 115
02/06/2020 10:55:58|montoArt --> 95,0413223140496
02/06/2020 10:55:58|ivaArt --> 21
02/06/2020 10:55:58|hasarOCX.ImprimirItem --> OK
02/06/2020 10:55:58|Articulo --> make pulverizador multiuso x750
02/06/2020 10:55:58|cantidadArt B --> 1
02/06/2020 10:55:58|PrecVear --> 100
02/06/2020 10:55:58|montoArt --> 82,6446280991736
02/06/2020 10:55:58|ivaArt --> 21
02/06/2020 10:55:59|hasarOCX.ImprimirItem --> OK
02/06/2020 10:55:59|Articulo --> plumero microfibra
02/06/2020 10:55:59|cantidadArt B --> 1
02/06/2020 10:55:59|PrecVear --> 198
02/06/2020 10:55:59|montoArt --> 163,636363636364
02/06/2020 10:55:59|ivaArt --> 21
02/06/2020 10:55:59|hasarOCX.ImprimirItem --> OK
02/06/2020 10:55:59|Articulo --> biferdil bio color 0% amonicaco  9
02/06/2020 10:55:59|cantidadArt B --> 1
02/06/2020 10:55:59|PrecVear --> 460
02/06/2020 10:55:59|montoArt --> 380,165289256198
02/06/2020 10:55:59|ivaArt --> 21
02/06/2020 10:55:59|hasarOCX.ImprimirItem --> OK
02/06/2020 10:55:59|Cerrar Comprobante B:::
02/06/2020 10:56:02|Obtiene nrocomp
02/06/2020 10:56:02|nrocomp --> 857
02/06/2020 10:56:02|Nro. de Comprobante ::: TFB ::: 857
02/06/2020 10:56:37|Comienza Facturacion B
02/06/2020 10:56:37|DatosCliente B
02/06/2020 10:56:39|AbrirComprobanteFiscal B
02/06/2020 10:56:39|Articulo --> bolsa agua calientex2 lts
02/06/2020 10:56:39|cantidadArt B --> 1
02/06/2020 10:56:39|PrecVear --> 268
02/06/2020 10:56:39|montoArt --> 221,487603305785
02/06/2020 10:56:39|ivaArt --> 21
02/06/2020 10:56:40|hasarOCX.ImprimirItem --> OK
02/06/2020 10:56:40|Cerrar Comprobante B:::
02/06/2020 10:56:43|Obtiene nrocomp
02/06/2020 10:56:43|nrocomp --> 858
02/06/2020 10:56:43|Nro. de Comprobante ::: TFB ::: 858
02/06/2020 11:06:36|Conectando..
02/06/2020 11:06:36|IP: 127.0.0.1 - Puerto: 6500
02/06/2020 11:06:37|Conectado con éxito!!
02/06/2020 11:08:56|Comienza Facturacion B
02/06/2020 11:08:56|DatosCliente B
02/06/2020 11:08:59|AbrirComprobanteFiscal B
02/06/2020 11:08:59|Articulo --> plusbelle jabx125 hum.cremoso
02/06/2020 11:08:59|cantidadArt B --> 2
02/06/2020 11:08:59|PrecVear --> 42
02/06/2020 11:08:59|montoArt --> 34,7107438016529
02/06/2020 11:08:59|ivaArt --> 21
02/06/2020 11:08:59|hasarOCX.ImprimirItem --> OK
02/06/2020 11:08:59|Articulo --> raid tabletasx12 dob.accion
02/06/2020 11:08:59|cantidadArt B --> 1
02/06/2020 11:08:59|PrecVear --> 114
02/06/2020 11:08:59|montoArt --> 94,2148760330578
02/06/2020 11:08:59|ivaArt --> 21
02/06/2020 11:09:00|hasarOCX.ImprimirItem --> OK
02/06/2020 11:09:00|Articulo --> el coloso fosforosx220un
02/06/2020 11:09:00|cantidadArt B --> 1
02/06/2020 11:09:00|PrecVear --> 29
02/06/2020 11:09:00|montoArt --> 23,9669421487603
02/06/2020 11:09:00|ivaArt --> 21
02/06/2020 11:09:00|hasarOCX.ImprimirItem --> OK
02/06/2020 11:09:00|Articulo --> selton cucarachix360 negro -24463
02/06/2020 11:09:00|cantidadArt B --> 1
02/06/2020 11:09:00|PrecVear --> 150
02/06/2020 11:09:00|montoArt --> 123,96694214876
02/06/2020 11:09:00|ivaArt --> 21
02/06/2020 11:09:00|hasarOCX.ImprimirItem --> OK
02/06/2020 11:09:00|Articulo --> cif bañox450 doy pack-72961
02/06/2020 11:09:00|cantidadArt B --> 1
02/06/2020 11:09:00|PrecVear --> 59
02/06/2020 11:09:00|montoArt --> 48,7603305785124
02/06/2020 11:09:00|ivaArt --> 21
02/06/2020 11:09:01|hasarOCX.ImprimirItem --> OK
02/06/2020 11:09:01|Cerrar Comprobante B:::
02/06/2020 11:09:04|Obtiene nrocomp
02/06/2020 11:09:04|nrocomp --> 859
02/06/2020 11:09:04|Nro. de Comprobante ::: TFB ::: 859
02/06/2020 11:11:53|Conectando..
02/06/2020 11:11:53|IP: 127.0.0.1 - Puerto: 6500
02/06/2020 11:11:54|Conectado con éxito!!
02/06/2020 11:13:10|Comienza Facturacion B
02/06/2020 11:13:10|DatosCliente B
02/06/2020 11:13:13|AbrirComprobanteFiscal B
02/06/2020 11:13:13|Articulo --> pampers t.hum. limp compl x48 (con aroma)
02/06/2020 11:13:13|cantidadArt B --> 2
02/06/2020 11:13:13|PrecVear --> 140
02/06/2020 11:13:13|montoArt --> 115,702479338843
02/06/2020 11:13:13|ivaArt --> 21
02/06/2020 11:13:13|hasarOCX.ImprimirItem --> OK
02/06/2020 11:13:13|Articulo --> huggies nat care xl x58 - ellos
02/06/2020 11:13:13|cantidadArt B --> 1
02/06/2020 11:13:13|PrecVear --> 1100
02/06/2020 11:13:13|montoArt --> 909,090909090909
02/06/2020 11:13:13|ivaArt --> 21
02/06/2020 11:13:14|hasarOCX.ImprimirItem --> OK
02/06/2020 11:13:14|Cerrar Comprobante B:::
02/06/2020 11:13:17|Obtiene nrocomp
02/06/2020 11:13:17|nrocomp --> 860
02/06/2020 11:13:17|Nro. de Comprobante ::: TFB ::: 860
02/06/2020 11:19:20|Conectando..
02/06/2020 11:19:20|IP: 127.0.0.1 - Puerto: 6500
02/06/2020 11:19:21|Conectado con éxito!!
02/06/2020 11:19:42|Comienza Facturacion B
02/06/2020 11:19:43|DatosCliente B
02/06/2020 11:19:45|AbrirComprobanteFiscal B
02/06/2020 11:19:45|Articulo --> rexona aero apx90 sport men-1347
02/06/2020 11:19:45|cantidadArt B --> 2
02/06/2020 11:19:45|PrecVear --> 135
02/06/2020 11:19:45|montoArt --> 111,570247933884
02/06/2020 11:19:45|ivaArt --> 21
02/06/2020 11:19:45|hasarOCX.ImprimirItem --> OK
02/06/2020 11:19:45|Articulo --> kevin spirit edtx100c/vap.6031/3#
02/06/2020 11:19:45|cantidadArt B --> 2
02/06/2020 11:19:45|PrecVear --> 840
02/06/2020 11:19:45|montoArt --> 694,214876033058
02/06/2020 11:19:45|ivaArt --> 21
02/06/2020 11:19:46|hasarOCX.ImprimirItem --> OK
02/06/2020 11:19:46|Cerrar Comprobante B:::
02/06/2020 11:19:49|Obtiene nrocomp
02/06/2020 11:19:49|nrocomp --> 861
02/06/2020 11:19:49|Nro. de Comprobante ::: TFB ::: 861
02/06/2020 11:25:11|Conectando..
02/06/2020 11:25:11|IP: 127.0.0.1 - Puerto: 6500
02/06/2020 11:25:11|Conectado con éxito!!
02/06/2020 11:45:04|Comienza Facturacion B
02/06/2020 11:45:04|DatosCliente B
02/06/2020 11:45:07|AbrirComprobanteFiscal B
02/06/2020 11:45:07|Articulo --> herbal ess.acondx300 prolongalo
02/06/2020 11:45:07|cantidadArt B --> 1
02/06/2020 11:45:07|PrecVear --> 170
02/06/2020 11:45:07|montoArt --> 140,495867768595
02/06/2020 11:45:07|ivaArt --> 21
02/06/2020 11:45:07|hasarOCX.ImprimirItem --> OK
02/06/2020 11:45:07|Articulo --> dermovagisil jab liq x240ml
02/06/2020 11:45:07|cantidadArt B --> 1
02/06/2020 11:45:07|PrecVear --> 360
02/06/2020 11:45:07|montoArt --> 297,520661157025
02/06/2020 11:45:07|ivaArt --> 21
02/06/2020 11:45:07|hasarOCX.ImprimirItem --> OK
02/06/2020 11:45:07|Articulo --> babysec regular g x9u
02/06/2020 11:45:07|cantidadArt B --> 2
02/06/2020 11:45:07|PrecVear --> 120
02/06/2020 11:45:07|montoArt --> 99,1735537190083
02/06/2020 11:45:07|ivaArt --> 21
02/06/2020 11:45:08|hasarOCX.ImprimirItem --> OK
02/06/2020 11:45:08|Articulo --> candela encendedor de bolsillo
02/06/2020 11:45:08|cantidadArt B --> 1
02/06/2020 11:45:08|PrecVear --> 35
02/06/2020 11:45:08|montoArt --> 28,9256198347107
02/06/2020 11:45:08|ivaArt --> 21
02/06/2020 11:45:08|hasarOCX.ImprimirItem --> OK
02/06/2020 11:45:08|Cerrar Comprobante B:::
02/06/2020 11:45:11|Obtiene nrocomp
02/06/2020 11:45:11|nrocomp --> 862
02/06/2020 11:45:11|Nro. de Comprobante ::: TFB ::: 862
02/06/2020 11:49:45|Comienza Facturacion B
02/06/2020 11:49:45|DatosCliente B
02/06/2020 11:49:47|AbrirComprobanteFiscal B
02/06/2020 11:49:47|Articulo --> otowil socorrocap.trat. 48x10 cc. 48x1
02/06/2020 11:49:47|cantidadArt B --> 1
02/06/2020 11:49:47|PrecVear --> 40
02/06/2020 11:49:47|montoArt --> 33,0578512396694
02/06/2020 11:49:47|ivaArt --> 21
02/06/2020 11:49:48|hasarOCX.ImprimirItem --> OK
02/06/2020 11:49:48|Articulo --> otowil aceit.argan purox10ml
02/06/2020 11:49:48|cantidadArt B --> 1
02/06/2020 11:49:48|PrecVear --> 68
02/06/2020 11:49:48|montoArt --> 56,198347107438
02/06/2020 11:49:48|ivaArt --> 21
02/06/2020 11:49:48|hasarOCX.ImprimirItem --> OK
02/06/2020 11:49:48|Articulo --> otowil keratincrema trat 24x25 grs 24x
02/06/2020 11:49:48|cantidadArt B --> 1
02/06/2020 11:49:48|PrecVear --> 45
02/06/2020 11:49:48|montoArt --> 37,1900826446281
02/06/2020 11:49:48|ivaArt --> 21
02/06/2020 11:49:49|hasarOCX.ImprimirItem --> OK
02/06/2020 11:49:49|Articulo --> always noche ultrafina 7u
02/06/2020 11:49:49|cantidadArt B --> 1
02/06/2020 11:49:49|PrecVear --> 150
02/06/2020 11:49:49|montoArt --> 123,96694214876
02/06/2020 11:49:49|ivaArt --> 21
02/06/2020 11:49:49|hasarOCX.ImprimirItem --> OK
02/06/2020 11:49:49|Articulo --> rexona jabx125 bamboo fresh-5478
02/06/2020 11:49:49|cantidadArt B --> 1
02/06/2020 11:49:49|PrecVear --> 39
02/06/2020 11:49:49|montoArt --> 32,2314049586777
02/06/2020 11:49:49|ivaArt --> 21
02/06/2020 11:49:49|hasarOCX.ImprimirItem --> OK
02/06/2020 11:49:49|Articulo --> prestobarba ultragrip 2 filos
02/06/2020 11:49:49|cantidadArt B --> 2
02/06/2020 11:49:49|PrecVear --> 65
02/06/2020 11:49:49|montoArt --> 53,7190082644628
02/06/2020 11:49:49|ivaArt --> 21
02/06/2020 11:49:50|hasarOCX.ImprimirItem --> OK
02/06/2020 11:49:50|Articulo --> rexona efficientx200 talco original
02/06/2020 11:49:50|cantidadArt B --> 1
02/06/2020 11:49:50|PrecVear --> 175
02/06/2020 11:49:50|montoArt --> 144,628099173554
02/06/2020 11:49:50|ivaArt --> 21
02/06/2020 11:49:50|hasarOCX.ImprimirItem --> OK
02/06/2020 11:49:50|Cerrar Comprobante B:::
02/06/2020 11:49:53|Obtiene nrocomp
02/06/2020 11:49:53|nrocomp --> 863
02/06/2020 11:49:53|Nro. de Comprobante ::: TFB ::: 863
02/06/2020 11:53:22|Comienza Facturacion B
02/06/2020 11:53:23|DatosCliente B
02/06/2020 11:53:25|AbrirComprobanteFiscal B
02/06/2020 11:53:25|Articulo --> pampers confortsec m x86
02/06/2020 11:53:25|cantidadArt B --> 1
02/06/2020 11:53:25|PrecVear --> 1050
02/06/2020 11:53:25|montoArt --> 867,768595041322
02/06/2020 11:53:25|ivaArt --> 21
02/06/2020 11:53:25|hasarOCX.ImprimirItem --> OK
02/06/2020 11:53:25|Articulo --> el coloso jab.pan bco clas.1x150gr
02/06/2020 11:53:25|cantidadArt B --> 1
02/06/2020 11:53:25|PrecVear --> 32
02/06/2020 11:53:25|montoArt --> 26,4462809917355
02/06/2020 11:53:25|ivaArt --> 21
02/06/2020 11:53:26|hasarOCX.ImprimirItem --> OK
02/06/2020 11:53:26|Articulo --> estrella baby oleo verde x250ml
02/06/2020 11:53:26|cantidadArt B --> 1
02/06/2020 11:53:26|PrecVear --> 139
02/06/2020 11:53:26|montoArt --> 114,876033057851
02/06/2020 11:53:26|ivaArt --> 21
02/06/2020 11:53:26|hasarOCX.ImprimirItem --> OK
02/06/2020 11:53:26|Articulo --> jdove baby jab h sensible x75g
02/06/2020 11:53:26|cantidadArt B --> 1
02/06/2020 11:53:26|PrecVear --> 77
02/06/2020 11:53:26|montoArt --> 63,6363636363636
02/06/2020 11:53:26|ivaArt --> 21
02/06/2020 11:53:26|hasarOCX.ImprimirItem --> OK
02/06/2020 11:53:26|Cerrar Comprobante B:::
02/06/2020 11:53:29|Obtiene nrocomp
02/06/2020 11:53:30|nrocomp --> 864
02/06/2020 11:53:30|Nro. de Comprobante ::: TFB ::: 864
02/06/2020 12:03:15|Comienza Facturacion B
02/06/2020 12:03:15|DatosCliente B
02/06/2020 12:03:17|AbrirComprobanteFiscal B
02/06/2020 12:03:17|Articulo --> varios
02/06/2020 12:03:17|cantidadArt B --> 1
02/06/2020 12:03:17|PrecVear --> 192
02/06/2020 12:03:17|montoArt --> 158,677685950413
02/06/2020 12:03:17|ivaArt --> 21
02/06/2020 12:03:18|hasarOCX.ImprimirItem --> OK
02/06/2020 12:03:18|Articulo --> rexona jabon x125 orquid.fresh
02/06/2020 12:03:18|cantidadArt B --> 3
02/06/2020 12:03:18|PrecVear --> 39
02/06/2020 12:03:18|montoArt --> 32,2314049586777
02/06/2020 12:03:18|ivaArt --> 21
02/06/2020 12:03:18|hasarOCX.ImprimirItem --> OK
02/06/2020 12:03:18|Articulo --> huggies act sec flex xgx56
02/06/2020 12:03:18|cantidadArt B --> 1
02/06/2020 12:03:18|PrecVear --> 990
02/06/2020 12:03:18|montoArt --> 818,181818181818
02/06/2020 12:03:18|ivaArt --> 21
02/06/2020 12:03:18|hasarOCX.ImprimirItem --> OK
02/06/2020 12:03:18|Articulo --> q soft toall. hum. clasicas x50u
02/06/2020 12:03:18|cantidadArt B --> 1
02/06/2020 12:03:18|PrecVear --> 98
02/06/2020 12:03:18|montoArt --> 80,9917355371901
02/06/2020 12:03:18|ivaArt --> 21
02/06/2020 12:03:19|hasarOCX.ImprimirItem --> OK
02/06/2020 12:03:19|Articulo --> bolsa residuos 60*90
02/06/2020 12:03:19|cantidadArt B --> 1
02/06/2020 12:03:19|PrecVear --> 65
02/06/2020 12:03:19|montoArt --> 53,7190082644628
02/06/2020 12:03:19|ivaArt --> 21
02/06/2020 12:03:19|hasarOCX.ImprimirItem --> OK
02/06/2020 12:03:19|Articulo --> estrella baby oleo sin frag/ 500ml (naranja)
02/06/2020 12:03:19|cantidadArt B --> 1
02/06/2020 12:03:19|PrecVear --> 190
02/06/2020 12:03:19|montoArt --> 157,02479338843
02/06/2020 12:03:19|ivaArt --> 21
02/06/2020 12:03:19|hasarOCX.ImprimirItem --> OK
02/06/2020 12:03:19|Articulo --> estrella algodon clasico x140g
02/06/2020 12:03:19|cantidadArt B --> 1
02/06/2020 12:03:19|PrecVear --> 100
02/06/2020 12:03:19|montoArt --> 82,6446280991736
02/06/2020 12:03:19|ivaArt --> 21
02/06/2020 12:03:20|hasarOCX.ImprimirItem --> OK
02/06/2020 12:03:20|Articulo --> mf alcohol etilico
02/06/2020 12:03:20|cantidadArt B --> 1
02/06/2020 12:03:20|PrecVear --> 185
02/06/2020 12:03:20|montoArt --> 152,892561983471
02/06/2020 12:03:20|ivaArt --> 21
02/06/2020 12:03:20|hasarOCX.ImprimirItem --> OK
02/06/2020 12:03:20|Articulo --> sedal chx300ml d.pack bomba argan
02/06/2020 12:03:20|cantidadArt B --> 1
02/06/2020 12:03:20|PrecVear --> 110
02/06/2020 12:03:20|montoArt --> 90,9090909090909
02/06/2020 12:03:20|ivaArt --> 21
02/06/2020 12:03:20|hasarOCX.ImprimirItem --> OK
02/06/2020 12:03:20|Cerrar Comprobante B:::
02/06/2020 12:03:23|Obtiene nrocomp
02/06/2020 12:03:24|nrocomp --> 865
02/06/2020 12:03:24|Nro. de Comprobante ::: TFB ::: 865
02/06/2020 12:04:58|Comienza Facturacion B
02/06/2020 12:04:58|DatosCliente B
02/06/2020 12:05:02|AbrirComprobanteFiscal B
02/06/2020 12:05:02|Articulo --> huggies nat care xxl x56 ellos
02/06/2020 12:05:02|cantidadArt B --> 1
02/06/2020 12:05:02|PrecVear --> 1100
02/06/2020 12:05:02|montoArt --> 909,090909090909
02/06/2020 12:05:02|ivaArt --> 21
02/06/2020 12:05:03|hasarOCX.ImprimirItem --> OK
02/06/2020 12:05:03|Articulo --> skip liqx3l d.pack
02/06/2020 12:05:03|cantidadArt B --> 1
02/06/2020 12:05:03|PrecVear --> 480
02/06/2020 12:05:03|montoArt --> 396,694214876033
02/06/2020 12:05:03|ivaArt --> 21
02/06/2020 12:05:03|hasarOCX.ImprimirItem --> OK
02/06/2020 12:05:03|Cerrar Comprobante B:::
02/06/2020 12:05:06|Obtiene nrocomp
02/06/2020 12:05:06|nrocomp --> 866
02/06/2020 12:05:06|Nro. de Comprobante ::: TFB ::: 866
02/06/2020 12:14:18|Comienza Facturacion B
02/06/2020 12:14:19|DatosCliente B
02/06/2020 12:14:21|AbrirComprobanteFiscal B
02/06/2020 12:14:21|Articulo --> difusor digital toque nblct09
02/06/2020 12:14:21|cantidadArt B --> 1
02/06/2020 12:14:21|PrecVear --> 550
02/06/2020 12:14:21|montoArt --> 454,545454545455
02/06/2020 12:14:21|ivaArt --> 21
02/06/2020 12:14:22|hasarOCX.ImprimirItem --> OK
02/06/2020 12:14:22|Articulo --> dove acondx400 hid.intensa
02/06/2020 12:14:22|cantidadArt B --> 1
02/06/2020 12:14:22|PrecVear --> 290
02/06/2020 12:14:22|montoArt --> 239,669421487603
02/06/2020 12:14:22|ivaArt --> 21
02/06/2020 12:14:22|hasarOCX.ImprimirItem --> OK
02/06/2020 12:14:22|Articulo --> ambar aromatizante invicto
02/06/2020 12:14:22|cantidadArt B --> 1
02/06/2020 12:14:22|PrecVear --> 130
02/06/2020 12:14:22|montoArt --> 107,438016528926
02/06/2020 12:14:22|ivaArt --> 21
02/06/2020 12:14:22|hasarOCX.ImprimirItem --> OK
02/06/2020 12:14:22|Articulo --> dove chx400 hidratacion intensa
02/06/2020 12:14:22|cantidadArt B --> 1
02/06/2020 12:14:22|PrecVear --> 290
02/06/2020 12:14:22|montoArt --> 239,669421487603
02/06/2020 12:14:22|ivaArt --> 21
02/06/2020 12:14:23|hasarOCX.ImprimirItem --> OK
02/06/2020 12:14:23|Cerrar Comprobante B:::
02/06/2020 12:14:26|Obtiene nrocomp
02/06/2020 12:14:26|nrocomp --> 867
02/06/2020 12:14:26|Nro. de Comprobante ::: TFB ::: 867
02/06/2020 12:16:30|Conectando..
02/06/2020 12:16:30|IP: 127.0.0.1 - Puerto: 6500
02/06/2020 12:16:31|Conectado con éxito!!
02/06/2020 12:29:02|Conectando..
02/06/2020 12:29:02|IP: 127.0.0.1 - Puerto: 6500
02/06/2020 12:29:03|Conectado con éxito!!
02/06/2020 12:29:11|Comienza Facturacion B
02/06/2020 12:29:12|DatosCliente B
02/06/2020 12:29:14|AbrirComprobanteFiscal B
02/06/2020 12:29:14|Articulo --> q soft toall. hum. con oleo amarillas
02/06/2020 12:29:14|cantidadArt B --> 1
02/06/2020 12:29:14|PrecVear --> 190
02/06/2020 12:29:14|montoArt --> 157,02479338843
02/06/2020 12:29:14|ivaArt --> 21
02/06/2020 12:29:14|hasarOCX.ImprimirItem --> OK
02/06/2020 12:29:14|Articulo --> pampers pants premium care g x30
02/06/2020 12:29:14|cantidadArt B --> 2
02/06/2020 12:29:14|PrecVear --> 540
02/06/2020 12:29:14|montoArt --> 446,280991735537
02/06/2020 12:29:14|ivaArt --> 21
02/06/2020 12:29:15|hasarOCX.ImprimirItem --> OK
02/06/2020 12:29:15|Cerrar Comprobante B:::
02/06/2020 12:29:18|Obtiene nrocomp
02/06/2020 12:29:18|nrocomp --> 868
02/06/2020 12:29:18|Nro. de Comprobante ::: TFB ::: 868
02/06/2020 12:32:32|Comienza Facturacion B
02/06/2020 12:32:32|DatosCliente B
02/06/2020 12:32:34|AbrirComprobanteFiscal B
02/06/2020 12:32:34|Articulo --> huggies trip prot xxg x30u
02/06/2020 12:32:34|cantidadArt B --> 1
02/06/2020 12:32:34|PrecVear --> 450
02/06/2020 12:32:34|montoArt --> 371,900826446281
02/06/2020 12:32:34|ivaArt --> 21
02/06/2020 12:32:35|hasarOCX.ImprimirItem --> OK
02/06/2020 12:32:35|Cerrar Comprobante B:::
02/06/2020 12:32:38|Obtiene nrocomp
02/06/2020 12:32:38|nrocomp --> 869
02/06/2020 12:32:38|Nro. de Comprobante ::: TFB ::: 869
02/06/2020 12:46:04|Conectando..
02/06/2020 12:46:04|IP: 127.0.0.1 - Puerto: 6500
02/06/2020 12:46:05|Conectado con éxito!!
02/06/2020 13:03:53|Comienza Facturacion B
02/06/2020 13:03:53|DatosCliente B
02/06/2020 13:03:55|AbrirComprobanteFiscal B
02/06/2020 13:03:55|Articulo --> nutrisse m.kit nva 71 -h1290400
02/06/2020 13:03:55|cantidadArt B --> 1
02/06/2020 13:03:55|PrecVear --> 240
02/06/2020 13:03:55|montoArt --> 198,347107438017
02/06/2020 13:03:55|ivaArt --> 21
02/06/2020 13:03:56|hasarOCX.ImprimirItem --> OK
02/06/2020 13:03:56|Articulo --> varios
02/06/2020 13:03:56|cantidadArt B --> 1
02/06/2020 13:03:56|PrecVear --> 150
02/06/2020 13:03:56|montoArt --> 123,96694214876
02/06/2020 13:03:56|ivaArt --> 21
02/06/2020 13:03:56|hasarOCX.ImprimirItem --> OK
02/06/2020 13:03:56|Articulo --> dove rollon x50 original
02/06/2020 13:03:56|cantidadArt B --> 1
02/06/2020 13:03:56|PrecVear --> 150
02/06/2020 13:03:56|montoArt --> 123,96694214876
02/06/2020 13:03:56|ivaArt --> 21
02/06/2020 13:03:57|hasarOCX.ImprimirItem --> OK
02/06/2020 13:03:57|Cerrar Comprobante B:::
02/06/2020 13:04:00|Obtiene nrocomp
02/06/2020 13:04:00|nrocomp --> 870
02/06/2020 13:04:00|Nro. de Comprobante ::: TFB ::: 870
02/06/2020 13:46:04|Comienza Facturacion B
02/06/2020 13:46:04|DatosCliente B
02/06/2020 13:46:08|AbrirComprobanteFiscal B
02/06/2020 13:46:08|Articulo --> babysec ultrasec gx44
02/06/2020 13:46:08|cantidadArt B --> 2
02/06/2020 13:46:08|PrecVear --> 470
02/06/2020 13:46:08|montoArt --> 388,429752066116
02/06/2020 13:46:08|ivaArt --> 21
02/06/2020 13:46:08|hasarOCX.ImprimirItem --> OK
02/06/2020 13:46:08|Cerrar Comprobante B:::
02/06/2020 13:46:11|Obtiene nrocomp
02/06/2020 13:46:12|nrocomp --> 871
02/06/2020 13:46:12|Nro. de Comprobante ::: TFB ::: 871
02/06/2020 13:56:30|Conectando..
02/06/2020 13:56:30|IP: 127.0.0.1 - Puerto: 6500
02/06/2020 13:56:30|Conectado con éxito!!
02/06/2020 13:58:21|Conectando..
02/06/2020 13:58:21|IP: 127.0.0.1 - Puerto: 6500
02/06/2020 13:58:22|Conectado con éxito!!
02/06/2020 14:01:05|Conectando..
02/06/2020 14:01:05|IP: 127.0.0.1 - Puerto: 6500
02/06/2020 14:01:06|Conectado con éxito!!
02/06/2020 14:10:42|Conectando..
02/06/2020 14:10:42|IP: 127.0.0.1 - Puerto: 6500
02/06/2020 14:10:43|Conectado con éxito!!
02/06/2020 14:11:30|Comienza Facturacion B
02/06/2020 14:11:30|DatosCliente B
02/06/2020 14:11:33|AbrirComprobanteFiscal B
02/06/2020 14:11:33|Articulo --> doncella protector mam. x24u
02/06/2020 14:11:33|cantidadArt B --> 1
02/06/2020 14:11:33|PrecVear --> 116
02/06/2020 14:11:33|montoArt --> 95,8677685950413
02/06/2020 14:11:33|ivaArt --> 21
02/06/2020 14:11:33|hasarOCX.ImprimirItem --> OK
02/06/2020 14:11:33|Articulo --> varios
02/06/2020 14:11:33|cantidadArt B --> 1
02/06/2020 14:11:33|PrecVear --> 180
02/06/2020 14:11:33|montoArt --> 148,760330578512
02/06/2020 14:11:33|ivaArt --> 21
02/06/2020 14:11:33|hasarOCX.ImprimirItem --> OK
02/06/2020 14:11:33|Articulo --> dove baby sh h sens x200ml
02/06/2020 14:11:33|cantidadArt B --> 1
02/06/2020 14:11:33|PrecVear --> 150
02/06/2020 14:11:33|montoArt --> 123,96694214876
02/06/2020 14:11:33|ivaArt --> 21
02/06/2020 14:11:34|hasarOCX.ImprimirItem --> OK
02/06/2020 14:11:34|Articulo --> estrella pañal p mega x 30
02/06/2020 14:11:34|cantidadArt B --> 1
02/06/2020 14:11:34|PrecVear --> 350
02/06/2020 14:11:34|montoArt --> 289,256198347107
02/06/2020 14:11:34|ivaArt --> 21
02/06/2020 14:11:34|hasarOCX.ImprimirItem --> OK
02/06/2020 14:11:34|Articulo --> babysec premium px30 uni
02/06/2020 14:11:34|cantidadArt B --> 1
02/06/2020 14:11:34|PrecVear --> 630
02/06/2020 14:11:34|montoArt --> 520,661157024793
02/06/2020 14:11:34|ivaArt --> 21
02/06/2020 14:11:34|hasarOCX.ImprimirItem --> OK
02/06/2020 14:11:34|Cerrar Comprobante B:::
02/06/2020 14:11:37|Obtiene nrocomp
02/06/2020 14:11:38|nrocomp --> 872
02/06/2020 14:11:38|Nro. de Comprobante ::: TFB ::: 872
02/06/2020 14:30:46|Conectando..
02/06/2020 14:30:46|IP: 127.0.0.1 - Puerto: 6500
02/06/2020 14:30:47|Conectado con éxito!!
02/06/2020 14:31:42|Conectando..
02/06/2020 14:31:42|IP: 127.0.0.1 - Puerto: 6500
02/06/2020 14:31:42|Conectado con éxito!!
02/06/2020 14:35:56|Conectando..
02/06/2020 14:35:56|IP: 127.0.0.1 - Puerto: 6500
02/06/2020 14:35:57|Conectado con éxito!!
02/06/2020 14:47:19|Conectando..
02/06/2020 14:47:19|IP: 127.0.0.1 - Puerto: 6500
02/06/2020 14:47:20|Conectado con éxito!!
02/06/2020 14:50:09|Comienza Facturacion B
02/06/2020 14:50:09|DatosCliente B
02/06/2020 14:50:11|AbrirComprobanteFiscal B
02/06/2020 14:50:11|Articulo --> pampers pants premium care xxg x24
02/06/2020 14:50:11|cantidadArt B --> 1
02/06/2020 14:50:11|PrecVear --> 550
02/06/2020 14:50:11|montoArt --> 454,545454545455
02/06/2020 14:50:11|ivaArt --> 21
02/06/2020 14:50:12|hasarOCX.ImprimirItem --> OK
02/06/2020 14:50:12|Articulo --> mf alcohol etilico
02/06/2020 14:50:12|cantidadArt B --> 1
02/06/2020 14:50:12|PrecVear --> 185
02/06/2020 14:50:12|montoArt --> 152,892561983471
02/06/2020 14:50:12|ivaArt --> 21
02/06/2020 14:50:12|hasarOCX.ImprimirItem --> OK
02/06/2020 14:50:12|Articulo --> bolsas de residuos 45*60
02/06/2020 14:50:12|cantidadArt B --> 2
02/06/2020 14:50:12|PrecVear --> 30
02/06/2020 14:50:12|montoArt --> 24,7933884297521
02/06/2020 14:50:12|ivaArt --> 21
02/06/2020 14:50:12|hasarOCX.ImprimirItem --> OK
02/06/2020 14:50:12|Articulo --> saphirus aromatizantee textil tropical
02/06/2020 14:50:12|cantidadArt B --> 1
02/06/2020 14:50:12|PrecVear --> 135
02/06/2020 14:50:12|montoArt --> 111,570247933884
02/06/2020 14:50:12|ivaArt --> 21
02/06/2020 14:50:13|hasarOCX.ImprimirItem --> OK
02/06/2020 14:50:13|Articulo --> saphirus aromatizantee textil indiana
02/06/2020 14:50:13|cantidadArt B --> 1
02/06/2020 14:50:13|PrecVear --> 135
02/06/2020 14:50:13|montoArt --> 111,570247933884
02/06/2020 14:50:13|ivaArt --> 21
02/06/2020 14:50:13|hasarOCX.ImprimirItem --> OK
02/06/2020 14:50:13|Articulo --> nonisec ropa interior talle xg 8u
02/06/2020 14:50:13|cantidadArt B --> 2
02/06/2020 14:50:13|PrecVear --> 540
02/06/2020 14:50:13|montoArt --> 446,280991735537
02/06/2020 14:50:13|ivaArt --> 21
02/06/2020 14:50:14|hasarOCX.ImprimirItem --> OK
02/06/2020 14:50:14|Articulo --> varios
02/06/2020 14:50:14|cantidadArt B --> 2
02/06/2020 14:50:14|PrecVear --> 25
02/06/2020 14:50:14|montoArt --> 20,6611570247934
02/06/2020 14:50:14|ivaArt --> 21
02/06/2020 14:50:14|hasarOCX.ImprimirItem --> OK
02/06/2020 14:50:14|Articulo --> dove aero apx89 original -6170
02/06/2020 14:50:14|cantidadArt B --> 1
02/06/2020 14:50:14|PrecVear --> 150
02/06/2020 14:50:14|montoArt --> 123,96694214876
02/06/2020 14:50:14|ivaArt --> 21
02/06/2020 14:50:14|hasarOCX.ImprimirItem --> OK
02/06/2020 14:50:14|Cerrar Comprobante B:::
02/06/2020 14:50:17|Obtiene nrocomp
02/06/2020 14:50:17|nrocomp --> 873
02/06/2020 14:50:17|Nro. de Comprobante ::: TFB ::: 873
02/06/2020 14:54:56|Conectando..
02/06/2020 14:54:56|IP: 127.0.0.1 - Puerto: 6500
02/06/2020 14:54:56|Conectado con éxito!!
02/06/2020 14:56:03|Comienza Facturacion B
02/06/2020 14:56:03|DatosCliente B
02/06/2020 14:56:06|AbrirComprobanteFiscal B
02/06/2020 14:56:06|Articulo --> condor cepillo lava espalda
02/06/2020 14:56:06|cantidadArt B --> 1
02/06/2020 14:56:06|PrecVear --> 270
02/06/2020 14:56:06|montoArt --> 223,140495867769
02/06/2020 14:56:06|ivaArt --> 21
02/06/2020 14:56:06|hasarOCX.ImprimirItem --> OK
02/06/2020 14:56:06|Articulo --> saphirus home spray sweet flowers x500ml
02/06/2020 14:56:06|cantidadArt B --> 1
02/06/2020 14:56:06|PrecVear --> 270
02/06/2020 14:56:06|montoArt --> 223,140495867769
02/06/2020 14:56:06|ivaArt --> 21
02/06/2020 14:56:06|hasarOCX.ImprimirItem --> OK
02/06/2020 14:56:06|Articulo --> saphirus sahumerios
02/06/2020 14:56:06|cantidadArt B --> 1
02/06/2020 14:56:06|PrecVear --> 95
02/06/2020 14:56:06|montoArt --> 78,5123966942149
02/06/2020 14:56:06|ivaArt --> 21
02/06/2020 14:56:07|hasarOCX.ImprimirItem --> OK
02/06/2020 14:56:07|Articulo --> saphirus sahumerios
02/06/2020 14:56:07|cantidadArt B --> 1
02/06/2020 14:56:07|PrecVear --> 94
02/06/2020 14:56:07|montoArt --> 77,6859504132231
02/06/2020 14:56:07|ivaArt --> 21
02/06/2020 14:56:07|hasarOCX.ImprimirItem --> OK
02/06/2020 14:56:07|Articulo --> varios
02/06/2020 14:56:07|cantidadArt B --> 1
02/06/2020 14:56:07|PrecVear --> 2250
02/06/2020 14:56:07|montoArt --> 1859,50413223141
02/06/2020 14:56:07|ivaArt --> 21
02/06/2020 14:56:07|hasarOCX.ImprimirItem --> OK
02/06/2020 14:56:07|Cerrar Comprobante B:::
02/06/2020 14:56:10|Obtiene nrocomp
02/06/2020 14:56:11|nrocomp --> 874
02/06/2020 14:56:11|Nro. de Comprobante ::: TFB ::: 874
02/06/2020 14:58:37|Conectando..
02/06/2020 14:58:37|IP: 127.0.0.1 - Puerto: 6500
02/06/2020 14:58:38|Conectado con éxito!!
02/06/2020 15:03:15|Comienza Facturacion B
02/06/2020 15:03:15|DatosCliente B
02/06/2020 15:03:18|AbrirComprobanteFiscal B
02/06/2020 15:03:18|Articulo --> estrella algodon  clasicox75
02/06/2020 15:03:18|cantidadArt B --> 1
02/06/2020 15:03:18|PrecVear --> 50
02/06/2020 15:03:18|montoArt --> 41,3223140495868
02/06/2020 15:03:18|ivaArt --> 21
02/06/2020 15:03:18|hasarOCX.ImprimirItem --> OK
02/06/2020 15:03:18|Articulo --> dove acondx400 oleo nutric
02/06/2020 15:03:18|cantidadArt B --> 1
02/06/2020 15:03:18|PrecVear --> 290
02/06/2020 15:03:18|montoArt --> 239,669421487603
02/06/2020 15:03:18|ivaArt --> 21
02/06/2020 15:03:18|hasarOCX.ImprimirItem --> OK
02/06/2020 15:03:18|Articulo --> match 3 cartucho x1 blister
02/06/2020 15:03:18|cantidadArt B --> 1
02/06/2020 15:03:18|PrecVear --> 165
02/06/2020 15:03:18|montoArt --> 136,363636363636
02/06/2020 15:03:18|ivaArt --> 21
02/06/2020 15:03:19|hasarOCX.ImprimirItem --> OK
02/06/2020 15:03:19|Articulo --> ladysoft normx8 c/aloe c/alas
02/06/2020 15:03:19|cantidadArt B --> 2
02/06/2020 15:03:19|PrecVear --> 45
02/06/2020 15:03:19|montoArt --> 37,1900826446281
02/06/2020 15:03:19|ivaArt --> 21
02/06/2020 15:03:19|hasarOCX.ImprimirItem --> OK
02/06/2020 15:03:19|Articulo --> nivea crmanos intensiva x 75 ml. 75 ml
02/06/2020 15:03:19|cantidadArt B --> 1
02/06/2020 15:03:19|PrecVear --> 154
02/06/2020 15:03:19|montoArt --> 127,272727272727
02/06/2020 15:03:19|ivaArt --> 21
02/06/2020 15:03:19|hasarOCX.ImprimirItem --> OK
02/06/2020 15:03:19|Cerrar Comprobante B:::
02/06/2020 15:03:22|Obtiene nrocomp
02/06/2020 15:03:23|nrocomp --> 875
02/06/2020 15:03:23|Nro. de Comprobante ::: TFB ::: 875
02/06/2020 15:06:57|Conectando..
02/06/2020 15:06:57|IP: 127.0.0.1 - Puerto: 6500
02/06/2020 15:06:58|Conectado con éxito!!
02/06/2020 15:13:25|Conectando..
02/06/2020 15:13:25|IP: 127.0.0.1 - Puerto: 6500
02/06/2020 15:13:26|Conectado con éxito!!
02/06/2020 15:16:04|Comienza Facturacion B
02/06/2020 15:16:04|DatosCliente B
02/06/2020 15:16:07|AbrirComprobanteFiscal B
02/06/2020 15:16:07|Articulo --> make pulverizador multiuso x750
02/06/2020 15:16:07|cantidadArt B --> 1
02/06/2020 15:16:07|PrecVear --> 100
02/06/2020 15:16:07|montoArt --> 82,6446280991736
02/06/2020 15:16:07|ivaArt --> 21
02/06/2020 15:16:07|hasarOCX.ImprimirItem --> OK
02/06/2020 15:16:07|Articulo --> el coloso alcohol x500 ml
02/06/2020 15:16:07|cantidadArt B --> 2
02/06/2020 15:16:07|PrecVear --> 155
02/06/2020 15:16:07|montoArt --> 128,099173553719
02/06/2020 15:16:07|ivaArt --> 21
02/06/2020 15:16:08|hasarOCX.ImprimirItem --> OK
02/06/2020 15:16:08|Articulo --> mf alcohol etilico
02/06/2020 15:16:08|cantidadArt B --> 1
02/06/2020 15:16:08|PrecVear --> 185
02/06/2020 15:16:08|montoArt --> 152,892561983471
02/06/2020 15:16:08|ivaArt --> 21
02/06/2020 15:16:08|hasarOCX.ImprimirItem --> OK
02/06/2020 15:16:08|Articulo --> huggies trip prot xxg x30u
02/06/2020 15:16:08|cantidadArt B --> 1
02/06/2020 15:16:08|PrecVear --> 450
02/06/2020 15:16:08|montoArt --> 371,900826446281
02/06/2020 15:16:08|ivaArt --> 21
02/06/2020 15:16:08|hasarOCX.ImprimirItem --> OK
02/06/2020 15:16:08|Articulo --> saphirus home spray sweet flowers x500ml
02/06/2020 15:16:08|cantidadArt B --> 2
02/06/2020 15:16:08|PrecVear --> 270
02/06/2020 15:16:08|montoArt --> 223,140495867769
02/06/2020 15:16:08|ivaArt --> 21
02/06/2020 15:16:09|hasarOCX.ImprimirItem --> OK
02/06/2020 15:16:09|Cerrar Comprobante B:::
02/06/2020 15:16:12|Obtiene nrocomp
02/06/2020 15:16:12|nrocomp --> 876
02/06/2020 15:16:12|Nro. de Comprobante ::: TFB ::: 876
02/06/2020 15:16:44|Comienza Facturacion B
02/06/2020 15:16:44|DatosCliente B
02/06/2020 15:16:47|AbrirComprobanteFiscal B
02/06/2020 15:16:47|Articulo --> huggies trip prot xxg x30u
02/06/2020 15:16:47|cantidadArt B --> 1
02/06/2020 15:16:47|PrecVear --> 450
02/06/2020 15:16:47|montoArt --> 371,900826446281
02/06/2020 15:16:47|ivaArt --> 21
02/06/2020 15:16:47|hasarOCX.ImprimirItem --> OK
02/06/2020 15:16:47|Articulo --> make pulverizador multiuso x750
02/06/2020 15:16:47|cantidadArt B --> 1
02/06/2020 15:16:47|PrecVear --> 100
02/06/2020 15:16:47|montoArt --> 82,6446280991736
02/06/2020 15:16:47|ivaArt --> 21
02/06/2020 15:16:47|hasarOCX.ImprimirItem --> OK
02/06/2020 15:16:47|Articulo --> mf alcohol etilico
02/06/2020 15:16:47|cantidadArt B --> 1
02/06/2020 15:16:47|PrecVear --> 185
02/06/2020 15:16:47|montoArt --> 152,892561983471
02/06/2020 15:16:47|ivaArt --> 21
02/06/2020 15:16:48|hasarOCX.ImprimirItem --> OK
02/06/2020 15:16:48|Articulo --> el coloso alcohol x500 ml
02/06/2020 15:16:48|cantidadArt B --> 2
02/06/2020 15:16:48|PrecVear --> 155
02/06/2020 15:16:48|montoArt --> 128,099173553719
02/06/2020 15:16:48|ivaArt --> 21
02/06/2020 15:16:48|hasarOCX.ImprimirItem --> OK
02/06/2020 15:16:48|Articulo --> saphirus sanitizante x500 ml
02/06/2020 15:16:48|cantidadArt B --> 1
02/06/2020 15:16:48|PrecVear --> 270
02/06/2020 15:16:48|montoArt --> 223,140495867769
02/06/2020 15:16:48|ivaArt --> 21
02/06/2020 15:16:48|hasarOCX.ImprimirItem --> OK
02/06/2020 15:16:48|Cerrar Comprobante B:::
02/06/2020 15:16:51|Obtiene nrocomp
02/06/2020 15:16:52|nrocomp --> 877
02/06/2020 15:16:52|Nro. de Comprobante ::: TFB ::: 877
02/06/2020 15:39:22|Conectando..
02/06/2020 15:39:22|IP: 127.0.0.1 - Puerto: 6500
02/06/2020 15:39:23|Conectado con éxito!!
02/06/2020 15:39:33|Comienza Facturacion B
02/06/2020 15:39:33|DatosCliente B
02/06/2020 15:39:35|AbrirComprobanteFiscal B
02/06/2020 15:39:35|Articulo --> varios
02/06/2020 15:39:35|cantidadArt B --> 1
02/06/2020 15:39:35|PrecVear --> 1275
02/06/2020 15:39:35|montoArt --> 1053,71900826446
02/06/2020 15:39:35|ivaArt --> 21
02/06/2020 15:39:36|hasarOCX.ImprimirItem --> OK
02/06/2020 15:39:36|Cerrar Comprobante B:::
02/06/2020 15:39:39|Obtiene nrocomp
02/06/2020 15:39:39|nrocomp --> 878
02/06/2020 15:39:39|Nro. de Comprobante ::: TFB ::: 878
02/06/2020 15:43:55|Conectando..
02/06/2020 15:43:55|IP: 127.0.0.1 - Puerto: 6500
02/06/2020 15:43:56|Conectado con éxito!!
02/06/2020 15:46:21|Conectando..
02/06/2020 15:46:21|IP: 127.0.0.1 - Puerto: 6500
02/06/2020 15:46:22|Conectado con éxito!!
02/06/2020 16:04:07|Conectando..
02/06/2020 16:04:07|IP: 127.0.0.1 - Puerto: 6500
02/06/2020 16:04:08|Conectado con éxito!!
02/06/2020 16:04:31|Conectando..
02/06/2020 16:04:31|IP: 127.0.0.1 - Puerto: 6500
02/06/2020 16:04:31|Conectado con éxito!!
02/06/2020 16:04:41|Comienza Facturacion B
02/06/2020 16:04:41|DatosCliente B
02/06/2020 16:04:44|AbrirComprobanteFiscal B
02/06/2020 16:04:44|Articulo --> estrella algodon clasico x300gr
02/06/2020 16:04:44|cantidadArt B --> 1
02/06/2020 16:04:44|PrecVear --> 212
02/06/2020 16:04:44|montoArt --> 175,206611570248
02/06/2020 16:04:44|ivaArt --> 21
02/06/2020 16:04:44|hasarOCX.ImprimirItem --> OK
02/06/2020 16:04:44|Articulo --> hug clasic pack xxg x56
02/06/2020 16:04:44|cantidadArt B --> 1
02/06/2020 16:04:44|PrecVear --> 790
02/06/2020 16:04:44|montoArt --> 652,892561983471
02/06/2020 16:04:44|ivaArt --> 21
02/06/2020 16:04:45|hasarOCX.ImprimirItem --> OK
02/06/2020 16:04:45|Cerrar Comprobante B:::
02/06/2020 16:04:48|Obtiene nrocomp
02/06/2020 16:04:48|nrocomp --> 879
02/06/2020 16:04:48|Nro. de Comprobante ::: TFB ::: 879
02/06/2020 16:16:37|Conectando..
02/06/2020 16:16:37|IP: 127.0.0.1 - Puerto: 6500
02/06/2020 16:16:38|Conectado con éxito!!
02/06/2020 16:29:53|Comienza Facturacion B
02/06/2020 16:29:53|DatosCliente B
02/06/2020 16:29:55|AbrirComprobanteFiscal B
02/06/2020 16:29:55|Articulo --> clinsy cur.incoloro x900ml
02/06/2020 16:29:55|cantidadArt B --> 1
02/06/2020 16:29:55|PrecVear --> 260
02/06/2020 16:29:55|montoArt --> 214,876033057851
02/06/2020 16:29:55|ivaArt --> 21
02/06/2020 16:29:56|hasarOCX.ImprimirItem --> OK
02/06/2020 16:29:56|Articulo --> pantene chx270 mirac.fuerza reconst.
02/06/2020 16:29:56|cantidadArt B --> 1
02/06/2020 16:29:56|PrecVear --> 250
02/06/2020 16:29:56|montoArt --> 206,611570247934
02/06/2020 16:29:56|ivaArt --> 21
02/06/2020 16:29:56|hasarOCX.ImprimirItem --> OK
02/06/2020 16:29:56|Articulo --> varios
02/06/2020 16:29:56|cantidadArt B --> 2
02/06/2020 16:29:56|PrecVear --> 15
02/06/2020 16:29:56|montoArt --> 12,396694214876
02/06/2020 16:29:56|ivaArt --> 21
02/06/2020 16:29:56|hasarOCX.ImprimirItem --> OK
02/06/2020 16:29:56|Cerrar Comprobante B:::
02/06/2020 16:29:59|Obtiene nrocomp
02/06/2020 16:30:00|nrocomp --> 880
02/06/2020 16:30:00|Nro. de Comprobante ::: TFB ::: 880
02/06/2020 16:33:20|Conectando..
02/06/2020 16:33:20|IP: 127.0.0.1 - Puerto: 6500
02/06/2020 16:33:21|Conectado con éxito!!
02/06/2020 16:40:46|Comienza Facturacion B
02/06/2020 16:40:46|DatosCliente B
02/06/2020 16:40:48|AbrirComprobanteFiscal B
02/06/2020 16:40:48|Articulo --> estrella baby oleo sin frag x950ml
02/06/2020 16:40:48|cantidadArt B --> 1
02/06/2020 16:40:48|PrecVear --> 289
02/06/2020 16:40:48|montoArt --> 238,842975206612
02/06/2020 16:40:48|ivaArt --> 21
02/06/2020 16:40:49|hasarOCX.ImprimirItem --> OK
02/06/2020 16:40:49|Articulo --> jyj t. hum. toque de sueño x50 (violeta)
02/06/2020 16:40:49|cantidadArt B --> 1
02/06/2020 16:40:49|PrecVear --> 150
02/06/2020 16:40:49|montoArt --> 123,96694214876
02/06/2020 16:40:49|ivaArt --> 21
02/06/2020 16:40:49|hasarOCX.ImprimirItem --> OK
02/06/2020 16:40:49|Cerrar Comprobante B:::
02/06/2020 16:40:52|Obtiene nrocomp
02/06/2020 16:40:52|nrocomp --> 881
02/06/2020 16:40:52|Nro. de Comprobante ::: TFB ::: 881
02/06/2020 16:48:34|Conectando..
02/06/2020 16:48:34|IP: 127.0.0.1 - Puerto: 6500
02/06/2020 16:48:35|Conectado con éxito!!
02/06/2020 16:50:38|Conectando..
02/06/2020 16:50:38|IP: 127.0.0.1 - Puerto: 6500
02/06/2020 16:50:39|Conectado con éxito!!
02/06/2020 17:06:50|Conectando..
02/06/2020 17:06:50|IP: 127.0.0.1 - Puerto: 6500
02/06/2020 17:06:51|Conectado con éxito!!
02/06/2020 17:11:44|Comienza Facturacion B
02/06/2020 17:11:44|DatosCliente B
02/06/2020 17:11:47|AbrirComprobanteFiscal B
02/06/2020 17:11:47|Articulo --> ala matic  x3l dp
02/06/2020 17:11:47|cantidadArt B --> 1
02/06/2020 17:11:47|PrecVear --> 390
02/06/2020 17:11:47|montoArt --> 322,314049586777
02/06/2020 17:11:47|ivaArt --> 21
02/06/2020 17:11:47|hasarOCX.ImprimirItem --> OK
02/06/2020 17:11:47|Articulo --> ayudin lav.x1l bcos.inten quitam
02/06/2020 17:11:47|cantidadArt B --> 1
02/06/2020 17:11:47|PrecVear --> 75
02/06/2020 17:11:47|montoArt --> 61,9834710743802
02/06/2020 17:11:47|ivaArt --> 21
02/06/2020 17:11:48|hasarOCX.ImprimirItem --> OK
02/06/2020 17:11:48|Articulo --> fuyi mmmx360 base acuosa-645085
02/06/2020 17:11:48|cantidadArt B --> 1
02/06/2020 17:11:48|PrecVear --> 146
02/06/2020 17:11:48|montoArt --> 120,661157024793
02/06/2020 17:11:48|ivaArt --> 21
02/06/2020 17:11:48|hasarOCX.ImprimirItem --> OK
02/06/2020 17:11:48|Articulo --> pampers pants premium care xxg x24
02/06/2020 17:11:48|cantidadArt B --> 1
02/06/2020 17:11:48|PrecVear --> 550
02/06/2020 17:11:48|montoArt --> 454,545454545455
02/06/2020 17:11:48|ivaArt --> 21
02/06/2020 17:11:48|hasarOCX.ImprimirItem --> OK
02/06/2020 17:11:48|Cerrar Comprobante B:::
02/06/2020 17:11:51|Obtiene nrocomp
02/06/2020 17:11:52|nrocomp --> 882
02/06/2020 17:11:52|Nro. de Comprobante ::: TFB ::: 882
02/06/2020 17:24:29|Conectando..
02/06/2020 17:24:29|IP: 127.0.0.1 - Puerto: 6500
02/06/2020 17:24:29|Conectado con éxito!!
02/06/2020 17:26:29|Conectando..
02/06/2020 17:26:29|IP: 127.0.0.1 - Puerto: 6500
02/06/2020 17:26:30|Conectado con éxito!!
02/06/2020 17:30:27|Conectando..
02/06/2020 17:30:27|IP: 127.0.0.1 - Puerto: 6500
02/06/2020 17:30:28|Conectado con éxito!!
02/06/2020 17:35:40|Conectando..
02/06/2020 17:35:40|IP: 127.0.0.1 - Puerto: 6500
02/06/2020 17:35:40|Conectado con éxito!!
02/06/2020 17:35:54|Comienza Facturacion B
02/06/2020 17:35:54|DatosCliente B
02/06/2020 17:35:56|AbrirComprobanteFiscal B
02/06/2020 17:35:56|Articulo --> vidol pvo fecula bolsax400-501
02/06/2020 17:35:56|cantidadArt B --> 2
02/06/2020 17:35:56|PrecVear --> 220
02/06/2020 17:35:56|montoArt --> 181,818181818182
02/06/2020 17:35:56|ivaArt --> 21
02/06/2020 17:35:57|hasarOCX.ImprimirItem --> OK
02/06/2020 17:35:57|Articulo --> toallas hum. adulto comodin x60
02/06/2020 17:35:57|cantidadArt B --> 2
02/06/2020 17:35:57|PrecVear --> 205
02/06/2020 17:35:57|montoArt --> 169,421487603306
02/06/2020 17:35:57|ivaArt --> 21
02/06/2020 17:35:57|hasarOCX.ImprimirItem --> OK
02/06/2020 17:35:57|Articulo --> kevingston deo 32
02/06/2020 17:35:57|cantidadArt B --> 1
02/06/2020 17:35:57|PrecVear --> 195
02/06/2020 17:35:57|montoArt --> 161,157024793388
02/06/2020 17:35:57|ivaArt --> 21
02/06/2020 17:35:58|hasarOCX.ImprimirItem --> OK
02/06/2020 17:35:58|Cerrar Comprobante B:::
02/06/2020 17:36:01|Obtiene nrocomp
02/06/2020 17:36:01|nrocomp --> 883
02/06/2020 17:36:01|Nro. de Comprobante ::: TFB ::: 883
02/06/2020 17:39:34|Conectando..
02/06/2020 17:39:34|IP: 127.0.0.1 - Puerto: 6500
02/06/2020 17:39:35|Conectado con éxito!!
02/06/2020 17:40:16|Comienza Facturacion B
02/06/2020 17:40:16|DatosCliente B
02/06/2020 17:40:19|AbrirComprobanteFiscal B
02/06/2020 17:40:19|Articulo --> babysec ultrasec xg x36 uni
02/06/2020 17:40:19|cantidadArt B --> 1
02/06/2020 17:40:19|PrecVear --> 470
02/06/2020 17:40:19|montoArt --> 388,429752066116
02/06/2020 17:40:19|ivaArt --> 21
02/06/2020 17:40:19|hasarOCX.ImprimirItem --> OK
02/06/2020 17:40:19|Articulo --> partty jabon x 130 g
02/06/2020 17:40:19|cantidadArt B --> 1
02/06/2020 17:40:19|PrecVear --> 25
02/06/2020 17:40:19|montoArt --> 20,6611570247934
02/06/2020 17:40:19|ivaArt --> 21
02/06/2020 17:40:19|hasarOCX.ImprimirItem --> OK
02/06/2020 17:40:19|Articulo --> partty jabon x 130 g
02/06/2020 17:40:19|cantidadArt B --> 1
02/06/2020 17:40:19|PrecVear --> 25
02/06/2020 17:40:19|montoArt --> 20,6611570247934
02/06/2020 17:40:19|ivaArt --> 21
02/06/2020 17:40:20|hasarOCX.ImprimirItem --> OK
02/06/2020 17:40:20|Articulo --> partty jabon x 130 g
02/06/2020 17:40:20|cantidadArt B --> 1
02/06/2020 17:40:20|PrecVear --> 25
02/06/2020 17:40:20|montoArt --> 20,6611570247934
02/06/2020 17:40:20|ivaArt --> 21
02/06/2020 17:40:20|hasarOCX.ImprimirItem --> OK
02/06/2020 17:40:20|Articulo --> raid exterm.cucarachasx360 -083
02/06/2020 17:40:20|cantidadArt B --> 1
02/06/2020 17:40:20|PrecVear --> 175
02/06/2020 17:40:20|montoArt --> 144,628099173554
02/06/2020 17:40:20|ivaArt --> 21
02/06/2020 17:40:20|hasarOCX.ImprimirItem --> OK
02/06/2020 17:40:20|Articulo --> ayudin lav.x1lts tot.max.pureza
02/06/2020 17:40:20|cantidadArt B --> 1
02/06/2020 17:40:20|PrecVear --> 53
02/06/2020 17:40:20|montoArt --> 43,801652892562
02/06/2020 17:40:20|ivaArt --> 21
02/06/2020 17:40:21|hasarOCX.ImprimirItem --> OK
02/06/2020 17:40:21|Cerrar Comprobante B:::
02/06/2020 17:40:24|Obtiene nrocomp
02/06/2020 17:40:24|nrocomp --> 884
02/06/2020 17:40:24|Nro. de Comprobante ::: TFB ::: 884
02/06/2020 17:45:05|Comienza Facturacion B
02/06/2020 17:45:06|DatosCliente B
02/06/2020 17:45:08|AbrirComprobanteFiscal B
02/06/2020 17:45:08|Articulo --> simply lady toall. c/alas pocketx8
02/06/2020 17:45:08|cantidadArt B --> 1
02/06/2020 17:45:08|PrecVear --> 40
02/06/2020 17:45:08|montoArt --> 33,0578512396694
02/06/2020 17:45:08|ivaArt --> 21
02/06/2020 17:45:09|hasarOCX.ImprimirItem --> OK
02/06/2020 17:45:09|Articulo --> lina toall normx8 aloe c/alas#-2359
02/06/2020 17:45:09|cantidadArt B --> 1
02/06/2020 17:45:09|PrecVear --> 50
02/06/2020 17:45:09|montoArt --> 41,3223140495868
02/06/2020 17:45:09|ivaArt --> 21
02/06/2020 17:45:09|hasarOCX.ImprimirItem --> OK
02/06/2020 17:45:09|Articulo --> goodmax maquina de  3 filos  x 1 unidad
02/06/2020 17:45:09|cantidadArt B --> 2
02/06/2020 17:45:09|PrecVear --> 33
02/06/2020 17:45:09|montoArt --> 27,2727272727273
02/06/2020 17:45:09|ivaArt --> 21
02/06/2020 17:45:09|hasarOCX.ImprimirItem --> OK
02/06/2020 17:45:09|Articulo --> hugg clasic pack xl 2 x58
02/06/2020 17:45:09|cantidadArt B --> 1
02/06/2020 17:45:09|PrecVear --> 790
02/06/2020 17:45:09|montoArt --> 652,892561983471
02/06/2020 17:45:09|ivaArt --> 21
02/06/2020 17:45:10|hasarOCX.ImprimirItem --> OK
02/06/2020 17:45:10|Articulo --> 391 estrella t.hum. dp aloe vera 30 x 50u
02/06/2020 17:45:10|cantidadArt B --> 1
02/06/2020 17:45:10|PrecVear --> 90
02/06/2020 17:45:10|montoArt --> 74,3801652892562
02/06/2020 17:45:10|ivaArt --> 21
02/06/2020 17:45:10|hasarOCX.ImprimirItem --> OK
02/06/2020 17:45:10|Articulo --> party polvo pedicox200grs-171
02/06/2020 17:45:10|cantidadArt B --> 1
02/06/2020 17:45:10|PrecVear --> 98
02/06/2020 17:45:10|montoArt --> 80,9917355371901
02/06/2020 17:45:10|ivaArt --> 21
02/06/2020 17:45:10|hasarOCX.ImprimirItem --> OK
02/06/2020 17:45:10|Cerrar Comprobante B:::
02/06/2020 17:45:13|Obtiene nrocomp
02/06/2020 17:45:14|nrocomp --> 885
02/06/2020 17:45:14|Nro. de Comprobante ::: TFB ::: 885
02/06/2020 17:48:29|Comienza Facturacion B
02/06/2020 17:48:29|DatosCliente B
02/06/2020 17:48:32|AbrirComprobanteFiscal B
02/06/2020 17:48:32|Articulo --> pampers confortsec m x86
02/06/2020 17:48:32|cantidadArt B --> 1
02/06/2020 17:48:32|PrecVear --> 1050
02/06/2020 17:48:32|montoArt --> 867,768595041322
02/06/2020 17:48:32|ivaArt --> 21
02/06/2020 17:48:32|hasarOCX.ImprimirItem --> OK
02/06/2020 17:48:32|Articulo --> pampers pants confort sec xxg x32
02/06/2020 17:48:32|cantidadArt B --> 1
02/06/2020 17:48:32|PrecVear --> 650
02/06/2020 17:48:32|montoArt --> 537,190082644628
02/06/2020 17:48:32|ivaArt --> 21
02/06/2020 17:48:33|hasarOCX.ImprimirItem --> OK
02/06/2020 17:48:33|Cerrar Comprobante B:::
02/06/2020 17:48:36|Obtiene nrocomp
02/06/2020 17:48:36|nrocomp --> 886
02/06/2020 17:48:36|Nro. de Comprobante ::: TFB ::: 886
02/06/2020 17:52:02|Comienza Facturacion B
02/06/2020 17:52:02|DatosCliente B
02/06/2020 17:52:05|AbrirComprobanteFiscal B
02/06/2020 17:52:05|Articulo --> varios
02/06/2020 17:52:05|cantidadArt B --> 1
02/06/2020 17:52:05|PrecVear --> 410
02/06/2020 17:52:05|montoArt --> 338,842975206612
02/06/2020 17:52:05|ivaArt --> 21
02/06/2020 17:52:05|hasarOCX.ImprimirItem --> OK
02/06/2020 17:52:05|Cerrar Comprobante B:::
02/06/2020 17:52:08|Obtiene nrocomp
02/06/2020 17:52:08|nrocomp --> 887
02/06/2020 17:52:08|Nro. de Comprobante ::: TFB ::: 887
02/06/2020 17:55:58|Conectando..
02/06/2020 17:55:58|IP: 127.0.0.1 - Puerto: 6500
02/06/2020 17:55:59|Conectado con éxito!!
02/06/2020 17:57:47|*************COMIENZA Cierre  Z**********
02/06/2020 17:57:55|CIERRE Z
Cierre Z Nº =[41]
Fecha del Cierre        =[02/06/2020 0:00:00]
DF Emitidos             =[36]
DF Cancelados           =[0]
DF Total                =[4742902]
DF Total Gravado        =[3919749]
DF Total No Gravado     =[0]
DF Total Exento         =[0]
DF Total IVA            =[823153]
DF Total Otros Tributos =[0]
NC Emitidas             =[0]
NC Canceladas           =[0]
NC Total                =[0]
NC Total Gravado        =[0]
NC Total No Gravado     =[0]
NC Total Exento         =[0]
NC Total IVA            =[0]
NC Total Otros Tributos =[0]
DNFH Emitidos           =[0]
DNFH Total              =[0]

