20/05/2020 8:40:54|Conectando..
20/05/2020 8:40:54|IP: 127.0.0.1 - Puerto: 6500
20/05/2020 9:02:54|Comienza Facturacion B
20/05/2020 9:02:54|DatosCliente B
20/05/2020 9:02:58|AbrirComprobanteFiscal B
20/05/2020 9:02:58|Articulo --> el coloso rollo cocx3 x 40paños
20/05/2020 9:02:58|cantidadArt B --> 1
20/05/2020 9:02:58|PrecVear --> 45
20/05/2020 9:02:58|montoArt --> 37,1900826446281
20/05/2020 9:02:58|ivaArt --> 21
20/05/2020 9:02:58|hasarOCX.ImprimirItem --> OK
20/05/2020 9:02:58|Articulo --> lysoform dp bebe x420 ml
20/05/2020 9:02:58|cantidadArt B --> 1
20/05/2020 9:02:58|PrecVear --> 90
20/05/2020 9:02:58|montoArt --> 74,3801652892562
20/05/2020 9:02:58|ivaArt --> 21
20/05/2020 9:02:58|hasarOCX.ImprimirItem --> OK
20/05/2020 9:02:58|Articulo --> mortimer esp.cudricx12-18147
20/05/2020 9:02:58|cantidadArt B --> 1
20/05/2020 9:02:58|PrecVear --> 30
20/05/2020 9:02:58|montoArt --> 24,7933884297521
20/05/2020 9:02:58|ivaArt --> 21
20/05/2020 9:02:59|hasarOCX.ImprimirItem --> OK
20/05/2020 9:02:59|Articulo --> el coloso lavandinax5l basica
20/05/2020 9:02:59|cantidadArt B --> 1
20/05/2020 9:02:59|PrecVear --> 180
20/05/2020 9:02:59|montoArt --> 148,760330578512
20/05/2020 9:02:59|ivaArt --> 21
20/05/2020 9:02:59|hasarOCX.ImprimirItem --> OK
20/05/2020 9:02:59|Cerrar Comprobante B:::
20/05/2020 9:03:02|Obtiene nrocomp
20/05/2020 9:03:02|nrocomp --> 503
20/05/2020 9:03:02|Nro. de Comprobante ::: TFB ::: 503
20/05/2020 9:03:32|Comienza Facturacion B
20/05/2020 9:03:32|DatosCliente B
20/05/2020 9:03:35|AbrirComprobanteFiscal B
20/05/2020 9:03:35|Articulo --> elegante rollo cocinax200 paños
20/05/2020 9:03:35|cantidadArt B --> 1
20/05/2020 9:03:35|PrecVear --> 85
20/05/2020 9:03:35|montoArt --> 70,2479338842975
20/05/2020 9:03:35|ivaArt --> 21
20/05/2020 9:03:35|hasarOCX.ImprimirItem --> OK
20/05/2020 9:03:35|Articulo --> mortimer esp.cudricx12-18147
20/05/2020 9:03:35|cantidadArt B --> 1
20/05/2020 9:03:35|PrecVear --> 30
20/05/2020 9:03:35|montoArt --> 24,7933884297521
20/05/2020 9:03:35|ivaArt --> 21
20/05/2020 9:03:36|hasarOCX.ImprimirItem --> OK
20/05/2020 9:03:36|Articulo --> lysoform dp bebe x420 ml
20/05/2020 9:03:36|cantidadArt B --> 1
20/05/2020 9:03:36|PrecVear --> 90
20/05/2020 9:03:36|montoArt --> 74,3801652892562
20/05/2020 9:03:36|ivaArt --> 21
20/05/2020 9:03:36|hasarOCX.ImprimirItem --> OK
20/05/2020 9:03:36|Articulo --> el coloso lavandinax5l basica
20/05/2020 9:03:36|cantidadArt B --> 1
20/05/2020 9:03:36|PrecVear --> 180
20/05/2020 9:03:36|montoArt --> 148,760330578512
20/05/2020 9:03:36|ivaArt --> 21
20/05/2020 9:03:36|hasarOCX.ImprimirItem --> OK
20/05/2020 9:03:36|Cerrar Comprobante B:::
20/05/2020 9:03:39|Obtiene nrocomp
20/05/2020 9:03:40|nrocomp --> 504
20/05/2020 9:03:40|Nro. de Comprobante ::: TFB ::: 504
20/05/2020 9:07:38|Conectando..
20/05/2020 9:07:38|IP: 127.0.0.1 - Puerto: 6500
20/05/2020 9:07:39|Conectado con éxito!!
20/05/2020 9:17:23|Comienza Facturacion B
20/05/2020 9:17:23|DatosCliente B
20/05/2020 9:17:26|AbrirComprobanteFiscal B
20/05/2020 9:17:26|Articulo --> varios
20/05/2020 9:17:26|cantidadArt B --> 1
20/05/2020 9:17:26|PrecVear --> 55
20/05/2020 9:17:26|montoArt --> 45,4545454545455
20/05/2020 9:17:26|ivaArt --> 21
20/05/2020 9:17:26|hasarOCX.ImprimirItem --> OK
20/05/2020 9:17:26|Articulo --> el coloso rollo cocx3 x 40paños
20/05/2020 9:17:26|cantidadArt B --> 2
20/05/2020 9:17:26|PrecVear --> 45
20/05/2020 9:17:26|montoArt --> 37,1900826446281
20/05/2020 9:17:26|ivaArt --> 21
20/05/2020 9:17:26|hasarOCX.ImprimirItem --> OK
20/05/2020 9:17:26|Articulo --> ayudin lavandina en gelx700 orig415
20/05/2020 9:17:26|cantidadArt B --> 1
20/05/2020 9:17:26|PrecVear --> 115
20/05/2020 9:17:26|montoArt --> 95,0413223140496
20/05/2020 9:17:26|ivaArt --> 21
20/05/2020 9:17:27|hasarOCX.ImprimirItem --> OK
20/05/2020 9:17:27|Articulo --> sun pastillas x16 u.
20/05/2020 9:17:27|cantidadArt B --> 1
20/05/2020 9:17:27|PrecVear --> 685
20/05/2020 9:17:27|montoArt --> 566,115702479339
20/05/2020 9:17:27|ivaArt --> 21
20/05/2020 9:17:27|hasarOCX.ImprimirItem --> OK
20/05/2020 9:17:27|Articulo --> rexona jabon liq dp orchid
20/05/2020 9:17:27|cantidadArt B --> 1
20/05/2020 9:17:27|PrecVear --> 125
20/05/2020 9:17:27|montoArt --> 103,305785123967
20/05/2020 9:17:27|ivaArt --> 21
20/05/2020 9:17:27|hasarOCX.ImprimirItem --> OK
20/05/2020 9:17:27|Articulo --> el coloso guantes max t8 med
20/05/2020 9:17:27|cantidadArt B --> 1
20/05/2020 9:17:27|PrecVear --> 130
20/05/2020 9:17:27|montoArt --> 107,438016528926
20/05/2020 9:17:27|ivaArt --> 21
20/05/2020 9:17:28|hasarOCX.ImprimirItem --> OK
20/05/2020 9:17:28|Articulo --> el coloso guantes max t9 gde
20/05/2020 9:17:28|cantidadArt B --> 1
20/05/2020 9:17:28|PrecVear --> 130
20/05/2020 9:17:28|montoArt --> 107,438016528926
20/05/2020 9:17:28|ivaArt --> 21
20/05/2020 9:17:28|hasarOCX.ImprimirItem --> OK
20/05/2020 9:17:28|Articulo --> rexona clin.crx48 classic-75823
20/05/2020 9:17:28|cantidadArt B --> 1
20/05/2020 9:17:28|PrecVear --> 395
20/05/2020 9:17:28|montoArt --> 326,446280991736
20/05/2020 9:17:28|ivaArt --> 21
20/05/2020 9:17:28|hasarOCX.ImprimirItem --> OK
20/05/2020 9:17:28|Articulo --> cif antig.dpx450 nva form -9492
20/05/2020 9:17:28|cantidadArt B --> 1
20/05/2020 9:17:28|PrecVear --> 58
20/05/2020 9:17:28|montoArt --> 47,9338842975207
20/05/2020 9:17:28|ivaArt --> 21
20/05/2020 9:17:29|hasarOCX.ImprimirItem --> OK
20/05/2020 9:17:29|Articulo --> e.spa esponja pompon exfol.(150)
20/05/2020 9:17:29|cantidadArt B --> 1
20/05/2020 9:17:29|PrecVear --> 95
20/05/2020 9:17:29|montoArt --> 78,5123966942149
20/05/2020 9:17:29|ivaArt --> 21
20/05/2020 9:17:29|hasarOCX.ImprimirItem --> OK
20/05/2020 9:17:29|Articulo --> higienol max manzanilla 4x80mtr1505
20/05/2020 9:17:29|cantidadArt B --> 1
20/05/2020 9:17:29|PrecVear --> 160
20/05/2020 9:17:29|montoArt --> 132,231404958678
20/05/2020 9:17:29|ivaArt --> 21
20/05/2020 9:17:29|hasarOCX.ImprimirItem --> OK
20/05/2020 9:17:29|Cerrar Comprobante B:::
20/05/2020 9:17:32|Obtiene nrocomp
20/05/2020 9:17:33|nrocomp --> 505
20/05/2020 9:17:33|Nro. de Comprobante ::: TFB ::: 505
20/05/2020 9:22:45|Conectando..
20/05/2020 9:22:45|IP: 127.0.0.1 - Puerto: 6500
20/05/2020 9:22:46|Conectado con éxito!!
20/05/2020 9:23:14|Comienza Facturacion B
20/05/2020 9:23:14|DatosCliente B
20/05/2020 9:23:17|AbrirComprobanteFiscal B
20/05/2020 9:23:17|Articulo --> pampers pants confort sec g x40
20/05/2020 9:23:17|cantidadArt B --> 1
20/05/2020 9:23:17|PrecVear --> 640
20/05/2020 9:23:17|montoArt --> 528,925619834711
20/05/2020 9:23:17|ivaArt --> 21
20/05/2020 9:23:17|hasarOCX.ImprimirItem --> OK
20/05/2020 9:23:17|Articulo --> petit enfant espuma de baño
20/05/2020 9:23:17|cantidadArt B --> 1
20/05/2020 9:23:17|PrecVear --> 290
20/05/2020 9:23:17|montoArt --> 239,669421487603
20/05/2020 9:23:17|ivaArt --> 21
20/05/2020 9:23:17|hasarOCX.ImprimirItem --> OK
20/05/2020 9:23:17|Articulo --> varios
20/05/2020 9:23:17|cantidadArt B --> 1
20/05/2020 9:23:17|PrecVear --> 135
20/05/2020 9:23:17|montoArt --> 111,570247933884
20/05/2020 9:23:17|ivaArt --> 21
20/05/2020 9:23:18|hasarOCX.ImprimirItem --> OK
20/05/2020 9:23:18|Cerrar Comprobante B:::
20/05/2020 9:23:21|Obtiene nrocomp
20/05/2020 9:23:21|nrocomp --> 506
20/05/2020 9:23:21|Nro. de Comprobante ::: TFB ::: 506
20/05/2020 9:28:32|Conectando..
20/05/2020 9:28:32|IP: 127.0.0.1 - Puerto: 6500
20/05/2020 9:28:32|Conectado con éxito!!
20/05/2020 9:37:02|Comienza Facturacion B
20/05/2020 9:37:02|DatosCliente B
20/05/2020 9:37:05|AbrirComprobanteFiscal B
20/05/2020 9:37:05|Articulo --> mordillo para bebe infantec
20/05/2020 9:37:05|cantidadArt B --> 1
20/05/2020 9:37:05|PrecVear --> 230
20/05/2020 9:37:05|montoArt --> 190,082644628099
20/05/2020 9:37:05|ivaArt --> 21
20/05/2020 9:37:05|hasarOCX.ImprimirItem --> OK
20/05/2020 9:37:05|Articulo --> bolsas de residuos 45*60
20/05/2020 9:37:05|cantidadArt B --> 2
20/05/2020 9:37:05|PrecVear --> 30
20/05/2020 9:37:05|montoArt --> 24,7933884297521
20/05/2020 9:37:05|ivaArt --> 21
20/05/2020 9:37:06|hasarOCX.ImprimirItem --> OK
20/05/2020 9:37:06|Articulo --> colgate cr.anticaries x70ml
20/05/2020 9:37:06|cantidadArt B --> 1
20/05/2020 9:37:06|PrecVear --> 79
20/05/2020 9:37:06|montoArt --> 65,2892561983471
20/05/2020 9:37:06|ivaArt --> 21
20/05/2020 9:37:06|hasarOCX.ImprimirItem --> OK
20/05/2020 9:37:06|Articulo --> calipso rosa toall.sup.anatx8 c/alas
20/05/2020 9:37:06|cantidadArt B --> 2
20/05/2020 9:37:06|PrecVear --> 45
20/05/2020 9:37:06|montoArt --> 37,1900826446281
20/05/2020 9:37:06|ivaArt --> 21
20/05/2020 9:37:06|hasarOCX.ImprimirItem --> OK
20/05/2020 9:37:06|Articulo --> 551/03 avent vaso easy sip 200ml nena
20/05/2020 9:37:06|cantidadArt B --> 1
20/05/2020 9:37:06|PrecVear --> 750
20/05/2020 9:37:06|montoArt --> 619,834710743802
20/05/2020 9:37:06|ivaArt --> 21
20/05/2020 9:37:07|hasarOCX.ImprimirItem --> OK
20/05/2020 9:37:07|Articulo --> huggies trip prot m x48
20/05/2020 9:37:07|cantidadArt B --> 1
20/05/2020 9:37:07|PrecVear --> 450
20/05/2020 9:37:07|montoArt --> 371,900826446281
20/05/2020 9:37:07|ivaArt --> 21
20/05/2020 9:37:07|hasarOCX.ImprimirItem --> OK
20/05/2020 9:37:07|Cerrar Comprobante B:::
20/05/2020 9:37:10|Obtiene nrocomp
20/05/2020 9:37:11|nrocomp --> 507
20/05/2020 9:37:11|Nro. de Comprobante ::: TFB ::: 507
20/05/2020 9:42:22|Conectando..
20/05/2020 9:42:22|IP: 127.0.0.1 - Puerto: 6500
20/05/2020 9:42:23|Conectado con éxito!!
20/05/2020 9:45:50|Comienza Facturacion B
20/05/2020 9:45:50|DatosCliente B
20/05/2020 9:45:53|AbrirComprobanteFiscal B
20/05/2020 9:45:53|Articulo --> hennia eeg x8
20/05/2020 9:45:53|cantidadArt B --> 4
20/05/2020 9:45:53|PrecVear --> 578
20/05/2020 9:45:53|montoArt --> 477,685950413223
20/05/2020 9:45:53|ivaArt --> 21
20/05/2020 9:45:54|hasarOCX.ImprimirItem --> OK
20/05/2020 9:45:54|Cerrar Comprobante B:::
20/05/2020 9:45:57|Obtiene nrocomp
20/05/2020 9:45:57|nrocomp --> 508
20/05/2020 9:45:57|Nro. de Comprobante ::: TFB ::: 508
20/05/2020 9:46:49|Comienza Facturacion B
20/05/2020 9:46:50|DatosCliente B
20/05/2020 9:46:52|AbrirComprobanteFiscal B
20/05/2020 9:46:52|Articulo --> varios
20/05/2020 9:46:52|cantidadArt B --> 1
20/05/2020 9:46:52|PrecVear --> 165
20/05/2020 9:46:52|montoArt --> 136,363636363636
20/05/2020 9:46:52|ivaArt --> 21
20/05/2020 9:46:52|hasarOCX.ImprimirItem --> OK
20/05/2020 9:46:52|Articulo --> rejilla pavilo entre el sol
20/05/2020 9:46:52|cantidadArt B --> 1
20/05/2020 9:46:52|PrecVear --> 25
20/05/2020 9:46:52|montoArt --> 20,6611570247934
20/05/2020 9:46:52|ivaArt --> 21
20/05/2020 9:46:53|hasarOCX.ImprimirItem --> OK
20/05/2020 9:46:53|Articulo --> dove crcorp ritual restaurador coco x200ml
20/05/2020 9:46:53|cantidadArt B --> 1
20/05/2020 9:46:53|PrecVear --> 190
20/05/2020 9:46:53|montoArt --> 157,02479338843
20/05/2020 9:46:53|ivaArt --> 21
20/05/2020 9:46:53|hasarOCX.ImprimirItem --> OK
20/05/2020 9:46:53|Articulo --> dove jabon x90 blanco
20/05/2020 9:46:53|cantidadArt B --> 2
20/05/2020 9:46:53|PrecVear --> 64
20/05/2020 9:46:53|montoArt --> 52,8925619834711
20/05/2020 9:46:53|ivaArt --> 21
20/05/2020 9:46:54|hasarOCX.ImprimirItem --> OK
20/05/2020 9:46:54|Articulo --> nivea labello original
20/05/2020 9:46:54|cantidadArt B --> 2
20/05/2020 9:46:54|PrecVear --> 150
20/05/2020 9:46:54|montoArt --> 123,96694214876
20/05/2020 9:46:54|ivaArt --> 21
20/05/2020 9:46:54|hasarOCX.ImprimirItem --> OK
20/05/2020 9:46:54|Cerrar Comprobante B:::
20/05/2020 9:46:57|Obtiene nrocomp
20/05/2020 9:46:57|nrocomp --> 509
20/05/2020 9:46:57|Nro. de Comprobante ::: TFB ::: 509
20/05/2020 10:00:16|Conectando..
20/05/2020 10:00:16|IP: 127.0.0.1 - Puerto: 6500
20/05/2020 10:00:16|Conectado con éxito!!
20/05/2020 10:02:07|Conectando..
20/05/2020 10:02:07|IP: 127.0.0.1 - Puerto: 6500
20/05/2020 10:02:08|Conectado con éxito!!
20/05/2020 10:11:13|Comienza Facturacion B
20/05/2020 10:11:13|DatosCliente B
20/05/2020 10:11:16|AbrirComprobanteFiscal B
20/05/2020 10:11:16|Articulo --> varios
20/05/2020 10:11:16|cantidadArt B --> 1
20/05/2020 10:11:16|PrecVear --> 75
20/05/2020 10:11:16|montoArt --> 61,9834710743802
20/05/2020 10:11:16|ivaArt --> 21
20/05/2020 10:11:16|hasarOCX.ImprimirItem --> OK
20/05/2020 10:11:16|Articulo --> make pulverizador multiuso x750
20/05/2020 10:11:16|cantidadArt B --> 1
20/05/2020 10:11:16|PrecVear --> 100
20/05/2020 10:11:16|montoArt --> 82,6446280991736
20/05/2020 10:11:16|ivaArt --> 21
20/05/2020 10:11:16|hasarOCX.ImprimirItem --> OK
20/05/2020 10:11:16|Articulo --> policrom 6.1
20/05/2020 10:11:16|cantidadArt B --> 1
20/05/2020 10:11:16|PrecVear --> 165
20/05/2020 10:11:16|montoArt --> 136,363636363636
20/05/2020 10:11:16|ivaArt --> 21
20/05/2020 10:11:17|hasarOCX.ImprimirItem --> OK
20/05/2020 10:11:17|Articulo --> varios
20/05/2020 10:11:17|cantidadArt B --> 1
20/05/2020 10:11:17|PrecVear --> 40
20/05/2020 10:11:17|montoArt --> 33,0578512396694
20/05/2020 10:11:17|ivaArt --> 21
20/05/2020 10:11:17|hasarOCX.ImprimirItem --> OK
20/05/2020 10:11:17|Cerrar Comprobante B:::
20/05/2020 10:11:20|Obtiene nrocomp
20/05/2020 10:11:20|nrocomp --> 510
20/05/2020 10:11:20|Nro. de Comprobante ::: TFB ::: 510
20/05/2020 10:16:13|Conectando..
20/05/2020 10:16:13|IP: 127.0.0.1 - Puerto: 6500
20/05/2020 10:16:14|Conectado con éxito!!
20/05/2020 10:18:14|Conectando..
20/05/2020 10:18:14|IP: 127.0.0.1 - Puerto: 6500
20/05/2020 10:18:15|Conectado con éxito!!
20/05/2020 10:18:26|Conectando..
20/05/2020 10:18:26|IP: 127.0.0.1 - Puerto: 6500
20/05/2020 10:18:27|Conectado con éxito!!
20/05/2020 10:23:51|Conectando..
20/05/2020 10:23:51|IP: 127.0.0.1 - Puerto: 6500
20/05/2020 10:23:52|Conectado con éxito!!
20/05/2020 10:35:02|Comienza Facturacion B
20/05/2020 10:35:02|DatosCliente B
20/05/2020 10:35:04|AbrirComprobanteFiscal B
20/05/2020 10:35:04|Articulo --> el coloso jab.liqx900 d.pack
20/05/2020 10:35:04|cantidadArt B --> 1
20/05/2020 10:35:04|PrecVear --> 73
20/05/2020 10:35:04|montoArt --> 60,3305785123967
20/05/2020 10:35:04|ivaArt --> 21
20/05/2020 10:35:05|hasarOCX.ImprimirItem --> OK
20/05/2020 10:35:05|Articulo --> coloso alcohol etílico x250ml
20/05/2020 10:35:05|cantidadArt B --> 1
20/05/2020 10:35:05|PrecVear --> 95
20/05/2020 10:35:05|montoArt --> 78,5123966942149
20/05/2020 10:35:05|ivaArt --> 21
20/05/2020 10:35:05|hasarOCX.ImprimirItem --> OK
20/05/2020 10:35:05|Articulo --> suiza cera liqx850 rob.claro
20/05/2020 10:35:05|cantidadArt B --> 1
20/05/2020 10:35:05|PrecVear --> 294
20/05/2020 10:35:05|montoArt --> 242,97520661157
20/05/2020 10:35:05|ivaArt --> 21
20/05/2020 10:35:05|hasarOCX.ImprimirItem --> OK
20/05/2020 10:35:05|Articulo --> party pañuelos packx6
20/05/2020 10:35:05|cantidadArt B --> 1
20/05/2020 10:35:05|PrecVear --> 40
20/05/2020 10:35:05|montoArt --> 33,0578512396694
20/05/2020 10:35:05|ivaArt --> 21
20/05/2020 10:35:06|hasarOCX.ImprimirItem --> OK
20/05/2020 10:35:06|Articulo --> glade aerox360 mañana campo-69816
20/05/2020 10:35:06|cantidadArt B --> 1
20/05/2020 10:35:06|PrecVear --> 78
20/05/2020 10:35:06|montoArt --> 64,4628099173554
20/05/2020 10:35:06|ivaArt --> 21
20/05/2020 10:35:06|hasarOCX.ImprimirItem --> OK
20/05/2020 10:35:06|Articulo --> bolsas de residuos 45*60
20/05/2020 10:35:06|cantidadArt B --> 1
20/05/2020 10:35:06|PrecVear --> 30
20/05/2020 10:35:06|montoArt --> 24,7933884297521
20/05/2020 10:35:06|ivaArt --> 21
20/05/2020 10:35:06|hasarOCX.ImprimirItem --> OK
20/05/2020 10:35:06|Articulo --> el coloso suavx900 dp prem.sol vera
20/05/2020 10:35:06|cantidadArt B --> 1
20/05/2020 10:35:06|PrecVear --> 69
20/05/2020 10:35:06|montoArt --> 57,0247933884298
20/05/2020 10:35:06|ivaArt --> 21
20/05/2020 10:35:07|hasarOCX.ImprimirItem --> OK
20/05/2020 10:35:07|Articulo --> saeta mmm 360 ml
20/05/2020 10:35:07|cantidadArt B --> 2
20/05/2020 10:35:07|PrecVear --> 99
20/05/2020 10:35:07|montoArt --> 81,8181818181818
20/05/2020 10:35:07|ivaArt --> 21
20/05/2020 10:35:07|hasarOCX.ImprimirItem --> OK
20/05/2020 10:35:07|Articulo --> ig toallas hum adultos x 60 unid.
20/05/2020 10:35:07|cantidadArt B --> 1
20/05/2020 10:35:07|PrecVear --> 206
20/05/2020 10:35:07|montoArt --> 170,247933884298
20/05/2020 10:35:07|ivaArt --> 21
20/05/2020 10:35:08|hasarOCX.ImprimirItem --> OK
20/05/2020 10:35:08|Articulo --> pantene chx400 brillo extremo
20/05/2020 10:35:08|cantidadArt B --> 1
20/05/2020 10:35:08|PrecVear --> 280
20/05/2020 10:35:08|montoArt --> 231,404958677686
20/05/2020 10:35:08|ivaArt --> 21
20/05/2020 10:35:08|hasarOCX.ImprimirItem --> OK
20/05/2020 10:35:08|Articulo --> 60 segundos
20/05/2020 10:35:08|cantidadArt B --> 2
20/05/2020 10:35:08|PrecVear --> 48
20/05/2020 10:35:08|montoArt --> 39,6694214876033
20/05/2020 10:35:08|ivaArt --> 21
20/05/2020 10:35:08|hasarOCX.ImprimirItem --> OK
20/05/2020 10:35:08|Articulo --> dove men chx400 2en1 vigor activo
20/05/2020 10:35:08|cantidadArt B --> 1
20/05/2020 10:35:08|PrecVear --> 290
20/05/2020 10:35:08|montoArt --> 239,669421487603
20/05/2020 10:35:08|ivaArt --> 21
20/05/2020 10:35:09|hasarOCX.ImprimirItem --> OK
20/05/2020 10:35:09|Articulo --> gillette sensitive maquina de 3 filos
20/05/2020 10:35:09|cantidadArt B --> 1
20/05/2020 10:35:09|PrecVear --> 95
20/05/2020 10:35:09|montoArt --> 78,5123966942149
20/05/2020 10:35:09|ivaArt --> 21
20/05/2020 10:35:09|hasarOCX.ImprimirItem --> OK
20/05/2020 10:35:09|Cerrar Comprobante B:::
20/05/2020 10:35:12|Obtiene nrocomp
20/05/2020 10:35:12|nrocomp --> 511
20/05/2020 10:35:12|Nro. de Comprobante ::: TFB ::: 511
20/05/2020 10:38:19|Conectando..
20/05/2020 10:38:19|IP: 127.0.0.1 - Puerto: 6500
20/05/2020 10:38:20|Conectado con éxito!!
20/05/2020 10:44:09|Comienza Facturacion B
20/05/2020 10:44:10|DatosCliente B
20/05/2020 10:44:12|AbrirComprobanteFiscal B
20/05/2020 10:44:12|Articulo --> mary bosques  ablandador de canas
20/05/2020 10:44:12|cantidadArt B --> 1
20/05/2020 10:44:12|PrecVear --> 40
20/05/2020 10:44:12|montoArt --> 33,0578512396694
20/05/2020 10:44:12|ivaArt --> 21
20/05/2020 10:44:12|hasarOCX.ImprimirItem --> OK
20/05/2020 10:44:12|Articulo --> stone deo explorer
20/05/2020 10:44:12|cantidadArt B --> 1
20/05/2020 10:44:12|PrecVear --> 120
20/05/2020 10:44:12|montoArt --> 99,1735537190083
20/05/2020 10:44:12|ivaArt --> 21
20/05/2020 10:44:13|hasarOCX.ImprimirItem --> OK
20/05/2020 10:44:13|Articulo --> rejilla doble entre el sol
20/05/2020 10:44:13|cantidadArt B --> 1
20/05/2020 10:44:13|PrecVear --> 40
20/05/2020 10:44:13|montoArt --> 33,0578512396694
20/05/2020 10:44:13|ivaArt --> 21
20/05/2020 10:44:13|hasarOCX.ImprimirItem --> OK
20/05/2020 10:44:13|Articulo --> mortimer esp.cudricx12-18147
20/05/2020 10:44:13|cantidadArt B --> 1
20/05/2020 10:44:13|PrecVear --> 30
20/05/2020 10:44:13|montoArt --> 24,7933884297521
20/05/2020 10:44:13|ivaArt --> 21
20/05/2020 10:44:13|hasarOCX.ImprimirItem --> OK
20/05/2020 10:44:13|Articulo --> varios
20/05/2020 10:44:13|cantidadArt B --> 1
20/05/2020 10:44:13|PrecVear --> 230
20/05/2020 10:44:13|montoArt --> 190,082644628099
20/05/2020 10:44:13|ivaArt --> 21
20/05/2020 10:44:14|hasarOCX.ImprimirItem --> OK
20/05/2020 10:44:14|Articulo --> rexona aero apx90 invisible-3217
20/05/2020 10:44:14|cantidadArt B --> 1
20/05/2020 10:44:14|PrecVear --> 135
20/05/2020 10:44:14|montoArt --> 111,570247933884
20/05/2020 10:44:14|ivaArt --> 21
20/05/2020 10:44:14|hasarOCX.ImprimirItem --> OK
20/05/2020 10:44:14|Articulo --> rexona rollonx50 men invisible-739
20/05/2020 10:44:14|cantidadArt B --> 1
20/05/2020 10:44:14|PrecVear --> 140
20/05/2020 10:44:14|montoArt --> 115,702479338843
20/05/2020 10:44:14|ivaArt --> 21
20/05/2020 10:44:14|hasarOCX.ImprimirItem --> OK
20/05/2020 10:44:14|Articulo --> dove men care rollon invisble dry
20/05/2020 10:44:14|cantidadArt B --> 1
20/05/2020 10:44:14|PrecVear --> 170
20/05/2020 10:44:15|montoArt --> 140,495867768595
20/05/2020 10:44:15|ivaArt --> 21
20/05/2020 10:44:15|hasarOCX.ImprimirItem --> OK
20/05/2020 10:44:15|Articulo --> patrich deo aerox97 black label
20/05/2020 10:44:15|cantidadArt B --> 1
20/05/2020 10:44:15|PrecVear --> 120
20/05/2020 10:44:15|montoArt --> 99,1735537190083
20/05/2020 10:44:15|ivaArt --> 21
20/05/2020 10:44:15|hasarOCX.ImprimirItem --> OK
20/05/2020 10:44:15|Articulo --> el coloso aromatizante p.rop.d.packx250 vainilla
20/05/2020 10:44:15|cantidadArt B --> 1
20/05/2020 10:44:15|PrecVear --> 95
20/05/2020 10:44:15|montoArt --> 78,5123966942149
20/05/2020 10:44:15|ivaArt --> 21
20/05/2020 10:44:16|hasarOCX.ImprimirItem --> OK
20/05/2020 10:44:16|Articulo --> wels col.inglesa x 490 cc. 490 cc.
20/05/2020 10:44:16|cantidadArt B --> 1
20/05/2020 10:44:16|PrecVear --> 290
20/05/2020 10:44:16|montoArt --> 239,669421487603
20/05/2020 10:44:16|ivaArt --> 21
20/05/2020 10:44:16|hasarOCX.ImprimirItem --> OK
20/05/2020 10:44:16|Articulo --> selton cucarachas negro x360
20/05/2020 10:44:16|cantidadArt B --> 2
20/05/2020 10:44:16|PrecVear --> 150
20/05/2020 10:44:16|montoArt --> 123,96694214876
20/05/2020 10:44:16|ivaArt --> 21
20/05/2020 10:44:16|hasarOCX.ImprimirItem --> OK
20/05/2020 10:44:16|Articulo --> issue sin amoniaco n 8
20/05/2020 10:44:16|cantidadArt B --> 1
20/05/2020 10:44:16|PrecVear --> 130
20/05/2020 10:44:16|montoArt --> 107,438016528926
20/05/2020 10:44:16|ivaArt --> 21
20/05/2020 10:44:17|hasarOCX.ImprimirItem --> OK
20/05/2020 10:44:17|Articulo --> el coloso hig.econ.bco.12x4 30mts
20/05/2020 10:44:17|cantidadArt B --> 4
20/05/2020 10:44:17|PrecVear --> 60
20/05/2020 10:44:17|montoArt --> 49,5867768595041
20/05/2020 10:44:17|ivaArt --> 21
20/05/2020 10:44:17|hasarOCX.ImprimirItem --> OK
20/05/2020 10:44:17|Articulo --> el coloso rollo cocx3 x 40paños
20/05/2020 10:44:17|cantidadArt B --> 6
20/05/2020 10:44:17|PrecVear --> 45
20/05/2020 10:44:17|montoArt --> 37,1900826446281
20/05/2020 10:44:17|ivaArt --> 21
20/05/2020 10:44:17|hasarOCX.ImprimirItem --> OK
20/05/2020 10:44:17|Cerrar Comprobante B:::
20/05/2020 10:44:20|Obtiene nrocomp
20/05/2020 10:44:21|nrocomp --> 512
20/05/2020 10:44:21|Nro. de Comprobante ::: TFB ::: 512
20/05/2020 10:45:46|Conectando..
20/05/2020 10:45:46|IP: 127.0.0.1 - Puerto: 6500
20/05/2020 10:45:47|Conectado con éxito!!
20/05/2020 10:46:23|Conectando..
20/05/2020 10:46:23|IP: 127.0.0.1 - Puerto: 6500
20/05/2020 10:46:24|Conectado con éxito!!
20/05/2020 10:48:57|Conectando..
20/05/2020 10:48:57|IP: 127.0.0.1 - Puerto: 6500
20/05/2020 10:48:58|Conectado con éxito!!
20/05/2020 10:49:36|Conectando..
20/05/2020 10:49:36|IP: 127.0.0.1 - Puerto: 6500
20/05/2020 10:49:37|Conectado con éxito!!
20/05/2020 10:50:10|Conectando..
20/05/2020 10:50:10|IP: 127.0.0.1 - Puerto: 6500
20/05/2020 10:50:11|Conectado con éxito!!
20/05/2020 11:00:35|Conectando..
20/05/2020 11:00:35|IP: 127.0.0.1 - Puerto: 6500
20/05/2020 11:00:36|Conectado con éxito!!
20/05/2020 11:01:45|Comienza Facturacion B
20/05/2020 11:01:45|DatosCliente B
20/05/2020 11:01:47|AbrirComprobanteFiscal B
20/05/2020 11:01:47|Articulo --> varios
20/05/2020 11:01:47|cantidadArt B --> 1
20/05/2020 11:01:47|PrecVear --> 120
20/05/2020 11:01:47|montoArt --> 99,1735537190083
20/05/2020 11:01:47|ivaArt --> 21
20/05/2020 11:01:48|hasarOCX.ImprimirItem --> OK
20/05/2020 11:01:48|Articulo --> varios
20/05/2020 11:01:48|cantidadArt B --> 1
20/05/2020 11:01:48|PrecVear --> 170
20/05/2020 11:01:48|montoArt --> 140,495867768595
20/05/2020 11:01:48|ivaArt --> 21
20/05/2020 11:01:48|hasarOCX.ImprimirItem --> OK
20/05/2020 11:01:48|Articulo --> alb.vo5 acondx790 limp.profun
20/05/2020 11:01:48|cantidadArt B --> 1
20/05/2020 11:01:48|PrecVear --> 165
20/05/2020 11:01:48|montoArt --> 136,363636363636
20/05/2020 11:01:48|ivaArt --> 21
20/05/2020 11:01:48|hasarOCX.ImprimirItem --> OK
20/05/2020 11:01:48|Articulo --> alb.vo5 chx790 limp.profunda-5067
20/05/2020 11:01:48|cantidadArt B --> 1
20/05/2020 11:01:48|PrecVear --> 165
20/05/2020 11:01:48|montoArt --> 136,363636363636
20/05/2020 11:01:48|ivaArt --> 21
20/05/2020 11:01:49|hasarOCX.ImprimirItem --> OK
20/05/2020 11:01:49|Articulo --> mary bosques argan dp x250g
20/05/2020 11:01:49|cantidadArt B --> 1
20/05/2020 11:01:49|PrecVear --> 320
20/05/2020 11:01:49|montoArt --> 264,462809917355
20/05/2020 11:01:49|ivaArt --> 21
20/05/2020 11:01:49|hasarOCX.ImprimirItem --> OK
20/05/2020 11:01:49|Cerrar Comprobante B:::
20/05/2020 11:01:52|Obtiene nrocomp
20/05/2020 11:01:52|nrocomp --> 513
20/05/2020 11:01:52|Nro. de Comprobante ::: TFB ::: 513
20/05/2020 11:09:26|Conectando..
20/05/2020 11:09:26|IP: 127.0.0.1 - Puerto: 6500
20/05/2020 11:09:27|Conectado con éxito!!
20/05/2020 11:11:57|Conectando..
20/05/2020 11:11:57|IP: 127.0.0.1 - Puerto: 6500
20/05/2020 11:11:58|Conectado con éxito!!
20/05/2020 11:14:06|Comienza Facturacion B
20/05/2020 11:14:06|DatosCliente B
20/05/2020 11:14:09|AbrirComprobanteFiscal B
20/05/2020 11:14:09|Articulo --> el coloso jab.liqx900 d.pack
20/05/2020 11:14:09|cantidadArt B --> 2
20/05/2020 11:14:09|PrecVear --> 73
20/05/2020 11:14:09|montoArt --> 60,3305785123967
20/05/2020 11:14:09|ivaArt --> 21
20/05/2020 11:14:09|hasarOCX.ImprimirItem --> OK
20/05/2020 11:14:09|Articulo --> dove baby jab liq h enr 12x200ml exp
20/05/2020 11:14:09|cantidadArt B --> 1
20/05/2020 11:14:09|PrecVear --> 220
20/05/2020 11:14:09|montoArt --> 181,818181818182
20/05/2020 11:14:09|ivaArt --> 21
20/05/2020 11:14:10|hasarOCX.ImprimirItem --> OK
20/05/2020 11:14:10|Articulo --> cif act.gelx500 limon-5962
20/05/2020 11:14:10|cantidadArt B --> 1
20/05/2020 11:14:10|PrecVear --> 145
20/05/2020 11:14:10|montoArt --> 119,834710743802
20/05/2020 11:14:10|ivaArt --> 21
20/05/2020 11:14:10|hasarOCX.ImprimirItem --> OK
20/05/2020 11:14:10|Articulo --> q soft toall. hum. clasicas x50u
20/05/2020 11:14:10|cantidadArt B --> 1
20/05/2020 11:14:10|PrecVear --> 98
20/05/2020 11:14:10|montoArt --> 80,9917355371901
20/05/2020 11:14:10|ivaArt --> 21
20/05/2020 11:14:10|hasarOCX.ImprimirItem --> OK
20/05/2020 11:14:10|Articulo --> siempre libre adapt noche dia c/alasx8
20/05/2020 11:14:10|cantidadArt B --> 2
20/05/2020 11:14:10|PrecVear --> 135
20/05/2020 11:14:10|montoArt --> 111,570247933884
20/05/2020 11:14:10|ivaArt --> 21
20/05/2020 11:14:11|hasarOCX.ImprimirItem --> OK
20/05/2020 11:14:11|Articulo --> pampers supersec xg x32
20/05/2020 11:14:11|cantidadArt B --> 1
20/05/2020 11:14:11|PrecVear --> 410
20/05/2020 11:14:11|montoArt --> 338,842975206612
20/05/2020 11:14:11|ivaArt --> 21
20/05/2020 11:14:11|hasarOCX.ImprimirItem --> OK
20/05/2020 11:14:11|Articulo --> el coloso hig.econ.bco.12x4 30mts
20/05/2020 11:14:11|cantidadArt B --> 1
20/05/2020 11:14:11|PrecVear --> 60
20/05/2020 11:14:11|montoArt --> 49,5867768595041
20/05/2020 11:14:11|ivaArt --> 21
20/05/2020 11:14:11|hasarOCX.ImprimirItem --> OK
20/05/2020 11:14:11|Articulo --> el coloso rollo cocx3 x 40paños
20/05/2020 11:14:11|cantidadArt B --> 1
20/05/2020 11:14:11|PrecVear --> 45
20/05/2020 11:14:11|montoArt --> 37,1900826446281
20/05/2020 11:14:11|ivaArt --> 21
20/05/2020 11:14:12|hasarOCX.ImprimirItem --> OK
20/05/2020 11:14:12|Articulo --> el coloso limp.liqx4l bebe
20/05/2020 11:14:12|cantidadArt B --> 1
20/05/2020 11:14:12|PrecVear --> 165
20/05/2020 11:14:12|montoArt --> 136,363636363636
20/05/2020 11:14:12|ivaArt --> 21
20/05/2020 11:14:12|hasarOCX.ImprimirItem --> OK
20/05/2020 11:14:12|Cerrar Comprobante B:::
20/05/2020 11:14:15|Obtiene nrocomp
20/05/2020 11:14:15|nrocomp --> 514
20/05/2020 11:14:15|Nro. de Comprobante ::: TFB ::: 514
20/05/2020 11:22:49|Conectando..
20/05/2020 11:22:49|IP: 127.0.0.1 - Puerto: 6500
20/05/2020 11:22:50|Conectado con éxito!!
20/05/2020 11:23:14|Comienza Facturacion B
20/05/2020 11:23:14|DatosCliente B
20/05/2020 11:23:17|AbrirComprobanteFiscal B
20/05/2020 11:23:17|Articulo --> algabo talco perfumado bolsita x200gr floral
20/05/2020 11:23:17|cantidadArt B --> 1
20/05/2020 11:23:17|PrecVear --> 60
20/05/2020 11:23:17|montoArt --> 49,5867768595041
20/05/2020 11:23:17|ivaArt --> 21
20/05/2020 11:23:17|hasarOCX.ImprimirItem --> OK
20/05/2020 11:23:17|Articulo --> est.spa colx200 floral -973
20/05/2020 11:23:17|cantidadArt B --> 1
20/05/2020 11:23:17|PrecVear --> 90
20/05/2020 11:23:17|montoArt --> 74,3801652892562
20/05/2020 11:23:17|ivaArt --> 21
20/05/2020 11:23:18|hasarOCX.ImprimirItem --> OK
20/05/2020 11:23:18|Articulo --> dufour deo men sport x99gr
20/05/2020 11:23:18|cantidadArt B --> 1
20/05/2020 11:23:18|PrecVear --> 110
20/05/2020 11:23:18|montoArt --> 90,9090909090909
20/05/2020 11:23:18|ivaArt --> 21
20/05/2020 11:23:18|hasarOCX.ImprimirItem --> OK
20/05/2020 11:23:18|Articulo --> dufour deo men black x99gr
20/05/2020 11:23:18|cantidadArt B --> 2
20/05/2020 11:23:18|PrecVear --> 110
20/05/2020 11:23:18|montoArt --> 90,9090909090909
20/05/2020 11:23:18|ivaArt --> 21
20/05/2020 11:23:18|hasarOCX.ImprimirItem --> OK
20/05/2020 11:23:18|Articulo --> issue sin amoniaco n 8
20/05/2020 11:23:18|cantidadArt B --> 1
20/05/2020 11:23:18|PrecVear --> 130
20/05/2020 11:23:18|montoArt --> 107,438016528926
20/05/2020 11:23:18|ivaArt --> 21
20/05/2020 11:23:19|hasarOCX.ImprimirItem --> OK
20/05/2020 11:23:19|Cerrar Comprobante B:::
20/05/2020 11:23:22|Obtiene nrocomp
20/05/2020 11:23:22|nrocomp --> 515
20/05/2020 11:23:22|Nro. de Comprobante ::: TFB ::: 515
20/05/2020 11:42:32|Comienza Facturacion A
20/05/2020 11:42:32|DatosCliente A
20/05/2020 11:42:35|AbrirComprobanteFiscal A
20/05/2020 11:42:35|Articulo --> make pulverizador multiuso x750
20/05/2020 11:42:35|cantidadArt A --> 1
20/05/2020 11:42:35|PrecVear --> 100
20/05/2020 11:42:35|montoArt --> 82,6446280991736
20/05/2020 11:42:35|ivaArt --> 21
20/05/2020 11:42:35|hasarOCX.ImprimirItem --> OK
20/05/2020 11:42:35|Articulo --> ala plus cremx750 glicerina-53258
20/05/2020 11:42:35|cantidadArt A --> 2
20/05/2020 11:42:35|PrecVear --> 59
20/05/2020 11:42:35|montoArt --> 48,7603305785124
20/05/2020 11:42:35|ivaArt --> 21
20/05/2020 11:42:35|hasarOCX.ImprimirItem --> OK
20/05/2020 11:42:35|Articulo --> party jab.liqx240 d.pack vainill
20/05/2020 11:42:35|cantidadArt A --> 1
20/05/2020 11:42:35|PrecVear --> 78
20/05/2020 11:42:35|montoArt --> 64,4628099173554
20/05/2020 11:42:35|ivaArt --> 21
20/05/2020 11:42:36|hasarOCX.ImprimirItem --> OK
20/05/2020 11:42:36|Articulo --> spa jabon liq dp
20/05/2020 11:42:36|cantidadArt A --> 2
20/05/2020 11:42:36|PrecVear --> 79
20/05/2020 11:42:36|montoArt --> 65,2892561983471
20/05/2020 11:42:36|ivaArt --> 21
20/05/2020 11:42:36|hasarOCX.ImprimirItem --> OK
20/05/2020 11:42:36|Articulo --> coloso alcohol etílico x250ml
20/05/2020 11:42:36|cantidadArt A --> 1
20/05/2020 11:42:36|PrecVear --> 95
20/05/2020 11:42:36|montoArt --> 78,5123966942149
20/05/2020 11:42:36|ivaArt --> 21
20/05/2020 11:42:36|hasarOCX.ImprimirItem --> OK
20/05/2020 11:42:36|Articulo --> seiseme jabon en pan x 300
20/05/2020 11:42:36|cantidadArt A --> 2
20/05/2020 11:42:36|PrecVear --> 75
20/05/2020 11:42:36|montoArt --> 61,9834710743802
20/05/2020 11:42:36|ivaArt --> 21
20/05/2020 11:42:37|hasarOCX.ImprimirItem --> OK
20/05/2020 11:42:37|Articulo --> varios
20/05/2020 11:42:37|cantidadArt A --> 1
20/05/2020 11:42:37|PrecVear --> 130
20/05/2020 11:42:37|montoArt --> 107,438016528926
20/05/2020 11:42:37|ivaArt --> 21
20/05/2020 11:42:37|hasarOCX.ImprimirItem --> OK
20/05/2020 11:42:37|Articulo --> bolsa de residuos 90*120
20/05/2020 11:42:37|cantidadArt A --> 1
20/05/2020 11:42:37|PrecVear --> 135
20/05/2020 11:42:37|montoArt --> 111,570247933884
20/05/2020 11:42:37|ivaArt --> 21
20/05/2020 11:42:37|hasarOCX.ImprimirItem --> OK
20/05/2020 11:42:37|Articulo --> bolsas de residuos 45*60
20/05/2020 11:42:37|cantidadArt A --> 3
20/05/2020 11:42:37|PrecVear --> 30
20/05/2020 11:42:37|montoArt --> 24,7933884297521
20/05/2020 11:42:37|ivaArt --> 21
20/05/2020 11:42:37|hasarOCX.ImprimirItem --> OK
20/05/2020 11:42:37|Articulo --> bolsa residuos 60*90
20/05/2020 11:42:37|cantidadArt A --> 2
20/05/2020 11:42:37|PrecVear --> 65
20/05/2020 11:42:37|montoArt --> 53,7190082644628
20/05/2020 11:42:37|ivaArt --> 21
20/05/2020 11:42:38|hasarOCX.ImprimirItem --> OK
20/05/2020 11:42:38|comienza imprimir sutotal: 
20/05/2020 11:42:38|Cerrar Comprobante A:::
20/05/2020 11:42:40|Obtiene nrocomp
20/05/2020 11:42:40|nrocomp --> 5
20/05/2020 11:42:40|Nro. de Comprobante ::: TFA ::: 5
20/05/2020 12:09:21|Conectando..
20/05/2020 12:09:21|IP: 127.0.0.1 - Puerto: 6500
20/05/2020 12:09:22|Conectado con éxito!!
20/05/2020 12:15:48|Conectando..
20/05/2020 12:15:48|IP: 127.0.0.1 - Puerto: 6500
20/05/2020 12:15:49|Conectado con éxito!!
20/05/2020 12:22:43|Conectando..
20/05/2020 12:22:43|IP: 127.0.0.1 - Puerto: 6500
20/05/2020 12:22:44|Conectado con éxito!!
20/05/2020 12:24:11|Conectando..
20/05/2020 12:24:11|IP: 127.0.0.1 - Puerto: 6500
20/05/2020 12:24:11|Conectado con éxito!!
20/05/2020 13:10:14|Conectando..
20/05/2020 13:10:14|IP: 127.0.0.1 - Puerto: 6500
20/05/2020 13:10:15|Conectado con éxito!!
20/05/2020 13:12:58|Comienza Facturacion B
20/05/2020 13:12:58|DatosCliente B
20/05/2020 13:13:01|AbrirComprobanteFiscal B
20/05/2020 13:13:01|Articulo --> dove aero apx89 original -6170
20/05/2020 13:13:01|cantidadArt B --> 1
20/05/2020 13:13:01|PrecVear --> 150
20/05/2020 13:13:01|montoArt --> 123,96694214876
20/05/2020 13:13:01|ivaArt --> 21
20/05/2020 13:13:01|hasarOCX.ImprimirItem --> OK
20/05/2020 13:13:01|Articulo --> nonisec ropa interior talle xg 8u
20/05/2020 13:13:01|cantidadArt B --> 1
20/05/2020 13:13:01|PrecVear --> 550
20/05/2020 13:13:01|montoArt --> 454,545454545455
20/05/2020 13:13:01|ivaArt --> 21
20/05/2020 13:13:02|hasarOCX.ImprimirItem --> OK
20/05/2020 13:13:02|Articulo --> pampers pants premium care xxg x24
20/05/2020 13:13:02|cantidadArt B --> 1
20/05/2020 13:13:02|PrecVear --> 540
20/05/2020 13:13:02|montoArt --> 446,280991735537
20/05/2020 13:13:02|ivaArt --> 21
20/05/2020 13:13:02|hasarOCX.ImprimirItem --> OK
20/05/2020 13:13:02|Articulo --> bolsa agua calientex2 lts
20/05/2020 13:13:02|cantidadArt B --> 1
20/05/2020 13:13:02|PrecVear --> 268
20/05/2020 13:13:02|montoArt --> 221,487603305785
20/05/2020 13:13:02|ivaArt --> 21
20/05/2020 13:13:02|hasarOCX.ImprimirItem --> OK
20/05/2020 13:13:02|Articulo --> bolsas de residuos 45*60
20/05/2020 13:13:02|cantidadArt B --> 2
20/05/2020 13:13:02|PrecVear --> 30
20/05/2020 13:13:02|montoArt --> 24,7933884297521
20/05/2020 13:13:02|ivaArt --> 21
20/05/2020 13:13:03|hasarOCX.ImprimirItem --> OK
20/05/2020 13:13:03|Articulo --> fibran trapo de piso
20/05/2020 13:13:03|cantidadArt B --> 1
20/05/2020 13:13:03|PrecVear --> 85
20/05/2020 13:13:03|montoArt --> 70,2479338842975
20/05/2020 13:13:03|ivaArt --> 21
20/05/2020 13:13:03|hasarOCX.ImprimirItem --> OK
20/05/2020 13:13:03|Articulo --> varios
20/05/2020 13:13:03|cantidadArt B --> 1
20/05/2020 13:13:03|PrecVear --> 30
20/05/2020 13:13:03|montoArt --> 24,7933884297521
20/05/2020 13:13:03|ivaArt --> 21
20/05/2020 13:13:03|hasarOCX.ImprimirItem --> OK
20/05/2020 13:13:03|Articulo --> el coloso rollo cocx3 x 40paños
20/05/2020 13:13:03|cantidadArt B --> 2
20/05/2020 13:13:03|PrecVear --> 45
20/05/2020 13:13:03|montoArt --> 37,1900826446281
20/05/2020 13:13:03|ivaArt --> 21
20/05/2020 13:13:04|hasarOCX.ImprimirItem --> OK
20/05/2020 13:13:04|Articulo --> el coloso hig.econ.bco.12x4 30mts
20/05/2020 13:13:04|cantidadArt B --> 1
20/05/2020 13:13:04|PrecVear --> 60
20/05/2020 13:13:04|montoArt --> 49,5867768595041
20/05/2020 13:13:04|ivaArt --> 21
20/05/2020 13:13:04|hasarOCX.ImprimirItem --> OK
20/05/2020 13:13:04|Articulo --> ayudin desinf.aerox332 bebe-21938
20/05/2020 13:13:04|cantidadArt B --> 1
20/05/2020 13:13:04|PrecVear --> 138
20/05/2020 13:13:04|montoArt --> 114,04958677686
20/05/2020 13:13:04|ivaArt --> 21
20/05/2020 13:13:04|hasarOCX.ImprimirItem --> OK
20/05/2020 13:13:04|Articulo --> poett limpx900 mult.musica
20/05/2020 13:13:04|cantidadArt B --> 1
20/05/2020 13:13:04|PrecVear --> 55
20/05/2020 13:13:04|montoArt --> 45,4545454545455
20/05/2020 13:13:04|ivaArt --> 21
20/05/2020 13:13:05|hasarOCX.ImprimirItem --> OK
20/05/2020 13:13:05|Articulo --> poett limpx900 mult.desp.energia270
20/05/2020 13:13:05|cantidadArt B --> 1
20/05/2020 13:13:05|PrecVear --> 55
20/05/2020 13:13:05|montoArt --> 45,4545454545455
20/05/2020 13:13:05|ivaArt --> 21
20/05/2020 13:13:05|hasarOCX.ImprimirItem --> OK
20/05/2020 13:13:05|Articulo --> pantene acondx200 hidratación
20/05/2020 13:13:05|cantidadArt B --> 1
20/05/2020 13:13:05|PrecVear --> 160
20/05/2020 13:13:05|montoArt --> 132,231404958678
20/05/2020 13:13:05|ivaArt --> 21
20/05/2020 13:13:05|hasarOCX.ImprimirItem --> OK
20/05/2020 13:13:05|Articulo --> pantene chx200 hidratación
20/05/2020 13:13:05|cantidadArt B --> 1
20/05/2020 13:13:05|PrecVear --> 160
20/05/2020 13:13:05|montoArt --> 132,231404958678
20/05/2020 13:13:05|ivaArt --> 21
20/05/2020 13:13:06|hasarOCX.ImprimirItem --> OK
20/05/2020 13:13:06|Articulo --> el coloso lavandinax1l basica
20/05/2020 13:13:06|cantidadArt B --> 1
20/05/2020 13:13:06|PrecVear --> 43
20/05/2020 13:13:06|montoArt --> 35,5371900826446
20/05/2020 13:13:06|ivaArt --> 21
20/05/2020 13:13:06|hasarOCX.ImprimirItem --> OK
20/05/2020 13:13:06|Cerrar Comprobante B:::
20/05/2020 13:13:09|Obtiene nrocomp
20/05/2020 13:13:09|nrocomp --> 516
20/05/2020 13:13:09|Nro. de Comprobante ::: TFB ::: 516
20/05/2020 13:21:19|Comienza Facturacion B
20/05/2020 13:21:19|DatosCliente B
20/05/2020 13:21:23|AbrirComprobanteFiscal B
20/05/2020 13:21:23|Articulo --> estrella  pañal xxgx34 uni
20/05/2020 13:21:23|cantidadArt B --> 1
20/05/2020 13:21:23|PrecVear --> 540
20/05/2020 13:21:23|montoArt --> 446,280991735537
20/05/2020 13:21:23|ivaArt --> 21
20/05/2020 13:21:24|hasarOCX.ImprimirItem --> OK
20/05/2020 13:21:24|Articulo --> varios
20/05/2020 13:21:24|cantidadArt B --> 1
20/05/2020 13:21:24|PrecVear --> 98
20/05/2020 13:21:24|montoArt --> 80,9917355371901
20/05/2020 13:21:24|ivaArt --> 21
20/05/2020 13:21:24|hasarOCX.ImprimirItem --> OK
20/05/2020 13:21:24|Articulo --> varios
20/05/2020 13:21:24|cantidadArt B --> 1
20/05/2020 13:21:24|PrecVear --> 290
20/05/2020 13:21:24|montoArt --> 239,669421487603
20/05/2020 13:21:24|ivaArt --> 21
20/05/2020 13:21:24|hasarOCX.ImprimirItem --> OK
20/05/2020 13:21:24|Articulo --> cif cremx375 orig.micropart-95049
20/05/2020 13:21:24|cantidadArt B --> 1
20/05/2020 13:21:24|PrecVear --> 59
20/05/2020 13:21:24|montoArt --> 48,7603305785124
20/05/2020 13:21:24|ivaArt --> 21
20/05/2020 13:21:25|hasarOCX.ImprimirItem --> OK
20/05/2020 13:21:25|Articulo --> ideal toallitas humedas bb repuesto clasica (celeste)
20/05/2020 13:21:25|cantidadArt B --> 1
20/05/2020 13:21:25|PrecVear --> 70
20/05/2020 13:21:25|montoArt --> 57,8512396694215
20/05/2020 13:21:25|ivaArt --> 21
20/05/2020 13:21:25|hasarOCX.ImprimirItem --> OK
20/05/2020 13:21:25|Cerrar Comprobante B:::
20/05/2020 13:21:28|Obtiene nrocomp
20/05/2020 13:21:28|nrocomp --> 517
20/05/2020 13:21:28|Nro. de Comprobante ::: TFB ::: 517
20/05/2020 14:10:42|Conectando..
20/05/2020 14:10:42|IP: 127.0.0.1 - Puerto: 6500
20/05/2020 14:10:43|Conectado con éxito!!
20/05/2020 14:11:47|Comienza Facturacion B
20/05/2020 14:11:47|DatosCliente B
20/05/2020 14:11:49|AbrirComprobanteFiscal B
20/05/2020 14:11:49|Articulo --> issue 7.1 rubio ceniza
20/05/2020 14:11:49|cantidadArt B --> 2
20/05/2020 14:11:49|PrecVear --> 130
20/05/2020 14:11:49|montoArt --> 107,438016528926
20/05/2020 14:11:49|ivaArt --> 21
20/05/2020 14:11:50|hasarOCX.ImprimirItem --> OK
20/05/2020 14:11:50|Articulo --> issue activ.cr 20v x47ml gratis
20/05/2020 14:11:50|cantidadArt B --> 2
20/05/2020 14:11:50|PrecVear --> 20
20/05/2020 14:11:50|montoArt --> 16,5289256198347
20/05/2020 14:11:50|ivaArt --> 21
20/05/2020 14:11:50|hasarOCX.ImprimirItem --> OK
20/05/2020 14:11:50|Articulo --> sensodyne cr.dent x90 blanqueador
20/05/2020 14:11:50|cantidadArt B --> 1
20/05/2020 14:11:50|PrecVear --> 310
20/05/2020 14:11:50|montoArt --> 256,198347107438
20/05/2020 14:11:50|ivaArt --> 21
20/05/2020 14:11:50|hasarOCX.ImprimirItem --> OK
20/05/2020 14:11:50|Articulo --> varios
20/05/2020 14:11:50|cantidadArt B --> 1
20/05/2020 14:11:50|PrecVear --> 315
20/05/2020 14:11:50|montoArt --> 260,330578512397
20/05/2020 14:11:50|ivaArt --> 21
20/05/2020 14:11:51|hasarOCX.ImprimirItem --> OK
20/05/2020 14:11:51|Articulo --> prix panx150 ocre
20/05/2020 14:11:51|cantidadArt B --> 1
20/05/2020 14:11:51|PrecVear --> 25
20/05/2020 14:11:51|montoArt --> 20,6611570247934
20/05/2020 14:11:51|ivaArt --> 21
20/05/2020 14:11:51|hasarOCX.ImprimirItem --> OK
20/05/2020 14:11:51|Articulo --> varios
20/05/2020 14:11:51|cantidadArt B --> 1
20/05/2020 14:11:51|PrecVear --> 105
20/05/2020 14:11:51|montoArt --> 86,7768595041322
20/05/2020 14:11:51|ivaArt --> 21
20/05/2020 14:11:51|hasarOCX.ImprimirItem --> OK
20/05/2020 14:11:51|Articulo --> elvive chx200 o.extrao curls-7900
20/05/2020 14:11:51|cantidadArt B --> 1
20/05/2020 14:11:51|PrecVear --> 185
20/05/2020 14:11:51|montoArt --> 152,892561983471
20/05/2020 14:11:51|ivaArt --> 21
20/05/2020 14:11:52|hasarOCX.ImprimirItem --> OK
20/05/2020 14:11:52|Articulo --> elvive acondx200 color vive
20/05/2020 14:11:52|cantidadArt B --> 1
20/05/2020 14:11:52|PrecVear --> 185
20/05/2020 14:11:52|montoArt --> 152,892561983471
20/05/2020 14:11:52|ivaArt --> 21
20/05/2020 14:11:52|hasarOCX.ImprimirItem --> OK
20/05/2020 14:11:52|Articulo --> teatrical cr.aclaradora x 200 grs 200
20/05/2020 14:11:52|cantidadArt B --> 1
20/05/2020 14:11:52|PrecVear --> 330
20/05/2020 14:11:52|montoArt --> 272,727272727273
20/05/2020 14:11:52|ivaArt --> 21
20/05/2020 14:11:52|hasarOCX.ImprimirItem --> OK
20/05/2020 14:11:52|Articulo --> varios
20/05/2020 14:11:52|cantidadArt B --> 3
20/05/2020 14:11:52|PrecVear --> 15
20/05/2020 14:11:52|montoArt --> 12,396694214876
20/05/2020 14:11:52|ivaArt --> 21
20/05/2020 14:11:53|hasarOCX.ImprimirItem --> OK
20/05/2020 14:11:53|Cerrar Comprobante B:::
20/05/2020 14:11:56|Obtiene nrocomp
20/05/2020 14:11:56|nrocomp --> 518
20/05/2020 14:11:56|Nro. de Comprobante ::: TFB ::: 518
20/05/2020 14:23:00|Conectando..
20/05/2020 14:23:00|IP: 127.0.0.1 - Puerto: 6500
20/05/2020 14:23:01|Conectado con éxito!!
20/05/2020 14:23:10|Conectando..
20/05/2020 14:23:10|IP: 127.0.0.1 - Puerto: 6500
20/05/2020 14:23:11|Conectado con éxito!!
20/05/2020 14:29:09|Comienza Facturacion B
20/05/2020 14:29:10|DatosCliente B
20/05/2020 14:29:12|AbrirComprobanteFiscal B
20/05/2020 14:29:12|Articulo --> venus simply rosada x1 unidad
20/05/2020 14:29:12|cantidadArt B --> 1
20/05/2020 14:29:12|PrecVear --> 95
20/05/2020 14:29:12|montoArt --> 78,5123966942149
20/05/2020 14:29:12|ivaArt --> 21
20/05/2020 14:29:13|hasarOCX.ImprimirItem --> OK
20/05/2020 14:29:13|Articulo --> 391 estrella t.hum. dp aloe vera 30 x 50u
20/05/2020 14:29:13|cantidadArt B --> 1
20/05/2020 14:29:13|PrecVear --> 90
20/05/2020 14:29:13|montoArt --> 74,3801652892562
20/05/2020 14:29:13|ivaArt --> 21
20/05/2020 14:29:13|hasarOCX.ImprimirItem --> OK
20/05/2020 14:29:13|Articulo --> comodin anat. grande 16u (azul)
20/05/2020 14:29:13|cantidadArt B --> 1
20/05/2020 14:29:13|PrecVear --> 530
20/05/2020 14:29:13|montoArt --> 438,01652892562
20/05/2020 14:29:13|ivaArt --> 21
20/05/2020 14:29:13|hasarOCX.ImprimirItem --> OK
20/05/2020 14:29:13|Cerrar Comprobante B:::
20/05/2020 14:29:16|Obtiene nrocomp
20/05/2020 14:29:16|nrocomp --> 519
20/05/2020 14:29:16|Nro. de Comprobante ::: TFB ::: 519
20/05/2020 14:32:39|Conectando..
20/05/2020 14:32:39|IP: 127.0.0.1 - Puerto: 6500
20/05/2020 14:32:40|Conectado con éxito!!
20/05/2020 14:42:34|Comienza Facturacion B
20/05/2020 14:42:34|DatosCliente B
20/05/2020 14:42:36|AbrirComprobanteFiscal B
20/05/2020 14:42:36|Articulo --> goodmax rosa x1 maquina de afeitar x5 filos
20/05/2020 14:42:36|cantidadArt B --> 2
20/05/2020 14:42:36|PrecVear --> 55
20/05/2020 14:42:36|montoArt --> 45,4545454545455
20/05/2020 14:42:36|ivaArt --> 21
20/05/2020 14:42:37|hasarOCX.ImprimirItem --> OK
20/05/2020 14:42:37|Articulo --> varios
20/05/2020 14:42:37|cantidadArt B --> 1
20/05/2020 14:42:37|PrecVear --> 380
20/05/2020 14:42:37|montoArt --> 314,04958677686
20/05/2020 14:42:37|ivaArt --> 21
20/05/2020 14:42:37|hasarOCX.ImprimirItem --> OK
20/05/2020 14:42:37|Cerrar Comprobante B:::
20/05/2020 14:42:40|Obtiene nrocomp
20/05/2020 14:42:40|nrocomp --> 520
20/05/2020 14:42:40|Nro. de Comprobante ::: TFB ::: 520
20/05/2020 14:43:59|Conectando..
20/05/2020 14:43:59|IP: 127.0.0.1 - Puerto: 6500
20/05/2020 14:44:00|Conectado con éxito!!
20/05/2020 14:45:25|Comienza Facturacion B
20/05/2020 14:45:25|DatosCliente B
20/05/2020 14:45:28|AbrirComprobanteFiscal B
20/05/2020 14:45:28|Articulo --> pampers confortsec xxg 56x3
20/05/2020 14:45:28|cantidadArt B --> 2
20/05/2020 14:45:28|PrecVear --> 1050
20/05/2020 14:45:28|montoArt --> 867,768595041322
20/05/2020 14:45:28|ivaArt --> 21
20/05/2020 14:45:28|hasarOCX.ImprimirItem --> OK
20/05/2020 14:45:28|Articulo --> varios
20/05/2020 14:45:28|cantidadArt B --> 2
20/05/2020 14:45:28|PrecVear --> 45
20/05/2020 14:45:28|montoArt --> 37,1900826446281
20/05/2020 14:45:28|ivaArt --> 21
20/05/2020 14:45:28|hasarOCX.ImprimirItem --> OK
20/05/2020 14:45:28|Articulo --> qqueen cep cdo eng rosa 5471n-2
20/05/2020 14:45:28|cantidadArt B --> 1
20/05/2020 14:45:28|PrecVear --> 298
20/05/2020 14:45:28|montoArt --> 246,280991735537
20/05/2020 14:45:28|ivaArt --> 21
20/05/2020 14:45:29|hasarOCX.ImprimirItem --> OK
20/05/2020 14:45:29|Articulo --> 529384 j&j cotonetes johnson flexibles 150
20/05/2020 14:45:29|cantidadArt B --> 1
20/05/2020 14:45:29|PrecVear --> 165
20/05/2020 14:45:29|montoArt --> 136,363636363636
20/05/2020 14:45:29|ivaArt --> 21
20/05/2020 14:45:29|hasarOCX.ImprimirItem --> OK
20/05/2020 14:45:29|Articulo --> 127 hisopos estrella baby seguridad 30x24
20/05/2020 14:45:29|cantidadArt B --> 1
20/05/2020 14:45:29|PrecVear --> 124
20/05/2020 14:45:29|montoArt --> 102,479338842975
20/05/2020 14:45:29|ivaArt --> 21
20/05/2020 14:45:30|hasarOCX.ImprimirItem --> OK
20/05/2020 14:45:30|Articulo --> ariel liqx3l agua fria-8918
20/05/2020 14:45:30|cantidadArt B --> 1
20/05/2020 14:45:30|PrecVear --> 498
20/05/2020 14:45:30|montoArt --> 411,570247933884
20/05/2020 14:45:30|ivaArt --> 21
20/05/2020 14:45:30|hasarOCX.ImprimirItem --> OK
20/05/2020 14:45:30|Articulo --> jyj sh clasico  x400ml (amarillo)
20/05/2020 14:45:30|cantidadArt B --> 1
20/05/2020 14:45:30|PrecVear --> 320
20/05/2020 14:45:30|montoArt --> 264,462809917355
20/05/2020 14:45:30|ivaArt --> 21
20/05/2020 14:45:30|hasarOCX.ImprimirItem --> OK
20/05/2020 14:45:30|Articulo --> magistral esp.activax750 limon-7172
20/05/2020 14:45:30|cantidadArt B --> 1
20/05/2020 14:45:30|PrecVear --> 240
20/05/2020 14:45:30|montoArt --> 198,347107438017
20/05/2020 14:45:30|ivaArt --> 21
20/05/2020 14:45:31|hasarOCX.ImprimirItem --> OK
20/05/2020 14:45:31|Articulo --> poett aero mult.ambx360 esp.joven
20/05/2020 14:45:31|cantidadArt B --> 1
20/05/2020 14:45:31|PrecVear --> 78
20/05/2020 14:45:31|montoArt --> 64,4628099173554
20/05/2020 14:45:31|ivaArt --> 21
20/05/2020 14:45:31|hasarOCX.ImprimirItem --> OK
20/05/2020 14:45:31|Articulo --> jyj fecula almidon 12x400g
20/05/2020 14:45:31|cantidadArt B --> 1
20/05/2020 14:45:31|PrecVear --> 325
20/05/2020 14:45:31|montoArt --> 268,595041322314
20/05/2020 14:45:31|ivaArt --> 21
20/05/2020 14:45:31|hasarOCX.ImprimirItem --> OK
20/05/2020 14:45:31|Articulo --> algabo sanitizante pomo x150ml
20/05/2020 14:45:31|cantidadArt B --> 1
20/05/2020 14:45:31|PrecVear --> 145
20/05/2020 14:45:31|montoArt --> 119,834710743802
20/05/2020 14:45:31|ivaArt --> 21
20/05/2020 14:45:32|hasarOCX.ImprimirItem --> OK
20/05/2020 14:45:32|Articulo --> 539641/ 68456 j&j aceite aloe vera 100x12  (verde)
20/05/2020 14:45:32|cantidadArt B --> 1
20/05/2020 14:45:32|PrecVear --> 165
20/05/2020 14:45:32|montoArt --> 136,363636363636
20/05/2020 14:45:32|ivaArt --> 21
20/05/2020 14:45:32|hasarOCX.ImprimirItem --> OK
20/05/2020 14:45:32|Articulo --> dove jabon x90 blanco
20/05/2020 14:45:32|cantidadArt B --> 3
20/05/2020 14:45:32|PrecVear --> 64
20/05/2020 14:45:32|montoArt --> 52,8925619834711
20/05/2020 14:45:32|ivaArt --> 21
20/05/2020 14:45:32|hasarOCX.ImprimirItem --> OK
20/05/2020 14:45:32|Articulo --> jyj t. hum. toque de sueño x50 (violeta)
20/05/2020 14:45:32|cantidadArt B --> 1
20/05/2020 14:45:32|PrecVear --> 150
20/05/2020 14:45:32|montoArt --> 123,96694214876
20/05/2020 14:45:32|ivaArt --> 21
20/05/2020 14:45:33|hasarOCX.ImprimirItem --> OK
20/05/2020 14:45:33|Cerrar Comprobante B:::
20/05/2020 14:45:36|Obtiene nrocomp
20/05/2020 14:45:36|nrocomp --> 521
20/05/2020 14:45:36|Nro. de Comprobante ::: TFB ::: 521
20/05/2020 14:48:36|Comienza Facturacion B
20/05/2020 14:48:36|DatosCliente B
20/05/2020 14:48:39|AbrirComprobanteFiscal B
20/05/2020 14:48:39|Articulo --> varios
20/05/2020 14:48:39|cantidadArt B --> 3
20/05/2020 14:48:39|PrecVear --> 75
20/05/2020 14:48:39|montoArt --> 61,9834710743802
20/05/2020 14:48:39|ivaArt --> 21
20/05/2020 14:48:39|hasarOCX.ImprimirItem --> OK
20/05/2020 14:48:39|Articulo --> el coloso lavandinax5l basica
20/05/2020 14:48:39|cantidadArt B --> 1
20/05/2020 14:48:39|PrecVear --> 180
20/05/2020 14:48:39|montoArt --> 148,760330578512
20/05/2020 14:48:39|ivaArt --> 21
20/05/2020 14:48:39|hasarOCX.ImprimirItem --> OK
20/05/2020 14:48:39|Cerrar Comprobante B:::
20/05/2020 14:48:42|Obtiene nrocomp
20/05/2020 14:48:42|nrocomp --> 522
20/05/2020 14:48:42|Nro. de Comprobante ::: TFB ::: 522
20/05/2020 14:50:10|Conectando..
20/05/2020 14:50:10|IP: 127.0.0.1 - Puerto: 6500
20/05/2020 14:50:11|Conectado con éxito!!
20/05/2020 14:53:47|Conectando..
20/05/2020 14:53:47|IP: 127.0.0.1 - Puerto: 6500
20/05/2020 14:53:48|Conectado con éxito!!
20/05/2020 15:06:23|Conectando..
20/05/2020 15:06:23|IP: 127.0.0.1 - Puerto: 6500
20/05/2020 15:06:24|Conectado con éxito!!
20/05/2020 15:07:41|Comienza Facturacion B
20/05/2020 15:07:41|DatosCliente B
20/05/2020 15:07:43|AbrirComprobanteFiscal B
20/05/2020 15:07:43|Articulo --> seiseme jabon en pan x 300
20/05/2020 15:07:43|cantidadArt B --> 2
20/05/2020 15:07:43|PrecVear --> 75
20/05/2020 15:07:43|montoArt --> 61,9834710743802
20/05/2020 15:07:43|ivaArt --> 21
20/05/2020 15:07:44|hasarOCX.ImprimirItem --> OK
20/05/2020 15:07:44|Articulo --> el coloso fosforosx220un
20/05/2020 15:07:44|cantidadArt B --> 2
20/05/2020 15:07:44|PrecVear --> 29
20/05/2020 15:07:44|montoArt --> 23,9669421487603
20/05/2020 15:07:44|ivaArt --> 21
20/05/2020 15:07:44|hasarOCX.ImprimirItem --> OK
20/05/2020 15:07:44|Articulo --> rexona jabon x125 g sensible fresh
20/05/2020 15:07:44|cantidadArt B --> 2
20/05/2020 15:07:44|PrecVear --> 39
20/05/2020 15:07:44|montoArt --> 32,2314049586777
20/05/2020 15:07:44|ivaArt --> 21
20/05/2020 15:07:44|hasarOCX.ImprimirItem --> OK
20/05/2020 15:07:44|Articulo --> plusbelle jabx125 hum.cremoso
20/05/2020 15:07:44|cantidadArt B --> 2
20/05/2020 15:07:44|PrecVear --> 42
20/05/2020 15:07:44|montoArt --> 34,7107438016529
20/05/2020 15:07:44|ivaArt --> 21
20/05/2020 15:07:45|hasarOCX.ImprimirItem --> OK
20/05/2020 15:07:45|Cerrar Comprobante B:::
20/05/2020 15:07:48|Obtiene nrocomp
20/05/2020 15:07:48|nrocomp --> 523
20/05/2020 15:07:48|Nro. de Comprobante ::: TFB ::: 523
20/05/2020 15:11:22|Conectando..
20/05/2020 15:11:22|IP: 127.0.0.1 - Puerto: 6500
20/05/2020 15:11:22|Conectado con éxito!!
20/05/2020 15:11:38|Comienza Facturacion B
20/05/2020 15:11:39|DatosCliente B
20/05/2020 15:11:41|AbrirComprobanteFiscal B
20/05/2020 15:11:41|Articulo --> elegante rollo cocinax200 paños
20/05/2020 15:11:41|cantidadArt B --> 1
20/05/2020 15:11:41|PrecVear --> 85
20/05/2020 15:11:41|montoArt --> 70,2479338842975
20/05/2020 15:11:41|ivaArt --> 21
20/05/2020 15:11:41|hasarOCX.ImprimirItem --> OK
20/05/2020 15:11:41|Articulo --> sedal acondx300 d.pack balance
20/05/2020 15:11:41|cantidadArt B --> 1
20/05/2020 15:11:41|PrecVear --> 110
20/05/2020 15:11:41|montoArt --> 90,9090909090909
20/05/2020 15:11:41|ivaArt --> 21
20/05/2020 15:11:42|hasarOCX.ImprimirItem --> OK
20/05/2020 15:11:42|Articulo --> sedal chx300ml d.pack rest.inst
20/05/2020 15:11:42|cantidadArt B --> 1
20/05/2020 15:11:42|PrecVear --> 110
20/05/2020 15:11:42|montoArt --> 90,9090909090909
20/05/2020 15:11:42|ivaArt --> 21
20/05/2020 15:11:42|hasarOCX.ImprimirItem --> OK
20/05/2020 15:11:42|Articulo --> key kolor kit 5.1
20/05/2020 15:11:42|cantidadArt B --> 1
20/05/2020 15:11:42|PrecVear --> 270
20/05/2020 15:11:42|montoArt --> 223,140495867769
20/05/2020 15:11:42|ivaArt --> 21
20/05/2020 15:11:43|hasarOCX.ImprimirItem --> OK
20/05/2020 15:11:43|Cerrar Comprobante B:::
20/05/2020 15:11:45|Obtiene nrocomp
20/05/2020 15:11:46|nrocomp --> 524
20/05/2020 15:11:46|Nro. de Comprobante ::: TFB ::: 524
20/05/2020 15:12:40|Conectando..
20/05/2020 15:12:40|IP: 127.0.0.1 - Puerto: 6500
20/05/2020 15:12:41|Conectado con éxito!!
20/05/2020 15:13:21|Comienza Facturacion B
20/05/2020 15:13:21|DatosCliente B
20/05/2020 15:13:24|AbrirComprobanteFiscal B
20/05/2020 15:13:24|Articulo --> varios
20/05/2020 15:13:24|cantidadArt B --> 1
20/05/2020 15:13:24|PrecVear --> 390
20/05/2020 15:13:24|montoArt --> 322,314049586777
20/05/2020 15:13:24|ivaArt --> 21
20/05/2020 15:13:24|hasarOCX.ImprimirItem --> OK
20/05/2020 15:13:24|Articulo --> huggies trip prot m x48
20/05/2020 15:13:24|cantidadArt B --> 2
20/05/2020 15:13:24|PrecVear --> 450
20/05/2020 15:13:24|montoArt --> 371,900826446281
20/05/2020 15:13:24|ivaArt --> 21
20/05/2020 15:13:24|hasarOCX.ImprimirItem --> OK
20/05/2020 15:13:24|Articulo --> estrella baby oleo amarillo x250
20/05/2020 15:13:24|cantidadArt B --> 1
20/05/2020 15:13:24|PrecVear --> 128
20/05/2020 15:13:24|montoArt --> 105,785123966942
20/05/2020 15:13:24|ivaArt --> 21
20/05/2020 15:13:25|hasarOCX.ImprimirItem --> OK
20/05/2020 15:13:25|Cerrar Comprobante B:::
20/05/2020 15:13:28|Obtiene nrocomp
20/05/2020 15:13:28|nrocomp --> 525
20/05/2020 15:13:28|Nro. de Comprobante ::: TFB ::: 525
20/05/2020 15:25:05|Conectando..
20/05/2020 15:25:05|IP: 127.0.0.1 - Puerto: 6500
20/05/2020 15:25:06|Conectado con éxito!!
20/05/2020 15:26:34|Conectando..
20/05/2020 15:26:34|IP: 127.0.0.1 - Puerto: 6500
20/05/2020 15:26:35|Conectado con éxito!!
20/05/2020 15:29:23|Conectando..
20/05/2020 15:29:23|IP: 127.0.0.1 - Puerto: 6500
20/05/2020 15:29:23|Conectado con éxito!!
20/05/2020 15:30:06|Conectando..
20/05/2020 15:30:06|IP: 127.0.0.1 - Puerto: 6500
20/05/2020 15:30:07|Conectado con éxito!!
20/05/2020 15:31:02|Conectando..
20/05/2020 15:31:02|IP: 127.0.0.1 - Puerto: 6500
20/05/2020 15:31:03|Conectado con éxito!!
20/05/2020 15:31:29|Comienza Facturacion B
20/05/2020 15:31:29|DatosCliente B
20/05/2020 15:31:32|AbrirComprobanteFiscal B
20/05/2020 15:31:32|Articulo --> coloso alcohol etílico x250ml
20/05/2020 15:31:32|cantidadArt B --> 1
20/05/2020 15:31:32|PrecVear --> 95
20/05/2020 15:31:32|montoArt --> 78,5123966942149
20/05/2020 15:31:32|ivaArt --> 21
20/05/2020 15:31:32|hasarOCX.ImprimirItem --> OK
20/05/2020 15:31:32|Articulo --> varios
20/05/2020 15:31:32|cantidadArt B --> 1
20/05/2020 15:31:32|PrecVear --> 170
20/05/2020 15:31:32|montoArt --> 140,495867768595
20/05/2020 15:31:32|ivaArt --> 21
20/05/2020 15:31:32|hasarOCX.ImprimirItem --> OK
20/05/2020 15:31:32|Articulo --> e.spa esponja hueso (105)
20/05/2020 15:31:32|cantidadArt B --> 1
20/05/2020 15:31:32|PrecVear --> 45
20/05/2020 15:31:32|montoArt --> 37,1900826446281
20/05/2020 15:31:32|ivaArt --> 21
20/05/2020 15:31:33|hasarOCX.ImprimirItem --> OK
20/05/2020 15:31:33|Cerrar Comprobante B:::
20/05/2020 15:31:36|Obtiene nrocomp
20/05/2020 15:31:36|nrocomp --> 526
20/05/2020 15:31:36|Nro. de Comprobante ::: TFB ::: 526
20/05/2020 15:32:34|Conectando..
20/05/2020 15:32:34|IP: 127.0.0.1 - Puerto: 6500
20/05/2020 15:32:35|Conectado con éxito!!
20/05/2020 15:32:50|Conectando..
20/05/2020 15:32:50|IP: 127.0.0.1 - Puerto: 6500
20/05/2020 15:32:50|Conectado con éxito!!
20/05/2020 15:33:00|Conectando..
20/05/2020 15:33:00|IP: 127.0.0.1 - Puerto: 6500
20/05/2020 15:33:01|Conectado con éxito!!
20/05/2020 15:33:34|Comienza Facturacion B
20/05/2020 15:33:34|DatosCliente B
20/05/2020 15:33:37|AbrirComprobanteFiscal B
20/05/2020 15:33:37|Articulo --> e.spa esponja hueso (105)
20/05/2020 15:33:37|cantidadArt B --> 1
20/05/2020 15:33:37|PrecVear --> 45
20/05/2020 15:33:37|montoArt --> 37,1900826446281
20/05/2020 15:33:37|ivaArt --> 21
20/05/2020 15:33:37|hasarOCX.ImprimirItem --> OK
20/05/2020 15:33:37|Articulo --> varios
20/05/2020 15:33:37|cantidadArt B --> 1
20/05/2020 15:33:37|PrecVear --> 170
20/05/2020 15:33:37|montoArt --> 140,495867768595
20/05/2020 15:33:37|ivaArt --> 21
20/05/2020 15:33:37|hasarOCX.ImprimirItem --> OK
20/05/2020 15:33:37|Articulo --> coloso alcohol etílico x250ml
20/05/2020 15:33:37|cantidadArt B --> 1
20/05/2020 15:33:37|PrecVear --> 95
20/05/2020 15:33:37|montoArt --> 78,5123966942149
20/05/2020 15:33:37|ivaArt --> 21
20/05/2020 15:33:38|hasarOCX.ImprimirItem --> OK
20/05/2020 15:33:38|Articulo --> farmaco exhi.prot lab.secos y partido 4g
20/05/2020 15:33:38|cantidadArt B --> 1
20/05/2020 15:33:38|PrecVear --> 130
20/05/2020 15:33:38|montoArt --> 107,438016528926
20/05/2020 15:33:38|ivaArt --> 21
20/05/2020 15:33:38|hasarOCX.ImprimirItem --> OK
20/05/2020 15:33:38|Cerrar Comprobante B:::
20/05/2020 15:33:41|Obtiene nrocomp
20/05/2020 15:33:41|nrocomp --> 527
20/05/2020 15:33:41|Nro. de Comprobante ::: TFB ::: 527
20/05/2020 15:45:16|Conectando..
20/05/2020 15:45:16|IP: 127.0.0.1 - Puerto: 6500
20/05/2020 15:45:16|Conectado con éxito!!
20/05/2020 15:48:09|Conectando..
20/05/2020 15:48:09|IP: 127.0.0.1 - Puerto: 6500
20/05/2020 15:48:10|Conectado con éxito!!
20/05/2020 15:54:36|Comienza Facturacion B
20/05/2020 15:54:36|DatosCliente B
20/05/2020 15:54:39|AbrirComprobanteFiscal B
20/05/2020 15:54:39|Articulo --> biferdil sh antiamarilleo
20/05/2020 15:54:39|cantidadArt B --> 1
20/05/2020 15:54:39|PrecVear --> 384
20/05/2020 15:54:39|montoArt --> 317,355371900826
20/05/2020 15:54:39|ivaArt --> 21
20/05/2020 15:54:39|hasarOCX.ImprimirItem --> OK
20/05/2020 15:54:39|Articulo --> biferdil trat cap aceite de palta
20/05/2020 15:54:39|cantidadArt B --> 2
20/05/2020 15:54:39|PrecVear --> 62
20/05/2020 15:54:39|montoArt --> 51,2396694214876
20/05/2020 15:54:39|ivaArt --> 21
20/05/2020 15:54:39|hasarOCX.ImprimirItem --> OK
20/05/2020 15:54:39|Articulo --> otowil keratincrema trat 24x25 grs 24x
20/05/2020 15:54:39|cantidadArt B --> 2
20/05/2020 15:54:39|PrecVear --> 45
20/05/2020 15:54:39|montoArt --> 37,1900826446281
20/05/2020 15:54:39|ivaArt --> 21
20/05/2020 15:54:40|hasarOCX.ImprimirItem --> OK
20/05/2020 15:54:40|Cerrar Comprobante B:::
20/05/2020 15:54:43|Obtiene nrocomp
20/05/2020 15:54:43|nrocomp --> 528
20/05/2020 15:54:43|Nro. de Comprobante ::: TFB ::: 528
20/05/2020 16:00:52|Conectando..
20/05/2020 16:00:52|IP: 127.0.0.1 - Puerto: 6500
20/05/2020 16:00:53|Conectado con éxito!!
20/05/2020 16:05:25|Conectando..
20/05/2020 16:05:25|IP: 127.0.0.1 - Puerto: 6500
20/05/2020 16:05:26|Conectado con éxito!!
20/05/2020 16:05:31|Conectando..
20/05/2020 16:05:31|IP: 127.0.0.1 - Puerto: 6500
20/05/2020 16:05:32|Conectado con éxito!!
20/05/2020 16:06:14|Conectando..
20/05/2020 16:06:14|IP: 127.0.0.1 - Puerto: 6500
20/05/2020 16:06:15|Conectado con éxito!!
20/05/2020 16:11:19|Conectando..
20/05/2020 16:11:19|IP: 127.0.0.1 - Puerto: 6500
20/05/2020 16:11:20|Conectado con éxito!!
20/05/2020 16:37:14|Conectando..
20/05/2020 16:37:14|IP: 127.0.0.1 - Puerto: 6500
20/05/2020 16:37:14|Conectado con éxito!!
20/05/2020 16:43:59|Comienza Facturacion B
20/05/2020 16:43:59|DatosCliente B
20/05/2020 16:44:02|AbrirComprobanteFiscal B
20/05/2020 16:44:02|Articulo --> coloso alcohol etílico x250ml
20/05/2020 16:44:02|cantidadArt B --> 2
20/05/2020 16:44:02|PrecVear --> 95
20/05/2020 16:44:02|montoArt --> 78,5123966942149
20/05/2020 16:44:02|ivaArt --> 21
20/05/2020 16:44:02|hasarOCX.ImprimirItem --> OK
20/05/2020 16:44:02|Articulo --> huggies act sec flex xgx56
20/05/2020 16:44:02|cantidadArt B --> 1
20/05/2020 16:44:02|PrecVear --> 990
20/05/2020 16:44:02|montoArt --> 818,181818181818
20/05/2020 16:44:02|ivaArt --> 21
20/05/2020 16:44:02|hasarOCX.ImprimirItem --> OK
20/05/2020 16:44:02|Articulo --> q soft toall. hum. clasicas x50u
20/05/2020 16:44:02|cantidadArt B --> 2
20/05/2020 16:44:02|PrecVear --> 98
20/05/2020 16:44:02|montoArt --> 80,9917355371901
20/05/2020 16:44:02|ivaArt --> 21
20/05/2020 16:44:03|hasarOCX.ImprimirItem --> OK
20/05/2020 16:44:03|Articulo --> 6911200370 chicco vaso  transition 4m+ celeste
20/05/2020 16:44:03|cantidadArt B --> 1
20/05/2020 16:44:03|PrecVear --> 795
20/05/2020 16:44:03|montoArt --> 657,02479338843
20/05/2020 16:44:03|ivaArt --> 21
20/05/2020 16:44:03|hasarOCX.ImprimirItem --> OK
20/05/2020 16:44:03|Articulo --> varios
20/05/2020 16:44:03|cantidadArt B --> 1
20/05/2020 16:44:03|PrecVear --> 600
20/05/2020 16:44:03|montoArt --> 495,867768595041
20/05/2020 16:44:03|ivaArt --> 21
20/05/2020 16:44:03|hasarOCX.ImprimirItem --> OK
20/05/2020 16:44:03|Articulo --> estrella baby oleo amarillo x500
20/05/2020 16:44:03|cantidadArt B --> 1
20/05/2020 16:44:03|PrecVear --> 187
20/05/2020 16:44:03|montoArt --> 154,545454545455
20/05/2020 16:44:03|ivaArt --> 21
20/05/2020 16:44:04|hasarOCX.ImprimirItem --> OK
20/05/2020 16:44:04|Cerrar Comprobante B:::
20/05/2020 16:44:07|Obtiene nrocomp
20/05/2020 16:44:07|nrocomp --> 529
20/05/2020 16:44:07|Nro. de Comprobante ::: TFB ::: 529
20/05/2020 16:54:58|Comienza Facturacion B
20/05/2020 16:54:58|DatosCliente B
20/05/2020 16:55:02|AbrirComprobanteFiscal B
20/05/2020 16:55:02|Articulo --> jyj colonia frescas caricias x 100 ml (verde)
20/05/2020 16:55:02|cantidadArt B --> 1
20/05/2020 16:55:02|PrecVear --> 175
20/05/2020 16:55:02|montoArt --> 144,628099173554
20/05/2020 16:55:02|ivaArt --> 21
20/05/2020 16:55:02|hasarOCX.ImprimirItem --> OK
20/05/2020 16:55:02|Articulo --> party jabon neutro glicerina x90g
20/05/2020 16:55:02|cantidadArt B --> 1
20/05/2020 16:55:02|PrecVear --> 40
20/05/2020 16:55:02|montoArt --> 33,0578512396694
20/05/2020 16:55:02|ivaArt --> 21
20/05/2020 16:55:03|hasarOCX.ImprimirItem --> OK
20/05/2020 16:55:03|Articulo --> dove baby sh h sens 12x200 ml
20/05/2020 16:55:03|cantidadArt B --> 1
20/05/2020 16:55:03|PrecVear --> 150
20/05/2020 16:55:03|montoArt --> 123,96694214876
20/05/2020 16:55:03|ivaArt --> 21
20/05/2020 16:55:03|hasarOCX.ImprimirItem --> OK
20/05/2020 16:55:03|Articulo --> varios
20/05/2020 16:55:03|cantidadArt B --> 2
20/05/2020 16:55:03|PrecVear --> 10
20/05/2020 16:55:03|montoArt --> 8,26446280991736
20/05/2020 16:55:03|ivaArt --> 21
20/05/2020 16:55:03|hasarOCX.ImprimirItem --> OK
20/05/2020 16:55:03|Articulo --> varios
20/05/2020 16:55:03|cantidadArt B --> 1
20/05/2020 16:55:03|PrecVear --> 890
20/05/2020 16:55:03|montoArt --> 735,537190082645
20/05/2020 16:55:03|ivaArt --> 21
20/05/2020 16:55:04|hasarOCX.ImprimirItem --> OK
20/05/2020 16:55:04|Articulo --> varios
20/05/2020 16:55:04|cantidadArt B --> 1
20/05/2020 16:55:04|PrecVear --> 650
20/05/2020 16:55:04|montoArt --> 537,190082644628
20/05/2020 16:55:04|ivaArt --> 21
20/05/2020 16:55:04|hasarOCX.ImprimirItem --> OK
20/05/2020 16:55:04|Articulo --> varios
20/05/2020 16:55:04|cantidadArt B --> 1
20/05/2020 16:55:04|PrecVear --> 68
20/05/2020 16:55:04|montoArt --> 56,198347107438
20/05/2020 16:55:04|ivaArt --> 21
20/05/2020 16:55:04|hasarOCX.ImprimirItem --> OK
20/05/2020 16:55:04|Articulo --> estrella baby oleo amarillo x500
20/05/2020 16:55:04|cantidadArt B --> 1
20/05/2020 16:55:04|PrecVear --> 187
20/05/2020 16:55:04|montoArt --> 154,545454545455
20/05/2020 16:55:04|ivaArt --> 21
20/05/2020 16:55:05|hasarOCX.ImprimirItem --> OK
20/05/2020 16:55:05|Articulo --> algabo alcohol en gel ultra %70 pocket x70ml
20/05/2020 16:55:05|cantidadArt B --> 1
20/05/2020 16:55:05|PrecVear --> 120
20/05/2020 16:55:05|montoArt --> 99,1735537190083
20/05/2020 16:55:05|ivaArt --> 21
20/05/2020 16:55:05|hasarOCX.ImprimirItem --> OK
20/05/2020 16:55:05|Articulo --> coloso alcohol etílico x250ml
20/05/2020 16:55:05|cantidadArt B --> 1
20/05/2020 16:55:05|PrecVear --> 95
20/05/2020 16:55:05|montoArt --> 78,5123966942149
20/05/2020 16:55:05|ivaArt --> 21
20/05/2020 16:55:05|hasarOCX.ImprimirItem --> OK
20/05/2020 16:55:05|Articulo --> pampers premium recien nacido+ nb+ x56
20/05/2020 16:55:05|cantidadArt B --> 1
20/05/2020 16:55:05|PrecVear --> 830
20/05/2020 16:55:05|montoArt --> 685,950413223141
20/05/2020 16:55:05|ivaArt --> 21
20/05/2020 16:55:06|hasarOCX.ImprimirItem --> OK
20/05/2020 16:55:06|Articulo --> avent mamadera 125 classic
20/05/2020 16:55:06|cantidadArt B --> 1
20/05/2020 16:55:06|PrecVear --> 840
20/05/2020 16:55:06|montoArt --> 694,214876033058
20/05/2020 16:55:06|ivaArt --> 21
20/05/2020 16:55:06|hasarOCX.ImprimirItem --> OK
20/05/2020 16:55:06|Articulo --> varios
20/05/2020 16:55:06|cantidadArt B --> 5
20/05/2020 16:55:06|PrecVear --> 115
20/05/2020 16:55:06|montoArt --> 95,0413223140496
20/05/2020 16:55:06|ivaArt --> 21
20/05/2020 16:55:06|hasarOCX.ImprimirItem --> OK
20/05/2020 16:55:06|Articulo --> varios
20/05/2020 16:55:06|cantidadArt B --> 1
20/05/2020 16:55:06|PrecVear --> 284
20/05/2020 16:55:06|montoArt --> 234,710743801653
20/05/2020 16:55:06|ivaArt --> 21
20/05/2020 16:55:07|hasarOCX.ImprimirItem --> OK
20/05/2020 16:55:07|Articulo --> estrella algodon  clasicox75
20/05/2020 16:55:07|cantidadArt B --> 2
20/05/2020 16:55:07|PrecVear --> 50
20/05/2020 16:55:07|montoArt --> 41,3223140495868
20/05/2020 16:55:07|ivaArt --> 21
20/05/2020 16:55:07|hasarOCX.ImprimirItem --> OK
20/05/2020 16:55:07|Articulo --> pampers toa. hum. recién nacido x48
20/05/2020 16:55:07|cantidadArt B --> 1
20/05/2020 16:55:07|PrecVear --> 170
20/05/2020 16:55:07|montoArt --> 140,495867768595
20/05/2020 16:55:07|ivaArt --> 21
20/05/2020 16:55:07|hasarOCX.ImprimirItem --> OK
20/05/2020 16:55:07|Articulo --> avent chupete classic 0-6 i love mama niño x2
20/05/2020 16:55:07|cantidadArt B --> 1
20/05/2020 16:55:07|PrecVear --> 795
20/05/2020 16:55:07|montoArt --> 657,02479338843
20/05/2020 16:55:07|ivaArt --> 21
20/05/2020 16:55:08|hasarOCX.ImprimirItem --> OK
20/05/2020 16:55:08|Articulo --> varios
20/05/2020 16:55:08|cantidadArt B --> 1
20/05/2020 16:55:08|PrecVear --> 175
20/05/2020 16:55:08|montoArt --> 144,628099173554
20/05/2020 16:55:08|ivaArt --> 21
20/05/2020 16:55:08|hasarOCX.ImprimirItem --> OK
20/05/2020 16:55:08|Articulo --> varios
20/05/2020 16:55:08|cantidadArt B --> 1
20/05/2020 16:55:08|PrecVear --> 290
20/05/2020 16:55:08|montoArt --> 239,669421487603
20/05/2020 16:55:08|ivaArt --> 21
20/05/2020 16:55:08|hasarOCX.ImprimirItem --> OK
20/05/2020 16:55:08|Articulo --> varios
20/05/2020 16:55:08|cantidadArt B --> 1
20/05/2020 16:55:08|PrecVear --> 590
20/05/2020 16:55:08|montoArt --> 487,603305785124
20/05/2020 16:55:08|ivaArt --> 21
20/05/2020 16:55:09|hasarOCX.ImprimirItem --> OK
20/05/2020 16:55:09|Cerrar Comprobante B:::
20/05/2020 16:55:12|Obtiene nrocomp
20/05/2020 16:55:12|nrocomp --> 530
20/05/2020 16:55:12|Nro. de Comprobante ::: TFB ::: 530
20/05/2020 17:08:10|Conectando..
20/05/2020 17:08:10|IP: 127.0.0.1 - Puerto: 6500
20/05/2020 17:08:10|Conectado con éxito!!
20/05/2020 17:10:27|Conectando..
20/05/2020 17:10:27|IP: 127.0.0.1 - Puerto: 6500
20/05/2020 17:10:28|Conectado con éxito!!
20/05/2020 17:11:33|Conectando..
20/05/2020 17:11:33|IP: 127.0.0.1 - Puerto: 6500
20/05/2020 17:11:34|Conectado con éxito!!
20/05/2020 17:14:06|Conectando..
20/05/2020 17:14:06|IP: 127.0.0.1 - Puerto: 6500
20/05/2020 17:14:06|Conectado con éxito!!
20/05/2020 17:14:47|Comienza Facturacion B
20/05/2020 17:14:47|DatosCliente B
20/05/2020 17:14:51|AbrirComprobanteFiscal B
20/05/2020 17:14:51|Articulo --> mortimer esp.cudricx12-18147
20/05/2020 17:14:51|cantidadArt B --> 1
20/05/2020 17:14:51|PrecVear --> 30
20/05/2020 17:14:51|montoArt --> 24,7933884297521
20/05/2020 17:14:51|ivaArt --> 21
20/05/2020 17:14:51|hasarOCX.ImprimirItem --> OK
20/05/2020 17:14:51|Articulo --> task spunita esponja no raya
20/05/2020 17:14:51|cantidadArt B --> 1
20/05/2020 17:14:51|PrecVear --> 80
20/05/2020 17:14:51|montoArt --> 66,1157024793389
20/05/2020 17:14:51|ivaArt --> 21
20/05/2020 17:14:51|hasarOCX.ImprimirItem --> OK
20/05/2020 17:14:51|Articulo --> el coloso jab.pan bco clas.1x150gr
20/05/2020 17:14:51|cantidadArt B --> 3
20/05/2020 17:14:51|PrecVear --> 32
20/05/2020 17:14:51|montoArt --> 26,4462809917355
20/05/2020 17:14:51|ivaArt --> 21
20/05/2020 17:14:52|hasarOCX.ImprimirItem --> OK
20/05/2020 17:14:52|Articulo --> pampers pants premium care xxg x24
20/05/2020 17:14:52|cantidadArt B --> 2
20/05/2020 17:14:52|PrecVear --> 540
20/05/2020 17:14:52|montoArt --> 446,280991735537
20/05/2020 17:14:52|ivaArt --> 21
20/05/2020 17:14:52|hasarOCX.ImprimirItem --> OK
20/05/2020 17:14:52|Cerrar Comprobante B:::
20/05/2020 17:14:55|Obtiene nrocomp
20/05/2020 17:14:55|nrocomp --> 531
20/05/2020 17:14:55|Nro. de Comprobante ::: TFB ::: 531
20/05/2020 17:15:24|Comienza Facturacion B
20/05/2020 17:15:24|DatosCliente B
20/05/2020 17:15:27|AbrirComprobanteFiscal B
20/05/2020 17:15:27|Articulo --> estilo spa alcohol en gel x75ml neutro
20/05/2020 17:15:27|cantidadArt B --> 1
20/05/2020 17:15:27|PrecVear --> 95
20/05/2020 17:15:27|montoArt --> 78,5123966942149
20/05/2020 17:15:27|ivaArt --> 21
20/05/2020 17:15:27|hasarOCX.ImprimirItem --> OK
20/05/2020 17:15:27|Articulo --> varios
20/05/2020 17:15:27|cantidadArt B --> 1
20/05/2020 17:15:27|PrecVear --> 1286
20/05/2020 17:15:27|montoArt --> 1062,80991735537
20/05/2020 17:15:27|ivaArt --> 21
20/05/2020 17:15:28|hasarOCX.ImprimirItem --> OK
20/05/2020 17:15:28|Cerrar Comprobante B:::
20/05/2020 17:15:31|Obtiene nrocomp
20/05/2020 17:15:31|nrocomp --> 532
20/05/2020 17:15:31|Nro. de Comprobante ::: TFB ::: 532
20/05/2020 17:29:47|Conectando..
20/05/2020 17:29:47|IP: 127.0.0.1 - Puerto: 6500
20/05/2020 17:29:48|Conectado con éxito!!
20/05/2020 17:33:39|Conectando..
20/05/2020 17:33:39|IP: 127.0.0.1 - Puerto: 6500
20/05/2020 17:33:40|Conectado con éxito!!
20/05/2020 17:34:08|Conectando..
20/05/2020 17:34:08|IP: 127.0.0.1 - Puerto: 6500
20/05/2020 17:34:09|Conectado con éxito!!
20/05/2020 17:34:24|Conectando..
20/05/2020 17:34:24|IP: 127.0.0.1 - Puerto: 6500
20/05/2020 17:34:25|Conectado con éxito!!
20/05/2020 17:34:29|Conectando..
20/05/2020 17:34:29|IP: 127.0.0.1 - Puerto: 6500
20/05/2020 17:34:30|Conectado con éxito!!
20/05/2020 17:41:49|Conectando..
20/05/2020 17:41:49|IP: 127.0.0.1 - Puerto: 6500
20/05/2020 17:41:50|Conectado con éxito!!
20/05/2020 17:43:20|Comienza Facturacion B
20/05/2020 17:43:20|DatosCliente B
20/05/2020 17:43:22|AbrirComprobanteFiscal B
20/05/2020 17:43:22|Articulo --> huggies nat care rn x34
20/05/2020 17:43:22|cantidadArt B --> 1
20/05/2020 17:43:22|PrecVear --> 560
20/05/2020 17:43:22|montoArt --> 462,809917355372
20/05/2020 17:43:22|ivaArt --> 21
20/05/2020 17:43:23|hasarOCX.ImprimirItem --> OK
20/05/2020 17:43:23|Cerrar Comprobante B:::
20/05/2020 17:43:26|Obtiene nrocomp
20/05/2020 17:43:26|nrocomp --> 533
20/05/2020 17:43:26|Nro. de Comprobante ::: TFB ::: 533
20/05/2020 17:53:23|*************COMIENZA Cierre  Z**********
20/05/2020 17:53:32|CIERRE Z
Cierre Z Nº =[29]
Fecha del Cierre        =[20/05/2020 0:00:00]
DF Emitidos             =[32]
DF Cancelados           =[0]
DF Total                =[4622001]
DF Total Gravado        =[3819830]
DF Total No Gravado     =[0]
DF Total Exento         =[0]
DF Total IVA            =[802171]
DF Total Otros Tributos =[0]
NC Emitidas             =[0]
NC Canceladas           =[0]
NC Total                =[0]
NC Total Gravado        =[0]
NC Total No Gravado     =[0]
NC Total Exento         =[0]
NC Total IVA            =[0]
NC Total Otros Tributos =[0]
DNFH Emitidos           =[0]
DNFH Total              =[0]

