06/06/2020 9:11:10|Conectando..
06/06/2020 9:11:10|IP: 127.0.0.1 - Puerto: 6500
06/06/2020 9:12:32|Comienza Facturacion B
06/06/2020 9:12:33|DatosCliente B
06/06/2020 9:12:35|AbrirComprobanteFiscal B
06/06/2020 9:12:35|Articulo --> varios
06/06/2020 9:12:35|cantidadArt B --> 1
06/06/2020 9:12:35|PrecVear --> 280
06/06/2020 9:12:35|montoArt --> 231,404958677686
06/06/2020 9:12:35|ivaArt --> 21
06/06/2020 9:12:35|hasarOCX.ImprimirItem --> OK
06/06/2020 9:12:35|Articulo --> varios
06/06/2020 9:12:35|cantidadArt B --> 1
06/06/2020 9:12:35|PrecVear --> 90
06/06/2020 9:12:35|montoArt --> 74,3801652892562
06/06/2020 9:12:35|ivaArt --> 21
06/06/2020 9:12:36|hasarOCX.ImprimirItem --> OK
06/06/2020 9:12:36|Cerrar Comprobante B:::
06/06/2020 9:12:39|Obtiene nrocomp
06/06/2020 9:12:39|nrocomp --> 994
06/06/2020 9:12:39|Nro. de Comprobante ::: TFB ::: 994
06/06/2020 9:15:44|Conectando..
06/06/2020 9:15:44|IP: 127.0.0.1 - Puerto: 6500
06/06/2020 9:15:45|Conectado con éxito!!
06/06/2020 9:29:17|Conectando..
06/06/2020 9:29:17|IP: 127.0.0.1 - Puerto: 6500
06/06/2020 9:29:18|Conectado con éxito!!
06/06/2020 9:33:36|Conectando..
06/06/2020 9:33:36|IP: 127.0.0.1 - Puerto: 6500
06/06/2020 9:33:37|Conectado con éxito!!
06/06/2020 9:39:17|Conectando..
06/06/2020 9:39:17|IP: 127.0.0.1 - Puerto: 6500
06/06/2020 9:39:18|Conectado con éxito!!
06/06/2020 9:39:44|Comienza Facturacion B
06/06/2020 9:39:44|DatosCliente B
06/06/2020 9:39:47|AbrirComprobanteFiscal B
06/06/2020 9:39:47|Articulo --> rejilla doble entre el sol40x42
06/06/2020 9:39:47|cantidadArt B --> 1
06/06/2020 9:39:47|PrecVear --> 40
06/06/2020 9:39:47|montoArt --> 33,0578512396694
06/06/2020 9:39:47|ivaArt --> 21
06/06/2020 9:39:47|hasarOCX.ImprimirItem --> OK
06/06/2020 9:39:47|Articulo --> ayudin lav.x1lts tot.max.pureza
06/06/2020 9:39:47|cantidadArt B --> 1
06/06/2020 9:39:47|PrecVear --> 53
06/06/2020 9:39:47|montoArt --> 43,801652892562
06/06/2020 9:39:47|ivaArt --> 21
06/06/2020 9:39:47|hasarOCX.ImprimirItem --> OK
06/06/2020 9:39:47|Articulo --> poett limpx900 mult.musica
06/06/2020 9:39:47|cantidadArt B --> 1
06/06/2020 9:39:47|PrecVear --> 55
06/06/2020 9:39:47|montoArt --> 45,4545454545455
06/06/2020 9:39:47|ivaArt --> 21
06/06/2020 9:39:48|hasarOCX.ImprimirItem --> OK
06/06/2020 9:39:48|Articulo --> poett aero mult.ambx360 love evolut
06/06/2020 9:39:48|cantidadArt B --> 1
06/06/2020 9:39:48|PrecVear --> 78
06/06/2020 9:39:48|montoArt --> 64,4628099173554
06/06/2020 9:39:48|ivaArt --> 21
06/06/2020 9:39:48|hasarOCX.ImprimirItem --> OK
06/06/2020 9:39:48|Articulo --> algabo talco perfumado bolsita x200gr floral
06/06/2020 9:39:48|cantidadArt B --> 1
06/06/2020 9:39:48|PrecVear --> 60
06/06/2020 9:39:48|montoArt --> 49,5867768595041
06/06/2020 9:39:48|ivaArt --> 21
06/06/2020 9:39:49|hasarOCX.ImprimirItem --> OK
06/06/2020 9:39:49|Articulo --> ceramicol liqx450 d.pack 2766
06/06/2020 9:39:49|cantidadArt B --> 1
06/06/2020 9:39:49|PrecVear --> 98
06/06/2020 9:39:49|montoArt --> 80,9917355371901
06/06/2020 9:39:49|ivaArt --> 21
06/06/2020 9:39:49|hasarOCX.ImprimirItem --> OK
06/06/2020 9:39:49|Cerrar Comprobante B:::
06/06/2020 9:39:52|Obtiene nrocomp
06/06/2020 9:39:52|nrocomp --> 995
06/06/2020 9:39:52|Nro. de Comprobante ::: TFB ::: 995
06/06/2020 9:53:08|Conectando..
06/06/2020 9:53:08|IP: 127.0.0.1 - Puerto: 6500
06/06/2020 9:53:08|Conectado con éxito!!
06/06/2020 9:55:29|Conectando..
06/06/2020 9:55:29|IP: 127.0.0.1 - Puerto: 6500
06/06/2020 9:55:30|Conectado con éxito!!
06/06/2020 10:09:28|Conectando..
06/06/2020 10:09:28|IP: 127.0.0.1 - Puerto: 6500
06/06/2020 10:09:29|Conectado con éxito!!
06/06/2020 10:11:54|Conectando..
06/06/2020 10:11:54|IP: 127.0.0.1 - Puerto: 6500
06/06/2020 10:11:55|Conectado con éxito!!
06/06/2020 10:18:27|Conectando..
06/06/2020 10:18:27|IP: 127.0.0.1 - Puerto: 6500
06/06/2020 10:18:27|Conectado con éxito!!
06/06/2020 10:19:30|Conectando..
06/06/2020 10:19:30|IP: 127.0.0.1 - Puerto: 6500
06/06/2020 10:19:31|Conectado con éxito!!
06/06/2020 10:33:01|Conectando..
06/06/2020 10:33:01|IP: 127.0.0.1 - Puerto: 6500
06/06/2020 10:33:01|Conectado con éxito!!
06/06/2020 10:39:07|Comienza Facturacion B
06/06/2020 10:39:07|DatosCliente B
06/06/2020 10:39:10|AbrirComprobanteFiscal B
06/06/2020 10:39:10|Articulo --> selton mmm x307g rojo acc.prol
06/06/2020 10:39:10|cantidadArt B --> 1
06/06/2020 10:39:10|PrecVear --> 126
06/06/2020 10:39:10|montoArt --> 104,132231404959
06/06/2020 10:39:10|ivaArt --> 21
06/06/2020 10:39:10|hasarOCX.ImprimirItem --> OK
06/06/2020 10:39:10|Articulo --> saphirus aromatizantee textil vervena a
06/06/2020 10:39:10|cantidadArt B --> 1
06/06/2020 10:39:10|PrecVear --> 135
06/06/2020 10:39:10|montoArt --> 111,570247933884
06/06/2020 10:39:10|ivaArt --> 21
06/06/2020 10:39:10|hasarOCX.ImprimirItem --> OK
06/06/2020 10:39:10|Articulo --> gillette sensitive maquina de 3 filos
06/06/2020 10:39:10|cantidadArt B --> 1
06/06/2020 10:39:10|PrecVear --> 95
06/06/2020 10:39:10|montoArt --> 78,5123966942149
06/06/2020 10:39:10|ivaArt --> 21
06/06/2020 10:39:11|hasarOCX.ImprimirItem --> OK
06/06/2020 10:39:11|Articulo --> clear chx200ml cont.caida
06/06/2020 10:39:11|cantidadArt B --> 1
06/06/2020 10:39:11|PrecVear --> 165
06/06/2020 10:39:11|montoArt --> 136,363636363636
06/06/2020 10:39:11|ivaArt --> 21
06/06/2020 10:39:11|hasarOCX.ImprimirItem --> OK
06/06/2020 10:39:11|Articulo --> lux jab liq dp jazmin
06/06/2020 10:39:11|cantidadArt B --> 1
06/06/2020 10:39:11|PrecVear --> 125
06/06/2020 10:39:11|montoArt --> 103,305785123967
06/06/2020 10:39:11|ivaArt --> 21
06/06/2020 10:39:12|hasarOCX.ImprimirItem --> OK
06/06/2020 10:39:12|Articulo --> suiza cera autob x400 ml rojo
06/06/2020 10:39:12|cantidadArt B --> 2
06/06/2020 10:39:12|PrecVear --> 95
06/06/2020 10:39:12|montoArt --> 78,5123966942149
06/06/2020 10:39:12|ivaArt --> 21
06/06/2020 10:39:12|hasarOCX.ImprimirItem --> OK
06/06/2020 10:39:12|Articulo --> poett limpx900 mult.primavera-4986
06/06/2020 10:39:12|cantidadArt B --> 1
06/06/2020 10:39:12|PrecVear --> 55
06/06/2020 10:39:12|montoArt --> 45,4545454545455
06/06/2020 10:39:12|ivaArt --> 21
06/06/2020 10:39:12|hasarOCX.ImprimirItem --> OK
06/06/2020 10:39:12|Articulo --> poett limpx900 mult.lavanda-4985
06/06/2020 10:39:12|cantidadArt B --> 1
06/06/2020 10:39:12|PrecVear --> 55
06/06/2020 10:39:12|montoArt --> 45,4545454545455
06/06/2020 10:39:12|ivaArt --> 21
06/06/2020 10:39:13|hasarOCX.ImprimirItem --> OK
06/06/2020 10:39:13|Articulo --> zorro det liq x800 ml plus
06/06/2020 10:39:13|cantidadArt B --> 1
06/06/2020 10:39:13|PrecVear --> 96
06/06/2020 10:39:13|montoArt --> 79,3388429752066
06/06/2020 10:39:13|ivaArt --> 21
06/06/2020 10:39:13|hasarOCX.ImprimirItem --> OK
06/06/2020 10:39:13|Articulo --> prestobarba ultragrip 2 filos
06/06/2020 10:39:13|cantidadArt B --> 2
06/06/2020 10:39:13|PrecVear --> 65
06/06/2020 10:39:13|montoArt --> 53,7190082644628
06/06/2020 10:39:13|ivaArt --> 21
06/06/2020 10:39:13|hasarOCX.ImprimirItem --> OK
06/06/2020 10:39:13|Articulo --> drive matic liqx800 dp rosas lil750
06/06/2020 10:39:13|cantidadArt B --> 1
06/06/2020 10:39:13|PrecVear --> 95
06/06/2020 10:39:13|montoArt --> 78,5123966942149
06/06/2020 10:39:13|ivaArt --> 21
06/06/2020 10:39:14|hasarOCX.ImprimirItem --> OK
06/06/2020 10:39:14|Articulo --> bolsas de residuos 45*60
06/06/2020 10:39:14|cantidadArt B --> 2
06/06/2020 10:39:14|PrecVear --> 30
06/06/2020 10:39:14|montoArt --> 24,7933884297521
06/06/2020 10:39:14|ivaArt --> 21
06/06/2020 10:39:14|hasarOCX.ImprimirItem --> OK
06/06/2020 10:39:14|Articulo --> pantene acondx200 restauración
06/06/2020 10:39:14|cantidadArt B --> 1
06/06/2020 10:39:14|PrecVear --> 160
06/06/2020 10:39:14|montoArt --> 132,231404958678
06/06/2020 10:39:14|ivaArt --> 21
06/06/2020 10:39:14|hasarOCX.ImprimirItem --> OK
06/06/2020 10:39:14|Articulo --> varios
06/06/2020 10:39:14|cantidadArt B --> 1
06/06/2020 10:39:14|PrecVear --> 165
06/06/2020 10:39:14|montoArt --> 136,363636363636
06/06/2020 10:39:14|ivaArt --> 21
06/06/2020 10:39:15|hasarOCX.ImprimirItem --> OK
06/06/2020 10:39:15|Articulo --> extralimp esponja anatomica baño
06/06/2020 10:39:15|cantidadArt B --> 1
06/06/2020 10:39:15|PrecVear --> 55
06/06/2020 10:39:15|montoArt --> 45,4545454545455
06/06/2020 10:39:15|ivaArt --> 21
06/06/2020 10:39:15|hasarOCX.ImprimirItem --> OK
06/06/2020 10:39:15|Articulo --> condor cepillo lava espalda
06/06/2020 10:39:15|cantidadArt B --> 1
06/06/2020 10:39:15|PrecVear --> 270
06/06/2020 10:39:15|montoArt --> 223,140495867769
06/06/2020 10:39:15|ivaArt --> 21
06/06/2020 10:39:15|hasarOCX.ImprimirItem --> OK
06/06/2020 10:39:15|Articulo --> ala ultrax500 limon-211177
06/06/2020 10:39:15|cantidadArt B --> 1
06/06/2020 10:39:15|PrecVear --> 95
06/06/2020 10:39:15|montoArt --> 78,5123966942149
06/06/2020 10:39:15|ivaArt --> 21
06/06/2020 10:39:16|hasarOCX.ImprimirItem --> OK
06/06/2020 10:39:16|Articulo --> vim canastx55 poderx5 pino
06/06/2020 10:39:16|cantidadArt B --> 1
06/06/2020 10:39:16|PrecVear --> 135
06/06/2020 10:39:16|montoArt --> 111,570247933884
06/06/2020 10:39:16|ivaArt --> 21
06/06/2020 10:39:16|hasarOCX.ImprimirItem --> OK
06/06/2020 10:39:16|Articulo --> colgate crx70 herbal whitening-975
06/06/2020 10:39:16|cantidadArt B --> 1
06/06/2020 10:39:16|PrecVear --> 79
06/06/2020 10:39:16|montoArt --> 65,2892561983471
06/06/2020 10:39:16|ivaArt --> 21
06/06/2020 10:39:17|hasarOCX.ImprimirItem --> OK
06/06/2020 10:39:17|Articulo --> queen cepillo silver 230 mm
06/06/2020 10:39:17|cantidadArt B --> 1
06/06/2020 10:39:17|PrecVear --> 210
06/06/2020 10:39:17|montoArt --> 173,553719008264
06/06/2020 10:39:17|ivaArt --> 21
06/06/2020 10:39:17|hasarOCX.ImprimirItem --> OK
06/06/2020 10:39:17|Articulo --> saphirus aromatizante mangolia y fresias
06/06/2020 10:39:17|cantidadArt B --> 1
06/06/2020 10:39:17|PrecVear --> 175
06/06/2020 10:39:17|montoArt --> 144,628099173554
06/06/2020 10:39:17|ivaArt --> 21
06/06/2020 10:39:17|hasarOCX.ImprimirItem --> OK
06/06/2020 10:39:17|Articulo --> iberia cansta inodo lavanda
06/06/2020 10:39:17|cantidadArt B --> 1
06/06/2020 10:39:17|PrecVear --> 110
06/06/2020 10:39:17|montoArt --> 90,9090909090909
06/06/2020 10:39:17|ivaArt --> 21
06/06/2020 10:39:18|hasarOCX.ImprimirItem --> OK
06/06/2020 10:39:18|Articulo --> saphirus aromatizante paula
06/06/2020 10:39:18|cantidadArt B --> 1
06/06/2020 10:39:18|PrecVear --> 175
06/06/2020 10:39:18|montoArt --> 144,628099173554
06/06/2020 10:39:18|ivaArt --> 21
06/06/2020 10:39:18|hasarOCX.ImprimirItem --> OK
06/06/2020 10:39:18|Articulo --> el coloso lavandina x1lt basica
06/06/2020 10:39:18|cantidadArt B --> 1
06/06/2020 10:39:18|PrecVear --> 43
06/06/2020 10:39:18|montoArt --> 35,5371900826446
06/06/2020 10:39:18|ivaArt --> 21
06/06/2020 10:39:18|hasarOCX.ImprimirItem --> OK
06/06/2020 10:39:18|Articulo --> elegante rollo cocinax200 paños
06/06/2020 10:39:18|cantidadArt B --> 1
06/06/2020 10:39:18|PrecVear --> 85
06/06/2020 10:39:18|montoArt --> 70,2479338842975
06/06/2020 10:39:18|ivaArt --> 21
06/06/2020 10:39:19|hasarOCX.ImprimirItem --> OK
06/06/2020 10:39:19|Articulo --> el coloso rollo cocx3 x 40paños
06/06/2020 10:39:19|cantidadArt B --> 1
06/06/2020 10:39:19|PrecVear --> 46
06/06/2020 10:39:19|montoArt --> 38,0165289256198
06/06/2020 10:39:19|ivaArt --> 21
06/06/2020 10:39:19|hasarOCX.ImprimirItem --> OK
06/06/2020 10:39:19|Articulo --> el coloso hig.dob.hoja 12x4 20mts
06/06/2020 10:39:19|cantidadArt B --> 1
06/06/2020 10:39:19|PrecVear --> 80
06/06/2020 10:39:19|montoArt --> 66,1157024793389
06/06/2020 10:39:19|ivaArt --> 21
06/06/2020 10:39:19|hasarOCX.ImprimirItem --> OK
06/06/2020 10:39:19|Articulo --> higienol rosa exp.plus x4
06/06/2020 10:39:19|cantidadArt B --> 1
06/06/2020 10:39:19|PrecVear --> 65
06/06/2020 10:39:19|montoArt --> 53,7190082644628
06/06/2020 10:39:19|ivaArt --> 21
06/06/2020 10:39:20|hasarOCX.ImprimirItem --> OK
06/06/2020 10:39:20|Cerrar Comprobante B:::
06/06/2020 10:39:23|Obtiene nrocomp
06/06/2020 10:39:23|nrocomp --> 996
06/06/2020 10:39:23|Nro. de Comprobante ::: TFB ::: 996
06/06/2020 10:41:22|Conectando..
06/06/2020 10:41:22|IP: 127.0.0.1 - Puerto: 6500
06/06/2020 10:41:23|Conectado con éxito!!
06/06/2020 10:43:28|Comienza Facturacion B
06/06/2020 10:43:28|DatosCliente B
06/06/2020 10:43:31|AbrirComprobanteFiscal B
06/06/2020 10:43:31|Articulo --> lord cheseline x150
06/06/2020 10:43:31|cantidadArt B --> 1
06/06/2020 10:43:31|PrecVear --> 140
06/06/2020 10:43:31|montoArt --> 115,702479338843
06/06/2020 10:43:31|ivaArt --> 21
06/06/2020 10:43:32|hasarOCX.ImprimirItem --> OK
06/06/2020 10:43:32|Articulo --> rexona jabon x125 cotton fresh
06/06/2020 10:43:32|cantidadArt B --> 1
06/06/2020 10:43:32|PrecVear --> 39
06/06/2020 10:43:32|montoArt --> 32,2314049586777
06/06/2020 10:43:32|ivaArt --> 21
06/06/2020 10:43:32|hasarOCX.ImprimirItem --> OK
06/06/2020 10:43:32|Articulo --> colgate cr.trip.accion x50g
06/06/2020 10:43:32|cantidadArt B --> 1
06/06/2020 10:43:32|PrecVear --> 59
06/06/2020 10:43:32|montoArt --> 48,7603305785124
06/06/2020 10:43:32|ivaArt --> 21
06/06/2020 10:43:33|hasarOCX.ImprimirItem --> OK
06/06/2020 10:43:33|Articulo --> el coloso rollo cocx3 x 40paños
06/06/2020 10:43:33|cantidadArt B --> 1
06/06/2020 10:43:33|PrecVear --> 46
06/06/2020 10:43:33|montoArt --> 38,0165289256198
06/06/2020 10:43:33|ivaArt --> 21
06/06/2020 10:43:33|hasarOCX.ImprimirItem --> OK
06/06/2020 10:43:33|Articulo --> sedal acondx300ml dp bomba nutricion
06/06/2020 10:43:33|cantidadArt B --> 2
06/06/2020 10:43:33|PrecVear --> 110
06/06/2020 10:43:33|montoArt --> 90,9090909090909
06/06/2020 10:43:33|ivaArt --> 21
06/06/2020 10:43:33|hasarOCX.ImprimirItem --> OK
06/06/2020 10:43:33|Articulo --> el coloso limp.liqx900lavanda
06/06/2020 10:43:33|cantidadArt B --> 1
06/06/2020 10:43:33|PrecVear --> 39
06/06/2020 10:43:33|montoArt --> 32,2314049586777
06/06/2020 10:43:33|ivaArt --> 21
06/06/2020 10:43:34|hasarOCX.ImprimirItem --> OK
06/06/2020 10:43:34|Articulo --> el coloso hig.econ.bco.12x4 30mts
06/06/2020 10:43:34|cantidadArt B --> 1
06/06/2020 10:43:34|PrecVear --> 60
06/06/2020 10:43:34|montoArt --> 49,5867768595041
06/06/2020 10:43:34|ivaArt --> 21
06/06/2020 10:43:34|hasarOCX.ImprimirItem --> OK
06/06/2020 10:43:34|Articulo --> varios
06/06/2020 10:43:34|cantidadArt B --> 1
06/06/2020 10:43:34|PrecVear --> 39
06/06/2020 10:43:34|montoArt --> 32,2314049586777
06/06/2020 10:43:34|ivaArt --> 21
06/06/2020 10:43:34|hasarOCX.ImprimirItem --> OK
06/06/2020 10:43:34|Articulo --> bolsas residuos 50*70
06/06/2020 10:43:34|cantidadArt B --> 1
06/06/2020 10:43:34|PrecVear --> 40
06/06/2020 10:43:34|montoArt --> 33,0578512396694
06/06/2020 10:43:34|ivaArt --> 21
06/06/2020 10:43:35|hasarOCX.ImprimirItem --> OK
06/06/2020 10:43:35|Articulo --> el coloso lavandina x1lt basica
06/06/2020 10:43:35|cantidadArt B --> 1
06/06/2020 10:43:35|PrecVear --> 43
06/06/2020 10:43:35|montoArt --> 35,5371900826446
06/06/2020 10:43:35|ivaArt --> 21
06/06/2020 10:43:35|hasarOCX.ImprimirItem --> OK
06/06/2020 10:43:35|Cerrar Comprobante B:::
06/06/2020 10:43:38|Obtiene nrocomp
06/06/2020 10:43:38|nrocomp --> 997
06/06/2020 10:43:38|Nro. de Comprobante ::: TFB ::: 997
06/06/2020 10:47:27|Conectando..
06/06/2020 10:47:27|IP: 127.0.0.1 - Puerto: 6500
06/06/2020 10:47:28|Conectado con éxito!!
06/06/2020 10:48:46|Conectando..
06/06/2020 10:48:46|IP: 127.0.0.1 - Puerto: 6500
06/06/2020 10:48:47|Conectado con éxito!!
06/06/2020 10:49:17|Comienza Facturacion B
06/06/2020 10:49:18|DatosCliente B
06/06/2020 10:49:20|AbrirComprobanteFiscal B
06/06/2020 10:49:20|Articulo --> mf alcohol etilico
06/06/2020 10:49:20|cantidadArt B --> 2
06/06/2020 10:49:20|PrecVear --> 185
06/06/2020 10:49:20|montoArt --> 152,892561983471
06/06/2020 10:49:20|ivaArt --> 21
06/06/2020 10:49:21|hasarOCX.ImprimirItem --> OK
06/06/2020 10:49:21|Articulo --> dove chx400 nut.oleo micelar
06/06/2020 10:49:21|cantidadArt B --> 1
06/06/2020 10:49:21|PrecVear --> 290
06/06/2020 10:49:21|montoArt --> 239,669421487603
06/06/2020 10:49:21|ivaArt --> 21
06/06/2020 10:49:21|hasarOCX.ImprimirItem --> OK
06/06/2020 10:49:21|Articulo --> colgate cr.anticaries x180ml
06/06/2020 10:49:21|cantidadArt B --> 1
06/06/2020 10:49:21|PrecVear --> 185
06/06/2020 10:49:21|montoArt --> 152,892561983471
06/06/2020 10:49:21|ivaArt --> 21
06/06/2020 10:49:21|hasarOCX.ImprimirItem --> OK
06/06/2020 10:49:21|Articulo --> la porteña nido de abeja trapo piso
06/06/2020 10:49:21|cantidadArt B --> 1
06/06/2020 10:49:21|PrecVear --> 95
06/06/2020 10:49:21|montoArt --> 78,5123966942149
06/06/2020 10:49:21|ivaArt --> 21
06/06/2020 10:49:22|hasarOCX.ImprimirItem --> OK
06/06/2020 10:49:22|Cerrar Comprobante B:::
06/06/2020 10:49:25|Obtiene nrocomp
06/06/2020 10:49:25|nrocomp --> 998
06/06/2020 10:49:25|Nro. de Comprobante ::: TFB ::: 998
06/06/2020 10:50:41|Comienza Facturacion B
06/06/2020 10:50:41|DatosCliente B
06/06/2020 10:50:45|AbrirComprobanteFiscal B
06/06/2020 10:50:45|Articulo --> varios
06/06/2020 10:50:45|cantidadArt B --> 1
06/06/2020 10:50:45|PrecVear --> 1518
06/06/2020 10:50:45|montoArt --> 1254,54545454545
06/06/2020 10:50:45|ivaArt --> 21
06/06/2020 10:50:45|hasarOCX.ImprimirItem --> OK
06/06/2020 10:50:45|Cerrar Comprobante B:::
06/06/2020 10:50:48|Obtiene nrocomp
06/06/2020 10:50:49|nrocomp --> 999
06/06/2020 10:50:49|Nro. de Comprobante ::: TFB ::: 999
06/06/2020 10:50:52|Conectando..
06/06/2020 10:50:52|IP: 127.0.0.1 - Puerto: 6500
06/06/2020 10:50:53|Conectado con éxito!!
06/06/2020 10:52:41|Conectando..
06/06/2020 10:52:41|IP: 127.0.0.1 - Puerto: 6500
06/06/2020 10:52:42|Conectado con éxito!!
06/06/2020 10:56:45|Conectando..
06/06/2020 10:56:45|IP: 127.0.0.1 - Puerto: 6500
06/06/2020 10:56:46|Conectado con éxito!!
06/06/2020 11:02:31|Conectando..
06/06/2020 11:02:31|IP: 127.0.0.1 - Puerto: 6500
06/06/2020 11:02:32|Conectado con éxito!!
06/06/2020 11:09:25|Conectando..
06/06/2020 11:09:25|IP: 127.0.0.1 - Puerto: 6500
06/06/2020 11:09:26|Conectado con éxito!!
06/06/2020 11:09:30|Conectando..
06/06/2020 11:09:30|IP: 127.0.0.1 - Puerto: 6500
06/06/2020 11:09:31|Conectado con éxito!!
06/06/2020 11:13:36|Comienza Facturacion B
06/06/2020 11:13:36|DatosCliente B
06/06/2020 11:13:39|AbrirComprobanteFiscal B
06/06/2020 11:13:39|Articulo --> capilatis sh ortiga cab grasos
06/06/2020 11:13:39|cantidadArt B --> 3
06/06/2020 11:13:39|PrecVear --> 340
06/06/2020 11:13:39|montoArt --> 280,99173553719
06/06/2020 11:13:39|ivaArt --> 21
06/06/2020 11:13:39|hasarOCX.ImprimirItem --> OK
06/06/2020 11:13:39|Articulo --> huggies nat care xxl x56 ellos
06/06/2020 11:13:39|cantidadArt B --> 1
06/06/2020 11:13:39|PrecVear --> 1100
06/06/2020 11:13:39|montoArt --> 909,090909090909
06/06/2020 11:13:39|ivaArt --> 21
06/06/2020 11:13:39|hasarOCX.ImprimirItem --> OK
06/06/2020 11:13:39|Articulo --> samantha microfibra 45x60
06/06/2020 11:13:39|cantidadArt B --> 1
06/06/2020 11:13:39|PrecVear --> 250
06/06/2020 11:13:39|montoArt --> 206,611570247934
06/06/2020 11:13:39|ivaArt --> 21
06/06/2020 11:13:40|hasarOCX.ImprimirItem --> OK
06/06/2020 11:13:40|Articulo --> pantene chx400 liso y sedoso
06/06/2020 11:13:40|cantidadArt B --> 1
06/06/2020 11:13:40|PrecVear --> 280
06/06/2020 11:13:40|montoArt --> 231,404958677686
06/06/2020 11:13:40|ivaArt --> 21
06/06/2020 11:13:40|hasarOCX.ImprimirItem --> OK
06/06/2020 11:13:40|Articulo --> pantene acondx400 hidratación
06/06/2020 11:13:40|cantidadArt B --> 1
06/06/2020 11:13:40|PrecVear --> 285
06/06/2020 11:13:40|montoArt --> 235,537190082645
06/06/2020 11:13:40|ivaArt --> 21
06/06/2020 11:13:40|hasarOCX.ImprimirItem --> OK
06/06/2020 11:13:40|Articulo --> rexona jabx125 active -5480
06/06/2020 11:13:40|cantidadArt B --> 3
06/06/2020 11:13:40|PrecVear --> 39
06/06/2020 11:13:40|montoArt --> 32,2314049586777
06/06/2020 11:13:40|ivaArt --> 21
06/06/2020 11:13:41|hasarOCX.ImprimirItem --> OK
06/06/2020 11:13:41|Articulo --> acqua di colbert deo x250ml
06/06/2020 11:13:41|cantidadArt B --> 1
06/06/2020 11:13:41|PrecVear --> 255
06/06/2020 11:13:41|montoArt --> 210,743801652893
06/06/2020 11:13:41|ivaArt --> 21
06/06/2020 11:13:41|hasarOCX.ImprimirItem --> OK
06/06/2020 11:13:41|Articulo --> ob super x10
06/06/2020 11:13:41|cantidadArt B --> 1
06/06/2020 11:13:41|PrecVear --> 140
06/06/2020 11:13:41|montoArt --> 115,702479338843
06/06/2020 11:13:41|ivaArt --> 21
06/06/2020 11:13:42|hasarOCX.ImprimirItem --> OK
06/06/2020 11:13:42|Articulo --> siempre libre  adapt.plusx8 s/alas-7295
06/06/2020 11:13:42|cantidadArt B --> 1
06/06/2020 11:13:42|PrecVear --> 105
06/06/2020 11:13:42|montoArt --> 86,7768595041322
06/06/2020 11:13:42|ivaArt --> 21
06/06/2020 11:13:42|hasarOCX.ImprimirItem --> OK
06/06/2020 11:13:42|Articulo --> dove jabon x90 blanco
06/06/2020 11:13:42|cantidadArt B --> 4
06/06/2020 11:13:42|PrecVear --> 64
06/06/2020 11:13:42|montoArt --> 52,8925619834711
06/06/2020 11:13:42|ivaArt --> 21
06/06/2020 11:13:42|hasarOCX.ImprimirItem --> OK
06/06/2020 11:13:42|Articulo --> vim canastx55 poderx5 citrus
06/06/2020 11:13:42|cantidadArt B --> 2
06/06/2020 11:13:42|PrecVear --> 135
06/06/2020 11:13:42|montoArt --> 111,570247933884
06/06/2020 11:13:42|ivaArt --> 21
06/06/2020 11:13:43|hasarOCX.ImprimirItem --> OK
06/06/2020 11:13:43|Articulo --> spa jabon liq dp
06/06/2020 11:13:43|cantidadArt B --> 3
06/06/2020 11:13:43|PrecVear --> 79
06/06/2020 11:13:43|montoArt --> 65,2892561983471
06/06/2020 11:13:43|ivaArt --> 21
06/06/2020 11:13:43|hasarOCX.ImprimirItem --> OK
06/06/2020 11:13:43|Articulo --> alcohol en gel beauty hands
06/06/2020 11:13:43|cantidadArt B --> 3
06/06/2020 11:13:43|PrecVear --> 170
06/06/2020 11:13:43|montoArt --> 140,495867768595
06/06/2020 11:13:43|ivaArt --> 21
06/06/2020 11:13:43|hasarOCX.ImprimirItem --> OK
06/06/2020 11:13:43|Articulo --> mf alcohol etilico
06/06/2020 11:13:43|cantidadArt B --> 3
06/06/2020 11:13:43|PrecVear --> 185
06/06/2020 11:13:43|montoArt --> 152,892561983471
06/06/2020 11:13:43|ivaArt --> 21
06/06/2020 11:13:44|hasarOCX.ImprimirItem --> OK
06/06/2020 11:13:44|Articulo --> pampers pants premium care xxg x24
06/06/2020 11:13:44|cantidadArt B --> 1
06/06/2020 11:13:44|PrecVear --> 550
06/06/2020 11:13:44|montoArt --> 454,545454545455
06/06/2020 11:13:44|ivaArt --> 21
06/06/2020 11:13:44|hasarOCX.ImprimirItem --> OK
06/06/2020 11:13:44|Cerrar Comprobante B:::
06/06/2020 11:13:47|Obtiene nrocomp
06/06/2020 11:13:47|nrocomp --> 1000
06/06/2020 11:13:47|Nro. de Comprobante ::: TFB ::: 1000
06/06/2020 11:15:49|Conectando..
06/06/2020 11:15:49|IP: 127.0.0.1 - Puerto: 6500
06/06/2020 11:15:50|Conectado con éxito!!
06/06/2020 11:15:58|Comienza Facturacion B
06/06/2020 11:15:58|DatosCliente B
06/06/2020 11:16:01|AbrirComprobanteFiscal B
06/06/2020 11:16:01|Articulo --> sedal acondx300 d.pack balance
06/06/2020 11:16:01|cantidadArt B --> 2
06/06/2020 11:16:01|PrecVear --> 110
06/06/2020 11:16:01|montoArt --> 90,9090909090909
06/06/2020 11:16:01|ivaArt --> 21
06/06/2020 11:16:01|hasarOCX.ImprimirItem --> OK
06/06/2020 11:16:01|Articulo --> sedal chx300ml d.pack cr.balance
06/06/2020 11:16:01|cantidadArt B --> 2
06/06/2020 11:16:01|PrecVear --> 110
06/06/2020 11:16:01|montoArt --> 90,9090909090909
06/06/2020 11:16:01|ivaArt --> 21
06/06/2020 11:16:02|hasarOCX.ImprimirItem --> OK
06/06/2020 11:16:02|Cerrar Comprobante B:::
06/06/2020 11:16:04|Obtiene nrocomp
06/06/2020 11:16:05|nrocomp --> 1001
06/06/2020 11:16:05|Nro. de Comprobante ::: TFB ::: 1001
06/06/2020 11:20:29|Comienza Facturacion B
06/06/2020 11:20:29|DatosCliente B
06/06/2020 11:20:32|AbrirComprobanteFiscal B
06/06/2020 11:20:32|Articulo --> 529384 j&j cotonetes johnson flexibles 150
06/06/2020 11:20:32|cantidadArt B --> 1
06/06/2020 11:20:32|PrecVear --> 165
06/06/2020 11:20:32|montoArt --> 136,363636363636
06/06/2020 11:20:32|ivaArt --> 21
06/06/2020 11:20:32|hasarOCX.ImprimirItem --> OK
06/06/2020 11:20:32|Articulo --> pampers supersec xg x58
06/06/2020 11:20:32|cantidadArt B --> 1
06/06/2020 11:20:32|PrecVear --> 680
06/06/2020 11:20:32|montoArt --> 561,98347107438
06/06/2020 11:20:32|ivaArt --> 21
06/06/2020 11:20:32|hasarOCX.ImprimirItem --> OK
06/06/2020 11:20:32|Articulo --> estrella algodon super x400
06/06/2020 11:20:32|cantidadArt B --> 1
06/06/2020 11:20:32|PrecVear --> 298
06/06/2020 11:20:32|montoArt --> 246,280991735537
06/06/2020 11:20:32|ivaArt --> 21
06/06/2020 11:20:33|hasarOCX.ImprimirItem --> OK
06/06/2020 11:20:33|Articulo --> doncella protector mam. x24u
06/06/2020 11:20:33|cantidadArt B --> 1
06/06/2020 11:20:33|PrecVear --> 116
06/06/2020 11:20:33|montoArt --> 95,8677685950413
06/06/2020 11:20:33|ivaArt --> 21
06/06/2020 11:20:33|hasarOCX.ImprimirItem --> OK
06/06/2020 11:20:33|Articulo --> rexona aero ap x90 xtracool
06/06/2020 11:20:33|cantidadArt B --> 2
06/06/2020 11:20:33|PrecVear --> 135
06/06/2020 11:20:33|montoArt --> 111,570247933884
06/06/2020 11:20:33|ivaArt --> 21
06/06/2020 11:20:33|hasarOCX.ImprimirItem --> OK
06/06/2020 11:20:33|Articulo --> rexona aero apx90 sensitive-3218
06/06/2020 11:20:33|cantidadArt B --> 2
06/06/2020 11:20:33|PrecVear --> 135
06/06/2020 11:20:33|montoArt --> 111,570247933884
06/06/2020 11:20:33|ivaArt --> 21
06/06/2020 11:20:34|hasarOCX.ImprimirItem --> OK
06/06/2020 11:20:34|Cerrar Comprobante B:::
06/06/2020 11:20:37|Obtiene nrocomp
06/06/2020 11:20:37|nrocomp --> 1002
06/06/2020 11:20:37|Nro. de Comprobante ::: TFB ::: 1002
06/06/2020 11:23:25|Comienza Facturacion B
06/06/2020 11:23:27|Error iniciando Factura B --> Tiempo de espera agotado
06/06/2020 11:23:27|Conectando..
06/06/2020 11:23:27|IP: 127.0.0.1 - Puerto: 6500
06/06/2020 11:23:28|Conectado con éxito!!
06/06/2020 11:23:29|DatosCliente B
06/06/2020 11:23:31|AbrirComprobanteFiscal B
06/06/2020 11:23:31|Articulo --> colgate cr.anticaries x70ml
06/06/2020 11:23:31|cantidadArt B --> 1
06/06/2020 11:23:31|PrecVear --> 79
06/06/2020 11:23:31|montoArt --> 65,2892561983471
06/06/2020 11:23:31|ivaArt --> 21
06/06/2020 11:23:32|hasarOCX.ImprimirItem --> OK
06/06/2020 11:23:32|Articulo --> elegante rollo cocinax200 paños
06/06/2020 11:23:32|cantidadArt B --> 1
06/06/2020 11:23:32|PrecVear --> 85
06/06/2020 11:23:32|montoArt --> 70,2479338842975
06/06/2020 11:23:32|ivaArt --> 21
06/06/2020 11:23:32|hasarOCX.ImprimirItem --> OK
06/06/2020 11:23:32|Articulo --> party jab.3x80gr variedades
06/06/2020 11:23:32|cantidadArt B --> 1
06/06/2020 11:23:32|PrecVear --> 60
06/06/2020 11:23:32|montoArt --> 49,5867768595041
06/06/2020 11:23:32|ivaArt --> 21
06/06/2020 11:23:32|hasarOCX.ImprimirItem --> OK
06/06/2020 11:23:32|Articulo --> carefree t.los dias x20 tanga sin perf
06/06/2020 11:23:32|cantidadArt B --> 1
06/06/2020 11:23:32|PrecVear --> 154
06/06/2020 11:23:32|montoArt --> 127,272727272727
06/06/2020 11:23:32|ivaArt --> 21
06/06/2020 11:23:33|hasarOCX.ImprimirItem --> OK
06/06/2020 11:23:33|Articulo --> asepxia jabon detox
06/06/2020 11:23:33|cantidadArt B --> 1
06/06/2020 11:23:33|PrecVear --> 240
06/06/2020 11:23:33|montoArt --> 198,347107438017
06/06/2020 11:23:33|ivaArt --> 21
06/06/2020 11:23:33|hasarOCX.ImprimirItem --> OK
06/06/2020 11:23:33|Articulo --> saphirus aromatizantee textil coco vai
06/06/2020 11:23:33|cantidadArt B --> 1
06/06/2020 11:23:33|PrecVear --> 135
06/06/2020 11:23:33|montoArt --> 111,570247933884
06/06/2020 11:23:33|ivaArt --> 21
06/06/2020 11:23:33|hasarOCX.ImprimirItem --> OK
06/06/2020 11:23:33|Cerrar Comprobante B:::
06/06/2020 11:23:36|Obtiene nrocomp
06/06/2020 11:23:37|nrocomp --> 1003
06/06/2020 11:23:37|Nro. de Comprobante ::: TFB ::: 1003
06/06/2020 11:37:19|Conectando..
06/06/2020 11:37:19|IP: 127.0.0.1 - Puerto: 6500
06/06/2020 11:37:20|Conectado con éxito!!
06/06/2020 11:40:12|Conectando..
06/06/2020 11:40:12|IP: 127.0.0.1 - Puerto: 6500
06/06/2020 11:40:13|Conectado con éxito!!
06/06/2020 11:45:04|Conectando..
06/06/2020 11:45:04|IP: 127.0.0.1 - Puerto: 6500
06/06/2020 11:45:05|Conectado con éxito!!
06/06/2020 11:53:47|Conectando..
06/06/2020 11:53:47|IP: 127.0.0.1 - Puerto: 6500
06/06/2020 11:53:47|Conectado con éxito!!
06/06/2020 11:54:04|Comienza Facturacion B
06/06/2020 11:54:05|DatosCliente B
06/06/2020 11:54:07|AbrirComprobanteFiscal B
06/06/2020 11:54:07|Articulo --> varios
06/06/2020 11:54:07|cantidadArt B --> 1
06/06/2020 11:54:07|PrecVear --> 80
06/06/2020 11:54:07|montoArt --> 66,1157024793389
06/06/2020 11:54:07|ivaArt --> 21
06/06/2020 11:54:08|hasarOCX.ImprimirItem --> OK
06/06/2020 11:54:08|Articulo --> varios
06/06/2020 11:54:08|cantidadArt B --> 1
06/06/2020 11:54:08|PrecVear --> 120
06/06/2020 11:54:08|montoArt --> 99,1735537190083
06/06/2020 11:54:08|ivaArt --> 21
06/06/2020 11:54:08|hasarOCX.ImprimirItem --> OK
06/06/2020 11:54:08|Articulo --> curitas cars x20 uni
06/06/2020 11:54:08|cantidadArt B --> 1
06/06/2020 11:54:08|PrecVear --> 150
06/06/2020 11:54:08|montoArt --> 123,96694214876
06/06/2020 11:54:08|ivaArt --> 21
06/06/2020 11:54:08|hasarOCX.ImprimirItem --> OK
06/06/2020 11:54:08|Articulo --> saphirus sanitizante x500 ml
06/06/2020 11:54:08|cantidadArt B --> 1
06/06/2020 11:54:08|PrecVear --> 270
06/06/2020 11:54:08|montoArt --> 223,140495867769
06/06/2020 11:54:08|ivaArt --> 21
06/06/2020 11:54:09|hasarOCX.ImprimirItem --> OK
06/06/2020 11:54:09|Articulo --> varios
06/06/2020 11:54:09|cantidadArt B --> 1
06/06/2020 11:54:09|PrecVear --> 2250
06/06/2020 11:54:09|montoArt --> 1859,50413223141
06/06/2020 11:54:09|ivaArt --> 21
06/06/2020 11:54:09|hasarOCX.ImprimirItem --> OK
06/06/2020 11:54:09|Cerrar Comprobante B:::
06/06/2020 11:54:12|Obtiene nrocomp
06/06/2020 11:54:12|nrocomp --> 1004
06/06/2020 11:54:12|Nro. de Comprobante ::: TFB ::: 1004
06/06/2020 12:01:21|Conectando..
06/06/2020 12:01:21|IP: 127.0.0.1 - Puerto: 6500
06/06/2020 12:01:22|Conectado con éxito!!
06/06/2020 12:04:04|Conectando..
06/06/2020 12:04:04|IP: 127.0.0.1 - Puerto: 6500
06/06/2020 12:04:05|Conectado con éxito!!
06/06/2020 12:07:11|Comienza Facturacion B
06/06/2020 12:07:11|DatosCliente B
06/06/2020 12:07:14|AbrirComprobanteFiscal B
06/06/2020 12:07:14|Articulo --> varios
06/06/2020 12:07:14|cantidadArt B --> 1
06/06/2020 12:07:14|PrecVear --> 85
06/06/2020 12:07:14|montoArt --> 70,2479338842975
06/06/2020 12:07:14|ivaArt --> 21
06/06/2020 12:07:14|hasarOCX.ImprimirItem --> OK
06/06/2020 12:07:14|Articulo --> queen cepillo silver 230
06/06/2020 12:07:14|cantidadArt B --> 1
06/06/2020 12:07:14|PrecVear --> 210
06/06/2020 12:07:14|montoArt --> 173,553719008264
06/06/2020 12:07:14|ivaArt --> 21
06/06/2020 12:07:15|hasarOCX.ImprimirItem --> OK
06/06/2020 12:07:15|Articulo --> varios
06/06/2020 12:07:15|cantidadArt B --> 1
06/06/2020 12:07:15|PrecVear --> 50
06/06/2020 12:07:15|montoArt --> 41,3223140495868
06/06/2020 12:07:15|ivaArt --> 21
06/06/2020 12:07:15|hasarOCX.ImprimirItem --> OK
06/06/2020 12:07:15|Articulo --> el coloso velas de noche x12
06/06/2020 12:07:15|cantidadArt B --> 1
06/06/2020 12:07:15|PrecVear --> 110
06/06/2020 12:07:15|montoArt --> 90,9090909090909
06/06/2020 12:07:15|ivaArt --> 21
06/06/2020 12:07:15|hasarOCX.ImprimirItem --> OK
06/06/2020 12:07:15|Articulo --> el coloso guantes max t8 med
06/06/2020 12:07:15|cantidadArt B --> 1
06/06/2020 12:07:15|PrecVear --> 130
06/06/2020 12:07:15|montoArt --> 107,438016528926
06/06/2020 12:07:15|ivaArt --> 21
06/06/2020 12:07:16|hasarOCX.ImprimirItem --> OK
06/06/2020 12:07:16|Articulo --> varios
06/06/2020 12:07:16|cantidadArt B --> 1
06/06/2020 12:07:16|PrecVear --> 98
06/06/2020 12:07:16|montoArt --> 80,9917355371901
06/06/2020 12:07:16|ivaArt --> 21
06/06/2020 12:07:16|hasarOCX.ImprimirItem --> OK
06/06/2020 12:07:16|Articulo --> ayudin lavand.gelx1.5l original
06/06/2020 12:07:16|cantidadArt B --> 1
06/06/2020 12:07:16|PrecVear --> 230
06/06/2020 12:07:16|montoArt --> 190,082644628099
06/06/2020 12:07:16|ivaArt --> 21
06/06/2020 12:07:16|hasarOCX.ImprimirItem --> OK
06/06/2020 12:07:16|Articulo --> saphirus home spray sweet flowers x500ml
06/06/2020 12:07:16|cantidadArt B --> 1
06/06/2020 12:07:16|PrecVear --> 270
06/06/2020 12:07:16|montoArt --> 223,140495867769
06/06/2020 12:07:16|ivaArt --> 21
06/06/2020 12:07:17|hasarOCX.ImprimirItem --> OK
06/06/2020 12:07:17|Cerrar Comprobante B:::
06/06/2020 12:07:20|Obtiene nrocomp
06/06/2020 12:07:20|nrocomp --> 1005
06/06/2020 12:07:20|Nro. de Comprobante ::: TFB ::: 1005
06/06/2020 12:10:24|Conectando..
06/06/2020 12:10:24|IP: 127.0.0.1 - Puerto: 6500
06/06/2020 12:10:24|Conectado con éxito!!
06/06/2020 12:17:08|Conectando..
06/06/2020 12:17:08|IP: 127.0.0.1 - Puerto: 6500
06/06/2020 12:17:09|Conectado con éxito!!
06/06/2020 12:17:38|Comienza Facturacion B
06/06/2020 12:17:39|DatosCliente B
06/06/2020 12:17:41|AbrirComprobanteFiscal B
06/06/2020 12:17:41|Articulo --> calipso rosa toall.sup.anatx8 c/alas
06/06/2020 12:17:41|cantidadArt B --> 2
06/06/2020 12:17:41|PrecVear --> 45
06/06/2020 12:17:41|montoArt --> 37,1900826446281
06/06/2020 12:17:41|ivaArt --> 21
06/06/2020 12:17:42|hasarOCX.ImprimirItem --> OK
06/06/2020 12:17:42|Articulo --> calipso prot.s/perf.c/manz x50
06/06/2020 12:17:42|cantidadArt B --> 2
06/06/2020 12:17:42|PrecVear --> 110
06/06/2020 12:17:42|montoArt --> 90,9090909090909
06/06/2020 12:17:42|ivaArt --> 21
06/06/2020 12:17:42|hasarOCX.ImprimirItem --> OK
06/06/2020 12:17:42|Cerrar Comprobante B:::
06/06/2020 12:17:45|Obtiene nrocomp
06/06/2020 12:17:45|nrocomp --> 1006
06/06/2020 12:17:45|Nro. de Comprobante ::: TFB ::: 1006
06/06/2020 12:20:31|Comienza Facturacion B
06/06/2020 12:20:31|DatosCliente B
06/06/2020 12:20:35|AbrirComprobanteFiscal B
06/06/2020 12:20:35|Articulo --> hug clasic pack xxg x56
06/06/2020 12:20:35|cantidadArt B --> 1
06/06/2020 12:20:35|PrecVear --> 790
06/06/2020 12:20:35|montoArt --> 652,892561983471
06/06/2020 12:20:35|ivaArt --> 21
06/06/2020 12:20:35|hasarOCX.ImprimirItem --> OK
06/06/2020 12:20:35|Cerrar Comprobante B:::
06/06/2020 12:20:38|Obtiene nrocomp
06/06/2020 12:20:39|nrocomp --> 1007
06/06/2020 12:20:39|Nro. de Comprobante ::: TFB ::: 1007
06/06/2020 12:25:17|Conectando..
06/06/2020 12:25:17|IP: 127.0.0.1 - Puerto: 6500
06/06/2020 12:25:17|Conectado con éxito!!
06/06/2020 12:31:48|Conectando..
06/06/2020 12:31:48|IP: 127.0.0.1 - Puerto: 6500
06/06/2020 12:31:49|Conectado con éxito!!
06/06/2020 12:33:08|Conectando..
06/06/2020 12:33:08|IP: 127.0.0.1 - Puerto: 6500
06/06/2020 12:33:09|Conectado con éxito!!
06/06/2020 12:37:14|Conectando..
06/06/2020 12:37:14|IP: 127.0.0.1 - Puerto: 6500
06/06/2020 12:37:15|Conectado con éxito!!
06/06/2020 12:41:08|Conectando..
06/06/2020 12:41:08|IP: 127.0.0.1 - Puerto: 6500
06/06/2020 12:41:09|Conectado con éxito!!
06/06/2020 12:43:44|Conectando..
06/06/2020 12:43:44|IP: 127.0.0.1 - Puerto: 6500
06/06/2020 12:43:45|Conectado con éxito!!
06/06/2020 12:49:29|Comienza Facturacion B
06/06/2020 12:49:30|DatosCliente B
06/06/2020 12:49:33|AbrirComprobanteFiscal B
06/06/2020 12:49:33|Articulo --> el coloso jab.liq x3l d.pack ropa
06/06/2020 12:49:33|cantidadArt B --> 1
06/06/2020 12:49:33|PrecVear --> 260
06/06/2020 12:49:33|montoArt --> 214,876033057851
06/06/2020 12:49:33|ivaArt --> 21
06/06/2020 12:49:34|hasarOCX.ImprimirItem --> OK
06/06/2020 12:49:34|Articulo --> mf alcohol etilico
06/06/2020 12:49:34|cantidadArt B --> 2
06/06/2020 12:49:34|PrecVear --> 185
06/06/2020 12:49:34|montoArt --> 152,892561983471
06/06/2020 12:49:34|ivaArt --> 21
06/06/2020 12:49:34|hasarOCX.ImprimirItem --> OK
06/06/2020 12:49:34|Articulo --> jrexona efficient aerox153g
06/06/2020 12:49:34|cantidadArt B --> 1
06/06/2020 12:49:34|PrecVear --> 175
06/06/2020 12:49:34|montoArt --> 144,628099173554
06/06/2020 12:49:34|ivaArt --> 21
06/06/2020 12:49:34|hasarOCX.ImprimirItem --> OK
06/06/2020 12:49:34|Articulo --> issue activ.cr 20v x47ml - gratis
06/06/2020 12:49:34|cantidadArt B --> 1
06/06/2020 12:49:34|PrecVear --> 20
06/06/2020 12:49:34|montoArt --> 16,5289256198347
06/06/2020 12:49:34|ivaArt --> 21
06/06/2020 12:49:35|hasarOCX.ImprimirItem --> OK
06/06/2020 12:49:35|Articulo --> policrom color.crema   7.32
06/06/2020 12:49:35|cantidadArt B --> 1
06/06/2020 12:49:35|PrecVear --> 168
06/06/2020 12:49:35|montoArt --> 138,842975206612
06/06/2020 12:49:35|ivaArt --> 21
06/06/2020 12:49:35|hasarOCX.ImprimirItem --> OK
06/06/2020 12:49:35|Cerrar Comprobante B:::
06/06/2020 12:49:38|Obtiene nrocomp
06/06/2020 12:49:38|nrocomp --> 1008
06/06/2020 12:49:38|Nro. de Comprobante ::: TFB ::: 1008
06/06/2020 13:02:50|Conectando..
06/06/2020 13:02:50|IP: 127.0.0.1 - Puerto: 6500
06/06/2020 13:02:50|Conectado con éxito!!
06/06/2020 13:05:36|Conectando..
06/06/2020 13:05:36|IP: 127.0.0.1 - Puerto: 6500
06/06/2020 13:05:37|Conectado con éxito!!
06/06/2020 13:05:46|Comienza Facturacion B
06/06/2020 13:05:46|DatosCliente B
06/06/2020 13:05:48|AbrirComprobanteFiscal B
06/06/2020 13:05:48|Articulo --> sedal chx300 d.pack ceramidas
06/06/2020 13:05:48|cantidadArt B --> 1
06/06/2020 13:05:48|PrecVear --> 110
06/06/2020 13:05:48|montoArt --> 90,9090909090909
06/06/2020 13:05:48|ivaArt --> 21
06/06/2020 13:05:49|hasarOCX.ImprimirItem --> OK
06/06/2020 13:05:49|Articulo --> sedal acondx300ml d.pack rest.inst
06/06/2020 13:05:49|cantidadArt B --> 1
06/06/2020 13:05:49|PrecVear --> 110
06/06/2020 13:05:49|montoArt --> 90,9090909090909
06/06/2020 13:05:49|ivaArt --> 21
06/06/2020 13:05:49|hasarOCX.ImprimirItem --> OK
06/06/2020 13:05:49|Articulo --> carefree protec x20 compact
06/06/2020 13:05:49|cantidadArt B --> 1
06/06/2020 13:05:49|PrecVear --> 86
06/06/2020 13:05:49|montoArt --> 71,0743801652893
06/06/2020 13:05:49|ivaArt --> 21
06/06/2020 13:05:49|hasarOCX.ImprimirItem --> OK
06/06/2020 13:05:49|Articulo --> nivea deo aerox150 sens.men protect
06/06/2020 13:05:49|cantidadArt B --> 1
06/06/2020 13:05:49|PrecVear --> 174
06/06/2020 13:05:49|montoArt --> 143,801652892562
06/06/2020 13:05:49|ivaArt --> 21
06/06/2020 13:05:50|hasarOCX.ImprimirItem --> OK
06/06/2020 13:05:50|Cerrar Comprobante B:::
06/06/2020 13:05:53|Obtiene nrocomp
06/06/2020 13:05:53|nrocomp --> 1009
06/06/2020 13:05:53|Nro. de Comprobante ::: TFB ::: 1009
06/06/2020 13:56:10|Conectando..
06/06/2020 13:56:10|IP: 127.0.0.1 - Puerto: 6500
06/06/2020 13:56:11|Conectado con éxito!!
06/06/2020 13:57:02|Conectando..
06/06/2020 13:57:02|IP: 127.0.0.1 - Puerto: 6500
06/06/2020 13:57:03|Conectado con éxito!!
06/06/2020 14:02:02|Conectando..
06/06/2020 14:02:02|IP: 127.0.0.1 - Puerto: 6500
06/06/2020 14:02:03|Conectado con éxito!!
06/06/2020 14:04:03|Comienza Facturacion B
06/06/2020 14:04:03|DatosCliente B
06/06/2020 14:04:07|AbrirComprobanteFiscal B
06/06/2020 14:04:07|Articulo --> varios
06/06/2020 14:04:07|cantidadArt B --> 1
06/06/2020 14:04:07|PrecVear --> 160
06/06/2020 14:04:07|montoArt --> 132,231404958678
06/06/2020 14:04:07|ivaArt --> 21
06/06/2020 14:04:07|hasarOCX.ImprimirItem --> OK
06/06/2020 14:04:07|Articulo --> mr.musculo gat vid x500 mult
06/06/2020 14:04:07|cantidadArt B --> 1
06/06/2020 14:04:07|PrecVear --> 180
06/06/2020 14:04:07|montoArt --> 148,760330578512
06/06/2020 14:04:07|ivaArt --> 21
06/06/2020 14:04:08|hasarOCX.ImprimirItem --> OK
06/06/2020 14:04:08|Articulo --> plumero microfibra
06/06/2020 14:04:08|cantidadArt B --> 1
06/06/2020 14:04:08|PrecVear --> 198
06/06/2020 14:04:08|montoArt --> 163,636363636364
06/06/2020 14:04:08|ivaArt --> 21
06/06/2020 14:04:08|hasarOCX.ImprimirItem --> OK
06/06/2020 14:04:08|Articulo --> ayudin esp.cocina -7918
06/06/2020 14:04:08|cantidadArt B --> 1
06/06/2020 14:04:08|PrecVear --> 90
06/06/2020 14:04:08|montoArt --> 74,3801652892562
06/06/2020 14:04:08|ivaArt --> 21
06/06/2020 14:04:09|hasarOCX.ImprimirItem --> OK
06/06/2020 14:04:09|Articulo --> mortimer esp.cudriculada
06/06/2020 14:04:09|cantidadArt B --> 1
06/06/2020 14:04:09|PrecVear --> 30
06/06/2020 14:04:09|montoArt --> 24,7933884297521
06/06/2020 14:04:09|ivaArt --> 21
06/06/2020 14:04:09|hasarOCX.ImprimirItem --> OK
06/06/2020 14:04:09|Cerrar Comprobante B:::
06/06/2020 14:04:12|Obtiene nrocomp
06/06/2020 14:04:12|nrocomp --> 1010
06/06/2020 14:04:12|Nro. de Comprobante ::: TFB ::: 1010
06/06/2020 14:12:25|Comienza Facturacion B
06/06/2020 14:12:26|DatosCliente B
06/06/2020 14:12:28|AbrirComprobanteFiscal B
06/06/2020 14:12:28|Articulo --> lysoform aero citrica
06/06/2020 14:12:28|cantidadArt B --> 1
06/06/2020 14:12:28|PrecVear --> 160
06/06/2020 14:12:28|montoArt --> 132,231404958678
06/06/2020 14:12:28|ivaArt --> 21
06/06/2020 14:12:28|hasarOCX.ImprimirItem --> OK
06/06/2020 14:12:28|Articulo --> mortimer esp.cudriculada
06/06/2020 14:12:28|cantidadArt B --> 1
06/06/2020 14:12:28|PrecVear --> 30
06/06/2020 14:12:28|montoArt --> 24,7933884297521
06/06/2020 14:12:28|ivaArt --> 21
06/06/2020 14:12:29|hasarOCX.ImprimirItem --> OK
06/06/2020 14:12:29|Articulo --> vanish prelavadx400 pink dpack oxigel 50% poder
06/06/2020 14:12:29|cantidadArt B --> 1
06/06/2020 14:12:29|PrecVear --> 105
06/06/2020 14:12:29|montoArt --> 86,7768595041322
06/06/2020 14:12:29|ivaArt --> 21
06/06/2020 14:12:29|hasarOCX.ImprimirItem --> OK
06/06/2020 14:12:29|Articulo --> cif act.gelx500 citrica-5953
06/06/2020 14:12:29|cantidadArt B --> 1
06/06/2020 14:12:29|PrecVear --> 145
06/06/2020 14:12:29|montoArt --> 119,834710743802
06/06/2020 14:12:29|ivaArt --> 21
06/06/2020 14:12:30|hasarOCX.ImprimirItem --> OK
06/06/2020 14:12:30|Articulo --> ceramicol liqx450 d.pack 2766
06/06/2020 14:12:30|cantidadArt B --> 1
06/06/2020 14:12:30|PrecVear --> 98
06/06/2020 14:12:30|montoArt --> 80,9917355371901
06/06/2020 14:12:30|ivaArt --> 21
06/06/2020 14:12:30|hasarOCX.ImprimirItem --> OK
06/06/2020 14:12:30|Articulo --> vivere suavx810 dp plancha facil
06/06/2020 14:12:30|cantidadArt B --> 1
06/06/2020 14:12:30|PrecVear --> 90
06/06/2020 14:12:30|montoArt --> 74,3801652892562
06/06/2020 14:12:30|ivaArt --> 21
06/06/2020 14:12:30|hasarOCX.ImprimirItem --> OK
06/06/2020 14:12:30|Articulo --> ayudin r.color x470 quitam sachet
06/06/2020 14:12:30|cantidadArt B --> 1
06/06/2020 14:12:30|PrecVear --> 92
06/06/2020 14:12:30|montoArt --> 76,0330578512397
06/06/2020 14:12:30|ivaArt --> 21
06/06/2020 14:12:31|hasarOCX.ImprimirItem --> OK
06/06/2020 14:12:31|Articulo --> ceramicol lampazos liqx1l -6716
06/06/2020 14:12:31|cantidadArt B --> 1
06/06/2020 14:12:31|PrecVear --> 155
06/06/2020 14:12:31|montoArt --> 128,099173553719
06/06/2020 14:12:31|ivaArt --> 21
06/06/2020 14:12:31|hasarOCX.ImprimirItem --> OK
06/06/2020 14:12:31|Cerrar Comprobante B:::
06/06/2020 14:12:34|Obtiene nrocomp
06/06/2020 14:12:34|nrocomp --> 1011
06/06/2020 14:12:34|Nro. de Comprobante ::: TFB ::: 1011
06/06/2020 14:13:14|Conectando..
06/06/2020 14:13:14|IP: 127.0.0.1 - Puerto: 6500
06/06/2020 14:13:15|Conectado con éxito!!
06/06/2020 14:13:24|Comienza Facturacion B
06/06/2020 14:13:24|DatosCliente B
06/06/2020 14:13:27|AbrirComprobanteFiscal B
06/06/2020 14:13:27|Articulo --> cif pisosx750 oxy gel -922902
06/06/2020 14:13:27|cantidadArt B --> 1
06/06/2020 14:13:27|PrecVear --> 130
06/06/2020 14:13:27|montoArt --> 107,438016528926
06/06/2020 14:13:27|ivaArt --> 21
06/06/2020 14:13:27|hasarOCX.ImprimirItem --> OK
06/06/2020 14:13:27|Cerrar Comprobante B:::
06/06/2020 14:13:30|Obtiene nrocomp
06/06/2020 14:13:31|nrocomp --> 1012
06/06/2020 14:13:31|Nro. de Comprobante ::: TFB ::: 1012
06/06/2020 14:20:16|Conectando..
06/06/2020 14:20:16|IP: 127.0.0.1 - Puerto: 6500
06/06/2020 14:20:17|Conectado con éxito!!
06/06/2020 14:21:51|Conectando..
06/06/2020 14:21:51|IP: 127.0.0.1 - Puerto: 6500
06/06/2020 14:21:52|Conectado con éxito!!
06/06/2020 14:22:29|Conectando..
06/06/2020 14:22:29|IP: 127.0.0.1 - Puerto: 6500
06/06/2020 14:22:30|Conectado con éxito!!
06/06/2020 14:29:24|Conectando..
06/06/2020 14:29:24|IP: 127.0.0.1 - Puerto: 6500
06/06/2020 14:29:25|Conectado con éxito!!
06/06/2020 14:31:41|Conectando..
06/06/2020 14:31:41|IP: 127.0.0.1 - Puerto: 6500
06/06/2020 14:31:42|Conectado con éxito!!
06/06/2020 14:34:06|Comienza Facturacion B
06/06/2020 14:34:07|DatosCliente B
06/06/2020 14:34:09|AbrirComprobanteFiscal B
06/06/2020 14:34:09|Articulo --> simply lady toall. c/alas pocketx8
06/06/2020 14:34:09|cantidadArt B --> 2
06/06/2020 14:34:09|PrecVear --> 40
06/06/2020 14:34:09|montoArt --> 33,0578512396694
06/06/2020 14:34:09|ivaArt --> 21
06/06/2020 14:34:10|hasarOCX.ImprimirItem --> OK
06/06/2020 14:34:10|Articulo --> 700701 oleo calcareo fresh club x 1000 cm3 (d)
06/06/2020 14:34:10|cantidadArt B --> 1
06/06/2020 14:34:10|PrecVear --> 160
06/06/2020 14:34:10|montoArt --> 132,231404958678
06/06/2020 14:34:10|ivaArt --> 21
06/06/2020 14:34:10|hasarOCX.ImprimirItem --> OK
06/06/2020 14:34:10|Articulo --> q soft toall. hum. clasicas x50u
06/06/2020 14:34:10|cantidadArt B --> 2
06/06/2020 14:34:10|PrecVear --> 98
06/06/2020 14:34:10|montoArt --> 80,9917355371901
06/06/2020 14:34:10|ivaArt --> 21
06/06/2020 14:34:10|hasarOCX.ImprimirItem --> OK
06/06/2020 14:34:10|Articulo --> hug clasic pack xxg x56
06/06/2020 14:34:10|cantidadArt B --> 2
06/06/2020 14:34:10|PrecVear --> 790
06/06/2020 14:34:10|montoArt --> 652,892561983471
06/06/2020 14:34:10|ivaArt --> 21
06/06/2020 14:34:11|hasarOCX.ImprimirItem --> OK
06/06/2020 14:34:11|Cerrar Comprobante B:::
06/06/2020 14:34:14|Obtiene nrocomp
06/06/2020 14:34:14|nrocomp --> 1013
06/06/2020 14:34:14|Nro. de Comprobante ::: TFB ::: 1013
06/06/2020 14:36:55|Conectando..
06/06/2020 14:36:55|IP: 127.0.0.1 - Puerto: 6500
06/06/2020 14:36:56|Conectado con éxito!!
06/06/2020 14:38:31|Conectando..
06/06/2020 14:38:31|IP: 127.0.0.1 - Puerto: 6500
06/06/2020 14:38:32|Conectado con éxito!!
06/06/2020 14:40:29|Conectando..
06/06/2020 14:40:29|IP: 127.0.0.1 - Puerto: 6500
06/06/2020 14:40:30|Conectado con éxito!!
06/06/2020 14:50:26|Comienza Facturacion B
06/06/2020 14:50:26|DatosCliente B
06/06/2020 14:50:29|AbrirComprobanteFiscal B
06/06/2020 14:50:29|Articulo --> pampers confortsec xxg x38
06/06/2020 14:50:29|cantidadArt B --> 1
06/06/2020 14:50:29|PrecVear --> 750
06/06/2020 14:50:29|montoArt --> 619,834710743802
06/06/2020 14:50:29|ivaArt --> 21
06/06/2020 14:50:29|hasarOCX.ImprimirItem --> OK
06/06/2020 14:50:29|Articulo --> estrella baby oleo sin frag x950ml
06/06/2020 14:50:29|cantidadArt B --> 1
06/06/2020 14:50:29|PrecVear --> 289
06/06/2020 14:50:29|montoArt --> 238,842975206612
06/06/2020 14:50:29|ivaArt --> 21
06/06/2020 14:50:30|hasarOCX.ImprimirItem --> OK
06/06/2020 14:50:30|Articulo --> woolitex450 d.pack ext.blanco-4412
06/06/2020 14:50:30|cantidadArt B --> 1
06/06/2020 14:50:30|PrecVear --> 120
06/06/2020 14:50:30|montoArt --> 99,1735537190083
06/06/2020 14:50:30|ivaArt --> 21
06/06/2020 14:50:30|hasarOCX.ImprimirItem --> OK
06/06/2020 14:50:30|Articulo --> huggies nat care xxl x56 - ellas
06/06/2020 14:50:30|cantidadArt B --> 2
06/06/2020 14:50:30|PrecVear --> 1100
06/06/2020 14:50:30|montoArt --> 909,090909090909
06/06/2020 14:50:30|ivaArt --> 21
06/06/2020 14:50:30|hasarOCX.ImprimirItem --> OK
06/06/2020 14:50:30|Articulo --> estrella algodon clasico x300gr
06/06/2020 14:50:30|cantidadArt B --> 2
06/06/2020 14:50:30|PrecVear --> 212
06/06/2020 14:50:30|montoArt --> 175,206611570248
06/06/2020 14:50:30|ivaArt --> 21
06/06/2020 14:50:31|hasarOCX.ImprimirItem --> OK
06/06/2020 14:50:31|Articulo --> ayudin ultra quitamanchas polvo x90 g
06/06/2020 14:50:31|cantidadArt B --> 1
06/06/2020 14:50:31|PrecVear --> 79
06/06/2020 14:50:31|montoArt --> 65,2892561983471
06/06/2020 14:50:31|ivaArt --> 21
06/06/2020 14:50:31|hasarOCX.ImprimirItem --> OK
06/06/2020 14:50:31|Cerrar Comprobante B:::
06/06/2020 14:50:34|Obtiene nrocomp
06/06/2020 14:50:34|nrocomp --> 1014
06/06/2020 14:50:34|Nro. de Comprobante ::: TFB ::: 1014
06/06/2020 14:56:49|Comienza Facturacion B
06/06/2020 14:56:49|DatosCliente B
06/06/2020 14:56:52|AbrirComprobanteFiscal B
06/06/2020 14:56:52|Articulo --> bolsas de residuos 45*60
06/06/2020 14:56:52|cantidadArt B --> 1
06/06/2020 14:56:52|PrecVear --> 30
06/06/2020 14:56:52|montoArt --> 24,7933884297521
06/06/2020 14:56:52|ivaArt --> 21
06/06/2020 14:56:52|hasarOCX.ImprimirItem --> OK
06/06/2020 14:56:52|Articulo --> geltex cebo gel cucaracha
06/06/2020 14:56:52|cantidadArt B --> 1
06/06/2020 14:56:52|PrecVear --> 160
06/06/2020 14:56:52|montoArt --> 132,231404958678
06/06/2020 14:56:52|ivaArt --> 21
06/06/2020 14:56:52|hasarOCX.ImprimirItem --> OK
06/06/2020 14:56:52|Articulo --> ayudin lav. x2lt tot.max.pureza
06/06/2020 14:56:52|cantidadArt B --> 1
06/06/2020 14:56:52|PrecVear --> 105
06/06/2020 14:56:52|montoArt --> 86,7768595041322
06/06/2020 14:56:52|ivaArt --> 21
06/06/2020 14:56:53|hasarOCX.ImprimirItem --> OK
06/06/2020 14:56:53|Articulo --> vim lavand.gelx700
06/06/2020 14:56:53|cantidadArt B --> 1
06/06/2020 14:56:53|PrecVear --> 110
06/06/2020 14:56:53|montoArt --> 90,9090909090909
06/06/2020 14:56:53|ivaArt --> 21
06/06/2020 14:56:53|hasarOCX.ImprimirItem --> OK
06/06/2020 14:56:53|Articulo --> mf alcohol etilico
06/06/2020 14:56:53|cantidadArt B --> 2
06/06/2020 14:56:53|PrecVear --> 185
06/06/2020 14:56:53|montoArt --> 152,892561983471
06/06/2020 14:56:53|ivaArt --> 21
06/06/2020 14:56:53|hasarOCX.ImprimirItem --> OK
06/06/2020 14:56:53|Articulo --> dove baby ac x200ml
06/06/2020 14:56:53|cantidadArt B --> 1
06/06/2020 14:56:53|PrecVear --> 150
06/06/2020 14:56:53|montoArt --> 123,96694214876
06/06/2020 14:56:53|ivaArt --> 21
06/06/2020 14:56:54|hasarOCX.ImprimirItem --> OK
06/06/2020 14:56:54|Articulo --> biferdil acondicionador vitaminado sin enjuage express
06/06/2020 14:56:54|cantidadArt B --> 1
06/06/2020 14:56:54|PrecVear --> 445
06/06/2020 14:56:54|montoArt --> 367,768595041322
06/06/2020 14:56:54|ivaArt --> 21
06/06/2020 14:56:54|hasarOCX.ImprimirItem --> OK
06/06/2020 14:56:54|Articulo --> pantene chx400 liso extremo
06/06/2020 14:56:54|cantidadArt B --> 1
06/06/2020 14:56:54|PrecVear --> 280
06/06/2020 14:56:54|montoArt --> 231,404958677686
06/06/2020 14:56:54|ivaArt --> 21
06/06/2020 14:56:55|hasarOCX.ImprimirItem --> OK
06/06/2020 14:56:55|Articulo --> dove jabon x90 blanco
06/06/2020 14:56:55|cantidadArt B --> 2
06/06/2020 14:56:55|PrecVear --> 64
06/06/2020 14:56:55|montoArt --> 52,8925619834711
06/06/2020 14:56:55|ivaArt --> 21
06/06/2020 14:56:55|hasarOCX.ImprimirItem --> OK
06/06/2020 14:56:55|Articulo --> e.spa esponja pompon exfol.(150)
06/06/2020 14:56:55|cantidadArt B --> 1
06/06/2020 14:56:55|PrecVear --> 95
06/06/2020 14:56:55|montoArt --> 78,5123966942149
06/06/2020 14:56:55|ivaArt --> 21
06/06/2020 14:56:55|hasarOCX.ImprimirItem --> OK
06/06/2020 14:56:55|Articulo --> vim past.adx30 citrus -4484
06/06/2020 14:56:55|cantidadArt B --> 1
06/06/2020 14:56:55|PrecVear --> 80
06/06/2020 14:56:55|montoArt --> 66,1157024793389
06/06/2020 14:56:55|ivaArt --> 21
06/06/2020 14:56:56|hasarOCX.ImprimirItem --> OK
06/06/2020 14:56:56|Articulo --> colgate cep smiles 2-5 años barbie
06/06/2020 14:56:56|cantidadArt B --> 1
06/06/2020 14:56:56|PrecVear --> 175
06/06/2020 14:56:56|montoArt --> 144,628099173554
06/06/2020 14:56:56|ivaArt --> 21
06/06/2020 14:56:56|hasarOCX.ImprimirItem --> OK
06/06/2020 14:56:56|Articulo --> mortimer esp.cudriculada
06/06/2020 14:56:56|cantidadArt B --> 1
06/06/2020 14:56:56|PrecVear --> 30
06/06/2020 14:56:56|montoArt --> 24,7933884297521
06/06/2020 14:56:56|ivaArt --> 21
06/06/2020 14:56:56|hasarOCX.ImprimirItem --> OK
06/06/2020 14:56:56|Articulo --> cif act.gel x450 dp limon verde
06/06/2020 14:56:56|cantidadArt B --> 1
06/06/2020 14:56:56|PrecVear --> 85
06/06/2020 14:56:56|montoArt --> 70,2479338842975
06/06/2020 14:56:56|ivaArt --> 21
06/06/2020 14:56:57|hasarOCX.ImprimirItem --> OK
06/06/2020 14:56:57|Articulo --> lysoform dp bebe x420 ml
06/06/2020 14:56:57|cantidadArt B --> 2
06/06/2020 14:56:57|PrecVear --> 90
06/06/2020 14:56:57|montoArt --> 74,3801652892562
06/06/2020 14:56:57|ivaArt --> 21
06/06/2020 14:56:57|hasarOCX.ImprimirItem --> OK
06/06/2020 14:56:57|Articulo --> virulana rollitox70grs -17003
06/06/2020 14:56:57|cantidadArt B --> 1
06/06/2020 14:56:57|PrecVear --> 56
06/06/2020 14:56:57|montoArt --> 46,2809917355372
06/06/2020 14:56:57|ivaArt --> 21
06/06/2020 14:56:57|hasarOCX.ImprimirItem --> OK
06/06/2020 14:56:57|Articulo --> el coloso guantes max t8 med
06/06/2020 14:56:57|cantidadArt B --> 1
06/06/2020 14:56:57|PrecVear --> 130
06/06/2020 14:56:57|montoArt --> 107,438016528926
06/06/2020 14:56:57|ivaArt --> 21
06/06/2020 14:56:58|hasarOCX.ImprimirItem --> OK
06/06/2020 14:56:58|Articulo --> mary bosques 60 segundos
06/06/2020 14:56:58|cantidadArt B --> 2
06/06/2020 14:56:58|PrecVear --> 59
06/06/2020 14:56:58|montoArt --> 48,7603305785124
06/06/2020 14:56:58|ivaArt --> 21
06/06/2020 14:56:58|hasarOCX.ImprimirItem --> OK
06/06/2020 14:56:58|Articulo --> herbal ess.chx300 detox brillo
06/06/2020 14:56:58|cantidadArt B --> 1
06/06/2020 14:56:58|PrecVear --> 170
06/06/2020 14:56:58|montoArt --> 140,495867768595
06/06/2020 14:56:58|ivaArt --> 21
06/06/2020 14:56:58|hasarOCX.ImprimirItem --> OK
06/06/2020 14:56:58|Cerrar Comprobante B:::
06/06/2020 14:57:01|Obtiene nrocomp
06/06/2020 14:57:02|nrocomp --> 1015
06/06/2020 14:57:02|Nro. de Comprobante ::: TFB ::: 1015
06/06/2020 15:04:03|Conectando..
06/06/2020 15:04:03|IP: 127.0.0.1 - Puerto: 6500
06/06/2020 15:04:03|Conectado con éxito!!
06/06/2020 15:08:37|Comienza Facturacion B
06/06/2020 15:08:38|DatosCliente B
06/06/2020 15:08:40|AbrirComprobanteFiscal B
06/06/2020 15:08:40|Articulo --> alax3kg matic toq.vivere clas-7147
06/06/2020 15:08:40|cantidadArt B --> 1
06/06/2020 15:08:40|PrecVear --> 445
06/06/2020 15:08:40|montoArt --> 367,768595041322
06/06/2020 15:08:40|ivaArt --> 21
06/06/2020 15:08:41|hasarOCX.ImprimirItem --> OK
06/06/2020 15:08:41|Articulo --> bolsa residuos 80*110
06/06/2020 15:08:41|cantidadArt B --> 1
06/06/2020 15:08:41|PrecVear --> 98
06/06/2020 15:08:41|montoArt --> 80,9917355371901
06/06/2020 15:08:41|ivaArt --> 21
06/06/2020 15:08:41|hasarOCX.ImprimirItem --> OK
06/06/2020 15:08:41|Articulo --> bolsas residuos 50*70
06/06/2020 15:08:41|cantidadArt B --> 1
06/06/2020 15:08:41|PrecVear --> 40
06/06/2020 15:08:41|montoArt --> 33,0578512396694
06/06/2020 15:08:41|ivaArt --> 21
06/06/2020 15:08:41|hasarOCX.ImprimirItem --> OK
06/06/2020 15:08:41|Articulo --> lux jabx125 lirio azul
06/06/2020 15:08:41|cantidadArt B --> 1
06/06/2020 15:08:41|PrecVear --> 48
06/06/2020 15:08:41|montoArt --> 39,6694214876033
06/06/2020 15:08:41|ivaArt --> 21
06/06/2020 15:08:42|hasarOCX.ImprimirItem --> OK
06/06/2020 15:08:42|Articulo --> lux jabx125 flor vainilla
06/06/2020 15:08:42|cantidadArt B --> 1
06/06/2020 15:08:42|PrecVear --> 48
06/06/2020 15:08:42|montoArt --> 39,6694214876033
06/06/2020 15:08:42|ivaArt --> 21
06/06/2020 15:08:42|hasarOCX.ImprimirItem --> OK
06/06/2020 15:08:42|Articulo --> lux jabx125 orquidea negra
06/06/2020 15:08:42|cantidadArt B --> 1
06/06/2020 15:08:42|PrecVear --> 48
06/06/2020 15:08:42|montoArt --> 39,6694214876033
06/06/2020 15:08:42|ivaArt --> 21
06/06/2020 15:08:42|hasarOCX.ImprimirItem --> OK
06/06/2020 15:08:42|Articulo --> 67087 curitas tela x unidad
06/06/2020 15:08:42|cantidadArt B --> 2
06/06/2020 15:08:42|PrecVear --> 38
06/06/2020 15:08:42|montoArt --> 31,404958677686
06/06/2020 15:08:42|ivaArt --> 21
06/06/2020 15:08:43|hasarOCX.ImprimirItem --> OK
06/06/2020 15:08:43|Articulo --> mf alcohol etilico
06/06/2020 15:08:43|cantidadArt B --> 1
06/06/2020 15:08:43|PrecVear --> 185
06/06/2020 15:08:43|montoArt --> 152,892561983471
06/06/2020 15:08:43|ivaArt --> 21
06/06/2020 15:08:43|hasarOCX.ImprimirItem --> OK
06/06/2020 15:08:43|Articulo --> jyj sh frag prox400ml (azul)
06/06/2020 15:08:43|cantidadArt B --> 1
06/06/2020 15:08:43|PrecVear --> 320
06/06/2020 15:08:43|montoArt --> 264,462809917355
06/06/2020 15:08:43|ivaArt --> 21
06/06/2020 15:08:43|hasarOCX.ImprimirItem --> OK
06/06/2020 15:08:43|Articulo --> spa jabon liq dp
06/06/2020 15:08:43|cantidadArt B --> 1
06/06/2020 15:08:43|PrecVear --> 79
06/06/2020 15:08:43|montoArt --> 65,2892561983471
06/06/2020 15:08:43|ivaArt --> 21
06/06/2020 15:08:44|hasarOCX.ImprimirItem --> OK
06/06/2020 15:08:44|Articulo --> crema dermofil reafirm.centella asiát.x470g
06/06/2020 15:08:44|cantidadArt B --> 1
06/06/2020 15:08:44|PrecVear --> 315
06/06/2020 15:08:44|montoArt --> 260,330578512397
06/06/2020 15:08:44|ivaArt --> 21
06/06/2020 15:08:44|hasarOCX.ImprimirItem --> OK
06/06/2020 15:08:44|Articulo --> higienol max manzanilla 4 x 80m
06/06/2020 15:08:44|cantidadArt B --> 1
06/06/2020 15:08:44|PrecVear --> 160
06/06/2020 15:08:44|montoArt --> 132,231404958678
06/06/2020 15:08:44|ivaArt --> 21
06/06/2020 15:08:44|hasarOCX.ImprimirItem --> OK
06/06/2020 15:08:44|Articulo --> el coloso hig.bco mas.10x4 80mts
06/06/2020 15:08:44|cantidadArt B --> 1
06/06/2020 15:08:44|PrecVear --> 140
06/06/2020 15:08:44|montoArt --> 115,702479338843
06/06/2020 15:08:44|ivaArt --> 21
06/06/2020 15:08:45|hasarOCX.ImprimirItem --> OK
06/06/2020 15:08:45|Articulo --> ceramicol lampazos liqx1l -6716
06/06/2020 15:08:45|cantidadArt B --> 1
06/06/2020 15:08:45|PrecVear --> 155
06/06/2020 15:08:45|montoArt --> 128,099173553719
06/06/2020 15:08:45|ivaArt --> 21
06/06/2020 15:08:45|hasarOCX.ImprimirItem --> OK
06/06/2020 15:08:45|Articulo --> el coloso lustramx400
06/06/2020 15:08:45|cantidadArt B --> 2
06/06/2020 15:08:45|PrecVear --> 95
06/06/2020 15:08:45|montoArt --> 78,5123966942149
06/06/2020 15:08:45|ivaArt --> 21
06/06/2020 15:08:45|hasarOCX.ImprimirItem --> OK
06/06/2020 15:08:45|Articulo --> elegante rollo cocinax200 paños
06/06/2020 15:08:45|cantidadArt B --> 1
06/06/2020 15:08:45|PrecVear --> 85
06/06/2020 15:08:45|montoArt --> 70,2479338842975
06/06/2020 15:08:45|ivaArt --> 21
06/06/2020 15:08:46|hasarOCX.ImprimirItem --> OK
06/06/2020 15:08:46|Articulo --> sussex servill.premium x 80 un. 80 un.
06/06/2020 15:08:46|cantidadArt B --> 2
06/06/2020 15:08:46|PrecVear --> 80
06/06/2020 15:08:46|montoArt --> 66,1157024793389
06/06/2020 15:08:46|ivaArt --> 21
06/06/2020 15:08:46|hasarOCX.ImprimirItem --> OK
06/06/2020 15:08:46|Articulo --> mister trapo gris extra suave
06/06/2020 15:08:46|cantidadArt B --> 1
06/06/2020 15:08:46|PrecVear --> 45
06/06/2020 15:08:46|montoArt --> 37,1900826446281
06/06/2020 15:08:46|ivaArt --> 21
06/06/2020 15:08:46|hasarOCX.ImprimirItem --> OK
06/06/2020 15:08:46|Cerrar Comprobante B:::
06/06/2020 15:08:49|Obtiene nrocomp
06/06/2020 15:08:50|nrocomp --> 1016
06/06/2020 15:08:50|Nro. de Comprobante ::: TFB ::: 1016
06/06/2020 15:11:36|Comienza Facturacion B
06/06/2020 15:11:36|DatosCliente B
06/06/2020 15:11:39|AbrirComprobanteFiscal B
06/06/2020 15:11:39|Articulo --> hug natcare l hiper 6x44 ellas
06/06/2020 15:11:39|cantidadArt B --> 1
06/06/2020 15:11:39|PrecVear --> 750
06/06/2020 15:11:39|montoArt --> 619,834710743802
06/06/2020 15:11:39|ivaArt --> 21
06/06/2020 15:11:39|hasarOCX.ImprimirItem --> OK
06/06/2020 15:11:39|Articulo --> spa perfumina para ropa lavanda
06/06/2020 15:11:39|cantidadArt B --> 1
06/06/2020 15:11:39|PrecVear --> 105
06/06/2020 15:11:39|montoArt --> 86,7768595041322
06/06/2020 15:11:39|ivaArt --> 21
06/06/2020 15:11:40|hasarOCX.ImprimirItem --> OK
06/06/2020 15:11:40|Articulo --> mf alcohol etilico
06/06/2020 15:11:40|cantidadArt B --> 1
06/06/2020 15:11:40|PrecVear --> 185
06/06/2020 15:11:40|montoArt --> 152,892561983471
06/06/2020 15:11:40|ivaArt --> 21
06/06/2020 15:11:40|hasarOCX.ImprimirItem --> OK
06/06/2020 15:11:40|Articulo --> h.s chx375 alivio
06/06/2020 15:11:40|cantidadArt B --> 1
06/06/2020 15:11:40|PrecVear --> 309
06/06/2020 15:11:40|montoArt --> 255,371900826446
06/06/2020 15:11:40|ivaArt --> 21
06/06/2020 15:11:40|hasarOCX.ImprimirItem --> OK
06/06/2020 15:11:40|Cerrar Comprobante B:::
06/06/2020 15:11:43|Obtiene nrocomp
06/06/2020 15:11:44|nrocomp --> 1017
06/06/2020 15:11:44|Nro. de Comprobante ::: TFB ::: 1017
06/06/2020 15:21:00|Conectando..
06/06/2020 15:21:00|IP: 127.0.0.1 - Puerto: 6500
06/06/2020 15:21:01|Conectado con éxito!!
06/06/2020 15:24:30|Conectando..
06/06/2020 15:24:30|IP: 127.0.0.1 - Puerto: 6500
06/06/2020 15:24:31|Conectado con éxito!!
06/06/2020 15:33:27|Conectando..
06/06/2020 15:33:27|IP: 127.0.0.1 - Puerto: 6500
06/06/2020 15:33:28|Conectado con éxito!!
06/06/2020 15:33:45|Comienza Facturacion B
06/06/2020 15:33:45|DatosCliente B
06/06/2020 15:33:48|AbrirComprobanteFiscal B
06/06/2020 15:33:48|Articulo --> depimiel banda dep.rostro x12u
06/06/2020 15:33:48|cantidadArt B --> 1
06/06/2020 15:33:48|PrecVear --> 80
06/06/2020 15:33:48|montoArt --> 66,1157024793389
06/06/2020 15:33:48|ivaArt --> 21
06/06/2020 15:33:48|hasarOCX.ImprimirItem --> OK
06/06/2020 15:33:48|Articulo --> varios
06/06/2020 15:33:48|cantidadArt B --> 1
06/06/2020 15:33:48|PrecVear --> 55
06/06/2020 15:33:48|montoArt --> 45,4545454545455
06/06/2020 15:33:48|ivaArt --> 21
06/06/2020 15:33:48|hasarOCX.ImprimirItem --> OK
06/06/2020 15:33:48|Cerrar Comprobante B:::
06/06/2020 15:33:51|Obtiene nrocomp
06/06/2020 15:33:52|nrocomp --> 1018
06/06/2020 15:33:52|Nro. de Comprobante ::: TFB ::: 1018
06/06/2020 15:41:16|Comienza Facturacion B
06/06/2020 15:41:16|DatosCliente B
06/06/2020 15:41:19|AbrirComprobanteFiscal B
06/06/2020 15:41:19|Articulo --> vanish pvo x120gr pink 8187529
06/06/2020 15:41:19|cantidadArt B --> 1
06/06/2020 15:41:19|PrecVear --> 110
06/06/2020 15:41:19|montoArt --> 90,9090909090909
06/06/2020 15:41:19|ivaArt --> 21
06/06/2020 15:41:19|hasarOCX.ImprimirItem --> OK
06/06/2020 15:41:19|Articulo --> colgate cr.anticaries x70ml
06/06/2020 15:41:19|cantidadArt B --> 2
06/06/2020 15:41:19|PrecVear --> 79
06/06/2020 15:41:19|montoArt --> 65,2892561983471
06/06/2020 15:41:19|ivaArt --> 21
06/06/2020 15:41:20|hasarOCX.ImprimirItem --> OK
06/06/2020 15:41:20|Articulo --> elegante rollo cocinax200 paños
06/06/2020 15:41:20|cantidadArt B --> 1
06/06/2020 15:41:20|PrecVear --> 85
06/06/2020 15:41:20|montoArt --> 70,2479338842975
06/06/2020 15:41:20|ivaArt --> 21
06/06/2020 15:41:20|hasarOCX.ImprimirItem --> OK
06/06/2020 15:41:20|Articulo --> sussex rollo cocx3 clas.50p -5677
06/06/2020 15:41:20|cantidadArt B --> 2
06/06/2020 15:41:20|PrecVear --> 65
06/06/2020 15:41:20|montoArt --> 53,7190082644628
06/06/2020 15:41:20|ivaArt --> 21
06/06/2020 15:41:21|hasarOCX.ImprimirItem --> OK
06/06/2020 15:41:21|Articulo --> bolsa residuos 60*90
06/06/2020 15:41:21|cantidadArt B --> 2
06/06/2020 15:41:21|PrecVear --> 65
06/06/2020 15:41:21|montoArt --> 53,7190082644628
06/06/2020 15:41:21|ivaArt --> 21
06/06/2020 15:41:21|hasarOCX.ImprimirItem --> OK
06/06/2020 15:41:21|Cerrar Comprobante B:::
06/06/2020 15:41:24|Obtiene nrocomp
06/06/2020 15:41:24|nrocomp --> 1019
06/06/2020 15:41:24|Nro. de Comprobante ::: TFB ::: 1019
06/06/2020 15:45:34|Comienza Facturacion B
06/06/2020 15:45:34|DatosCliente B
06/06/2020 15:45:36|AbrirComprobanteFiscal B
06/06/2020 15:45:36|Articulo --> dove cr corpo x400 ml
06/06/2020 15:45:36|cantidadArt B --> 2
06/06/2020 15:45:36|PrecVear --> 295
06/06/2020 15:45:36|montoArt --> 243,801652892562
06/06/2020 15:45:36|ivaArt --> 21
06/06/2020 15:45:37|hasarOCX.ImprimirItem --> OK
06/06/2020 15:45:37|Cerrar Comprobante B:::
06/06/2020 15:45:40|Obtiene nrocomp
06/06/2020 15:45:40|nrocomp --> 1020
06/06/2020 15:45:40|Nro. de Comprobante ::: TFB ::: 1020
06/06/2020 15:50:15|Comienza Facturacion B
06/06/2020 15:50:15|DatosCliente B
06/06/2020 15:50:17|AbrirComprobanteFiscal B
06/06/2020 15:50:17|Articulo --> varios
06/06/2020 15:50:17|cantidadArt B --> 1
06/06/2020 15:50:17|PrecVear --> 50
06/06/2020 15:50:17|montoArt --> 41,3223140495868
06/06/2020 15:50:17|ivaArt --> 21
06/06/2020 15:50:18|hasarOCX.ImprimirItem --> OK
06/06/2020 15:50:18|Articulo --> cif gelx500 2en1 orig-1936
06/06/2020 15:50:18|cantidadArt B --> 1
06/06/2020 15:50:18|PrecVear --> 140
06/06/2020 15:50:18|montoArt --> 115,702479338843
06/06/2020 15:50:18|ivaArt --> 21
06/06/2020 15:50:18|hasarOCX.ImprimirItem --> OK
06/06/2020 15:50:18|Articulo --> fuyi mmmx360 base acuosa-645085
06/06/2020 15:50:18|cantidadArt B --> 1
06/06/2020 15:50:18|PrecVear --> 146
06/06/2020 15:50:18|montoArt --> 120,661157024793
06/06/2020 15:50:18|ivaArt --> 21
06/06/2020 15:50:19|hasarOCX.ImprimirItem --> OK
06/06/2020 15:50:19|Articulo --> ayudin lav. x2lt tot.max.pureza
06/06/2020 15:50:19|cantidadArt B --> 1
06/06/2020 15:50:19|PrecVear --> 105
06/06/2020 15:50:19|montoArt --> 86,7768595041322
06/06/2020 15:50:19|ivaArt --> 21
06/06/2020 15:50:19|hasarOCX.ImprimirItem --> OK
06/06/2020 15:50:19|Articulo --> ayudinx500 d.pack antihongo-32301
06/06/2020 15:50:19|cantidadArt B --> 1
06/06/2020 15:50:19|PrecVear --> 69
06/06/2020 15:50:19|montoArt --> 57,0247933884298
06/06/2020 15:50:19|ivaArt --> 21
06/06/2020 15:50:19|hasarOCX.ImprimirItem --> OK
06/06/2020 15:50:19|Articulo --> huggies nat care gde x68 - ellas
06/06/2020 15:50:19|cantidadArt B --> 1
06/06/2020 15:50:19|PrecVear --> 1100
06/06/2020 15:50:19|montoArt --> 909,090909090909
06/06/2020 15:50:19|ivaArt --> 21
06/06/2020 15:50:20|hasarOCX.ImprimirItem --> OK
06/06/2020 15:50:20|Articulo --> rexona aero apx90 invisible-3217
06/06/2020 15:50:20|cantidadArt B --> 1
06/06/2020 15:50:20|PrecVear --> 135
06/06/2020 15:50:20|montoArt --> 111,570247933884
06/06/2020 15:50:20|ivaArt --> 21
06/06/2020 15:50:20|hasarOCX.ImprimirItem --> OK
06/06/2020 15:50:20|Articulo --> rexona aero apx90 masc.antibact
06/06/2020 15:50:20|cantidadArt B --> 1
06/06/2020 15:50:20|PrecVear --> 135
06/06/2020 15:50:20|montoArt --> 111,570247933884
06/06/2020 15:50:20|ivaArt --> 21
06/06/2020 15:50:21|hasarOCX.ImprimirItem --> OK
06/06/2020 15:50:21|Cerrar Comprobante B:::
06/06/2020 15:50:24|Obtiene nrocomp
06/06/2020 15:50:24|nrocomp --> 1021
06/06/2020 15:50:24|Nro. de Comprobante ::: TFB ::: 1021
06/06/2020 15:53:41|Comienza Facturacion B
06/06/2020 15:53:41|DatosCliente B
06/06/2020 15:53:44|AbrirComprobanteFiscal B
06/06/2020 15:53:44|Articulo --> ala plus cremx750 aloe vera-53261
06/06/2020 15:53:44|cantidadArt B --> 1
06/06/2020 15:53:44|PrecVear --> 59
06/06/2020 15:53:44|montoArt --> 48,7603305785124
06/06/2020 15:53:44|ivaArt --> 21
06/06/2020 15:53:44|hasarOCX.ImprimirItem --> OK
06/06/2020 15:53:44|Articulo --> cif cremx750 orig.micropart-95050
06/06/2020 15:53:44|cantidadArt B --> 1
06/06/2020 15:53:44|PrecVear --> 118
06/06/2020 15:53:44|montoArt --> 97,5206611570248
06/06/2020 15:53:44|ivaArt --> 21
06/06/2020 15:53:44|hasarOCX.ImprimirItem --> OK
06/06/2020 15:53:44|Articulo --> poett limpx900 mult.lavanda-4985
06/06/2020 15:53:44|cantidadArt B --> 1
06/06/2020 15:53:44|PrecVear --> 55
06/06/2020 15:53:44|montoArt --> 45,4545454545455
06/06/2020 15:53:44|ivaArt --> 21
06/06/2020 15:53:45|hasarOCX.ImprimirItem --> OK
06/06/2020 15:53:45|Articulo --> comodin ap inc extrema ext (verde) x20
06/06/2020 15:53:45|cantidadArt B --> 1
06/06/2020 15:53:45|PrecVear --> 295
06/06/2020 15:53:45|montoArt --> 243,801652892562
06/06/2020 15:53:45|ivaArt --> 21
06/06/2020 15:53:45|hasarOCX.ImprimirItem --> OK
06/06/2020 15:53:45|Cerrar Comprobante B:::
06/06/2020 15:53:48|Obtiene nrocomp
06/06/2020 15:53:48|nrocomp --> 1022
06/06/2020 15:53:48|Nro. de Comprobante ::: TFB ::: 1022
06/06/2020 15:55:46|Conectando..
06/06/2020 15:55:46|IP: 127.0.0.1 - Puerto: 6500
06/06/2020 15:55:47|Conectado con éxito!!
06/06/2020 15:58:26|Conectando..
06/06/2020 15:58:26|IP: 127.0.0.1 - Puerto: 6500
06/06/2020 15:58:27|Conectado con éxito!!
06/06/2020 16:02:21|Conectando..
06/06/2020 16:02:21|IP: 127.0.0.1 - Puerto: 6500
06/06/2020 16:02:22|Conectado con éxito!!
06/06/2020 16:03:48|Comienza Facturacion B
06/06/2020 16:03:48|DatosCliente B
06/06/2020 16:03:51|AbrirComprobanteFiscal B
06/06/2020 16:03:51|Articulo --> estrella algodon super x400
06/06/2020 16:03:51|cantidadArt B --> 1
06/06/2020 16:03:51|PrecVear --> 298
06/06/2020 16:03:51|montoArt --> 246,280991735537
06/06/2020 16:03:51|ivaArt --> 21
06/06/2020 16:03:51|hasarOCX.ImprimirItem --> OK
06/06/2020 16:03:51|Articulo --> huggies act sec toy story recien nacido 6x40
06/06/2020 16:03:51|cantidadArt B --> 2
06/06/2020 16:03:51|PrecVear --> 570
06/06/2020 16:03:51|montoArt --> 471,074380165289
06/06/2020 16:03:51|ivaArt --> 21
06/06/2020 16:03:52|hasarOCX.ImprimirItem --> OK
06/06/2020 16:03:52|Articulo --> oleo benaré x970
06/06/2020 16:03:52|cantidadArt B --> 1
06/06/2020 16:03:52|PrecVear --> 260
06/06/2020 16:03:52|montoArt --> 214,876033057851
06/06/2020 16:03:52|ivaArt --> 21
06/06/2020 16:03:52|hasarOCX.ImprimirItem --> OK
06/06/2020 16:03:52|Articulo --> q soft toall. hum. con oleo amarillas
06/06/2020 16:03:52|cantidadArt B --> 2
06/06/2020 16:03:52|PrecVear --> 190
06/06/2020 16:03:52|montoArt --> 157,02479338843
06/06/2020 16:03:52|ivaArt --> 21
06/06/2020 16:03:52|hasarOCX.ImprimirItem --> OK
06/06/2020 16:03:52|Cerrar Comprobante B:::
06/06/2020 16:03:55|Obtiene nrocomp
06/06/2020 16:03:56|nrocomp --> 1023
06/06/2020 16:03:56|Nro. de Comprobante ::: TFB ::: 1023
06/06/2020 16:09:38|Conectando..
06/06/2020 16:09:38|IP: 127.0.0.1 - Puerto: 6500
06/06/2020 16:09:39|Conectado con éxito!!
06/06/2020 16:10:36|Comienza Facturacion B
06/06/2020 16:10:36|DatosCliente B
06/06/2020 16:10:39|AbrirComprobanteFiscal B
06/06/2020 16:10:39|Articulo --> goodmax rosa x1 maquina de afeitar x5 filos
06/06/2020 16:10:39|cantidadArt B --> 1
06/06/2020 16:10:39|PrecVear --> 55
06/06/2020 16:10:39|montoArt --> 45,4545454545455
06/06/2020 16:10:39|ivaArt --> 21
06/06/2020 16:10:39|hasarOCX.ImprimirItem --> OK
06/06/2020 16:10:39|Articulo --> siempre libre esp x8 ufina
06/06/2020 16:10:39|cantidadArt B --> 2
06/06/2020 16:10:39|PrecVear --> 114
06/06/2020 16:10:39|montoArt --> 94,2148760330578
06/06/2020 16:10:39|ivaArt --> 21
06/06/2020 16:10:40|hasarOCX.ImprimirItem --> OK
06/06/2020 16:10:40|Articulo --> champu algas concentrado x 130
06/06/2020 16:10:40|cantidadArt B --> 1
06/06/2020 16:10:40|PrecVear --> 266
06/06/2020 16:10:40|montoArt --> 219,834710743802
06/06/2020 16:10:40|ivaArt --> 21
06/06/2020 16:10:40|hasarOCX.ImprimirItem --> OK
06/06/2020 16:10:40|Articulo --> dove jabon x90 blanco
06/06/2020 16:10:40|cantidadArt B --> 1
06/06/2020 16:10:40|PrecVear --> 64
06/06/2020 16:10:40|montoArt --> 52,8925619834711
06/06/2020 16:10:40|ivaArt --> 21
06/06/2020 16:10:40|hasarOCX.ImprimirItem --> OK
06/06/2020 16:10:40|Articulo --> coloso alcohol etílico x250ml
06/06/2020 16:10:40|cantidadArt B --> 1
06/06/2020 16:10:40|PrecVear --> 95
06/06/2020 16:10:40|montoArt --> 78,5123966942149
06/06/2020 16:10:40|ivaArt --> 21
06/06/2020 16:10:41|hasarOCX.ImprimirItem --> OK
06/06/2020 16:10:41|Articulo --> vim adhesivo apra inodoro
06/06/2020 16:10:41|cantidadArt B --> 1
06/06/2020 16:10:41|PrecVear --> 80
06/06/2020 16:10:41|montoArt --> 66,1157024793389
06/06/2020 16:10:41|ivaArt --> 21
06/06/2020 16:10:41|hasarOCX.ImprimirItem --> OK
06/06/2020 16:10:41|Articulo --> cif act.gelx500 limon-5962
06/06/2020 16:10:41|cantidadArt B --> 1
06/06/2020 16:10:41|PrecVear --> 145
06/06/2020 16:10:41|montoArt --> 119,834710743802
06/06/2020 16:10:41|ivaArt --> 21
06/06/2020 16:10:41|hasarOCX.ImprimirItem --> OK
06/06/2020 16:10:41|Articulo --> elite pañuelo doble hoja
06/06/2020 16:10:41|cantidadArt B --> 2
06/06/2020 16:10:41|PrecVear --> 52
06/06/2020 16:10:41|montoArt --> 42,9752066115703
06/06/2020 16:10:41|ivaArt --> 21
06/06/2020 16:10:42|hasarOCX.ImprimirItem --> OK
06/06/2020 16:10:42|Articulo --> huggies trip pro xg reg x8
06/06/2020 16:10:42|cantidadArt B --> 1
06/06/2020 16:10:42|PrecVear --> 125
06/06/2020 16:10:42|montoArt --> 103,305785123967
06/06/2020 16:10:42|ivaArt --> 21
06/06/2020 16:10:42|hasarOCX.ImprimirItem --> OK
06/06/2020 16:10:42|Articulo --> pampers pants premium care xg
06/06/2020 16:10:42|cantidadArt B --> 1
06/06/2020 16:10:42|PrecVear --> 550
06/06/2020 16:10:42|montoArt --> 454,545454545455
06/06/2020 16:10:42|ivaArt --> 21
06/06/2020 16:10:43|hasarOCX.ImprimirItem --> OK
06/06/2020 16:10:43|Articulo --> estrella algodon clasico x140g
06/06/2020 16:10:43|cantidadArt B --> 1
06/06/2020 16:10:43|PrecVear --> 100
06/06/2020 16:10:43|montoArt --> 82,6446280991736
06/06/2020 16:10:43|ivaArt --> 21
06/06/2020 16:10:43|hasarOCX.ImprimirItem --> OK
06/06/2020 16:10:43|Cerrar Comprobante B:::
06/06/2020 16:10:46|Obtiene nrocomp
06/06/2020 16:10:46|nrocomp --> 1024
06/06/2020 16:10:46|Nro. de Comprobante ::: TFB ::: 1024
06/06/2020 16:18:18|Conectando..
06/06/2020 16:18:18|IP: 127.0.0.1 - Puerto: 6500
06/06/2020 16:18:18|Conectado con éxito!!
06/06/2020 16:20:41|Conectando..
06/06/2020 16:20:41|IP: 127.0.0.1 - Puerto: 6500
06/06/2020 16:20:41|Conectado con éxito!!
06/06/2020 16:26:34|Comienza Facturacion B
06/06/2020 16:26:35|DatosCliente B
06/06/2020 16:26:35|Comienza Facturacion B
06/06/2020 16:26:35|Error iniciando Factura B --> Anidamiento inválido de comandos
06/06/2020 16:26:35|Conectando..
06/06/2020 16:26:35|IP: 127.0.0.1 - Puerto: 6500
06/06/2020 16:26:40|Comienza Facturacion B
06/06/2020 16:26:40|Error iniciando Factura B --> Anidamiento inválido de comandos
06/06/2020 16:26:41|Conectando..
06/06/2020 16:26:41|IP: 127.0.0.1 - Puerto: 6500
06/06/2020 16:26:42|Conectado con éxito!!
06/06/2020 16:26:42|Error Imprimiendo Factura B --> Operación no válida para el estado fiscal actual (Imposible ejecutar el comando en el estado VendiendoItems)
06/06/2020 16:26:46|Conectado con éxito!!
06/06/2020 16:26:46|Error Imprimiendo Factura B --> Operación no válida para el estado fiscal actual (Imposible ejecutar el comando en el estado VendiendoItems)
06/06/2020 16:26:51|Comienza Facturacion B
06/06/2020 16:26:51|Error iniciando Factura B --> Operación no válida para el estado fiscal actual (Imposible ejecutar el comando en el estado VendiendoItems)
06/06/2020 16:26:52|Conectando..
06/06/2020 16:26:52|IP: 127.0.0.1 - Puerto: 6500
06/06/2020 16:26:52|Conectado con éxito!!
06/06/2020 16:26:53|Error Imprimiendo Factura B --> Operación no válida para el estado fiscal actual (Imposible ejecutar el comando en el estado VendiendoItems)
06/06/2020 16:27:15|Comienza Facturacion B
06/06/2020 16:27:15|Comienza Facturacion B
06/06/2020 16:27:15|Error iniciando Factura B --> Anidamiento inválido de comandos
06/06/2020 16:27:15|Comienza Facturacion B
06/06/2020 16:27:15|Error iniciando Factura B --> Anidamiento inválido de comandos
06/06/2020 16:27:15|Comienza Facturacion B
06/06/2020 16:27:15|Error iniciando Factura B --> Anidamiento inválido de comandos
06/06/2020 16:27:16|Conectando..
06/06/2020 16:27:16|IP: 127.0.0.1 - Puerto: 6500
06/06/2020 16:27:16|Conectado con éxito!!
06/06/2020 16:27:17|Error Imprimiendo Factura B --> Operación no válida para el estado fiscal actual (Imposible ejecutar el comando en el estado VendiendoItems)
06/06/2020 16:27:23|Conectando..
06/06/2020 16:27:23|IP: 127.0.0.1 - Puerto: 6500
06/06/2020 16:27:23|Conectado con éxito!!
06/06/2020 16:27:24|Error Imprimiendo Factura B --> Operación no válida para el estado fiscal actual (Imposible ejecutar el comando en el estado VendiendoItems)
06/06/2020 16:27:26|Conectando..
06/06/2020 16:27:26|IP: 127.0.0.1 - Puerto: 6500
06/06/2020 16:27:27|Conectado con éxito!!
06/06/2020 16:27:27|Error Imprimiendo Factura B --> Operación no válida para el estado fiscal actual (Imposible ejecutar el comando en el estado VendiendoItems)
06/06/2020 16:27:30|Error iniciando Factura B --> 
06/06/2020 16:27:31|Conectando..
06/06/2020 16:27:31|IP: 127.0.0.1 - Puerto: 6500
06/06/2020 16:27:31|Conectado con éxito!!
06/06/2020 16:27:32|Error Imprimiendo Factura B --> Operación no válida para el estado fiscal actual (Imposible ejecutar el comando en el estado VendiendoItems)
06/06/2020 16:32:05|Comienza Facturacion B
06/06/2020 16:32:06|Error iniciando Factura B --> Operación no válida para el estado fiscal actual (Imposible ejecutar el comando en el estado VendiendoItems)
06/06/2020 16:32:06|Conectando..
06/06/2020 16:32:06|IP: 127.0.0.1 - Puerto: 6500
06/06/2020 16:32:07|Conectado con éxito!!
06/06/2020 16:32:08|Error Imprimiendo Factura B --> Operación no válida para el estado fiscal actual (Imposible ejecutar el comando en el estado VendiendoItems)
06/06/2020 16:34:14|Conectando..
06/06/2020 16:34:14|IP: 127.0.0.1 - Puerto: 6500
06/06/2020 16:34:20|Comienza Facturacion B
06/06/2020 16:34:22|Error iniciando Factura B --> Tiempo de espera agotado
06/06/2020 16:34:23|Conectando..
06/06/2020 16:34:23|IP: 127.0.0.1 - Puerto: 6500
06/06/2020 16:34:27|Comienza Facturacion B
06/06/2020 16:34:27|Error iniciando Factura B --> Anidamiento inválido de comandos
06/06/2020 16:34:27|Conectando..
06/06/2020 16:34:27|IP: 127.0.0.1 - Puerto: 6500
06/06/2020 16:34:36|Error Imprimiendo Factura B --> Tiempo de espera agotado
06/06/2020 16:34:40|Error Diagnostico..Tiempo de espera agotado
06/06/2020 16:34:40|Error Imprimiendo Factura B --> Tiempo de espera agotado
06/06/2020 16:34:43|Error Diagnostico..Tiempo de espera agotado
06/06/2020 16:34:51|*************COMIENZA Cierre  Z**********
06/06/2020 16:34:53|error emitiendo cierre Z -->: Tiempo de espera agotado
06/06/2020 16:35:01|*************COMIENZA Cierre  Z**********
06/06/2020 16:35:03|error emitiendo cierre Z -->: Tiempo de espera agotado
06/06/2020 16:43:35|Conectando..
06/06/2020 16:43:35|IP: 127.0.0.1 - Puerto: 6500
06/06/2020 16:43:36|Conectado con éxito!!
06/06/2020 16:45:44|Conectando..
06/06/2020 16:45:44|IP: 127.0.0.1 - Puerto: 6500
06/06/2020 16:45:45|Conectado con éxito!!
06/06/2020 16:45:56|Comienza Facturacion B
06/06/2020 16:45:57|Error iniciando Factura B --> Operación no válida para el estado fiscal actual (Imposible ejecutar el comando en el estado VendiendoItems)
06/06/2020 16:45:57|Conectando..
06/06/2020 16:45:57|IP: 127.0.0.1 - Puerto: 6500
06/06/2020 16:45:58|Conectado con éxito!!
06/06/2020 16:45:59|Error Imprimiendo Factura B --> Operación no válida para el estado fiscal actual (Imposible ejecutar el comando en el estado VendiendoItems)
06/06/2020 16:47:52|Conectando..
06/06/2020 16:47:52|IP: 127.0.0.1 - Puerto: 6500
06/06/2020 16:47:52|Conectado con éxito!!
06/06/2020 16:48:25|Comienza Facturacion B
06/06/2020 16:48:25|Error iniciando Factura B --> Operación no válida para el estado fiscal actual (Imposible ejecutar el comando en el estado VendiendoItems)
06/06/2020 16:48:26|Conectando..
06/06/2020 16:48:26|IP: 127.0.0.1 - Puerto: 6500
06/06/2020 16:48:26|Conectado con éxito!!
06/06/2020 16:48:27|Error Imprimiendo Factura B --> Operación no válida para el estado fiscal actual (Imposible ejecutar el comando en el estado VendiendoItems)
06/06/2020 16:49:51|Comienza Facturacion B
06/06/2020 16:49:52|Error iniciando Factura B --> Operación no válida para el estado fiscal actual (Imposible ejecutar el comando en el estado VendiendoItems)
06/06/2020 16:49:52|Conectando..
06/06/2020 16:49:52|IP: 127.0.0.1 - Puerto: 6500
06/06/2020 16:49:53|Conectado con éxito!!
06/06/2020 16:49:53|Error Imprimiendo Factura B --> Operación no válida para el estado fiscal actual (Imposible ejecutar el comando en el estado VendiendoItems)
06/06/2020 16:50:08|*************COMIENZA Cierre  Z**********
06/06/2020 16:50:08|error emitiendo cierre Z -->: Operación no válida para el estado fiscal actual (Imposible ejecutar el comando en el estado VendiendoItems)
06/06/2020 16:50:20|*************COMIENZA Cierre  Z**********
06/06/2020 16:50:20|error emitiendo cierre Z -->: Operación no válida para el estado fiscal actual (Imposible ejecutar el comando en el estado VendiendoItems)
06/06/2020 16:50:47|Conectando..
06/06/2020 16:50:47|IP: 127.0.0.1 - Puerto: 6500
06/06/2020 16:50:48|Conectado con éxito!!
06/06/2020 16:56:45|Comienza Facturacion B
06/06/2020 16:56:45|Error iniciando Factura B --> Operación no válida para el estado fiscal actual (Imposible ejecutar el comando en el estado VendiendoItems)
06/06/2020 16:56:46|Conectando..
06/06/2020 16:56:46|IP: 127.0.0.1 - Puerto: 6500
06/06/2020 16:56:46|Conectado con éxito!!
06/06/2020 16:56:47|Error Imprimiendo Factura B --> Operación no válida para el estado fiscal actual (Imposible ejecutar el comando en el estado VendiendoItems)
06/06/2020 16:58:06|Conectando..
06/06/2020 16:58:06|IP: 127.0.0.1 - Puerto: 6500
06/06/2020 16:58:07|Conectado con éxito!!
06/06/2020 16:59:39|Conectando..
06/06/2020 16:59:39|IP: 127.0.0.1 - Puerto: 6500
06/06/2020 16:59:40|Conectado con éxito!!
06/06/2020 17:06:27|Conectando..
06/06/2020 17:06:27|IP: 127.0.0.1 - Puerto: 6500
06/06/2020 17:06:28|Conectado con éxito!!
06/06/2020 17:07:06|Comienza Facturacion B
06/06/2020 17:07:06|Error iniciando Factura B --> Operación no válida para el estado fiscal actual (Imposible ejecutar el comando en el estado VendiendoItems)
06/06/2020 17:07:06|Conectando..
06/06/2020 17:07:06|IP: 127.0.0.1 - Puerto: 6500
06/06/2020 17:07:07|Conectado con éxito!!
06/06/2020 17:07:08|Error Imprimiendo Factura B --> Operación no válida para el estado fiscal actual (Imposible ejecutar el comando en el estado VendiendoItems)
06/06/2020 17:09:17|Conectando..
06/06/2020 17:09:17|IP: 127.0.0.1 - Puerto: 6500
06/06/2020 17:09:18|Conectado con éxito!!
06/06/2020 17:14:30|Conectando..
06/06/2020 17:14:30|IP: 127.0.0.1 - Puerto: 6500
06/06/2020 17:14:31|Conectado con éxito!!
06/06/2020 17:15:25|Comienza Facturacion B
06/06/2020 17:15:25|Error iniciando Factura B --> Operación no válida para el estado fiscal actual (Imposible ejecutar el comando en el estado VendiendoItems)
06/06/2020 17:15:26|Conectando..
06/06/2020 17:15:26|IP: 127.0.0.1 - Puerto: 6500
06/06/2020 17:15:27|Conectado con éxito!!
06/06/2020 17:15:27|Error Imprimiendo Factura B --> Operación no válida para el estado fiscal actual (Imposible ejecutar el comando en el estado VendiendoItems)
06/06/2020 17:16:44|Conectando..
06/06/2020 17:16:44|IP: 127.0.0.1 - Puerto: 6500
06/06/2020 17:16:44|Conectado con éxito!!
06/06/2020 17:20:15|Conectando..
06/06/2020 17:20:15|IP: 127.0.0.1 - Puerto: 6500
06/06/2020 17:20:16|Conectado con éxito!!
06/06/2020 17:22:28|Conectando..
06/06/2020 17:22:28|IP: 127.0.0.1 - Puerto: 6500
06/06/2020 17:22:29|Conectado con éxito!!
06/06/2020 17:22:55|Conectando..
06/06/2020 17:22:55|IP: 127.0.0.1 - Puerto: 6500
06/06/2020 17:22:56|Conectado con éxito!!
06/06/2020 17:35:08|Conectando..
06/06/2020 17:35:08|IP: 127.0.0.1 - Puerto: 6500
06/06/2020 17:35:09|Conectado con éxito!!
06/06/2020 17:40:21|Conectando..
06/06/2020 17:40:21|IP: 127.0.0.1 - Puerto: 6500
06/06/2020 17:40:21|Conectado con éxito!!
06/06/2020 17:41:14|Conectando..
06/06/2020 17:41:14|IP: 127.0.0.1 - Puerto: 6500
06/06/2020 17:41:15|Conectado con éxito!!
06/06/2020 17:56:13|*************COMIENZA Cierre  Z**********
06/06/2020 17:56:13|error emitiendo cierre Z -->: Operación no válida para el estado fiscal actual (Imposible ejecutar el comando en el estado VendiendoItems)
06/06/2020 17:56:34|*************COMIENZA Cierre  Z**********
06/06/2020 17:56:36|error emitiendo cierre Z -->: Tiempo de espera agotado
06/06/2020 17:56:44|*************COMIENZA Cierre  Z**********
06/06/2020 17:56:46|error emitiendo cierre Z -->: Tiempo de espera agotado
06/06/2020 17:56:58|*************COMIENZA Cierre  Z**********
06/06/2020 17:57:00|error emitiendo cierre Z -->: Tiempo de espera agotado
06/06/2020 17:57:19|*************COMIENZA Cierre  Z**********
06/06/2020 17:57:22|error emitiendo cierre Z -->: Tiempo de espera agotado
06/06/2020 17:57:34|*************COMIENZA Cierre  Z**********
06/06/2020 17:57:36|error emitiendo cierre Z -->: Tiempo de espera agotado
06/06/2020 17:58:08|*************COMIENZA Cierre  Z**********
06/06/2020 17:58:10|error emitiendo cierre Z -->: Tiempo de espera agotado
06/06/2020 17:58:34|*************COMIENZA Cierre  Z**********
06/06/2020 17:58:36|error emitiendo cierre Z -->: Tiempo de espera agotado
06/06/2020 17:59:04|*************COMIENZA Cierre  Z**********
06/06/2020 17:59:06|error emitiendo cierre Z -->: Tiempo de espera agotado
06/06/2020 18:00:38|*************COMIENZA Cierre  Z**********
06/06/2020 18:00:41|error emitiendo cierre Z -->: Tiempo de espera agotado
06/06/2020 18:00:53|*************COMIENZA Cierre  Z**********
06/06/2020 18:00:55|error emitiendo cierre Z -->: Tiempo de espera agotado
06/06/2020 18:01:19|*************COMIENZA Cierre  Z**********
06/06/2020 18:01:21|error emitiendo cierre Z -->: Tiempo de espera agotado
