22/05/2020 8:45:48|Conectando..
22/05/2020 8:45:48|IP: 127.0.0.1 - Puerto: 6500
22/05/2020 8:46:20|Conectando..
22/05/2020 8:46:20|IP: 127.0.0.1 - Puerto: 6500
22/05/2020 8:46:20|Conectado con éxito!!
22/05/2020 8:54:56|Conectando..
22/05/2020 8:54:56|IP: 127.0.0.1 - Puerto: 6500
22/05/2020 8:54:57|Conectado con éxito!!
22/05/2020 8:55:09|Comienza Facturacion B
22/05/2020 8:55:09|DatosCliente B
22/05/2020 8:55:12|AbrirComprobanteFiscal B
22/05/2020 8:55:12|Articulo --> pampers recien nacido nb x36
22/05/2020 8:55:12|cantidadArt B --> 1
22/05/2020 8:55:12|PrecVear --> 644
22/05/2020 8:55:12|montoArt --> 532,231404958678
22/05/2020 8:55:12|ivaArt --> 21
22/05/2020 8:55:12|hasarOCX.ImprimirItem --> OK
22/05/2020 8:55:12|Cerrar Comprobante B:::
22/05/2020 8:55:15|Obtiene nrocomp
22/05/2020 8:55:15|nrocomp --> 557
22/05/2020 8:55:15|Nro. de Comprobante ::: TFB ::: 557
22/05/2020 8:57:12|Comienza Facturacion B
22/05/2020 8:57:12|DatosCliente B
22/05/2020 8:57:14|AbrirComprobanteFiscal B
22/05/2020 8:57:14|Articulo --> babysec ultrasec xxg x34 uni
22/05/2020 8:57:14|cantidadArt B --> 2
22/05/2020 8:57:14|PrecVear --> 470
22/05/2020 8:57:14|montoArt --> 388,429752066116
22/05/2020 8:57:14|ivaArt --> 21
22/05/2020 8:57:15|hasarOCX.ImprimirItem --> OK
22/05/2020 8:57:15|Articulo --> raid coc.mata cucarachas cebosx6-3#
22/05/2020 8:57:15|cantidadArt B --> 1
22/05/2020 8:57:15|PrecVear --> 390
22/05/2020 8:57:15|montoArt --> 322,314049586777
22/05/2020 8:57:15|ivaArt --> 21
22/05/2020 8:57:15|hasarOCX.ImprimirItem --> OK
22/05/2020 8:57:15|Articulo --> ala piel sensible 2.7 l
22/05/2020 8:57:15|cantidadArt B --> 1
22/05/2020 8:57:15|PrecVear --> 547
22/05/2020 8:57:15|montoArt --> 452,066115702479
22/05/2020 8:57:15|ivaArt --> 21
22/05/2020 8:57:16|hasarOCX.ImprimirItem --> OK
22/05/2020 8:57:16|Articulo --> vivere suavx900 dp clasic
22/05/2020 8:57:16|cantidadArt B --> 2
22/05/2020 8:57:16|PrecVear --> 98
22/05/2020 8:57:16|montoArt --> 80,9917355371901
22/05/2020 8:57:16|ivaArt --> 21
22/05/2020 8:57:16|hasarOCX.ImprimirItem --> OK
22/05/2020 8:57:16|Articulo --> spa jabon liq dp
22/05/2020 8:57:16|cantidadArt B --> 1
22/05/2020 8:57:16|PrecVear --> 79
22/05/2020 8:57:16|montoArt --> 65,2892561983471
22/05/2020 8:57:16|ivaArt --> 21
22/05/2020 8:57:16|hasarOCX.ImprimirItem --> OK
22/05/2020 8:57:16|Cerrar Comprobante B:::
22/05/2020 8:57:19|Obtiene nrocomp
22/05/2020 8:57:19|nrocomp --> 558
22/05/2020 8:57:19|Nro. de Comprobante ::: TFB ::: 558
22/05/2020 8:57:29|Comienza Facturacion B
22/05/2020 8:57:29|DatosCliente B
22/05/2020 8:57:33|AbrirComprobanteFiscal B
22/05/2020 8:57:33|Articulo --> odorono rexona cr.potex60-5390
22/05/2020 8:57:33|cantidadArt B --> 1
22/05/2020 8:57:33|PrecVear --> 95
22/05/2020 8:57:33|montoArt --> 78,5123966942149
22/05/2020 8:57:33|ivaArt --> 21
22/05/2020 8:57:33|hasarOCX.ImprimirItem --> OK
22/05/2020 8:57:33|Articulo --> rexona efficientx100 talco
22/05/2020 8:57:33|cantidadArt B --> 1
22/05/2020 8:57:33|PrecVear --> 98
22/05/2020 8:57:33|montoArt --> 80,9917355371901
22/05/2020 8:57:33|ivaArt --> 21
22/05/2020 8:57:33|hasarOCX.ImprimirItem --> OK
22/05/2020 8:57:33|Articulo --> gillette foamyx175 piel sens
22/05/2020 8:57:33|cantidadArt B --> 1
22/05/2020 8:57:33|PrecVear --> 195
22/05/2020 8:57:33|montoArt --> 161,157024793388
22/05/2020 8:57:33|ivaArt --> 21
22/05/2020 8:57:34|hasarOCX.ImprimirItem --> OK
22/05/2020 8:57:34|Cerrar Comprobante B:::
22/05/2020 8:57:37|Obtiene nrocomp
22/05/2020 8:57:37|nrocomp --> 559
22/05/2020 8:57:37|Nro. de Comprobante ::: TFB ::: 559
22/05/2020 8:58:39|Comienza Facturacion B
22/05/2020 8:58:39|DatosCliente B
22/05/2020 8:58:41|AbrirComprobanteFiscal B
22/05/2020 8:58:41|Articulo --> sedal chx300ml d.pack cr.balance
22/05/2020 8:58:41|cantidadArt B --> 1
22/05/2020 8:58:41|PrecVear --> 110
22/05/2020 8:58:41|montoArt --> 90,9090909090909
22/05/2020 8:58:41|ivaArt --> 21
22/05/2020 8:58:42|hasarOCX.ImprimirItem --> OK
22/05/2020 8:58:42|Articulo --> sedal acondx300 d.pack balance
22/05/2020 8:58:42|cantidadArt B --> 1
22/05/2020 8:58:42|PrecVear --> 110
22/05/2020 8:58:42|montoArt --> 90,9090909090909
22/05/2020 8:58:42|ivaArt --> 21
22/05/2020 8:58:42|hasarOCX.ImprimirItem --> OK
22/05/2020 8:58:42|Cerrar Comprobante B:::
22/05/2020 8:58:45|Obtiene nrocomp
22/05/2020 8:58:45|nrocomp --> 560
22/05/2020 8:58:45|Nro. de Comprobante ::: TFB ::: 560
22/05/2020 9:04:55|Conectando..
22/05/2020 9:04:55|IP: 127.0.0.1 - Puerto: 6500
22/05/2020 9:04:56|Conectado con éxito!!
22/05/2020 9:08:12|Conectando..
22/05/2020 9:08:12|IP: 127.0.0.1 - Puerto: 6500
22/05/2020 9:08:12|Conectado con éxito!!
22/05/2020 9:22:42|Conectando..
22/05/2020 9:22:42|IP: 127.0.0.1 - Puerto: 6500
22/05/2020 9:22:43|Conectado con éxito!!
22/05/2020 9:24:22|Conectando..
22/05/2020 9:24:22|IP: 127.0.0.1 - Puerto: 6500
22/05/2020 9:24:23|Conectado con éxito!!
22/05/2020 9:24:28|Comienza Facturacion B
22/05/2020 9:24:28|DatosCliente B
22/05/2020 9:24:30|AbrirComprobanteFiscal B
22/05/2020 9:24:30|Articulo --> varios
22/05/2020 9:24:30|cantidadArt B --> 1
22/05/2020 9:24:30|PrecVear --> 85
22/05/2020 9:24:30|montoArt --> 70,2479338842975
22/05/2020 9:24:30|ivaArt --> 21
22/05/2020 9:24:31|hasarOCX.ImprimirItem --> OK
22/05/2020 9:24:31|Articulo --> sun polvo dp. x1 kg.
22/05/2020 9:24:31|cantidadArt B --> 1
22/05/2020 9:24:31|PrecVear --> 495
22/05/2020 9:24:31|montoArt --> 409,090909090909
22/05/2020 9:24:31|ivaArt --> 21
22/05/2020 9:24:31|hasarOCX.ImprimirItem --> OK
22/05/2020 9:24:31|Cerrar Comprobante B:::
22/05/2020 9:24:34|Obtiene nrocomp
22/05/2020 9:24:34|nrocomp --> 561
22/05/2020 9:24:34|Nro. de Comprobante ::: TFB ::: 561
22/05/2020 9:34:26|Conectando..
22/05/2020 9:34:26|IP: 127.0.0.1 - Puerto: 6500
22/05/2020 9:34:27|Conectado con éxito!!
22/05/2020 9:56:43|Conectando..
22/05/2020 9:56:43|IP: 127.0.0.1 - Puerto: 6500
22/05/2020 9:56:44|Conectado con éxito!!
22/05/2020 10:07:37|Conectando..
22/05/2020 10:07:37|IP: 127.0.0.1 - Puerto: 6500
22/05/2020 10:07:38|Conectado con éxito!!
22/05/2020 10:09:34|Conectando..
22/05/2020 10:09:34|IP: 127.0.0.1 - Puerto: 6500
22/05/2020 10:09:35|Conectado con éxito!!
22/05/2020 10:10:07|Comienza Facturacion B
22/05/2020 10:10:07|DatosCliente B
22/05/2020 10:10:10|AbrirComprobanteFiscal B
22/05/2020 10:10:10|Articulo --> queen cep oval eng rosa 5461n-2
22/05/2020 10:10:10|cantidadArt B --> 1
22/05/2020 10:10:10|PrecVear --> 298
22/05/2020 10:10:10|montoArt --> 246,280991735537
22/05/2020 10:10:10|ivaArt --> 21
22/05/2020 10:10:10|hasarOCX.ImprimirItem --> OK
22/05/2020 10:10:10|Articulo --> pampers supersec g x8
22/05/2020 10:10:10|cantidadArt B --> 1
22/05/2020 10:10:10|PrecVear --> 110
22/05/2020 10:10:10|montoArt --> 90,9090909090909
22/05/2020 10:10:10|ivaArt --> 21
22/05/2020 10:10:10|hasarOCX.ImprimirItem --> OK
22/05/2020 10:10:10|Articulo --> jyj sh manzanilla  x200 (verde)
22/05/2020 10:10:10|cantidadArt B --> 1
22/05/2020 10:10:10|PrecVear --> 189
22/05/2020 10:10:10|montoArt --> 156,198347107438
22/05/2020 10:10:10|ivaArt --> 21
22/05/2020 10:10:11|hasarOCX.ImprimirItem --> OK
22/05/2020 10:10:11|Articulo --> varios
22/05/2020 10:10:11|cantidadArt B --> 3
22/05/2020 10:10:11|PrecVear --> 50
22/05/2020 10:10:11|montoArt --> 41,3223140495868
22/05/2020 10:10:11|ivaArt --> 21
22/05/2020 10:10:11|hasarOCX.ImprimirItem --> OK
22/05/2020 10:10:11|Cerrar Comprobante B:::
22/05/2020 10:10:14|Obtiene nrocomp
22/05/2020 10:10:14|nrocomp --> 562
22/05/2020 10:10:14|Nro. de Comprobante ::: TFB ::: 562
22/05/2020 10:13:52|Conectando..
22/05/2020 10:13:52|IP: 127.0.0.1 - Puerto: 6500
22/05/2020 10:13:53|Conectado con éxito!!
22/05/2020 10:19:06|Conectando..
22/05/2020 10:19:06|IP: 127.0.0.1 - Puerto: 6500
22/05/2020 10:19:06|Conectado con éxito!!
22/05/2020 10:30:03|Conectando..
22/05/2020 10:30:03|IP: 127.0.0.1 - Puerto: 6500
22/05/2020 10:30:03|Conectado con éxito!!
22/05/2020 10:32:44|Comienza Facturacion B
22/05/2020 10:32:44|DatosCliente B
22/05/2020 10:32:46|AbrirComprobanteFiscal B
22/05/2020 10:32:46|Articulo --> varios
22/05/2020 10:32:46|cantidadArt B --> 1
22/05/2020 10:32:46|PrecVear --> 990
22/05/2020 10:32:46|montoArt --> 818,181818181818
22/05/2020 10:32:46|ivaArt --> 21
22/05/2020 10:32:47|hasarOCX.ImprimirItem --> OK
22/05/2020 10:32:47|Articulo --> dove baby ac x200ml
22/05/2020 10:32:47|cantidadArt B --> 1
22/05/2020 10:32:47|PrecVear --> 150
22/05/2020 10:32:47|montoArt --> 123,96694214876
22/05/2020 10:32:47|ivaArt --> 21
22/05/2020 10:32:47|hasarOCX.ImprimirItem --> OK
22/05/2020 10:32:47|Articulo --> varios
22/05/2020 10:32:47|cantidadArt B --> 1
22/05/2020 10:32:47|PrecVear --> 130
22/05/2020 10:32:47|montoArt --> 107,438016528926
22/05/2020 10:32:47|ivaArt --> 21
22/05/2020 10:32:48|hasarOCX.ImprimirItem --> OK
22/05/2020 10:32:48|Cerrar Comprobante B:::
22/05/2020 10:32:51|Obtiene nrocomp
22/05/2020 10:32:51|nrocomp --> 563
22/05/2020 10:32:51|Nro. de Comprobante ::: TFB ::: 563
22/05/2020 10:34:28|Comienza Facturacion B
22/05/2020 10:34:29|DatosCliente B
22/05/2020 10:34:31|AbrirComprobanteFiscal B
22/05/2020 10:34:31|Articulo --> huggies nat care xxl x56 ellos
22/05/2020 10:34:31|cantidadArt B --> 2
22/05/2020 10:34:31|PrecVear --> 1100
22/05/2020 10:34:31|montoArt --> 909,090909090909
22/05/2020 10:34:31|ivaArt --> 21
22/05/2020 10:34:32|hasarOCX.ImprimirItem --> OK
22/05/2020 10:34:32|Cerrar Comprobante B:::
22/05/2020 10:34:35|Obtiene nrocomp
22/05/2020 10:34:35|nrocomp --> 564
22/05/2020 10:34:35|Nro. de Comprobante ::: TFB ::: 564
22/05/2020 10:46:31|Conectando..
22/05/2020 10:46:31|IP: 127.0.0.1 - Puerto: 6500
22/05/2020 10:46:32|Conectado con éxito!!
22/05/2020 11:03:10|Conectando..
22/05/2020 11:03:10|IP: 127.0.0.1 - Puerto: 6500
22/05/2020 11:03:11|Conectado con éxito!!
22/05/2020 11:03:52|Conectando..
22/05/2020 11:03:52|IP: 127.0.0.1 - Puerto: 6500
22/05/2020 11:03:53|Conectado con éxito!!
22/05/2020 11:05:47|Conectando..
22/05/2020 11:05:47|IP: 127.0.0.1 - Puerto: 6500
22/05/2020 11:05:48|Conectado con éxito!!
22/05/2020 11:05:57|Conectando..
22/05/2020 11:05:57|IP: 127.0.0.1 - Puerto: 6500
22/05/2020 11:05:58|Conectado con éxito!!
22/05/2020 11:07:02|Conectando..
22/05/2020 11:07:02|IP: 127.0.0.1 - Puerto: 6500
22/05/2020 11:07:03|Conectado con éxito!!
22/05/2020 11:10:45|Conectando..
22/05/2020 11:10:45|IP: 127.0.0.1 - Puerto: 6500
22/05/2020 11:10:46|Conectado con éxito!!
22/05/2020 11:11:19|Comienza Facturacion B
22/05/2020 11:11:19|DatosCliente B
22/05/2020 11:11:22|AbrirComprobanteFiscal B
22/05/2020 11:11:22|Articulo --> odolito frutilla x50gel -3916-
22/05/2020 11:11:22|cantidadArt B --> 1
22/05/2020 11:11:22|PrecVear --> 55
22/05/2020 11:11:22|montoArt --> 45,4545454545455
22/05/2020 11:11:22|ivaArt --> 21
22/05/2020 11:11:22|hasarOCX.ImprimirItem --> OK
22/05/2020 11:11:22|Articulo --> jyj t. hum. toque de bebe x50u (blanco)
22/05/2020 11:11:22|cantidadArt B --> 2
22/05/2020 11:11:22|PrecVear --> 150
22/05/2020 11:11:22|montoArt --> 123,96694214876
22/05/2020 11:11:22|ivaArt --> 21
22/05/2020 11:11:23|hasarOCX.ImprimirItem --> OK
22/05/2020 11:11:23|Articulo --> teatrical cr.humectante x 100 grs 100
22/05/2020 11:11:23|cantidadArt B --> 1
22/05/2020 11:11:23|PrecVear --> 109
22/05/2020 11:11:23|montoArt --> 90,0826446280992
22/05/2020 11:11:23|ivaArt --> 21
22/05/2020 11:11:23|hasarOCX.ImprimirItem --> OK
22/05/2020 11:11:23|Cerrar Comprobante B:::
22/05/2020 11:11:26|Obtiene nrocomp
22/05/2020 11:11:26|nrocomp --> 565
22/05/2020 11:11:26|Nro. de Comprobante ::: TFB ::: 565
22/05/2020 11:17:40|Conectando..
22/05/2020 11:17:40|IP: 127.0.0.1 - Puerto: 6500
22/05/2020 11:17:41|Conectado con éxito!!
22/05/2020 11:20:06|Conectando..
22/05/2020 11:20:06|IP: 127.0.0.1 - Puerto: 6500
22/05/2020 11:20:07|Conectado con éxito!!
22/05/2020 11:24:21|Conectando..
22/05/2020 11:24:21|IP: 127.0.0.1 - Puerto: 6500
22/05/2020 11:24:22|Conectado con éxito!!
22/05/2020 11:34:15|Conectando..
22/05/2020 11:34:15|IP: 127.0.0.1 - Puerto: 6500
22/05/2020 11:34:16|Conectado con éxito!!
22/05/2020 11:35:05|Conectando..
22/05/2020 11:35:05|IP: 127.0.0.1 - Puerto: 6500
22/05/2020 11:35:06|Conectado con éxito!!
22/05/2020 11:38:17|Conectando..
22/05/2020 11:38:17|IP: 127.0.0.1 - Puerto: 6500
22/05/2020 11:38:18|Conectado con éxito!!
22/05/2020 11:39:34|Conectando..
22/05/2020 11:39:34|IP: 127.0.0.1 - Puerto: 6500
22/05/2020 11:39:35|Conectado con éxito!!
22/05/2020 11:41:54|Conectando..
22/05/2020 11:41:54|IP: 127.0.0.1 - Puerto: 6500
22/05/2020 11:41:55|Conectado con éxito!!
22/05/2020 11:43:29|Conectando..
22/05/2020 11:43:29|IP: 127.0.0.1 - Puerto: 6500
22/05/2020 11:43:30|Conectado con éxito!!
22/05/2020 11:43:57|Conectando..
22/05/2020 11:43:57|IP: 127.0.0.1 - Puerto: 6500
22/05/2020 11:43:58|Conectado con éxito!!
22/05/2020 11:44:43|Conectando..
22/05/2020 11:44:43|IP: 127.0.0.1 - Puerto: 6500
22/05/2020 11:44:44|Conectado con éxito!!
22/05/2020 11:45:47|Comienza Facturacion B
22/05/2020 11:45:48|DatosCliente B
22/05/2020 11:45:50|AbrirComprobanteFiscal B
22/05/2020 11:45:50|Articulo --> ayudin lavandina en gelx700 orig415
22/05/2020 11:45:50|cantidadArt B --> 1
22/05/2020 11:45:50|PrecVear --> 115
22/05/2020 11:45:50|montoArt --> 95,0413223140496
22/05/2020 11:45:50|ivaArt --> 21
22/05/2020 11:45:51|hasarOCX.ImprimirItem --> OK
22/05/2020 11:45:51|Articulo --> magistral x750 ml
22/05/2020 11:45:51|cantidadArt B --> 1
22/05/2020 11:45:51|PrecVear --> 240
22/05/2020 11:45:51|montoArt --> 198,347107438017
22/05/2020 11:45:51|ivaArt --> 21
22/05/2020 11:45:51|hasarOCX.ImprimirItem --> OK
22/05/2020 11:45:51|Articulo --> pampers t.hum. limp completa x48 (sin aroma)
22/05/2020 11:45:51|cantidadArt B --> 1
22/05/2020 11:45:51|PrecVear --> 140
22/05/2020 11:45:51|montoArt --> 115,702479338843
22/05/2020 11:45:51|ivaArt --> 21
22/05/2020 11:45:51|hasarOCX.ImprimirItem --> OK
22/05/2020 11:45:51|Articulo --> mf alcohol etilico
22/05/2020 11:45:51|cantidadArt B --> 1
22/05/2020 11:45:51|PrecVear --> 185
22/05/2020 11:45:51|montoArt --> 152,892561983471
22/05/2020 11:45:51|ivaArt --> 21
22/05/2020 11:45:52|hasarOCX.ImprimirItem --> OK
22/05/2020 11:45:52|Articulo --> ceramicol quickx900 incoloro-6682
22/05/2020 11:45:52|cantidadArt B --> 1
22/05/2020 11:45:52|PrecVear --> 179
22/05/2020 11:45:52|montoArt --> 147,933884297521
22/05/2020 11:45:52|ivaArt --> 21
22/05/2020 11:45:52|hasarOCX.ImprimirItem --> OK
22/05/2020 11:45:52|Articulo --> siempre libre serena toallx8 anat. con alas
22/05/2020 11:45:52|cantidadArt B --> 1
22/05/2020 11:45:52|PrecVear --> 56
22/05/2020 11:45:52|montoArt --> 46,2809917355372
22/05/2020 11:45:52|ivaArt --> 21
22/05/2020 11:45:52|hasarOCX.ImprimirItem --> OK
22/05/2020 11:45:52|Articulo --> pampers pants premium care m x34
22/05/2020 11:45:52|cantidadArt B --> 1
22/05/2020 11:45:52|PrecVear --> 540
22/05/2020 11:45:52|montoArt --> 446,280991735537
22/05/2020 11:45:52|ivaArt --> 21
22/05/2020 11:45:53|hasarOCX.ImprimirItem --> OK
22/05/2020 11:45:53|Cerrar Comprobante B:::
22/05/2020 11:45:56|Obtiene nrocomp
22/05/2020 11:45:56|nrocomp --> 566
22/05/2020 11:45:56|Nro. de Comprobante ::: TFB ::: 566
22/05/2020 11:49:37|Conectando..
22/05/2020 11:49:37|IP: 127.0.0.1 - Puerto: 6500
22/05/2020 11:49:38|Conectado con éxito!!
22/05/2020 11:50:41|Conectando..
22/05/2020 11:50:41|IP: 127.0.0.1 - Puerto: 6500
22/05/2020 11:50:42|Conectado con éxito!!
22/05/2020 11:53:36|Comienza Facturacion B
22/05/2020 11:53:36|DatosCliente B
22/05/2020 11:53:39|AbrirComprobanteFiscal B
22/05/2020 11:53:39|Articulo --> varios
22/05/2020 11:53:39|cantidadArt B --> 1
22/05/2020 11:53:39|PrecVear --> 990
22/05/2020 11:53:39|montoArt --> 818,181818181818
22/05/2020 11:53:39|ivaArt --> 21
22/05/2020 11:53:39|hasarOCX.ImprimirItem --> OK
22/05/2020 11:53:39|Articulo --> hug natcare xxl hiper 6x34 ellos
22/05/2020 11:53:39|cantidadArt B --> 1
22/05/2020 11:53:39|PrecVear --> 750
22/05/2020 11:53:39|montoArt --> 619,834710743802
22/05/2020 11:53:39|ivaArt --> 21
22/05/2020 11:53:39|hasarOCX.ImprimirItem --> OK
22/05/2020 11:53:39|Articulo --> q soft toall. hum. aloe y vit. x50 u.
22/05/2020 11:53:39|cantidadArt B --> 3
22/05/2020 11:53:39|PrecVear --> 98
22/05/2020 11:53:39|montoArt --> 80,9917355371901
22/05/2020 11:53:39|ivaArt --> 21
22/05/2020 11:53:40|hasarOCX.ImprimirItem --> OK
22/05/2020 11:53:40|Cerrar Comprobante B:::
22/05/2020 11:53:43|Obtiene nrocomp
22/05/2020 11:53:43|nrocomp --> 567
22/05/2020 11:53:43|Nro. de Comprobante ::: TFB ::: 567
22/05/2020 11:56:34|Comienza Facturacion B
22/05/2020 11:56:34|DatosCliente B
22/05/2020 11:56:36|AbrirComprobanteFiscal B
22/05/2020 11:56:36|Articulo --> elegante rollo cocinax200 paños
22/05/2020 11:56:36|cantidadArt B --> 1
22/05/2020 11:56:36|PrecVear --> 85
22/05/2020 11:56:36|montoArt --> 70,2479338842975
22/05/2020 11:56:36|ivaArt --> 21
22/05/2020 11:56:37|hasarOCX.ImprimirItem --> OK
22/05/2020 11:56:37|Articulo --> adult care rop int mediana x8 50 a 85 kg
22/05/2020 11:56:37|cantidadArt B --> 2
22/05/2020 11:56:37|PrecVear --> 471
22/05/2020 11:56:37|montoArt --> 389,256198347107
22/05/2020 11:56:37|ivaArt --> 21
22/05/2020 11:56:37|hasarOCX.ImprimirItem --> OK
22/05/2020 11:56:37|Articulo --> ariel liqx800 d.pack -1719
22/05/2020 11:56:37|cantidadArt B --> 1
22/05/2020 11:56:37|PrecVear --> 169
22/05/2020 11:56:37|montoArt --> 139,669421487603
22/05/2020 11:56:37|ivaArt --> 21
22/05/2020 11:56:38|hasarOCX.ImprimirItem --> OK
22/05/2020 11:56:38|Articulo --> varios
22/05/2020 11:56:38|cantidadArt B --> 2
22/05/2020 11:56:38|PrecVear --> 25
22/05/2020 11:56:38|montoArt --> 20,6611570247934
22/05/2020 11:56:38|ivaArt --> 21
22/05/2020 11:56:38|hasarOCX.ImprimirItem --> OK
22/05/2020 11:56:38|Articulo --> candela encendedor de bolsillo
22/05/2020 11:56:38|cantidadArt B --> 1
22/05/2020 11:56:38|PrecVear --> 35
22/05/2020 11:56:38|montoArt --> 28,9256198347107
22/05/2020 11:56:38|ivaArt --> 21
22/05/2020 11:56:38|hasarOCX.ImprimirItem --> OK
22/05/2020 11:56:38|Articulo --> fosforos tres patitos x222
22/05/2020 11:56:38|cantidadArt B --> 1
22/05/2020 11:56:38|PrecVear --> 35
22/05/2020 11:56:38|montoArt --> 28,9256198347107
22/05/2020 11:56:38|ivaArt --> 21
22/05/2020 11:56:39|hasarOCX.ImprimirItem --> OK
22/05/2020 11:56:39|Articulo --> coloso alcohol etílico x250ml
22/05/2020 11:56:39|cantidadArt B --> 1
22/05/2020 11:56:39|PrecVear --> 95
22/05/2020 11:56:39|montoArt --> 78,5123966942149
22/05/2020 11:56:39|ivaArt --> 21
22/05/2020 11:56:39|hasarOCX.ImprimirItem --> OK
22/05/2020 11:56:39|Articulo --> make pulverizador multiuso x750
22/05/2020 11:56:39|cantidadArt B --> 1
22/05/2020 11:56:39|PrecVear --> 100
22/05/2020 11:56:39|montoArt --> 82,6446280991736
22/05/2020 11:56:39|ivaArt --> 21
22/05/2020 11:56:39|hasarOCX.ImprimirItem --> OK
22/05/2020 11:56:39|Cerrar Comprobante B:::
22/05/2020 11:56:42|Obtiene nrocomp
22/05/2020 11:56:43|nrocomp --> 568
22/05/2020 11:56:43|Nro. de Comprobante ::: TFB ::: 568
22/05/2020 11:59:50|Comienza Facturacion B
22/05/2020 11:59:50|DatosCliente B
22/05/2020 11:59:53|AbrirComprobanteFiscal B
22/05/2020 11:59:53|Articulo --> lem esp.limp.aerox360-2251
22/05/2020 11:59:53|cantidadArt B --> 1
22/05/2020 11:59:53|PrecVear --> 310
22/05/2020 11:59:53|montoArt --> 256,198347107438
22/05/2020 11:59:53|ivaArt --> 21
22/05/2020 11:59:53|hasarOCX.ImprimirItem --> OK
22/05/2020 11:59:53|Articulo --> odex amoniaco x750 ml
22/05/2020 11:59:53|cantidadArt B --> 1
22/05/2020 11:59:53|PrecVear --> 79
22/05/2020 11:59:53|montoArt --> 65,2892561983471
22/05/2020 11:59:53|ivaArt --> 21
22/05/2020 11:59:53|hasarOCX.ImprimirItem --> OK
22/05/2020 11:59:53|Articulo --> varios
22/05/2020 11:59:53|cantidadArt B --> 2
22/05/2020 11:59:53|PrecVear --> 25
22/05/2020 11:59:53|montoArt --> 20,6611570247934
22/05/2020 11:59:53|ivaArt --> 21
22/05/2020 11:59:54|hasarOCX.ImprimirItem --> OK
22/05/2020 11:59:54|Articulo --> el coloso fibra verde uso intenso
22/05/2020 11:59:54|cantidadArt B --> 1
22/05/2020 11:59:54|PrecVear --> 30
22/05/2020 11:59:54|montoArt --> 24,7933884297521
22/05/2020 11:59:54|ivaArt --> 21
22/05/2020 11:59:54|hasarOCX.ImprimirItem --> OK
22/05/2020 11:59:54|Articulo --> suiza lustram.cremx200 clasic-10609
22/05/2020 11:59:54|cantidadArt B --> 1
22/05/2020 11:59:54|PrecVear --> 100
22/05/2020 11:59:54|montoArt --> 82,6446280991736
22/05/2020 11:59:54|ivaArt --> 21
22/05/2020 11:59:54|hasarOCX.ImprimirItem --> OK
22/05/2020 11:59:54|Articulo --> el coloso franela
22/05/2020 11:59:54|cantidadArt B --> 1
22/05/2020 11:59:54|PrecVear --> 75
22/05/2020 11:59:54|montoArt --> 61,9834710743802
22/05/2020 11:59:54|ivaArt --> 21
22/05/2020 11:59:55|hasarOCX.ImprimirItem --> OK
22/05/2020 11:59:55|Articulo --> varios
22/05/2020 11:59:55|cantidadArt B --> 1
22/05/2020 11:59:55|PrecVear --> 175
22/05/2020 11:59:55|montoArt --> 144,628099173554
22/05/2020 11:59:55|ivaArt --> 21
22/05/2020 11:59:55|hasarOCX.ImprimirItem --> OK
22/05/2020 11:59:55|Cerrar Comprobante B:::
22/05/2020 11:59:58|Obtiene nrocomp
22/05/2020 11:59:58|nrocomp --> 569
22/05/2020 11:59:58|Nro. de Comprobante ::: TFB ::: 569
22/05/2020 12:02:23|Conectando..
22/05/2020 12:02:23|IP: 127.0.0.1 - Puerto: 6500
22/05/2020 12:02:24|Conectado con éxito!!
22/05/2020 12:03:41|Conectando..
22/05/2020 12:03:41|IP: 127.0.0.1 - Puerto: 6500
22/05/2020 12:03:42|Conectado con éxito!!
22/05/2020 12:03:56|Comienza Facturacion B
22/05/2020 12:03:56|DatosCliente B
22/05/2020 12:03:59|AbrirComprobanteFiscal B
22/05/2020 12:03:59|Articulo --> hugg clasic pack xl 2 x58
22/05/2020 12:03:59|cantidadArt B --> 1
22/05/2020 12:03:59|PrecVear --> 790
22/05/2020 12:03:59|montoArt --> 652,892561983471
22/05/2020 12:03:59|ivaArt --> 21
22/05/2020 12:03:59|hasarOCX.ImprimirItem --> OK
22/05/2020 12:03:59|Articulo --> huggies trip prot xg x32u
22/05/2020 12:03:59|cantidadArt B --> 1
22/05/2020 12:03:59|PrecVear --> 450
22/05/2020 12:03:59|montoArt --> 371,900826446281
22/05/2020 12:03:59|ivaArt --> 21
22/05/2020 12:03:59|hasarOCX.ImprimirItem --> OK
22/05/2020 12:03:59|Cerrar Comprobante B:::
22/05/2020 12:04:02|Obtiene nrocomp
22/05/2020 12:04:03|nrocomp --> 570
22/05/2020 12:04:03|Nro. de Comprobante ::: TFB ::: 570
22/05/2020 12:18:01|Conectando..
22/05/2020 12:18:01|IP: 127.0.0.1 - Puerto: 6500
22/05/2020 12:18:02|Conectado con éxito!!
22/05/2020 12:21:45|Conectando..
22/05/2020 12:21:45|IP: 127.0.0.1 - Puerto: 6500
22/05/2020 12:21:46|Conectado con éxito!!
22/05/2020 12:34:15|Comienza Facturacion B
22/05/2020 12:34:15|DatosCliente B
22/05/2020 12:34:18|AbrirComprobanteFiscal B
22/05/2020 12:34:18|Articulo --> babysec ultrasec gx44
22/05/2020 12:34:18|cantidadArt B --> 1
22/05/2020 12:34:18|PrecVear --> 470
22/05/2020 12:34:18|montoArt --> 388,429752066116
22/05/2020 12:34:18|ivaArt --> 21
22/05/2020 12:34:18|hasarOCX.ImprimirItem --> OK
22/05/2020 12:34:18|Articulo --> q soft toall. hum. clasicas x50u
22/05/2020 12:34:18|cantidadArt B --> 1
22/05/2020 12:34:18|PrecVear --> 98
22/05/2020 12:34:18|montoArt --> 80,9917355371901
22/05/2020 12:34:18|ivaArt --> 21
22/05/2020 12:34:19|hasarOCX.ImprimirItem --> OK
22/05/2020 12:34:19|Cerrar Comprobante B:::
22/05/2020 12:34:22|Obtiene nrocomp
22/05/2020 12:34:22|nrocomp --> 571
22/05/2020 12:34:22|Nro. de Comprobante ::: TFB ::: 571
22/05/2020 12:50:24|Comienza Facturacion B
22/05/2020 12:50:24|DatosCliente B
22/05/2020 12:50:27|AbrirComprobanteFiscal B
22/05/2020 12:50:27|Articulo --> varios
22/05/2020 12:50:27|cantidadArt B --> 1
22/05/2020 12:50:27|PrecVear --> 510
22/05/2020 12:50:27|montoArt --> 421,487603305785
22/05/2020 12:50:27|ivaArt --> 21
22/05/2020 12:50:27|hasarOCX.ImprimirItem --> OK
22/05/2020 12:50:27|Cerrar Comprobante B:::
22/05/2020 12:50:30|Obtiene nrocomp
22/05/2020 12:50:30|nrocomp --> 572
22/05/2020 12:50:30|Nro. de Comprobante ::: TFB ::: 572
22/05/2020 12:54:36|Comienza Facturacion B
22/05/2020 12:54:36|DatosCliente B
22/05/2020 12:54:39|AbrirComprobanteFiscal B
22/05/2020 12:54:39|Articulo --> ayudin toallitas doy pack lim.
22/05/2020 12:54:39|cantidadArt B --> 2
22/05/2020 12:54:39|PrecVear --> 160
22/05/2020 12:54:39|montoArt --> 132,231404958678
22/05/2020 12:54:39|ivaArt --> 21
22/05/2020 12:54:39|hasarOCX.ImprimirItem --> OK
22/05/2020 12:54:39|Cerrar Comprobante B:::
22/05/2020 12:54:42|Obtiene nrocomp
22/05/2020 12:54:42|nrocomp --> 573
22/05/2020 12:54:42|Nro. de Comprobante ::: TFB ::: 573
22/05/2020 13:18:43|Conectando..
22/05/2020 13:18:43|IP: 127.0.0.1 - Puerto: 6500
22/05/2020 13:18:44|Conectado con éxito!!
22/05/2020 13:19:52|Comienza Facturacion B
22/05/2020 13:19:52|DatosCliente B
22/05/2020 13:19:54|AbrirComprobanteFiscal B
22/05/2020 13:19:54|Articulo --> huggies act sec xxl x56u
22/05/2020 13:19:54|cantidadArt B --> 1
22/05/2020 13:19:54|PrecVear --> 990
22/05/2020 13:19:54|montoArt --> 818,181818181818
22/05/2020 13:19:54|ivaArt --> 21
22/05/2020 13:19:55|hasarOCX.ImprimirItem --> OK
22/05/2020 13:19:55|Articulo --> estrella algodon clasico x300gr
22/05/2020 13:19:55|cantidadArt B --> 1
22/05/2020 13:19:55|PrecVear --> 212
22/05/2020 13:19:55|montoArt --> 175,206611570248
22/05/2020 13:19:55|ivaArt --> 21
22/05/2020 13:19:55|hasarOCX.ImprimirItem --> OK
22/05/2020 13:19:55|Cerrar Comprobante B:::
22/05/2020 13:19:58|Obtiene nrocomp
22/05/2020 13:19:58|nrocomp --> 574
22/05/2020 13:19:58|Nro. de Comprobante ::: TFB ::: 574
22/05/2020 13:28:40|Conectando..
22/05/2020 13:28:40|IP: 127.0.0.1 - Puerto: 6500
22/05/2020 13:28:41|Conectado con éxito!!
22/05/2020 13:35:32|Conectando..
22/05/2020 13:35:32|IP: 127.0.0.1 - Puerto: 6500
22/05/2020 13:35:33|Conectado con éxito!!
22/05/2020 13:41:49|Conectando..
22/05/2020 13:41:49|IP: 127.0.0.1 - Puerto: 6500
22/05/2020 13:41:49|Conectado con éxito!!
22/05/2020 13:42:21|Comienza Facturacion B
22/05/2020 13:42:22|DatosCliente B
22/05/2020 13:42:24|AbrirComprobanteFiscal B
22/05/2020 13:42:24|Articulo --> q soft toall. hum. con oleo amarillas
22/05/2020 13:42:24|cantidadArt B --> 2
22/05/2020 13:42:24|PrecVear --> 190
22/05/2020 13:42:24|montoArt --> 157,02479338843
22/05/2020 13:42:24|ivaArt --> 21
22/05/2020 13:42:24|hasarOCX.ImprimirItem --> OK
22/05/2020 13:42:24|Articulo --> pampers pants premium care xg
22/05/2020 13:42:24|cantidadArt B --> 2
22/05/2020 13:42:24|PrecVear --> 540
22/05/2020 13:42:24|montoArt --> 446,280991735537
22/05/2020 13:42:24|ivaArt --> 21
22/05/2020 13:42:25|hasarOCX.ImprimirItem --> OK
22/05/2020 13:42:25|Cerrar Comprobante B:::
22/05/2020 13:42:28|Obtiene nrocomp
22/05/2020 13:42:28|nrocomp --> 575
22/05/2020 13:42:28|Nro. de Comprobante ::: TFB ::: 575
22/05/2020 13:58:28|Comienza Facturacion B
22/05/2020 13:58:28|DatosCliente B
22/05/2020 13:58:30|AbrirComprobanteFiscal B
22/05/2020 13:58:30|Articulo --> huggies trip prot xg x32u
22/05/2020 13:58:30|cantidadArt B --> 1
22/05/2020 13:58:30|PrecVear --> 450
22/05/2020 13:58:30|montoArt --> 371,900826446281
22/05/2020 13:58:30|ivaArt --> 21
22/05/2020 13:58:31|hasarOCX.ImprimirItem --> OK
22/05/2020 13:58:31|Articulo --> mary bosques  botox
22/05/2020 13:58:31|cantidadArt B --> 1
22/05/2020 13:58:31|PrecVear --> 50
22/05/2020 13:58:31|montoArt --> 41,3223140495868
22/05/2020 13:58:31|ivaArt --> 21
22/05/2020 13:58:31|hasarOCX.ImprimirItem --> OK
22/05/2020 13:58:31|Articulo --> el coloso hig.econ.bco.12x4 30mts
22/05/2020 13:58:31|cantidadArt B --> 1
22/05/2020 13:58:31|PrecVear --> 60
22/05/2020 13:58:31|montoArt --> 49,5867768595041
22/05/2020 13:58:31|ivaArt --> 21
22/05/2020 13:58:32|hasarOCX.ImprimirItem --> OK
22/05/2020 13:58:32|Articulo --> leau viv.kit n°9
22/05/2020 13:58:32|cantidadArt B --> 2
22/05/2020 13:58:32|PrecVear --> 120
22/05/2020 13:58:32|montoArt --> 99,1735537190083
22/05/2020 13:58:32|ivaArt --> 21
22/05/2020 13:58:32|hasarOCX.ImprimirItem --> OK
22/05/2020 13:58:32|Cerrar Comprobante B:::
22/05/2020 13:58:35|Obtiene nrocomp
22/05/2020 13:58:35|nrocomp --> 576
22/05/2020 13:58:35|Nro. de Comprobante ::: TFB ::: 576
22/05/2020 14:05:23|Conectando..
22/05/2020 14:05:23|IP: 127.0.0.1 - Puerto: 6500
22/05/2020 14:05:24|Conectado con éxito!!
22/05/2020 14:06:05|Comienza Facturacion B
22/05/2020 14:06:05|DatosCliente B
22/05/2020 14:06:09|AbrirComprobanteFiscal B
22/05/2020 14:06:09|Articulo --> coloso alcohol etílico x250ml
22/05/2020 14:06:09|cantidadArt B --> 1
22/05/2020 14:06:09|PrecVear --> 95
22/05/2020 14:06:09|montoArt --> 78,5123966942149
22/05/2020 14:06:09|ivaArt --> 21
22/05/2020 14:06:09|hasarOCX.ImprimirItem --> OK
22/05/2020 14:06:09|Articulo --> ala plus cristx750 limon-53266
22/05/2020 14:06:09|cantidadArt B --> 1
22/05/2020 14:06:09|PrecVear --> 59
22/05/2020 14:06:09|montoArt --> 48,7603305785124
22/05/2020 14:06:09|ivaArt --> 21
22/05/2020 14:06:09|hasarOCX.ImprimirItem --> OK
22/05/2020 14:06:09|Articulo --> ala matic x800ml dp
22/05/2020 14:06:09|cantidadArt B --> 1
22/05/2020 14:06:09|PrecVear --> 115
22/05/2020 14:06:09|montoArt --> 95,0413223140496
22/05/2020 14:06:09|ivaArt --> 21
22/05/2020 14:06:10|hasarOCX.ImprimirItem --> OK
22/05/2020 14:06:10|Articulo --> ala matic  x3l dp
22/05/2020 14:06:10|cantidadArt B --> 2
22/05/2020 14:06:10|PrecVear --> 390
22/05/2020 14:06:10|montoArt --> 322,314049586777
22/05/2020 14:06:10|ivaArt --> 21
22/05/2020 14:06:10|hasarOCX.ImprimirItem --> OK
22/05/2020 14:06:10|Articulo --> varios
22/05/2020 14:06:10|cantidadArt B --> 2
22/05/2020 14:06:10|PrecVear --> 45
22/05/2020 14:06:10|montoArt --> 37,1900826446281
22/05/2020 14:06:10|ivaArt --> 21
22/05/2020 14:06:10|hasarOCX.ImprimirItem --> OK
22/05/2020 14:06:10|Cerrar Comprobante B:::
22/05/2020 14:06:13|Obtiene nrocomp
22/05/2020 14:06:13|nrocomp --> 577
22/05/2020 14:06:13|Nro. de Comprobante ::: TFB ::: 577
22/05/2020 14:13:45|Conectando..
22/05/2020 14:13:45|IP: 127.0.0.1 - Puerto: 6500
22/05/2020 14:13:45|Conectado con éxito!!
22/05/2020 14:15:07|Comienza Facturacion B
22/05/2020 14:15:07|DatosCliente B
22/05/2020 14:15:10|AbrirComprobanteFiscal B
22/05/2020 14:15:10|Articulo --> calipso verde toal.norm.gelx8
22/05/2020 14:15:10|cantidadArt B --> 1
22/05/2020 14:15:10|PrecVear --> 40
22/05/2020 14:15:10|montoArt --> 33,0578512396694
22/05/2020 14:15:10|ivaArt --> 21
22/05/2020 14:15:11|hasarOCX.ImprimirItem --> OK
22/05/2020 14:15:11|Articulo --> coloso alcohol etílico x250ml
22/05/2020 14:15:11|cantidadArt B --> 1
22/05/2020 14:15:11|PrecVear --> 95
22/05/2020 14:15:11|montoArt --> 78,5123966942149
22/05/2020 14:15:11|ivaArt --> 21
22/05/2020 14:15:11|hasarOCX.ImprimirItem --> OK
22/05/2020 14:15:11|Articulo --> duplex aero lavanda
22/05/2020 14:15:11|cantidadArt B --> 2
22/05/2020 14:15:11|PrecVear --> 115
22/05/2020 14:15:11|montoArt --> 95,0413223140496
22/05/2020 14:15:11|ivaArt --> 21
22/05/2020 14:15:12|hasarOCX.ImprimirItem --> OK
22/05/2020 14:15:12|Articulo --> el coloso jab.liqx900 d.pack
22/05/2020 14:15:12|cantidadArt B --> 2
22/05/2020 14:15:12|PrecVear --> 73
22/05/2020 14:15:12|montoArt --> 60,3305785123967
22/05/2020 14:15:12|ivaArt --> 21
22/05/2020 14:15:12|hasarOCX.ImprimirItem --> OK
22/05/2020 14:15:12|Cerrar Comprobante B:::
22/05/2020 14:15:15|Obtiene nrocomp
22/05/2020 14:15:15|nrocomp --> 578
22/05/2020 14:15:15|Nro. de Comprobante ::: TFB ::: 578
22/05/2020 14:16:42|Conectando..
22/05/2020 14:16:42|IP: 127.0.0.1 - Puerto: 6500
22/05/2020 14:16:43|Conectado con éxito!!
22/05/2020 14:26:02|Conectando..
22/05/2020 14:26:02|IP: 127.0.0.1 - Puerto: 6500
22/05/2020 14:26:03|Conectado con éxito!!
22/05/2020 14:26:42|Conectando..
22/05/2020 14:26:42|IP: 127.0.0.1 - Puerto: 6500
22/05/2020 14:26:43|Conectado con éxito!!
22/05/2020 15:11:57|Conectando..
22/05/2020 15:11:57|IP: 127.0.0.1 - Puerto: 6500
22/05/2020 15:11:58|Conectado con éxito!!
22/05/2020 15:12:23|Comienza Facturacion B
22/05/2020 15:12:23|DatosCliente B
22/05/2020 15:12:26|AbrirComprobanteFiscal B
22/05/2020 15:12:26|Articulo --> varios
22/05/2020 15:12:26|cantidadArt B --> 1
22/05/2020 15:12:26|PrecVear --> 135
22/05/2020 15:12:26|montoArt --> 111,570247933884
22/05/2020 15:12:26|ivaArt --> 21
22/05/2020 15:12:26|hasarOCX.ImprimirItem --> OK
22/05/2020 15:12:26|Articulo --> ladysoft ud suavex8 c/a
22/05/2020 15:12:26|cantidadArt B --> 1
22/05/2020 15:12:26|PrecVear --> 58
22/05/2020 15:12:26|montoArt --> 47,9338842975207
22/05/2020 15:12:26|ivaArt --> 21
22/05/2020 15:12:26|hasarOCX.ImprimirItem --> OK
22/05/2020 15:12:26|Articulo --> varios
22/05/2020 15:12:26|cantidadArt B --> 1
22/05/2020 15:12:26|PrecVear --> 18
22/05/2020 15:12:26|montoArt --> 14,8760330578512
22/05/2020 15:12:26|ivaArt --> 21
22/05/2020 15:12:27|hasarOCX.ImprimirItem --> OK
22/05/2020 15:12:27|Articulo --> varios
22/05/2020 15:12:27|cantidadArt B --> 1
22/05/2020 15:12:27|PrecVear --> 130
22/05/2020 15:12:27|montoArt --> 107,438016528926
22/05/2020 15:12:27|ivaArt --> 21
22/05/2020 15:12:27|hasarOCX.ImprimirItem --> OK
22/05/2020 15:12:27|Articulo --> rejilla doble entre el sol
22/05/2020 15:12:27|cantidadArt B --> 1
22/05/2020 15:12:27|PrecVear --> 40
22/05/2020 15:12:27|montoArt --> 33,0578512396694
22/05/2020 15:12:27|ivaArt --> 21
22/05/2020 15:12:27|hasarOCX.ImprimirItem --> OK
22/05/2020 15:12:27|Cerrar Comprobante B:::
22/05/2020 15:12:30|Obtiene nrocomp
22/05/2020 15:12:31|nrocomp --> 579
22/05/2020 15:12:31|Nro. de Comprobante ::: TFB ::: 579
22/05/2020 15:19:21|Comienza Facturacion B
22/05/2020 15:19:21|DatosCliente B
22/05/2020 15:19:24|AbrirComprobanteFiscal B
22/05/2020 15:19:24|Articulo --> pampers pants confort sec xg x34
22/05/2020 15:19:24|cantidadArt B --> 1
22/05/2020 15:19:24|PrecVear --> 640
22/05/2020 15:19:24|montoArt --> 528,925619834711
22/05/2020 15:19:24|ivaArt --> 21
22/05/2020 15:19:24|hasarOCX.ImprimirItem --> OK
22/05/2020 15:19:24|Articulo --> dove baby ac x200ml
22/05/2020 15:19:24|cantidadArt B --> 1
22/05/2020 15:19:24|PrecVear --> 150
22/05/2020 15:19:24|montoArt --> 123,96694214876
22/05/2020 15:19:24|ivaArt --> 21
22/05/2020 15:19:24|hasarOCX.ImprimirItem --> OK
22/05/2020 15:19:24|Articulo --> varios
22/05/2020 15:19:24|cantidadArt B --> 1
22/05/2020 15:19:24|PrecVear --> 39
22/05/2020 15:19:24|montoArt --> 32,2314049586777
22/05/2020 15:19:24|ivaArt --> 21
22/05/2020 15:19:25|hasarOCX.ImprimirItem --> OK
22/05/2020 15:19:25|Cerrar Comprobante B:::
22/05/2020 15:19:28|Obtiene nrocomp
22/05/2020 15:19:28|nrocomp --> 580
22/05/2020 15:19:28|Nro. de Comprobante ::: TFB ::: 580
22/05/2020 15:31:30|Conectando..
22/05/2020 15:31:30|IP: 127.0.0.1 - Puerto: 6500
22/05/2020 15:31:30|Conectado con éxito!!
22/05/2020 15:32:18|Comienza Facturacion B
22/05/2020 15:32:19|DatosCliente B
22/05/2020 15:32:21|AbrirComprobanteFiscal B
22/05/2020 15:32:21|Articulo --> estrella algodon  clasicox75
22/05/2020 15:32:21|cantidadArt B --> 1
22/05/2020 15:32:21|PrecVear --> 50
22/05/2020 15:32:21|montoArt --> 41,3223140495868
22/05/2020 15:32:21|ivaArt --> 21
22/05/2020 15:32:22|hasarOCX.ImprimirItem --> OK
22/05/2020 15:32:22|Articulo --> 919 kit n°45 borgoña intenso#
22/05/2020 15:32:22|cantidadArt B --> 1
22/05/2020 15:32:22|PrecVear --> 240
22/05/2020 15:32:22|montoArt --> 198,347107438017
22/05/2020 15:32:22|ivaArt --> 21
22/05/2020 15:32:22|hasarOCX.ImprimirItem --> OK
22/05/2020 15:32:22|Articulo --> coloso alcohol etílico x250ml
22/05/2020 15:32:22|cantidadArt B --> 1
22/05/2020 15:32:22|PrecVear --> 95
22/05/2020 15:32:22|montoArt --> 78,5123966942149
22/05/2020 15:32:22|ivaArt --> 21
22/05/2020 15:32:22|hasarOCX.ImprimirItem --> OK
22/05/2020 15:32:22|Articulo --> cisne demaquillante esponja vegetal color
22/05/2020 15:32:22|cantidadArt B --> 1
22/05/2020 15:32:22|PrecVear --> 75
22/05/2020 15:32:22|montoArt --> 61,9834710743802
22/05/2020 15:32:22|ivaArt --> 21
22/05/2020 15:32:23|hasarOCX.ImprimirItem --> OK
22/05/2020 15:32:23|Articulo --> varios
22/05/2020 15:32:23|cantidadArt B --> 2
22/05/2020 15:32:23|PrecVear --> 90
22/05/2020 15:32:23|montoArt --> 74,3801652892562
22/05/2020 15:32:23|ivaArt --> 21
22/05/2020 15:32:23|hasarOCX.ImprimirItem --> OK
22/05/2020 15:32:23|Cerrar Comprobante B:::
22/05/2020 15:32:26|Obtiene nrocomp
22/05/2020 15:32:26|nrocomp --> 581
22/05/2020 15:32:26|Nro. de Comprobante ::: TFB ::: 581
22/05/2020 15:36:34|Conectando..
22/05/2020 15:36:34|IP: 127.0.0.1 - Puerto: 6500
22/05/2020 15:36:35|Conectado con éxito!!
22/05/2020 15:44:23|Comienza Facturacion B
22/05/2020 15:44:23|DatosCliente B
22/05/2020 15:44:26|AbrirComprobanteFiscal B
22/05/2020 15:44:26|Articulo --> mf alcohol etilico
22/05/2020 15:44:26|cantidadArt B --> 1
22/05/2020 15:44:26|PrecVear --> 185
22/05/2020 15:44:26|montoArt --> 152,892561983471
22/05/2020 15:44:26|ivaArt --> 21
22/05/2020 15:44:26|hasarOCX.ImprimirItem --> OK
22/05/2020 15:44:26|Articulo --> varios
22/05/2020 15:44:26|cantidadArt B --> 1
22/05/2020 15:44:26|PrecVear --> 95
22/05/2020 15:44:26|montoArt --> 78,5123966942149
22/05/2020 15:44:26|ivaArt --> 21
22/05/2020 15:44:26|hasarOCX.ImprimirItem --> OK
22/05/2020 15:44:26|Articulo --> gillette sensitive maquina de 3 filos
22/05/2020 15:44:26|cantidadArt B --> 1
22/05/2020 15:44:26|PrecVear --> 95
22/05/2020 15:44:26|montoArt --> 78,5123966942149
22/05/2020 15:44:26|ivaArt --> 21
22/05/2020 15:44:27|hasarOCX.ImprimirItem --> OK
22/05/2020 15:44:27|Articulo --> bolsa residuos 80*110
22/05/2020 15:44:27|cantidadArt B --> 1
22/05/2020 15:44:27|PrecVear --> 98
22/05/2020 15:44:27|montoArt --> 80,9917355371901
22/05/2020 15:44:27|ivaArt --> 21
22/05/2020 15:44:27|hasarOCX.ImprimirItem --> OK
22/05/2020 15:44:27|Articulo --> tresemme acondx400ml liso keratina
22/05/2020 15:44:27|cantidadArt B --> 2
22/05/2020 15:44:27|PrecVear --> 260
22/05/2020 15:44:27|montoArt --> 214,876033057851
22/05/2020 15:44:27|ivaArt --> 21
22/05/2020 15:44:28|hasarOCX.ImprimirItem --> OK
22/05/2020 15:44:28|Cerrar Comprobante B:::
22/05/2020 15:44:31|Obtiene nrocomp
22/05/2020 15:44:31|nrocomp --> 582
22/05/2020 15:44:31|Nro. de Comprobante ::: TFB ::: 582
22/05/2020 15:47:08|Conectando..
22/05/2020 15:47:08|IP: 127.0.0.1 - Puerto: 6500
22/05/2020 15:47:08|Conectado con éxito!!
22/05/2020 15:51:08|Comienza Facturacion B
22/05/2020 15:51:08|DatosCliente B
22/05/2020 15:51:11|AbrirComprobanteFiscal B
22/05/2020 15:51:11|Articulo --> varios
22/05/2020 15:51:11|cantidadArt B --> 1
22/05/2020 15:51:11|PrecVear --> 20
22/05/2020 15:51:11|montoArt --> 16,5289256198347
22/05/2020 15:51:11|ivaArt --> 21
22/05/2020 15:51:11|hasarOCX.ImprimirItem --> OK
22/05/2020 15:51:11|Articulo --> kimbies ultrap xl 4x32
22/05/2020 15:51:11|cantidadArt B --> 1
22/05/2020 15:51:11|PrecVear --> 400
22/05/2020 15:51:11|montoArt --> 330,578512396694
22/05/2020 15:51:11|ivaArt --> 21
22/05/2020 15:51:12|hasarOCX.ImprimirItem --> OK
22/05/2020 15:51:12|Articulo --> ideal toallitas humedas bb repuesto clasica (celeste)
22/05/2020 15:51:12|cantidadArt B --> 1
22/05/2020 15:51:12|PrecVear --> 70
22/05/2020 15:51:12|montoArt --> 57,8512396694215
22/05/2020 15:51:12|ivaArt --> 21
22/05/2020 15:51:12|hasarOCX.ImprimirItem --> OK
22/05/2020 15:51:12|Cerrar Comprobante B:::
22/05/2020 15:51:15|Obtiene nrocomp
22/05/2020 15:51:15|nrocomp --> 583
22/05/2020 15:51:15|Nro. de Comprobante ::: TFB ::: 583
22/05/2020 15:52:12|Conectando..
22/05/2020 15:52:12|IP: 127.0.0.1 - Puerto: 6500
22/05/2020 15:52:12|Conectado con éxito!!
22/05/2020 15:52:31|Conectando..
22/05/2020 15:52:31|IP: 127.0.0.1 - Puerto: 6500
22/05/2020 15:52:32|Conectado con éxito!!
22/05/2020 15:52:48|Conectando..
22/05/2020 15:52:48|IP: 127.0.0.1 - Puerto: 6500
22/05/2020 15:52:49|Conectado con éxito!!
22/05/2020 15:55:51|Conectando..
22/05/2020 15:55:51|IP: 127.0.0.1 - Puerto: 6500
22/05/2020 15:55:52|Conectado con éxito!!
22/05/2020 16:00:27|Conectando..
22/05/2020 16:00:27|IP: 127.0.0.1 - Puerto: 6500
22/05/2020 16:00:28|Conectado con éxito!!
22/05/2020 16:02:08|Conectando..
22/05/2020 16:02:08|IP: 127.0.0.1 - Puerto: 6500
22/05/2020 16:02:08|Conectado con éxito!!
22/05/2020 16:07:28|Conectando..
22/05/2020 16:07:28|IP: 127.0.0.1 - Puerto: 6500
22/05/2020 16:07:29|Conectado con éxito!!
22/05/2020 16:07:36|Comienza Facturacion B
22/05/2020 16:07:37|DatosCliente B
22/05/2020 16:07:39|AbrirComprobanteFiscal B
22/05/2020 16:07:39|Articulo --> varios
22/05/2020 16:07:39|cantidadArt B --> 1
22/05/2020 16:07:39|PrecVear --> 120
22/05/2020 16:07:39|montoArt --> 99,1735537190083
22/05/2020 16:07:39|ivaArt --> 21
22/05/2020 16:07:39|hasarOCX.ImprimirItem --> OK
22/05/2020 16:07:39|Articulo --> varios
22/05/2020 16:07:39|cantidadArt B --> 1
22/05/2020 16:07:39|PrecVear --> 95
22/05/2020 16:07:39|montoArt --> 78,5123966942149
22/05/2020 16:07:39|ivaArt --> 21
22/05/2020 16:07:40|hasarOCX.ImprimirItem --> OK
22/05/2020 16:07:40|Cerrar Comprobante B:::
22/05/2020 16:07:43|Obtiene nrocomp
22/05/2020 16:07:43|nrocomp --> 584
22/05/2020 16:07:43|Nro. de Comprobante ::: TFB ::: 584
22/05/2020 16:18:57|Conectando..
22/05/2020 16:18:57|IP: 127.0.0.1 - Puerto: 6500
22/05/2020 16:18:58|Conectado con éxito!!
22/05/2020 16:19:12|Conectando..
22/05/2020 16:19:12|IP: 127.0.0.1 - Puerto: 6500
22/05/2020 16:19:12|Conectado con éxito!!
22/05/2020 16:20:15|Conectando..
22/05/2020 16:20:15|IP: 127.0.0.1 - Puerto: 6500
22/05/2020 16:20:15|Conectado con éxito!!
22/05/2020 16:20:57|Conectando..
22/05/2020 16:20:57|IP: 127.0.0.1 - Puerto: 6500
22/05/2020 16:20:58|Conectado con éxito!!
22/05/2020 16:21:27|Comienza Facturacion B
22/05/2020 16:21:27|DatosCliente B
22/05/2020 16:21:30|AbrirComprobanteFiscal B
22/05/2020 16:21:30|Articulo --> babysec ultrasec xg x36 uni
22/05/2020 16:21:30|cantidadArt B --> 1
22/05/2020 16:21:30|PrecVear --> 470
22/05/2020 16:21:30|montoArt --> 388,429752066116
22/05/2020 16:21:30|ivaArt --> 21
22/05/2020 16:21:30|hasarOCX.ImprimirItem --> OK
22/05/2020 16:21:30|Cerrar Comprobante B:::
22/05/2020 16:21:33|Obtiene nrocomp
22/05/2020 16:21:33|nrocomp --> 585
22/05/2020 16:21:33|Nro. de Comprobante ::: TFB ::: 585
22/05/2020 16:25:46|Conectando..
22/05/2020 16:25:46|IP: 127.0.0.1 - Puerto: 6500
22/05/2020 16:25:47|Conectado con éxito!!
22/05/2020 16:26:23|Comienza Facturacion B
22/05/2020 16:26:23|DatosCliente B
22/05/2020 16:26:26|AbrirComprobanteFiscal B
22/05/2020 16:26:26|Articulo --> odorono rexona cr.potex60-5390
22/05/2020 16:26:26|cantidadArt B --> 1
22/05/2020 16:26:26|PrecVear --> 95
22/05/2020 16:26:26|montoArt --> 78,5123966942149
22/05/2020 16:26:26|ivaArt --> 21
22/05/2020 16:26:26|hasarOCX.ImprimirItem --> OK
22/05/2020 16:26:26|Articulo --> doncella algodon x500
22/05/2020 16:26:26|cantidadArt B --> 1
22/05/2020 16:26:26|PrecVear --> 260
22/05/2020 16:26:26|montoArt --> 214,876033057851
22/05/2020 16:26:26|ivaArt --> 21
22/05/2020 16:26:27|hasarOCX.ImprimirItem --> OK
22/05/2020 16:26:27|Articulo --> ideal toallitas humedas bb repuesto clasica (celeste)
22/05/2020 16:26:27|cantidadArt B --> 1
22/05/2020 16:26:27|PrecVear --> 70
22/05/2020 16:26:27|montoArt --> 57,8512396694215
22/05/2020 16:26:27|ivaArt --> 21
22/05/2020 16:26:27|hasarOCX.ImprimirItem --> OK
22/05/2020 16:26:27|Articulo --> ladysoft normx8 c/aloe c/alas
22/05/2020 16:26:27|cantidadArt B --> 1
22/05/2020 16:26:27|PrecVear --> 45
22/05/2020 16:26:27|montoArt --> 37,1900826446281
22/05/2020 16:26:27|ivaArt --> 21
22/05/2020 16:26:28|hasarOCX.ImprimirItem --> OK
22/05/2020 16:26:28|Articulo --> party polvo pedico x100gr
22/05/2020 16:26:28|cantidadArt B --> 1
22/05/2020 16:26:28|PrecVear --> 69
22/05/2020 16:26:28|montoArt --> 57,0247933884298
22/05/2020 16:26:28|ivaArt --> 21
22/05/2020 16:26:28|hasarOCX.ImprimirItem --> OK
22/05/2020 16:26:28|Articulo --> raid tabletasx12 dob.accion
22/05/2020 16:26:28|cantidadArt B --> 1
22/05/2020 16:26:28|PrecVear --> 115
22/05/2020 16:26:28|montoArt --> 95,0413223140496
22/05/2020 16:26:28|ivaArt --> 21
22/05/2020 16:26:28|hasarOCX.ImprimirItem --> OK
22/05/2020 16:26:28|Articulo --> battu oleo calcareo - bot  1000 x 6
22/05/2020 16:26:28|cantidadArt B --> 1
22/05/2020 16:26:28|PrecVear --> 160
22/05/2020 16:26:28|montoArt --> 132,231404958678
22/05/2020 16:26:28|ivaArt --> 21
22/05/2020 16:26:29|hasarOCX.ImprimirItem --> OK
22/05/2020 16:26:29|Cerrar Comprobante B:::
22/05/2020 16:26:32|Obtiene nrocomp
22/05/2020 16:26:32|nrocomp --> 586
22/05/2020 16:26:32|Nro. de Comprobante ::: TFB ::: 586
22/05/2020 16:33:01|Conectando..
22/05/2020 16:33:01|IP: 127.0.0.1 - Puerto: 6500
22/05/2020 16:33:02|Conectado con éxito!!
22/05/2020 16:33:05|Comienza Facturacion B
22/05/2020 16:33:05|DatosCliente B
22/05/2020 16:33:08|AbrirComprobanteFiscal B
22/05/2020 16:33:08|Articulo --> kimbies ultrapack g x40
22/05/2020 16:33:08|cantidadArt B --> 1
22/05/2020 16:33:08|PrecVear --> 400
22/05/2020 16:33:08|montoArt --> 330,578512396694
22/05/2020 16:33:08|ivaArt --> 21
22/05/2020 16:33:08|hasarOCX.ImprimirItem --> OK
22/05/2020 16:33:08|Cerrar Comprobante B:::
22/05/2020 16:33:11|Obtiene nrocomp
22/05/2020 16:33:11|nrocomp --> 587
22/05/2020 16:33:11|Nro. de Comprobante ::: TFB ::: 587
22/05/2020 16:35:24|Conectando..
22/05/2020 16:35:24|IP: 127.0.0.1 - Puerto: 6500
22/05/2020 16:35:25|Conectado con éxito!!
22/05/2020 16:46:19|Conectando..
22/05/2020 16:46:19|IP: 127.0.0.1 - Puerto: 6500
22/05/2020 16:46:20|Conectado con éxito!!
22/05/2020 16:50:28|Conectando..
22/05/2020 16:50:28|IP: 127.0.0.1 - Puerto: 6500
22/05/2020 16:50:29|Conectado con éxito!!
22/05/2020 16:52:56|Conectando..
22/05/2020 16:52:56|IP: 127.0.0.1 - Puerto: 6500
22/05/2020 16:52:56|Conectado con éxito!!
22/05/2020 16:53:46|Comienza Facturacion B
22/05/2020 16:53:47|DatosCliente B
22/05/2020 16:53:49|AbrirComprobanteFiscal B
22/05/2020 16:53:49|Articulo --> rexona aero apx90 fanatics-8761
22/05/2020 16:53:49|cantidadArt B --> 1
22/05/2020 16:53:49|PrecVear --> 135
22/05/2020 16:53:49|montoArt --> 111,570247933884
22/05/2020 16:53:49|ivaArt --> 21
22/05/2020 16:53:49|hasarOCX.ImprimirItem --> OK
22/05/2020 16:53:49|Articulo --> varios
22/05/2020 16:53:49|cantidadArt B --> 2
22/05/2020 16:53:49|PrecVear --> 25
22/05/2020 16:53:49|montoArt --> 20,6611570247934
22/05/2020 16:53:49|ivaArt --> 21
22/05/2020 16:53:50|hasarOCX.ImprimirItem --> OK
22/05/2020 16:53:50|Articulo --> mf alcohol etilico
22/05/2020 16:53:50|cantidadArt B --> 1
22/05/2020 16:53:50|PrecVear --> 185
22/05/2020 16:53:50|montoArt --> 152,892561983471
22/05/2020 16:53:50|ivaArt --> 21
22/05/2020 16:53:50|hasarOCX.ImprimirItem --> OK
22/05/2020 16:53:50|Articulo --> cif antig.gatx500 nva form-8916
22/05/2020 16:53:50|cantidadArt B --> 1
22/05/2020 16:53:50|PrecVear --> 155
22/05/2020 16:53:50|montoArt --> 128,099173553719
22/05/2020 16:53:50|ivaArt --> 21
22/05/2020 16:53:50|hasarOCX.ImprimirItem --> OK
22/05/2020 16:53:50|Cerrar Comprobante B:::
22/05/2020 16:53:53|Obtiene nrocomp
22/05/2020 16:53:54|nrocomp --> 588
22/05/2020 16:53:54|Nro. de Comprobante ::: TFB ::: 588
22/05/2020 16:56:22|Comienza Facturacion B
22/05/2020 16:56:23|DatosCliente B
22/05/2020 16:56:25|AbrirComprobanteFiscal B
22/05/2020 16:56:25|Articulo --> varios
22/05/2020 16:56:25|cantidadArt B --> 1
22/05/2020 16:56:25|PrecVear --> 2150
22/05/2020 16:56:25|montoArt --> 1776,85950413223
22/05/2020 16:56:25|ivaArt --> 21
22/05/2020 16:56:26|hasarOCX.ImprimirItem --> OK
22/05/2020 16:56:26|Cerrar Comprobante B:::
22/05/2020 16:56:29|Obtiene nrocomp
22/05/2020 16:56:29|nrocomp --> 589
22/05/2020 16:56:29|Nro. de Comprobante ::: TFB ::: 589
22/05/2020 17:06:50|Conectando..
22/05/2020 17:06:50|IP: 127.0.0.1 - Puerto: 6500
22/05/2020 17:06:51|Conectado con éxito!!
22/05/2020 17:07:30|Comienza Facturacion B
22/05/2020 17:07:31|DatosCliente B
22/05/2020 17:07:34|AbrirComprobanteFiscal B
22/05/2020 17:07:34|Articulo --> babysec ultrasec gx44
22/05/2020 17:07:34|cantidadArt B --> 1
22/05/2020 17:07:34|PrecVear --> 470
22/05/2020 17:07:34|montoArt --> 388,429752066116
22/05/2020 17:07:34|ivaArt --> 21
22/05/2020 17:07:35|hasarOCX.ImprimirItem --> OK
22/05/2020 17:07:35|Articulo --> colgate cr.anticaries x70ml
22/05/2020 17:07:35|cantidadArt B --> 2
22/05/2020 17:07:35|PrecVear --> 79
22/05/2020 17:07:35|montoArt --> 65,2892561983471
22/05/2020 17:07:35|ivaArt --> 21
22/05/2020 17:07:35|hasarOCX.ImprimirItem --> OK
22/05/2020 17:07:35|Articulo --> ladysoft normx8 c/aloe c/alas
22/05/2020 17:07:35|cantidadArt B --> 3
22/05/2020 17:07:35|PrecVear --> 45
22/05/2020 17:07:35|montoArt --> 37,1900826446281
22/05/2020 17:07:35|ivaArt --> 21
22/05/2020 17:07:36|hasarOCX.ImprimirItem --> OK
22/05/2020 17:07:36|Articulo --> simply lady prot.diarx20 pocket sin perfume
22/05/2020 17:07:36|cantidadArt B --> 3
22/05/2020 17:07:36|PrecVear --> 45
22/05/2020 17:07:36|montoArt --> 37,1900826446281
22/05/2020 17:07:36|ivaArt --> 21
22/05/2020 17:07:36|hasarOCX.ImprimirItem --> OK
22/05/2020 17:07:36|Cerrar Comprobante B:::
22/05/2020 17:07:39|Obtiene nrocomp
22/05/2020 17:07:39|nrocomp --> 590
22/05/2020 17:07:39|Nro. de Comprobante ::: TFB ::: 590
22/05/2020 17:17:26|Conectando..
22/05/2020 17:17:26|IP: 127.0.0.1 - Puerto: 6500
22/05/2020 17:17:27|Conectado con éxito!!
22/05/2020 17:38:25|Comienza Facturacion B
22/05/2020 17:38:25|DatosCliente B
22/05/2020 17:38:28|AbrirComprobanteFiscal B
22/05/2020 17:38:28|Articulo --> huggies nat care xxl x56 - ellas
22/05/2020 17:38:28|cantidadArt B --> 1
22/05/2020 17:38:28|PrecVear --> 1100
22/05/2020 17:38:28|montoArt --> 909,090909090909
22/05/2020 17:38:28|ivaArt --> 21
22/05/2020 17:38:28|hasarOCX.ImprimirItem --> OK
22/05/2020 17:38:28|Articulo --> huggies toa humlimpieza total 6x184
22/05/2020 17:38:28|cantidadArt B --> 1
22/05/2020 17:38:28|PrecVear --> 525
22/05/2020 17:38:28|montoArt --> 433,884297520661
22/05/2020 17:38:28|ivaArt --> 21
22/05/2020 17:38:28|hasarOCX.ImprimirItem --> OK
22/05/2020 17:38:28|Cerrar Comprobante B:::
22/05/2020 17:38:32|Obtiene nrocomp
22/05/2020 17:38:32|nrocomp --> 591
22/05/2020 17:38:32|Nro. de Comprobante ::: TFB ::: 591
22/05/2020 17:50:43|Conectando..
22/05/2020 17:50:43|IP: 127.0.0.1 - Puerto: 6500
22/05/2020 17:50:44|Conectado con éxito!!
22/05/2020 17:51:07|Conectando..
22/05/2020 17:51:07|IP: 127.0.0.1 - Puerto: 6500
22/05/2020 17:51:08|Conectado con éxito!!
22/05/2020 17:53:47|*************COMIENZA Cierre  Z**********
22/05/2020 17:53:55|CIERRE Z
Cierre Z Nº =[31]
Fecha del Cierre        =[22/05/2020 0:00:00]
DF Emitidos             =[35]
DF Cancelados           =[0]
DF Total                =[3266400]
DF Total Gravado        =[2699498]
DF Total No Gravado     =[0]
DF Total Exento         =[0]
DF Total IVA            =[566902]
DF Total Otros Tributos =[0]
NC Emitidas             =[0]
NC Canceladas           =[0]
NC Total                =[0]
NC Total Gravado        =[0]
NC Total No Gravado     =[0]
NC Total Exento         =[0]
NC Total IVA            =[0]
NC Total Otros Tributos =[0]
DNFH Emitidos           =[0]
DNFH Total              =[0]

