05/05/2020 8:47:49|Conectando..
05/05/2020 8:47:49|IP: 127.0.0.1 - Puerto: 6500
05/05/2020 8:54:04|Conectando..
05/05/2020 8:54:04|IP: 127.0.0.1 - Puerto: 6500
05/05/2020 8:54:05|Conectado con éxito!!
05/05/2020 9:12:19|Conectando..
05/05/2020 9:12:19|IP: 127.0.0.1 - Puerto: 6500
05/05/2020 9:12:20|Conectado con éxito!!
05/05/2020 9:22:58|Comienza Facturacion B
05/05/2020 9:22:58|DatosCliente B
05/05/2020 9:23:01|AbrirComprobanteFiscal B
05/05/2020 9:23:01|Articulo --> sedal chx300 d.pack rest.inst-4422
05/05/2020 9:23:01|cantidadArt B --> 1
05/05/2020 9:23:01|PrecVear --> 110
05/05/2020 9:23:01|montoArt --> 90,9090909090909
05/05/2020 9:23:01|ivaArt --> 21
05/05/2020 9:23:01|hasarOCX.ImprimirItem --> OK
05/05/2020 9:23:01|Articulo --> sedal acondx300 d.pack rest.inst342
05/05/2020 9:23:01|cantidadArt B --> 1
05/05/2020 9:23:01|PrecVear --> 110
05/05/2020 9:23:01|montoArt --> 90,9090909090909
05/05/2020 9:23:01|ivaArt --> 21
05/05/2020 9:23:02|hasarOCX.ImprimirItem --> OK
05/05/2020 9:23:02|Articulo --> kimbies ultrap xxl 6x30
05/05/2020 9:23:02|cantidadArt B --> 1
05/05/2020 9:23:02|PrecVear --> 400
05/05/2020 9:23:02|montoArt --> 330,578512396694
05/05/2020 9:23:02|ivaArt --> 21
05/05/2020 9:23:02|hasarOCX.ImprimirItem --> OK
05/05/2020 9:23:02|Articulo --> el coloso fosforosx220un
05/05/2020 9:23:02|cantidadArt B --> 1
05/05/2020 9:23:02|PrecVear --> 29
05/05/2020 9:23:02|montoArt --> 23,9669421487603
05/05/2020 9:23:02|ivaArt --> 21
05/05/2020 9:23:02|hasarOCX.ImprimirItem --> OK
05/05/2020 9:23:02|Articulo --> el coloso jab.pan bco clas.1x150gr
05/05/2020 9:23:02|cantidadArt B --> 1
05/05/2020 9:23:02|PrecVear --> 35
05/05/2020 9:23:02|montoArt --> 28,9256198347107
05/05/2020 9:23:02|ivaArt --> 21
05/05/2020 9:23:03|hasarOCX.ImprimirItem --> OK
05/05/2020 9:23:03|Articulo --> q soft toall. hum. clasicas x50 u
05/05/2020 9:23:03|cantidadArt B --> 1
05/05/2020 9:23:03|PrecVear --> 98
05/05/2020 9:23:03|montoArt --> 80,9917355371901
05/05/2020 9:23:03|ivaArt --> 21
05/05/2020 9:23:03|hasarOCX.ImprimirItem --> OK
05/05/2020 9:23:03|Articulo --> el coloso hig.econ.bco.12x4 30mts
05/05/2020 9:23:03|cantidadArt B --> 1
05/05/2020 9:23:03|PrecVear --> 60
05/05/2020 9:23:03|montoArt --> 49,5867768595041
05/05/2020 9:23:03|ivaArt --> 21
05/05/2020 9:23:03|hasarOCX.ImprimirItem --> OK
05/05/2020 9:23:03|Articulo --> coloso lavandina x2 litros
05/05/2020 9:23:03|cantidadArt B --> 1
05/05/2020 9:23:03|PrecVear --> 85
05/05/2020 9:23:03|montoArt --> 70,2479338842975
05/05/2020 9:23:03|ivaArt --> 21
05/05/2020 9:23:04|hasarOCX.ImprimirItem --> OK
05/05/2020 9:23:04|Articulo --> varios
05/05/2020 9:23:04|cantidadArt B --> 1
05/05/2020 9:23:04|PrecVear --> 39
05/05/2020 9:23:04|montoArt --> 32,2314049586777
05/05/2020 9:23:04|ivaArt --> 21
05/05/2020 9:23:04|hasarOCX.ImprimirItem --> OK
05/05/2020 9:23:04|Cerrar Comprobante B:::
05/05/2020 9:23:07|Obtiene nrocomp
05/05/2020 9:23:07|nrocomp --> 142
05/05/2020 9:23:07|Nro. de Comprobante ::: TFB ::: 142
05/05/2020 9:25:19|Comienza Facturacion B
05/05/2020 9:25:20|DatosCliente B
05/05/2020 9:25:22|AbrirComprobanteFiscal B
05/05/2020 9:25:22|Articulo --> el coloso lavandinax1l basica
05/05/2020 9:25:22|cantidadArt B --> 1
05/05/2020 9:25:22|PrecVear --> 43
05/05/2020 9:25:22|montoArt --> 35,5371900826446
05/05/2020 9:25:22|ivaArt --> 21
05/05/2020 9:25:23|hasarOCX.ImprimirItem --> OK
05/05/2020 9:25:23|Articulo --> perfumina para ropa air pure lavanda
05/05/2020 9:25:23|cantidadArt B --> 1
05/05/2020 9:25:23|PrecVear --> 90
05/05/2020 9:25:23|montoArt --> 74,3801652892562
05/05/2020 9:25:23|ivaArt --> 21
05/05/2020 9:25:23|hasarOCX.ImprimirItem --> OK
05/05/2020 9:25:23|Articulo --> varios
05/05/2020 9:25:23|cantidadArt B --> 1
05/05/2020 9:25:23|PrecVear --> 180
05/05/2020 9:25:23|montoArt --> 148,760330578512
05/05/2020 9:25:23|ivaArt --> 21
05/05/2020 9:25:23|hasarOCX.ImprimirItem --> OK
05/05/2020 9:25:23|Articulo --> elvive acondx200 color vive
05/05/2020 9:25:23|cantidadArt B --> 1
05/05/2020 9:25:23|PrecVear --> 170
05/05/2020 9:25:23|montoArt --> 140,495867768595
05/05/2020 9:25:23|ivaArt --> 21
05/05/2020 9:25:24|hasarOCX.ImprimirItem --> OK
05/05/2020 9:25:24|Articulo --> elvive chx200 color vive
05/05/2020 9:25:24|cantidadArt B --> 1
05/05/2020 9:25:24|PrecVear --> 170
05/05/2020 9:25:24|montoArt --> 140,495867768595
05/05/2020 9:25:24|ivaArt --> 21
05/05/2020 9:25:24|hasarOCX.ImprimirItem --> OK
05/05/2020 9:25:24|Articulo --> soft color tint.70 rub.med
05/05/2020 9:25:24|cantidadArt B --> 1
05/05/2020 9:25:24|PrecVear --> 400
05/05/2020 9:25:24|montoArt --> 330,578512396694
05/05/2020 9:25:24|ivaArt --> 21
05/05/2020 9:25:24|hasarOCX.ImprimirItem --> OK
05/05/2020 9:25:24|Articulo --> ala matic x800ml dp
05/05/2020 9:25:24|cantidadArt B --> 1
05/05/2020 9:25:24|PrecVear --> 115
05/05/2020 9:25:24|montoArt --> 95,0413223140496
05/05/2020 9:25:24|ivaArt --> 21
05/05/2020 9:25:25|hasarOCX.ImprimirItem --> OK
05/05/2020 9:25:25|Articulo --> woolitex120 d.pack mano sed/lana92#
05/05/2020 9:25:25|cantidadArt B --> 1
05/05/2020 9:25:25|PrecVear --> 49
05/05/2020 9:25:25|montoArt --> 40,495867768595
05/05/2020 9:25:25|ivaArt --> 21
05/05/2020 9:25:25|hasarOCX.ImprimirItem --> OK
05/05/2020 9:25:25|Articulo --> hinds cr.corp.hidextr.avena. 250 ml. 2
05/05/2020 9:25:25|cantidadArt B --> 1
05/05/2020 9:25:25|PrecVear --> 255
05/05/2020 9:25:25|montoArt --> 210,743801652893
05/05/2020 9:25:25|ivaArt --> 21
05/05/2020 9:25:25|hasarOCX.ImprimirItem --> OK
05/05/2020 9:25:25|Cerrar Comprobante B:::
05/05/2020 9:25:28|Obtiene nrocomp
05/05/2020 9:25:29|nrocomp --> 143
05/05/2020 9:25:29|Nro. de Comprobante ::: TFB ::: 143
05/05/2020 9:38:04|Conectando..
05/05/2020 9:38:04|IP: 127.0.0.1 - Puerto: 6500
05/05/2020 10:12:12|Conectando..
05/05/2020 10:12:12|IP: 127.0.0.1 - Puerto: 6500
05/05/2020 10:12:13|Conectado con éxito!!
05/05/2020 10:13:11|Comienza Facturacion B
05/05/2020 10:13:12|DatosCliente B
05/05/2020 10:13:14|AbrirComprobanteFiscal B
05/05/2020 10:13:14|Articulo --> lysoform aerox360 original-4478
05/05/2020 10:13:14|cantidadArt B --> 1
05/05/2020 10:13:14|PrecVear --> 160
05/05/2020 10:13:14|montoArt --> 132,231404958678
05/05/2020 10:13:14|ivaArt --> 21
05/05/2020 10:13:14|hasarOCX.ImprimirItem --> OK
05/05/2020 10:13:14|Articulo --> gillette prestobarba ultragrip 2 filos
05/05/2020 10:13:14|cantidadArt B --> 1
05/05/2020 10:13:14|PrecVear --> 59
05/05/2020 10:13:14|montoArt --> 48,7603305785124
05/05/2020 10:13:14|ivaArt --> 21
05/05/2020 10:13:15|hasarOCX.ImprimirItem --> OK
05/05/2020 10:13:15|Articulo --> dove jab x90 blanco
05/05/2020 10:13:15|cantidadArt B --> 1
05/05/2020 10:13:15|PrecVear --> 65
05/05/2020 10:13:15|montoArt --> 53,7190082644628
05/05/2020 10:13:15|ivaArt --> 21
05/05/2020 10:13:15|hasarOCX.ImprimirItem --> OK
05/05/2020 10:13:15|Articulo --> elvive acondx200 kera-liso -7300
05/05/2020 10:13:15|cantidadArt B --> 1
05/05/2020 10:13:15|PrecVear --> 170
05/05/2020 10:13:15|montoArt --> 140,495867768595
05/05/2020 10:13:15|ivaArt --> 21
05/05/2020 10:13:15|hasarOCX.ImprimirItem --> OK
05/05/2020 10:13:15|Articulo --> venus maquina 3 filos x1 unidad
05/05/2020 10:13:15|cantidadArt B --> 1
05/05/2020 10:13:15|PrecVear --> 95
05/05/2020 10:13:15|montoArt --> 78,5123966942149
05/05/2020 10:13:15|ivaArt --> 21
05/05/2020 10:13:16|hasarOCX.ImprimirItem --> OK
05/05/2020 10:13:16|Articulo --> varios
05/05/2020 10:13:16|cantidadArt B --> 1
05/05/2020 10:13:16|PrecVear --> 185
05/05/2020 10:13:16|montoArt --> 152,892561983471
05/05/2020 10:13:16|ivaArt --> 21
05/05/2020 10:13:16|hasarOCX.ImprimirItem --> OK
05/05/2020 10:13:16|Articulo --> elvive chx200 kera-liso 230°-8100
05/05/2020 10:13:16|cantidadArt B --> 1
05/05/2020 10:13:16|PrecVear --> 170
05/05/2020 10:13:16|montoArt --> 140,495867768595
05/05/2020 10:13:16|ivaArt --> 21
05/05/2020 10:13:16|hasarOCX.ImprimirItem --> OK
05/05/2020 10:13:16|Articulo --> varios
05/05/2020 10:13:16|cantidadArt B --> 1
05/05/2020 10:13:16|PrecVear --> 105
05/05/2020 10:13:16|montoArt --> 86,7768595041322
05/05/2020 10:13:16|ivaArt --> 21
05/05/2020 10:13:17|hasarOCX.ImprimirItem --> OK
05/05/2020 10:13:17|Articulo --> rexona aero  apx90 act.emot-60293
05/05/2020 10:13:17|cantidadArt B --> 1
05/05/2020 10:13:17|PrecVear --> 125
05/05/2020 10:13:17|montoArt --> 103,305785123967
05/05/2020 10:13:17|ivaArt --> 21
05/05/2020 10:13:17|hasarOCX.ImprimirItem --> OK
05/05/2020 10:13:17|Articulo --> cif act.gelx500 limon-5962
05/05/2020 10:13:17|cantidadArt B --> 1
05/05/2020 10:13:17|PrecVear --> 145
05/05/2020 10:13:17|montoArt --> 119,834710743802
05/05/2020 10:13:17|ivaArt --> 21
05/05/2020 10:13:18|hasarOCX.ImprimirItem --> OK
05/05/2020 10:13:18|Cerrar Comprobante B:::
05/05/2020 10:13:21|Obtiene nrocomp
05/05/2020 10:13:21|nrocomp --> 144
05/05/2020 10:13:21|Nro. de Comprobante ::: TFB ::: 144
05/05/2020 10:16:27|Conectando..
05/05/2020 10:16:27|IP: 127.0.0.1 - Puerto: 6500
05/05/2020 10:16:28|Conectado con éxito!!
05/05/2020 10:34:37|Comienza Facturacion B
05/05/2020 10:34:37|DatosCliente B
05/05/2020 10:34:40|AbrirComprobanteFiscal B
05/05/2020 10:34:40|Articulo --> ayudin lavandina en gelx700 orig415
05/05/2020 10:34:40|cantidadArt B --> 2
05/05/2020 10:34:40|PrecVear --> 115
05/05/2020 10:34:40|montoArt --> 95,0413223140496
05/05/2020 10:34:40|ivaArt --> 21
05/05/2020 10:34:40|hasarOCX.ImprimirItem --> OK
05/05/2020 10:34:40|Articulo --> rexona aero  apx90 hombre
05/05/2020 10:34:40|cantidadArt B --> 1
05/05/2020 10:34:40|PrecVear --> 130
05/05/2020 10:34:40|montoArt --> 107,438016528926
05/05/2020 10:34:40|ivaArt --> 21
05/05/2020 10:34:40|hasarOCX.ImprimirItem --> OK
05/05/2020 10:34:40|Articulo --> rexona aero apx90 sport men-1347
05/05/2020 10:34:40|cantidadArt B --> 1
05/05/2020 10:34:40|PrecVear --> 135
05/05/2020 10:34:40|montoArt --> 111,570247933884
05/05/2020 10:34:40|ivaArt --> 21
05/05/2020 10:34:41|hasarOCX.ImprimirItem --> OK
05/05/2020 10:34:41|Articulo --> rexona aero apx90 masc.antibact-235
05/05/2020 10:34:41|cantidadArt B --> 1
05/05/2020 10:34:41|PrecVear --> 135
05/05/2020 10:34:41|montoArt --> 111,570247933884
05/05/2020 10:34:41|ivaArt --> 21
05/05/2020 10:34:41|hasarOCX.ImprimirItem --> OK
05/05/2020 10:34:41|Articulo --> el coloso jab.liqx3l d.pack ropa
05/05/2020 10:34:41|cantidadArt B --> 1
05/05/2020 10:34:41|PrecVear --> 250
05/05/2020 10:34:41|montoArt --> 206,611570247934
05/05/2020 10:34:41|ivaArt --> 21
05/05/2020 10:34:41|hasarOCX.ImprimirItem --> OK
05/05/2020 10:34:41|Articulo --> varios
05/05/2020 10:34:41|cantidadArt B --> 1
05/05/2020 10:34:41|PrecVear --> 40
05/05/2020 10:34:41|montoArt --> 33,0578512396694
05/05/2020 10:34:41|ivaArt --> 21
05/05/2020 10:34:42|hasarOCX.ImprimirItem --> OK
05/05/2020 10:34:42|Articulo --> jyj shampoo manzanilla cab claro  12x400ml.(verde)
05/05/2020 10:34:42|cantidadArt B --> 1
05/05/2020 10:34:42|PrecVear --> 295
05/05/2020 10:34:42|montoArt --> 243,801652892562
05/05/2020 10:34:42|ivaArt --> 21
05/05/2020 10:34:42|hasarOCX.ImprimirItem --> OK
05/05/2020 10:34:42|Cerrar Comprobante B:::
05/05/2020 10:34:45|Obtiene nrocomp
05/05/2020 10:34:45|nrocomp --> 145
05/05/2020 10:34:45|Nro. de Comprobante ::: TFB ::: 145
05/05/2020 10:43:23|Conectando..
05/05/2020 10:43:23|IP: 127.0.0.1 - Puerto: 6500
05/05/2020 10:43:24|Conectado con éxito!!
05/05/2020 10:43:43|Comienza Facturacion B
05/05/2020 10:43:44|DatosCliente B
05/05/2020 10:43:46|AbrirComprobanteFiscal B
05/05/2020 10:43:46|Articulo --> varios
05/05/2020 10:43:46|cantidadArt B --> 1
05/05/2020 10:43:46|PrecVear --> 65
05/05/2020 10:43:46|montoArt --> 53,7190082644628
05/05/2020 10:43:46|ivaArt --> 21
05/05/2020 10:43:46|hasarOCX.ImprimirItem --> OK
05/05/2020 10:43:46|Articulo --> estrella algodon  clasicox60
05/05/2020 10:43:46|cantidadArt B --> 3
05/05/2020 10:43:46|PrecVear --> 50
05/05/2020 10:43:46|montoArt --> 41,3223140495868
05/05/2020 10:43:46|ivaArt --> 21
05/05/2020 10:43:47|hasarOCX.ImprimirItem --> OK
05/05/2020 10:43:47|Articulo --> ayudin desinf.aerox332 bebe-21938
05/05/2020 10:43:47|cantidadArt B --> 1
05/05/2020 10:43:47|PrecVear --> 138
05/05/2020 10:43:47|montoArt --> 114,04958677686
05/05/2020 10:43:47|ivaArt --> 21
05/05/2020 10:43:47|hasarOCX.ImprimirItem --> OK
05/05/2020 10:43:47|Cerrar Comprobante B:::
05/05/2020 10:43:50|Obtiene nrocomp
05/05/2020 10:43:50|nrocomp --> 146
05/05/2020 10:43:50|Nro. de Comprobante ::: TFB ::: 146
05/05/2020 10:44:00|Comienza Facturacion B
05/05/2020 10:44:01|DatosCliente B
05/05/2020 10:44:03|AbrirComprobanteFiscal B
05/05/2020 10:44:03|Articulo --> algabo alcohol en gel ultra - 70 500 ml
05/05/2020 10:44:03|cantidadArt B --> 1
05/05/2020 10:44:03|PrecVear --> 250
05/05/2020 10:44:03|montoArt --> 206,611570247934
05/05/2020 10:44:03|ivaArt --> 21
05/05/2020 10:44:04|hasarOCX.ImprimirItem --> OK
05/05/2020 10:44:04|Articulo --> coloso alcohol. x250 ml
05/05/2020 10:44:04|cantidadArt B --> 2
05/05/2020 10:44:04|PrecVear --> 95
05/05/2020 10:44:04|montoArt --> 78,5123966942149
05/05/2020 10:44:04|ivaArt --> 21
05/05/2020 10:44:04|hasarOCX.ImprimirItem --> OK
05/05/2020 10:44:04|Cerrar Comprobante B:::
05/05/2020 10:44:07|Obtiene nrocomp
05/05/2020 10:44:07|nrocomp --> 147
05/05/2020 10:44:07|Nro. de Comprobante ::: TFB ::: 147
05/05/2020 10:51:51|Comienza Facturacion B
05/05/2020 10:51:52|DatosCliente B
05/05/2020 10:51:54|AbrirComprobanteFiscal B
05/05/2020 10:51:54|Articulo --> ala matic x3l dp
05/05/2020 10:51:54|cantidadArt B --> 1
05/05/2020 10:51:54|PrecVear --> 390
05/05/2020 10:51:54|montoArt --> 322,314049586777
05/05/2020 10:51:54|ivaArt --> 21
05/05/2020 10:51:55|hasarOCX.ImprimirItem --> OK
05/05/2020 10:51:55|Articulo --> varios
05/05/2020 10:51:55|cantidadArt B --> 4
05/05/2020 10:51:55|PrecVear --> 20
05/05/2020 10:51:55|montoArt --> 16,5289256198347
05/05/2020 10:51:55|ivaArt --> 21
05/05/2020 10:51:55|hasarOCX.ImprimirItem --> OK
05/05/2020 10:51:55|Articulo --> woolitex450 d.pack bebe maquin3102
05/05/2020 10:51:55|cantidadArt B --> 1
05/05/2020 10:51:55|PrecVear --> 120
05/05/2020 10:51:55|montoArt --> 99,1735537190083
05/05/2020 10:51:55|ivaArt --> 21
05/05/2020 10:51:55|hasarOCX.ImprimirItem --> OK
05/05/2020 10:51:55|Articulo --> 30227476 toa hum hugg limpieza cotidiana 18x96 (ama)
05/05/2020 10:51:55|cantidadArt B --> 1
05/05/2020 10:51:55|PrecVear --> 220
05/05/2020 10:51:55|montoArt --> 181,818181818182
05/05/2020 10:51:55|ivaArt --> 21
05/05/2020 10:51:56|hasarOCX.ImprimirItem --> OK
05/05/2020 10:51:56|Articulo --> rexona efficient antibx100-301295
05/05/2020 10:51:56|cantidadArt B --> 1
05/05/2020 10:51:56|PrecVear --> 98
05/05/2020 10:51:56|montoArt --> 80,9917355371901
05/05/2020 10:51:56|ivaArt --> 21
05/05/2020 10:51:56|hasarOCX.ImprimirItem --> OK
05/05/2020 10:51:56|Articulo --> ladysoft ud secax8 c/a -9805
05/05/2020 10:51:56|cantidadArt B --> 1
05/05/2020 10:51:56|PrecVear --> 59
05/05/2020 10:51:56|montoArt --> 48,7603305785124
05/05/2020 10:51:56|ivaArt --> 21
05/05/2020 10:51:56|hasarOCX.ImprimirItem --> OK
05/05/2020 10:51:56|Articulo --> simply lady prot.diarx20 pocket sin perfume
05/05/2020 10:51:56|cantidadArt B --> 3
05/05/2020 10:51:56|PrecVear --> 45
05/05/2020 10:51:56|montoArt --> 37,1900826446281
05/05/2020 10:51:56|ivaArt --> 21
05/05/2020 10:51:57|hasarOCX.ImprimirItem --> OK
05/05/2020 10:51:57|Articulo --> simply lady toall.alas pocketx8
05/05/2020 10:51:57|cantidadArt B --> 3
05/05/2020 10:51:57|PrecVear --> 40
05/05/2020 10:51:57|montoArt --> 33,0578512396694
05/05/2020 10:51:57|ivaArt --> 21
05/05/2020 10:51:57|hasarOCX.ImprimirItem --> OK
05/05/2020 10:51:57|Articulo --> ladysoft normx8 c/aloe c/alas-9912
05/05/2020 10:51:57|cantidadArt B --> 1
05/05/2020 10:51:57|PrecVear --> 45
05/05/2020 10:51:57|montoArt --> 37,1900826446281
05/05/2020 10:51:57|ivaArt --> 21
05/05/2020 10:51:57|hasarOCX.ImprimirItem --> OK
05/05/2020 10:51:57|Articulo --> goodmax maquina de afeitar x5 filos
05/05/2020 10:51:57|cantidadArt B --> 2
05/05/2020 10:51:57|PrecVear --> 55
05/05/2020 10:51:57|montoArt --> 45,4545454545455
05/05/2020 10:51:57|ivaArt --> 21
05/05/2020 10:51:58|hasarOCX.ImprimirItem --> OK
05/05/2020 10:51:58|Articulo --> goodmax maquina de  3 filos  x 1 unidad
05/05/2020 10:51:58|cantidadArt B --> 2
05/05/2020 10:51:58|PrecVear --> 30
05/05/2020 10:51:58|montoArt --> 24,7933884297521
05/05/2020 10:51:58|ivaArt --> 21
05/05/2020 10:51:58|hasarOCX.ImprimirItem --> OK
05/05/2020 10:51:58|Articulo --> pampers premium care gde 72 x 2
05/05/2020 10:51:58|cantidadArt B --> 1
05/05/2020 10:51:58|PrecVear --> 1150
05/05/2020 10:51:58|montoArt --> 950,413223140496
05/05/2020 10:51:58|ivaArt --> 21
05/05/2020 10:51:58|hasarOCX.ImprimirItem --> OK
05/05/2020 10:51:58|Articulo --> el coloso lavandinax5l basica
05/05/2020 10:51:58|cantidadArt B --> 1
05/05/2020 10:51:58|PrecVear --> 175
05/05/2020 10:51:58|montoArt --> 144,628099173554
05/05/2020 10:51:58|ivaArt --> 21
05/05/2020 10:51:59|hasarOCX.ImprimirItem --> OK
05/05/2020 10:51:59|Cerrar Comprobante B:::
05/05/2020 10:52:02|Obtiene nrocomp
05/05/2020 10:52:02|nrocomp --> 148
05/05/2020 10:52:02|Nro. de Comprobante ::: TFB ::: 148
05/05/2020 11:11:28|Conectando..
05/05/2020 11:11:28|IP: 127.0.0.1 - Puerto: 6500
05/05/2020 11:11:29|Conectado con éxito!!
05/05/2020 11:12:46|Comienza Facturacion B
05/05/2020 11:12:46|DatosCliente B
05/05/2020 11:12:49|AbrirComprobanteFiscal B
05/05/2020 11:12:49|Articulo --> el coloso rollo cocx3 x 40paños
05/05/2020 11:12:49|cantidadArt B --> 1
05/05/2020 11:12:49|PrecVear --> 45
05/05/2020 11:12:49|montoArt --> 37,1900826446281
05/05/2020 11:12:49|ivaArt --> 21
05/05/2020 11:12:49|hasarOCX.ImprimirItem --> OK
05/05/2020 11:12:49|Articulo --> mortimer esp.cudricx12-18147
05/05/2020 11:12:49|cantidadArt B --> 1
05/05/2020 11:12:49|PrecVear --> 30
05/05/2020 11:12:49|montoArt --> 24,7933884297521
05/05/2020 11:12:49|ivaArt --> 21
05/05/2020 11:12:49|hasarOCX.ImprimirItem --> OK
05/05/2020 11:12:49|Articulo --> ayudin r.color x470 quitam sachet
05/05/2020 11:12:49|cantidadArt B --> 1
05/05/2020 11:12:49|PrecVear --> 89
05/05/2020 11:12:49|montoArt --> 73,5537190082645
05/05/2020 11:12:49|ivaArt --> 21
05/05/2020 11:12:50|hasarOCX.ImprimirItem --> OK
05/05/2020 11:12:50|Cerrar Comprobante B:::
05/05/2020 11:12:53|Obtiene nrocomp
05/05/2020 11:12:53|nrocomp --> 149
05/05/2020 11:12:53|Nro. de Comprobante ::: TFB ::: 149
05/05/2020 11:14:00|Comienza Facturacion B
05/05/2020 11:14:00|DatosCliente B
05/05/2020 11:14:03|AbrirComprobanteFiscal B
05/05/2020 11:14:03|Articulo --> querubin jabon liquido x3 dp
05/05/2020 11:14:03|cantidadArt B --> 1
05/05/2020 11:14:03|PrecVear --> 350
05/05/2020 11:14:03|montoArt --> 289,256198347107
05/05/2020 11:14:03|ivaArt --> 21
05/05/2020 11:14:03|hasarOCX.ImprimirItem --> OK
05/05/2020 11:14:03|Articulo --> h.s chx375 suave y manejable
05/05/2020 11:14:03|cantidadArt B --> 1
05/05/2020 11:14:03|PrecVear --> 295
05/05/2020 11:14:03|montoArt --> 243,801652892562
05/05/2020 11:14:03|ivaArt --> 21
05/05/2020 11:14:03|hasarOCX.ImprimirItem --> OK
05/05/2020 11:14:03|Cerrar Comprobante B:::
05/05/2020 11:14:06|Obtiene nrocomp
05/05/2020 11:14:06|nrocomp --> 150
05/05/2020 11:14:06|Nro. de Comprobante ::: TFB ::: 150
05/05/2020 11:26:21|Comienza Facturacion B
05/05/2020 11:26:22|DatosCliente B
05/05/2020 11:26:24|AbrirComprobanteFiscal B
05/05/2020 11:26:24|Articulo --> varios
05/05/2020 11:26:24|cantidadArt B --> 1
05/05/2020 11:26:24|PrecVear --> 5000
05/05/2020 11:26:24|montoArt --> 4132,23140495868
05/05/2020 11:26:24|ivaArt --> 21
05/05/2020 11:26:24|hasarOCX.ImprimirItem --> OK
05/05/2020 11:26:24|Cerrar Comprobante B:::
05/05/2020 11:26:27|Obtiene nrocomp
05/05/2020 11:26:28|nrocomp --> 151
05/05/2020 11:26:28|Nro. de Comprobante ::: TFB ::: 151
05/05/2020 11:32:24|Comienza Facturacion B
05/05/2020 11:32:25|DatosCliente B
05/05/2020 11:32:27|AbrirComprobanteFiscal B
05/05/2020 11:32:27|Articulo --> babysec ultrasec xg x 36
05/05/2020 11:32:27|cantidadArt B --> 2
05/05/2020 11:32:27|PrecVear --> 470
05/05/2020 11:32:27|montoArt --> 388,429752066116
05/05/2020 11:32:27|ivaArt --> 21
05/05/2020 11:32:28|hasarOCX.ImprimirItem --> OK
05/05/2020 11:32:28|Articulo --> plusbelle jabx125 sens.nutrit
05/05/2020 11:32:28|cantidadArt B --> 1
05/05/2020 11:32:28|PrecVear --> 42
05/05/2020 11:32:28|montoArt --> 34,7107438016529
05/05/2020 11:32:28|ivaArt --> 21
05/05/2020 11:32:28|hasarOCX.ImprimirItem --> OK
05/05/2020 11:32:28|Articulo --> 21614 doncella toalla pocket tela suave c/desodorante c/alas  8 u x 50 paq
05/05/2020 11:32:28|cantidadArt B --> 1
05/05/2020 11:32:28|PrecVear --> 40
05/05/2020 11:32:28|montoArt --> 33,0578512396694
05/05/2020 11:32:28|ivaArt --> 21
05/05/2020 11:32:28|hasarOCX.ImprimirItem --> OK
05/05/2020 11:32:28|Articulo --> algabo alcohol en gel ultra - 70 pomo 90 ml
05/05/2020 11:32:28|cantidadArt B --> 1
05/05/2020 11:32:28|PrecVear --> 120
05/05/2020 11:32:28|montoArt --> 99,1735537190083
05/05/2020 11:32:28|ivaArt --> 21
05/05/2020 11:32:29|hasarOCX.ImprimirItem --> OK
05/05/2020 11:32:29|Cerrar Comprobante B:::
05/05/2020 11:32:32|Obtiene nrocomp
05/05/2020 11:32:32|nrocomp --> 152
05/05/2020 11:32:32|Nro. de Comprobante ::: TFB ::: 152
05/05/2020 12:12:43|Comienza Facturacion B
05/05/2020 12:12:43|DatosCliente B
05/05/2020 12:12:46|AbrirComprobanteFiscal B
05/05/2020 12:12:46|Articulo --> algabo champu 930 manzanilla y magnolia
05/05/2020 12:12:46|cantidadArt B --> 1
05/05/2020 12:12:46|PrecVear --> 122
05/05/2020 12:12:46|montoArt --> 100,826446280992
05/05/2020 12:12:46|ivaArt --> 21
05/05/2020 12:12:46|hasarOCX.ImprimirItem --> OK
05/05/2020 12:12:46|Articulo --> patrich deo aerox97 black label
05/05/2020 12:12:46|cantidadArt B --> 1
05/05/2020 12:12:46|PrecVear --> 120
05/05/2020 12:12:46|montoArt --> 99,1735537190083
05/05/2020 12:12:46|ivaArt --> 21
05/05/2020 12:12:47|hasarOCX.ImprimirItem --> OK
05/05/2020 12:12:47|Cerrar Comprobante B:::
05/05/2020 12:12:50|Obtiene nrocomp
05/05/2020 12:12:50|nrocomp --> 153
05/05/2020 12:12:50|Nro. de Comprobante ::: TFB ::: 153
05/05/2020 12:25:44|Comienza Facturacion B
05/05/2020 12:25:44|DatosCliente B
05/05/2020 12:25:47|AbrirComprobanteFiscal B
05/05/2020 12:25:47|Articulo --> varios
05/05/2020 12:25:47|cantidadArt B --> 1
05/05/2020 12:25:47|PrecVear --> 350
05/05/2020 12:25:47|montoArt --> 289,256198347107
05/05/2020 12:25:47|ivaArt --> 21
05/05/2020 12:25:47|hasarOCX.ImprimirItem --> OK
05/05/2020 12:25:47|Articulo --> varios
05/05/2020 12:25:47|cantidadArt B --> 3
05/05/2020 12:25:47|PrecVear --> 130
05/05/2020 12:25:47|montoArt --> 107,438016528926
05/05/2020 12:25:47|ivaArt --> 21
05/05/2020 12:25:47|hasarOCX.ImprimirItem --> OK
05/05/2020 12:25:47|Cerrar Comprobante B:::
05/05/2020 12:25:50|Obtiene nrocomp
05/05/2020 12:25:50|nrocomp --> 154
05/05/2020 12:25:50|Nro. de Comprobante ::: TFB ::: 154
05/05/2020 15:03:38|Conectando..
05/05/2020 15:03:38|IP: 127.0.0.1 - Puerto: 6500
05/05/2020 15:07:31|Conectando..
05/05/2020 15:07:31|IP: 127.0.0.1 - Puerto: 6500
05/05/2020 15:07:32|Conectado con éxito!!
05/05/2020 15:20:59|Comienza Facturacion B
05/05/2020 15:20:59|DatosCliente B
05/05/2020 15:21:03|AbrirComprobanteFiscal B
05/05/2020 15:21:03|Articulo --> 60 segundos
05/05/2020 15:21:03|cantidadArt B --> 1
05/05/2020 15:21:03|PrecVear --> 48
05/05/2020 15:21:03|montoArt --> 39,6694214876033
05/05/2020 15:21:03|ivaArt --> 21
05/05/2020 15:21:03|hasarOCX.ImprimirItem --> OK
05/05/2020 15:21:03|Articulo --> shock sachet btx reestructurante x 50 ml. ec
05/05/2020 15:21:03|cantidadArt B --> 1
05/05/2020 15:21:03|PrecVear --> 95
05/05/2020 15:21:03|montoArt --> 78,5123966942149
05/05/2020 15:21:03|ivaArt --> 21
05/05/2020 15:21:03|hasarOCX.ImprimirItem --> OK
05/05/2020 15:21:03|Articulo --> higienol exp.plus x4 -1490
05/05/2020 15:21:03|cantidadArt B --> 1
05/05/2020 15:21:03|PrecVear --> 65
05/05/2020 15:21:03|montoArt --> 53,7190082644628
05/05/2020 15:21:03|ivaArt --> 21
05/05/2020 15:21:04|hasarOCX.ImprimirItem --> OK
05/05/2020 15:21:04|Articulo --> goodmax maquina de afeitar x5 filos
05/05/2020 15:21:04|cantidadArt B --> 1
05/05/2020 15:21:04|PrecVear --> 55
05/05/2020 15:21:04|montoArt --> 45,4545454545455
05/05/2020 15:21:04|ivaArt --> 21
05/05/2020 15:21:04|hasarOCX.ImprimirItem --> OK
05/05/2020 15:21:04|Articulo --> dove rollonx50 orig
05/05/2020 15:21:04|cantidadArt B --> 1
05/05/2020 15:21:04|PrecVear --> 150
05/05/2020 15:21:04|montoArt --> 123,96694214876
05/05/2020 15:21:04|ivaArt --> 21
05/05/2020 15:21:05|hasarOCX.ImprimirItem --> OK
05/05/2020 15:21:05|Cerrar Comprobante B:::
05/05/2020 15:21:08|Obtiene nrocomp
05/05/2020 15:21:08|nrocomp --> 155
05/05/2020 15:21:08|Nro. de Comprobante ::: TFB ::: 155
05/05/2020 15:24:05|Conectando..
05/05/2020 15:24:05|IP: 127.0.0.1 - Puerto: 6500
05/05/2020 15:24:06|Conectado con éxito!!
05/05/2020 15:29:50|Conectando..
05/05/2020 15:29:50|IP: 127.0.0.1 - Puerto: 6500
05/05/2020 15:29:51|Conectado con éxito!!
05/05/2020 15:29:57|Comienza Facturacion B
05/05/2020 15:29:57|DatosCliente B
05/05/2020 15:30:00|AbrirComprobanteFiscal B
05/05/2020 15:30:00|Articulo --> issue sin amoniaco n 7.1
05/05/2020 15:30:00|cantidadArt B --> 1
05/05/2020 15:30:00|PrecVear --> 130
05/05/2020 15:30:00|montoArt --> 107,438016528926
05/05/2020 15:30:00|ivaArt --> 21
05/05/2020 15:30:00|hasarOCX.ImprimirItem --> OK
05/05/2020 15:30:00|Articulo --> farmaclean mascara puntos negros sobre x7ml
05/05/2020 15:30:00|cantidadArt B --> 1
05/05/2020 15:30:00|PrecVear --> 60
05/05/2020 15:30:00|montoArt --> 49,5867768595041
05/05/2020 15:30:00|ivaArt --> 21
05/05/2020 15:30:00|hasarOCX.ImprimirItem --> OK
05/05/2020 15:30:00|Cerrar Comprobante B:::
05/05/2020 15:30:03|Obtiene nrocomp
05/05/2020 15:30:04|nrocomp --> 156
05/05/2020 15:30:04|Nro. de Comprobante ::: TFB ::: 156
05/05/2020 15:30:24|Comienza Facturacion B
05/05/2020 15:30:24|DatosCliente B
05/05/2020 15:30:26|AbrirComprobanteFiscal B
05/05/2020 15:30:26|Articulo --> pamp pants premium care xgd
05/05/2020 15:30:26|cantidadArt B --> 1
05/05/2020 15:30:26|PrecVear --> 540
05/05/2020 15:30:26|montoArt --> 446,280991735537
05/05/2020 15:30:26|ivaArt --> 21
05/05/2020 15:30:27|hasarOCX.ImprimirItem --> OK
05/05/2020 15:30:27|Articulo --> varios
05/05/2020 15:30:27|cantidadArt B --> 1
05/05/2020 15:30:27|PrecVear --> 240
05/05/2020 15:30:27|montoArt --> 198,347107438017
05/05/2020 15:30:27|ivaArt --> 21
05/05/2020 15:30:27|hasarOCX.ImprimirItem --> OK
05/05/2020 15:30:27|Articulo --> saphirus sanitizante x250
05/05/2020 15:30:27|cantidadArt B --> 1
05/05/2020 15:30:27|PrecVear --> 160
05/05/2020 15:30:27|montoArt --> 132,231404958678
05/05/2020 15:30:27|ivaArt --> 21
05/05/2020 15:30:27|hasarOCX.ImprimirItem --> OK
05/05/2020 15:30:27|Cerrar Comprobante B:::
05/05/2020 15:30:30|Obtiene nrocomp
05/05/2020 15:30:31|nrocomp --> 157
05/05/2020 15:30:31|Nro. de Comprobante ::: TFB ::: 157
05/05/2020 15:32:38|Comienza Facturacion B
05/05/2020 15:32:38|DatosCliente B
05/05/2020 15:32:41|AbrirComprobanteFiscal B
05/05/2020 15:32:41|Articulo --> estrella pañal xxgx34 uni
05/05/2020 15:32:41|cantidadArt B --> 2
05/05/2020 15:32:41|PrecVear --> 540
05/05/2020 15:32:41|montoArt --> 446,280991735537
05/05/2020 15:32:41|ivaArt --> 21
05/05/2020 15:32:41|hasarOCX.ImprimirItem --> OK
05/05/2020 15:32:41|Articulo --> querubin suavizante x3 l dp
05/05/2020 15:32:41|cantidadArt B --> 1
05/05/2020 15:32:41|PrecVear --> 275
05/05/2020 15:32:41|montoArt --> 227,272727272727
05/05/2020 15:32:41|ivaArt --> 21
05/05/2020 15:32:41|hasarOCX.ImprimirItem --> OK
05/05/2020 15:32:41|Articulo --> q soft toall. hum. clasicas x50 u
05/05/2020 15:32:41|cantidadArt B --> 2
05/05/2020 15:32:41|PrecVear --> 98
05/05/2020 15:32:41|montoArt --> 80,9917355371901
05/05/2020 15:32:41|ivaArt --> 21
05/05/2020 15:32:42|hasarOCX.ImprimirItem --> OK
05/05/2020 15:32:42|Cerrar Comprobante B:::
05/05/2020 15:32:45|Obtiene nrocomp
05/05/2020 15:32:45|nrocomp --> 158
05/05/2020 15:32:45|Nro. de Comprobante ::: TFB ::: 158
05/05/2020 15:38:33|Conectando..
05/05/2020 15:38:33|IP: 127.0.0.1 - Puerto: 6500
05/05/2020 15:38:34|Conectado con éxito!!
05/05/2020 15:40:20|Conectando..
05/05/2020 15:40:20|IP: 127.0.0.1 - Puerto: 6500
05/05/2020 15:40:21|Conectado con éxito!!
05/05/2020 15:59:44|Comienza Facturacion B
05/05/2020 15:59:44|DatosCliente B
05/05/2020 15:59:48|AbrirComprobanteFiscal B
05/05/2020 15:59:48|Articulo --> varios
05/05/2020 15:59:48|cantidadArt B --> 1
05/05/2020 15:59:48|PrecVear --> 30
05/05/2020 15:59:48|montoArt --> 24,7933884297521
05/05/2020 15:59:48|ivaArt --> 21
05/05/2020 15:59:48|hasarOCX.ImprimirItem --> OK
05/05/2020 15:59:48|Articulo --> suave kids sh 2 en 1 x350 ml
05/05/2020 15:59:48|cantidadArt B --> 1
05/05/2020 15:59:48|PrecVear --> 225
05/05/2020 15:59:48|montoArt --> 185,950413223141
05/05/2020 15:59:48|ivaArt --> 21
05/05/2020 15:59:48|hasarOCX.ImprimirItem --> OK
05/05/2020 15:59:48|Articulo --> dove baby jab hidrat enriq 75g
05/05/2020 15:59:48|cantidadArt B --> 1
05/05/2020 15:59:48|PrecVear --> 75
05/05/2020 15:59:48|montoArt --> 61,9834710743802
05/05/2020 15:59:48|ivaArt --> 21
05/05/2020 15:59:49|hasarOCX.ImprimirItem --> OK
05/05/2020 15:59:49|Articulo --> jyj t. hum. toque de bebe 18x50u (blanco)
05/05/2020 15:59:49|cantidadArt B --> 1
05/05/2020 15:59:49|PrecVear --> 150
05/05/2020 15:59:49|montoArt --> 123,96694214876
05/05/2020 15:59:49|ivaArt --> 21
05/05/2020 15:59:49|hasarOCX.ImprimirItem --> OK
05/05/2020 15:59:49|Articulo --> danielle jolie  perfume x90 ml
05/05/2020 15:59:49|cantidadArt B --> 1
05/05/2020 15:59:49|PrecVear --> 285
05/05/2020 15:59:49|montoArt --> 235,537190082645
05/05/2020 15:59:49|ivaArt --> 21
05/05/2020 15:59:49|hasarOCX.ImprimirItem --> OK
05/05/2020 15:59:49|Articulo --> jyj acond. clasico gold 12x400 (amarillo)
05/05/2020 15:59:49|cantidadArt B --> 1
05/05/2020 15:59:49|PrecVear --> 295
05/05/2020 15:59:49|montoArt --> 243,801652892562
05/05/2020 15:59:49|ivaArt --> 21
05/05/2020 15:59:50|hasarOCX.ImprimirItem --> OK
05/05/2020 15:59:50|Articulo --> odolito frutilla x50gel -3916-
05/05/2020 15:59:50|cantidadArt B --> 1
05/05/2020 15:59:50|PrecVear --> 55
05/05/2020 15:59:50|montoArt --> 45,4545454545455
05/05/2020 15:59:50|ivaArt --> 21
05/05/2020 15:59:50|hasarOCX.ImprimirItem --> OK
05/05/2020 15:59:50|Articulo --> varios
05/05/2020 15:59:50|cantidadArt B --> 1
05/05/2020 15:59:50|PrecVear --> 295
05/05/2020 15:59:50|montoArt --> 243,801652892562
05/05/2020 15:59:50|ivaArt --> 21
05/05/2020 15:59:51|hasarOCX.ImprimirItem --> OK
05/05/2020 15:59:51|Articulo --> algabo alcohol en gel ultra - 70 500 ml
05/05/2020 15:59:51|cantidadArt B --> 1
05/05/2020 15:59:51|PrecVear --> 250
05/05/2020 15:59:51|montoArt --> 206,611570247934
05/05/2020 15:59:51|ivaArt --> 21
05/05/2020 15:59:51|hasarOCX.ImprimirItem --> OK
05/05/2020 15:59:51|Cerrar Comprobante B:::
05/05/2020 15:59:54|Obtiene nrocomp
05/05/2020 15:59:54|nrocomp --> 159
05/05/2020 15:59:54|Nro. de Comprobante ::: TFB ::: 159
05/05/2020 16:00:14|Comienza Facturacion B
05/05/2020 16:00:14|DatosCliente B
05/05/2020 16:00:16|AbrirComprobanteFiscal B
05/05/2020 16:00:16|Articulo --> 30227476 toa hum hugg limpieza cotidiana 18x96 (ama)
05/05/2020 16:00:16|cantidadArt B --> 1
05/05/2020 16:00:16|PrecVear --> 220
05/05/2020 16:00:16|montoArt --> 181,818181818182
05/05/2020 16:00:16|ivaArt --> 21
05/05/2020 16:00:17|hasarOCX.ImprimirItem --> OK
05/05/2020 16:00:17|Articulo --> huggies nat care gde x68 - mujer
05/05/2020 16:00:17|cantidadArt B --> 1
05/05/2020 16:00:17|PrecVear --> 1100
05/05/2020 16:00:17|montoArt --> 909,090909090909
05/05/2020 16:00:17|ivaArt --> 21
05/05/2020 16:00:17|hasarOCX.ImprimirItem --> OK
05/05/2020 16:00:17|Cerrar Comprobante B:::
05/05/2020 16:00:20|Obtiene nrocomp
05/05/2020 16:00:20|nrocomp --> 160
05/05/2020 16:00:20|Nro. de Comprobante ::: TFB ::: 160
05/05/2020 16:06:28|Conectando..
05/05/2020 16:06:28|IP: 127.0.0.1 - Puerto: 6500
05/05/2020 16:06:29|Conectado con éxito!!
05/05/2020 16:07:18|Conectando..
05/05/2020 16:07:18|IP: 127.0.0.1 - Puerto: 6500
05/05/2020 16:07:18|Conectado con éxito!!
05/05/2020 16:07:45|Conectando..
05/05/2020 16:07:45|IP: 127.0.0.1 - Puerto: 6500
05/05/2020 16:07:46|Conectado con éxito!!
05/05/2020 16:11:57|Conectando..
05/05/2020 16:11:57|IP: 127.0.0.1 - Puerto: 6500
05/05/2020 16:11:58|Conectado con éxito!!
05/05/2020 16:19:05|Conectando..
05/05/2020 16:19:05|IP: 127.0.0.1 - Puerto: 6500
05/05/2020 16:19:06|Conectado con éxito!!
05/05/2020 16:21:00|Comienza Facturacion B
05/05/2020 16:21:00|DatosCliente B
05/05/2020 16:21:03|AbrirComprobanteFiscal B
05/05/2020 16:21:03|Articulo --> elvive cr.peinarx250 rep.tot5-7400
05/05/2020 16:21:03|cantidadArt B --> 1
05/05/2020 16:21:03|PrecVear --> 386
05/05/2020 16:21:03|montoArt --> 319,00826446281
05/05/2020 16:21:03|ivaArt --> 21
05/05/2020 16:21:03|hasarOCX.ImprimirItem --> OK
05/05/2020 16:21:03|Articulo --> jidol pvo fec.aloe/manzbsax300-508
05/05/2020 16:21:03|cantidadArt B --> 1
05/05/2020 16:21:03|PrecVear --> 195
05/05/2020 16:21:03|montoArt --> 161,157024793388
05/05/2020 16:21:03|ivaArt --> 21
05/05/2020 16:21:04|hasarOCX.ImprimirItem --> OK
05/05/2020 16:21:04|Articulo --> mortimer esp.cudricx12-18147
05/05/2020 16:21:04|cantidadArt B --> 2
05/05/2020 16:21:04|PrecVear --> 30
05/05/2020 16:21:04|montoArt --> 24,7933884297521
05/05/2020 16:21:04|ivaArt --> 21
05/05/2020 16:21:04|hasarOCX.ImprimirItem --> OK
05/05/2020 16:21:04|Articulo --> varios
05/05/2020 16:21:04|cantidadArt B --> 1
05/05/2020 16:21:04|PrecVear --> 295
05/05/2020 16:21:04|montoArt --> 243,801652892562
05/05/2020 16:21:04|ivaArt --> 21
05/05/2020 16:21:04|hasarOCX.ImprimirItem --> OK
05/05/2020 16:21:04|Articulo --> nivea rollonx50 black white male45
05/05/2020 16:21:04|cantidadArt B --> 2
05/05/2020 16:21:04|PrecVear --> 140
05/05/2020 16:21:04|montoArt --> 115,702479338843
05/05/2020 16:21:04|ivaArt --> 21
05/05/2020 16:21:05|hasarOCX.ImprimirItem --> OK
05/05/2020 16:21:05|Articulo --> blem aerox235 electronics-642183
05/05/2020 16:21:05|cantidadArt B --> 1
05/05/2020 16:21:05|PrecVear --> 145
05/05/2020 16:21:05|montoArt --> 119,834710743802
05/05/2020 16:21:05|ivaArt --> 21
05/05/2020 16:21:05|hasarOCX.ImprimirItem --> OK
05/05/2020 16:21:05|Articulo --> cif cremx750 orig.micropart-95050
05/05/2020 16:21:05|cantidadArt B --> 1
05/05/2020 16:21:05|PrecVear --> 118
05/05/2020 16:21:05|montoArt --> 97,5206611570248
05/05/2020 16:21:05|ivaArt --> 21
05/05/2020 16:21:06|hasarOCX.ImprimirItem --> OK
05/05/2020 16:21:06|Articulo --> rex limpiador acero inox x500
05/05/2020 16:21:06|cantidadArt B --> 1
05/05/2020 16:21:06|PrecVear --> 245
05/05/2020 16:21:06|montoArt --> 202,479338842975
05/05/2020 16:21:06|ivaArt --> 21
05/05/2020 16:21:06|hasarOCX.ImprimirItem --> OK
05/05/2020 16:21:06|Articulo --> saphirus sanitizante x250
05/05/2020 16:21:06|cantidadArt B --> 1
05/05/2020 16:21:06|PrecVear --> 160
05/05/2020 16:21:06|montoArt --> 132,231404958678
05/05/2020 16:21:06|ivaArt --> 21
05/05/2020 16:21:06|hasarOCX.ImprimirItem --> OK
05/05/2020 16:21:06|Articulo --> varios
05/05/2020 16:21:06|cantidadArt B --> 2
05/05/2020 16:21:06|PrecVear --> 170
05/05/2020 16:21:06|montoArt --> 140,495867768595
05/05/2020 16:21:06|ivaArt --> 21
05/05/2020 16:21:07|hasarOCX.ImprimirItem --> OK
05/05/2020 16:21:07|Cerrar Comprobante B:::
05/05/2020 16:21:10|Obtiene nrocomp
05/05/2020 16:21:10|nrocomp --> 161
05/05/2020 16:21:10|Nro. de Comprobante ::: TFB ::: 161
05/05/2020 16:21:41|Conectando..
05/05/2020 16:21:41|IP: 127.0.0.1 - Puerto: 6500
05/05/2020 16:21:42|Conectado con éxito!!
05/05/2020 16:24:48|Comienza Facturacion B
05/05/2020 16:24:48|DatosCliente B
05/05/2020 16:24:51|AbrirComprobanteFiscal B
05/05/2020 16:24:51|Articulo --> varios
05/05/2020 16:24:51|cantidadArt B --> 1
05/05/2020 16:24:51|PrecVear --> 1040
05/05/2020 16:24:51|montoArt --> 859,504132231405
05/05/2020 16:24:51|ivaArt --> 21
05/05/2020 16:24:51|hasarOCX.ImprimirItem --> OK
05/05/2020 16:24:51|Cerrar Comprobante B:::
05/05/2020 16:24:54|Obtiene nrocomp
05/05/2020 16:24:55|nrocomp --> 162
05/05/2020 16:24:55|Nro. de Comprobante ::: TFB ::: 162
05/05/2020 16:27:33|Conectando..
05/05/2020 16:27:33|IP: 127.0.0.1 - Puerto: 6500
05/05/2020 16:27:34|Conectado con éxito!!
05/05/2020 16:30:58|Comienza Facturacion B
05/05/2020 16:30:58|DatosCliente B
05/05/2020 16:31:02|AbrirComprobanteFiscal B
05/05/2020 16:31:02|Articulo --> saphirus sanitizante x250
05/05/2020 16:31:02|cantidadArt B --> 1
05/05/2020 16:31:02|PrecVear --> 160
05/05/2020 16:31:02|montoArt --> 132,231404958678
05/05/2020 16:31:02|ivaArt --> 21
05/05/2020 16:31:02|hasarOCX.ImprimirItem --> OK
05/05/2020 16:31:02|Articulo --> varios
05/05/2020 16:31:02|cantidadArt B --> 1
05/05/2020 16:31:02|PrecVear --> 270
05/05/2020 16:31:02|montoArt --> 223,140495867769
05/05/2020 16:31:02|ivaArt --> 21
05/05/2020 16:31:02|hasarOCX.ImprimirItem --> OK
05/05/2020 16:31:02|Articulo --> ala matic x3l dp
05/05/2020 16:31:02|cantidadArt B --> 1
05/05/2020 16:31:02|PrecVear --> 390
05/05/2020 16:31:02|montoArt --> 322,314049586777
05/05/2020 16:31:02|ivaArt --> 21
05/05/2020 16:31:03|hasarOCX.ImprimirItem --> OK
05/05/2020 16:31:03|Articulo --> el coloso lavandinax5l basica
05/05/2020 16:31:03|cantidadArt B --> 1
05/05/2020 16:31:03|PrecVear --> 175
05/05/2020 16:31:03|montoArt --> 144,628099173554
05/05/2020 16:31:03|ivaArt --> 21
05/05/2020 16:31:03|hasarOCX.ImprimirItem --> OK
05/05/2020 16:31:03|Articulo --> colgate cr.trip.accionx90 xtr-638a
05/05/2020 16:31:03|cantidadArt B --> 1
05/05/2020 16:31:03|PrecVear --> 135
05/05/2020 16:31:03|montoArt --> 111,570247933884
05/05/2020 16:31:03|ivaArt --> 21
05/05/2020 16:31:03|hasarOCX.ImprimirItem --> OK
05/05/2020 16:31:03|Cerrar Comprobante B:::
05/05/2020 16:31:06|Obtiene nrocomp
05/05/2020 16:31:07|nrocomp --> 163
05/05/2020 16:31:07|Nro. de Comprobante ::: TFB ::: 163
05/05/2020 16:33:41|Conectando..
05/05/2020 16:33:41|IP: 127.0.0.1 - Puerto: 6500
05/05/2020 16:33:42|Conectado con éxito!!
05/05/2020 16:47:26|Conectando..
05/05/2020 16:47:26|IP: 127.0.0.1 - Puerto: 6500
05/05/2020 16:47:27|Conectado con éxito!!
05/05/2020 16:54:55|Comienza Facturacion B
05/05/2020 16:54:56|DatosCliente B
05/05/2020 16:54:58|AbrirComprobanteFiscal B
05/05/2020 16:54:58|Articulo --> goodmax maquina de  3 filos  x 1 unidad
05/05/2020 16:54:58|cantidadArt B --> 1
05/05/2020 16:54:58|PrecVear --> 30
05/05/2020 16:54:58|montoArt --> 24,7933884297521
05/05/2020 16:54:58|ivaArt --> 21
05/05/2020 16:54:59|hasarOCX.ImprimirItem --> OK
05/05/2020 16:54:59|Articulo --> varios
05/05/2020 16:54:59|cantidadArt B --> 1
05/05/2020 16:54:59|PrecVear --> 130
05/05/2020 16:54:59|montoArt --> 107,438016528926
05/05/2020 16:54:59|ivaArt --> 21
05/05/2020 16:54:59|hasarOCX.ImprimirItem --> OK
05/05/2020 16:54:59|Articulo --> selton mmmx360 rojo acc.prol-24460
05/05/2020 16:54:59|cantidadArt B --> 1
05/05/2020 16:54:59|PrecVear --> 120
05/05/2020 16:54:59|montoArt --> 99,1735537190083
05/05/2020 16:54:59|ivaArt --> 21
05/05/2020 16:54:59|hasarOCX.ImprimirItem --> OK
05/05/2020 16:54:59|Articulo --> varios
05/05/2020 16:54:59|cantidadArt B --> 1
05/05/2020 16:54:59|PrecVear --> 40
05/05/2020 16:54:59|montoArt --> 33,0578512396694
05/05/2020 16:54:59|ivaArt --> 21
05/05/2020 16:55:00|hasarOCX.ImprimirItem --> OK
05/05/2020 16:55:00|Articulo --> magistral esp.activax500limon7172
05/05/2020 16:55:00|cantidadArt B --> 1
05/05/2020 16:55:00|PrecVear --> 155
05/05/2020 16:55:00|montoArt --> 128,099173553719
05/05/2020 16:55:00|ivaArt --> 21
05/05/2020 16:55:00|hasarOCX.ImprimirItem --> OK
05/05/2020 16:55:00|Articulo --> ladysoft normx8 c/aloe c/alas-9912
05/05/2020 16:55:00|cantidadArt B --> 2
05/05/2020 16:55:00|PrecVear --> 45
05/05/2020 16:55:00|montoArt --> 37,1900826446281
05/05/2020 16:55:00|ivaArt --> 21
05/05/2020 16:55:00|hasarOCX.ImprimirItem --> OK
05/05/2020 16:55:00|Articulo --> estrella baby oleo verde x250
05/05/2020 16:55:00|cantidadArt B --> 1
05/05/2020 16:55:00|PrecVear --> 125
05/05/2020 16:55:00|montoArt --> 103,305785123967
05/05/2020 16:55:00|ivaArt --> 21
05/05/2020 16:55:01|hasarOCX.ImprimirItem --> OK
05/05/2020 16:55:01|Articulo --> pampers toa /hum siempre limpio x48
05/05/2020 16:55:01|cantidadArt B --> 2
05/05/2020 16:55:01|PrecVear --> 80
05/05/2020 16:55:01|montoArt --> 66,1157024793389
05/05/2020 16:55:01|ivaArt --> 21
05/05/2020 16:55:01|hasarOCX.ImprimirItem --> OK
05/05/2020 16:55:01|Articulo --> estrella algodon clasico 140
05/05/2020 16:55:01|cantidadArt B --> 2
05/05/2020 16:55:01|PrecVear --> 95
05/05/2020 16:55:01|montoArt --> 78,5123966942149
05/05/2020 16:55:01|ivaArt --> 21
05/05/2020 16:55:01|hasarOCX.ImprimirItem --> OK
05/05/2020 16:55:01|Articulo --> el coloso hig.econ.bco.12x4 30mts
05/05/2020 16:55:01|cantidadArt B --> 1
05/05/2020 16:55:01|PrecVear --> 60
05/05/2020 16:55:01|montoArt --> 49,5867768595041
05/05/2020 16:55:01|ivaArt --> 21
05/05/2020 16:55:02|hasarOCX.ImprimirItem --> OK
05/05/2020 16:55:02|Articulo --> el coloso rollo cocx3 x 40paños
05/05/2020 16:55:02|cantidadArt B --> 1
05/05/2020 16:55:02|PrecVear --> 45
05/05/2020 16:55:02|montoArt --> 37,1900826446281
05/05/2020 16:55:02|ivaArt --> 21
05/05/2020 16:55:02|hasarOCX.ImprimirItem --> OK
05/05/2020 16:55:02|Articulo --> pamp pants confort sec xxg 32
05/05/2020 16:55:02|cantidadArt B --> 2
05/05/2020 16:55:02|PrecVear --> 640
05/05/2020 16:55:02|montoArt --> 528,925619834711
05/05/2020 16:55:02|ivaArt --> 21
05/05/2020 16:55:03|hasarOCX.ImprimirItem --> OK
05/05/2020 16:55:03|Cerrar Comprobante B:::
05/05/2020 16:55:06|Obtiene nrocomp
05/05/2020 16:55:06|nrocomp --> 164
05/05/2020 16:55:06|Nro. de Comprobante ::: TFB ::: 164
05/05/2020 16:59:00|Conectando..
05/05/2020 16:59:00|IP: 127.0.0.1 - Puerto: 6500
05/05/2020 16:59:01|Conectado con éxito!!
05/05/2020 17:00:01|Conectando..
05/05/2020 17:00:01|IP: 127.0.0.1 - Puerto: 6500
05/05/2020 17:00:02|Conectado con éxito!!
05/05/2020 17:02:31|Conectando..
05/05/2020 17:02:31|IP: 127.0.0.1 - Puerto: 6500
05/05/2020 17:02:32|Conectado con éxito!!
05/05/2020 17:02:58|Conectando..
05/05/2020 17:02:58|IP: 127.0.0.1 - Puerto: 6500
05/05/2020 17:02:59|Conectado con éxito!!
05/05/2020 17:19:33|Comienza Facturacion B
05/05/2020 17:19:33|DatosCliente B
05/05/2020 17:19:36|AbrirComprobanteFiscal B
05/05/2020 17:19:36|Articulo --> varios
05/05/2020 17:19:36|cantidadArt B --> 1
05/05/2020 17:19:36|PrecVear --> 175
05/05/2020 17:19:36|montoArt --> 144,628099173554
05/05/2020 17:19:36|ivaArt --> 21
05/05/2020 17:19:36|hasarOCX.ImprimirItem --> OK
05/05/2020 17:19:36|Articulo --> varios
05/05/2020 17:19:36|cantidadArt B --> 1
05/05/2020 17:19:36|PrecVear --> 215
05/05/2020 17:19:36|montoArt --> 177,685950413223
05/05/2020 17:19:36|ivaArt --> 21
05/05/2020 17:19:37|hasarOCX.ImprimirItem --> OK
05/05/2020 17:19:37|Articulo --> ciel noir deo.aerox186 1543/6
05/05/2020 17:19:37|cantidadArt B --> 1
05/05/2020 17:19:37|PrecVear --> 220
05/05/2020 17:19:37|montoArt --> 181,818181818182
05/05/2020 17:19:37|ivaArt --> 21
05/05/2020 17:19:37|hasarOCX.ImprimirItem --> OK
05/05/2020 17:19:37|Articulo --> 60 segundos
05/05/2020 17:19:37|cantidadArt B --> 1
05/05/2020 17:19:37|PrecVear --> 48
05/05/2020 17:19:37|montoArt --> 39,6694214876033
05/05/2020 17:19:37|ivaArt --> 21
05/05/2020 17:19:37|hasarOCX.ImprimirItem --> OK
05/05/2020 17:19:37|Articulo --> depimiel bandas depilatorias x100 uni
05/05/2020 17:19:37|cantidadArt B --> 1
05/05/2020 17:19:37|PrecVear --> 150
05/05/2020 17:19:37|montoArt --> 123,96694214876
05/05/2020 17:19:37|ivaArt --> 21
05/05/2020 17:19:38|hasarOCX.ImprimirItem --> OK
05/05/2020 17:19:38|Articulo --> depimiel rollon vegetal
05/05/2020 17:19:38|cantidadArt B --> 1
05/05/2020 17:19:38|PrecVear --> 95
05/05/2020 17:19:38|montoArt --> 78,5123966942149
05/05/2020 17:19:38|ivaArt --> 21
05/05/2020 17:19:38|hasarOCX.ImprimirItem --> OK
05/05/2020 17:19:38|Articulo --> varios
05/05/2020 17:19:38|cantidadArt B --> 2
05/05/2020 17:19:38|PrecVear --> 40
05/05/2020 17:19:38|montoArt --> 33,0578512396694
05/05/2020 17:19:38|ivaArt --> 21
05/05/2020 17:19:38|hasarOCX.ImprimirItem --> OK
05/05/2020 17:19:38|Articulo --> varios
05/05/2020 17:19:38|cantidadArt B --> 1
05/05/2020 17:19:38|PrecVear --> 120
05/05/2020 17:19:38|montoArt --> 99,1735537190083
05/05/2020 17:19:38|ivaArt --> 21
05/05/2020 17:19:39|hasarOCX.ImprimirItem --> OK
05/05/2020 17:19:39|Articulo --> mr.musculox450 d.p cocina
05/05/2020 17:19:39|cantidadArt B --> 1
05/05/2020 17:19:39|PrecVear --> 59
05/05/2020 17:19:39|montoArt --> 48,7603305785124
05/05/2020 17:19:39|ivaArt --> 21
05/05/2020 17:19:39|hasarOCX.ImprimirItem --> OK
05/05/2020 17:19:39|Articulo --> ala matic x800ml dp
05/05/2020 17:19:39|cantidadArt B --> 1
05/05/2020 17:19:39|PrecVear --> 115
05/05/2020 17:19:39|montoArt --> 95,0413223140496
05/05/2020 17:19:39|ivaArt --> 21
05/05/2020 17:19:39|hasarOCX.ImprimirItem --> OK
05/05/2020 17:19:39|Articulo --> lux jabx125 orquidea negra
05/05/2020 17:19:39|cantidadArt B --> 1
05/05/2020 17:19:39|PrecVear --> 43
05/05/2020 17:19:39|montoArt --> 35,5371900826446
05/05/2020 17:19:39|ivaArt --> 21
05/05/2020 17:19:40|hasarOCX.ImprimirItem --> OK
05/05/2020 17:19:40|Articulo --> cif act.gelx300 limon-5951
05/05/2020 17:19:40|cantidadArt B --> 1
05/05/2020 17:19:40|PrecVear --> 65
05/05/2020 17:19:40|montoArt --> 53,7190082644628
05/05/2020 17:19:40|ivaArt --> 21
05/05/2020 17:19:40|hasarOCX.ImprimirItem --> OK
05/05/2020 17:19:40|Articulo --> alb.vo5 acondx790 lacio lum. 5565
05/05/2020 17:19:40|cantidadArt B --> 1
05/05/2020 17:19:40|PrecVear --> 165
05/05/2020 17:19:40|montoArt --> 136,363636363636
05/05/2020 17:19:40|ivaArt --> 21
05/05/2020 17:19:40|hasarOCX.ImprimirItem --> OK
05/05/2020 17:19:40|Articulo --> alb.vo5 chx790 lacio luminoso-5065
05/05/2020 17:19:40|cantidadArt B --> 1
05/05/2020 17:19:40|PrecVear --> 165
05/05/2020 17:19:40|montoArt --> 136,363636363636
05/05/2020 17:19:40|ivaArt --> 21
05/05/2020 17:19:41|hasarOCX.ImprimirItem --> OK
05/05/2020 17:19:41|Cerrar Comprobante B:::
05/05/2020 17:19:44|Obtiene nrocomp
05/05/2020 17:19:44|nrocomp --> 165
05/05/2020 17:19:44|Nro. de Comprobante ::: TFB ::: 165
05/05/2020 17:23:08|Conectando..
05/05/2020 17:23:08|IP: 127.0.0.1 - Puerto: 6500
05/05/2020 17:23:09|Conectado con éxito!!
05/05/2020 17:23:49|Conectando..
05/05/2020 17:23:49|IP: 127.0.0.1 - Puerto: 6500
05/05/2020 17:23:49|Conectado con éxito!!
05/05/2020 17:31:37|Conectando..
05/05/2020 17:31:37|IP: 127.0.0.1 - Puerto: 6500
05/05/2020 17:31:38|Conectado con éxito!!
05/05/2020 17:55:46|Conectando..
05/05/2020 17:55:46|IP: 127.0.0.1 - Puerto: 6500
05/05/2020 17:55:47|Conectado con éxito!!
05/05/2020 18:36:03|*************COMIENZA Cierre  Z**********
05/05/2020 18:36:11|CIERRE Z
Cierre Z Nº =[14]
Fecha del Cierre        =[05/05/2020 0:00:00]
DF Emitidos             =[24]
DF Cancelados           =[0]
DF Total                =[3102801]
DF Total Gravado        =[2564297]
DF Total No Gravado     =[0]
DF Total Exento         =[0]
DF Total IVA            =[538504]
DF Total Otros Tributos =[0]
NC Emitidas             =[0]
NC Canceladas           =[0]
NC Total                =[0]
NC Total Gravado        =[0]
NC Total No Gravado     =[0]
NC Total Exento         =[0]
NC Total IVA            =[0]
NC Total Otros Tributos =[0]
DNFH Emitidos           =[0]
DNFH Total              =[0]

