02/05/2020 8:47:51|Conectando..
02/05/2020 8:47:51|IP: 127.0.0.1 - Puerto: 6500
02/05/2020 8:58:05|Conectando..
02/05/2020 8:58:05|IP: 127.0.0.1 - Puerto: 6500
02/05/2020 8:58:06|Conectado con éxito!!
02/05/2020 9:08:07|Conectando..
02/05/2020 9:08:07|IP: 127.0.0.1 - Puerto: 6500
02/05/2020 9:08:07|Conectado con éxito!!
02/05/2020 9:16:57|Conectando..
02/05/2020 9:16:57|IP: 127.0.0.1 - Puerto: 6500
02/05/2020 9:16:58|Conectado con éxito!!
02/05/2020 9:20:04|Conectando..
02/05/2020 9:20:04|IP: 127.0.0.1 - Puerto: 6500
02/05/2020 9:20:04|Conectado con éxito!!
02/05/2020 9:43:48|Comienza Facturacion B
02/05/2020 9:43:48|DatosCliente B
02/05/2020 9:43:51|AbrirComprobanteFiscal B
02/05/2020 9:43:51|Articulo --> zorro jab liquido x 3 l dp
02/05/2020 9:43:51|cantidadArt B --> 1
02/05/2020 9:43:51|PrecVear --> 360
02/05/2020 9:43:51|montoArt --> 297,520661157025
02/05/2020 9:43:51|ivaArt --> 21
02/05/2020 9:43:51|hasarOCX.ImprimirItem --> OK
02/05/2020 9:43:51|Articulo --> higienol max manzanilla 4x80mtr1505
02/05/2020 9:43:51|cantidadArt B --> 1
02/05/2020 9:43:51|PrecVear --> 160
02/05/2020 9:43:51|montoArt --> 132,231404958678
02/05/2020 9:43:51|ivaArt --> 21
02/05/2020 9:43:52|hasarOCX.ImprimirItem --> OK
02/05/2020 9:43:52|Articulo --> ala plus cremx750 colageno-53257
02/05/2020 9:43:52|cantidadArt B --> 1
02/05/2020 9:43:52|PrecVear --> 59
02/05/2020 9:43:52|montoArt --> 48,7603305785124
02/05/2020 9:43:52|ivaArt --> 21
02/05/2020 9:43:52|hasarOCX.ImprimirItem --> OK
02/05/2020 9:43:52|Articulo --> magistral esp.activax500limon7172
02/05/2020 9:43:52|cantidadArt B --> 1
02/05/2020 9:43:52|PrecVear --> 155
02/05/2020 9:43:52|montoArt --> 128,099173553719
02/05/2020 9:43:52|ivaArt --> 21
02/05/2020 9:43:52|hasarOCX.ImprimirItem --> OK
02/05/2020 9:43:52|Articulo --> sedal acondx340 rest.instant-9924
02/05/2020 9:43:52|cantidadArt B --> 1
02/05/2020 9:43:52|PrecVear --> 160
02/05/2020 9:43:52|montoArt --> 132,231404958678
02/05/2020 9:43:52|ivaArt --> 21
02/05/2020 9:43:53|hasarOCX.ImprimirItem --> OK
02/05/2020 9:43:53|Articulo --> plusbelle jabx125 hum.cremoso
02/05/2020 9:43:53|cantidadArt B --> 1
02/05/2020 9:43:53|PrecVear --> 42
02/05/2020 9:43:53|montoArt --> 34,7107438016529
02/05/2020 9:43:53|ivaArt --> 21
02/05/2020 9:43:53|hasarOCX.ImprimirItem --> OK
02/05/2020 9:43:53|Articulo --> plusbelle jabx125 detox -58774
02/05/2020 9:43:53|cantidadArt B --> 1
02/05/2020 9:43:53|PrecVear --> 42
02/05/2020 9:43:53|montoArt --> 34,7107438016529
02/05/2020 9:43:53|ivaArt --> 21
02/05/2020 9:43:53|hasarOCX.ImprimirItem --> OK
02/05/2020 9:43:53|Articulo --> gillette prestobarba ultragrip 2 filos
02/05/2020 9:43:53|cantidadArt B --> 2
02/05/2020 9:43:53|PrecVear --> 59
02/05/2020 9:43:53|montoArt --> 48,7603305785124
02/05/2020 9:43:53|ivaArt --> 21
02/05/2020 9:43:54|hasarOCX.ImprimirItem --> OK
02/05/2020 9:43:54|Articulo --> el coloso fosforosx220un
02/05/2020 9:43:54|cantidadArt B --> 1
02/05/2020 9:43:54|PrecVear --> 29
02/05/2020 9:43:54|montoArt --> 23,9669421487603
02/05/2020 9:43:54|ivaArt --> 21
02/05/2020 9:43:54|hasarOCX.ImprimirItem --> OK
02/05/2020 9:43:54|Articulo --> poett limpx900 mult.lavanda-4985
02/05/2020 9:43:54|cantidadArt B --> 1
02/05/2020 9:43:54|PrecVear --> 55
02/05/2020 9:43:54|montoArt --> 45,4545454545455
02/05/2020 9:43:54|ivaArt --> 21
02/05/2020 9:43:55|hasarOCX.ImprimirItem --> OK
02/05/2020 9:43:55|Articulo --> ox250 agua oxigenada 10 vol x 250cc
02/05/2020 9:43:55|cantidadArt B --> 1
02/05/2020 9:43:55|PrecVear --> 80
02/05/2020 9:43:55|montoArt --> 66,1157024793389
02/05/2020 9:43:55|ivaArt --> 21
02/05/2020 9:43:55|hasarOCX.ImprimirItem --> OK
02/05/2020 9:43:55|Articulo --> plusbelle chx1l nutricion
02/05/2020 9:43:55|cantidadArt B --> 1
02/05/2020 9:43:55|PrecVear --> 130
02/05/2020 9:43:55|montoArt --> 107,438016528926
02/05/2020 9:43:55|ivaArt --> 21
02/05/2020 9:43:55|hasarOCX.ImprimirItem --> OK
02/05/2020 9:43:55|Articulo --> bicarbonato de sodio x100
02/05/2020 9:43:55|cantidadArt B --> 1
02/05/2020 9:43:55|PrecVear --> 69
02/05/2020 9:43:55|montoArt --> 57,0247933884298
02/05/2020 9:43:55|ivaArt --> 21
02/05/2020 9:43:56|hasarOCX.ImprimirItem --> OK
02/05/2020 9:43:56|Cerrar Comprobante B:::
02/05/2020 9:43:59|Obtiene nrocomp
02/05/2020 9:43:59|nrocomp --> 98
02/05/2020 9:43:59|Nro. de Comprobante ::: TFB ::: 98
02/05/2020 10:22:25|Conectando..
02/05/2020 10:22:25|IP: 127.0.0.1 - Puerto: 6500
02/05/2020 10:22:26|Conectado con éxito!!
02/05/2020 10:27:49|Comienza Facturacion B
02/05/2020 10:27:50|DatosCliente B
02/05/2020 10:27:51|Comienza Facturacion B
02/05/2020 10:27:51|Error iniciando Factura B --> Anidamiento inválido de comandos
02/05/2020 10:27:51|Comienza Facturacion B
02/05/2020 10:27:51|Error iniciando Factura B --> Anidamiento inválido de comandos
02/05/2020 10:27:52|Conectando..
02/05/2020 10:27:52|IP: 127.0.0.1 - Puerto: 6500
02/05/2020 10:28:08|Comienza Facturacion B
02/05/2020 10:28:08|Error iniciando Factura B --> Anidamiento inválido de comandos
02/05/2020 10:28:08|Conectando..
02/05/2020 10:28:08|IP: 127.0.0.1 - Puerto: 6500
02/05/2020 10:28:09|Conectado con éxito!!
02/05/2020 10:28:10|Error Imprimiendo Factura B --> Operación no válida para el estado fiscal actual (Imposible ejecutar el comando en el estado VendiendoItems)
02/05/2020 10:28:35|Conectado con éxito!!
02/05/2020 10:28:35|Error Imprimiendo Factura B --> Operación no válida para el estado fiscal actual (Imposible ejecutar el comando en el estado VendiendoItems)
02/05/2020 10:28:50|Conectando..
02/05/2020 10:28:50|IP: 127.0.0.1 - Puerto: 6500
02/05/2020 10:28:51|Conectado con éxito!!
02/05/2020 10:28:51|Error Imprimiendo Factura B --> Operación no válida para el estado fiscal actual (Imposible ejecutar el comando en el estado VendiendoItems)
02/05/2020 10:30:22|Comienza Facturacion B
02/05/2020 10:30:23|Error iniciando Factura B --> Operación no válida para el estado fiscal actual (Imposible ejecutar el comando en el estado VendiendoItems)
02/05/2020 10:30:23|Conectando..
02/05/2020 10:30:23|IP: 127.0.0.1 - Puerto: 6500
02/05/2020 10:30:24|Conectado con éxito!!
02/05/2020 10:30:24|Error Imprimiendo Factura B --> Operación no válida para el estado fiscal actual (Imposible ejecutar el comando en el estado VendiendoItems)
02/05/2020 10:33:08|Conectando..
02/05/2020 10:33:08|IP: 127.0.0.1 - Puerto: 6500
02/05/2020 10:46:22|Comienza Facturacion B
02/05/2020 10:46:23|Error iniciando Factura B --> Operación no válida para el estado fiscal actual (Imposible ejecutar el comando en el estado VendiendoItems)
02/05/2020 10:46:23|Conectando..
02/05/2020 10:46:23|IP: 127.0.0.1 - Puerto: 6500
02/05/2020 10:46:24|Conectado con éxito!!
02/05/2020 10:46:24|Error Imprimiendo Factura B --> Operación no válida para el estado fiscal actual (Imposible ejecutar el comando en el estado VendiendoItems)
02/05/2020 10:47:41|Conectando..
02/05/2020 10:47:41|IP: 127.0.0.1 - Puerto: 6500
02/05/2020 10:47:41|Conectado con éxito!!
02/05/2020 10:47:46|Comienza Facturacion B
02/05/2020 10:47:47|Error iniciando Factura B --> Operación no válida para el estado fiscal actual (Imposible ejecutar el comando en el estado VendiendoItems)
02/05/2020 10:47:47|Conectando..
02/05/2020 10:47:47|IP: 127.0.0.1 - Puerto: 6500
02/05/2020 10:47:48|Conectado con éxito!!
02/05/2020 10:47:49|Error Imprimiendo Factura B --> Operación no válida para el estado fiscal actual (Imposible ejecutar el comando en el estado VendiendoItems)
02/05/2020 10:48:51|Conectando..
02/05/2020 10:48:51|IP: 127.0.0.1 - Puerto: 6500
02/05/2020 10:49:46|Conectando..
02/05/2020 10:49:46|IP: 127.0.0.1 - Puerto: 6500
02/05/2020 10:51:53|Conectando..
02/05/2020 10:51:53|IP: 127.0.0.1 - Puerto: 6500
02/05/2020 10:51:54|Conectado con éxito!!
02/05/2020 10:52:03|Comienza Facturacion B
02/05/2020 10:52:03|DatosCliente B
02/05/2020 10:52:06|AbrirComprobanteFiscal B
02/05/2020 10:52:06|Articulo --> saphirus sanitizante x250
02/05/2020 10:52:06|cantidadArt B --> 1
02/05/2020 10:52:06|PrecVear --> 160
02/05/2020 10:52:06|montoArt --> 132,231404958678
02/05/2020 10:52:06|ivaArt --> 21
02/05/2020 10:52:06|hasarOCX.ImprimirItem --> OK
02/05/2020 10:52:06|Cerrar Comprobante B:::
02/05/2020 10:52:09|Obtiene nrocomp
02/05/2020 10:52:10|nrocomp --> 100
02/05/2020 10:52:10|Nro. de Comprobante ::: TFB ::: 100
02/05/2020 10:53:26|Conectando..
02/05/2020 10:53:26|IP: 127.0.0.1 - Puerto: 6500
02/05/2020 10:53:27|Conectado con éxito!!
02/05/2020 10:57:49|Conectando..
02/05/2020 10:57:49|IP: 127.0.0.1 - Puerto: 6500
02/05/2020 10:57:49|Conectado con éxito!!
02/05/2020 10:59:16|Comienza Facturacion B
02/05/2020 10:59:16|DatosCliente B
02/05/2020 10:59:19|AbrirComprobanteFiscal B
02/05/2020 10:59:19|Articulo --> 10244 estrella discos algodon 12x80
02/05/2020 10:59:19|cantidadArt B --> 1
02/05/2020 10:59:19|PrecVear --> 80
02/05/2020 10:59:19|montoArt --> 66,1157024793389
02/05/2020 10:59:19|ivaArt --> 21
02/05/2020 10:59:19|hasarOCX.ImprimirItem --> OK
02/05/2020 10:59:19|Articulo --> glade canasta pastilla mas red x25 lavanda
02/05/2020 10:59:19|cantidadArt B --> 1
02/05/2020 10:59:19|PrecVear --> 59
02/05/2020 10:59:19|montoArt --> 48,7603305785124
02/05/2020 10:59:19|ivaArt --> 21
02/05/2020 10:59:20|hasarOCX.ImprimirItem --> OK
02/05/2020 10:59:20|Articulo --> poett aero mult.ambx360 lavanda
02/05/2020 10:59:20|cantidadArt B --> 1
02/05/2020 10:59:20|PrecVear --> 65
02/05/2020 10:59:20|montoArt --> 53,7190082644628
02/05/2020 10:59:20|ivaArt --> 21
02/05/2020 10:59:20|hasarOCX.ImprimirItem --> OK
02/05/2020 10:59:20|Articulo --> varios
02/05/2020 10:59:20|cantidadArt B --> 1
02/05/2020 10:59:20|PrecVear --> 165
02/05/2020 10:59:20|montoArt --> 136,363636363636
02/05/2020 10:59:20|ivaArt --> 21
02/05/2020 10:59:20|hasarOCX.ImprimirItem --> OK
02/05/2020 10:59:20|Articulo --> cif antig.dpx450 nva form -9492
02/05/2020 10:59:20|cantidadArt B --> 1
02/05/2020 10:59:20|PrecVear --> 58
02/05/2020 10:59:20|montoArt --> 47,9338842975207
02/05/2020 10:59:20|ivaArt --> 21
02/05/2020 10:59:21|hasarOCX.ImprimirItem --> OK
02/05/2020 10:59:21|Articulo --> magistral esp.activax500limon7172
02/05/2020 10:59:21|cantidadArt B --> 1
02/05/2020 10:59:21|PrecVear --> 155
02/05/2020 10:59:21|montoArt --> 128,099173553719
02/05/2020 10:59:21|ivaArt --> 21
02/05/2020 10:59:21|hasarOCX.ImprimirItem --> OK
02/05/2020 10:59:21|Articulo --> estrella algodon  clasicox60
02/05/2020 10:59:21|cantidadArt B --> 1
02/05/2020 10:59:21|PrecVear --> 62
02/05/2020 10:59:21|montoArt --> 51,2396694214876
02/05/2020 10:59:21|ivaArt --> 21
02/05/2020 10:59:22|hasarOCX.ImprimirItem --> OK
02/05/2020 10:59:22|Articulo --> issue activ.cr.20v x70ml
02/05/2020 10:59:22|cantidadArt B --> 1
02/05/2020 10:59:22|PrecVear --> 20
02/05/2020 10:59:22|montoArt --> 16,5289256198347
02/05/2020 10:59:22|ivaArt --> 21
02/05/2020 10:59:22|hasarOCX.ImprimirItem --> OK
02/05/2020 10:59:22|Articulo --> koleston sing 70 rubio med
02/05/2020 10:59:22|cantidadArt B --> 1
02/05/2020 10:59:22|PrecVear --> 210
02/05/2020 10:59:22|montoArt --> 173,553719008264
02/05/2020 10:59:22|ivaArt --> 21
02/05/2020 10:59:22|hasarOCX.ImprimirItem --> OK
02/05/2020 10:59:22|Articulo --> cloro energico x 5 lt.
02/05/2020 10:59:22|cantidadArt B --> 1
02/05/2020 10:59:22|PrecVear --> 210
02/05/2020 10:59:22|montoArt --> 173,553719008264
02/05/2020 10:59:22|ivaArt --> 21
02/05/2020 10:59:23|hasarOCX.ImprimirItem --> OK
02/05/2020 10:59:23|Cerrar Comprobante B:::
02/05/2020 10:59:26|Obtiene nrocomp
02/05/2020 10:59:26|nrocomp --> 101
02/05/2020 10:59:26|Nro. de Comprobante ::: TFB ::: 101
02/05/2020 11:01:45|Conectando..
02/05/2020 11:01:45|IP: 127.0.0.1 - Puerto: 6500
02/05/2020 11:01:46|Conectado con éxito!!
02/05/2020 11:04:29|Comienza Facturacion B
02/05/2020 11:04:29|DatosCliente B
02/05/2020 11:04:32|AbrirComprobanteFiscal B
02/05/2020 11:04:32|Articulo --> coloso lavandina x2 litros
02/05/2020 11:04:32|cantidadArt B --> 2
02/05/2020 11:04:32|PrecVear --> 85
02/05/2020 11:04:32|montoArt --> 70,2479338842975
02/05/2020 11:04:32|ivaArt --> 21
02/05/2020 11:04:32|hasarOCX.ImprimirItem --> OK
02/05/2020 11:04:32|Articulo --> varios
02/05/2020 11:04:32|cantidadArt B --> 1
02/05/2020 11:04:32|PrecVear --> 75
02/05/2020 11:04:32|montoArt --> 61,9834710743802
02/05/2020 11:04:32|ivaArt --> 21
02/05/2020 11:04:32|hasarOCX.ImprimirItem --> OK
02/05/2020 11:04:32|Articulo --> varios
02/05/2020 11:04:32|cantidadArt B --> 2
02/05/2020 11:04:32|PrecVear --> 25
02/05/2020 11:04:32|montoArt --> 20,6611570247934
02/05/2020 11:04:32|ivaArt --> 21
02/05/2020 11:04:33|hasarOCX.ImprimirItem --> OK
02/05/2020 11:04:33|Articulo --> cif act.gelx500 limon-5962
02/05/2020 11:04:33|cantidadArt B --> 1
02/05/2020 11:04:33|PrecVear --> 145
02/05/2020 11:04:33|montoArt --> 119,834710743802
02/05/2020 11:04:33|ivaArt --> 21
02/05/2020 11:04:33|hasarOCX.ImprimirItem --> OK
02/05/2020 11:04:33|Articulo --> drive liqx3l dp rosas y lilas 4755
02/05/2020 11:04:33|cantidadArt B --> 1
02/05/2020 11:04:33|PrecVear --> 340
02/05/2020 11:04:33|montoArt --> 280,99173553719
02/05/2020 11:04:33|ivaArt --> 21
02/05/2020 11:04:33|hasarOCX.ImprimirItem --> OK
02/05/2020 11:04:33|Articulo --> hennia eg x 8
02/05/2020 11:04:33|cantidadArt B --> 2
02/05/2020 11:04:33|PrecVear --> 490
02/05/2020 11:04:33|montoArt --> 404,95867768595
02/05/2020 11:04:33|ivaArt --> 21
02/05/2020 11:04:34|hasarOCX.ImprimirItem --> OK
02/05/2020 11:04:34|Articulo --> querubin jabon liquido x3 dp
02/05/2020 11:04:34|cantidadArt B --> 1
02/05/2020 11:04:34|PrecVear --> 350
02/05/2020 11:04:34|montoArt --> 289,256198347107
02/05/2020 11:04:34|ivaArt --> 21
02/05/2020 11:04:34|hasarOCX.ImprimirItem --> OK
02/05/2020 11:04:34|Articulo --> baño facil manzanilla 10 x 20 (rosa)
02/05/2020 11:04:34|cantidadArt B --> 1
02/05/2020 11:04:34|PrecVear --> 270
02/05/2020 11:04:34|montoArt --> 223,140495867769
02/05/2020 11:04:34|ivaArt --> 21
02/05/2020 11:04:34|hasarOCX.ImprimirItem --> OK
02/05/2020 11:04:34|Articulo --> 361211 th. hum.adulto comodin 12x60
02/05/2020 11:04:34|cantidadArt B --> 1
02/05/2020 11:04:34|PrecVear --> 205
02/05/2020 11:04:34|montoArt --> 169,421487603306
02/05/2020 11:04:34|ivaArt --> 21
02/05/2020 11:04:35|hasarOCX.ImprimirItem --> OK
02/05/2020 11:04:35|Articulo --> varios
02/05/2020 11:04:35|cantidadArt B --> 1
02/05/2020 11:04:35|PrecVear --> 495
02/05/2020 11:04:35|montoArt --> 409,090909090909
02/05/2020 11:04:35|ivaArt --> 21
02/05/2020 11:04:35|hasarOCX.ImprimirItem --> OK
02/05/2020 11:04:35|Cerrar Comprobante B:::
02/05/2020 11:04:38|Obtiene nrocomp
02/05/2020 11:04:38|nrocomp --> 102
02/05/2020 11:04:38|Nro. de Comprobante ::: TFB ::: 102
02/05/2020 11:04:44|Conectando..
02/05/2020 11:04:44|IP: 127.0.0.1 - Puerto: 6500
02/05/2020 11:04:45|Conectado con éxito!!
02/05/2020 11:06:59|Comienza Facturacion B
02/05/2020 11:06:59|DatosCliente B
02/05/2020 11:07:01|AbrirComprobanteFiscal B
02/05/2020 11:07:01|Articulo --> varios
02/05/2020 11:07:01|cantidadArt B --> 1
02/05/2020 11:07:01|PrecVear --> 280
02/05/2020 11:07:01|montoArt --> 231,404958677686
02/05/2020 11:07:01|ivaArt --> 21
02/05/2020 11:07:02|hasarOCX.ImprimirItem --> OK
02/05/2020 11:07:02|Articulo --> gillette prestobarba ultragrip 2 filos
02/05/2020 11:07:02|cantidadArt B --> 1
02/05/2020 11:07:02|PrecVear --> 59
02/05/2020 11:07:02|montoArt --> 48,7603305785124
02/05/2020 11:07:02|ivaArt --> 21
02/05/2020 11:07:02|hasarOCX.ImprimirItem --> OK
02/05/2020 11:07:02|Articulo --> jyj jab barra violeta
02/05/2020 11:07:02|cantidadArt B --> 1
02/05/2020 11:07:02|PrecVear --> 79
02/05/2020 11:07:02|montoArt --> 65,2892561983471
02/05/2020 11:07:02|ivaArt --> 21
02/05/2020 11:07:02|hasarOCX.ImprimirItem --> OK
02/05/2020 11:07:02|Articulo --> varios
02/05/2020 11:07:02|cantidadArt B --> 1
02/05/2020 11:07:02|PrecVear --> 50
02/05/2020 11:07:02|montoArt --> 41,3223140495868
02/05/2020 11:07:02|ivaArt --> 21
02/05/2020 11:07:03|hasarOCX.ImprimirItem --> OK
02/05/2020 11:07:03|Articulo --> varios
02/05/2020 11:07:03|cantidadArt B --> 1
02/05/2020 11:07:03|PrecVear --> 95
02/05/2020 11:07:03|montoArt --> 78,5123966942149
02/05/2020 11:07:03|ivaArt --> 21
02/05/2020 11:07:03|hasarOCX.ImprimirItem --> OK
02/05/2020 11:07:03|Articulo --> estrella algodon clasico 300
02/05/2020 11:07:03|cantidadArt B --> 1
02/05/2020 11:07:03|PrecVear --> 195
02/05/2020 11:07:03|montoArt --> 161,157024793388
02/05/2020 11:07:03|ivaArt --> 21
02/05/2020 11:07:03|hasarOCX.ImprimirItem --> OK
02/05/2020 11:07:03|Articulo --> estrella sh clasico 12x200
02/05/2020 11:07:03|cantidadArt B --> 1
02/05/2020 11:07:03|PrecVear --> 105
02/05/2020 11:07:03|montoArt --> 86,7768595041322
02/05/2020 11:07:03|ivaArt --> 21
02/05/2020 11:07:04|hasarOCX.ImprimirItem --> OK
02/05/2020 11:07:04|Articulo --> elite pañuelo descartable x 6u
02/05/2020 11:07:04|cantidadArt B --> 1
02/05/2020 11:07:04|PrecVear --> 49
02/05/2020 11:07:04|montoArt --> 40,495867768595
02/05/2020 11:07:04|ivaArt --> 21
02/05/2020 11:07:04|hasarOCX.ImprimirItem --> OK
02/05/2020 11:07:04|Articulo --> calipso prot.s/perf.c/manz x20
02/05/2020 11:07:04|cantidadArt B --> 1
02/05/2020 11:07:04|PrecVear --> 45
02/05/2020 11:07:04|montoArt --> 37,1900826446281
02/05/2020 11:07:04|ivaArt --> 21
02/05/2020 11:07:04|hasarOCX.ImprimirItem --> OK
02/05/2020 11:07:04|Articulo --> varios
02/05/2020 11:07:04|cantidadArt B --> 2
02/05/2020 11:07:04|PrecVear --> 70
02/05/2020 11:07:04|montoArt --> 57,8512396694215
02/05/2020 11:07:04|ivaArt --> 21
02/05/2020 11:07:05|hasarOCX.ImprimirItem --> OK
02/05/2020 11:07:05|Cerrar Comprobante B:::
02/05/2020 11:07:08|Obtiene nrocomp
02/05/2020 11:07:08|nrocomp --> 103
02/05/2020 11:07:08|Nro. de Comprobante ::: TFB ::: 103
02/05/2020 11:10:10|Comienza Facturacion B
02/05/2020 11:10:10|DatosCliente B
02/05/2020 11:10:13|AbrirComprobanteFiscal B
02/05/2020 11:10:13|Articulo --> varios
02/05/2020 11:10:13|cantidadArt B --> 1
02/05/2020 11:10:13|PrecVear --> 130
02/05/2020 11:10:13|montoArt --> 107,438016528926
02/05/2020 11:10:13|ivaArt --> 21
02/05/2020 11:10:13|hasarOCX.ImprimirItem --> OK
02/05/2020 11:10:13|Articulo --> coloso alcohol. x250 ml
02/05/2020 11:10:13|cantidadArt B --> 1
02/05/2020 11:10:13|PrecVear --> 95
02/05/2020 11:10:13|montoArt --> 78,5123966942149
02/05/2020 11:10:13|ivaArt --> 21
02/05/2020 11:10:14|hasarOCX.ImprimirItem --> OK
02/05/2020 11:10:14|Articulo --> varios
02/05/2020 11:10:14|cantidadArt B --> 1
02/05/2020 11:10:14|PrecVear --> 390
02/05/2020 11:10:14|montoArt --> 322,314049586777
02/05/2020 11:10:14|ivaArt --> 21
02/05/2020 11:10:14|hasarOCX.ImprimirItem --> OK
02/05/2020 11:10:14|Articulo --> varios
02/05/2020 11:10:14|cantidadArt B --> 1
02/05/2020 11:10:14|PrecVear --> 350
02/05/2020 11:10:14|montoArt --> 289,256198347107
02/05/2020 11:10:14|ivaArt --> 21
02/05/2020 11:10:14|hasarOCX.ImprimirItem --> OK
02/05/2020 11:10:14|Articulo --> lysoform aerox360 citrica-4482
02/05/2020 11:10:14|cantidadArt B --> 1
02/05/2020 11:10:14|PrecVear --> 160
02/05/2020 11:10:14|montoArt --> 132,231404958678
02/05/2020 11:10:14|ivaArt --> 21
02/05/2020 11:10:15|hasarOCX.ImprimirItem --> OK
02/05/2020 11:10:15|Articulo --> varios
02/05/2020 11:10:15|cantidadArt B --> 1
02/05/2020 11:10:15|PrecVear --> 79
02/05/2020 11:10:15|montoArt --> 65,2892561983471
02/05/2020 11:10:15|ivaArt --> 21
02/05/2020 11:10:15|hasarOCX.ImprimirItem --> OK
02/05/2020 11:10:15|Cerrar Comprobante B:::
02/05/2020 11:10:18|Obtiene nrocomp
02/05/2020 11:10:18|nrocomp --> 104
02/05/2020 11:10:18|Nro. de Comprobante ::: TFB ::: 104
02/05/2020 11:11:06|Comienza Facturacion B
02/05/2020 11:11:07|DatosCliente B
02/05/2020 11:11:09|AbrirComprobanteFiscal B
02/05/2020 11:11:09|Articulo --> excellence creme 67
02/05/2020 11:11:09|cantidadArt B --> 1
02/05/2020 11:11:09|PrecVear --> 550
02/05/2020 11:11:09|montoArt --> 454,545454545455
02/05/2020 11:11:09|ivaArt --> 21
02/05/2020 11:11:09|hasarOCX.ImprimirItem --> OK
02/05/2020 11:11:09|Cerrar Comprobante B:::
02/05/2020 11:11:12|Obtiene nrocomp
02/05/2020 11:11:13|nrocomp --> 105
02/05/2020 11:11:13|Nro. de Comprobante ::: TFB ::: 105
02/05/2020 11:12:55|Comienza Facturacion B
02/05/2020 11:12:55|DatosCliente B
02/05/2020 11:12:57|AbrirComprobanteFiscal B
02/05/2020 11:12:57|Articulo --> el coloso limp.liqx900 aceit.pino
02/05/2020 11:12:57|cantidadArt B --> 1
02/05/2020 11:12:57|PrecVear --> 35
02/05/2020 11:12:57|montoArt --> 28,9256198347107
02/05/2020 11:12:57|ivaArt --> 21
02/05/2020 11:12:58|hasarOCX.ImprimirItem --> OK
02/05/2020 11:12:58|Articulo --> saeta mmm 360 ml
02/05/2020 11:12:58|cantidadArt B --> 1
02/05/2020 11:12:58|PrecVear --> 98
02/05/2020 11:12:58|montoArt --> 80,9917355371901
02/05/2020 11:12:58|ivaArt --> 21
02/05/2020 11:12:58|hasarOCX.ImprimirItem --> OK
02/05/2020 11:12:58|Cerrar Comprobante B:::
02/05/2020 11:13:01|Obtiene nrocomp
02/05/2020 11:13:01|nrocomp --> 106
02/05/2020 11:13:01|Nro. de Comprobante ::: TFB ::: 106
02/05/2020 11:17:35|Conectando..
02/05/2020 11:17:35|IP: 127.0.0.1 - Puerto: 6500
02/05/2020 11:17:35|Conectado con éxito!!
02/05/2020 11:18:05|Conectando..
02/05/2020 11:18:05|IP: 127.0.0.1 - Puerto: 6500
02/05/2020 11:18:06|Conectado con éxito!!
02/05/2020 11:18:26|Comienza Facturacion B
02/05/2020 11:18:27|DatosCliente B
02/05/2020 11:18:29|AbrirComprobanteFiscal B
02/05/2020 11:18:29|Articulo --> elegante rollo cocinax200 paños
02/05/2020 11:18:29|cantidadArt B --> 6
02/05/2020 11:18:29|PrecVear --> 85
02/05/2020 11:18:29|montoArt --> 70,2479338842975
02/05/2020 11:18:29|ivaArt --> 21
02/05/2020 11:18:30|hasarOCX.ImprimirItem --> OK
02/05/2020 11:18:30|Cerrar Comprobante B:::
02/05/2020 11:18:33|Obtiene nrocomp
02/05/2020 11:18:33|nrocomp --> 107
02/05/2020 11:18:33|Nro. de Comprobante ::: TFB ::: 107
02/05/2020 11:19:54|Conectando..
02/05/2020 11:19:54|IP: 127.0.0.1 - Puerto: 6500
02/05/2020 11:19:55|Conectado con éxito!!
02/05/2020 11:20:49|Comienza Facturacion B
02/05/2020 11:20:49|DatosCliente B
02/05/2020 11:20:52|AbrirComprobanteFiscal B
02/05/2020 11:20:52|Articulo --> varios
02/05/2020 11:20:52|cantidadArt B --> 1
02/05/2020 11:20:52|PrecVear --> 100
02/05/2020 11:20:52|montoArt --> 82,6446280991736
02/05/2020 11:20:52|ivaArt --> 21
02/05/2020 11:20:52|hasarOCX.ImprimirItem --> OK
02/05/2020 11:20:52|Articulo --> perfumina para ropa air pure lavanda
02/05/2020 11:20:52|cantidadArt B --> 1
02/05/2020 11:20:52|PrecVear --> 90
02/05/2020 11:20:52|montoArt --> 74,3801652892562
02/05/2020 11:20:52|ivaArt --> 21
02/05/2020 11:20:52|hasarOCX.ImprimirItem --> OK
02/05/2020 11:20:52|Articulo --> algabo alcohol en gel ultra - 70 500 ml
02/05/2020 11:20:52|cantidadArt B --> 1
02/05/2020 11:20:52|PrecVear --> 250
02/05/2020 11:20:52|montoArt --> 206,611570247934
02/05/2020 11:20:52|ivaArt --> 21
02/05/2020 11:20:53|hasarOCX.ImprimirItem --> OK
02/05/2020 11:20:53|Articulo --> sedal acondx300 d.pack rest.inst342
02/05/2020 11:20:53|cantidadArt B --> 2
02/05/2020 11:20:53|PrecVear --> 110
02/05/2020 11:20:53|montoArt --> 90,9090909090909
02/05/2020 11:20:53|ivaArt --> 21
02/05/2020 11:20:53|hasarOCX.ImprimirItem --> OK
02/05/2020 11:20:53|Articulo --> q soft toall. hum. clasicas x50 u
02/05/2020 11:20:53|cantidadArt B --> 2
02/05/2020 11:20:53|PrecVear --> 98
02/05/2020 11:20:53|montoArt --> 80,9917355371901
02/05/2020 11:20:53|ivaArt --> 21
02/05/2020 11:20:53|hasarOCX.ImprimirItem --> OK
02/05/2020 11:20:53|Articulo --> cif antig.gatx500 nva form-8916
02/05/2020 11:20:53|cantidadArt B --> 1
02/05/2020 11:20:53|PrecVear --> 150
02/05/2020 11:20:53|montoArt --> 123,96694214876
02/05/2020 11:20:53|ivaArt --> 21
02/05/2020 11:20:54|hasarOCX.ImprimirItem --> OK
02/05/2020 11:20:54|Articulo --> huggies trip prot xg x32
02/05/2020 11:20:54|cantidadArt B --> 2
02/05/2020 11:20:54|PrecVear --> 450
02/05/2020 11:20:54|montoArt --> 371,900826446281
02/05/2020 11:20:54|ivaArt --> 21
02/05/2020 11:20:54|hasarOCX.ImprimirItem --> OK
02/05/2020 11:20:54|Cerrar Comprobante B:::
02/05/2020 11:20:57|Obtiene nrocomp
02/05/2020 11:20:57|nrocomp --> 108
02/05/2020 11:20:57|Nro. de Comprobante ::: TFB ::: 108
02/05/2020 11:21:18|Conectando..
02/05/2020 11:21:18|IP: 127.0.0.1 - Puerto: 6500
02/05/2020 11:21:19|Conectado con éxito!!
02/05/2020 11:22:37|Comienza Facturacion B
02/05/2020 11:22:37|DatosCliente B
02/05/2020 11:22:40|AbrirComprobanteFiscal B
02/05/2020 11:22:40|Articulo --> huggies trip prot xg x32
02/05/2020 11:22:40|cantidadArt B --> 2
02/05/2020 11:22:40|PrecVear --> 450
02/05/2020 11:22:40|montoArt --> 371,900826446281
02/05/2020 11:22:40|ivaArt --> 21
02/05/2020 11:22:40|hasarOCX.ImprimirItem --> OK
02/05/2020 11:22:40|Articulo --> sedal chx300 d.pack cr.balance-4380
02/05/2020 11:22:40|cantidadArt B --> 2
02/05/2020 11:22:40|PrecVear --> 110
02/05/2020 11:22:40|montoArt --> 90,9090909090909
02/05/2020 11:22:40|ivaArt --> 21
02/05/2020 11:22:41|hasarOCX.ImprimirItem --> OK
02/05/2020 11:22:41|Articulo --> varios
02/05/2020 11:22:41|cantidadArt B --> 1
02/05/2020 11:22:41|PrecVear --> 30
02/05/2020 11:22:41|montoArt --> 24,7933884297521
02/05/2020 11:22:41|ivaArt --> 21
02/05/2020 11:22:41|hasarOCX.ImprimirItem --> OK
02/05/2020 11:22:41|Articulo --> varios
02/05/2020 11:22:41|cantidadArt B --> 1
02/05/2020 11:22:41|PrecVear --> 100
02/05/2020 11:22:41|montoArt --> 82,6446280991736
02/05/2020 11:22:41|ivaArt --> 21
02/05/2020 11:22:41|hasarOCX.ImprimirItem --> OK
02/05/2020 11:22:41|Articulo --> cif act.gelx300 limon-5951
02/05/2020 11:22:41|cantidadArt B --> 1
02/05/2020 11:22:41|PrecVear --> 65
02/05/2020 11:22:41|montoArt --> 53,7190082644628
02/05/2020 11:22:41|ivaArt --> 21
02/05/2020 11:22:42|hasarOCX.ImprimirItem --> OK
02/05/2020 11:22:42|Articulo --> perfumina para ropa air pure lavanda
02/05/2020 11:22:42|cantidadArt B --> 1
02/05/2020 11:22:42|PrecVear --> 90
02/05/2020 11:22:42|montoArt --> 74,3801652892562
02/05/2020 11:22:42|ivaArt --> 21
02/05/2020 11:22:42|hasarOCX.ImprimirItem --> OK
02/05/2020 11:22:42|Articulo --> q soft toall. hum. clasicas x50 u
02/05/2020 11:22:42|cantidadArt B --> 2
02/05/2020 11:22:42|PrecVear --> 98
02/05/2020 11:22:42|montoArt --> 80,9917355371901
02/05/2020 11:22:42|ivaArt --> 21
02/05/2020 11:22:42|hasarOCX.ImprimirItem --> OK
02/05/2020 11:22:42|Articulo --> goodmax maquina de  3 filos  x 1 unidad
02/05/2020 11:22:42|cantidadArt B --> 2
02/05/2020 11:22:42|PrecVear --> 30
02/05/2020 11:22:42|montoArt --> 24,7933884297521
02/05/2020 11:22:42|ivaArt --> 21
02/05/2020 11:22:43|hasarOCX.ImprimirItem --> OK
02/05/2020 11:22:43|Articulo --> varios
02/05/2020 11:22:43|cantidadArt B --> 1
02/05/2020 11:22:43|PrecVear --> 65
02/05/2020 11:22:43|montoArt --> 53,7190082644628
02/05/2020 11:22:43|ivaArt --> 21
02/05/2020 11:22:43|hasarOCX.ImprimirItem --> OK
02/05/2020 11:22:43|Articulo --> varios
02/05/2020 11:22:43|cantidadArt B --> 1
02/05/2020 11:22:43|PrecVear --> 40
02/05/2020 11:22:43|montoArt --> 33,0578512396694
02/05/2020 11:22:43|ivaArt --> 21
02/05/2020 11:22:43|hasarOCX.ImprimirItem --> OK
02/05/2020 11:22:43|Articulo --> calipso prot.dual. multiestilo c/manzx20
02/05/2020 11:22:43|cantidadArt B --> 1
02/05/2020 11:22:43|PrecVear --> 65
02/05/2020 11:22:43|montoArt --> 53,7190082644628
02/05/2020 11:22:43|ivaArt --> 21
02/05/2020 11:22:44|hasarOCX.ImprimirItem --> OK
02/05/2020 11:22:44|Articulo --> poett canast pastilla red brisa polar
02/05/2020 11:22:44|cantidadArt B --> 1
02/05/2020 11:22:44|PrecVear --> 59
02/05/2020 11:22:44|montoArt --> 48,7603305785124
02/05/2020 11:22:44|ivaArt --> 21
02/05/2020 11:22:44|hasarOCX.ImprimirItem --> OK
02/05/2020 11:22:44|Articulo --> varios
02/05/2020 11:22:44|cantidadArt B --> 1
02/05/2020 11:22:44|PrecVear --> 39
02/05/2020 11:22:44|montoArt --> 32,2314049586777
02/05/2020 11:22:44|ivaArt --> 21
02/05/2020 11:22:44|hasarOCX.ImprimirItem --> OK
02/05/2020 11:22:44|Articulo --> ayudin desinf.aerox332 bebe-21938
02/05/2020 11:22:44|cantidadArt B --> 1
02/05/2020 11:22:44|PrecVear --> 138
02/05/2020 11:22:44|montoArt --> 114,04958677686
02/05/2020 11:22:44|ivaArt --> 21
02/05/2020 11:22:45|hasarOCX.ImprimirItem --> OK
02/05/2020 11:22:45|Articulo --> cif antig.gatx500 nva form-8916
02/05/2020 11:22:45|cantidadArt B --> 1
02/05/2020 11:22:45|PrecVear --> 150
02/05/2020 11:22:45|montoArt --> 123,96694214876
02/05/2020 11:22:45|ivaArt --> 21
02/05/2020 11:22:45|hasarOCX.ImprimirItem --> OK
02/05/2020 11:22:45|Articulo --> algabo alcohol en gel ultra - 70 500 ml
02/05/2020 11:22:45|cantidadArt B --> 1
02/05/2020 11:22:45|PrecVear --> 250
02/05/2020 11:22:45|montoArt --> 206,611570247934
02/05/2020 11:22:45|ivaArt --> 21
02/05/2020 11:22:45|hasarOCX.ImprimirItem --> OK
02/05/2020 11:22:45|Articulo --> raid aero mmm power shot
02/05/2020 11:22:45|cantidadArt B --> 1
02/05/2020 11:22:45|PrecVear --> 185
02/05/2020 11:22:45|montoArt --> 152,892561983471
02/05/2020 11:22:45|ivaArt --> 21
02/05/2020 11:22:46|hasarOCX.ImprimirItem --> OK
02/05/2020 11:22:46|Cerrar Comprobante B:::
02/05/2020 11:22:49|Obtiene nrocomp
02/05/2020 11:22:49|nrocomp --> 109
02/05/2020 11:22:49|Nro. de Comprobante ::: TFB ::: 109
02/05/2020 11:23:49|Conectando..
02/05/2020 11:23:49|IP: 127.0.0.1 - Puerto: 6500
02/05/2020 11:23:49|Conectado con éxito!!
02/05/2020 11:27:12|Comienza Facturacion B
02/05/2020 11:27:12|DatosCliente B
02/05/2020 11:27:14|AbrirComprobanteFiscal B
02/05/2020 11:27:14|Articulo --> poett aero mult.ambx360 lavanda
02/05/2020 11:27:14|cantidadArt B --> 1
02/05/2020 11:27:14|PrecVear --> 65
02/05/2020 11:27:14|montoArt --> 53,7190082644628
02/05/2020 11:27:14|ivaArt --> 21
02/05/2020 11:27:15|hasarOCX.ImprimirItem --> OK
02/05/2020 11:27:15|Articulo --> ayudin lav.x1l tot.max.pureza-1028
02/05/2020 11:27:15|cantidadArt B --> 2
02/05/2020 11:27:15|PrecVear --> 53
02/05/2020 11:27:15|montoArt --> 43,801652892562
02/05/2020 11:27:15|ivaArt --> 21
02/05/2020 11:27:15|hasarOCX.ImprimirItem --> OK
02/05/2020 11:27:15|Articulo --> rexona efficient antibx100-301295
02/05/2020 11:27:15|cantidadArt B --> 1
02/05/2020 11:27:15|PrecVear --> 98
02/05/2020 11:27:15|montoArt --> 80,9917355371901
02/05/2020 11:27:15|ivaArt --> 21
02/05/2020 11:27:16|hasarOCX.ImprimirItem --> OK
02/05/2020 11:27:16|Articulo --> el coloso esp.acero inoxidx1
02/05/2020 11:27:16|cantidadArt B --> 1
02/05/2020 11:27:16|PrecVear --> 25
02/05/2020 11:27:16|montoArt --> 20,6611570247934
02/05/2020 11:27:16|ivaArt --> 21
02/05/2020 11:27:16|hasarOCX.ImprimirItem --> OK
02/05/2020 11:27:16|Articulo --> el coloso guantes max t7 chico
02/05/2020 11:27:16|cantidadArt B --> 1
02/05/2020 11:27:16|PrecVear --> 120
02/05/2020 11:27:16|montoArt --> 99,1735537190083
02/05/2020 11:27:16|ivaArt --> 21
02/05/2020 11:27:16|hasarOCX.ImprimirItem --> OK
02/05/2020 11:27:16|Articulo --> cif act.gelx300 limon-5951
02/05/2020 11:27:16|cantidadArt B --> 1
02/05/2020 11:27:16|PrecVear --> 65
02/05/2020 11:27:16|montoArt --> 53,7190082644628
02/05/2020 11:27:16|ivaArt --> 21
02/05/2020 11:27:17|hasarOCX.ImprimirItem --> OK
02/05/2020 11:27:17|Articulo --> sussex rollo cocx3 clas.50p -5677
02/05/2020 11:27:17|cantidadArt B --> 1
02/05/2020 11:27:17|PrecVear --> 65
02/05/2020 11:27:17|montoArt --> 53,7190082644628
02/05/2020 11:27:17|ivaArt --> 21
02/05/2020 11:27:17|hasarOCX.ImprimirItem --> OK
02/05/2020 11:27:17|Articulo --> plusbelle jabx125 sens.nutrit
02/05/2020 11:27:17|cantidadArt B --> 1
02/05/2020 11:27:17|PrecVear --> 42
02/05/2020 11:27:17|montoArt --> 34,7107438016529
02/05/2020 11:27:17|ivaArt --> 21
02/05/2020 11:27:17|hasarOCX.ImprimirItem --> OK
02/05/2020 11:27:17|Articulo --> poett limpx900 mult.lavanda-4985
02/05/2020 11:27:17|cantidadArt B --> 1
02/05/2020 11:27:17|PrecVear --> 55
02/05/2020 11:27:17|montoArt --> 45,4545454545455
02/05/2020 11:27:17|ivaArt --> 21
02/05/2020 11:27:18|hasarOCX.ImprimirItem --> OK
02/05/2020 11:27:18|Articulo --> varios
02/05/2020 11:27:18|cantidadArt B --> 1
02/05/2020 11:27:18|PrecVear --> 165
02/05/2020 11:27:18|montoArt --> 136,363636363636
02/05/2020 11:27:18|ivaArt --> 21
02/05/2020 11:27:18|hasarOCX.ImprimirItem --> OK
02/05/2020 11:27:18|Articulo --> drive matic liqx800 dp rosas lil750
02/05/2020 11:27:18|cantidadArt B --> 1
02/05/2020 11:27:18|PrecVear --> 89
02/05/2020 11:27:18|montoArt --> 73,5537190082645
02/05/2020 11:27:18|ivaArt --> 21
02/05/2020 11:27:19|hasarOCX.ImprimirItem --> OK
02/05/2020 11:27:19|Cerrar Comprobante B:::
02/05/2020 11:27:22|Obtiene nrocomp
02/05/2020 11:27:22|nrocomp --> 110
02/05/2020 11:27:22|Nro. de Comprobante ::: TFB ::: 110
02/05/2020 11:29:23|Conectando..
02/05/2020 11:29:23|IP: 127.0.0.1 - Puerto: 6500
02/05/2020 11:29:24|Conectado con éxito!!
02/05/2020 11:29:39|Comienza Facturacion B
02/05/2020 11:29:40|DatosCliente B
02/05/2020 11:29:42|AbrirComprobanteFiscal B
02/05/2020 11:29:42|Articulo --> jyj t. hum. toque de bebe 18x50u (blanco)
02/05/2020 11:29:42|cantidadArt B --> 2
02/05/2020 11:29:42|PrecVear --> 150
02/05/2020 11:29:42|montoArt --> 123,96694214876
02/05/2020 11:29:42|ivaArt --> 21
02/05/2020 11:29:43|hasarOCX.ImprimirItem --> OK
02/05/2020 11:29:43|Articulo --> pampers confortsec xxg 56x3
02/05/2020 11:29:43|cantidadArt B --> 1
02/05/2020 11:29:43|PrecVear --> 1030
02/05/2020 11:29:43|montoArt --> 851,239669421488
02/05/2020 11:29:43|ivaArt --> 21
02/05/2020 11:29:43|hasarOCX.ImprimirItem --> OK
02/05/2020 11:29:43|Cerrar Comprobante B:::
02/05/2020 11:29:46|Obtiene nrocomp
02/05/2020 11:29:46|nrocomp --> 111
02/05/2020 11:29:46|Nro. de Comprobante ::: TFB ::: 111
02/05/2020 11:30:00|Conectando..
02/05/2020 11:30:00|IP: 127.0.0.1 - Puerto: 6500
02/05/2020 11:30:00|Conectado con éxito!!
02/05/2020 11:31:29|Comienza Facturacion B
02/05/2020 11:31:29|DatosCliente B
02/05/2020 11:31:31|AbrirComprobanteFiscal B
02/05/2020 11:31:31|Articulo --> babysec ultrasec xg x 36
02/05/2020 11:31:31|cantidadArt B --> 1
02/05/2020 11:31:31|PrecVear --> 470
02/05/2020 11:31:31|montoArt --> 388,429752066116
02/05/2020 11:31:31|ivaArt --> 21
02/05/2020 11:31:32|hasarOCX.ImprimirItem --> OK
02/05/2020 11:31:32|Articulo --> issue decolorante con manzanilla
02/05/2020 11:31:32|cantidadArt B --> 1
02/05/2020 11:31:32|PrecVear --> 120
02/05/2020 11:31:32|montoArt --> 99,1735537190083
02/05/2020 11:31:32|ivaArt --> 21
02/05/2020 11:31:32|hasarOCX.ImprimirItem --> OK
02/05/2020 11:31:32|Articulo --> champu anti amarillo
02/05/2020 11:31:32|cantidadArt B --> 1
02/05/2020 11:31:32|PrecVear --> 58
02/05/2020 11:31:32|montoArt --> 47,9338842975207
02/05/2020 11:31:32|ivaArt --> 21
02/05/2020 11:31:32|hasarOCX.ImprimirItem --> OK
02/05/2020 11:31:32|Cerrar Comprobante B:::
02/05/2020 11:31:35|Obtiene nrocomp
02/05/2020 11:31:36|nrocomp --> 112
02/05/2020 11:31:36|Nro. de Comprobante ::: TFB ::: 112
02/05/2020 11:32:31|Conectando..
02/05/2020 11:32:31|IP: 127.0.0.1 - Puerto: 6500
02/05/2020 11:32:32|Conectado con éxito!!
02/05/2020 11:33:56|Comienza Facturacion B
02/05/2020 11:33:56|DatosCliente B
02/05/2020 11:33:59|AbrirComprobanteFiscal B
02/05/2020 11:33:59|Articulo --> soft color tint.63 caramelo#
02/05/2020 11:33:59|cantidadArt B --> 1
02/05/2020 11:33:59|PrecVear --> 400
02/05/2020 11:33:59|montoArt --> 330,578512396694
02/05/2020 11:33:59|ivaArt --> 21
02/05/2020 11:33:59|hasarOCX.ImprimirItem --> OK
02/05/2020 11:33:59|Cerrar Comprobante B:::
02/05/2020 11:34:02|Obtiene nrocomp
02/05/2020 11:34:02|nrocomp --> 113
02/05/2020 11:34:02|Nro. de Comprobante ::: TFB ::: 113
02/05/2020 11:42:44|Conectando..
02/05/2020 11:42:44|IP: 127.0.0.1 - Puerto: 6500
02/05/2020 11:42:45|Conectado con éxito!!
02/05/2020 11:54:04|Conectando..
02/05/2020 11:54:04|IP: 127.0.0.1 - Puerto: 6500
02/05/2020 11:54:05|Conectado con éxito!!
02/05/2020 11:55:23|Comienza Facturacion B
02/05/2020 11:55:23|DatosCliente B
02/05/2020 11:55:27|AbrirComprobanteFiscal B
02/05/2020 11:55:27|Articulo --> querubin jabon liquido x3 dp
02/05/2020 11:55:27|cantidadArt B --> 1
02/05/2020 11:55:27|PrecVear --> 350
02/05/2020 11:55:27|montoArt --> 289,256198347107
02/05/2020 11:55:27|ivaArt --> 21
02/05/2020 11:55:27|hasarOCX.ImprimirItem --> OK
02/05/2020 11:55:27|Articulo --> depimiel crema depilatoria facial x40g
02/05/2020 11:55:27|cantidadArt B --> 1
02/05/2020 11:55:27|PrecVear --> 150
02/05/2020 11:55:27|montoArt --> 123,96694214876
02/05/2020 11:55:27|ivaArt --> 21
02/05/2020 11:55:28|hasarOCX.ImprimirItem --> OK
02/05/2020 11:55:28|Articulo --> varios
02/05/2020 11:55:28|cantidadArt B --> 1
02/05/2020 11:55:28|PrecVear --> 175
02/05/2020 11:55:28|montoArt --> 144,628099173554
02/05/2020 11:55:28|ivaArt --> 21
02/05/2020 11:55:28|hasarOCX.ImprimirItem --> OK
02/05/2020 11:55:28|Articulo --> varios
02/05/2020 11:55:28|cantidadArt B --> 1
02/05/2020 11:55:28|PrecVear --> 40
02/05/2020 11:55:28|montoArt --> 33,0578512396694
02/05/2020 11:55:28|ivaArt --> 21
02/05/2020 11:55:28|hasarOCX.ImprimirItem --> OK
02/05/2020 11:55:28|Cerrar Comprobante B:::
02/05/2020 11:55:31|Obtiene nrocomp
02/05/2020 11:55:32|nrocomp --> 114
02/05/2020 11:55:32|Nro. de Comprobante ::: TFB ::: 114
02/05/2020 11:57:45|Conectando..
02/05/2020 11:57:45|IP: 127.0.0.1 - Puerto: 6500
02/05/2020 11:57:45|Conectado con éxito!!
02/05/2020 12:00:47|Comienza Facturacion B
02/05/2020 12:00:47|DatosCliente B
02/05/2020 12:00:50|AbrirComprobanteFiscal B
02/05/2020 12:00:50|Articulo --> varios
02/05/2020 12:00:50|cantidadArt B --> 1
02/05/2020 12:00:50|PrecVear --> 95
02/05/2020 12:00:50|montoArt --> 78,5123966942149
02/05/2020 12:00:50|ivaArt --> 21
02/05/2020 12:00:50|hasarOCX.ImprimirItem --> OK
02/05/2020 12:00:50|Articulo --> varios
02/05/2020 12:00:50|cantidadArt B --> 1
02/05/2020 12:00:50|PrecVear --> 140
02/05/2020 12:00:50|montoArt --> 115,702479338843
02/05/2020 12:00:50|ivaArt --> 21
02/05/2020 12:00:50|hasarOCX.ImprimirItem --> OK
02/05/2020 12:00:50|Articulo --> estrella algodon baby x100 grs.
02/05/2020 12:00:50|cantidadArt B --> 2
02/05/2020 12:00:50|PrecVear --> 100
02/05/2020 12:00:50|montoArt --> 82,6446280991736
02/05/2020 12:00:50|ivaArt --> 21
02/05/2020 12:00:51|hasarOCX.ImprimirItem --> OK
02/05/2020 12:00:51|Articulo --> babysec ultrasec xxg x 34 uni
02/05/2020 12:00:51|cantidadArt B --> 1
02/05/2020 12:00:51|PrecVear --> 470
02/05/2020 12:00:51|montoArt --> 388,429752066116
02/05/2020 12:00:51|ivaArt --> 21
02/05/2020 12:00:51|hasarOCX.ImprimirItem --> OK
02/05/2020 12:00:51|Articulo --> kimbies ultrap xxl 6x30
02/05/2020 12:00:51|cantidadArt B --> 1
02/05/2020 12:00:51|PrecVear --> 380
02/05/2020 12:00:51|montoArt --> 314,04958677686
02/05/2020 12:00:51|ivaArt --> 21
02/05/2020 12:00:52|hasarOCX.ImprimirItem --> OK
02/05/2020 12:00:52|Cerrar Comprobante B:::
02/05/2020 12:00:55|Obtiene nrocomp
02/05/2020 12:00:55|nrocomp --> 115
02/05/2020 12:00:55|Nro. de Comprobante ::: TFB ::: 115
02/05/2020 12:03:09|Conectando..
02/05/2020 12:03:09|IP: 127.0.0.1 - Puerto: 6500
02/05/2020 12:03:09|Conectado con éxito!!
02/05/2020 12:03:55|Conectando..
02/05/2020 12:03:55|IP: 127.0.0.1 - Puerto: 6500
02/05/2020 12:03:56|Conectado con éxito!!
02/05/2020 12:05:38|Conectando..
02/05/2020 12:05:38|IP: 127.0.0.1 - Puerto: 6500
02/05/2020 12:05:38|Conectado con éxito!!
02/05/2020 12:06:04|Comienza Facturacion B
02/05/2020 12:06:04|DatosCliente B
02/05/2020 12:06:07|AbrirComprobanteFiscal B
02/05/2020 12:06:07|Articulo --> mary bosques  ablandador de canas
02/05/2020 12:06:07|cantidadArt B --> 1
02/05/2020 12:06:07|PrecVear --> 40
02/05/2020 12:06:07|montoArt --> 33,0578512396694
02/05/2020 12:06:07|ivaArt --> 21
02/05/2020 12:06:07|hasarOCX.ImprimirItem --> OK
02/05/2020 12:06:07|Articulo --> excellence 6.3  h1481401#
02/05/2020 12:06:07|cantidadArt B --> 2
02/05/2020 12:06:07|PrecVear --> 550
02/05/2020 12:06:07|montoArt --> 454,545454545455
02/05/2020 12:06:07|ivaArt --> 21
02/05/2020 12:06:08|hasarOCX.ImprimirItem --> OK
02/05/2020 12:06:08|Cerrar Comprobante B:::
02/05/2020 12:06:11|Obtiene nrocomp
02/05/2020 12:06:11|nrocomp --> 116
02/05/2020 12:06:11|Nro. de Comprobante ::: TFB ::: 116
02/05/2020 12:10:36|Conectando..
02/05/2020 12:10:36|IP: 127.0.0.1 - Puerto: 6500
02/05/2020 12:10:37|Conectado con éxito!!
02/05/2020 12:12:11|Conectando..
02/05/2020 12:12:11|IP: 127.0.0.1 - Puerto: 6500
02/05/2020 12:12:12|Conectado con éxito!!
02/05/2020 12:13:09|Conectando..
02/05/2020 12:13:09|IP: 127.0.0.1 - Puerto: 6500
02/05/2020 12:13:10|Conectado con éxito!!
02/05/2020 12:16:19|Conectando..
02/05/2020 12:16:19|IP: 127.0.0.1 - Puerto: 6500
02/05/2020 12:16:20|Conectado con éxito!!
02/05/2020 12:18:09|Conectando..
02/05/2020 12:18:09|IP: 127.0.0.1 - Puerto: 6500
02/05/2020 12:18:10|Conectado con éxito!!
02/05/2020 12:22:40|Conectando..
02/05/2020 12:22:40|IP: 127.0.0.1 - Puerto: 6500
02/05/2020 12:22:41|Conectado con éxito!!
02/05/2020 12:25:40|Conectando..
02/05/2020 12:25:40|IP: 127.0.0.1 - Puerto: 6500
02/05/2020 12:25:41|Conectado con éxito!!
02/05/2020 12:26:52|Conectando..
02/05/2020 12:26:52|IP: 127.0.0.1 - Puerto: 6500
02/05/2020 12:26:53|Conectado con éxito!!
02/05/2020 12:27:23|Conectando..
02/05/2020 12:27:23|IP: 127.0.0.1 - Puerto: 6500
02/05/2020 12:27:24|Conectado con éxito!!
02/05/2020 12:28:35|Conectando..
02/05/2020 12:28:35|IP: 127.0.0.1 - Puerto: 6500
02/05/2020 12:28:36|Conectado con éxito!!
02/05/2020 12:31:46|Comienza Facturacion B
02/05/2020 12:31:46|DatosCliente B
02/05/2020 12:31:48|AbrirComprobanteFiscal B
02/05/2020 12:31:48|Articulo --> huggies trip prot xx x30
02/05/2020 12:31:48|cantidadArt B --> 2
02/05/2020 12:31:48|PrecVear --> 450
02/05/2020 12:31:48|montoArt --> 371,900826446281
02/05/2020 12:31:48|ivaArt --> 21
02/05/2020 12:31:49|hasarOCX.ImprimirItem --> OK
02/05/2020 12:31:49|Articulo --> ceramicol quickx900 rojo -6713
02/05/2020 12:31:49|cantidadArt B --> 1
02/05/2020 12:31:49|PrecVear --> 165
02/05/2020 12:31:49|montoArt --> 136,363636363636
02/05/2020 12:31:49|ivaArt --> 21
02/05/2020 12:31:49|hasarOCX.ImprimirItem --> OK
02/05/2020 12:31:49|Cerrar Comprobante B:::
02/05/2020 12:31:52|Obtiene nrocomp
02/05/2020 12:31:52|nrocomp --> 117
02/05/2020 12:31:52|Nro. de Comprobante ::: TFB ::: 117
02/05/2020 12:32:51|Conectando..
02/05/2020 12:32:51|IP: 127.0.0.1 - Puerto: 6500
02/05/2020 12:32:51|Conectado con éxito!!
02/05/2020 12:36:29|Conectando..
02/05/2020 12:36:29|IP: 127.0.0.1 - Puerto: 6500
02/05/2020 12:36:30|Conectado con éxito!!
02/05/2020 15:10:24|Conectando..
02/05/2020 15:10:24|IP: 127.0.0.1 - Puerto: 6500
02/05/2020 15:29:16|Conectando..
02/05/2020 15:29:16|IP: 127.0.0.1 - Puerto: 6500
02/05/2020 15:29:17|Conectado con éxito!!
02/05/2020 15:34:28|Conectando..
02/05/2020 15:34:28|IP: 127.0.0.1 - Puerto: 6500
02/05/2020 15:34:28|Conectado con éxito!!
02/05/2020 15:35:00|Conectando..
02/05/2020 15:35:00|IP: 127.0.0.1 - Puerto: 6500
02/05/2020 15:35:01|Conectado con éxito!!
02/05/2020 15:38:13|Conectando..
02/05/2020 15:38:13|IP: 127.0.0.1 - Puerto: 6500
02/05/2020 15:38:14|Conectado con éxito!!
02/05/2020 15:43:20|Comienza Facturacion B
02/05/2020 15:43:20|DatosCliente B
02/05/2020 15:43:22|AbrirComprobanteFiscal B
02/05/2020 15:43:22|Articulo --> rexona odorono aero apx150 -7110
02/05/2020 15:43:22|cantidadArt B --> 1
02/05/2020 15:43:22|PrecVear --> 110
02/05/2020 15:43:22|montoArt --> 90,9090909090909
02/05/2020 15:43:22|ivaArt --> 21
02/05/2020 15:43:23|hasarOCX.ImprimirItem --> OK
02/05/2020 15:43:23|Articulo --> poett limpx900 mult.suav.algo-4983
02/05/2020 15:43:23|cantidadArt B --> 1
02/05/2020 15:43:23|PrecVear --> 55
02/05/2020 15:43:23|montoArt --> 45,4545454545455
02/05/2020 15:43:23|ivaArt --> 21
02/05/2020 15:43:23|hasarOCX.ImprimirItem --> OK
02/05/2020 15:43:23|Articulo --> ayudin lav.x1l tot.max.pureza-1028
02/05/2020 15:43:23|cantidadArt B --> 1
02/05/2020 15:43:23|PrecVear --> 53
02/05/2020 15:43:23|montoArt --> 43,801652892562
02/05/2020 15:43:23|ivaArt --> 21
02/05/2020 15:43:24|hasarOCX.ImprimirItem --> OK
02/05/2020 15:43:24|Articulo --> pantene acondx400 micelar
02/05/2020 15:43:24|cantidadArt B --> 1
02/05/2020 15:43:24|PrecVear --> 285
02/05/2020 15:43:24|montoArt --> 235,537190082645
02/05/2020 15:43:24|ivaArt --> 21
02/05/2020 15:43:24|hasarOCX.ImprimirItem --> OK
02/05/2020 15:43:24|Articulo --> pantene chx400 micelar
02/05/2020 15:43:24|cantidadArt B --> 1
02/05/2020 15:43:24|PrecVear --> 280
02/05/2020 15:43:24|montoArt --> 231,404958677686
02/05/2020 15:43:24|ivaArt --> 21
02/05/2020 15:43:24|hasarOCX.ImprimirItem --> OK
02/05/2020 15:43:24|Articulo --> estrella algodon clasico 140
02/05/2020 15:43:24|cantidadArt B --> 1
02/05/2020 15:43:24|PrecVear --> 95
02/05/2020 15:43:24|montoArt --> 78,5123966942149
02/05/2020 15:43:24|ivaArt --> 21
02/05/2020 15:43:25|hasarOCX.ImprimirItem --> OK
02/05/2020 15:43:25|Articulo --> varios
02/05/2020 15:43:25|cantidadArt B --> 1
02/05/2020 15:43:25|PrecVear --> 120
02/05/2020 15:43:25|montoArt --> 99,1735537190083
02/05/2020 15:43:25|ivaArt --> 21
02/05/2020 15:43:25|hasarOCX.ImprimirItem --> OK
02/05/2020 15:43:25|Cerrar Comprobante B:::
02/05/2020 15:43:28|Obtiene nrocomp
02/05/2020 15:43:28|nrocomp --> 118
02/05/2020 15:43:28|Nro. de Comprobante ::: TFB ::: 118
02/05/2020 15:44:42|Comienza Facturacion B
02/05/2020 15:44:42|DatosCliente B
02/05/2020 15:44:44|AbrirComprobanteFiscal B
02/05/2020 15:44:44|Articulo --> pampers supersec gde 68
02/05/2020 15:44:44|cantidadArt B --> 1
02/05/2020 15:44:44|PrecVear --> 680
02/05/2020 15:44:44|montoArt --> 561,98347107438
02/05/2020 15:44:44|ivaArt --> 21
02/05/2020 15:44:45|hasarOCX.ImprimirItem --> OK
02/05/2020 15:44:45|Articulo --> party jabon neutro
02/05/2020 15:44:45|cantidadArt B --> 1
02/05/2020 15:44:45|PrecVear --> 40
02/05/2020 15:44:45|montoArt --> 33,0578512396694
02/05/2020 15:44:45|ivaArt --> 21
02/05/2020 15:44:45|hasarOCX.ImprimirItem --> OK
02/05/2020 15:44:45|Articulo --> jyj shampoo clasico nva. tapa 12x200 (amarillo)
02/05/2020 15:44:45|cantidadArt B --> 1
02/05/2020 15:44:45|PrecVear --> 175
02/05/2020 15:44:45|montoArt --> 144,628099173554
02/05/2020 15:44:45|ivaArt --> 21
02/05/2020 15:44:46|hasarOCX.ImprimirItem --> OK
02/05/2020 15:44:46|Cerrar Comprobante B:::
02/05/2020 15:44:49|Obtiene nrocomp
02/05/2020 15:44:49|nrocomp --> 119
02/05/2020 15:44:49|Nro. de Comprobante ::: TFB ::: 119
02/05/2020 15:46:01|Comienza Facturacion B
02/05/2020 15:46:02|DatosCliente B
02/05/2020 15:46:04|AbrirComprobanteFiscal B
02/05/2020 15:46:04|Articulo --> varios
02/05/2020 15:46:04|cantidadArt B --> 1
02/05/2020 15:46:04|PrecVear --> 30
02/05/2020 15:46:04|montoArt --> 24,7933884297521
02/05/2020 15:46:04|ivaArt --> 21
02/05/2020 15:46:05|hasarOCX.ImprimirItem --> OK
02/05/2020 15:46:05|Articulo --> lux hwx220 rep.orq.negra-1865
02/05/2020 15:46:05|cantidadArt B --> 2
02/05/2020 15:46:05|PrecVear --> 125
02/05/2020 15:46:05|montoArt --> 103,305785123967
02/05/2020 15:46:05|ivaArt --> 21
02/05/2020 15:46:05|hasarOCX.ImprimirItem --> OK
02/05/2020 15:46:05|Articulo --> varios
02/05/2020 15:46:05|cantidadArt B --> 1
02/05/2020 15:46:05|PrecVear --> 90
02/05/2020 15:46:05|montoArt --> 74,3801652892562
02/05/2020 15:46:05|ivaArt --> 21
02/05/2020 15:46:05|hasarOCX.ImprimirItem --> OK
02/05/2020 15:46:05|Articulo --> estrella algodon  clasicox60
02/05/2020 15:46:05|cantidadArt B --> 1
02/05/2020 15:46:05|PrecVear --> 62
02/05/2020 15:46:05|montoArt --> 51,2396694214876
02/05/2020 15:46:05|ivaArt --> 21
02/05/2020 15:46:06|hasarOCX.ImprimirItem --> OK
02/05/2020 15:46:06|Articulo --> hennia eeg x8
02/05/2020 15:46:06|cantidadArt B --> 1
02/05/2020 15:46:06|PrecVear --> 530
02/05/2020 15:46:06|montoArt --> 438,01652892562
02/05/2020 15:46:06|ivaArt --> 21
02/05/2020 15:46:06|hasarOCX.ImprimirItem --> OK
02/05/2020 15:46:06|Cerrar Comprobante B:::
02/05/2020 15:46:09|Obtiene nrocomp
02/05/2020 15:46:09|nrocomp --> 120
02/05/2020 15:46:09|Nro. de Comprobante ::: TFB ::: 120
02/05/2020 15:50:28|Conectando..
02/05/2020 15:50:28|IP: 127.0.0.1 - Puerto: 6500
02/05/2020 15:50:29|Conectado con éxito!!
02/05/2020 15:58:34|Conectando..
02/05/2020 15:58:34|IP: 127.0.0.1 - Puerto: 6500
02/05/2020 15:58:35|Conectado con éxito!!
02/05/2020 16:06:14|Conectando..
02/05/2020 16:06:14|IP: 127.0.0.1 - Puerto: 6500
02/05/2020 16:06:15|Conectado con éxito!!
02/05/2020 16:07:26|Conectando..
02/05/2020 16:07:26|IP: 127.0.0.1 - Puerto: 6500
02/05/2020 16:07:27|Conectado con éxito!!
02/05/2020 16:07:39|Conectando..
02/05/2020 16:07:39|IP: 127.0.0.1 - Puerto: 6500
02/05/2020 16:07:40|Conectado con éxito!!
02/05/2020 16:08:56|Conectando..
02/05/2020 16:08:56|IP: 127.0.0.1 - Puerto: 6500
02/05/2020 16:08:57|Conectado con éxito!!
02/05/2020 16:10:30|Comienza Facturacion B
02/05/2020 16:10:30|DatosCliente B
02/05/2020 16:10:33|AbrirComprobanteFiscal B
02/05/2020 16:10:33|Articulo --> 1550 ecovita jabon baja espuma baby care dpx 800ml
02/05/2020 16:10:33|cantidadArt B --> 1
02/05/2020 16:10:33|PrecVear --> 106
02/05/2020 16:10:33|montoArt --> 87,603305785124
02/05/2020 16:10:33|ivaArt --> 21
02/05/2020 16:10:33|hasarOCX.ImprimirItem --> OK
02/05/2020 16:10:33|Articulo --> pamp pants confort sec gde 40
02/05/2020 16:10:33|cantidadArt B --> 1
02/05/2020 16:10:33|PrecVear --> 640
02/05/2020 16:10:33|montoArt --> 528,925619834711
02/05/2020 16:10:33|ivaArt --> 21
02/05/2020 16:10:34|hasarOCX.ImprimirItem --> OK
02/05/2020 16:10:34|Articulo --> pamp pants premium care gde 30
02/05/2020 16:10:34|cantidadArt B --> 1
02/05/2020 16:10:34|PrecVear --> 540
02/05/2020 16:10:34|montoArt --> 446,280991735537
02/05/2020 16:10:34|ivaArt --> 21
02/05/2020 16:10:34|hasarOCX.ImprimirItem --> OK
02/05/2020 16:10:34|Articulo --> kimbies ultrap med 4x48
02/05/2020 16:10:34|cantidadArt B --> 1
02/05/2020 16:10:34|PrecVear --> 400
02/05/2020 16:10:34|montoArt --> 330,578512396694
02/05/2020 16:10:34|ivaArt --> 21
02/05/2020 16:10:34|hasarOCX.ImprimirItem --> OK
02/05/2020 16:10:34|Cerrar Comprobante B:::
02/05/2020 16:10:37|Obtiene nrocomp
02/05/2020 16:10:38|nrocomp --> 121
02/05/2020 16:10:38|Nro. de Comprobante ::: TFB ::: 121
02/05/2020 16:21:02|Conectando..
02/05/2020 16:21:02|IP: 127.0.0.1 - Puerto: 6500
02/05/2020 16:21:03|Conectado con éxito!!
02/05/2020 16:25:39|Conectando..
02/05/2020 16:25:39|IP: 127.0.0.1 - Puerto: 6500
02/05/2020 16:25:40|Conectado con éxito!!
02/05/2020 16:25:57|Comienza Facturacion B
02/05/2020 16:25:57|DatosCliente B
02/05/2020 16:25:59|AbrirComprobanteFiscal B
02/05/2020 16:25:59|Articulo --> varios
02/05/2020 16:25:59|cantidadArt B --> 1
02/05/2020 16:25:59|PrecVear --> 485
02/05/2020 16:25:59|montoArt --> 400,826446280992
02/05/2020 16:25:59|ivaArt --> 21
02/05/2020 16:26:00|hasarOCX.ImprimirItem --> OK
02/05/2020 16:26:00|Articulo --> acqua di colbert deox150-285/8
02/05/2020 16:26:00|cantidadArt B --> 1
02/05/2020 16:26:00|PrecVear --> 205
02/05/2020 16:26:00|montoArt --> 169,421487603306
02/05/2020 16:26:00|ivaArt --> 21
02/05/2020 16:26:00|hasarOCX.ImprimirItem --> OK
02/05/2020 16:26:00|Cerrar Comprobante B:::
02/05/2020 16:26:03|Obtiene nrocomp
02/05/2020 16:26:03|nrocomp --> 122
02/05/2020 16:26:03|Nro. de Comprobante ::: TFB ::: 122
02/05/2020 16:29:50|Conectando..
02/05/2020 16:29:50|IP: 127.0.0.1 - Puerto: 6500
02/05/2020 16:29:51|Conectado con éxito!!
02/05/2020 16:30:58|Comienza Facturacion B
02/05/2020 16:30:58|DatosCliente B
02/05/2020 16:31:01|AbrirComprobanteFiscal B
02/05/2020 16:31:01|Articulo --> mimito oleo calcareo botella x 1 litro
02/05/2020 16:31:01|cantidadArt B --> 1
02/05/2020 16:31:01|PrecVear --> 160
02/05/2020 16:31:01|montoArt --> 132,231404958678
02/05/2020 16:31:01|ivaArt --> 21
02/05/2020 16:31:01|hasarOCX.ImprimirItem --> OK
02/05/2020 16:31:01|Articulo --> huggies nat care gde x68 - mujer
02/05/2020 16:31:01|cantidadArt B --> 1
02/05/2020 16:31:01|PrecVear --> 1100
02/05/2020 16:31:01|montoArt --> 909,090909090909
02/05/2020 16:31:01|ivaArt --> 21
02/05/2020 16:31:02|hasarOCX.ImprimirItem --> OK
02/05/2020 16:31:02|Cerrar Comprobante B:::
02/05/2020 16:31:05|Obtiene nrocomp
02/05/2020 16:31:05|nrocomp --> 123
02/05/2020 16:31:05|Nro. de Comprobante ::: TFB ::: 123
02/05/2020 16:33:20|Conectando..
02/05/2020 16:33:20|IP: 127.0.0.1 - Puerto: 6500
02/05/2020 16:33:20|Conectado con éxito!!
02/05/2020 16:34:18|Conectando..
02/05/2020 16:34:18|IP: 127.0.0.1 - Puerto: 6500
02/05/2020 16:34:19|Conectado con éxito!!
02/05/2020 16:37:48|Conectando..
02/05/2020 16:37:48|IP: 127.0.0.1 - Puerto: 6500
02/05/2020 16:37:49|Conectado con éxito!!
02/05/2020 16:40:19|Conectando..
02/05/2020 16:40:19|IP: 127.0.0.1 - Puerto: 6500
02/05/2020 16:40:20|Conectado con éxito!!
02/05/2020 16:43:58|Conectando..
02/05/2020 16:43:58|IP: 127.0.0.1 - Puerto: 6500
02/05/2020 16:43:59|Conectado con éxito!!
02/05/2020 16:54:12|Conectando..
02/05/2020 16:54:12|IP: 127.0.0.1 - Puerto: 6500
02/05/2020 16:54:12|Conectado con éxito!!
02/05/2020 16:58:58|Conectando..
02/05/2020 16:58:58|IP: 127.0.0.1 - Puerto: 6500
02/05/2020 16:58:59|Conectado con éxito!!
02/05/2020 17:04:57|Comienza Facturacion B
02/05/2020 17:04:57|DatosCliente B
02/05/2020 17:05:00|AbrirComprobanteFiscal B
02/05/2020 17:05:00|Articulo --> jyj t. hum. toque de sueño 18x50 (violeta)
02/05/2020 17:05:00|cantidadArt B --> 2
02/05/2020 17:05:00|PrecVear --> 150
02/05/2020 17:05:00|montoArt --> 123,96694214876
02/05/2020 17:05:00|ivaArt --> 21
02/05/2020 17:05:00|hasarOCX.ImprimirItem --> OK
02/05/2020 17:05:00|Articulo --> pampers supersec xxgd 56
02/05/2020 17:05:00|cantidadArt B --> 3
02/05/2020 17:05:00|PrecVear --> 680
02/05/2020 17:05:00|montoArt --> 561,98347107438
02/05/2020 17:05:00|ivaArt --> 21
02/05/2020 17:05:00|hasarOCX.ImprimirItem --> OK
02/05/2020 17:05:00|Articulo --> varios
02/05/2020 17:05:00|cantidadArt B --> 1
02/05/2020 17:05:00|PrecVear --> 115
02/05/2020 17:05:00|montoArt --> 95,0413223140496
02/05/2020 17:05:00|ivaArt --> 21
02/05/2020 17:05:01|hasarOCX.ImprimirItem --> OK
02/05/2020 17:05:01|Articulo --> jyj shampoo fragancia prol. 200x12 (azul)
02/05/2020 17:05:01|cantidadArt B --> 1
02/05/2020 17:05:01|PrecVear --> 190
02/05/2020 17:05:01|montoArt --> 157,02479338843
02/05/2020 17:05:01|ivaArt --> 21
02/05/2020 17:05:01|hasarOCX.ImprimirItem --> OK
02/05/2020 17:05:01|Articulo --> 90121 j&j acond. frag  prolongada 200x12(azul)
02/05/2020 17:05:01|cantidadArt B --> 1
02/05/2020 17:05:01|PrecVear --> 190,5
02/05/2020 17:05:01|montoArt --> 157,438016528926
02/05/2020 17:05:01|ivaArt --> 21
02/05/2020 17:05:01|hasarOCX.ImprimirItem --> OK
02/05/2020 17:05:01|Cerrar Comprobante B:::
02/05/2020 17:05:04|Obtiene nrocomp
02/05/2020 17:05:05|nrocomp --> 124
02/05/2020 17:05:05|Nro. de Comprobante ::: TFB ::: 124
02/05/2020 17:07:07|Conectando..
02/05/2020 17:07:07|IP: 127.0.0.1 - Puerto: 6500
02/05/2020 17:07:08|Conectado con éxito!!
02/05/2020 17:09:44|Conectando..
02/05/2020 17:09:44|IP: 127.0.0.1 - Puerto: 6500
02/05/2020 17:09:44|Conectado con éxito!!
02/05/2020 17:20:45|Conectando..
02/05/2020 17:20:45|IP: 127.0.0.1 - Puerto: 6500
02/05/2020 17:20:46|Conectado con éxito!!
02/05/2020 17:24:13|Conectando..
02/05/2020 17:24:13|IP: 127.0.0.1 - Puerto: 6500
02/05/2020 17:24:13|Conectado con éxito!!
02/05/2020 17:27:05|Conectando..
02/05/2020 17:27:05|IP: 127.0.0.1 - Puerto: 6500
02/05/2020 17:27:06|Conectado con éxito!!
02/05/2020 17:28:03|Conectando..
02/05/2020 17:28:03|IP: 127.0.0.1 - Puerto: 6500
02/05/2020 17:28:04|Conectado con éxito!!
02/05/2020 17:30:06|Comienza Facturacion B
02/05/2020 17:30:06|DatosCliente B
02/05/2020 17:30:09|AbrirComprobanteFiscal B
02/05/2020 17:30:09|Articulo --> pamp pants premium care xgd
02/05/2020 17:30:09|cantidadArt B --> 2
02/05/2020 17:30:09|PrecVear --> 540
02/05/2020 17:30:09|montoArt --> 446,280991735537
02/05/2020 17:30:09|ivaArt --> 21
02/05/2020 17:30:09|hasarOCX.ImprimirItem --> OK
02/05/2020 17:30:09|Articulo --> jyj t. hum. toque de bebe 18x50u (blanco)
02/05/2020 17:30:09|cantidadArt B --> 2
02/05/2020 17:30:09|PrecVear --> 150
02/05/2020 17:30:09|montoArt --> 123,96694214876
02/05/2020 17:30:09|ivaArt --> 21
02/05/2020 17:30:10|hasarOCX.ImprimirItem --> OK
02/05/2020 17:30:10|Articulo --> varios
02/05/2020 17:30:10|cantidadArt B --> 1
02/05/2020 17:30:10|PrecVear --> 395
02/05/2020 17:30:10|montoArt --> 326,446280991736
02/05/2020 17:30:10|ivaArt --> 21
02/05/2020 17:30:10|hasarOCX.ImprimirItem --> OK
02/05/2020 17:30:10|Articulo --> varios
02/05/2020 17:30:10|cantidadArt B --> 1
02/05/2020 17:30:10|PrecVear --> 235
02/05/2020 17:30:10|montoArt --> 194,214876033058
02/05/2020 17:30:10|ivaArt --> 21
02/05/2020 17:30:10|hasarOCX.ImprimirItem --> OK
02/05/2020 17:30:10|Cerrar Comprobante B:::
02/05/2020 17:30:13|Obtiene nrocomp
02/05/2020 17:30:13|nrocomp --> 125
02/05/2020 17:30:13|Nro. de Comprobante ::: TFB ::: 125
02/05/2020 17:31:17|Conectando..
02/05/2020 17:31:17|IP: 127.0.0.1 - Puerto: 6500
02/05/2020 17:31:17|Conectado con éxito!!
02/05/2020 17:31:57|Conectando..
02/05/2020 17:31:57|IP: 127.0.0.1 - Puerto: 6500
02/05/2020 17:31:57|Conectado con éxito!!
02/05/2020 17:37:26|Conectando..
02/05/2020 17:37:26|IP: 127.0.0.1 - Puerto: 6500
02/05/2020 17:37:26|Conectado con éxito!!
02/05/2020 17:53:01|Conectando..
02/05/2020 17:53:01|IP: 127.0.0.1 - Puerto: 6500
02/05/2020 17:53:02|Conectado con éxito!!
02/05/2020 17:59:40|Comienza Facturacion B
02/05/2020 17:59:40|DatosCliente B
02/05/2020 17:59:43|AbrirComprobanteFiscal B
02/05/2020 17:59:43|Articulo --> elvive acondx200 dream long
02/05/2020 17:59:43|cantidadArt B --> 1
02/05/2020 17:59:43|PrecVear --> 170
02/05/2020 17:59:43|montoArt --> 140,495867768595
02/05/2020 17:59:43|ivaArt --> 21
02/05/2020 17:59:43|hasarOCX.ImprimirItem --> OK
02/05/2020 17:59:43|Articulo --> vim past.adx30 citrus -4484
02/05/2020 17:59:43|cantidadArt B --> 1
02/05/2020 17:59:43|PrecVear --> 80
02/05/2020 17:59:43|montoArt --> 66,1157024793389
02/05/2020 17:59:43|ivaArt --> 21
02/05/2020 17:59:43|hasarOCX.ImprimirItem --> OK
02/05/2020 17:59:43|Articulo --> oral b cr.dentx75 kids starw -4691#
02/05/2020 17:59:43|cantidadArt B --> 1
02/05/2020 17:59:43|PrecVear --> 55
02/05/2020 17:59:43|montoArt --> 45,4545454545455
02/05/2020 17:59:43|ivaArt --> 21
02/05/2020 17:59:44|hasarOCX.ImprimirItem --> OK
02/05/2020 17:59:44|Articulo --> dove jab x90 blanco
02/05/2020 17:59:44|cantidadArt B --> 2
02/05/2020 17:59:44|PrecVear --> 65
02/05/2020 17:59:44|montoArt --> 53,7190082644628
02/05/2020 17:59:44|ivaArt --> 21
02/05/2020 17:59:44|hasarOCX.ImprimirItem --> OK
02/05/2020 17:59:44|Articulo --> babysec ultrasec xxg x 34 uni
02/05/2020 17:59:44|cantidadArt B --> 1
02/05/2020 17:59:44|PrecVear --> 470
02/05/2020 17:59:44|montoArt --> 388,429752066116
02/05/2020 17:59:44|ivaArt --> 21
02/05/2020 17:59:44|hasarOCX.ImprimirItem --> OK
02/05/2020 17:59:44|Cerrar Comprobante B:::
02/05/2020 17:59:48|Obtiene nrocomp
02/05/2020 17:59:48|nrocomp --> 126
02/05/2020 17:59:48|Nro. de Comprobante ::: TFB ::: 126
02/05/2020 18:04:21|*************COMIENZA Cierre  Z**********
02/05/2020 18:04:30|CIERRE Z
Cierre Z Nº =[12]
Fecha del Cierre        =[02/05/2020 0:00:00]
DF Emitidos             =[29]
DF Cancelados           =[1]
DF Total                =[3355451]
DF Total Gravado        =[2773096]
DF Total No Gravado     =[0]
DF Total Exento         =[0]
DF Total IVA            =[582355]
DF Total Otros Tributos =[0]
NC Emitidas             =[0]
NC Canceladas           =[0]
NC Total                =[0]
NC Total Gravado        =[0]
NC Total No Gravado     =[0]
NC Total Exento         =[0]
NC Total IVA            =[0]
NC Total Otros Tributos =[0]
DNFH Emitidos           =[0]
DNFH Total              =[0]

