26/05/2020 8:50:03|Conectando..
26/05/2020 8:50:03|IP: 127.0.0.1 - Puerto: 6500
26/05/2020 8:50:03|Conectado con éxito!!
26/05/2020 8:54:33|Conectando..
26/05/2020 8:54:33|IP: 127.0.0.1 - Puerto: 6500
26/05/2020 8:54:34|Conectado con éxito!!
26/05/2020 9:04:01|Comienza Facturacion B
26/05/2020 9:04:01|DatosCliente B
26/05/2020 9:04:04|AbrirComprobanteFiscal B
26/05/2020 9:04:04|Articulo --> iberia pronto turbo matic
26/05/2020 9:04:04|cantidadArt B --> 1
26/05/2020 9:04:04|PrecVear --> 2950
26/05/2020 9:04:04|montoArt --> 2438,01652892562
26/05/2020 9:04:04|ivaArt --> 21
26/05/2020 9:04:05|hasarOCX.ImprimirItem --> OK
26/05/2020 9:04:05|Cerrar Comprobante B:::
26/05/2020 9:04:08|Obtiene nrocomp
26/05/2020 9:04:08|nrocomp --> 630
26/05/2020 9:04:08|Nro. de Comprobante ::: TFB ::: 630
26/05/2020 9:18:06|Conectando..
26/05/2020 9:18:06|IP: 127.0.0.1 - Puerto: 6500
26/05/2020 9:18:07|Conectado con éxito!!
26/05/2020 9:28:14|Conectando..
26/05/2020 9:28:14|IP: 127.0.0.1 - Puerto: 6500
26/05/2020 9:28:15|Conectado con éxito!!
26/05/2020 9:34:23|Conectando..
26/05/2020 9:34:23|IP: 127.0.0.1 - Puerto: 6500
26/05/2020 9:34:24|Conectado con éxito!!
26/05/2020 9:39:45|Conectando..
26/05/2020 9:39:45|IP: 127.0.0.1 - Puerto: 6500
26/05/2020 9:39:46|Conectado con éxito!!
26/05/2020 9:44:35|Conectando..
26/05/2020 9:44:35|IP: 127.0.0.1 - Puerto: 6500
26/05/2020 9:44:35|Conectado con éxito!!
26/05/2020 9:45:14|Conectando..
26/05/2020 9:45:14|IP: 127.0.0.1 - Puerto: 6500
26/05/2020 9:45:15|Conectado con éxito!!
26/05/2020 9:54:16|Conectando..
26/05/2020 9:54:16|IP: 127.0.0.1 - Puerto: 6500
26/05/2020 9:54:17|Conectado con éxito!!
26/05/2020 10:12:05|Conectando..
26/05/2020 10:12:05|IP: 127.0.0.1 - Puerto: 6500
26/05/2020 10:12:06|Conectado con éxito!!
26/05/2020 10:12:57|Comienza Facturacion B
26/05/2020 10:12:57|DatosCliente B
26/05/2020 10:13:00|AbrirComprobanteFiscal B
26/05/2020 10:13:00|Articulo --> vim lavand.gelx700 original-3458
26/05/2020 10:13:00|cantidadArt B --> 1
26/05/2020 10:13:00|PrecVear --> 110
26/05/2020 10:13:00|montoArt --> 90,9090909090909
26/05/2020 10:13:00|ivaArt --> 21
26/05/2020 10:13:00|hasarOCX.ImprimirItem --> OK
26/05/2020 10:13:00|Articulo --> ayudin lav.x2l multisup orig-5>
26/05/2020 10:13:00|cantidadArt B --> 1
26/05/2020 10:13:00|PrecVear --> 115
26/05/2020 10:13:00|montoArt --> 95,0413223140496
26/05/2020 10:13:00|ivaArt --> 21
26/05/2020 10:13:00|hasarOCX.ImprimirItem --> OK
26/05/2020 10:13:00|Articulo --> babysec premium tanga xxg 34/5
26/05/2020 10:13:00|cantidadArt B --> 1
26/05/2020 10:13:00|PrecVear --> 620
26/05/2020 10:13:00|montoArt --> 512,396694214876
26/05/2020 10:13:00|ivaArt --> 21
26/05/2020 10:13:01|hasarOCX.ImprimirItem --> OK
26/05/2020 10:13:01|Articulo --> el coloso rollo cocx3 x 40paños
26/05/2020 10:13:01|cantidadArt B --> 1
26/05/2020 10:13:01|PrecVear --> 45
26/05/2020 10:13:01|montoArt --> 37,1900826446281
26/05/2020 10:13:01|ivaArt --> 21
26/05/2020 10:13:01|hasarOCX.ImprimirItem --> OK
26/05/2020 10:13:01|Articulo --> jyj sh x200 (amarillo)
26/05/2020 10:13:01|cantidadArt B --> 1
26/05/2020 10:13:01|PrecVear --> 189
26/05/2020 10:13:01|montoArt --> 156,198347107438
26/05/2020 10:13:01|ivaArt --> 21
26/05/2020 10:13:01|hasarOCX.ImprimirItem --> OK
26/05/2020 10:13:01|Articulo --> jyj t. hum. toque de bebe x50u (blanco)
26/05/2020 10:13:01|cantidadArt B --> 1
26/05/2020 10:13:01|PrecVear --> 150
26/05/2020 10:13:01|montoArt --> 123,96694214876
26/05/2020 10:13:01|ivaArt --> 21
26/05/2020 10:13:02|hasarOCX.ImprimirItem --> OK
26/05/2020 10:13:02|Articulo --> dove jabon x90 blanco
26/05/2020 10:13:02|cantidadArt B --> 2
26/05/2020 10:13:02|PrecVear --> 64
26/05/2020 10:13:02|montoArt --> 52,8925619834711
26/05/2020 10:13:02|ivaArt --> 21
26/05/2020 10:13:02|hasarOCX.ImprimirItem --> OK
26/05/2020 10:13:02|Articulo --> pantene chx400 micelar
26/05/2020 10:13:02|cantidadArt B --> 1
26/05/2020 10:13:02|PrecVear --> 280
26/05/2020 10:13:02|montoArt --> 231,404958677686
26/05/2020 10:13:02|ivaArt --> 21
26/05/2020 10:13:02|hasarOCX.ImprimirItem --> OK
26/05/2020 10:13:02|Articulo --> pantene acondx400 micelar
26/05/2020 10:13:02|cantidadArt B --> 1
26/05/2020 10:13:02|PrecVear --> 285
26/05/2020 10:13:02|montoArt --> 235,537190082645
26/05/2020 10:13:02|ivaArt --> 21
26/05/2020 10:13:03|hasarOCX.ImprimirItem --> OK
26/05/2020 10:13:03|Articulo --> dove crcorp nutri. esencial x400ml
26/05/2020 10:13:03|cantidadArt B --> 1
26/05/2020 10:13:03|PrecVear --> 295
26/05/2020 10:13:03|montoArt --> 243,801652892562
26/05/2020 10:13:03|ivaArt --> 21
26/05/2020 10:13:03|hasarOCX.ImprimirItem --> OK
26/05/2020 10:13:03|Articulo --> cif pisosx750 oxy gel -922902
26/05/2020 10:13:03|cantidadArt B --> 1
26/05/2020 10:13:03|PrecVear --> 130
26/05/2020 10:13:03|montoArt --> 107,438016528926
26/05/2020 10:13:03|ivaArt --> 21
26/05/2020 10:13:03|hasarOCX.ImprimirItem --> OK
26/05/2020 10:13:03|Cerrar Comprobante B:::
26/05/2020 10:13:06|Obtiene nrocomp
26/05/2020 10:13:07|nrocomp --> 631
26/05/2020 10:13:07|Nro. de Comprobante ::: TFB ::: 631
26/05/2020 10:16:12|Conectando..
26/05/2020 10:16:12|IP: 127.0.0.1 - Puerto: 6500
26/05/2020 10:16:12|Conectado con éxito!!
26/05/2020 10:16:16|Comienza Facturacion B
26/05/2020 10:16:16|DatosCliente B
26/05/2020 10:16:19|AbrirComprobanteFiscal B
26/05/2020 10:16:19|Articulo --> alax800 matic clasico
26/05/2020 10:16:19|cantidadArt B --> 1
26/05/2020 10:16:19|PrecVear --> 105
26/05/2020 10:16:19|montoArt --> 86,7768595041322
26/05/2020 10:16:19|ivaArt --> 21
26/05/2020 10:16:19|hasarOCX.ImprimirItem --> OK
26/05/2020 10:16:19|Cerrar Comprobante B:::
26/05/2020 10:16:22|Obtiene nrocomp
26/05/2020 10:16:22|nrocomp --> 632
26/05/2020 10:16:22|Nro. de Comprobante ::: TFB ::: 632
26/05/2020 10:23:43|Conectando..
26/05/2020 10:23:43|IP: 127.0.0.1 - Puerto: 6500
26/05/2020 10:23:43|Conectado con éxito!!
26/05/2020 10:25:50|Conectando..
26/05/2020 10:25:50|IP: 127.0.0.1 - Puerto: 6500
26/05/2020 10:25:51|Conectado con éxito!!
26/05/2020 10:27:22|Conectando..
26/05/2020 10:27:22|IP: 127.0.0.1 - Puerto: 6500
26/05/2020 10:27:23|Conectado con éxito!!
26/05/2020 10:27:55|Conectando..
26/05/2020 10:27:55|IP: 127.0.0.1 - Puerto: 6500
26/05/2020 10:27:56|Conectado con éxito!!
26/05/2020 10:30:12|Conectando..
26/05/2020 10:30:12|IP: 127.0.0.1 - Puerto: 6500
26/05/2020 10:30:13|Conectado con éxito!!
26/05/2020 10:30:51|Comienza Facturacion B
26/05/2020 10:30:51|DatosCliente B
26/05/2020 10:30:53|AbrirComprobanteFiscal B
26/05/2020 10:30:53|Articulo --> babysec ultrasec xxg x34 uni
26/05/2020 10:30:53|cantidadArt B --> 1
26/05/2020 10:30:53|PrecVear --> 470
26/05/2020 10:30:53|montoArt --> 388,429752066116
26/05/2020 10:30:53|ivaArt --> 21
26/05/2020 10:30:54|hasarOCX.ImprimirItem --> OK
26/05/2020 10:30:54|Articulo --> huggies toallas húmedas limpieza total18 x48
26/05/2020 10:30:54|cantidadArt B --> 1
26/05/2020 10:30:54|PrecVear --> 230
26/05/2020 10:30:54|montoArt --> 190,082644628099
26/05/2020 10:30:54|ivaArt --> 21
26/05/2020 10:30:54|hasarOCX.ImprimirItem --> OK
26/05/2020 10:30:54|Cerrar Comprobante B:::
26/05/2020 10:30:57|Obtiene nrocomp
26/05/2020 10:30:57|nrocomp --> 633
26/05/2020 10:30:57|Nro. de Comprobante ::: TFB ::: 633
26/05/2020 10:33:33|Conectando..
26/05/2020 10:33:33|IP: 127.0.0.1 - Puerto: 6500
26/05/2020 10:33:34|Conectado con éxito!!
26/05/2020 10:34:48|Conectando..
26/05/2020 10:34:48|IP: 127.0.0.1 - Puerto: 6500
26/05/2020 10:34:49|Conectado con éxito!!
26/05/2020 10:36:16|Conectando..
26/05/2020 10:36:16|IP: 127.0.0.1 - Puerto: 6500
26/05/2020 10:36:17|Conectado con éxito!!
26/05/2020 10:45:30|Conectando..
26/05/2020 10:45:30|IP: 127.0.0.1 - Puerto: 6500
26/05/2020 10:45:31|Conectado con éxito!!
26/05/2020 10:47:35|Conectando..
26/05/2020 10:47:35|IP: 127.0.0.1 - Puerto: 6500
26/05/2020 10:47:36|Conectado con éxito!!
26/05/2020 10:48:33|Conectando..
26/05/2020 10:48:33|IP: 127.0.0.1 - Puerto: 6500
26/05/2020 10:48:34|Conectado con éxito!!
26/05/2020 10:49:51|Comienza Facturacion B
26/05/2020 10:49:51|DatosCliente B
26/05/2020 10:49:54|AbrirComprobanteFiscal B
26/05/2020 10:49:54|Articulo --> raid max s/olorx360 aero -673097
26/05/2020 10:49:54|cantidadArt B --> 1
26/05/2020 10:49:54|PrecVear --> 285
26/05/2020 10:49:54|montoArt --> 235,537190082645
26/05/2020 10:49:54|ivaArt --> 21
26/05/2020 10:49:54|hasarOCX.ImprimirItem --> OK
26/05/2020 10:49:54|Articulo --> pantene acondx200 hidratación extrema
26/05/2020 10:49:54|cantidadArt B --> 1
26/05/2020 10:49:54|PrecVear --> 160
26/05/2020 10:49:54|montoArt --> 132,231404958678
26/05/2020 10:49:54|ivaArt --> 21
26/05/2020 10:49:54|hasarOCX.ImprimirItem --> OK
26/05/2020 10:49:54|Articulo --> paula edt vap. x 60 ml. 60 ml.
26/05/2020 10:49:54|cantidadArt B --> 1
26/05/2020 10:49:54|PrecVear --> 1195
26/05/2020 10:49:54|montoArt --> 987,603305785124
26/05/2020 10:49:54|ivaArt --> 21
26/05/2020 10:49:55|hasarOCX.ImprimirItem --> OK
26/05/2020 10:49:55|Cerrar Comprobante B:::
26/05/2020 10:49:58|Obtiene nrocomp
26/05/2020 10:49:58|nrocomp --> 634
26/05/2020 10:49:58|Nro. de Comprobante ::: TFB ::: 634
26/05/2020 10:55:11|Conectando..
26/05/2020 10:55:11|IP: 127.0.0.1 - Puerto: 6500
26/05/2020 10:55:12|Conectado con éxito!!
26/05/2020 10:55:35|Conectando..
26/05/2020 10:55:35|IP: 127.0.0.1 - Puerto: 6500
26/05/2020 10:55:36|Conectado con éxito!!
26/05/2020 10:59:02|Comienza Facturacion B
26/05/2020 10:59:02|DatosCliente B
26/05/2020 10:59:05|AbrirComprobanteFiscal B
26/05/2020 10:59:05|Articulo --> ala piel sensible 2.7 l
26/05/2020 10:59:05|cantidadArt B --> 1
26/05/2020 10:59:05|PrecVear --> 547
26/05/2020 10:59:05|montoArt --> 452,066115702479
26/05/2020 10:59:05|ivaArt --> 21
26/05/2020 10:59:05|hasarOCX.ImprimirItem --> OK
26/05/2020 10:59:05|Cerrar Comprobante B:::
26/05/2020 10:59:08|Obtiene nrocomp
26/05/2020 10:59:08|nrocomp --> 635
26/05/2020 10:59:08|Nro. de Comprobante ::: TFB ::: 635
26/05/2020 11:03:57|Comienza Facturacion B
26/05/2020 11:03:57|DatosCliente B
26/05/2020 11:03:59|AbrirComprobanteFiscal B
26/05/2020 11:03:59|Articulo --> fibran trapo de piso
26/05/2020 11:03:59|cantidadArt B --> 1
26/05/2020 11:03:59|PrecVear --> 85
26/05/2020 11:03:59|montoArt --> 70,2479338842975
26/05/2020 11:03:59|ivaArt --> 21
26/05/2020 11:04:00|hasarOCX.ImprimirItem --> OK
26/05/2020 11:04:00|Articulo --> heno de pravia jabon cremoso x150g
26/05/2020 11:04:00|cantidadArt B --> 2
26/05/2020 11:04:00|PrecVear --> 130
26/05/2020 11:04:00|montoArt --> 107,438016528926
26/05/2020 11:04:00|ivaArt --> 21
26/05/2020 11:04:00|hasarOCX.ImprimirItem --> OK
26/05/2020 11:04:00|Articulo --> colgate cr.anticaries x70ml
26/05/2020 11:04:00|cantidadArt B --> 1
26/05/2020 11:04:00|PrecVear --> 79
26/05/2020 11:04:00|montoArt --> 65,2892561983471
26/05/2020 11:04:00|ivaArt --> 21
26/05/2020 11:04:00|hasarOCX.ImprimirItem --> OK
26/05/2020 11:04:00|Articulo --> cif cremx375 ult.higiene-577702
26/05/2020 11:04:00|cantidadArt B --> 1
26/05/2020 11:04:00|PrecVear --> 89
26/05/2020 11:04:00|montoArt --> 73,5537190082645
26/05/2020 11:04:00|ivaArt --> 21
26/05/2020 11:04:01|hasarOCX.ImprimirItem --> OK
26/05/2020 11:04:01|Articulo --> elvive acondx200 o.extrao curl500
26/05/2020 11:04:01|cantidadArt B --> 1
26/05/2020 11:04:01|PrecVear --> 185
26/05/2020 11:04:01|montoArt --> 152,892561983471
26/05/2020 11:04:01|ivaArt --> 21
26/05/2020 11:04:01|hasarOCX.ImprimirItem --> OK
26/05/2020 11:04:01|Articulo --> spa jabon liq dp
26/05/2020 11:04:01|cantidadArt B --> 1
26/05/2020 11:04:01|PrecVear --> 79
26/05/2020 11:04:01|montoArt --> 65,2892561983471
26/05/2020 11:04:01|ivaArt --> 21
26/05/2020 11:04:01|hasarOCX.ImprimirItem --> OK
26/05/2020 11:04:01|Articulo --> el coloso clas.cristx750 marina
26/05/2020 11:04:01|cantidadArt B --> 1
26/05/2020 11:04:01|PrecVear --> 39
26/05/2020 11:04:01|montoArt --> 32,2314049586777
26/05/2020 11:04:01|ivaArt --> 21
26/05/2020 11:04:02|hasarOCX.ImprimirItem --> OK
26/05/2020 11:04:02|Articulo --> el coloso clas.cristx750 limon
26/05/2020 11:04:02|cantidadArt B --> 1
26/05/2020 11:04:02|PrecVear --> 39
26/05/2020 11:04:02|montoArt --> 32,2314049586777
26/05/2020 11:04:02|ivaArt --> 21
26/05/2020 11:04:02|hasarOCX.ImprimirItem --> OK
26/05/2020 11:04:02|Articulo --> selton mmmx360 casa y jardin-24462
26/05/2020 11:04:02|cantidadArt B --> 1
26/05/2020 11:04:02|PrecVear --> 176
26/05/2020 11:04:02|montoArt --> 145,454545454545
26/05/2020 11:04:02|ivaArt --> 21
26/05/2020 11:04:03|hasarOCX.ImprimirItem --> OK
26/05/2020 11:04:03|Articulo --> el coloso lavandinax1l basica
26/05/2020 11:04:03|cantidadArt B --> 1
26/05/2020 11:04:03|PrecVear --> 43
26/05/2020 11:04:03|montoArt --> 35,5371900826446
26/05/2020 11:04:03|ivaArt --> 21
26/05/2020 11:04:03|hasarOCX.ImprimirItem --> OK
26/05/2020 11:04:03|Articulo --> el coloso limp.liqx900bebe
26/05/2020 11:04:03|cantidadArt B --> 1
26/05/2020 11:04:03|PrecVear --> 35
26/05/2020 11:04:03|montoArt --> 28,9256198347107
26/05/2020 11:04:03|ivaArt --> 21
26/05/2020 11:04:03|hasarOCX.ImprimirItem --> OK
26/05/2020 11:04:03|Articulo --> algabo alcohol en gel ultra %70 pomo x90 ml
26/05/2020 11:04:03|cantidadArt B --> 1
26/05/2020 11:04:03|PrecVear --> 120
26/05/2020 11:04:03|montoArt --> 99,1735537190083
26/05/2020 11:04:03|ivaArt --> 21
26/05/2020 11:04:04|hasarOCX.ImprimirItem --> OK
26/05/2020 11:04:04|Articulo --> elegante rollo cocinax200 paños
26/05/2020 11:04:04|cantidadArt B --> 2
26/05/2020 11:04:04|PrecVear --> 85
26/05/2020 11:04:04|montoArt --> 70,2479338842975
26/05/2020 11:04:04|ivaArt --> 21
26/05/2020 11:04:04|hasarOCX.ImprimirItem --> OK
26/05/2020 11:04:04|Cerrar Comprobante B:::
26/05/2020 11:04:07|Obtiene nrocomp
26/05/2020 11:04:07|nrocomp --> 636
26/05/2020 11:04:07|Nro. de Comprobante ::: TFB ::: 636
26/05/2020 11:07:07|Conectando..
26/05/2020 11:07:07|IP: 127.0.0.1 - Puerto: 6500
26/05/2020 11:07:08|Conectado con éxito!!
26/05/2020 11:07:36|Comienza Facturacion B
26/05/2020 11:07:36|DatosCliente B
26/05/2020 11:07:40|AbrirComprobanteFiscal B
26/05/2020 11:07:40|Articulo --> mf alcohol etilico
26/05/2020 11:07:40|cantidadArt B --> 1
26/05/2020 11:07:40|PrecVear --> 185
26/05/2020 11:07:40|montoArt --> 152,892561983471
26/05/2020 11:07:40|ivaArt --> 21
26/05/2020 11:07:40|hasarOCX.ImprimirItem --> OK
26/05/2020 11:07:40|Articulo --> q soft toall. hum. clasicas x50u
26/05/2020 11:07:40|cantidadArt B --> 1
26/05/2020 11:07:40|PrecVear --> 98
26/05/2020 11:07:40|montoArt --> 80,9917355371901
26/05/2020 11:07:40|ivaArt --> 21
26/05/2020 11:07:40|hasarOCX.ImprimirItem --> OK
26/05/2020 11:07:40|Articulo --> fuyi tabletas x16 noches
26/05/2020 11:07:40|cantidadArt B --> 1
26/05/2020 11:07:40|PrecVear --> 145
26/05/2020 11:07:40|montoArt --> 119,834710743802
26/05/2020 11:07:40|ivaArt --> 21
26/05/2020 11:07:41|hasarOCX.ImprimirItem --> OK
26/05/2020 11:07:41|Articulo --> estilo spa alcohol en gel x75ml neutro
26/05/2020 11:07:41|cantidadArt B --> 1
26/05/2020 11:07:41|PrecVear --> 95
26/05/2020 11:07:41|montoArt --> 78,5123966942149
26/05/2020 11:07:41|ivaArt --> 21
26/05/2020 11:07:41|hasarOCX.ImprimirItem --> OK
26/05/2020 11:07:41|Cerrar Comprobante B:::
26/05/2020 11:07:44|Obtiene nrocomp
26/05/2020 11:07:44|nrocomp --> 637
26/05/2020 11:07:44|Nro. de Comprobante ::: TFB ::: 637
26/05/2020 11:11:21|Conectando..
26/05/2020 11:11:21|IP: 127.0.0.1 - Puerto: 6500
26/05/2020 11:11:22|Conectado con éxito!!
26/05/2020 11:13:32|Conectando..
26/05/2020 11:13:32|IP: 127.0.0.1 - Puerto: 6500
26/05/2020 11:13:33|Conectado con éxito!!
26/05/2020 11:13:50|Comienza Facturacion B
26/05/2020 11:13:50|DatosCliente B
26/05/2020 11:13:52|AbrirComprobanteFiscal B
26/05/2020 11:13:52|Articulo --> toalla plen fem s/a maxi 5 gotas x20u
26/05/2020 11:13:52|cantidadArt B --> 1
26/05/2020 11:13:52|PrecVear --> 990
26/05/2020 11:13:52|montoArt --> 818,181818181818
26/05/2020 11:13:52|ivaArt --> 21
26/05/2020 11:13:53|hasarOCX.ImprimirItem --> OK
26/05/2020 11:13:53|Articulo --> cicatricure cr antiarrugas x60 g
26/05/2020 11:13:53|cantidadArt B --> 1
26/05/2020 11:13:53|PrecVear --> 825
26/05/2020 11:13:53|montoArt --> 681,818181818182
26/05/2020 11:13:53|ivaArt --> 21
26/05/2020 11:13:53|hasarOCX.ImprimirItem --> OK
26/05/2020 11:13:53|Articulo --> mf alcohol etilico
26/05/2020 11:13:53|cantidadArt B --> 1
26/05/2020 11:13:53|PrecVear --> 185
26/05/2020 11:13:53|montoArt --> 152,892561983471
26/05/2020 11:13:53|ivaArt --> 21
26/05/2020 11:13:54|hasarOCX.ImprimirItem --> OK
26/05/2020 11:13:54|Articulo --> varios
26/05/2020 11:13:54|cantidadArt B --> 1
26/05/2020 11:13:54|PrecVear --> 850
26/05/2020 11:13:54|montoArt --> 702,479338842975
26/05/2020 11:13:54|ivaArt --> 21
26/05/2020 11:13:54|hasarOCX.ImprimirItem --> OK
26/05/2020 11:13:54|Cerrar Comprobante B:::
26/05/2020 11:13:57|Obtiene nrocomp
26/05/2020 11:13:57|nrocomp --> 638
26/05/2020 11:13:57|Nro. de Comprobante ::: TFB ::: 638
26/05/2020 11:14:58|Comienza Facturacion B
26/05/2020 11:14:59|DatosCliente B
26/05/2020 11:15:01|AbrirComprobanteFiscal B
26/05/2020 11:15:01|Articulo --> nonisec recto grande x20 c/gel
26/05/2020 11:15:01|cantidadArt B --> 1
26/05/2020 11:15:01|PrecVear --> 370
26/05/2020 11:15:01|montoArt --> 305,785123966942
26/05/2020 11:15:01|ivaArt --> 21
26/05/2020 11:15:01|hasarOCX.ImprimirItem --> OK
26/05/2020 11:15:01|Articulo --> adult care rop int mediana x8 50 a 85 kg
26/05/2020 11:15:01|cantidadArt B --> 1
26/05/2020 11:15:01|PrecVear --> 471
26/05/2020 11:15:01|montoArt --> 389,256198347107
26/05/2020 11:15:01|ivaArt --> 21
26/05/2020 11:15:02|hasarOCX.ImprimirItem --> OK
26/05/2020 11:15:02|Cerrar Comprobante B:::
26/05/2020 11:15:05|Obtiene nrocomp
26/05/2020 11:15:05|nrocomp --> 639
26/05/2020 11:15:05|Nro. de Comprobante ::: TFB ::: 639
26/05/2020 11:22:52|Conectando..
26/05/2020 11:22:52|IP: 127.0.0.1 - Puerto: 6500
26/05/2020 11:22:53|Conectado con éxito!!
26/05/2020 11:23:52|Conectando..
26/05/2020 11:23:52|IP: 127.0.0.1 - Puerto: 6500
26/05/2020 11:23:53|Conectado con éxito!!
26/05/2020 11:24:53|Conectando..
26/05/2020 11:24:53|IP: 127.0.0.1 - Puerto: 6500
26/05/2020 11:24:54|Conectado con éxito!!
26/05/2020 11:25:57|Conectando..
26/05/2020 11:25:57|IP: 127.0.0.1 - Puerto: 6500
26/05/2020 11:25:58|Conectado con éxito!!
26/05/2020 11:26:13|Conectando..
26/05/2020 11:26:13|IP: 127.0.0.1 - Puerto: 6500
26/05/2020 11:26:14|Conectado con éxito!!
26/05/2020 11:33:43|Conectando..
26/05/2020 11:33:43|IP: 127.0.0.1 - Puerto: 6500
26/05/2020 11:33:44|Conectado con éxito!!
26/05/2020 11:34:35|Conectando..
26/05/2020 11:34:35|IP: 127.0.0.1 - Puerto: 6500
26/05/2020 11:34:36|Conectado con éxito!!
26/05/2020 11:37:22|Conectando..
26/05/2020 11:37:22|IP: 127.0.0.1 - Puerto: 6500
26/05/2020 11:37:23|Conectado con éxito!!
26/05/2020 11:38:25|Conectando..
26/05/2020 11:38:25|IP: 127.0.0.1 - Puerto: 6500
26/05/2020 11:38:26|Conectado con éxito!!
26/05/2020 11:41:53|Conectando..
26/05/2020 11:41:53|IP: 127.0.0.1 - Puerto: 6500
26/05/2020 11:41:53|Conectado con éxito!!
26/05/2020 11:54:17|Conectando..
26/05/2020 11:54:17|IP: 127.0.0.1 - Puerto: 6500
26/05/2020 11:54:18|Conectado con éxito!!
26/05/2020 11:59:01|Conectando..
26/05/2020 11:59:01|IP: 127.0.0.1 - Puerto: 6500
26/05/2020 11:59:02|Conectado con éxito!!
26/05/2020 12:00:07|Comienza Facturacion B
26/05/2020 12:00:07|DatosCliente B
26/05/2020 12:00:09|AbrirComprobanteFiscal B
26/05/2020 12:00:09|Articulo --> biferdil bio color 0% amonicaco  4
26/05/2020 12:00:09|cantidadArt B --> 1
26/05/2020 12:00:09|PrecVear --> 460
26/05/2020 12:00:09|montoArt --> 380,165289256198
26/05/2020 12:00:09|ivaArt --> 21
26/05/2020 12:00:10|hasarOCX.ImprimirItem --> OK
26/05/2020 12:00:10|Cerrar Comprobante B:::
26/05/2020 12:00:13|Obtiene nrocomp
26/05/2020 12:00:13|nrocomp --> 640
26/05/2020 12:00:13|Nro. de Comprobante ::: TFB ::: 640
26/05/2020 12:02:47|Conectando..
26/05/2020 12:02:47|IP: 127.0.0.1 - Puerto: 6500
26/05/2020 12:02:48|Conectado con éxito!!
26/05/2020 12:05:22|Conectando..
26/05/2020 12:05:22|IP: 127.0.0.1 - Puerto: 6500
26/05/2020 12:05:23|Conectado con éxito!!
26/05/2020 12:05:32|Comienza Facturacion B
26/05/2020 12:05:32|DatosCliente B
26/05/2020 12:05:34|AbrirComprobanteFiscal B
26/05/2020 12:05:34|Articulo --> huggies nat care xl x58 - ellos
26/05/2020 12:05:34|cantidadArt B --> 1
26/05/2020 12:05:34|PrecVear --> 1100
26/05/2020 12:05:34|montoArt --> 909,090909090909
26/05/2020 12:05:34|ivaArt --> 21
26/05/2020 12:05:35|hasarOCX.ImprimirItem --> OK
26/05/2020 12:05:35|Cerrar Comprobante B:::
26/05/2020 12:05:38|Obtiene nrocomp
26/05/2020 12:05:38|nrocomp --> 641
26/05/2020 12:05:38|Nro. de Comprobante ::: TFB ::: 641
26/05/2020 12:06:59|Comienza Facturacion B
26/05/2020 12:06:59|DatosCliente B
26/05/2020 12:07:01|AbrirComprobanteFiscal B
26/05/2020 12:07:01|Articulo --> varios
26/05/2020 12:07:01|cantidadArt B --> 1
26/05/2020 12:07:01|PrecVear --> 1350
26/05/2020 12:07:01|montoArt --> 1115,70247933884
26/05/2020 12:07:01|ivaArt --> 21
26/05/2020 12:07:02|hasarOCX.ImprimirItem --> OK
26/05/2020 12:07:02|Cerrar Comprobante B:::
26/05/2020 12:07:05|Obtiene nrocomp
26/05/2020 12:07:05|nrocomp --> 642
26/05/2020 12:07:05|Nro. de Comprobante ::: TFB ::: 642
26/05/2020 12:10:34|Conectando..
26/05/2020 12:10:34|IP: 127.0.0.1 - Puerto: 6500
26/05/2020 12:10:35|Conectado con éxito!!
26/05/2020 12:11:54|Conectando..
26/05/2020 12:11:54|IP: 127.0.0.1 - Puerto: 6500
26/05/2020 12:11:55|Conectado con éxito!!
26/05/2020 12:13:07|Conectando..
26/05/2020 12:13:07|IP: 127.0.0.1 - Puerto: 6500
26/05/2020 12:13:08|Conectado con éxito!!
26/05/2020 12:21:08|Conectando..
26/05/2020 12:21:08|IP: 127.0.0.1 - Puerto: 6500
26/05/2020 12:21:09|Conectado con éxito!!
26/05/2020 12:22:58|Conectando..
26/05/2020 12:22:58|IP: 127.0.0.1 - Puerto: 6500
26/05/2020 12:22:58|Conectado con éxito!!
26/05/2020 12:24:57|Conectando..
26/05/2020 12:24:57|IP: 127.0.0.1 - Puerto: 6500
26/05/2020 12:24:58|Conectado con éxito!!
26/05/2020 12:26:34|Conectando..
26/05/2020 12:26:34|IP: 127.0.0.1 - Puerto: 6500
26/05/2020 12:26:34|Conectado con éxito!!
26/05/2020 12:26:41|Comienza Facturacion B
26/05/2020 12:26:42|DatosCliente B
26/05/2020 12:26:44|AbrirComprobanteFiscal B
26/05/2020 12:26:44|Articulo --> babysec ultrasec xg x36 uni
26/05/2020 12:26:44|cantidadArt B --> 1
26/05/2020 12:26:44|PrecVear --> 470
26/05/2020 12:26:44|montoArt --> 388,429752066116
26/05/2020 12:26:44|ivaArt --> 21
26/05/2020 12:26:45|hasarOCX.ImprimirItem --> OK
26/05/2020 12:26:45|Cerrar Comprobante B:::
26/05/2020 12:26:48|Obtiene nrocomp
26/05/2020 12:26:48|nrocomp --> 643
26/05/2020 12:26:48|Nro. de Comprobante ::: TFB ::: 643
26/05/2020 12:34:16|Conectando..
26/05/2020 12:34:16|IP: 127.0.0.1 - Puerto: 6500
26/05/2020 12:34:17|Conectado con éxito!!
26/05/2020 12:47:04|Conectando..
26/05/2020 12:47:04|IP: 127.0.0.1 - Puerto: 6500
26/05/2020 12:47:04|Conectado con éxito!!
26/05/2020 12:55:19|Comienza Facturacion B
26/05/2020 12:55:19|DatosCliente B
26/05/2020 12:55:22|AbrirComprobanteFiscal B
26/05/2020 12:55:22|Articulo --> boos woman edp vp. intensrose 90 ml. 9
26/05/2020 12:55:22|cantidadArt B --> 2
26/05/2020 12:55:22|PrecVear --> 1430
26/05/2020 12:55:22|montoArt --> 1181,81818181818
26/05/2020 12:55:22|ivaArt --> 21
26/05/2020 12:55:22|hasarOCX.ImprimirItem --> OK
26/05/2020 12:55:22|Articulo --> tio nacho ac.aclarante x 200 ml.
26/05/2020 12:55:22|cantidadArt B --> 1
26/05/2020 12:55:22|PrecVear --> 270
26/05/2020 12:55:22|montoArt --> 223,140495867769
26/05/2020 12:55:22|ivaArt --> 21
26/05/2020 12:55:22|hasarOCX.ImprimirItem --> OK
26/05/2020 12:55:22|Articulo --> tio nacho sh.aclarante x 200 ml.
26/05/2020 12:55:22|cantidadArt B --> 1
26/05/2020 12:55:22|PrecVear --> 270
26/05/2020 12:55:22|montoArt --> 223,140495867769
26/05/2020 12:55:22|ivaArt --> 21
26/05/2020 12:55:23|hasarOCX.ImprimirItem --> OK
26/05/2020 12:55:23|Articulo --> prestobarba ultragrip 2 filos
26/05/2020 12:55:23|cantidadArt B --> 2
26/05/2020 12:55:23|PrecVear --> 65
26/05/2020 12:55:23|montoArt --> 53,7190082644628
26/05/2020 12:55:23|ivaArt --> 21
26/05/2020 12:55:23|hasarOCX.ImprimirItem --> OK
26/05/2020 12:55:23|Cerrar Comprobante B:::
26/05/2020 12:55:26|Obtiene nrocomp
26/05/2020 12:55:26|nrocomp --> 644
26/05/2020 12:55:26|Nro. de Comprobante ::: TFB ::: 644
26/05/2020 13:07:18|Conectando..
26/05/2020 13:07:18|IP: 127.0.0.1 - Puerto: 6500
26/05/2020 13:07:19|Conectado con éxito!!
26/05/2020 13:21:24|Comienza Facturacion B
26/05/2020 13:21:24|DatosCliente B
26/05/2020 13:21:26|AbrirComprobanteFiscal B
26/05/2020 13:21:26|Articulo --> varios
26/05/2020 13:21:26|cantidadArt B --> 2
26/05/2020 13:21:26|PrecVear --> 50
26/05/2020 13:21:26|montoArt --> 41,3223140495868
26/05/2020 13:21:26|ivaArt --> 21
26/05/2020 13:21:27|hasarOCX.ImprimirItem --> OK
26/05/2020 13:21:27|Articulo --> babysec ultrasec gx44
26/05/2020 13:21:27|cantidadArt B --> 1
26/05/2020 13:21:27|PrecVear --> 470
26/05/2020 13:21:27|montoArt --> 388,429752066116
26/05/2020 13:21:27|ivaArt --> 21
26/05/2020 13:21:27|hasarOCX.ImprimirItem --> OK
26/05/2020 13:21:27|Articulo --> varios
26/05/2020 13:21:27|cantidadArt B --> 1
26/05/2020 13:21:27|PrecVear --> 65
26/05/2020 13:21:27|montoArt --> 53,7190082644628
26/05/2020 13:21:27|ivaArt --> 21
26/05/2020 13:21:27|hasarOCX.ImprimirItem --> OK
26/05/2020 13:21:27|Cerrar Comprobante B:::
26/05/2020 13:21:30|Obtiene nrocomp
26/05/2020 13:21:31|nrocomp --> 645
26/05/2020 13:21:31|Nro. de Comprobante ::: TFB ::: 645
26/05/2020 14:03:26|Conectando..
26/05/2020 14:03:26|IP: 127.0.0.1 - Puerto: 6500
26/05/2020 14:03:27|Conectado con éxito!!
26/05/2020 14:03:57|Conectando..
26/05/2020 14:03:57|IP: 127.0.0.1 - Puerto: 6500
26/05/2020 14:03:58|Conectado con éxito!!
26/05/2020 14:14:45|Conectando..
26/05/2020 14:14:45|IP: 127.0.0.1 - Puerto: 6500
26/05/2020 14:14:46|Conectado con éxito!!
26/05/2020 14:22:07|Conectando..
26/05/2020 14:22:07|IP: 127.0.0.1 - Puerto: 6500
26/05/2020 14:22:08|Conectado con éxito!!
26/05/2020 14:23:44|Conectando..
26/05/2020 14:23:44|IP: 127.0.0.1 - Puerto: 6500
26/05/2020 14:23:45|Conectado con éxito!!
26/05/2020 14:27:46|Conectando..
26/05/2020 14:27:46|IP: 127.0.0.1 - Puerto: 6500
26/05/2020 14:27:47|Conectado con éxito!!
26/05/2020 14:28:11|Comienza Facturacion B
26/05/2020 14:28:11|DatosCliente B
26/05/2020 14:28:13|AbrirComprobanteFiscal B
26/05/2020 14:28:13|Articulo --> babysec ultrasec xg x36 uni
26/05/2020 14:28:13|cantidadArt B --> 1
26/05/2020 14:28:13|PrecVear --> 470
26/05/2020 14:28:13|montoArt --> 388,429752066116
26/05/2020 14:28:13|ivaArt --> 21
26/05/2020 14:28:14|hasarOCX.ImprimirItem --> OK
26/05/2020 14:28:14|Articulo --> otowil sh neutro sachet
26/05/2020 14:28:14|cantidadArt B --> 1
26/05/2020 14:28:14|PrecVear --> 22
26/05/2020 14:28:14|montoArt --> 18,1818181818182
26/05/2020 14:28:14|ivaArt --> 21
26/05/2020 14:28:14|hasarOCX.ImprimirItem --> OK
26/05/2020 14:28:14|Cerrar Comprobante B:::
26/05/2020 14:28:17|Obtiene nrocomp
26/05/2020 14:28:17|nrocomp --> 646
26/05/2020 14:28:17|Nro. de Comprobante ::: TFB ::: 646
26/05/2020 14:38:00|Conectando..
26/05/2020 14:38:00|IP: 127.0.0.1 - Puerto: 6500
26/05/2020 14:38:00|Conectado con éxito!!
26/05/2020 14:39:17|Comienza Facturacion B
26/05/2020 14:39:17|DatosCliente B
26/05/2020 14:39:21|AbrirComprobanteFiscal B
26/05/2020 14:39:21|Articulo --> varios
26/05/2020 14:39:21|cantidadArt B --> 1
26/05/2020 14:39:21|PrecVear --> 165
26/05/2020 14:39:21|montoArt --> 136,363636363636
26/05/2020 14:39:21|ivaArt --> 21
26/05/2020 14:39:21|hasarOCX.ImprimirItem --> OK
26/05/2020 14:39:21|Articulo --> mf alcohol etilico
26/05/2020 14:39:21|cantidadArt B --> 1
26/05/2020 14:39:21|PrecVear --> 185
26/05/2020 14:39:21|montoArt --> 152,892561983471
26/05/2020 14:39:21|ivaArt --> 21
26/05/2020 14:39:21|hasarOCX.ImprimirItem --> OK
26/05/2020 14:39:21|Articulo --> make pulverizador multiuso x750
26/05/2020 14:39:21|cantidadArt B --> 1
26/05/2020 14:39:21|PrecVear --> 100
26/05/2020 14:39:21|montoArt --> 82,6446280991736
26/05/2020 14:39:21|ivaArt --> 21
26/05/2020 14:39:22|hasarOCX.ImprimirItem --> OK
26/05/2020 14:39:22|Articulo --> party jab.liqx240 d.pack melon
26/05/2020 14:39:22|cantidadArt B --> 1
26/05/2020 14:39:22|PrecVear --> 79
26/05/2020 14:39:22|montoArt --> 65,2892561983471
26/05/2020 14:39:22|ivaArt --> 21
26/05/2020 14:39:22|hasarOCX.ImprimirItem --> OK
26/05/2020 14:39:22|Cerrar Comprobante B:::
26/05/2020 14:39:25|Obtiene nrocomp
26/05/2020 14:39:25|nrocomp --> 647
26/05/2020 14:39:25|Nro. de Comprobante ::: TFB ::: 647
26/05/2020 14:40:23|Conectando..
26/05/2020 14:40:23|IP: 127.0.0.1 - Puerto: 6500
26/05/2020 14:40:24|Conectado con éxito!!
26/05/2020 14:50:00|Conectando..
26/05/2020 14:50:00|IP: 127.0.0.1 - Puerto: 6500
26/05/2020 14:50:01|Conectado con éxito!!
26/05/2020 14:55:27|Conectando..
26/05/2020 14:55:27|IP: 127.0.0.1 - Puerto: 6500
26/05/2020 14:55:28|Conectado con éxito!!
26/05/2020 14:56:32|Conectando..
26/05/2020 14:56:32|IP: 127.0.0.1 - Puerto: 6500
26/05/2020 14:56:33|Conectado con éxito!!
26/05/2020 15:01:05|Conectando..
26/05/2020 15:01:05|IP: 127.0.0.1 - Puerto: 6500
26/05/2020 15:01:06|Conectado con éxito!!
26/05/2020 15:01:12|Comienza Facturacion B
26/05/2020 15:01:12|DatosCliente B
26/05/2020 15:01:15|AbrirComprobanteFiscal B
26/05/2020 15:01:15|Articulo --> varios
26/05/2020 15:01:15|cantidadArt B --> 1
26/05/2020 15:01:15|PrecVear --> 140
26/05/2020 15:01:15|montoArt --> 115,702479338843
26/05/2020 15:01:15|ivaArt --> 21
26/05/2020 15:01:15|hasarOCX.ImprimirItem --> OK
26/05/2020 15:01:15|Cerrar Comprobante B:::
26/05/2020 15:01:18|Obtiene nrocomp
26/05/2020 15:01:19|nrocomp --> 648
26/05/2020 15:01:19|Nro. de Comprobante ::: TFB ::: 648
26/05/2020 15:29:20|Conectando..
26/05/2020 15:29:20|IP: 127.0.0.1 - Puerto: 6500
26/05/2020 15:29:20|Conectado con éxito!!
26/05/2020 15:29:53|Conectando..
26/05/2020 15:29:53|IP: 127.0.0.1 - Puerto: 6500
26/05/2020 15:29:54|Conectado con éxito!!
26/05/2020 15:30:39|Conectando..
26/05/2020 15:30:39|IP: 127.0.0.1 - Puerto: 6500
26/05/2020 15:30:40|Conectado con éxito!!
26/05/2020 15:31:01|Conectando..
26/05/2020 15:31:01|IP: 127.0.0.1 - Puerto: 6500
26/05/2020 15:31:02|Conectado con éxito!!
26/05/2020 15:40:40|Comienza Facturacion B
26/05/2020 15:40:40|DatosCliente B
26/05/2020 15:40:43|AbrirComprobanteFiscal B
26/05/2020 15:40:43|Articulo --> rxoanb liq dp x220 ml
26/05/2020 15:40:43|cantidadArt B --> 1
26/05/2020 15:40:43|PrecVear --> 125
26/05/2020 15:40:43|montoArt --> 103,305785123967
26/05/2020 15:40:43|ivaArt --> 21
26/05/2020 15:40:43|hasarOCX.ImprimirItem --> OK
26/05/2020 15:40:43|Articulo --> spa jabon liq dp
26/05/2020 15:40:43|cantidadArt B --> 3
26/05/2020 15:40:43|PrecVear --> 79
26/05/2020 15:40:43|montoArt --> 65,2892561983471
26/05/2020 15:40:43|ivaArt --> 21
26/05/2020 15:40:44|hasarOCX.ImprimirItem --> OK
26/05/2020 15:40:44|Cerrar Comprobante B:::
26/05/2020 15:40:47|Obtiene nrocomp
26/05/2020 15:40:47|nrocomp --> 649
26/05/2020 15:40:47|Nro. de Comprobante ::: TFB ::: 649
26/05/2020 15:49:55|Conectando..
26/05/2020 15:49:55|IP: 127.0.0.1 - Puerto: 6500
26/05/2020 15:49:55|Conectado con éxito!!
26/05/2020 15:57:56|Conectando..
26/05/2020 15:57:56|IP: 127.0.0.1 - Puerto: 6500
26/05/2020 15:57:57|Conectado con éxito!!
26/05/2020 15:58:10|Comienza Facturacion B
26/05/2020 15:58:10|DatosCliente B
26/05/2020 15:58:12|AbrirComprobanteFiscal B
26/05/2020 15:58:12|Articulo --> comodin ap inc extrema ext (verde) x20
26/05/2020 15:58:12|cantidadArt B --> 3
26/05/2020 15:58:12|PrecVear --> 295
26/05/2020 15:58:12|montoArt --> 243,801652892562
26/05/2020 15:58:12|ivaArt --> 21
26/05/2020 15:58:13|hasarOCX.ImprimirItem --> OK
26/05/2020 15:58:13|Cerrar Comprobante B:::
26/05/2020 15:58:16|Obtiene nrocomp
26/05/2020 15:58:16|nrocomp --> 650
26/05/2020 15:58:16|Nro. de Comprobante ::: TFB ::: 650
26/05/2020 15:58:33|Conectando..
26/05/2020 15:58:33|IP: 127.0.0.1 - Puerto: 6500
26/05/2020 15:58:34|Conectado con éxito!!
26/05/2020 15:58:48|Comienza Facturacion B
26/05/2020 15:58:48|DatosCliente B
26/05/2020 15:58:51|AbrirComprobanteFiscal B
26/05/2020 15:58:51|Articulo --> pampers pants confort sec g x40
26/05/2020 15:58:51|cantidadArt B --> 1
26/05/2020 15:58:51|PrecVear --> 640
26/05/2020 15:58:51|montoArt --> 528,925619834711
26/05/2020 15:58:51|ivaArt --> 21
26/05/2020 15:58:51|hasarOCX.ImprimirItem --> OK
26/05/2020 15:58:51|Articulo --> jyj jabon baby tradic.
26/05/2020 15:58:51|cantidadArt B --> 1
26/05/2020 15:58:51|PrecVear --> 78
26/05/2020 15:58:51|montoArt --> 64,4628099173554
26/05/2020 15:58:51|ivaArt --> 21
26/05/2020 15:58:51|hasarOCX.ImprimirItem --> OK
26/05/2020 15:58:51|Cerrar Comprobante B:::
26/05/2020 15:58:54|Obtiene nrocomp
26/05/2020 15:58:55|nrocomp --> 651
26/05/2020 15:58:55|Nro. de Comprobante ::: TFB ::: 651
26/05/2020 16:01:54|Conectando..
26/05/2020 16:01:54|IP: 127.0.0.1 - Puerto: 6500
26/05/2020 16:01:55|Conectado con éxito!!
26/05/2020 16:02:58|Conectando..
26/05/2020 16:02:58|IP: 127.0.0.1 - Puerto: 6500
26/05/2020 16:02:59|Conectado con éxito!!
26/05/2020 16:03:15|Comienza Facturacion B
26/05/2020 16:03:15|DatosCliente B
26/05/2020 16:03:18|AbrirComprobanteFiscal B
26/05/2020 16:03:18|Articulo --> babysec ultrasec xg x36 uni
26/05/2020 16:03:18|cantidadArt B --> 2
26/05/2020 16:03:18|PrecVear --> 470
26/05/2020 16:03:18|montoArt --> 388,429752066116
26/05/2020 16:03:18|ivaArt --> 21
26/05/2020 16:03:18|hasarOCX.ImprimirItem --> OK
26/05/2020 16:03:18|Articulo --> jyj t. hum. toque de sueño x50 (violeta)
26/05/2020 16:03:18|cantidadArt B --> 1
26/05/2020 16:03:18|PrecVear --> 150
26/05/2020 16:03:18|montoArt --> 123,96694214876
26/05/2020 16:03:18|ivaArt --> 21
26/05/2020 16:03:19|hasarOCX.ImprimirItem --> OK
26/05/2020 16:03:19|Articulo --> jyj t. hum. toque de bebe x50u (blanco)
26/05/2020 16:03:19|cantidadArt B --> 1
26/05/2020 16:03:19|PrecVear --> 150
26/05/2020 16:03:19|montoArt --> 123,96694214876
26/05/2020 16:03:19|ivaArt --> 21
26/05/2020 16:03:19|hasarOCX.ImprimirItem --> OK
26/05/2020 16:03:19|Articulo --> mf alcohol etilico
26/05/2020 16:03:19|cantidadArt B --> 1
26/05/2020 16:03:19|PrecVear --> 185
26/05/2020 16:03:19|montoArt --> 152,892561983471
26/05/2020 16:03:19|ivaArt --> 21
26/05/2020 16:03:19|hasarOCX.ImprimirItem --> OK
26/05/2020 16:03:19|Cerrar Comprobante B:::
26/05/2020 16:03:22|Obtiene nrocomp
26/05/2020 16:03:23|nrocomp --> 652
26/05/2020 16:03:23|Nro. de Comprobante ::: TFB ::: 652
26/05/2020 16:09:11|Conectando..
26/05/2020 16:09:11|IP: 127.0.0.1 - Puerto: 6500
26/05/2020 16:09:12|Conectado con éxito!!
26/05/2020 16:12:43|Conectando..
26/05/2020 16:12:43|IP: 127.0.0.1 - Puerto: 6500
26/05/2020 16:12:44|Conectado con éxito!!
26/05/2020 16:17:34|Conectando..
26/05/2020 16:17:34|IP: 127.0.0.1 - Puerto: 6500
26/05/2020 16:17:35|Conectado con éxito!!
26/05/2020 16:24:19|Conectando..
26/05/2020 16:24:19|IP: 127.0.0.1 - Puerto: 6500
26/05/2020 16:24:19|Conectado con éxito!!
26/05/2020 16:30:03|Conectando..
26/05/2020 16:30:03|IP: 127.0.0.1 - Puerto: 6500
26/05/2020 16:30:04|Conectado con éxito!!
26/05/2020 16:33:11|Conectando..
26/05/2020 16:33:11|IP: 127.0.0.1 - Puerto: 6500
26/05/2020 16:33:12|Conectado con éxito!!
26/05/2020 16:39:36|Conectando..
26/05/2020 16:39:36|IP: 127.0.0.1 - Puerto: 6500
26/05/2020 16:39:37|Conectado con éxito!!
26/05/2020 16:40:26|Conectando..
26/05/2020 16:40:26|IP: 127.0.0.1 - Puerto: 6500
26/05/2020 16:40:27|Conectado con éxito!!
26/05/2020 16:45:45|Conectando..
26/05/2020 16:45:45|IP: 127.0.0.1 - Puerto: 6500
26/05/2020 16:45:46|Conectado con éxito!!
26/05/2020 16:48:12|Conectando..
26/05/2020 16:48:12|IP: 127.0.0.1 - Puerto: 6500
26/05/2020 16:48:13|Conectado con éxito!!
26/05/2020 16:54:27|Conectando..
26/05/2020 16:54:27|IP: 127.0.0.1 - Puerto: 6500
26/05/2020 16:54:28|Conectado con éxito!!
26/05/2020 16:55:28|Conectando..
26/05/2020 16:55:28|IP: 127.0.0.1 - Puerto: 6500
26/05/2020 16:55:29|Conectado con éxito!!
26/05/2020 16:57:48|Conectando..
26/05/2020 16:57:48|IP: 127.0.0.1 - Puerto: 6500
26/05/2020 16:57:49|Conectado con éxito!!
26/05/2020 16:58:17|Conectando..
26/05/2020 16:58:17|IP: 127.0.0.1 - Puerto: 6500
26/05/2020 16:58:18|Conectado con éxito!!
26/05/2020 17:00:16|Comienza Facturacion B
26/05/2020 17:00:16|DatosCliente B
26/05/2020 17:00:19|AbrirComprobanteFiscal B
26/05/2020 17:00:19|Articulo --> pampers pants premium care xg
26/05/2020 17:00:19|cantidadArt B --> 4
26/05/2020 17:00:19|PrecVear --> 540
26/05/2020 17:00:19|montoArt --> 446,280991735537
26/05/2020 17:00:19|ivaArt --> 21
26/05/2020 17:00:19|hasarOCX.ImprimirItem --> OK
26/05/2020 17:00:19|Articulo --> woolitex450 d.pack bebe maquin3102
26/05/2020 17:00:19|cantidadArt B --> 2
26/05/2020 17:00:19|PrecVear --> 120
26/05/2020 17:00:19|montoArt --> 99,1735537190083
26/05/2020 17:00:19|ivaArt --> 21
26/05/2020 17:00:20|hasarOCX.ImprimirItem --> OK
26/05/2020 17:00:20|Articulo --> huggies toalla humeda limpieza total 12x80
26/05/2020 17:00:20|cantidadArt B --> 3
26/05/2020 17:00:20|PrecVear --> 380
26/05/2020 17:00:20|montoArt --> 314,04958677686
26/05/2020 17:00:20|ivaArt --> 21
26/05/2020 17:00:20|hasarOCX.ImprimirItem --> OK
26/05/2020 17:00:20|Cerrar Comprobante B:::
26/05/2020 17:00:23|Obtiene nrocomp
26/05/2020 17:00:23|nrocomp --> 653
26/05/2020 17:00:23|Nro. de Comprobante ::: TFB ::: 653
26/05/2020 17:01:02|Conectando..
26/05/2020 17:01:02|IP: 127.0.0.1 - Puerto: 6500
26/05/2020 17:01:02|Conectado con éxito!!
26/05/2020 17:01:14|Comienza Facturacion B
26/05/2020 17:01:14|DatosCliente B
26/05/2020 17:01:17|AbrirComprobanteFiscal B
26/05/2020 17:01:17|Articulo --> ariel liq x3l agua fria-8918
26/05/2020 17:01:17|cantidadArt B --> 1
26/05/2020 17:01:17|PrecVear --> 498
26/05/2020 17:01:17|montoArt --> 411,570247933884
26/05/2020 17:01:17|ivaArt --> 21
26/05/2020 17:01:17|hasarOCX.ImprimirItem --> OK
26/05/2020 17:01:17|Articulo --> plusbelle jabx125 bellez rad
26/05/2020 17:01:17|cantidadArt B --> 2
26/05/2020 17:01:17|PrecVear --> 42
26/05/2020 17:01:17|montoArt --> 34,7107438016529
26/05/2020 17:01:17|ivaArt --> 21
26/05/2020 17:01:18|hasarOCX.ImprimirItem --> OK
26/05/2020 17:01:18|Articulo --> mf alcohol etilico
26/05/2020 17:01:18|cantidadArt B --> 1
26/05/2020 17:01:18|PrecVear --> 185
26/05/2020 17:01:18|montoArt --> 152,892561983471
26/05/2020 17:01:18|ivaArt --> 21
26/05/2020 17:01:18|hasarOCX.ImprimirItem --> OK
26/05/2020 17:01:18|Cerrar Comprobante B:::
26/05/2020 17:01:21|Obtiene nrocomp
26/05/2020 17:01:21|nrocomp --> 654
26/05/2020 17:01:21|Nro. de Comprobante ::: TFB ::: 654
26/05/2020 17:05:24|Conectando..
26/05/2020 17:05:24|IP: 127.0.0.1 - Puerto: 6500
26/05/2020 17:05:25|Conectado con éxito!!
26/05/2020 17:15:46|Conectando..
26/05/2020 17:15:46|IP: 127.0.0.1 - Puerto: 6500
26/05/2020 17:15:47|Conectado con éxito!!
26/05/2020 17:17:05|Conectando..
26/05/2020 17:17:05|IP: 127.0.0.1 - Puerto: 6500
26/05/2020 17:17:06|Conectado con éxito!!
26/05/2020 17:17:32|Comienza Facturacion B
26/05/2020 17:17:32|DatosCliente B
26/05/2020 17:17:35|AbrirComprobanteFiscal B
26/05/2020 17:17:35|Articulo --> est.spa colx500 rosas
26/05/2020 17:17:35|cantidadArt B --> 1
26/05/2020 17:17:35|PrecVear --> 150
26/05/2020 17:17:35|montoArt --> 123,96694214876
26/05/2020 17:17:35|ivaArt --> 21
26/05/2020 17:17:35|hasarOCX.ImprimirItem --> OK
26/05/2020 17:17:35|Articulo --> veritas deo en crema
26/05/2020 17:17:35|cantidadArt B --> 1
26/05/2020 17:17:35|PrecVear --> 98
26/05/2020 17:17:35|montoArt --> 80,9917355371901
26/05/2020 17:17:35|ivaArt --> 21
26/05/2020 17:17:36|hasarOCX.ImprimirItem --> OK
26/05/2020 17:17:36|Cerrar Comprobante B:::
26/05/2020 17:17:39|Obtiene nrocomp
26/05/2020 17:17:39|nrocomp --> 655
26/05/2020 17:17:39|Nro. de Comprobante ::: TFB ::: 655
26/05/2020 17:18:57|Conectando..
26/05/2020 17:18:57|IP: 127.0.0.1 - Puerto: 6500
26/05/2020 17:18:58|Conectado con éxito!!
26/05/2020 17:20:09|Comienza Facturacion B
26/05/2020 17:20:09|DatosCliente B
26/05/2020 17:20:12|AbrirComprobanteFiscal B
26/05/2020 17:20:12|Articulo --> carefree t.los dias x60u tanga
26/05/2020 17:20:12|cantidadArt B --> 1
26/05/2020 17:20:12|PrecVear --> 490
26/05/2020 17:20:12|montoArt --> 404,95867768595
26/05/2020 17:20:12|ivaArt --> 21
26/05/2020 17:20:12|hasarOCX.ImprimirItem --> OK
26/05/2020 17:20:12|Articulo --> lysoform aerox360 citrica-4482
26/05/2020 17:20:12|cantidadArt B --> 1
26/05/2020 17:20:12|PrecVear --> 160
26/05/2020 17:20:12|montoArt --> 132,231404958678
26/05/2020 17:20:12|ivaArt --> 21
26/05/2020 17:20:12|hasarOCX.ImprimirItem --> OK
26/05/2020 17:20:12|Articulo --> ladysoft ud secax8 c/alas
26/05/2020 17:20:12|cantidadArt B --> 2
26/05/2020 17:20:12|PrecVear --> 58
26/05/2020 17:20:12|montoArt --> 47,9338842975207
26/05/2020 17:20:12|ivaArt --> 21
26/05/2020 17:20:13|hasarOCX.ImprimirItem --> OK
26/05/2020 17:20:13|Articulo --> varios
26/05/2020 17:20:13|cantidadArt B --> 1
26/05/2020 17:20:13|PrecVear --> 130
26/05/2020 17:20:13|montoArt --> 107,438016528926
26/05/2020 17:20:13|ivaArt --> 21
26/05/2020 17:20:13|hasarOCX.ImprimirItem --> OK
26/05/2020 17:20:13|Articulo --> wels body splash lilas y violetas x200
26/05/2020 17:20:13|cantidadArt B --> 1
26/05/2020 17:20:13|PrecVear --> 340
26/05/2020 17:20:13|montoArt --> 280,99173553719
26/05/2020 17:20:13|ivaArt --> 21
26/05/2020 17:20:13|hasarOCX.ImprimirItem --> OK
26/05/2020 17:20:13|Articulo --> colgate cep 360x2 uni
26/05/2020 17:20:13|cantidadArt B --> 1
26/05/2020 17:20:13|PrecVear --> 358
26/05/2020 17:20:13|montoArt --> 295,867768595041
26/05/2020 17:20:13|ivaArt --> 21
26/05/2020 17:20:14|hasarOCX.ImprimirItem --> OK
26/05/2020 17:20:14|Articulo --> coloso alcohol etílico x250ml
26/05/2020 17:20:14|cantidadArt B --> 2
26/05/2020 17:20:14|PrecVear --> 95
26/05/2020 17:20:14|montoArt --> 78,5123966942149
26/05/2020 17:20:14|ivaArt --> 21
26/05/2020 17:20:14|hasarOCX.ImprimirItem --> OK
26/05/2020 17:20:14|Cerrar Comprobante B:::
26/05/2020 17:20:17|Obtiene nrocomp
26/05/2020 17:20:17|nrocomp --> 656
26/05/2020 17:20:17|Nro. de Comprobante ::: TFB ::: 656
26/05/2020 17:23:43|Comienza Facturacion B
26/05/2020 17:23:43|DatosCliente B
26/05/2020 17:23:46|AbrirComprobanteFiscal B
26/05/2020 17:23:46|Articulo --> huggies active sec xxgx30uni
26/05/2020 17:23:46|cantidadArt B --> 1
26/05/2020 17:23:46|PrecVear --> 660
26/05/2020 17:23:46|montoArt --> 545,454545454546
26/05/2020 17:23:46|ivaArt --> 21
26/05/2020 17:23:46|hasarOCX.ImprimirItem --> OK
26/05/2020 17:23:46|Articulo --> varios
26/05/2020 17:23:46|cantidadArt B --> 1
26/05/2020 17:23:46|PrecVear --> 90
26/05/2020 17:23:46|montoArt --> 74,3801652892562
26/05/2020 17:23:46|ivaArt --> 21
26/05/2020 17:23:46|hasarOCX.ImprimirItem --> OK
26/05/2020 17:23:46|Cerrar Comprobante B:::
26/05/2020 17:23:49|Obtiene nrocomp
26/05/2020 17:23:50|nrocomp --> 657
26/05/2020 17:23:50|Nro. de Comprobante ::: TFB ::: 657
26/05/2020 17:26:12|Conectando..
26/05/2020 17:26:12|IP: 127.0.0.1 - Puerto: 6500
26/05/2020 17:26:13|Conectado con éxito!!
26/05/2020 17:26:50|Comienza Facturacion B
26/05/2020 17:26:50|DatosCliente B
26/05/2020 17:26:52|AbrirComprobanteFiscal B
26/05/2020 17:26:52|Articulo --> jyj t. hum. toque de bebe x50u (blanco)
26/05/2020 17:26:52|cantidadArt B --> 2
26/05/2020 17:26:52|PrecVear --> 150
26/05/2020 17:26:52|montoArt --> 123,96694214876
26/05/2020 17:26:52|ivaArt --> 21
26/05/2020 17:26:53|hasarOCX.ImprimirItem --> OK
26/05/2020 17:26:53|Articulo --> listerine enj.bux250 a.sarro-92039
26/05/2020 17:26:53|cantidadArt B --> 1
26/05/2020 17:26:53|PrecVear --> 295
26/05/2020 17:26:53|montoArt --> 243,801652892562
26/05/2020 17:26:53|ivaArt --> 21
26/05/2020 17:26:53|hasarOCX.ImprimirItem --> OK
26/05/2020 17:26:53|Articulo --> varios
26/05/2020 17:26:53|cantidadArt B --> 1
26/05/2020 17:26:53|PrecVear --> 595
26/05/2020 17:26:53|montoArt --> 491,735537190083
26/05/2020 17:26:53|ivaArt --> 21
26/05/2020 17:26:54|hasarOCX.ImprimirItem --> OK
26/05/2020 17:26:54|Articulo --> varios
26/05/2020 17:26:54|cantidadArt B --> 1
26/05/2020 17:26:54|PrecVear --> 235
26/05/2020 17:26:54|montoArt --> 194,214876033058
26/05/2020 17:26:54|ivaArt --> 21
26/05/2020 17:26:54|hasarOCX.ImprimirItem --> OK
26/05/2020 17:26:54|Cerrar Comprobante B:::
26/05/2020 17:26:57|Obtiene nrocomp
26/05/2020 17:26:57|nrocomp --> 658
26/05/2020 17:26:57|Nro. de Comprobante ::: TFB ::: 658
26/05/2020 17:28:02|Conectando..
26/05/2020 17:28:02|IP: 127.0.0.1 - Puerto: 6500
26/05/2020 17:28:03|Conectado con éxito!!
26/05/2020 17:32:45|Conectando..
26/05/2020 17:32:45|IP: 127.0.0.1 - Puerto: 6500
26/05/2020 17:32:46|Conectado con éxito!!
26/05/2020 17:32:56|Comienza Facturacion B
26/05/2020 17:32:57|DatosCliente B
26/05/2020 17:32:59|AbrirComprobanteFiscal B
26/05/2020 17:32:59|Articulo --> huggies act sec xxl x56u
26/05/2020 17:32:59|cantidadArt B --> 1
26/05/2020 17:32:59|PrecVear --> 990
26/05/2020 17:32:59|montoArt --> 818,181818181818
26/05/2020 17:32:59|ivaArt --> 21
26/05/2020 17:32:59|hasarOCX.ImprimirItem --> OK
26/05/2020 17:32:59|Cerrar Comprobante B:::
26/05/2020 17:33:02|Obtiene nrocomp
26/05/2020 17:33:03|nrocomp --> 659
26/05/2020 17:33:03|Nro. de Comprobante ::: TFB ::: 659
26/05/2020 17:37:55|Conectando..
26/05/2020 17:37:55|IP: 127.0.0.1 - Puerto: 6500
26/05/2020 17:37:56|Conectado con éxito!!
26/05/2020 17:39:07|Comienza Facturacion B
26/05/2020 17:39:07|DatosCliente B
26/05/2020 17:39:10|AbrirComprobanteFiscal B
26/05/2020 17:39:10|Articulo --> mf alcohol etilico
26/05/2020 17:39:10|cantidadArt B --> 1
26/05/2020 17:39:10|PrecVear --> 185
26/05/2020 17:39:10|montoArt --> 152,892561983471
26/05/2020 17:39:10|ivaArt --> 21
26/05/2020 17:39:10|hasarOCX.ImprimirItem --> OK
26/05/2020 17:39:10|Articulo --> simply baby jabon tocador
26/05/2020 17:39:10|cantidadArt B --> 1
26/05/2020 17:39:10|PrecVear --> 41
26/05/2020 17:39:10|montoArt --> 33,8842975206612
26/05/2020 17:39:10|ivaArt --> 21
26/05/2020 17:39:10|hasarOCX.ImprimirItem --> OK
26/05/2020 17:39:10|Articulo --> huggies trip prot xxg x30u
26/05/2020 17:39:10|cantidadArt B --> 1
26/05/2020 17:39:10|PrecVear --> 450
26/05/2020 17:39:10|montoArt --> 371,900826446281
26/05/2020 17:39:10|ivaArt --> 21
26/05/2020 17:39:11|hasarOCX.ImprimirItem --> OK
26/05/2020 17:39:11|Articulo --> plusbelle acondx1l proteccion
26/05/2020 17:39:11|cantidadArt B --> 1
26/05/2020 17:39:11|PrecVear --> 130
26/05/2020 17:39:11|montoArt --> 107,438016528926
26/05/2020 17:39:11|ivaArt --> 21
26/05/2020 17:39:11|hasarOCX.ImprimirItem --> OK
26/05/2020 17:39:11|Articulo --> nutrisse reno 91 jazmin-9002
26/05/2020 17:39:11|cantidadArt B --> 1
26/05/2020 17:39:11|PrecVear --> 460
26/05/2020 17:39:11|montoArt --> 380,165289256198
26/05/2020 17:39:11|ivaArt --> 21
26/05/2020 17:39:11|hasarOCX.ImprimirItem --> OK
26/05/2020 17:39:11|Cerrar Comprobante B:::
26/05/2020 17:39:14|Obtiene nrocomp
26/05/2020 17:39:15|nrocomp --> 660
26/05/2020 17:39:15|Nro. de Comprobante ::: TFB ::: 660
26/05/2020 17:40:45|Conectando..
26/05/2020 17:40:45|IP: 127.0.0.1 - Puerto: 6500
26/05/2020 17:40:46|Conectado con éxito!!
26/05/2020 17:42:03|Comienza Facturacion B
26/05/2020 17:42:03|DatosCliente B
26/05/2020 17:42:07|AbrirComprobanteFiscal B
26/05/2020 17:42:07|Articulo --> suave chx930 palta y argan-9444
26/05/2020 17:42:07|cantidadArt B --> 1
26/05/2020 17:42:07|PrecVear --> 110
26/05/2020 17:42:07|montoArt --> 90,9090909090909
26/05/2020 17:42:07|ivaArt --> 21
26/05/2020 17:42:08|hasarOCX.ImprimirItem --> OK
26/05/2020 17:42:08|Articulo --> vivant cr.ordeñe n.inten.x200
26/05/2020 17:42:08|cantidadArt B --> 1
26/05/2020 17:42:08|PrecVear --> 185
26/05/2020 17:42:08|montoArt --> 152,892561983471
26/05/2020 17:42:08|ivaArt --> 21
26/05/2020 17:42:08|hasarOCX.ImprimirItem --> OK
26/05/2020 17:42:08|Articulo --> selton mmmx360 rojo acc.prol-24460
26/05/2020 17:42:08|cantidadArt B --> 1
26/05/2020 17:42:08|PrecVear --> 126
26/05/2020 17:42:08|montoArt --> 104,132231404959
26/05/2020 17:42:08|ivaArt --> 21
26/05/2020 17:42:08|hasarOCX.ImprimirItem --> OK
26/05/2020 17:42:08|Articulo --> algabo acondicionador 930ml manzanilla y magnolia
26/05/2020 17:42:08|cantidadArt B --> 1
26/05/2020 17:42:08|PrecVear --> 125
26/05/2020 17:42:08|montoArt --> 103,305785123967
26/05/2020 17:42:08|ivaArt --> 21
26/05/2020 17:42:09|hasarOCX.ImprimirItem --> OK
26/05/2020 17:42:09|Articulo --> dove baby sh h enriq x200ml
26/05/2020 17:42:09|cantidadArt B --> 1
26/05/2020 17:42:09|PrecVear --> 150
26/05/2020 17:42:09|montoArt --> 123,96694214876
26/05/2020 17:42:09|ivaArt --> 21
26/05/2020 17:42:09|hasarOCX.ImprimirItem --> OK
26/05/2020 17:42:09|Articulo --> key kolor kit 9
26/05/2020 17:42:09|cantidadArt B --> 1
26/05/2020 17:42:09|PrecVear --> 270
26/05/2020 17:42:09|montoArt --> 223,140495867769
26/05/2020 17:42:09|ivaArt --> 21
26/05/2020 17:42:09|hasarOCX.ImprimirItem --> OK
26/05/2020 17:42:09|Cerrar Comprobante B:::
26/05/2020 17:42:12|Obtiene nrocomp
26/05/2020 17:42:13|nrocomp --> 661
26/05/2020 17:42:13|Nro. de Comprobante ::: TFB ::: 661
26/05/2020 17:46:05|Conectando..
26/05/2020 17:46:05|IP: 127.0.0.1 - Puerto: 6500
26/05/2020 17:46:06|Conectado con éxito!!
26/05/2020 17:46:29|Comienza Facturacion B
26/05/2020 17:46:29|DatosCliente B
26/05/2020 17:46:32|AbrirComprobanteFiscal B
26/05/2020 17:46:32|Articulo --> higienol dh mas blanco 30mx4-1958
26/05/2020 17:46:32|cantidadArt B --> 1
26/05/2020 17:46:32|PrecVear --> 110
26/05/2020 17:46:32|montoArt --> 90,9090909090909
26/05/2020 17:46:32|ivaArt --> 21
26/05/2020 17:46:32|hasarOCX.ImprimirItem --> OK
26/05/2020 17:46:32|Articulo --> sensodyne cr.dentx50 blanqueador
26/05/2020 17:46:32|cantidadArt B --> 1
26/05/2020 17:46:32|PrecVear --> 238
26/05/2020 17:46:32|montoArt --> 196,694214876033
26/05/2020 17:46:32|ivaArt --> 21
26/05/2020 17:46:33|hasarOCX.ImprimirItem --> OK
26/05/2020 17:46:33|Articulo --> estrella algodon  clasicox75
26/05/2020 17:46:33|cantidadArt B --> 1
26/05/2020 17:46:33|PrecVear --> 50
26/05/2020 17:46:33|montoArt --> 41,3223140495868
26/05/2020 17:46:33|ivaArt --> 21
26/05/2020 17:46:33|hasarOCX.ImprimirItem --> OK
26/05/2020 17:46:33|Articulo --> estrella quitaesmalte x100 ml
26/05/2020 17:46:33|cantidadArt B --> 1
26/05/2020 17:46:33|PrecVear --> 80
26/05/2020 17:46:33|montoArt --> 66,1157024793389
26/05/2020 17:46:33|ivaArt --> 21
26/05/2020 17:46:33|hasarOCX.ImprimirItem --> OK
26/05/2020 17:46:33|Articulo --> pantene chx400 liso extremo
26/05/2020 17:46:33|cantidadArt B --> 1
26/05/2020 17:46:33|PrecVear --> 280
26/05/2020 17:46:33|montoArt --> 231,404958677686
26/05/2020 17:46:33|ivaArt --> 21
26/05/2020 17:46:34|hasarOCX.ImprimirItem --> OK
26/05/2020 17:46:34|Articulo --> pantene acondx400 liso extremo
26/05/2020 17:46:34|cantidadArt B --> 1
26/05/2020 17:46:34|PrecVear --> 285
26/05/2020 17:46:34|montoArt --> 235,537190082645
26/05/2020 17:46:34|ivaArt --> 21
26/05/2020 17:46:34|hasarOCX.ImprimirItem --> OK
26/05/2020 17:46:34|Articulo --> varios
26/05/2020 17:46:34|cantidadArt B --> 1
26/05/2020 17:46:34|PrecVear --> 110
26/05/2020 17:46:34|montoArt --> 90,9090909090909
26/05/2020 17:46:34|ivaArt --> 21
26/05/2020 17:46:34|hasarOCX.ImprimirItem --> OK
26/05/2020 17:46:34|Cerrar Comprobante B:::
26/05/2020 17:46:37|Obtiene nrocomp
26/05/2020 17:46:38|nrocomp --> 662
26/05/2020 17:46:38|Nro. de Comprobante ::: TFB ::: 662
26/05/2020 17:47:22|Comienza Facturacion B
26/05/2020 17:47:22|DatosCliente B
26/05/2020 17:47:25|AbrirComprobanteFiscal B
26/05/2020 17:47:25|Articulo --> farmaclean mascara puntos negros sobre x7ml
26/05/2020 17:47:25|cantidadArt B --> 2
26/05/2020 17:47:25|PrecVear --> 60
26/05/2020 17:47:25|montoArt --> 49,5867768595041
26/05/2020 17:47:25|ivaArt --> 21
26/05/2020 17:47:25|hasarOCX.ImprimirItem --> OK
26/05/2020 17:47:25|Articulo --> varios
26/05/2020 17:47:25|cantidadArt B --> 1
26/05/2020 17:47:25|PrecVear --> 1153
26/05/2020 17:47:25|montoArt --> 952,892561983471
26/05/2020 17:47:25|ivaArt --> 21
26/05/2020 17:47:26|hasarOCX.ImprimirItem --> OK
26/05/2020 17:47:26|Cerrar Comprobante B:::
26/05/2020 17:47:29|Obtiene nrocomp
26/05/2020 17:47:29|nrocomp --> 663
26/05/2020 17:47:29|Nro. de Comprobante ::: TFB ::: 663
26/05/2020 17:48:02|Conectando..
26/05/2020 17:48:02|IP: 127.0.0.1 - Puerto: 6500
26/05/2020 17:48:03|Conectado con éxito!!
26/05/2020 17:51:24|Conectando..
26/05/2020 17:51:24|IP: 127.0.0.1 - Puerto: 6500
26/05/2020 17:51:24|Conectado con éxito!!
26/05/2020 17:51:39|Comienza Facturacion B
26/05/2020 17:51:39|DatosCliente B
26/05/2020 17:51:42|AbrirComprobanteFiscal B
26/05/2020 17:51:42|Articulo --> pampers premium care xxg x60 mas gde
26/05/2020 17:51:42|cantidadArt B --> 1
26/05/2020 17:51:42|PrecVear --> 1150
26/05/2020 17:51:42|montoArt --> 950,413223140496
26/05/2020 17:51:42|ivaArt --> 21
26/05/2020 17:51:42|hasarOCX.ImprimirItem --> OK
26/05/2020 17:51:42|Articulo --> veet bandas faciales x20
26/05/2020 17:51:42|cantidadArt B --> 1
26/05/2020 17:51:42|PrecVear --> 430
26/05/2020 17:51:42|montoArt --> 355,371900826446
26/05/2020 17:51:42|ivaArt --> 21
26/05/2020 17:51:42|hasarOCX.ImprimirItem --> OK
26/05/2020 17:51:42|Articulo --> dove baby jab liq h enr rep
26/05/2020 17:51:42|cantidadArt B --> 1
26/05/2020 17:51:42|PrecVear --> 155
26/05/2020 17:51:42|montoArt --> 128,099173553719
26/05/2020 17:51:42|ivaArt --> 21
26/05/2020 17:51:43|hasarOCX.ImprimirItem --> OK
26/05/2020 17:51:43|Articulo --> pampers babywipes sensitive c/tapa x56
26/05/2020 17:51:43|cantidadArt B --> 2
26/05/2020 17:51:43|PrecVear --> 270
26/05/2020 17:51:43|montoArt --> 223,140495867769
26/05/2020 17:51:43|ivaArt --> 21
26/05/2020 17:51:43|hasarOCX.ImprimirItem --> OK
26/05/2020 17:51:43|Cerrar Comprobante B:::
26/05/2020 17:51:46|Obtiene nrocomp
26/05/2020 17:51:47|nrocomp --> 664
26/05/2020 17:51:47|Nro. de Comprobante ::: TFB ::: 664
26/05/2020 17:56:17|*************COMIENZA Cierre  Z**********
26/05/2020 17:56:26|CIERRE Z
Cierre Z Nº =[33]
Fecha del Cierre        =[26/05/2020 0:00:00]
DF Emitidos             =[35]
DF Cancelados           =[0]
DF Total                =[4243503]
DF Total Gravado        =[3507026]
DF Total No Gravado     =[0]
DF Total Exento         =[0]
DF Total IVA            =[736477]
DF Total Otros Tributos =[0]
NC Emitidas             =[0]
NC Canceladas           =[0]
NC Total                =[0]
NC Total Gravado        =[0]
NC Total No Gravado     =[0]
NC Total Exento         =[0]
NC Total IVA            =[0]
NC Total Otros Tributos =[0]
DNFH Emitidos           =[0]
DNFH Total              =[0]

