18/06/2020 8:59:57|Conectando..
18/06/2020 8:59:57|IP: 127.0.0.1 - Puerto: 6500
18/06/2020 9:01:47|Conectando..
18/06/2020 9:01:47|IP: 127.0.0.1 - Puerto: 6500
18/06/2020 9:01:48|Conectado con éxito!!
18/06/2020 9:12:13|Error Diagnostico..Tiempo de espera agotado
18/06/2020 9:22:34|Conectando..
18/06/2020 9:22:34|IP: 127.0.0.1 - Puerto: 6500
18/06/2020 9:22:35|Conectado con éxito!!
18/06/2020 9:28:04|Conectando..
18/06/2020 9:28:04|IP: 127.0.0.1 - Puerto: 6500
18/06/2020 9:28:05|Conectado con éxito!!
18/06/2020 9:28:14|Comienza Facturacion B
18/06/2020 9:28:14|DatosCliente B
18/06/2020 9:28:17|AbrirComprobanteFiscal B
18/06/2020 9:28:17|Articulo --> nonisec recto grande x20 c/gel
18/06/2020 9:28:17|cantidadArt B --> 1
18/06/2020 9:28:17|PrecVear --> 396
18/06/2020 9:28:17|montoArt --> 327,272727272727
18/06/2020 9:28:17|ivaArt --> 21
18/06/2020 9:28:17|hasarOCX.ImprimirItem --> OK
18/06/2020 9:28:17|Cerrar Comprobante B:::
18/06/2020 9:28:20|Obtiene nrocomp
18/06/2020 9:28:20|nrocomp --> 1315
18/06/2020 9:28:20|Nro. de Comprobante ::: TFB ::: 1315
18/06/2020 9:44:57|Conectando..
18/06/2020 9:44:57|IP: 127.0.0.1 - Puerto: 6500
18/06/2020 9:44:58|Conectado con éxito!!
18/06/2020 9:57:39|Comienza Facturacion B
18/06/2020 9:57:40|DatosCliente B
18/06/2020 9:57:42|AbrirComprobanteFiscal B
18/06/2020 9:57:42|Articulo --> cicatricure agmicelar limp.fac.x 200 ml
18/06/2020 9:57:42|cantidadArt B --> 1
18/06/2020 9:57:42|PrecVear --> 450
18/06/2020 9:57:42|montoArt --> 371,900826446281
18/06/2020 9:57:42|ivaArt --> 21
18/06/2020 9:57:42|hasarOCX.ImprimirItem --> OK
18/06/2020 9:57:42|Cerrar Comprobante B:::
18/06/2020 9:57:46|Obtiene nrocomp
18/06/2020 9:57:46|nrocomp --> 1316
18/06/2020 9:57:46|Nro. de Comprobante ::: TFB ::: 1316
18/06/2020 10:08:36|Conectando..
18/06/2020 10:08:36|IP: 127.0.0.1 - Puerto: 6500
18/06/2020 10:08:37|Conectado con éxito!!
18/06/2020 10:11:28|Conectando..
18/06/2020 10:11:28|IP: 127.0.0.1 - Puerto: 6500
18/06/2020 10:11:29|Conectado con éxito!!
18/06/2020 10:15:22|Conectando..
18/06/2020 10:15:22|IP: 127.0.0.1 - Puerto: 6500
18/06/2020 10:15:23|Conectado con éxito!!
18/06/2020 10:26:38|Comienza Facturacion B
18/06/2020 10:26:38|DatosCliente B
18/06/2020 10:26:41|AbrirComprobanteFiscal B
18/06/2020 10:26:41|Articulo --> sedal chx300ml d.pack bomba argan
18/06/2020 10:26:41|cantidadArt B --> 1
18/06/2020 10:26:41|PrecVear --> 110
18/06/2020 10:26:41|montoArt --> 90,9090909090909
18/06/2020 10:26:41|ivaArt --> 21
18/06/2020 10:26:41|hasarOCX.ImprimirItem --> OK
18/06/2020 10:26:41|Articulo --> old spice barrax50 afterparty-3815
18/06/2020 10:26:41|cantidadArt B --> 1
18/06/2020 10:26:41|PrecVear --> 260
18/06/2020 10:26:41|montoArt --> 214,876033057851
18/06/2020 10:26:41|ivaArt --> 21
18/06/2020 10:26:41|hasarOCX.ImprimirItem --> OK
18/06/2020 10:26:41|Articulo --> plusbelle jabx125 bellez rad
18/06/2020 10:26:41|cantidadArt B --> 1
18/06/2020 10:26:41|PrecVear --> 42
18/06/2020 10:26:41|montoArt --> 34,7107438016529
18/06/2020 10:26:41|ivaArt --> 21
18/06/2020 10:26:42|hasarOCX.ImprimirItem --> OK
18/06/2020 10:26:42|Articulo --> sedal acondx300ml dp bomba nutricion
18/06/2020 10:26:42|cantidadArt B --> 1
18/06/2020 10:26:42|PrecVear --> 110
18/06/2020 10:26:42|montoArt --> 90,9090909090909
18/06/2020 10:26:42|ivaArt --> 21
18/06/2020 10:26:42|hasarOCX.ImprimirItem --> OK
18/06/2020 10:26:42|Articulo --> calipso toallas noctx8 c/alas
18/06/2020 10:26:42|cantidadArt B --> 1
18/06/2020 10:26:42|PrecVear --> 75
18/06/2020 10:26:42|montoArt --> 61,9834710743802
18/06/2020 10:26:42|ivaArt --> 21
18/06/2020 10:26:42|hasarOCX.ImprimirItem --> OK
18/06/2020 10:26:42|Articulo --> dove jabon x90 blanco
18/06/2020 10:26:42|cantidadArt B --> 2
18/06/2020 10:26:42|PrecVear --> 55
18/06/2020 10:26:42|montoArt --> 45,4545454545455
18/06/2020 10:26:42|ivaArt --> 21
18/06/2020 10:26:43|hasarOCX.ImprimirItem --> OK
18/06/2020 10:26:43|Articulo --> donna prot. mamarios x24u.
18/06/2020 10:26:43|cantidadArt B --> 1
18/06/2020 10:26:43|PrecVear --> 130
18/06/2020 10:26:43|montoArt --> 107,438016528926
18/06/2020 10:26:43|ivaArt --> 21
18/06/2020 10:26:43|hasarOCX.ImprimirItem --> OK
18/06/2020 10:26:43|Articulo --> plusbelle jabx125 night teraphy
18/06/2020 10:26:43|cantidadArt B --> 1
18/06/2020 10:26:43|PrecVear --> 42
18/06/2020 10:26:43|montoArt --> 34,7107438016529
18/06/2020 10:26:43|ivaArt --> 21
18/06/2020 10:26:44|hasarOCX.ImprimirItem --> OK
18/06/2020 10:26:44|Articulo --> pampers recien nacido nb x36
18/06/2020 10:26:44|cantidadArt B --> 1
18/06/2020 10:26:44|PrecVear --> 644
18/06/2020 10:26:44|montoArt --> 532,231404958678
18/06/2020 10:26:44|ivaArt --> 21
18/06/2020 10:26:44|hasarOCX.ImprimirItem --> OK
18/06/2020 10:26:44|Articulo --> comodin ap post-parto (rosa) x10
18/06/2020 10:26:44|cantidadArt B --> 2
18/06/2020 10:26:44|PrecVear --> 90
18/06/2020 10:26:44|montoArt --> 74,3801652892562
18/06/2020 10:26:44|ivaArt --> 21
18/06/2020 10:26:44|hasarOCX.ImprimirItem --> OK
18/06/2020 10:26:44|Articulo --> a.b. the secret edt x100ml
18/06/2020 10:26:44|cantidadArt B --> 1
18/06/2020 10:26:44|PrecVear --> 1935
18/06/2020 10:26:44|montoArt --> 1599,17355371901
18/06/2020 10:26:44|ivaArt --> 21
18/06/2020 10:26:45|hasarOCX.ImprimirItem --> OK
18/06/2020 10:26:45|Cerrar Comprobante B:::
18/06/2020 10:26:48|Obtiene nrocomp
18/06/2020 10:26:48|nrocomp --> 1317
18/06/2020 10:26:48|Nro. de Comprobante ::: TFB ::: 1317
18/06/2020 10:39:00|Comienza Facturacion B
18/06/2020 10:39:01|DatosCliente B
18/06/2020 10:39:03|AbrirComprobanteFiscal B
18/06/2020 10:39:03|Articulo --> varios
18/06/2020 10:39:03|cantidadArt B --> 1
18/06/2020 10:39:03|PrecVear --> 170
18/06/2020 10:39:03|montoArt --> 140,495867768595
18/06/2020 10:39:03|ivaArt --> 21
18/06/2020 10:39:03|hasarOCX.ImprimirItem --> OK
18/06/2020 10:39:03|Articulo --> varios
18/06/2020 10:39:03|cantidadArt B --> 1
18/06/2020 10:39:03|PrecVear --> 95
18/06/2020 10:39:03|montoArt --> 78,5123966942149
18/06/2020 10:39:03|ivaArt --> 21
18/06/2020 10:39:04|hasarOCX.ImprimirItem --> OK
18/06/2020 10:39:04|Articulo --> poet canasta
18/06/2020 10:39:04|cantidadArt B --> 1
18/06/2020 10:39:04|PrecVear --> 85
18/06/2020 10:39:04|montoArt --> 70,2479338842975
18/06/2020 10:39:04|ivaArt --> 21
18/06/2020 10:39:04|hasarOCX.ImprimirItem --> OK
18/06/2020 10:39:04|Articulo --> varios
18/06/2020 10:39:04|cantidadArt B --> 1
18/06/2020 10:39:04|PrecVear --> 220
18/06/2020 10:39:04|montoArt --> 181,818181818182
18/06/2020 10:39:04|ivaArt --> 21
18/06/2020 10:39:04|hasarOCX.ImprimirItem --> OK
18/06/2020 10:39:04|Cerrar Comprobante B:::
18/06/2020 10:39:07|Obtiene nrocomp
18/06/2020 10:39:08|nrocomp --> 1318
18/06/2020 10:39:08|Nro. de Comprobante ::: TFB ::: 1318
18/06/2020 10:49:26|Conectando..
18/06/2020 10:49:26|IP: 127.0.0.1 - Puerto: 6500
18/06/2020 10:49:27|Conectado con éxito!!
18/06/2020 10:53:54|Comienza Facturacion B
18/06/2020 10:53:55|DatosCliente B
18/06/2020 10:53:57|AbrirComprobanteFiscal B
18/06/2020 10:53:57|Articulo --> veritas polvox180 original
18/06/2020 10:53:57|cantidadArt B --> 1
18/06/2020 10:53:57|PrecVear --> 150
18/06/2020 10:53:57|montoArt --> 123,96694214876
18/06/2020 10:53:57|ivaArt --> 21
18/06/2020 10:53:58|hasarOCX.ImprimirItem --> OK
18/06/2020 10:53:58|Articulo --> raid antipolillas percha -685
18/06/2020 10:53:58|cantidadArt B --> 1
18/06/2020 10:53:58|PrecVear --> 290
18/06/2020 10:53:58|montoArt --> 239,669421487603
18/06/2020 10:53:58|ivaArt --> 21
18/06/2020 10:53:58|hasarOCX.ImprimirItem --> OK
18/06/2020 10:53:58|Articulo --> rexona jabx125 bamboo fresh-5478
18/06/2020 10:53:58|cantidadArt B --> 1
18/06/2020 10:53:58|PrecVear --> 39
18/06/2020 10:53:58|montoArt --> 32,2314049586777
18/06/2020 10:53:58|ivaArt --> 21
18/06/2020 10:53:58|hasarOCX.ImprimirItem --> OK
18/06/2020 10:53:58|Articulo --> rexona jabon x125 g sensible fresh
18/06/2020 10:53:58|cantidadArt B --> 2
18/06/2020 10:53:58|PrecVear --> 39
18/06/2020 10:53:58|montoArt --> 32,2314049586777
18/06/2020 10:53:58|ivaArt --> 21
18/06/2020 10:53:59|hasarOCX.ImprimirItem --> OK
18/06/2020 10:53:59|Articulo --> rexona jabon x125 orquid.fresh
18/06/2020 10:53:59|cantidadArt B --> 2
18/06/2020 10:53:59|PrecVear --> 39
18/06/2020 10:53:59|montoArt --> 32,2314049586777
18/06/2020 10:53:59|ivaArt --> 21
18/06/2020 10:53:59|hasarOCX.ImprimirItem --> OK
18/06/2020 10:53:59|Articulo --> rexona jabon x125 cotton fresh
18/06/2020 10:53:59|cantidadArt B --> 1
18/06/2020 10:53:59|PrecVear --> 39
18/06/2020 10:53:59|montoArt --> 32,2314049586777
18/06/2020 10:53:59|ivaArt --> 21
18/06/2020 10:53:59|hasarOCX.ImprimirItem --> OK
18/06/2020 10:53:59|Articulo --> ayudin toallitas doy pack lim.
18/06/2020 10:53:59|cantidadArt B --> 1
18/06/2020 10:53:59|PrecVear --> 195
18/06/2020 10:53:59|montoArt --> 161,157024793388
18/06/2020 10:53:59|ivaArt --> 21
18/06/2020 10:54:00|hasarOCX.ImprimirItem --> OK
18/06/2020 10:54:00|Articulo --> harpic power plusx500 orig -8139
18/06/2020 10:54:00|cantidadArt B --> 1
18/06/2020 10:54:00|PrecVear --> 160
18/06/2020 10:54:00|montoArt --> 132,231404958678
18/06/2020 10:54:00|ivaArt --> 21
18/06/2020 10:54:00|hasarOCX.ImprimirItem --> OK
18/06/2020 10:54:00|Articulo --> drive liq x3l dp rosas y lilas 4755
18/06/2020 10:54:00|cantidadArt B --> 1
18/06/2020 10:54:00|PrecVear --> 345
18/06/2020 10:54:00|montoArt --> 285,123966942149
18/06/2020 10:54:00|ivaArt --> 21
18/06/2020 10:54:01|hasarOCX.ImprimirItem --> OK
18/06/2020 10:54:01|Articulo --> ala matic  x3l dp
18/06/2020 10:54:01|cantidadArt B --> 1
18/06/2020 10:54:01|PrecVear --> 390
18/06/2020 10:54:01|montoArt --> 322,314049586777
18/06/2020 10:54:01|ivaArt --> 21
18/06/2020 10:54:01|hasarOCX.ImprimirItem --> OK
18/06/2020 10:54:01|Cerrar Comprobante B:::
18/06/2020 10:54:04|Obtiene nrocomp
18/06/2020 10:54:04|nrocomp --> 1319
18/06/2020 10:54:04|Nro. de Comprobante ::: TFB ::: 1319
18/06/2020 10:55:38|Comienza Facturacion B
18/06/2020 10:55:38|DatosCliente B
18/06/2020 10:55:41|AbrirComprobanteFiscal B
18/06/2020 10:55:41|Articulo --> elvive chx400 rt5 reno
18/06/2020 10:55:41|cantidadArt B --> 1
18/06/2020 10:55:41|PrecVear --> 310
18/06/2020 10:55:41|montoArt --> 256,198347107438
18/06/2020 10:55:41|ivaArt --> 21
18/06/2020 10:55:41|hasarOCX.ImprimirItem --> OK
18/06/2020 10:55:41|Articulo --> drive liq x3l dp rosas y lilas 4755
18/06/2020 10:55:41|cantidadArt B --> 1
18/06/2020 10:55:41|PrecVear --> 345
18/06/2020 10:55:41|montoArt --> 285,123966942149
18/06/2020 10:55:41|ivaArt --> 21
18/06/2020 10:55:42|hasarOCX.ImprimirItem --> OK
18/06/2020 10:55:42|Articulo --> sussex rollo cocx3 clas.50p -5677
18/06/2020 10:55:42|cantidadArt B --> 1
18/06/2020 10:55:42|PrecVear --> 65
18/06/2020 10:55:42|montoArt --> 53,7190082644628
18/06/2020 10:55:42|ivaArt --> 21
18/06/2020 10:55:42|hasarOCX.ImprimirItem --> OK
18/06/2020 10:55:42|Articulo --> el coloso hig.bco mas.10x4 80mts
18/06/2020 10:55:42|cantidadArt B --> 1
18/06/2020 10:55:42|PrecVear --> 140
18/06/2020 10:55:42|montoArt --> 115,702479338843
18/06/2020 10:55:42|ivaArt --> 21
18/06/2020 10:55:42|hasarOCX.ImprimirItem --> OK
18/06/2020 10:55:42|Cerrar Comprobante B:::
18/06/2020 10:55:45|Obtiene nrocomp
18/06/2020 10:55:46|nrocomp --> 1320
18/06/2020 10:55:46|Nro. de Comprobante ::: TFB ::: 1320
18/06/2020 11:01:31|Conectando..
18/06/2020 11:01:31|IP: 127.0.0.1 - Puerto: 6500
18/06/2020 11:01:32|Conectado con éxito!!
18/06/2020 11:07:45|Conectando..
18/06/2020 11:07:45|IP: 127.0.0.1 - Puerto: 6500
18/06/2020 11:07:46|Conectado con éxito!!
18/06/2020 11:09:35|Comienza Facturacion B
18/06/2020 11:09:36|DatosCliente B
18/06/2020 11:09:38|AbrirComprobanteFiscal B
18/06/2020 11:09:38|Articulo --> colgate cep.dent.premier ult.
18/06/2020 11:09:38|cantidadArt B --> 1
18/06/2020 11:09:38|PrecVear --> 60
18/06/2020 11:09:38|montoArt --> 49,5867768595041
18/06/2020 11:09:38|ivaArt --> 21
18/06/2020 11:09:38|hasarOCX.ImprimirItem --> OK
18/06/2020 11:09:38|Articulo --> elvive chx200 kera-lis brillo 9300
18/06/2020 11:09:38|cantidadArt B --> 1
18/06/2020 11:09:38|PrecVear --> 185
18/06/2020 11:09:38|montoArt --> 152,892561983471
18/06/2020 11:09:38|ivaArt --> 21
18/06/2020 11:09:39|hasarOCX.ImprimirItem --> OK
18/06/2020 11:09:39|Articulo --> el coloso hig.econ.bco.12x6 30mts "
18/06/2020 11:09:39|cantidadArt B --> 1
18/06/2020 11:09:39|PrecVear --> 90
18/06/2020 11:09:39|montoArt --> 74,3801652892562
18/06/2020 11:09:39|ivaArt --> 21
18/06/2020 11:09:39|hasarOCX.ImprimirItem --> OK
18/06/2020 11:09:39|Articulo --> dove jabon x90 blanco
18/06/2020 11:09:39|cantidadArt B --> 1
18/06/2020 11:09:39|PrecVear --> 55
18/06/2020 11:09:39|montoArt --> 45,4545454545455
18/06/2020 11:09:39|ivaArt --> 21
18/06/2020 11:09:40|hasarOCX.ImprimirItem --> OK
18/06/2020 11:09:40|Articulo --> querubin suavizante x3 l dp
18/06/2020 11:09:40|cantidadArt B --> 1
18/06/2020 11:09:40|PrecVear --> 299
18/06/2020 11:09:40|montoArt --> 247,107438016529
18/06/2020 11:09:40|ivaArt --> 21
18/06/2020 11:09:40|hasarOCX.ImprimirItem --> OK
18/06/2020 11:09:40|Cerrar Comprobante B:::
18/06/2020 11:09:43|Obtiene nrocomp
18/06/2020 11:09:43|nrocomp --> 1321
18/06/2020 11:09:43|Nro. de Comprobante ::: TFB ::: 1321
18/06/2020 11:14:52|Comienza Facturacion B
18/06/2020 11:14:52|DatosCliente B
18/06/2020 11:14:55|AbrirComprobanteFiscal B
18/06/2020 11:14:55|Articulo --> higienol max manzanilla 4 x 80m
18/06/2020 11:14:55|cantidadArt B --> 1
18/06/2020 11:14:55|PrecVear --> 160
18/06/2020 11:14:55|montoArt --> 132,231404958678
18/06/2020 11:14:55|ivaArt --> 21
18/06/2020 11:14:55|hasarOCX.ImprimirItem --> OK
18/06/2020 11:14:55|Articulo --> champu 100% vegano x 200ml
18/06/2020 11:14:55|cantidadArt B --> 1
18/06/2020 11:14:55|PrecVear --> 360
18/06/2020 11:14:55|montoArt --> 297,520661157025
18/06/2020 11:14:55|ivaArt --> 21
18/06/2020 11:14:56|hasarOCX.ImprimirItem --> OK
18/06/2020 11:14:56|Articulo --> pampers pants premium care xxg x24
18/06/2020 11:14:56|cantidadArt B --> 1
18/06/2020 11:14:56|PrecVear --> 550
18/06/2020 11:14:56|montoArt --> 454,545454545455
18/06/2020 11:14:56|ivaArt --> 21
18/06/2020 11:14:56|hasarOCX.ImprimirItem --> OK
18/06/2020 11:14:56|Cerrar Comprobante B:::
18/06/2020 11:14:59|Obtiene nrocomp
18/06/2020 11:14:59|nrocomp --> 1322
18/06/2020 11:14:59|Nro. de Comprobante ::: TFB ::: 1322
18/06/2020 11:21:56|Comienza Facturacion B
18/06/2020 11:21:56|DatosCliente B
18/06/2020 11:21:59|AbrirComprobanteFiscal B
18/06/2020 11:21:59|Articulo --> babysec ultrasec gx44
18/06/2020 11:21:59|cantidadArt B --> 2
18/06/2020 11:21:59|PrecVear --> 430
18/06/2020 11:21:59|montoArt --> 355,371900826446
18/06/2020 11:21:59|ivaArt --> 21
18/06/2020 11:21:59|hasarOCX.ImprimirItem --> OK
18/06/2020 11:21:59|Cerrar Comprobante B:::
18/06/2020 11:22:02|Obtiene nrocomp
18/06/2020 11:22:02|nrocomp --> 1323
18/06/2020 11:22:02|Nro. de Comprobante ::: TFB ::: 1323
18/06/2020 11:24:28|Comienza Facturacion B
18/06/2020 11:24:28|DatosCliente B
18/06/2020 11:24:31|AbrirComprobanteFiscal B
18/06/2020 11:24:31|Articulo --> varios
18/06/2020 11:24:31|cantidadArt B --> 1
18/06/2020 11:24:31|PrecVear --> 110
18/06/2020 11:24:31|montoArt --> 90,9090909090909
18/06/2020 11:24:31|ivaArt --> 21
18/06/2020 11:24:31|hasarOCX.ImprimirItem --> OK
18/06/2020 11:24:31|Articulo --> plusbelle chx1l fuerza raiz
18/06/2020 11:24:31|cantidadArt B --> 2
18/06/2020 11:24:31|PrecVear --> 130
18/06/2020 11:24:31|montoArt --> 107,438016528926
18/06/2020 11:24:31|ivaArt --> 21
18/06/2020 11:24:32|hasarOCX.ImprimirItem --> OK
18/06/2020 11:24:32|Articulo --> h.s chx180 men 3en1
18/06/2020 11:24:32|cantidadArt B --> 1
18/06/2020 11:24:32|PrecVear --> 170
18/06/2020 11:24:32|montoArt --> 140,495867768595
18/06/2020 11:24:32|ivaArt --> 21
18/06/2020 11:24:32|hasarOCX.ImprimirItem --> OK
18/06/2020 11:24:32|Articulo --> bolsas de residuos 45*60
18/06/2020 11:24:32|cantidadArt B --> 1
18/06/2020 11:24:32|PrecVear --> 2
18/06/2020 11:24:32|montoArt --> 1,65289256198347
18/06/2020 11:24:32|ivaArt --> 21
18/06/2020 11:24:32|hasarOCX.ImprimirItem --> OK
18/06/2020 11:24:32|Articulo --> calipso protectores s/perf.c/manz x50
18/06/2020 11:24:32|cantidadArt B --> 1
18/06/2020 11:24:32|PrecVear --> 110
18/06/2020 11:24:32|montoArt --> 90,9090909090909
18/06/2020 11:24:32|ivaArt --> 21
18/06/2020 11:24:33|hasarOCX.ImprimirItem --> OK
18/06/2020 11:24:33|Articulo --> ladysoft normx8 c/aloe c/alas
18/06/2020 11:24:33|cantidadArt B --> 2
18/06/2020 11:24:33|PrecVear --> 45
18/06/2020 11:24:33|montoArt --> 37,1900826446281
18/06/2020 11:24:33|ivaArt --> 21
18/06/2020 11:24:33|hasarOCX.ImprimirItem --> OK
18/06/2020 11:24:33|Articulo --> spa jabon liq dp
18/06/2020 11:24:33|cantidadArt B --> 1
18/06/2020 11:24:33|PrecVear --> 79
18/06/2020 11:24:33|montoArt --> 65,2892561983471
18/06/2020 11:24:33|ivaArt --> 21
18/06/2020 11:24:33|hasarOCX.ImprimirItem --> OK
18/06/2020 11:24:33|Cerrar Comprobante B:::
18/06/2020 11:24:36|Obtiene nrocomp
18/06/2020 11:24:37|nrocomp --> 1324
18/06/2020 11:24:37|Nro. de Comprobante ::: TFB ::: 1324
18/06/2020 11:31:48|Conectando..
18/06/2020 11:31:48|IP: 127.0.0.1 - Puerto: 6500
18/06/2020 11:31:49|Conectado con éxito!!
18/06/2020 11:35:31|Conectando..
18/06/2020 11:35:31|IP: 127.0.0.1 - Puerto: 6500
18/06/2020 11:35:32|Conectado con éxito!!
18/06/2020 11:37:31|Comienza Facturacion B
18/06/2020 11:37:32|DatosCliente B
18/06/2020 11:37:34|AbrirComprobanteFiscal B
18/06/2020 11:37:34|Articulo --> dove aero apx89 original -6170
18/06/2020 11:37:34|cantidadArt B --> 1
18/06/2020 11:37:34|PrecVear --> 130
18/06/2020 11:37:34|montoArt --> 107,438016528926
18/06/2020 11:37:34|ivaArt --> 21
18/06/2020 11:37:34|hasarOCX.ImprimirItem --> OK
18/06/2020 11:37:34|Articulo --> colgate cr.trip.accionx90ml
18/06/2020 11:37:34|cantidadArt B --> 1
18/06/2020 11:37:34|PrecVear --> 135
18/06/2020 11:37:34|montoArt --> 111,570247933884
18/06/2020 11:37:34|ivaArt --> 21
18/06/2020 11:37:35|hasarOCX.ImprimirItem --> OK
18/06/2020 11:37:35|Articulo --> mortimer esp.cudriculada
18/06/2020 11:37:35|cantidadArt B --> 1
18/06/2020 11:37:35|PrecVear --> 30
18/06/2020 11:37:35|montoArt --> 24,7933884297521
18/06/2020 11:37:35|ivaArt --> 21
18/06/2020 11:37:35|hasarOCX.ImprimirItem --> OK
18/06/2020 11:37:35|Articulo --> algabo jabon liquido 300 ml fruto bosque doy pack
18/06/2020 11:37:35|cantidadArt B --> 1
18/06/2020 11:37:35|PrecVear --> 79
18/06/2020 11:37:35|montoArt --> 65,2892561983471
18/06/2020 11:37:35|ivaArt --> 21
18/06/2020 11:37:36|hasarOCX.ImprimirItem --> OK
18/06/2020 11:37:36|Articulo --> el coloso p.rop.d.packx250 prim
18/06/2020 11:37:36|cantidadArt B --> 1
18/06/2020 11:37:36|PrecVear --> 104
18/06/2020 11:37:36|montoArt --> 85,9504132231405
18/06/2020 11:37:36|ivaArt --> 21
18/06/2020 11:37:36|hasarOCX.ImprimirItem --> OK
18/06/2020 11:37:36|Articulo --> saphirus sanitizante x250ml.
18/06/2020 11:37:36|cantidadArt B --> 2
18/06/2020 11:37:36|PrecVear --> 170
18/06/2020 11:37:36|montoArt --> 140,495867768595
18/06/2020 11:37:36|ivaArt --> 21
18/06/2020 11:37:36|hasarOCX.ImprimirItem --> OK
18/06/2020 11:37:36|Articulo --> saphirus sanitizante x500 ml
18/06/2020 11:37:36|cantidadArt B --> 1
18/06/2020 11:37:36|PrecVear --> 280
18/06/2020 11:37:36|montoArt --> 231,404958677686
18/06/2020 11:37:36|ivaArt --> 21
18/06/2020 11:37:37|hasarOCX.ImprimirItem --> OK
18/06/2020 11:37:37|Articulo --> algabo jabon liquido 300 ml cream doy pack
18/06/2020 11:37:37|cantidadArt B --> 1
18/06/2020 11:37:37|PrecVear --> 79
18/06/2020 11:37:37|montoArt --> 65,2892561983471
18/06/2020 11:37:37|ivaArt --> 21
18/06/2020 11:37:37|hasarOCX.ImprimirItem --> OK
18/06/2020 11:37:37|Articulo --> el coloso limp.liqx900lavanda
18/06/2020 11:37:37|cantidadArt B --> 1
18/06/2020 11:37:37|PrecVear --> 39
18/06/2020 11:37:37|montoArt --> 32,2314049586777
18/06/2020 11:37:37|ivaArt --> 21
18/06/2020 11:37:38|hasarOCX.ImprimirItem --> OK
18/06/2020 11:37:38|Articulo --> el coloso limp.liqx900 naranja
18/06/2020 11:37:38|cantidadArt B --> 1
18/06/2020 11:37:38|PrecVear --> 39
18/06/2020 11:37:38|montoArt --> 32,2314049586777
18/06/2020 11:37:38|ivaArt --> 21
18/06/2020 11:37:38|hasarOCX.ImprimirItem --> OK
18/06/2020 11:37:38|Articulo --> poett aero mult.ambx360 deja vu
18/06/2020 11:37:38|cantidadArt B --> 1
18/06/2020 11:37:38|PrecVear --> 78
18/06/2020 11:37:38|montoArt --> 64,4628099173554
18/06/2020 11:37:38|ivaArt --> 21
18/06/2020 11:37:38|hasarOCX.ImprimirItem --> OK
18/06/2020 11:37:38|Articulo --> sussex rollo cocx3 clas.50p -5677
18/06/2020 11:37:38|cantidadArt B --> 1
18/06/2020 11:37:38|PrecVear --> 65
18/06/2020 11:37:38|montoArt --> 53,7190082644628
18/06/2020 11:37:38|ivaArt --> 21
18/06/2020 11:37:39|hasarOCX.ImprimirItem --> OK
18/06/2020 11:37:39|Cerrar Comprobante B:::
18/06/2020 11:37:42|Obtiene nrocomp
18/06/2020 11:37:42|nrocomp --> 1325
18/06/2020 11:37:42|Nro. de Comprobante ::: TFB ::: 1325
18/06/2020 11:42:54|Comienza Facturacion B
18/06/2020 11:42:55|DatosCliente B
18/06/2020 11:42:57|AbrirComprobanteFiscal B
18/06/2020 11:42:57|Articulo --> varios
18/06/2020 11:42:57|cantidadArt B --> 1
18/06/2020 11:42:57|PrecVear --> 98
18/06/2020 11:42:57|montoArt --> 80,9917355371901
18/06/2020 11:42:57|ivaArt --> 21
18/06/2020 11:42:57|hasarOCX.ImprimirItem --> OK
18/06/2020 11:42:57|Articulo --> saphirus sahumerios
18/06/2020 11:42:57|cantidadArt B --> 1
18/06/2020 11:42:57|PrecVear --> 95
18/06/2020 11:42:57|montoArt --> 78,5123966942149
18/06/2020 11:42:57|ivaArt --> 21
18/06/2020 11:42:58|hasarOCX.ImprimirItem --> OK
18/06/2020 11:42:58|Articulo --> varios
18/06/2020 11:42:58|cantidadArt B --> 1
18/06/2020 11:42:58|PrecVear --> 210
18/06/2020 11:42:58|montoArt --> 173,553719008264
18/06/2020 11:42:58|ivaArt --> 21
18/06/2020 11:42:58|hasarOCX.ImprimirItem --> OK
18/06/2020 11:42:58|Articulo --> poett aero mult.ambx360 deja vu
18/06/2020 11:42:58|cantidadArt B --> 1
18/06/2020 11:42:58|PrecVear --> 78
18/06/2020 11:42:58|montoArt --> 64,4628099173554
18/06/2020 11:42:58|ivaArt --> 21
18/06/2020 11:42:59|hasarOCX.ImprimirItem --> OK
18/06/2020 11:42:59|Articulo --> queen esponja desmaquillante
18/06/2020 11:42:59|cantidadArt B --> 1
18/06/2020 11:42:59|PrecVear --> 98
18/06/2020 11:42:59|montoArt --> 80,9917355371901
18/06/2020 11:42:59|ivaArt --> 21
18/06/2020 11:42:59|hasarOCX.ImprimirItem --> OK
18/06/2020 11:42:59|Articulo --> glade inod.adhesiv.marina
18/06/2020 11:42:59|cantidadArt B --> 1
18/06/2020 11:42:59|PrecVear --> 69
18/06/2020 11:42:59|montoArt --> 57,0247933884298
18/06/2020 11:42:59|ivaArt --> 21
18/06/2020 11:42:59|hasarOCX.ImprimirItem --> OK
18/06/2020 11:42:59|Articulo --> trenet oxi efect.espuma dpx250-3037
18/06/2020 11:42:59|cantidadArt B --> 1
18/06/2020 11:42:59|PrecVear --> 62
18/06/2020 11:42:59|montoArt --> 51,2396694214876
18/06/2020 11:42:59|ivaArt --> 21
18/06/2020 11:43:00|hasarOCX.ImprimirItem --> OK
18/06/2020 11:43:00|Articulo --> varios
18/06/2020 11:43:00|cantidadArt B --> 1
18/06/2020 11:43:00|PrecVear --> 110
18/06/2020 11:43:00|montoArt --> 90,9090909090909
18/06/2020 11:43:00|ivaArt --> 21
18/06/2020 11:43:00|hasarOCX.ImprimirItem --> OK
18/06/2020 11:43:00|Articulo --> cutex quitaesmalte hipoalergenico x100 ml
18/06/2020 11:43:00|cantidadArt B --> 1
18/06/2020 11:43:00|PrecVear --> 90
18/06/2020 11:43:00|montoArt --> 74,3801652892562
18/06/2020 11:43:00|ivaArt --> 21
18/06/2020 11:43:00|hasarOCX.ImprimirItem --> OK
18/06/2020 11:43:00|Articulo --> varios
18/06/2020 11:43:00|cantidadArt B --> 1
18/06/2020 11:43:00|PrecVear --> 80
18/06/2020 11:43:00|montoArt --> 66,1157024793389
18/06/2020 11:43:00|ivaArt --> 21
18/06/2020 11:43:01|hasarOCX.ImprimirItem --> OK
18/06/2020 11:43:01|Cerrar Comprobante B:::
18/06/2020 11:43:04|Obtiene nrocomp
18/06/2020 11:43:04|nrocomp --> 1326
18/06/2020 11:43:04|Nro. de Comprobante ::: TFB ::: 1326
18/06/2020 11:44:58|Comienza Facturacion B
18/06/2020 11:44:58|DatosCliente B
18/06/2020 11:45:00|AbrirComprobanteFiscal B
18/06/2020 11:45:00|Articulo --> pampers pants confort sec xxg x32
18/06/2020 11:45:00|cantidadArt B --> 1
18/06/2020 11:45:00|PrecVear --> 650
18/06/2020 11:45:00|montoArt --> 537,190082644628
18/06/2020 11:45:00|ivaArt --> 21
18/06/2020 11:45:01|hasarOCX.ImprimirItem --> OK
18/06/2020 11:45:01|Articulo --> q soft toall. hum. con oleo amarillas
18/06/2020 11:45:01|cantidadArt B --> 1
18/06/2020 11:45:01|PrecVear --> 190
18/06/2020 11:45:01|montoArt --> 157,02479338843
18/06/2020 11:45:01|ivaArt --> 21
18/06/2020 11:45:01|hasarOCX.ImprimirItem --> OK
18/06/2020 11:45:01|Cerrar Comprobante B:::
18/06/2020 11:45:04|Obtiene nrocomp
18/06/2020 11:45:04|nrocomp --> 1327
18/06/2020 11:45:04|Nro. de Comprobante ::: TFB ::: 1327
18/06/2020 11:51:39|Conectando..
18/06/2020 11:51:39|IP: 127.0.0.1 - Puerto: 6500
18/06/2020 11:51:40|Conectado con éxito!!
18/06/2020 12:02:25|Comienza Facturacion B
18/06/2020 12:02:25|DatosCliente B
18/06/2020 12:02:28|AbrirComprobanteFiscal B
18/06/2020 12:02:28|Articulo --> varios
18/06/2020 12:02:28|cantidadArt B --> 1
18/06/2020 12:02:28|PrecVear --> 180
18/06/2020 12:02:28|montoArt --> 148,760330578512
18/06/2020 12:02:28|ivaArt --> 21
18/06/2020 12:02:28|hasarOCX.ImprimirItem --> OK
18/06/2020 12:02:28|Articulo --> varios
18/06/2020 12:02:28|cantidadArt B --> 1
18/06/2020 12:02:28|PrecVear --> 1007
18/06/2020 12:02:28|montoArt --> 832,231404958678
18/06/2020 12:02:28|ivaArt --> 21
18/06/2020 12:02:28|hasarOCX.ImprimirItem --> OK
18/06/2020 12:02:28|Cerrar Comprobante B:::
18/06/2020 12:02:31|Obtiene nrocomp
18/06/2020 12:02:32|nrocomp --> 1328
18/06/2020 12:02:32|Nro. de Comprobante ::: TFB ::: 1328
18/06/2020 12:09:07|Comienza Facturacion B
18/06/2020 12:09:07|DatosCliente B
18/06/2020 12:09:09|AbrirComprobanteFiscal B
18/06/2020 12:09:09|Articulo --> huggies nat care rn x34
18/06/2020 12:09:09|cantidadArt B --> 2
18/06/2020 12:09:09|PrecVear --> 570
18/06/2020 12:09:09|montoArt --> 471,074380165289
18/06/2020 12:09:09|ivaArt --> 21
18/06/2020 12:09:10|hasarOCX.ImprimirItem --> OK
18/06/2020 12:09:10|Articulo --> dove baby sh h enriq x200ml
18/06/2020 12:09:10|cantidadArt B --> 1
18/06/2020 12:09:10|PrecVear --> 150
18/06/2020 12:09:10|montoArt --> 123,96694214876
18/06/2020 12:09:10|ivaArt --> 21
18/06/2020 12:09:10|hasarOCX.ImprimirItem --> OK
18/06/2020 12:09:10|Articulo --> dove baby ac x200ml
18/06/2020 12:09:10|cantidadArt B --> 1
18/06/2020 12:09:10|PrecVear --> 150
18/06/2020 12:09:10|montoArt --> 123,96694214876
18/06/2020 12:09:10|ivaArt --> 21
18/06/2020 12:09:11|hasarOCX.ImprimirItem --> OK
18/06/2020 12:09:11|Articulo --> always toall.plusx8 suave alas
18/06/2020 12:09:11|cantidadArt B --> 2
18/06/2020 12:09:11|PrecVear --> 69
18/06/2020 12:09:11|montoArt --> 57,0247933884298
18/06/2020 12:09:11|ivaArt --> 21
18/06/2020 12:09:11|hasarOCX.ImprimirItem --> OK
18/06/2020 12:09:11|Articulo --> mf alcohol etilico
18/06/2020 12:09:11|cantidadArt B --> 1
18/06/2020 12:09:11|PrecVear --> 185
18/06/2020 12:09:11|montoArt --> 152,892561983471
18/06/2020 12:09:11|ivaArt --> 21
18/06/2020 12:09:11|hasarOCX.ImprimirItem --> OK
18/06/2020 12:09:11|Cerrar Comprobante B:::
18/06/2020 12:09:14|Obtiene nrocomp
18/06/2020 12:09:15|nrocomp --> 1329
18/06/2020 12:09:15|Nro. de Comprobante ::: TFB ::: 1329
18/06/2020 12:31:16|Conectando..
18/06/2020 12:31:16|IP: 127.0.0.1 - Puerto: 6500
18/06/2020 12:31:17|Conectado con éxito!!
18/06/2020 12:31:27|Comienza Facturacion B
18/06/2020 12:31:27|DatosCliente B
18/06/2020 12:31:30|AbrirComprobanteFiscal B
18/06/2020 12:31:30|Articulo --> prestobarba ultragrip 2 filos
18/06/2020 12:31:30|cantidadArt B --> 2
18/06/2020 12:31:30|PrecVear --> 65
18/06/2020 12:31:30|montoArt --> 53,7190082644628
18/06/2020 12:31:30|ivaArt --> 21
18/06/2020 12:31:31|hasarOCX.ImprimirItem --> OK
18/06/2020 12:31:31|Articulo --> clear chx400 ice cool menthol
18/06/2020 12:31:31|cantidadArt B --> 1
18/06/2020 12:31:31|PrecVear --> 310
18/06/2020 12:31:31|montoArt --> 256,198347107438
18/06/2020 12:31:31|ivaArt --> 21
18/06/2020 12:31:31|hasarOCX.ImprimirItem --> OK
18/06/2020 12:31:31|Cerrar Comprobante B:::
18/06/2020 12:31:34|Obtiene nrocomp
18/06/2020 12:31:34|nrocomp --> 1330
18/06/2020 12:31:34|Nro. de Comprobante ::: TFB ::: 1330
18/06/2020 12:31:36|Error Diagnostico..Tiempo de espera agotado
18/06/2020 12:33:01|Error Diagnostico..Tiempo de espera agotado
18/06/2020 12:55:59|Conectando..
18/06/2020 12:55:59|IP: 127.0.0.1 - Puerto: 6500
18/06/2020 12:57:10|Error Diagnostico..Tiempo de espera agotado
18/06/2020 13:38:00|Conectando..
18/06/2020 13:38:00|IP: 127.0.0.1 - Puerto: 6500
18/06/2020 13:38:33|Comienza Facturacion B
18/06/2020 13:38:35|Error iniciando Factura B --> Tiempo de espera agotado
18/06/2020 13:38:35|Conectando..
18/06/2020 13:38:35|IP: 127.0.0.1 - Puerto: 6500
18/06/2020 13:38:42|Error Imprimiendo Factura B --> Tiempo de espera agotado
18/06/2020 13:39:01|Error Diagnostico..Tiempo de espera agotado
18/06/2020 13:40:36|Conectando..
18/06/2020 13:40:36|IP: 127.0.0.1 - Puerto: 6500
18/06/2020 13:50:35|Conectando..
18/06/2020 13:50:35|IP: 127.0.0.1 - Puerto: 6500
18/06/2020 13:51:06|Error Diagnostico..Tiempo de espera agotado
18/06/2020 13:53:02|Comienza Facturacion B
18/06/2020 13:53:04|Error iniciando Factura B --> Tiempo de espera agotado
18/06/2020 13:53:04|Conectando..
18/06/2020 13:53:04|IP: 127.0.0.1 - Puerto: 6500
18/06/2020 13:53:25|DatosCliente B
18/06/2020 13:53:28|AbrirComprobanteFiscal B
18/06/2020 13:53:28|Articulo --> lux jabx125 orquidea negra
18/06/2020 13:53:28|cantidadArt B --> 4
18/06/2020 13:53:28|PrecVear --> 39
18/06/2020 13:53:28|montoArt --> 32,2314049586777
18/06/2020 13:53:28|ivaArt --> 21
18/06/2020 13:53:28|hasarOCX.ImprimirItem --> OK
18/06/2020 13:53:28|Articulo --> ariel liq x3l clasico
18/06/2020 13:53:28|cantidadArt B --> 1
18/06/2020 13:53:28|PrecVear --> 498
18/06/2020 13:53:28|montoArt --> 411,570247933884
18/06/2020 13:53:28|ivaArt --> 21
18/06/2020 13:53:29|hasarOCX.ImprimirItem --> OK
18/06/2020 13:53:29|Articulo --> ayudin lav. x2lt tot.max.pureza
18/06/2020 13:53:29|cantidadArt B --> 2
18/06/2020 13:53:29|PrecVear --> 105
18/06/2020 13:53:29|montoArt --> 86,7768595041322
18/06/2020 13:53:29|ivaArt --> 21
18/06/2020 13:53:29|hasarOCX.ImprimirItem --> OK
18/06/2020 13:53:29|Articulo --> varios
18/06/2020 13:53:29|cantidadArt B --> 1
18/06/2020 13:53:29|PrecVear --> 50
18/06/2020 13:53:29|montoArt --> 41,3223140495868
18/06/2020 13:53:29|ivaArt --> 21
18/06/2020 13:53:29|hasarOCX.ImprimirItem --> OK
18/06/2020 13:53:29|Cerrar Comprobante B:::
18/06/2020 13:53:32|Obtiene nrocomp
18/06/2020 13:53:33|nrocomp --> 1331
18/06/2020 13:53:33|Nro. de Comprobante ::: TFB ::: 1331
18/06/2020 13:58:11|Conectando..
18/06/2020 13:58:11|IP: 127.0.0.1 - Puerto: 6500
18/06/2020 13:58:12|Conectado con éxito!!
18/06/2020 14:00:52|Comienza Facturacion B
18/06/2020 14:00:52|DatosCliente B
18/06/2020 14:00:55|AbrirComprobanteFiscal B
18/06/2020 14:00:55|Articulo --> babysec ultrasec xxg x34 uni
18/06/2020 14:00:55|cantidadArt B --> 2
18/06/2020 14:00:55|PrecVear --> 430
18/06/2020 14:00:55|montoArt --> 355,371900826446
18/06/2020 14:00:55|ivaArt --> 21
18/06/2020 14:00:55|hasarOCX.ImprimirItem --> OK
18/06/2020 14:00:55|Articulo --> sedal acondx300ml dp bomba nutricion
18/06/2020 14:00:55|cantidadArt B --> 2
18/06/2020 14:00:55|PrecVear --> 110
18/06/2020 14:00:55|montoArt --> 90,9090909090909
18/06/2020 14:00:55|ivaArt --> 21
18/06/2020 14:00:55|hasarOCX.ImprimirItem --> OK
18/06/2020 14:00:55|Articulo --> ideal toallitas humedas bb repuesto clasica (celeste)
18/06/2020 14:00:55|cantidadArt B --> 1
18/06/2020 14:00:55|PrecVear --> 70
18/06/2020 14:00:55|montoArt --> 57,8512396694215
18/06/2020 14:00:55|ivaArt --> 21
18/06/2020 14:00:56|hasarOCX.ImprimirItem --> OK
18/06/2020 14:00:56|Articulo --> varios
18/06/2020 14:00:56|cantidadArt B --> 1
18/06/2020 14:00:56|PrecVear --> 310
18/06/2020 14:00:56|montoArt --> 256,198347107438
18/06/2020 14:00:56|ivaArt --> 21
18/06/2020 14:00:56|hasarOCX.ImprimirItem --> OK
18/06/2020 14:00:56|Articulo --> varios
18/06/2020 14:00:56|cantidadArt B --> 1
18/06/2020 14:00:56|PrecVear --> 395
18/06/2020 14:00:56|montoArt --> 326,446280991736
18/06/2020 14:00:56|ivaArt --> 21
18/06/2020 14:00:56|hasarOCX.ImprimirItem --> OK
18/06/2020 14:00:56|Cerrar Comprobante B:::
18/06/2020 14:01:00|Obtiene nrocomp
18/06/2020 14:01:00|nrocomp --> 1332
18/06/2020 14:01:00|Nro. de Comprobante ::: TFB ::: 1332
18/06/2020 14:12:03|Conectando..
18/06/2020 14:12:03|IP: 127.0.0.1 - Puerto: 6500
18/06/2020 14:12:03|Conectado con éxito!!
18/06/2020 14:15:41|Comienza Facturacion B
18/06/2020 14:15:41|DatosCliente B
18/06/2020 14:15:43|AbrirComprobanteFiscal B
18/06/2020 14:15:43|Articulo --> oral b hilo dental x2 uni
18/06/2020 14:15:43|cantidadArt B --> 1
18/06/2020 14:15:43|PrecVear --> 218
18/06/2020 14:15:43|montoArt --> 180,165289256198
18/06/2020 14:15:43|ivaArt --> 21
18/06/2020 14:15:44|hasarOCX.ImprimirItem --> OK
18/06/2020 14:15:44|Articulo --> gum 411
18/06/2020 14:15:44|cantidadArt B --> 1
18/06/2020 14:15:44|PrecVear --> 260
18/06/2020 14:15:44|montoArt --> 214,876033057851
18/06/2020 14:15:44|ivaArt --> 21
18/06/2020 14:15:44|hasarOCX.ImprimirItem --> OK
18/06/2020 14:15:44|Articulo --> a.b. the secret edt x100ml
18/06/2020 14:15:44|cantidadArt B --> 1
18/06/2020 14:15:44|PrecVear --> 1935
18/06/2020 14:15:44|montoArt --> 1599,17355371901
18/06/2020 14:15:44|ivaArt --> 21
18/06/2020 14:15:45|hasarOCX.ImprimirItem --> OK
18/06/2020 14:15:45|Articulo --> huggies toallas húmedas limpieza total18 x48
18/06/2020 14:15:45|cantidadArt B --> 1
18/06/2020 14:15:45|PrecVear --> 230
18/06/2020 14:15:45|montoArt --> 190,082644628099
18/06/2020 14:15:45|ivaArt --> 21
18/06/2020 14:15:45|hasarOCX.ImprimirItem --> OK
18/06/2020 14:15:45|Articulo --> elvive cr.peinarx250 rep.tot5-7400
18/06/2020 14:15:45|cantidadArt B --> 1
18/06/2020 14:15:45|PrecVear --> 398
18/06/2020 14:15:45|montoArt --> 328,925619834711
18/06/2020 14:15:45|ivaArt --> 21
18/06/2020 14:15:45|hasarOCX.ImprimirItem --> OK
18/06/2020 14:15:45|Cerrar Comprobante B:::
18/06/2020 14:15:48|Obtiene nrocomp
18/06/2020 14:15:49|nrocomp --> 1333
18/06/2020 14:15:49|Nro. de Comprobante ::: TFB ::: 1333
18/06/2020 14:30:58|Conectando..
18/06/2020 14:30:58|IP: 127.0.0.1 - Puerto: 6500
18/06/2020 14:30:59|Conectado con éxito!!
18/06/2020 14:31:05|Comienza Facturacion B
18/06/2020 14:31:05|DatosCliente B
18/06/2020 14:31:08|AbrirComprobanteFiscal B
18/06/2020 14:31:08|Articulo --> varios
18/06/2020 14:31:08|cantidadArt B --> 1
18/06/2020 14:31:08|PrecVear --> 1314
18/06/2020 14:31:08|montoArt --> 1085,95041322314
18/06/2020 14:31:08|ivaArt --> 21
18/06/2020 14:31:08|hasarOCX.ImprimirItem --> OK
18/06/2020 14:31:08|Cerrar Comprobante B:::
18/06/2020 14:31:11|Obtiene nrocomp
18/06/2020 14:31:11|nrocomp --> 1334
18/06/2020 14:31:11|Nro. de Comprobante ::: TFB ::: 1334
18/06/2020 14:35:49|Comienza Facturacion B
18/06/2020 14:35:49|DatosCliente B
18/06/2020 14:35:51|AbrirComprobanteFiscal B
18/06/2020 14:35:51|Articulo --> saphirus sanitizante x250ml.
18/06/2020 14:35:51|cantidadArt B --> 1
18/06/2020 14:35:51|PrecVear --> 170
18/06/2020 14:35:51|montoArt --> 140,495867768595
18/06/2020 14:35:51|ivaArt --> 21
18/06/2020 14:35:52|hasarOCX.ImprimirItem --> OK
18/06/2020 14:35:52|Articulo --> el coloso guantes de latex plus 8
18/06/2020 14:35:52|cantidadArt B --> 2
18/06/2020 14:35:52|PrecVear --> 115
18/06/2020 14:35:52|montoArt --> 95,0413223140496
18/06/2020 14:35:52|ivaArt --> 21
18/06/2020 14:35:52|hasarOCX.ImprimirItem --> OK
18/06/2020 14:35:52|Articulo --> mf alcohol etilico
18/06/2020 14:35:52|cantidadArt B --> 1
18/06/2020 14:35:52|PrecVear --> 185
18/06/2020 14:35:52|montoArt --> 152,892561983471
18/06/2020 14:35:52|ivaArt --> 21
18/06/2020 14:35:53|hasarOCX.ImprimirItem --> OK
18/06/2020 14:35:53|Articulo --> make pulverizador multiuso x710cm3
18/06/2020 14:35:53|cantidadArt B --> 1
18/06/2020 14:35:53|PrecVear --> 100
18/06/2020 14:35:53|montoArt --> 82,6446280991736
18/06/2020 14:35:53|ivaArt --> 21
18/06/2020 14:35:53|hasarOCX.ImprimirItem --> OK
18/06/2020 14:35:53|Articulo --> varios
18/06/2020 14:35:53|cantidadArt B --> 2
18/06/2020 14:35:53|PrecVear --> 25
18/06/2020 14:35:53|montoArt --> 20,6611570247934
18/06/2020 14:35:53|ivaArt --> 21
18/06/2020 14:35:53|hasarOCX.ImprimirItem --> OK
18/06/2020 14:35:53|Articulo --> bolsas residuos 50*70
18/06/2020 14:35:53|cantidadArt B --> 2
18/06/2020 14:35:53|PrecVear --> 40
18/06/2020 14:35:53|montoArt --> 33,0578512396694
18/06/2020 14:35:53|ivaArt --> 21
18/06/2020 14:35:54|hasarOCX.ImprimirItem --> OK
18/06/2020 14:35:54|Articulo --> suiza cera liqx850 rob.osc
18/06/2020 14:35:54|cantidadArt B --> 1
18/06/2020 14:35:54|PrecVear --> 310
18/06/2020 14:35:54|montoArt --> 256,198347107438
18/06/2020 14:35:54|ivaArt --> 21
18/06/2020 14:35:54|hasarOCX.ImprimirItem --> OK
18/06/2020 14:35:54|Cerrar Comprobante B:::
18/06/2020 14:35:57|Obtiene nrocomp
18/06/2020 14:35:57|nrocomp --> 1335
18/06/2020 14:35:57|Nro. de Comprobante ::: TFB ::: 1335
18/06/2020 14:51:23|Conectando..
18/06/2020 14:51:23|IP: 127.0.0.1 - Puerto: 6500
18/06/2020 14:51:24|Conectado con éxito!!
18/06/2020 14:52:30|Conectando..
18/06/2020 14:52:30|IP: 127.0.0.1 - Puerto: 6500
18/06/2020 14:52:30|Conectado con éxito!!
18/06/2020 14:53:06|Comienza Facturacion B
18/06/2020 14:53:06|DatosCliente B
18/06/2020 14:53:09|AbrirComprobanteFiscal B
18/06/2020 14:53:09|Articulo --> procenex pisos plastif.lavx90
18/06/2020 14:53:09|cantidadArt B --> 1
18/06/2020 14:53:09|PrecVear --> 135
18/06/2020 14:53:09|montoArt --> 111,570247933884
18/06/2020 14:53:09|ivaArt --> 21
18/06/2020 14:53:09|hasarOCX.ImprimirItem --> OK
18/06/2020 14:53:09|Articulo --> rexona jabon x125 g sensible fresh
18/06/2020 14:53:09|cantidadArt B --> 1
18/06/2020 14:53:09|PrecVear --> 39
18/06/2020 14:53:09|montoArt --> 32,2314049586777
18/06/2020 14:53:09|ivaArt --> 21
18/06/2020 14:53:09|hasarOCX.ImprimirItem --> OK
18/06/2020 14:53:09|Articulo --> rexona jabon x125 cotton fresh
18/06/2020 14:53:09|cantidadArt B --> 2
18/06/2020 14:53:09|PrecVear --> 39
18/06/2020 14:53:09|montoArt --> 32,2314049586777
18/06/2020 14:53:09|ivaArt --> 21
18/06/2020 14:53:10|hasarOCX.ImprimirItem --> OK
18/06/2020 14:53:10|Articulo --> cif act.gelx300 citrica-35950
18/06/2020 14:53:10|cantidadArt B --> 1
18/06/2020 14:53:10|PrecVear --> 65
18/06/2020 14:53:10|montoArt --> 53,7190082644628
18/06/2020 14:53:10|ivaArt --> 21
18/06/2020 14:53:10|hasarOCX.ImprimirItem --> OK
18/06/2020 14:53:10|Articulo --> pampers confortsec g x72
18/06/2020 14:53:10|cantidadArt B --> 2
18/06/2020 14:53:10|PrecVear --> 1050
18/06/2020 14:53:10|montoArt --> 867,768595041322
18/06/2020 14:53:10|ivaArt --> 21
18/06/2020 14:53:11|hasarOCX.ImprimirItem --> OK
18/06/2020 14:53:11|Cerrar Comprobante B:::
18/06/2020 14:53:14|Obtiene nrocomp
18/06/2020 14:53:14|nrocomp --> 1336
18/06/2020 14:53:14|Nro. de Comprobante ::: TFB ::: 1336
18/06/2020 14:54:38|Comienza Facturacion B
18/06/2020 14:54:38|DatosCliente B
18/06/2020 14:54:41|AbrirComprobanteFiscal B
18/06/2020 14:54:41|Articulo --> saphirus sanitizante x60 ml
18/06/2020 14:54:41|cantidadArt B --> 1
18/06/2020 14:54:41|PrecVear --> 110
18/06/2020 14:54:41|montoArt --> 90,9090909090909
18/06/2020 14:54:41|ivaArt --> 21
18/06/2020 14:54:41|hasarOCX.ImprimirItem --> OK
18/06/2020 14:54:41|Articulo --> algabo alcohol en gel ultra %70 pocket x70ml
18/06/2020 14:54:41|cantidadArt B --> 1
18/06/2020 14:54:41|PrecVear --> 120
18/06/2020 14:54:41|montoArt --> 99,1735537190083
18/06/2020 14:54:41|ivaArt --> 21
18/06/2020 14:54:41|hasarOCX.ImprimirItem --> OK
18/06/2020 14:54:41|Articulo --> revlon kiss exfolating balms
18/06/2020 14:54:41|cantidadArt B --> 1
18/06/2020 14:54:41|PrecVear --> 380
18/06/2020 14:54:41|montoArt --> 314,04958677686
18/06/2020 14:54:41|ivaArt --> 21
18/06/2020 14:54:42|hasarOCX.ImprimirItem --> OK
18/06/2020 14:54:42|Articulo --> dove cr nutritiva crema de belleza x75 ml
18/06/2020 14:54:42|cantidadArt B --> 1
18/06/2020 14:54:42|PrecVear --> 130
18/06/2020 14:54:42|montoArt --> 107,438016528926
18/06/2020 14:54:42|ivaArt --> 21
18/06/2020 14:54:42|hasarOCX.ImprimirItem --> OK
18/06/2020 14:54:42|Cerrar Comprobante B:::
18/06/2020 14:54:45|Obtiene nrocomp
18/06/2020 14:54:45|nrocomp --> 1337
18/06/2020 14:54:45|Nro. de Comprobante ::: TFB ::: 1337
18/06/2020 14:58:13|Comienza Facturacion B
18/06/2020 14:58:14|DatosCliente B
18/06/2020 14:58:16|AbrirComprobanteFiscal B
18/06/2020 14:58:16|Articulo --> elvive acondx200 arcilla extr-0900
18/06/2020 14:58:16|cantidadArt B --> 1
18/06/2020 14:58:16|PrecVear --> 185
18/06/2020 14:58:16|montoArt --> 152,892561983471
18/06/2020 14:58:16|ivaArt --> 21
18/06/2020 14:58:17|hasarOCX.ImprimirItem --> OK
18/06/2020 14:58:17|Articulo --> elvive chx200 oleo nutr.prof/coco
18/06/2020 14:58:17|cantidadArt B --> 1
18/06/2020 14:58:17|PrecVear --> 185
18/06/2020 14:58:17|montoArt --> 152,892561983471
18/06/2020 14:58:17|ivaArt --> 21
18/06/2020 14:58:17|hasarOCX.ImprimirItem --> OK
18/06/2020 14:58:17|Articulo --> bolsas de residuos 45*60
18/06/2020 14:58:17|cantidadArt B --> 1
18/06/2020 14:58:17|PrecVear --> 30
18/06/2020 14:58:17|montoArt --> 24,7933884297521
18/06/2020 14:58:17|ivaArt --> 21
18/06/2020 14:58:17|hasarOCX.ImprimirItem --> OK
18/06/2020 14:58:17|Articulo --> woolitex450 d.pack tod.los dias1312
18/06/2020 14:58:17|cantidadArt B --> 1
18/06/2020 14:58:17|PrecVear --> 120
18/06/2020 14:58:17|montoArt --> 99,1735537190083
18/06/2020 14:58:17|ivaArt --> 21
18/06/2020 14:58:18|hasarOCX.ImprimirItem --> OK
18/06/2020 14:58:18|Articulo --> mf alcohol etilico
18/06/2020 14:58:18|cantidadArt B --> 1
18/06/2020 14:58:18|PrecVear --> 185
18/06/2020 14:58:18|montoArt --> 152,892561983471
18/06/2020 14:58:18|ivaArt --> 21
18/06/2020 14:58:18|hasarOCX.ImprimirItem --> OK
18/06/2020 14:58:18|Articulo --> el coloso velas de noche x12
18/06/2020 14:58:18|cantidadArt B --> 1
18/06/2020 14:58:18|PrecVear --> 110
18/06/2020 14:58:18|montoArt --> 90,9090909090909
18/06/2020 14:58:18|ivaArt --> 21
18/06/2020 14:58:18|hasarOCX.ImprimirItem --> OK
18/06/2020 14:58:18|Cerrar Comprobante B:::
18/06/2020 14:58:21|Obtiene nrocomp
18/06/2020 14:58:22|nrocomp --> 1338
18/06/2020 14:58:22|Nro. de Comprobante ::: TFB ::: 1338
18/06/2020 15:01:51|Conectando..
18/06/2020 15:01:51|IP: 127.0.0.1 - Puerto: 6500
18/06/2020 15:01:52|Conectado con éxito!!
18/06/2020 15:02:00|Comienza Facturacion B
18/06/2020 15:02:00|DatosCliente B
18/06/2020 15:02:02|AbrirComprobanteFiscal B
18/06/2020 15:02:02|Articulo --> boos intense night x90ml
18/06/2020 15:02:02|cantidadArt B --> 1
18/06/2020 15:02:02|PrecVear --> 1430
18/06/2020 15:02:02|montoArt --> 1181,81818181818
18/06/2020 15:02:02|ivaArt --> 21
18/06/2020 15:02:03|hasarOCX.ImprimirItem --> OK
18/06/2020 15:02:03|Cerrar Comprobante B:::
18/06/2020 15:02:06|Obtiene nrocomp
18/06/2020 15:02:06|nrocomp --> 1339
18/06/2020 15:02:06|Nro. de Comprobante ::: TFB ::: 1339
18/06/2020 15:04:11|Conectando..
18/06/2020 15:04:11|IP: 127.0.0.1 - Puerto: 6500
18/06/2020 15:04:12|Conectado con éxito!!
18/06/2020 15:16:59|Conectando..
18/06/2020 15:16:59|IP: 127.0.0.1 - Puerto: 6500
18/06/2020 15:17:00|Conectado con éxito!!
18/06/2020 15:18:05|Comienza Facturacion B
18/06/2020 15:18:06|DatosCliente B
18/06/2020 15:18:08|AbrirComprobanteFiscal B
18/06/2020 15:18:08|Articulo --> colgate cep.dent.premier ult.
18/06/2020 15:18:08|cantidadArt B --> 1
18/06/2020 15:18:08|PrecVear --> 60
18/06/2020 15:18:08|montoArt --> 49,5867768595041
18/06/2020 15:18:08|ivaArt --> 21
18/06/2020 15:18:08|hasarOCX.ImprimirItem --> OK
18/06/2020 15:18:08|Articulo --> ayudin lav. x2lt tot.max.pureza
18/06/2020 15:18:08|cantidadArt B --> 1
18/06/2020 15:18:08|PrecVear --> 105
18/06/2020 15:18:08|montoArt --> 86,7768595041322
18/06/2020 15:18:08|ivaArt --> 21
18/06/2020 15:18:09|hasarOCX.ImprimirItem --> OK
18/06/2020 15:18:09|Articulo --> ayudin desinf.aerox332 fr.matinal37
18/06/2020 15:18:09|cantidadArt B --> 2
18/06/2020 15:18:09|PrecVear --> 138
18/06/2020 15:18:09|montoArt --> 114,04958677686
18/06/2020 15:18:09|ivaArt --> 21
18/06/2020 15:18:09|hasarOCX.ImprimirItem --> OK
18/06/2020 15:18:09|Articulo --> hinds cr.corp.rosa doblevita x125 ml
18/06/2020 15:18:09|cantidadArt B --> 1
18/06/2020 15:18:09|PrecVear --> 120
18/06/2020 15:18:09|montoArt --> 99,1735537190083
18/06/2020 15:18:09|ivaArt --> 21
18/06/2020 15:18:10|hasarOCX.ImprimirItem --> OK
18/06/2020 15:18:10|Articulo --> algabo jabon liquido 300 ml cream doy pack
18/06/2020 15:18:10|cantidadArt B --> 2
18/06/2020 15:18:10|PrecVear --> 79
18/06/2020 15:18:10|montoArt --> 65,2892561983471
18/06/2020 15:18:10|ivaArt --> 21
18/06/2020 15:18:10|hasarOCX.ImprimirItem --> OK
18/06/2020 15:18:10|Articulo --> saphirus aceite escencial coco vai
18/06/2020 15:18:10|cantidadArt B --> 1
18/06/2020 15:18:10|PrecVear --> 130
18/06/2020 15:18:10|montoArt --> 107,438016528926
18/06/2020 15:18:10|ivaArt --> 21
18/06/2020 15:18:10|hasarOCX.ImprimirItem --> OK
18/06/2020 15:18:10|Articulo --> el coloso rollo cocx3 x 40paños
18/06/2020 15:18:10|cantidadArt B --> 1
18/06/2020 15:18:10|PrecVear --> 46
18/06/2020 15:18:10|montoArt --> 38,0165289256198
18/06/2020 15:18:10|ivaArt --> 21
18/06/2020 15:18:11|hasarOCX.ImprimirItem --> OK
18/06/2020 15:18:11|Cerrar Comprobante B:::
18/06/2020 15:18:14|Obtiene nrocomp
18/06/2020 15:18:14|nrocomp --> 1340
18/06/2020 15:18:14|Nro. de Comprobante ::: TFB ::: 1340
18/06/2020 15:27:19|Conectando..
18/06/2020 15:27:19|IP: 127.0.0.1 - Puerto: 6500
18/06/2020 15:27:20|Conectado con éxito!!
18/06/2020 15:39:33|Conectando..
18/06/2020 15:39:33|IP: 127.0.0.1 - Puerto: 6500
18/06/2020 15:39:34|Conectado con éxito!!
18/06/2020 15:41:34|Comienza Facturacion B
18/06/2020 15:41:35|DatosCliente B
18/06/2020 15:41:37|AbrirComprobanteFiscal B
18/06/2020 15:41:37|Articulo --> hug clasic pack xxg x56
18/06/2020 15:41:37|cantidadArt B --> 1
18/06/2020 15:41:37|PrecVear --> 790
18/06/2020 15:41:37|montoArt --> 652,892561983471
18/06/2020 15:41:37|ivaArt --> 21
18/06/2020 15:41:38|hasarOCX.ImprimirItem --> OK
18/06/2020 15:41:38|Articulo --> pampers confortsec xxg x56
18/06/2020 15:41:38|cantidadArt B --> 1
18/06/2020 15:41:38|PrecVear --> 1050
18/06/2020 15:41:38|montoArt --> 867,768595041322
18/06/2020 15:41:38|ivaArt --> 21
18/06/2020 15:41:38|hasarOCX.ImprimirItem --> OK
18/06/2020 15:41:38|Articulo --> doncella algodon x500
18/06/2020 15:41:38|cantidadArt B --> 1
18/06/2020 15:41:38|PrecVear --> 260
18/06/2020 15:41:38|montoArt --> 214,876033057851
18/06/2020 15:41:38|ivaArt --> 21
18/06/2020 15:41:38|hasarOCX.ImprimirItem --> OK
18/06/2020 15:41:38|Articulo --> varios
18/06/2020 15:41:38|cantidadArt B --> 1
18/06/2020 15:41:38|PrecVear --> 450
18/06/2020 15:41:38|montoArt --> 371,900826446281
18/06/2020 15:41:38|ivaArt --> 21
18/06/2020 15:41:39|hasarOCX.ImprimirItem --> OK
18/06/2020 15:41:39|Articulo --> huggies toalla humeda limpieza total 12x80
18/06/2020 15:41:39|cantidadArt B --> 1
18/06/2020 15:41:39|PrecVear --> 380
18/06/2020 15:41:39|montoArt --> 314,04958677686
18/06/2020 15:41:39|ivaArt --> 21
18/06/2020 15:41:39|hasarOCX.ImprimirItem --> OK
18/06/2020 15:41:39|Articulo --> varios
18/06/2020 15:41:39|cantidadArt B --> 2
18/06/2020 15:41:39|PrecVear --> 125
18/06/2020 15:41:39|montoArt --> 103,305785123967
18/06/2020 15:41:39|ivaArt --> 21
18/06/2020 15:41:39|hasarOCX.ImprimirItem --> OK
18/06/2020 15:41:39|Articulo --> estrella baby oleo sin frag x950ml
18/06/2020 15:41:39|cantidadArt B --> 1
18/06/2020 15:41:39|PrecVear --> 289
18/06/2020 15:41:39|montoArt --> 238,842975206612
18/06/2020 15:41:39|ivaArt --> 21
18/06/2020 15:41:40|hasarOCX.ImprimirItem --> OK
18/06/2020 15:41:40|Articulo --> dove ch x400 ritual de crecimiento
18/06/2020 15:41:40|cantidadArt B --> 2
18/06/2020 15:41:40|PrecVear --> 290
18/06/2020 15:41:40|montoArt --> 239,669421487603
18/06/2020 15:41:40|ivaArt --> 21
18/06/2020 15:41:40|hasarOCX.ImprimirItem --> OK
18/06/2020 15:41:40|Articulo --> 535478 j&j fecula  almidon  24x200g
18/06/2020 15:41:40|cantidadArt B --> 1
18/06/2020 15:41:40|PrecVear --> 195
18/06/2020 15:41:40|montoArt --> 161,157024793388
18/06/2020 15:41:40|ivaArt --> 21
18/06/2020 15:41:41|hasarOCX.ImprimirItem --> OK
18/06/2020 15:41:41|Articulo --> mf alcohol etilico
18/06/2020 15:41:41|cantidadArt B --> 2
18/06/2020 15:41:41|PrecVear --> 185
18/06/2020 15:41:41|montoArt --> 152,892561983471
18/06/2020 15:41:41|ivaArt --> 21
18/06/2020 15:41:41|hasarOCX.ImprimirItem --> OK
18/06/2020 15:41:41|Articulo --> ariel liq x3l hipoalergenico
18/06/2020 15:41:41|cantidadArt B --> 1
18/06/2020 15:41:41|PrecVear --> 588
18/06/2020 15:41:41|montoArt --> 485,950413223141
18/06/2020 15:41:41|ivaArt --> 21
18/06/2020 15:41:41|hasarOCX.ImprimirItem --> OK
18/06/2020 15:41:41|Articulo --> mister trapo gris extra suave
18/06/2020 15:41:41|cantidadArt B --> 1
18/06/2020 15:41:41|PrecVear --> 45
18/06/2020 15:41:41|montoArt --> 37,1900826446281
18/06/2020 15:41:41|ivaArt --> 21
18/06/2020 15:41:42|hasarOCX.ImprimirItem --> OK
18/06/2020 15:41:42|Articulo --> dove jabon x90 blanco
18/06/2020 15:41:42|cantidadArt B --> 2
18/06/2020 15:41:42|PrecVear --> 55
18/06/2020 15:41:42|montoArt --> 45,4545454545455
18/06/2020 15:41:42|ivaArt --> 21
18/06/2020 15:41:42|hasarOCX.ImprimirItem --> OK
18/06/2020 15:41:42|Articulo --> nuk vaso  starter cup diseños surtidos
18/06/2020 15:41:42|cantidadArt B --> 1
18/06/2020 15:41:42|PrecVear --> 780
18/06/2020 15:41:42|montoArt --> 644,628099173554
18/06/2020 15:41:42|ivaArt --> 21
18/06/2020 15:41:42|hasarOCX.ImprimirItem --> OK
18/06/2020 15:41:42|Cerrar Comprobante B:::
18/06/2020 15:41:45|Obtiene nrocomp
18/06/2020 15:41:46|nrocomp --> 1341
18/06/2020 15:41:46|Nro. de Comprobante ::: TFB ::: 1341
18/06/2020 15:42:07|Comienza Facturacion B
18/06/2020 15:42:07|DatosCliente B
18/06/2020 15:42:10|AbrirComprobanteFiscal B
18/06/2020 15:42:10|Articulo --> hipoglos x40 g
18/06/2020 15:42:10|cantidadArt B --> 1
18/06/2020 15:42:10|PrecVear --> 350
18/06/2020 15:42:10|montoArt --> 289,256198347107
18/06/2020 15:42:10|ivaArt --> 21
18/06/2020 15:42:10|hasarOCX.ImprimirItem --> OK
18/06/2020 15:42:10|Articulo --> varios
18/06/2020 15:42:10|cantidadArt B --> 1
18/06/2020 15:42:10|PrecVear --> 6137
18/06/2020 15:42:10|montoArt --> 5071,90082644628
18/06/2020 15:42:10|ivaArt --> 21
18/06/2020 15:42:11|hasarOCX.ImprimirItem --> OK
18/06/2020 15:42:11|Cerrar Comprobante B:::
18/06/2020 15:42:14|Obtiene nrocomp
18/06/2020 15:42:14|nrocomp --> 1342
18/06/2020 15:42:14|Nro. de Comprobante ::: TFB ::: 1342
18/06/2020 15:50:02|Conectando..
18/06/2020 15:50:02|IP: 127.0.0.1 - Puerto: 6500
18/06/2020 15:50:03|Conectado con éxito!!
18/06/2020 15:50:24|Comienza Facturacion B
18/06/2020 15:50:24|DatosCliente B
18/06/2020 15:50:26|AbrirComprobanteFiscal B
18/06/2020 15:50:26|Articulo --> g.federal jab.x150 trad.
18/06/2020 15:50:26|cantidadArt B --> 1
18/06/2020 15:50:26|PrecVear --> 39
18/06/2020 15:50:26|montoArt --> 32,2314049586777
18/06/2020 15:50:26|ivaArt --> 21
18/06/2020 15:50:27|hasarOCX.ImprimirItem --> OK
18/06/2020 15:50:27|Articulo --> extracto de bco(r.bca)x200
18/06/2020 15:50:27|cantidadArt B --> 1
18/06/2020 15:50:27|PrecVear --> 290
18/06/2020 15:50:27|montoArt --> 239,669421487603
18/06/2020 15:50:27|ivaArt --> 21
18/06/2020 15:50:27|hasarOCX.ImprimirItem --> OK
18/06/2020 15:50:27|Articulo --> simply hisoposx100 bolsa zip
18/06/2020 15:50:27|cantidadArt B --> 1
18/06/2020 15:50:27|PrecVear --> 60
18/06/2020 15:50:27|montoArt --> 49,5867768595041
18/06/2020 15:50:27|ivaArt --> 21
18/06/2020 15:50:28|hasarOCX.ImprimirItem --> OK
18/06/2020 15:50:28|Articulo --> blem limpia almendra
18/06/2020 15:50:28|cantidadArt B --> 1
18/06/2020 15:50:28|PrecVear --> 95
18/06/2020 15:50:28|montoArt --> 78,5123966942149
18/06/2020 15:50:28|ivaArt --> 21
18/06/2020 15:50:28|hasarOCX.ImprimirItem --> OK
18/06/2020 15:50:28|Articulo --> odex original polvo x400 g.
18/06/2020 15:50:28|cantidadArt B --> 1
18/06/2020 15:50:28|PrecVear --> 88
18/06/2020 15:50:28|montoArt --> 72,7272727272727
18/06/2020 15:50:28|ivaArt --> 21
18/06/2020 15:50:28|hasarOCX.ImprimirItem --> OK
18/06/2020 15:50:28|Cerrar Comprobante B:::
18/06/2020 15:50:31|Obtiene nrocomp
18/06/2020 15:50:32|nrocomp --> 1343
18/06/2020 15:50:32|Nro. de Comprobante ::: TFB ::: 1343
18/06/2020 15:57:07|Comienza Facturacion B
18/06/2020 15:57:07|DatosCliente B
18/06/2020 15:57:09|AbrirComprobanteFiscal B
18/06/2020 15:57:09|Articulo --> el coloso mondadientesx60 oval
18/06/2020 15:57:09|cantidadArt B --> 1
18/06/2020 15:57:09|PrecVear --> 30
18/06/2020 15:57:09|montoArt --> 24,7933884297521
18/06/2020 15:57:09|ivaArt --> 21
18/06/2020 15:57:10|hasarOCX.ImprimirItem --> OK
18/06/2020 15:57:10|Articulo --> fuyi tabletas x16 noches
18/06/2020 15:57:10|cantidadArt B --> 1
18/06/2020 15:57:10|PrecVear --> 145
18/06/2020 15:57:10|montoArt --> 119,834710743802
18/06/2020 15:57:10|ivaArt --> 21
18/06/2020 15:57:10|hasarOCX.ImprimirItem --> OK
18/06/2020 15:57:10|Articulo --> raid max s/olorx360 aero -673097
18/06/2020 15:57:10|cantidadArt B --> 1
18/06/2020 15:57:10|PrecVear --> 285
18/06/2020 15:57:10|montoArt --> 235,537190082645
18/06/2020 15:57:10|ivaArt --> 21
18/06/2020 15:57:10|hasarOCX.ImprimirItem --> OK
18/06/2020 15:57:10|Articulo --> ayudinx500 d.pack antihongo-32301
18/06/2020 15:57:10|cantidadArt B --> 1
18/06/2020 15:57:10|PrecVear --> 69
18/06/2020 15:57:10|montoArt --> 57,0247933884298
18/06/2020 15:57:10|ivaArt --> 21
18/06/2020 15:57:11|hasarOCX.ImprimirItem --> OK
18/06/2020 15:57:11|Articulo --> tortulan cr.ultra.nut.rosa x 110 110
18/06/2020 15:57:11|cantidadArt B --> 1
18/06/2020 15:57:11|PrecVear --> 200
18/06/2020 15:57:11|montoArt --> 165,289256198347
18/06/2020 15:57:11|ivaArt --> 21
18/06/2020 15:57:11|hasarOCX.ImprimirItem --> OK
18/06/2020 15:57:11|Cerrar Comprobante B:::
18/06/2020 15:57:14|Obtiene nrocomp
18/06/2020 15:57:15|nrocomp --> 1344
18/06/2020 15:57:15|Nro. de Comprobante ::: TFB ::: 1344
18/06/2020 16:03:48|Conectando..
18/06/2020 16:03:48|IP: 127.0.0.1 - Puerto: 6500
18/06/2020 16:03:48|Conectado con éxito!!
18/06/2020 16:06:12|Comienza Facturacion B
18/06/2020 16:06:13|DatosCliente B
18/06/2020 16:06:16|AbrirComprobanteFiscal B
18/06/2020 16:06:16|Articulo --> mister trapo gris extra suave
18/06/2020 16:06:16|cantidadArt B --> 4
18/06/2020 16:06:16|PrecVear --> 45
18/06/2020 16:06:16|montoArt --> 37,1900826446281
18/06/2020 16:06:16|ivaArt --> 21
18/06/2020 16:06:17|hasarOCX.ImprimirItem --> OK
18/06/2020 16:06:17|Articulo --> poett canast pastilla red brisa polar
18/06/2020 16:06:17|cantidadArt B --> 1
18/06/2020 16:06:17|PrecVear --> 59
18/06/2020 16:06:17|montoArt --> 48,7603305785124
18/06/2020 16:06:17|ivaArt --> 21
18/06/2020 16:06:17|hasarOCX.ImprimirItem --> OK
18/06/2020 16:06:17|Articulo --> varios
18/06/2020 16:06:17|cantidadArt B --> 3
18/06/2020 16:06:17|PrecVear --> 25
18/06/2020 16:06:17|montoArt --> 20,6611570247934
18/06/2020 16:06:17|ivaArt --> 21
18/06/2020 16:06:18|hasarOCX.ImprimirItem --> OK
18/06/2020 16:06:18|Articulo --> cif cremx375 orig.micropart-95049
18/06/2020 16:06:18|cantidadArt B --> 1
18/06/2020 16:06:18|PrecVear --> 70
18/06/2020 16:06:18|montoArt --> 57,8512396694215
18/06/2020 16:06:18|ivaArt --> 21
18/06/2020 16:06:18|hasarOCX.ImprimirItem --> OK
18/06/2020 16:06:18|Articulo --> el coloso esp.acero inoxi. x1
18/06/2020 16:06:18|cantidadArt B --> 1
18/06/2020 16:06:18|PrecVear --> 25
18/06/2020 16:06:18|montoArt --> 20,6611570247934
18/06/2020 16:06:18|ivaArt --> 21
18/06/2020 16:06:18|hasarOCX.ImprimirItem --> OK
18/06/2020 16:06:18|Articulo --> el coloso esp.economica
18/06/2020 16:06:18|cantidadArt B --> 1
18/06/2020 16:06:18|PrecVear --> 20
18/06/2020 16:06:18|montoArt --> 16,5289256198347
18/06/2020 16:06:18|ivaArt --> 21
18/06/2020 16:06:19|hasarOCX.ImprimirItem --> OK
18/06/2020 16:06:19|Articulo --> rexona aero  apx90 hombre
18/06/2020 16:06:19|cantidadArt B --> 1
18/06/2020 16:06:19|PrecVear --> 130
18/06/2020 16:06:19|montoArt --> 107,438016528926
18/06/2020 16:06:19|ivaArt --> 21
18/06/2020 16:06:19|hasarOCX.ImprimirItem --> OK
18/06/2020 16:06:19|Articulo --> dove aero apx89 original -6170
18/06/2020 16:06:19|cantidadArt B --> 1
18/06/2020 16:06:19|PrecVear --> 130
18/06/2020 16:06:19|montoArt --> 107,438016528926
18/06/2020 16:06:19|ivaArt --> 21
18/06/2020 16:06:19|hasarOCX.ImprimirItem --> OK
18/06/2020 16:06:19|Articulo --> siempre libre esp x8 ufina
18/06/2020 16:06:19|cantidadArt B --> 1
18/06/2020 16:06:19|PrecVear --> 114
18/06/2020 16:06:19|montoArt --> 94,2148760330578
18/06/2020 16:06:19|ivaArt --> 21
18/06/2020 16:06:20|hasarOCX.ImprimirItem --> OK
18/06/2020 16:06:20|Articulo --> blem aerox360 original
18/06/2020 16:06:20|cantidadArt B --> 1
18/06/2020 16:06:20|PrecVear --> 170
18/06/2020 16:06:20|montoArt --> 140,495867768595
18/06/2020 16:06:20|ivaArt --> 21
18/06/2020 16:06:20|hasarOCX.ImprimirItem --> OK
18/06/2020 16:06:20|Articulo --> poett perf.ropa x250 gatillo fr.rocio
18/06/2020 16:06:20|cantidadArt B --> 1
18/06/2020 16:06:20|PrecVear --> 198
18/06/2020 16:06:20|montoArt --> 163,636363636364
18/06/2020 16:06:20|ivaArt --> 21
18/06/2020 16:06:20|hasarOCX.ImprimirItem --> OK
18/06/2020 16:06:20|Articulo --> poett limpx900 mult.suav.algo-4983
18/06/2020 16:06:20|cantidadArt B --> 1
18/06/2020 16:06:20|PrecVear --> 55
18/06/2020 16:06:20|montoArt --> 45,4545454545455
18/06/2020 16:06:20|ivaArt --> 21
18/06/2020 16:06:21|hasarOCX.ImprimirItem --> OK
18/06/2020 16:06:21|Articulo --> poett limpx900 mult.lavanda-4985
18/06/2020 16:06:21|cantidadArt B --> 1
18/06/2020 16:06:21|PrecVear --> 55
18/06/2020 16:06:21|montoArt --> 45,4545454545455
18/06/2020 16:06:21|ivaArt --> 21
18/06/2020 16:06:21|hasarOCX.ImprimirItem --> OK
18/06/2020 16:06:21|Articulo --> poett limpx900 mult.love evo-28060
18/06/2020 16:06:21|cantidadArt B --> 1
18/06/2020 16:06:21|PrecVear --> 55
18/06/2020 16:06:21|montoArt --> 45,4545454545455
18/06/2020 16:06:21|ivaArt --> 21
18/06/2020 16:06:22|hasarOCX.ImprimirItem --> OK
18/06/2020 16:06:22|Articulo --> cif act.gel x450 dp limon verde
18/06/2020 16:06:22|cantidadArt B --> 1
18/06/2020 16:06:22|PrecVear --> 85
18/06/2020 16:06:22|montoArt --> 70,2479338842975
18/06/2020 16:06:22|ivaArt --> 21
18/06/2020 16:06:22|hasarOCX.ImprimirItem --> OK
18/06/2020 16:06:22|Articulo --> vivere suavx900 dp clasic
18/06/2020 16:06:22|cantidadArt B --> 1
18/06/2020 16:06:22|PrecVear --> 89
18/06/2020 16:06:22|montoArt --> 73,5537190082645
18/06/2020 16:06:22|ivaArt --> 21
18/06/2020 16:06:22|hasarOCX.ImprimirItem --> OK
18/06/2020 16:06:22|Articulo --> ceramicol liqx450 d.pack 2766
18/06/2020 16:06:22|cantidadArt B --> 1
18/06/2020 16:06:22|PrecVear --> 98
18/06/2020 16:06:22|montoArt --> 80,9917355371901
18/06/2020 16:06:22|ivaArt --> 21
18/06/2020 16:06:23|hasarOCX.ImprimirItem --> OK
18/06/2020 16:06:23|Articulo --> ala matic  x3l dp
18/06/2020 16:06:23|cantidadArt B --> 1
18/06/2020 16:06:23|PrecVear --> 390
18/06/2020 16:06:23|montoArt --> 322,314049586777
18/06/2020 16:06:23|ivaArt --> 21
18/06/2020 16:06:23|hasarOCX.ImprimirItem --> OK
18/06/2020 16:06:23|Articulo --> el coloso lavandina x1lt basica
18/06/2020 16:06:23|cantidadArt B --> 1
18/06/2020 16:06:23|PrecVear --> 43
18/06/2020 16:06:23|montoArt --> 35,5371900826446
18/06/2020 16:06:23|ivaArt --> 21
18/06/2020 16:06:23|hasarOCX.ImprimirItem --> OK
18/06/2020 16:06:23|Articulo --> coloso lavandina x2 litros
18/06/2020 16:06:23|cantidadArt B --> 1
18/06/2020 16:06:23|PrecVear --> 85
18/06/2020 16:06:23|montoArt --> 70,2479338842975
18/06/2020 16:06:23|ivaArt --> 21
18/06/2020 16:06:24|hasarOCX.ImprimirItem --> OK
18/06/2020 16:06:24|Articulo --> ayudin lav.x1l bcos.inten quitam
18/06/2020 16:06:24|cantidadArt B --> 1
18/06/2020 16:06:24|PrecVear --> 75
18/06/2020 16:06:24|montoArt --> 61,9834710743802
18/06/2020 16:06:24|ivaArt --> 21
18/06/2020 16:06:24|hasarOCX.ImprimirItem --> OK
18/06/2020 16:06:24|Articulo --> el coloso hig.dob.hoja 12x4 20mts
18/06/2020 16:06:24|cantidadArt B --> 2
18/06/2020 16:06:24|PrecVear --> 80
18/06/2020 16:06:24|montoArt --> 66,1157024793389
18/06/2020 16:06:24|ivaArt --> 21
18/06/2020 16:06:24|hasarOCX.ImprimirItem --> OK
18/06/2020 16:06:24|Cerrar Comprobante B:::
18/06/2020 16:06:28|Obtiene nrocomp
18/06/2020 16:06:28|nrocomp --> 1345
18/06/2020 16:06:28|Nro. de Comprobante ::: TFB ::: 1345
18/06/2020 16:10:44|Conectando..
18/06/2020 16:10:44|IP: 127.0.0.1 - Puerto: 6500
18/06/2020 16:10:45|Conectado con éxito!!
18/06/2020 16:12:04|Comienza Facturacion B
18/06/2020 16:12:04|DatosCliente B
18/06/2020 16:12:07|AbrirComprobanteFiscal B
18/06/2020 16:12:07|Articulo --> varios
18/06/2020 16:12:07|cantidadArt B --> 1
18/06/2020 16:12:07|PrecVear --> 95
18/06/2020 16:12:07|montoArt --> 78,5123966942149
18/06/2020 16:12:07|ivaArt --> 21
18/06/2020 16:12:07|hasarOCX.ImprimirItem --> OK
18/06/2020 16:12:07|Articulo --> el coloso lavandinax5l basica
18/06/2020 16:12:07|cantidadArt B --> 1
18/06/2020 16:12:07|PrecVear --> 180
18/06/2020 16:12:07|montoArt --> 148,760330578512
18/06/2020 16:12:07|ivaArt --> 21
18/06/2020 16:12:08|hasarOCX.ImprimirItem --> OK
18/06/2020 16:12:08|Cerrar Comprobante B:::
18/06/2020 16:12:11|Obtiene nrocomp
18/06/2020 16:12:11|nrocomp --> 1346
18/06/2020 16:12:11|Nro. de Comprobante ::: TFB ::: 1346
18/06/2020 16:16:02|Comienza Facturacion B
18/06/2020 16:16:02|DatosCliente B
18/06/2020 16:16:05|AbrirComprobanteFiscal B
18/06/2020 16:16:05|Articulo --> ayudin lav. x2lt tot.max.pureza
18/06/2020 16:16:05|cantidadArt B --> 1
18/06/2020 16:16:05|PrecVear --> 105
18/06/2020 16:16:05|montoArt --> 86,7768595041322
18/06/2020 16:16:05|ivaArt --> 21
18/06/2020 16:16:05|hasarOCX.ImprimirItem --> OK
18/06/2020 16:16:05|Articulo --> cif gel c/lavandx500 ult.blanco3583
18/06/2020 16:16:05|cantidadArt B --> 1
18/06/2020 16:16:05|PrecVear --> 150
18/06/2020 16:16:05|montoArt --> 123,96694214876
18/06/2020 16:16:05|ivaArt --> 21
18/06/2020 16:16:05|hasarOCX.ImprimirItem --> OK
18/06/2020 16:16:05|Articulo --> vim adhesivo apra inodoro
18/06/2020 16:16:05|cantidadArt B --> 1
18/06/2020 16:16:05|PrecVear --> 90
18/06/2020 16:16:05|montoArt --> 74,3801652892562
18/06/2020 16:16:05|ivaArt --> 21
18/06/2020 16:16:06|hasarOCX.ImprimirItem --> OK
18/06/2020 16:16:06|Articulo --> mf alcohol etilico
18/06/2020 16:16:06|cantidadArt B --> 1
18/06/2020 16:16:06|PrecVear --> 185
18/06/2020 16:16:06|montoArt --> 152,892561983471
18/06/2020 16:16:06|ivaArt --> 21
18/06/2020 16:16:06|hasarOCX.ImprimirItem --> OK
18/06/2020 16:16:06|Articulo --> always seca x16
18/06/2020 16:16:06|cantidadArt B --> 1
18/06/2020 16:16:06|PrecVear --> 195
18/06/2020 16:16:06|montoArt --> 161,157024793388
18/06/2020 16:16:06|ivaArt --> 21
18/06/2020 16:16:06|hasarOCX.ImprimirItem --> OK
18/06/2020 16:16:06|Articulo --> always toall.plusx8 suave alas
18/06/2020 16:16:06|cantidadArt B --> 2
18/06/2020 16:16:06|PrecVear --> 69
18/06/2020 16:16:06|montoArt --> 57,0247933884298
18/06/2020 16:16:06|ivaArt --> 21
18/06/2020 16:16:07|hasarOCX.ImprimirItem --> OK
18/06/2020 16:16:07|Articulo --> colgate crx70 herbal whitening-975
18/06/2020 16:16:07|cantidadArt B --> 1
18/06/2020 16:16:07|PrecVear --> 85
18/06/2020 16:16:07|montoArt --> 70,2479338842975
18/06/2020 16:16:07|ivaArt --> 21
18/06/2020 16:16:07|hasarOCX.ImprimirItem --> OK
18/06/2020 16:16:07|Articulo --> colgate cr.anticaries x70ml
18/06/2020 16:16:07|cantidadArt B --> 1
18/06/2020 16:16:07|PrecVear --> 69
18/06/2020 16:16:07|montoArt --> 57,0247933884298
18/06/2020 16:16:07|ivaArt --> 21
18/06/2020 16:16:08|hasarOCX.ImprimirItem --> OK
18/06/2020 16:16:08|Cerrar Comprobante B:::
18/06/2020 16:16:11|Obtiene nrocomp
18/06/2020 16:16:11|nrocomp --> 1347
18/06/2020 16:16:11|Nro. de Comprobante ::: TFB ::: 1347
18/06/2020 16:20:39|Conectando..
18/06/2020 16:20:39|IP: 127.0.0.1 - Puerto: 6500
18/06/2020 16:20:40|Conectado con éxito!!
18/06/2020 16:21:06|Conectando..
18/06/2020 16:21:06|IP: 127.0.0.1 - Puerto: 6500
18/06/2020 16:21:07|Conectado con éxito!!
18/06/2020 16:22:53|Comienza Facturacion B
18/06/2020 16:22:53|DatosCliente B
18/06/2020 16:22:56|AbrirComprobanteFiscal B
18/06/2020 16:22:56|Articulo --> cutex quitaesmalte fortalecedor x 50 ml
18/06/2020 16:22:56|cantidadArt B --> 1
18/06/2020 16:22:56|PrecVear --> 65
18/06/2020 16:22:56|montoArt --> 53,7190082644628
18/06/2020 16:22:56|ivaArt --> 21
18/06/2020 16:22:56|hasarOCX.ImprimirItem --> OK
18/06/2020 16:22:56|Articulo --> biferdil sh antiamarilleo
18/06/2020 16:22:56|cantidadArt B --> 1
18/06/2020 16:22:56|PrecVear --> 384
18/06/2020 16:22:56|montoArt --> 317,355371900826
18/06/2020 16:22:56|ivaArt --> 21
18/06/2020 16:22:57|hasarOCX.ImprimirItem --> OK
18/06/2020 16:22:57|Articulo --> mr musc-glade disc.act.comp.lavanda
18/06/2020 16:22:57|cantidadArt B --> 1
18/06/2020 16:22:57|PrecVear --> 280
18/06/2020 16:22:57|montoArt --> 231,404958677686
18/06/2020 16:22:57|ivaArt --> 21
18/06/2020 16:22:57|hasarOCX.ImprimirItem --> OK
18/06/2020 16:22:57|Articulo --> pampers toa /hum siempre limpio x48
18/06/2020 16:22:57|cantidadArt B --> 4
18/06/2020 16:22:57|PrecVear --> 80
18/06/2020 16:22:57|montoArt --> 66,1157024793389
18/06/2020 16:22:57|ivaArt --> 21
18/06/2020 16:22:58|hasarOCX.ImprimirItem --> OK
18/06/2020 16:22:58|Articulo --> pampers premium care xxg x60 mas gde
18/06/2020 16:22:58|cantidadArt B --> 1
18/06/2020 16:22:58|PrecVear --> 1150
18/06/2020 16:22:58|montoArt --> 950,413223140496
18/06/2020 16:22:58|ivaArt --> 21
18/06/2020 16:22:58|hasarOCX.ImprimirItem --> OK
18/06/2020 16:22:58|Cerrar Comprobante B:::
18/06/2020 16:23:01|Obtiene nrocomp
18/06/2020 16:23:01|nrocomp --> 1348
18/06/2020 16:23:01|Nro. de Comprobante ::: TFB ::: 1348
18/06/2020 16:25:07|Conectando..
18/06/2020 16:25:07|IP: 127.0.0.1 - Puerto: 6500
18/06/2020 16:25:08|Conectado con éxito!!
18/06/2020 16:30:58|Conectando..
18/06/2020 16:30:58|IP: 127.0.0.1 - Puerto: 6500
18/06/2020 16:30:59|Conectado con éxito!!
18/06/2020 16:36:13|Conectando..
18/06/2020 16:36:13|IP: 127.0.0.1 - Puerto: 6500
18/06/2020 16:36:14|Conectado con éxito!!
18/06/2020 16:36:46|Conectando..
18/06/2020 16:36:46|IP: 127.0.0.1 - Puerto: 6500
18/06/2020 16:36:47|Conectado con éxito!!
18/06/2020 16:58:20|Conectando..
18/06/2020 16:58:20|IP: 127.0.0.1 - Puerto: 6500
18/06/2020 16:58:21|Conectado con éxito!!
18/06/2020 17:06:33|Conectando..
18/06/2020 17:06:33|IP: 127.0.0.1 - Puerto: 6500
18/06/2020 17:06:34|Conectado con éxito!!
18/06/2020 17:09:38|Conectando..
18/06/2020 17:09:38|IP: 127.0.0.1 - Puerto: 6500
18/06/2020 17:09:39|Conectado con éxito!!
18/06/2020 17:13:32|Comienza Facturacion B
18/06/2020 17:13:32|DatosCliente B
18/06/2020 17:13:35|AbrirComprobanteFiscal B
18/06/2020 17:13:35|Articulo --> babysec ultrasec xg x36 uni
18/06/2020 17:13:35|cantidadArt B --> 1
18/06/2020 17:13:35|PrecVear --> 430
18/06/2020 17:13:35|montoArt --> 355,371900826446
18/06/2020 17:13:35|ivaArt --> 21
18/06/2020 17:13:35|hasarOCX.ImprimirItem --> OK
18/06/2020 17:13:35|Articulo --> ala jabx200 barra reg.multaccion676
18/06/2020 17:13:35|cantidadArt B --> 1
18/06/2020 17:13:35|PrecVear --> 45
18/06/2020 17:13:35|montoArt --> 37,1900826446281
18/06/2020 17:13:35|ivaArt --> 21
18/06/2020 17:13:36|hasarOCX.ImprimirItem --> OK
18/06/2020 17:13:36|Articulo --> ladysoft normx8 c/aloe c/alas
18/06/2020 17:13:36|cantidadArt B --> 1
18/06/2020 17:13:36|PrecVear --> 45
18/06/2020 17:13:36|montoArt --> 37,1900826446281
18/06/2020 17:13:36|ivaArt --> 21
18/06/2020 17:13:36|hasarOCX.ImprimirItem --> OK
18/06/2020 17:13:36|Articulo --> dove baby sh h sens x200ml
18/06/2020 17:13:36|cantidadArt B --> 1
18/06/2020 17:13:36|PrecVear --> 150
18/06/2020 17:13:36|montoArt --> 123,96694214876
18/06/2020 17:13:36|ivaArt --> 21
18/06/2020 17:13:36|hasarOCX.ImprimirItem --> OK
18/06/2020 17:13:36|Articulo --> ala ultrax500 limon-211177
18/06/2020 17:13:36|cantidadArt B --> 1
18/06/2020 17:13:36|PrecVear --> 95
18/06/2020 17:13:36|montoArt --> 78,5123966942149
18/06/2020 17:13:36|ivaArt --> 21
18/06/2020 17:13:37|hasarOCX.ImprimirItem --> OK
18/06/2020 17:13:37|Articulo --> ayudin lav. x2lt tot.max.pureza
18/06/2020 17:13:37|cantidadArt B --> 1
18/06/2020 17:13:37|PrecVear --> 105
18/06/2020 17:13:37|montoArt --> 86,7768595041322
18/06/2020 17:13:37|ivaArt --> 21
18/06/2020 17:13:37|hasarOCX.ImprimirItem --> OK
18/06/2020 17:13:37|Cerrar Comprobante B:::
18/06/2020 17:13:40|Obtiene nrocomp
18/06/2020 17:13:40|nrocomp --> 1349
18/06/2020 17:13:40|Nro. de Comprobante ::: TFB ::: 1349
18/06/2020 17:18:33|Conectando..
18/06/2020 17:18:33|IP: 127.0.0.1 - Puerto: 6500
18/06/2020 17:18:33|Conectado con éxito!!
18/06/2020 17:20:42|Conectando..
18/06/2020 17:20:42|IP: 127.0.0.1 - Puerto: 6500
18/06/2020 17:20:43|Conectado con éxito!!
18/06/2020 17:25:01|Conectando..
18/06/2020 17:25:01|IP: 127.0.0.1 - Puerto: 6500
18/06/2020 17:25:01|Conectado con éxito!!
18/06/2020 17:25:29|Comienza Facturacion B
18/06/2020 17:25:30|DatosCliente B
18/06/2020 17:25:32|AbrirComprobanteFiscal B
18/06/2020 17:25:32|Articulo --> ceramicol quick x900 rojo
18/06/2020 17:25:32|cantidadArt B --> 1
18/06/2020 17:25:32|PrecVear --> 179
18/06/2020 17:25:32|montoArt --> 147,933884297521
18/06/2020 17:25:32|ivaArt --> 21
18/06/2020 17:25:32|hasarOCX.ImprimirItem --> OK
18/06/2020 17:25:32|Articulo --> saphirus aromatizantee textil bella
18/06/2020 17:25:32|cantidadArt B --> 1
18/06/2020 17:25:32|PrecVear --> 140
18/06/2020 17:25:32|montoArt --> 115,702479338843
18/06/2020 17:25:32|ivaArt --> 21
18/06/2020 17:25:33|hasarOCX.ImprimirItem --> OK
18/06/2020 17:25:33|Articulo --> dove jabon x90 blanco
18/06/2020 17:25:33|cantidadArt B --> 1
18/06/2020 17:25:33|PrecVear --> 55
18/06/2020 17:25:33|montoArt --> 45,4545454545455
18/06/2020 17:25:33|ivaArt --> 21
18/06/2020 17:25:33|hasarOCX.ImprimirItem --> OK
18/06/2020 17:25:33|Articulo --> el coloso guantes de latex plus 8
18/06/2020 17:25:33|cantidadArt B --> 1
18/06/2020 17:25:33|PrecVear --> 115
18/06/2020 17:25:33|montoArt --> 95,0413223140496
18/06/2020 17:25:33|ivaArt --> 21
18/06/2020 17:25:34|hasarOCX.ImprimirItem --> OK
18/06/2020 17:25:34|Articulo --> noc 10 cr.dentalx70
18/06/2020 17:25:34|cantidadArt B --> 1
18/06/2020 17:25:34|PrecVear --> 242
18/06/2020 17:25:34|montoArt --> 200
18/06/2020 17:25:34|ivaArt --> 21
18/06/2020 17:25:34|hasarOCX.ImprimirItem --> OK
18/06/2020 17:25:34|Articulo --> suiza cera liqx850 rob.osc
18/06/2020 17:25:34|cantidadArt B --> 1
18/06/2020 17:25:34|PrecVear --> 310
18/06/2020 17:25:34|montoArt --> 256,198347107438
18/06/2020 17:25:34|ivaArt --> 21
18/06/2020 17:25:34|hasarOCX.ImprimirItem --> OK
18/06/2020 17:25:34|Articulo --> soft color kit 73 rub.avellana-6235
18/06/2020 17:25:34|cantidadArt B --> 1
18/06/2020 17:25:34|PrecVear --> 450
18/06/2020 17:25:34|montoArt --> 371,900826446281
18/06/2020 17:25:34|ivaArt --> 21
18/06/2020 17:25:35|hasarOCX.ImprimirItem --> OK
18/06/2020 17:25:35|Cerrar Comprobante B:::
18/06/2020 17:25:38|Obtiene nrocomp
18/06/2020 17:25:38|nrocomp --> 1350
18/06/2020 17:25:38|Nro. de Comprobante ::: TFB ::: 1350
18/06/2020 17:32:04|Conectando..
18/06/2020 17:32:04|IP: 127.0.0.1 - Puerto: 6500
18/06/2020 17:32:05|Conectado con éxito!!
18/06/2020 17:32:16|Comienza Facturacion B
18/06/2020 17:32:16|DatosCliente B
18/06/2020 17:32:19|AbrirComprobanteFiscal B
18/06/2020 17:32:19|Articulo --> hennia eeg x8
18/06/2020 17:32:19|cantidadArt B --> 2
18/06/2020 17:32:19|PrecVear --> 630
18/06/2020 17:32:19|montoArt --> 520,661157024793
18/06/2020 17:32:19|ivaArt --> 21
18/06/2020 17:32:19|hasarOCX.ImprimirItem --> OK
18/06/2020 17:32:19|Cerrar Comprobante B:::
18/06/2020 17:32:22|Obtiene nrocomp
18/06/2020 17:32:22|nrocomp --> 1351
18/06/2020 17:32:22|Nro. de Comprobante ::: TFB ::: 1351
18/06/2020 17:35:51|Conectando..
18/06/2020 17:35:51|IP: 127.0.0.1 - Puerto: 6500
18/06/2020 17:35:52|Conectado con éxito!!
18/06/2020 17:39:28|Conectando..
18/06/2020 17:39:28|IP: 127.0.0.1 - Puerto: 6500
18/06/2020 17:39:29|Conectado con éxito!!
18/06/2020 17:39:48|Conectando..
18/06/2020 17:39:48|IP: 127.0.0.1 - Puerto: 6500
18/06/2020 17:39:49|Conectado con éxito!!
18/06/2020 17:47:16|*************COMIENZA Cierre  Z**********
18/06/2020 17:47:25|CIERRE Z
Cierre Z Nº =[58]
Fecha del Cierre        =[18/06/2020 0:00:00]
DF Emitidos             =[37]
DF Cancelados           =[0]
DF Total                =[5568002]
DF Total Gravado        =[4601648]
DF Total No Gravado     =[0]
DF Total Exento         =[0]
DF Total IVA            =[966354]
DF Total Otros Tributos =[0]
NC Emitidas             =[0]
NC Canceladas           =[0]
NC Total                =[0]
NC Total Gravado        =[0]
NC Total No Gravado     =[0]
NC Total Exento         =[0]
NC Total IVA            =[0]
NC Total Otros Tributos =[0]
DNFH Emitidos           =[0]
DNFH Total              =[0]

18/06/2020 17:51:31|Conectando..
18/06/2020 17:51:31|IP: 127.0.0.1 - Puerto: 6500
18/06/2020 17:51:31|Conectado con éxito!!
