23/04/2022 8:59:14|Conectando..
23/04/2022 8:59:14|IP: 127.0.0.1 - Puerto: 6500
23/04/2022 9:02:48|Comienza Facturacion B
23/04/2022 9:02:50|Error iniciando Factura B --> Tiempo de espera agotado
23/04/2022 9:02:52|Error Cerrando documento B --> Tiempo de espera agotado
23/04/2022 9:02:52|Conectando..
23/04/2022 9:02:52|IP: 127.0.0.1 - Puerto: 6500
23/04/2022 9:02:56|cerrando pantalla venta
23/04/2022 9:02:57|Error Imprimiendo Factura B --> Tiempo de espera agotado
23/04/2022 9:02:59|Ety.TicketFiscal: -1
23/04/2022 9:02:59|Error Diagnostico..Referencia a objeto no establecida como instancia de un objeto.
23/04/2022 9:03:33|Conectando..
23/04/2022 9:03:33|IP: 127.0.0.1 - Puerto: 6500
23/04/2022 9:03:34|Conectado con éxito!!
23/04/2022 9:03:37|Comienza Facturacion B
23/04/2022 9:03:38|DatosCliente B
23/04/2022 9:03:40|AbrirComprobanteFiscal B
23/04/2022 9:03:40|Articulo --> varios
23/04/2022 9:03:40|cantidadArt B --> 1
23/04/2022 9:03:40|PrecVear --> 10
23/04/2022 9:03:40|montoArt --> 8,26446280991736
23/04/2022 9:03:40|ivaArt --> 21
23/04/2022 9:03:40|hasarOCX.ImprimirItem --> OK
23/04/2022 9:03:40|Cerrar Comprobante B:::
23/04/2022 9:03:43|Error Diagnostico..Anidamiento inválido de comandos
23/04/2022 9:03:43|Obtiene nrocomp
23/04/2022 9:03:44|nrocomp --> 21302
23/04/2022 9:03:44|Nro. de Comprobante ::: TFB ::: 21302
23/04/2022 9:03:44|Ety.TicketFiscal: 21302
23/04/2022 9:03:48|Insert Venta. Tipo Vta: False --> No hay items cargados
23/04/2022 9:04:43|Comienza Facturacion B
23/04/2022 9:04:44|DatosCliente B
23/04/2022 9:04:46|AbrirComprobanteFiscal B
23/04/2022 9:04:46|Articulo --> varios
23/04/2022 9:04:46|cantidadArt B --> 1
23/04/2022 9:04:46|PrecVear --> 640
23/04/2022 9:04:46|montoArt --> 528,925619834711
23/04/2022 9:04:46|ivaArt --> 21
23/04/2022 9:04:46|hasarOCX.ImprimirItem --> OK
23/04/2022 9:04:46|Cerrar Comprobante B:::
23/04/2022 9:04:49|Obtiene nrocomp
23/04/2022 9:04:50|nrocomp --> 21303
23/04/2022 9:04:50|Nro. de Comprobante ::: TFB ::: 21303
23/04/2022 9:04:50|Ety.TicketFiscal: 21303
23/04/2022 9:18:14|Comienza Facturacion B
23/04/2022 9:18:15|DatosCliente B
23/04/2022 9:18:17|AbrirComprobanteFiscal B
23/04/2022 9:18:17|Articulo --> suave ch y ac
23/04/2022 9:18:17|cantidadArt B --> 1
23/04/2022 9:18:17|PrecVear --> 211
23/04/2022 9:18:17|montoArt --> 174,380165289256
23/04/2022 9:18:17|ivaArt --> 21
23/04/2022 9:18:18|hasarOCX.ImprimirItem --> OK
23/04/2022 9:18:18|Articulo --> suave sh y ac miel y almedras
23/04/2022 9:18:18|cantidadArt B --> 1
23/04/2022 9:18:18|PrecVear --> 211
23/04/2022 9:18:18|montoArt --> 174,380165289256
23/04/2022 9:18:18|ivaArt --> 21
23/04/2022 9:18:18|hasarOCX.ImprimirItem --> OK
23/04/2022 9:18:18|Articulo --> rexona jabones x3 unidades
23/04/2022 9:18:18|cantidadArt B --> 1
23/04/2022 9:18:18|PrecVear --> 250
23/04/2022 9:18:18|montoArt --> 206,611570247934
23/04/2022 9:18:18|ivaArt --> 21
23/04/2022 9:18:18|hasarOCX.ImprimirItem --> OK
23/04/2022 9:18:18|Articulo --> colgate cr x70ml luminous white
23/04/2022 9:18:18|cantidadArt B --> 1
23/04/2022 9:18:18|PrecVear --> 295
23/04/2022 9:18:18|montoArt --> 243,801652892562
23/04/2022 9:18:18|ivaArt --> 21
23/04/2022 9:18:19|hasarOCX.ImprimirItem --> OK
23/04/2022 9:18:19|Articulo --> boos men deo.aer.intense x150ml
23/04/2022 9:18:19|cantidadArt B --> 1
23/04/2022 9:18:19|PrecVear --> 540
23/04/2022 9:18:19|montoArt --> 446,280991735537
23/04/2022 9:18:19|ivaArt --> 21
23/04/2022 9:18:19|hasarOCX.ImprimirItem --> OK
23/04/2022 9:18:19|Cerrar Comprobante B:::
23/04/2022 9:18:22|Obtiene nrocomp
23/04/2022 9:18:22|nrocomp --> 21304
23/04/2022 9:18:22|Nro. de Comprobante ::: TFB ::: 21304
23/04/2022 9:18:22|Ety.TicketFiscal: 21304
23/04/2022 9:50:40|Comienza Facturacion B
23/04/2022 9:50:41|DatosCliente B
23/04/2022 9:50:43|AbrirComprobanteFiscal B
23/04/2022 9:50:43|Articulo --> felpita para tu flia x4
23/04/2022 9:50:43|cantidadArt B --> 1
23/04/2022 9:50:43|PrecVear --> 150
23/04/2022 9:50:43|montoArt --> 123,96694214876
23/04/2022 9:50:43|ivaArt --> 21
23/04/2022 9:50:43|hasarOCX.ImprimirItem --> OK
23/04/2022 9:50:43|Articulo --> e.spa esponja pompon exfol.(150)
23/04/2022 9:50:43|cantidadArt B --> 1
23/04/2022 9:50:43|PrecVear --> 160
23/04/2022 9:50:43|montoArt --> 132,231404958678
23/04/2022 9:50:43|ivaArt --> 21
23/04/2022 9:50:44|hasarOCX.ImprimirItem --> OK
23/04/2022 9:50:44|Articulo --> procenex limpx900 orquideas-28389
23/04/2022 9:50:44|cantidadArt B --> 1
23/04/2022 9:50:44|PrecVear --> 110
23/04/2022 9:50:44|montoArt --> 90,9090909090909
23/04/2022 9:50:44|ivaArt --> 21
23/04/2022 9:50:44|hasarOCX.ImprimirItem --> OK
23/04/2022 9:50:44|Articulo --> off family aero
23/04/2022 9:50:44|cantidadArt B --> 1
23/04/2022 9:50:44|PrecVear --> 270
23/04/2022 9:50:44|montoArt --> 223,140495867769
23/04/2022 9:50:44|ivaArt --> 21
23/04/2022 9:50:45|hasarOCX.ImprimirItem --> OK
23/04/2022 9:50:45|Articulo --> el coloso rollo cocx3 x 40paños
23/04/2022 9:50:45|cantidadArt B --> 1
23/04/2022 9:50:45|PrecVear --> 110
23/04/2022 9:50:45|montoArt --> 90,9090909090909
23/04/2022 9:50:45|ivaArt --> 21
23/04/2022 9:50:45|hasarOCX.ImprimirItem --> OK
23/04/2022 9:50:45|Cerrar Comprobante B:::
23/04/2022 9:50:48|Obtiene nrocomp
23/04/2022 9:50:48|nrocomp --> 21305
23/04/2022 9:50:48|Nro. de Comprobante ::: TFB ::: 21305
23/04/2022 9:50:48|Ety.TicketFiscal: 21305
23/04/2022 9:55:26|Comienza Facturacion B
23/04/2022 9:55:26|DatosCliente B
23/04/2022 9:55:28|AbrirComprobanteFiscal B
23/04/2022 9:55:28|Articulo --> skip p/diluir
23/04/2022 9:55:28|cantidadArt B --> 1
23/04/2022 9:55:28|PrecVear --> 790
23/04/2022 9:55:28|montoArt --> 652,892561983471
23/04/2022 9:55:28|ivaArt --> 21
23/04/2022 9:55:29|hasarOCX.ImprimirItem --> OK
23/04/2022 9:55:29|Articulo --> bolsas de residuos 60*90
23/04/2022 9:55:29|cantidadArt B --> 1
23/04/2022 9:55:29|PrecVear --> 185
23/04/2022 9:55:29|montoArt --> 152,892561983471
23/04/2022 9:55:29|ivaArt --> 21
23/04/2022 9:55:29|hasarOCX.ImprimirItem --> OK
23/04/2022 9:55:29|Cerrar Comprobante B:::
23/04/2022 9:55:32|Obtiene nrocomp
23/04/2022 9:55:32|nrocomp --> 21306
23/04/2022 9:55:32|Nro. de Comprobante ::: TFB ::: 21306
23/04/2022 9:55:32|Ety.TicketFiscal: 21306
23/04/2022 10:05:41|Comienza Facturacion B
23/04/2022 10:05:41|DatosCliente B
23/04/2022 10:05:44|AbrirComprobanteFiscal B
23/04/2022 10:05:44|Articulo --> saphirus aceite escencial limon
23/04/2022 10:05:44|cantidadArt B --> 1
23/04/2022 10:05:44|PrecVear --> 200
23/04/2022 10:05:44|montoArt --> 165,289256198347
23/04/2022 10:05:44|ivaArt --> 21
23/04/2022 10:05:44|hasarOCX.ImprimirItem --> OK
23/04/2022 10:05:44|Articulo --> soft color tint.60 rub.osc.
23/04/2022 10:05:44|cantidadArt B --> 1
23/04/2022 10:05:44|PrecVear --> 820
23/04/2022 10:05:44|montoArt --> 677,685950413223
23/04/2022 10:05:44|ivaArt --> 21
23/04/2022 10:05:45|hasarOCX.ImprimirItem --> OK
23/04/2022 10:05:45|Articulo --> saphirus aromatizantes de ambiente (aerosol) limón
23/04/2022 10:05:45|cantidadArt B --> 1
23/04/2022 10:05:45|PrecVear --> 340
23/04/2022 10:05:45|montoArt --> 280,99173553719
23/04/2022 10:05:45|ivaArt --> 21
23/04/2022 10:05:45|hasarOCX.ImprimirItem --> OK
23/04/2022 10:05:45|Articulo --> saphirus aromatizante textil vainilla
23/04/2022 10:05:45|cantidadArt B --> 1
23/04/2022 10:05:45|PrecVear --> 230
23/04/2022 10:05:45|montoArt --> 190,082644628099
23/04/2022 10:05:45|ivaArt --> 21
23/04/2022 10:05:46|hasarOCX.ImprimirItem --> OK
23/04/2022 10:05:46|Cerrar Comprobante B:::
23/04/2022 10:05:49|Obtiene nrocomp
23/04/2022 10:05:49|nrocomp --> 21307
23/04/2022 10:05:49|Nro. de Comprobante ::: TFB ::: 21307
23/04/2022 10:05:49|Ety.TicketFiscal: 21307
23/04/2022 10:08:19|Comienza Facturacion B
23/04/2022 10:08:19|DatosCliente B
23/04/2022 10:08:22|AbrirComprobanteFiscal B
23/04/2022 10:08:22|Articulo --> querubin suav. x900 ml flores silv.
23/04/2022 10:08:22|cantidadArt B --> 3
23/04/2022 10:08:22|PrecVear --> 195
23/04/2022 10:08:22|montoArt --> 161,157024793388
23/04/2022 10:08:22|ivaArt --> 21
23/04/2022 10:08:22|hasarOCX.ImprimirItem --> OK
23/04/2022 10:08:22|Cerrar Comprobante B:::
23/04/2022 10:08:25|Obtiene nrocomp
23/04/2022 10:08:25|nrocomp --> 21308
23/04/2022 10:08:25|Nro. de Comprobante ::: TFB ::: 21308
23/04/2022 10:08:25|Ety.TicketFiscal: 21308
23/04/2022 10:16:19|Comienza Facturacion B
23/04/2022 10:16:19|DatosCliente B
23/04/2022 10:16:22|AbrirComprobanteFiscal B
23/04/2022 10:16:22|Articulo --> ala polvo x400 matic
23/04/2022 10:16:22|cantidadArt B --> 1
23/04/2022 10:16:22|PrecVear --> 130
23/04/2022 10:16:22|montoArt --> 107,438016528926
23/04/2022 10:16:22|ivaArt --> 21
23/04/2022 10:16:22|hasarOCX.ImprimirItem --> OK
23/04/2022 10:16:22|Articulo --> vivere suavx900 dp bouq.f.silv
23/04/2022 10:16:22|cantidadArt B --> 1
23/04/2022 10:16:22|PrecVear --> 159
23/04/2022 10:16:22|montoArt --> 131,404958677686
23/04/2022 10:16:22|ivaArt --> 21
23/04/2022 10:16:22|hasarOCX.ImprimirItem --> OK
23/04/2022 10:16:22|Articulo --> sussex rollo cocx3 clas
23/04/2022 10:16:22|cantidadArt B --> 1
23/04/2022 10:16:22|PrecVear --> 145
23/04/2022 10:16:22|montoArt --> 119,834710743802
23/04/2022 10:16:22|ivaArt --> 21
23/04/2022 10:16:23|hasarOCX.ImprimirItem --> OK
23/04/2022 10:16:23|Articulo --> energico trapo gris
23/04/2022 10:16:23|cantidadArt B --> 1
23/04/2022 10:16:23|PrecVear --> 90
23/04/2022 10:16:23|montoArt --> 74,3801652892562
23/04/2022 10:16:23|ivaArt --> 21
23/04/2022 10:16:23|hasarOCX.ImprimirItem --> OK
23/04/2022 10:16:23|Articulo --> mary bosques keratina en crema
23/04/2022 10:16:23|cantidadArt B --> 1
23/04/2022 10:16:23|PrecVear --> 70
23/04/2022 10:16:23|montoArt --> 57,8512396694215
23/04/2022 10:16:23|ivaArt --> 21
23/04/2022 10:16:23|hasarOCX.ImprimirItem --> OK
23/04/2022 10:16:23|Articulo --> mary bosques argan
23/04/2022 10:16:23|cantidadArt B --> 1
23/04/2022 10:16:23|PrecVear --> 85
23/04/2022 10:16:23|montoArt --> 70,2479338842975
23/04/2022 10:16:23|ivaArt --> 21
23/04/2022 10:16:24|hasarOCX.ImprimirItem --> OK
23/04/2022 10:16:24|Articulo --> dove baby jab liq h sens rep12x180ml exp
23/04/2022 10:16:24|cantidadArt B --> 1
23/04/2022 10:16:24|PrecVear --> 330
23/04/2022 10:16:24|montoArt --> 272,727272727273
23/04/2022 10:16:24|ivaArt --> 21
23/04/2022 10:16:24|hasarOCX.ImprimirItem --> OK
23/04/2022 10:16:24|Cerrar Comprobante B:::
23/04/2022 10:16:27|Obtiene nrocomp
23/04/2022 10:16:27|nrocomp --> 21309
23/04/2022 10:16:27|Nro. de Comprobante ::: TFB ::: 21309
23/04/2022 10:16:27|Ety.TicketFiscal: 21309
23/04/2022 10:17:23|cerrando pantalla venta
23/04/2022 10:17:40|Conectando..
23/04/2022 10:17:40|IP: 127.0.0.1 - Puerto: 6500
23/04/2022 10:17:40|Conectado con éxito!!
23/04/2022 10:18:06|cerrando pantalla venta
23/04/2022 10:18:09|Conectando..
23/04/2022 10:18:09|IP: 127.0.0.1 - Puerto: 6500
23/04/2022 10:18:10|Conectado con éxito!!
23/04/2022 10:18:40|Comienza Facturacion B
23/04/2022 10:18:40|DatosCliente B
23/04/2022 10:18:42|AbrirComprobanteFiscal B
23/04/2022 10:18:42|Articulo --> jessamy cepillo neumatico 9123
23/04/2022 10:18:42|cantidadArt B --> 1
23/04/2022 10:18:42|PrecVear --> 780
23/04/2022 10:18:42|montoArt --> 644,628099173554
23/04/2022 10:18:42|ivaArt --> 21
23/04/2022 10:18:43|hasarOCX.ImprimirItem --> OK
23/04/2022 10:18:43|Cerrar Comprobante B:::
23/04/2022 10:18:46|Obtiene nrocomp
23/04/2022 10:18:46|nrocomp --> 21310
23/04/2022 10:18:46|Nro. de Comprobante ::: TFB ::: 21310
23/04/2022 10:18:46|Ety.TicketFiscal: 21310
23/04/2022 10:22:55|Comienza Facturacion B
23/04/2022 10:22:56|DatosCliente B
23/04/2022 10:22:58|AbrirComprobanteFiscal B
23/04/2022 10:22:58|Articulo --> elvive oleo extraordinario x100ml
23/04/2022 10:22:58|cantidadArt B --> 1
23/04/2022 10:22:58|PrecVear --> 1060
23/04/2022 10:22:58|montoArt --> 876,03305785124
23/04/2022 10:22:58|ivaArt --> 21
23/04/2022 10:22:59|hasarOCX.ImprimirItem --> OK
23/04/2022 10:22:59|Cerrar Comprobante B:::
23/04/2022 10:23:02|Obtiene nrocomp
23/04/2022 10:23:02|nrocomp --> 21311
23/04/2022 10:23:02|Nro. de Comprobante ::: TFB ::: 21311
23/04/2022 10:23:02|Ety.TicketFiscal: 21311
23/04/2022 10:23:52|Comienza Facturacion B
23/04/2022 10:23:52|DatosCliente B
23/04/2022 10:23:55|AbrirComprobanteFiscal B
23/04/2022 10:23:55|Articulo --> huggies supreme care p50
23/04/2022 10:23:55|cantidadArt B --> 1
23/04/2022 10:23:55|PrecVear --> 1330
23/04/2022 10:23:55|montoArt --> 1099,17355371901
23/04/2022 10:23:55|ivaArt --> 21
23/04/2022 10:23:55|hasarOCX.ImprimirItem --> OK
23/04/2022 10:23:55|Cerrar Comprobante B:::
23/04/2022 10:23:58|Obtiene nrocomp
23/04/2022 10:23:58|nrocomp --> 21312
23/04/2022 10:23:58|Nro. de Comprobante ::: TFB ::: 21312
23/04/2022 10:23:58|Ety.TicketFiscal: 21312
23/04/2022 10:25:19|Comienza Facturacion B
23/04/2022 10:25:20|DatosCliente B
23/04/2022 10:25:22|AbrirComprobanteFiscal B
23/04/2022 10:25:22|Articulo --> alta moda sh y ac
23/04/2022 10:25:22|cantidadArt B --> 2
23/04/2022 10:25:22|PrecVear --> 350
23/04/2022 10:25:22|montoArt --> 289,256198347107
23/04/2022 10:25:22|ivaArt --> 21
23/04/2022 10:25:23|hasarOCX.ImprimirItem --> OK
23/04/2022 10:25:23|Articulo --> nutrisse reno 61 centeno -67402
23/04/2022 10:25:23|cantidadArt B --> 1
23/04/2022 10:25:23|PrecVear --> 840
23/04/2022 10:25:23|montoArt --> 694,214876033058
23/04/2022 10:25:23|ivaArt --> 21
23/04/2022 10:25:23|hasarOCX.ImprimirItem --> OK
23/04/2022 10:25:23|Cerrar Comprobante B:::
23/04/2022 10:25:26|Obtiene nrocomp
23/04/2022 10:25:26|nrocomp --> 21313
23/04/2022 10:25:26|Nro. de Comprobante ::: TFB ::: 21313
23/04/2022 10:25:26|Ety.TicketFiscal: 21313
23/04/2022 10:29:15|Comienza Facturacion B
23/04/2022 10:29:15|DatosCliente B
23/04/2022 10:29:18|AbrirComprobanteFiscal B
23/04/2022 10:29:18|Articulo --> jyj colonia frescas caricias x 100 ml (verde)
23/04/2022 10:29:18|cantidadArt B --> 1
23/04/2022 10:29:18|PrecVear --> 570
23/04/2022 10:29:18|montoArt --> 471,074380165289
23/04/2022 10:29:18|ivaArt --> 21
23/04/2022 10:29:18|hasarOCX.ImprimirItem --> OK
23/04/2022 10:29:18|Articulo --> saphirus aromatizantes de ambiente (aerosol) palo santo
23/04/2022 10:29:18|cantidadArt B --> 1
23/04/2022 10:29:18|PrecVear --> 340
23/04/2022 10:29:18|montoArt --> 280,99173553719
23/04/2022 10:29:18|ivaArt --> 21
23/04/2022 10:29:19|hasarOCX.ImprimirItem --> OK
23/04/2022 10:29:19|Articulo --> huggies toallitas amarillas x80
23/04/2022 10:29:19|cantidadArt B --> 1
23/04/2022 10:29:19|PrecVear --> 350
23/04/2022 10:29:19|montoArt --> 289,256198347107
23/04/2022 10:29:19|ivaArt --> 21
23/04/2022 10:29:19|hasarOCX.ImprimirItem --> OK
23/04/2022 10:29:19|Articulo --> mary bosques espuma estructurante de lino
23/04/2022 10:29:19|cantidadArt B --> 1
23/04/2022 10:29:19|PrecVear --> 80
23/04/2022 10:29:19|montoArt --> 66,1157024793389
23/04/2022 10:29:19|ivaArt --> 21
23/04/2022 10:29:19|hasarOCX.ImprimirItem --> OK
23/04/2022 10:29:19|Cerrar Comprobante B:::
23/04/2022 10:29:22|Obtiene nrocomp
23/04/2022 10:29:22|nrocomp --> 21314
23/04/2022 10:29:22|Nro. de Comprobante ::: TFB ::: 21314
23/04/2022 10:29:22|Ety.TicketFiscal: 21314
23/04/2022 10:41:42|Comienza Facturacion B
23/04/2022 10:41:42|DatosCliente B
23/04/2022 10:41:44|AbrirComprobanteFiscal B
23/04/2022 10:41:44|Articulo --> dove aero original azul
23/04/2022 10:41:44|cantidadArt B --> 1
23/04/2022 10:41:44|PrecVear --> 250
23/04/2022 10:41:44|montoArt --> 206,611570247934
23/04/2022 10:41:44|ivaArt --> 21
23/04/2022 10:41:45|hasarOCX.ImprimirItem --> OK
23/04/2022 10:41:45|Articulo --> varios
23/04/2022 10:41:45|cantidadArt B --> 1
23/04/2022 10:41:45|PrecVear --> 330
23/04/2022 10:41:45|montoArt --> 272,727272727273
23/04/2022 10:41:45|ivaArt --> 21
23/04/2022 10:41:45|hasarOCX.ImprimirItem --> OK
23/04/2022 10:41:45|Articulo --> mary bosques keratina express
23/04/2022 10:41:45|cantidadArt B --> 2
23/04/2022 10:41:45|PrecVear --> 80
23/04/2022 10:41:45|montoArt --> 66,1157024793389
23/04/2022 10:41:45|ivaArt --> 21
23/04/2022 10:41:45|hasarOCX.ImprimirItem --> OK
23/04/2022 10:41:45|Articulo --> poett pastilla con red lavanda-648
23/04/2022 10:41:45|cantidadArt B --> 1
23/04/2022 10:41:45|PrecVear --> 120
23/04/2022 10:41:45|montoArt --> 99,1735537190083
23/04/2022 10:41:45|ivaArt --> 21
23/04/2022 10:41:46|hasarOCX.ImprimirItem --> OK
23/04/2022 10:41:46|Articulo --> la porteña escobillon gauchito
23/04/2022 10:41:46|cantidadArt B --> 1
23/04/2022 10:41:46|PrecVear --> 210
23/04/2022 10:41:46|montoArt --> 173,553719008264
23/04/2022 10:41:46|ivaArt --> 21
23/04/2022 10:41:46|hasarOCX.ImprimirItem --> OK
23/04/2022 10:41:46|Articulo --> estrella alcohol al 70% x500ml
23/04/2022 10:41:46|cantidadArt B --> 1
23/04/2022 10:41:46|PrecVear --> 120
23/04/2022 10:41:46|montoArt --> 99,1735537190083
23/04/2022 10:41:46|ivaArt --> 21
23/04/2022 10:41:46|hasarOCX.ImprimirItem --> OK
23/04/2022 10:41:46|Articulo --> el coloso guantes max t8 med
23/04/2022 10:41:46|cantidadArt B --> 1
23/04/2022 10:41:46|PrecVear --> 220
23/04/2022 10:41:46|montoArt --> 181,818181818182
23/04/2022 10:41:46|ivaArt --> 21
23/04/2022 10:41:47|hasarOCX.ImprimirItem --> OK
23/04/2022 10:41:47|Articulo --> bolsas residuos 50*70
23/04/2022 10:41:47|cantidadArt B --> 2
23/04/2022 10:41:47|PrecVear --> 120
23/04/2022 10:41:47|montoArt --> 99,1735537190083
23/04/2022 10:41:47|ivaArt --> 21
23/04/2022 10:41:47|hasarOCX.ImprimirItem --> OK
23/04/2022 10:41:47|Articulo --> bolsas de residuos 45*60
23/04/2022 10:41:47|cantidadArt B --> 2
23/04/2022 10:41:47|PrecVear --> 90
23/04/2022 10:41:47|montoArt --> 74,3801652892562
23/04/2022 10:41:47|ivaArt --> 21
23/04/2022 10:41:47|hasarOCX.ImprimirItem --> OK
23/04/2022 10:41:47|Cerrar Comprobante B:::
23/04/2022 10:41:50|Obtiene nrocomp
23/04/2022 10:41:51|nrocomp --> 21315
23/04/2022 10:41:51|Nro. de Comprobante ::: TFB ::: 21315
23/04/2022 10:41:51|Ety.TicketFiscal: 21315
23/04/2022 10:54:47|Comienza Facturacion B
23/04/2022 10:54:47|DatosCliente B
23/04/2022 10:54:48|Comienza Facturacion B
23/04/2022 10:54:48|Error iniciando Factura B --> Anidamiento inválido de comandos
23/04/2022 10:54:49|Error Cerrando documento B --> Anidamiento inválido de comandos
23/04/2022 10:54:49|Conectando..
23/04/2022 10:54:49|IP: 127.0.0.1 - Puerto: 6500
23/04/2022 10:54:50|Conectado con éxito!!
23/04/2022 10:54:50|Error Imprimiendo Factura B --> Operación no válida para el estado fiscal actual (Imposible ejecutar el comando en el estado VendiendoItems)
23/04/2022 10:54:52|Ety.TicketFiscal: -1
23/04/2022 10:54:57|Comienza Facturacion B
23/04/2022 10:54:57|Error iniciando Factura B --> Operación no válida para el estado fiscal actual (Imposible ejecutar el comando en el estado VendiendoItems)
23/04/2022 10:54:59|Error Cerrando documento B --> Operación no válida para el estado fiscal actual (Imposible ejecutar el comando en el estado EnJornadaFiscal)
23/04/2022 10:54:59|Conectando..
23/04/2022 10:54:59|IP: 127.0.0.1 - Puerto: 6500
23/04/2022 10:55:00|Conectado con éxito!!
23/04/2022 10:55:00|DatosCliente B
23/04/2022 10:55:03|AbrirComprobanteFiscal B
23/04/2022 10:55:03|Articulo --> huggies supreme care gx60
23/04/2022 10:55:03|cantidadArt B --> 1
23/04/2022 10:55:03|PrecVear --> 1890
23/04/2022 10:55:03|montoArt --> 1561,98347107438
23/04/2022 10:55:03|ivaArt --> 21
23/04/2022 10:55:03|hasarOCX.ImprimirItem --> OK
23/04/2022 10:55:03|Cerrar Comprobante B:::
23/04/2022 10:55:06|Obtiene nrocomp
23/04/2022 10:55:07|nrocomp --> 21317
23/04/2022 10:55:07|Nro. de Comprobante ::: TFB ::: 21317
23/04/2022 10:55:07|Ety.TicketFiscal: 21317
23/04/2022 10:57:41|Comienza Facturacion B
23/04/2022 10:57:41|DatosCliente B
23/04/2022 10:57:44|AbrirComprobanteFiscal B
23/04/2022 10:57:44|Articulo --> huggies plexi comfort px50
23/04/2022 10:57:44|cantidadArt B --> 1
23/04/2022 10:57:44|PrecVear --> 1100
23/04/2022 10:57:44|montoArt --> 909,090909090909
23/04/2022 10:57:44|ivaArt --> 21
23/04/2022 10:57:44|hasarOCX.ImprimirItem --> OK
23/04/2022 10:57:44|Articulo --> estrella algodon clasico x500 g
23/04/2022 10:57:44|cantidadArt B --> 2
23/04/2022 10:57:44|PrecVear --> 530
23/04/2022 10:57:44|montoArt --> 438,01652892562
23/04/2022 10:57:44|ivaArt --> 21
23/04/2022 10:57:44|hasarOCX.ImprimirItem --> OK
23/04/2022 10:57:44|Articulo --> siempre libre tanga suave
23/04/2022 10:57:44|cantidadArt B --> 1
23/04/2022 10:57:44|PrecVear --> 195
23/04/2022 10:57:44|montoArt --> 161,157024793388
23/04/2022 10:57:44|ivaArt --> 21
23/04/2022 10:57:45|hasarOCX.ImprimirItem --> OK
23/04/2022 10:57:45|Articulo --> jdove baby jab h sensible x75g
23/04/2022 10:57:45|cantidadArt B --> 1
23/04/2022 10:57:45|PrecVear --> 140
23/04/2022 10:57:45|montoArt --> 115,702479338843
23/04/2022 10:57:45|ivaArt --> 21
23/04/2022 10:57:45|hasarOCX.ImprimirItem --> OK
23/04/2022 10:57:45|Articulo --> estrella baby oleo sin frag/ 500ml (naranja)
23/04/2022 10:57:45|cantidadArt B --> 1
23/04/2022 10:57:45|PrecVear --> 530
23/04/2022 10:57:45|montoArt --> 438,01652892562
23/04/2022 10:57:45|ivaArt --> 21
23/04/2022 10:57:45|hasarOCX.ImprimirItem --> OK
23/04/2022 10:57:45|Articulo --> estrella alcohol al 70% x500ml
23/04/2022 10:57:45|cantidadArt B --> 1
23/04/2022 10:57:45|PrecVear --> 120
23/04/2022 10:57:45|montoArt --> 99,1735537190083
23/04/2022 10:57:45|ivaArt --> 21
23/04/2022 10:57:46|hasarOCX.ImprimirItem --> OK
23/04/2022 10:57:46|Articulo --> saphirus difusores de ambiente bamboo
23/04/2022 10:57:46|cantidadArt B --> 2
23/04/2022 10:57:46|PrecVear --> 320
23/04/2022 10:57:46|montoArt --> 264,462809917355
23/04/2022 10:57:46|ivaArt --> 21
23/04/2022 10:57:46|hasarOCX.ImprimirItem --> OK
23/04/2022 10:57:46|Cerrar Comprobante B:::
23/04/2022 10:57:49|Obtiene nrocomp
23/04/2022 10:57:50|nrocomp --> 21318
23/04/2022 10:57:50|Nro. de Comprobante ::: TFB ::: 21318
23/04/2022 10:57:50|Ety.TicketFiscal: 21318
23/04/2022 11:03:31|Comienza Facturacion B
23/04/2022 11:03:32|DatosCliente B
23/04/2022 11:03:34|AbrirComprobanteFiscal B
23/04/2022 11:03:34|Articulo --> boos woman forever x100ml
23/04/2022 11:03:34|cantidadArt B --> 1
23/04/2022 11:03:34|PrecVear --> 2990
23/04/2022 11:03:34|montoArt --> 2471,07438016529
23/04/2022 11:03:34|ivaArt --> 21
23/04/2022 11:03:34|hasarOCX.ImprimirItem --> OK
23/04/2022 11:03:34|Articulo --> felpita para tu flia x4
23/04/2022 11:03:34|cantidadArt B --> 1
23/04/2022 11:03:34|PrecVear --> 150
23/04/2022 11:03:34|montoArt --> 123,96694214876
23/04/2022 11:03:34|ivaArt --> 21
23/04/2022 11:03:35|hasarOCX.ImprimirItem --> OK
23/04/2022 11:03:35|Articulo --> rejilla pabilo la porteña 38x40
23/04/2022 11:03:35|cantidadArt B --> 1
23/04/2022 11:03:35|PrecVear --> 60
23/04/2022 11:03:35|montoArt --> 49,5867768595041
23/04/2022 11:03:35|ivaArt --> 21
23/04/2022 11:03:35|hasarOCX.ImprimirItem --> OK
23/04/2022 11:03:35|Articulo --> poett desinfectante lavanda
23/04/2022 11:03:35|cantidadArt B --> 1
23/04/2022 11:03:35|PrecVear --> 110
23/04/2022 11:03:35|montoArt --> 90,9090909090909
23/04/2022 11:03:35|ivaArt --> 21
23/04/2022 11:03:36|hasarOCX.ImprimirItem --> OK
23/04/2022 11:03:36|Articulo --> saphirus aromatizante textil bella
23/04/2022 11:03:36|cantidadArt B --> 1
23/04/2022 11:03:36|PrecVear --> 230
23/04/2022 11:03:36|montoArt --> 190,082644628099
23/04/2022 11:03:36|ivaArt --> 21
23/04/2022 11:03:36|hasarOCX.ImprimirItem --> OK
23/04/2022 11:03:36|Cerrar Comprobante B:::
23/04/2022 11:03:39|Obtiene nrocomp
23/04/2022 11:03:39|nrocomp --> 21319
23/04/2022 11:03:39|Nro. de Comprobante ::: TFB ::: 21319
23/04/2022 11:03:39|Ety.TicketFiscal: 21319
23/04/2022 11:14:03|Comienza Facturacion B
23/04/2022 11:14:03|DatosCliente B
23/04/2022 11:14:07|AbrirComprobanteFiscal B
23/04/2022 11:14:07|Articulo --> varios
23/04/2022 11:14:07|cantidadArt B --> 1
23/04/2022 11:14:07|PrecVear --> 3610
23/04/2022 11:14:07|montoArt --> 2983,47107438017
23/04/2022 11:14:07|ivaArt --> 21
23/04/2022 11:14:08|hasarOCX.ImprimirItem --> OK
23/04/2022 11:14:08|Cerrar Comprobante B:::
23/04/2022 11:14:11|Obtiene nrocomp
23/04/2022 11:14:11|nrocomp --> 21320
23/04/2022 11:14:11|Nro. de Comprobante ::: TFB ::: 21320
23/04/2022 11:14:11|Ety.TicketFiscal: 21320
23/04/2022 11:15:02|cerrando pantalla venta
23/04/2022 11:15:07|Comienza Facturacion B
23/04/2022 11:15:07|Error iniciando Factura B --> Referencia a objeto no establecida como instancia de un objeto.
23/04/2022 11:15:07|Error Cerrando documento B --> Referencia a objeto no establecida como instancia de un objeto.
23/04/2022 11:15:07|Conectando..
23/04/2022 11:15:07|IP: 127.0.0.1 - Puerto: 6500
23/04/2022 11:15:08|Conectado con éxito!!
23/04/2022 11:15:09|DatosCliente B
23/04/2022 11:15:11|AbrirComprobanteFiscal B
23/04/2022 11:15:11|Articulo --> majicrem cr oxidante de20 vol
23/04/2022 11:15:11|cantidadArt B --> 1
23/04/2022 11:15:11|PrecVear --> 80
23/04/2022 11:15:11|montoArt --> 66,1157024793389
23/04/2022 11:15:11|ivaArt --> 21
23/04/2022 11:15:12|hasarOCX.ImprimirItem --> OK
23/04/2022 11:15:12|Articulo --> issue prof 5.6
23/04/2022 11:15:12|cantidadArt B --> 1
23/04/2022 11:15:12|PrecVear --> 350
23/04/2022 11:15:12|montoArt --> 289,256198347107
23/04/2022 11:15:12|ivaArt --> 21
23/04/2022 11:15:12|hasarOCX.ImprimirItem --> OK
23/04/2022 11:15:12|Articulo --> colgate cepillo  slim soft black x2
23/04/2022 11:15:12|cantidadArt B --> 1
23/04/2022 11:15:12|PrecVear --> 570
23/04/2022 11:15:12|montoArt --> 471,074380165289
23/04/2022 11:15:12|ivaArt --> 21
23/04/2022 11:15:12|hasarOCX.ImprimirItem --> OK
23/04/2022 11:15:12|Articulo --> colgate natural extracts x70g
23/04/2022 11:15:12|cantidadArt B --> 1
23/04/2022 11:15:12|PrecVear --> 290
23/04/2022 11:15:12|montoArt --> 239,669421487603
23/04/2022 11:15:12|ivaArt --> 21
23/04/2022 11:15:13|hasarOCX.ImprimirItem --> OK
23/04/2022 11:15:13|Articulo --> hinds cr.corp. almendras x250 ml
23/04/2022 11:15:13|cantidadArt B --> 1
23/04/2022 11:15:13|PrecVear --> 400
23/04/2022 11:15:13|montoArt --> 330,578512396694
23/04/2022 11:15:13|ivaArt --> 21
23/04/2022 11:15:13|hasarOCX.ImprimirItem --> OK
23/04/2022 11:15:13|Articulo --> goodmax rosa x1 maquina de afeitar x5 filos
23/04/2022 11:15:13|cantidadArt B --> 2
23/04/2022 11:15:13|PrecVear --> 98
23/04/2022 11:15:13|montoArt --> 80,9917355371901
23/04/2022 11:15:13|ivaArt --> 21
23/04/2022 11:15:13|hasarOCX.ImprimirItem --> OK
23/04/2022 11:15:13|Articulo --> suave ch y ac
23/04/2022 11:15:13|cantidadArt B --> 2
23/04/2022 11:15:13|PrecVear --> 211
23/04/2022 11:15:13|montoArt --> 174,380165289256
23/04/2022 11:15:13|ivaArt --> 21
23/04/2022 11:15:14|hasarOCX.ImprimirItem --> OK
23/04/2022 11:15:14|Cerrar Comprobante B:::
23/04/2022 11:15:17|Obtiene nrocomp
23/04/2022 11:15:17|nrocomp --> 21321
23/04/2022 11:15:17|Nro. de Comprobante ::: TFB ::: 21321
23/04/2022 11:15:17|Ety.TicketFiscal: 21321
23/04/2022 11:15:25|cerrando pantalla venta
23/04/2022 11:15:26|cerrando pantalla venta
23/04/2022 11:15:27|cerrando pantalla venta
23/04/2022 11:15:31|cerrando pantalla venta
23/04/2022 11:15:40|cerrando pantalla venta
23/04/2022 11:16:39|Error Diagnostico..Referencia a objeto no establecida como instancia de un objeto.
23/04/2022 11:16:44|Comienza Facturacion B
23/04/2022 11:16:44|Error iniciando Factura B --> Referencia a objeto no establecida como instancia de un objeto.
23/04/2022 11:16:44|Error Cerrando documento B --> Referencia a objeto no establecida como instancia de un objeto.
23/04/2022 11:16:44|Conectando..
23/04/2022 11:16:44|IP: 127.0.0.1 - Puerto: 6500
23/04/2022 11:16:45|Conectado con éxito!!
23/04/2022 11:16:45|DatosCliente B
23/04/2022 11:16:48|AbrirComprobanteFiscal B
23/04/2022 11:16:48|Articulo --> varios
23/04/2022 11:16:48|cantidadArt B --> 1
23/04/2022 11:16:48|PrecVear --> 3290
23/04/2022 11:16:48|montoArt --> 2719,00826446281
23/04/2022 11:16:48|ivaArt --> 21
23/04/2022 11:16:48|hasarOCX.ImprimirItem --> OK
23/04/2022 11:16:48|Cerrar Comprobante B:::
23/04/2022 11:16:51|Obtiene nrocomp
23/04/2022 11:16:52|nrocomp --> 21322
23/04/2022 11:16:52|Nro. de Comprobante ::: TFB ::: 21322
23/04/2022 11:16:52|Ety.TicketFiscal: 21322
23/04/2022 11:19:37|Comienza Facturacion B
23/04/2022 11:19:37|DatosCliente B
23/04/2022 11:19:39|AbrirComprobanteFiscal B
23/04/2022 11:19:39|Articulo --> el coloso acond.pisosx500
23/04/2022 11:19:39|cantidadArt B --> 1
23/04/2022 11:19:39|PrecVear --> 60
23/04/2022 11:19:39|montoArt --> 49,5867768595041
23/04/2022 11:19:39|ivaArt --> 21
23/04/2022 11:19:40|hasarOCX.ImprimirItem --> OK
23/04/2022 11:19:40|Articulo --> mary bosques rubios totales
23/04/2022 11:19:40|cantidadArt B --> 2
23/04/2022 11:19:40|PrecVear --> 100
23/04/2022 11:19:40|montoArt --> 82,6446280991736
23/04/2022 11:19:40|ivaArt --> 21
23/04/2022 11:19:40|hasarOCX.ImprimirItem --> OK
23/04/2022 11:19:40|Articulo --> el coloso guantes max t8 med
23/04/2022 11:19:40|cantidadArt B --> 1
23/04/2022 11:19:40|PrecVear --> 220
23/04/2022 11:19:40|montoArt --> 181,818181818182
23/04/2022 11:19:40|ivaArt --> 21
23/04/2022 11:19:41|hasarOCX.ImprimirItem --> OK
23/04/2022 11:19:41|Articulo --> elvive shx200 rt5 extreme
23/04/2022 11:19:41|cantidadArt B --> 1
23/04/2022 11:19:41|PrecVear --> 330
23/04/2022 11:19:41|montoArt --> 272,727272727273
23/04/2022 11:19:41|ivaArt --> 21
23/04/2022 11:19:41|hasarOCX.ImprimirItem --> OK
23/04/2022 11:19:41|Articulo --> dove dp ac recon completa x180ml
23/04/2022 11:19:41|cantidadArt B --> 1
23/04/2022 11:19:41|PrecVear --> 180
23/04/2022 11:19:41|montoArt --> 148,760330578512
23/04/2022 11:19:41|ivaArt --> 21
23/04/2022 11:19:41|hasarOCX.ImprimirItem --> OK
23/04/2022 11:19:41|Articulo --> dove chx400 cuidado delicado
23/04/2022 11:19:41|cantidadArt B --> 1
23/04/2022 11:19:41|PrecVear --> 495
23/04/2022 11:19:41|montoArt --> 409,090909090909
23/04/2022 11:19:41|ivaArt --> 21
23/04/2022 11:19:42|hasarOCX.ImprimirItem --> OK
23/04/2022 11:19:42|Cerrar Comprobante B:::
23/04/2022 11:19:45|Obtiene nrocomp
23/04/2022 11:19:45|nrocomp --> 21323
23/04/2022 11:19:45|Nro. de Comprobante ::: TFB ::: 21323
23/04/2022 11:19:45|Ety.TicketFiscal: 21323
23/04/2022 11:32:24|Comienza Facturacion B
23/04/2022 11:32:25|DatosCliente B
23/04/2022 11:32:27|AbrirComprobanteFiscal B
23/04/2022 11:32:27|Articulo --> mary bosques 60 segundos
23/04/2022 11:32:27|cantidadArt B --> 5
23/04/2022 11:32:27|PrecVear --> 85
23/04/2022 11:32:27|montoArt --> 70,2479338842975
23/04/2022 11:32:27|ivaArt --> 21
23/04/2022 11:32:28|hasarOCX.ImprimirItem --> OK
23/04/2022 11:32:28|Articulo --> varios
23/04/2022 11:32:28|cantidadArt B --> 3
23/04/2022 11:32:28|PrecVear --> 75
23/04/2022 11:32:28|montoArt --> 61,9834710743802
23/04/2022 11:32:28|ivaArt --> 21
23/04/2022 11:32:28|hasarOCX.ImprimirItem --> OK
23/04/2022 11:32:28|Articulo --> estrella pañal xxg x56
23/04/2022 11:32:28|cantidadArt B --> 1
23/04/2022 11:32:28|PrecVear --> 1850
23/04/2022 11:32:28|montoArt --> 1528,92561983471
23/04/2022 11:32:28|ivaArt --> 21
23/04/2022 11:32:28|hasarOCX.ImprimirItem --> OK
23/04/2022 11:32:28|Articulo --> el coloso rollo cocx3 x 40paños
23/04/2022 11:32:28|cantidadArt B --> 1
23/04/2022 11:32:28|PrecVear --> 110
23/04/2022 11:32:28|montoArt --> 90,9090909090909
23/04/2022 11:32:28|ivaArt --> 21
23/04/2022 11:32:29|hasarOCX.ImprimirItem --> OK
23/04/2022 11:32:29|Articulo --> estrella algodon  clasicox75
23/04/2022 11:32:29|cantidadArt B --> 1
23/04/2022 11:32:29|PrecVear --> 105
23/04/2022 11:32:29|montoArt --> 86,7768595041322
23/04/2022 11:32:29|ivaArt --> 21
23/04/2022 11:32:29|hasarOCX.ImprimirItem --> OK
23/04/2022 11:32:29|Cerrar Comprobante B:::
23/04/2022 11:32:32|Obtiene nrocomp
23/04/2022 11:32:32|nrocomp --> 21324
23/04/2022 11:32:32|Nro. de Comprobante ::: TFB ::: 21324
23/04/2022 11:32:32|Ety.TicketFiscal: 21324
23/04/2022 11:33:05|Comienza Facturacion B
23/04/2022 11:33:06|DatosCliente B
23/04/2022 11:33:08|AbrirComprobanteFiscal B
23/04/2022 11:33:08|Articulo --> varios
23/04/2022 11:33:08|cantidadArt B --> 1
23/04/2022 11:33:08|PrecVear --> 1130
23/04/2022 11:33:08|montoArt --> 933,884297520661
23/04/2022 11:33:08|ivaArt --> 21
23/04/2022 11:33:08|hasarOCX.ImprimirItem --> OK
23/04/2022 11:33:08|Cerrar Comprobante B:::
23/04/2022 11:33:12|Obtiene nrocomp
23/04/2022 11:33:12|nrocomp --> 21325
23/04/2022 11:33:12|Nro. de Comprobante ::: TFB ::: 21325
23/04/2022 11:33:12|Ety.TicketFiscal: 21325
23/04/2022 11:38:03|cerrando pantalla venta
23/04/2022 11:38:04|cerrando pantalla venta
23/04/2022 11:38:04|cerrando pantalla venta
23/04/2022 11:38:05|cerrando pantalla venta
23/04/2022 11:38:05|cerrando pantalla venta
23/04/2022 11:38:23|Conectando..
23/04/2022 11:38:23|IP: 127.0.0.1 - Puerto: 6500
23/04/2022 11:38:23|Conectado con éxito!!
23/04/2022 11:38:31|Comienza Facturacion B
23/04/2022 11:38:31|DatosCliente B
23/04/2022 11:38:34|AbrirComprobanteFiscal B
23/04/2022 11:38:34|Articulo --> colgate herbal x140g
23/04/2022 11:38:34|cantidadArt B --> 1
23/04/2022 11:38:34|PrecVear --> 300
23/04/2022 11:38:34|montoArt --> 247,933884297521
23/04/2022 11:38:34|ivaArt --> 21
23/04/2022 11:38:34|hasarOCX.ImprimirItem --> OK
23/04/2022 11:38:34|Articulo --> ala liquido 3 l dp
23/04/2022 11:38:34|cantidadArt B --> 1
23/04/2022 11:38:34|PrecVear --> 690
23/04/2022 11:38:34|montoArt --> 570,247933884297
23/04/2022 11:38:34|ivaArt --> 21
23/04/2022 11:38:34|hasarOCX.ImprimirItem --> OK
23/04/2022 11:38:34|Cerrar Comprobante B:::
23/04/2022 11:38:37|Obtiene nrocomp
23/04/2022 11:38:37|nrocomp --> 21326
23/04/2022 11:38:37|Nro. de Comprobante ::: TFB ::: 21326
23/04/2022 11:38:37|Ety.TicketFiscal: 21326
23/04/2022 11:43:37|Comienza Facturacion B
23/04/2022 11:43:37|DatosCliente B
23/04/2022 11:43:40|AbrirComprobanteFiscal B
23/04/2022 11:43:40|Articulo --> skip liqx3l d.pack
23/04/2022 11:43:40|cantidadArt B --> 1
23/04/2022 11:43:40|PrecVear --> 880
23/04/2022 11:43:40|montoArt --> 727,272727272727
23/04/2022 11:43:40|ivaArt --> 21
23/04/2022 11:43:40|hasarOCX.ImprimirItem --> OK
23/04/2022 11:43:40|Articulo --> espadol toallitas x10uni
23/04/2022 11:43:40|cantidadArt B --> 1
23/04/2022 11:43:40|PrecVear --> 180
23/04/2022 11:43:40|montoArt --> 148,760330578512
23/04/2022 11:43:40|ivaArt --> 21
23/04/2022 11:43:40|hasarOCX.ImprimirItem --> OK
23/04/2022 11:43:40|Articulo --> huggies protect plus xxg x50
23/04/2022 11:43:40|cantidadArt B --> 1
23/04/2022 11:43:40|PrecVear --> 1600
23/04/2022 11:43:40|montoArt --> 1322,31404958678
23/04/2022 11:43:40|ivaArt --> 21
23/04/2022 11:43:41|hasarOCX.ImprimirItem --> OK
23/04/2022 11:43:41|Cerrar Comprobante B:::
23/04/2022 11:43:44|Obtiene nrocomp
23/04/2022 11:43:44|nrocomp --> 21327
23/04/2022 11:43:44|Nro. de Comprobante ::: TFB ::: 21327
23/04/2022 11:43:44|Ety.TicketFiscal: 21327
23/04/2022 11:46:31|Comienza Facturacion B
23/04/2022 11:46:31|DatosCliente B
23/04/2022 11:46:34|AbrirComprobanteFiscal B
23/04/2022 11:46:34|Articulo --> jdove baby jab h sensible x75g
23/04/2022 11:46:34|cantidadArt B --> 1
23/04/2022 11:46:34|PrecVear --> 140
23/04/2022 11:46:34|montoArt --> 115,702479338843
23/04/2022 11:46:34|ivaArt --> 21
23/04/2022 11:46:34|hasarOCX.ImprimirItem --> OK
23/04/2022 11:46:34|Articulo --> estrella baby oleo sin frag/ 500ml (naranja)
23/04/2022 11:46:34|cantidadArt B --> 1
23/04/2022 11:46:34|PrecVear --> 530
23/04/2022 11:46:34|montoArt --> 438,01652892562
23/04/2022 11:46:34|ivaArt --> 21
23/04/2022 11:46:35|hasarOCX.ImprimirItem --> OK
23/04/2022 11:46:35|Articulo --> saphirus difusores de ambiente   flores blancas
23/04/2022 11:46:35|cantidadArt B --> 1
23/04/2022 11:46:35|PrecVear --> 320
23/04/2022 11:46:35|montoArt --> 264,462809917355
23/04/2022 11:46:35|ivaArt --> 21
23/04/2022 11:46:35|hasarOCX.ImprimirItem --> OK
23/04/2022 11:46:35|Articulo --> huggies plexi comfort px50
23/04/2022 11:46:35|cantidadArt B --> 1
23/04/2022 11:46:35|PrecVear --> 1100
23/04/2022 11:46:35|montoArt --> 909,090909090909
23/04/2022 11:46:35|ivaArt --> 21
23/04/2022 11:46:35|hasarOCX.ImprimirItem --> OK
23/04/2022 11:46:35|Articulo --> doncella algodon x300g
23/04/2022 11:46:35|cantidadArt B --> 1
23/04/2022 11:46:35|PrecVear --> 320
23/04/2022 11:46:35|montoArt --> 264,462809917355
23/04/2022 11:46:35|ivaArt --> 21
23/04/2022 11:46:36|hasarOCX.ImprimirItem --> OK
23/04/2022 11:46:36|Cerrar Comprobante B:::
23/04/2022 11:46:39|Obtiene nrocomp
23/04/2022 11:46:39|nrocomp --> 21328
23/04/2022 11:46:39|Nro. de Comprobante ::: TFB ::: 21328
23/04/2022 11:46:39|Ety.TicketFiscal: 21328
23/04/2022 11:59:26|Comienza Facturacion B
23/04/2022 11:59:26|DatosCliente B
23/04/2022 11:59:28|AbrirComprobanteFiscal B
23/04/2022 11:59:28|Articulo --> estrella algodon baby precortado x100 g
23/04/2022 11:59:28|cantidadArt B --> 1
23/04/2022 11:59:28|PrecVear --> 150
23/04/2022 11:59:28|montoArt --> 123,96694214876
23/04/2022 11:59:28|ivaArt --> 21
23/04/2022 11:59:29|hasarOCX.ImprimirItem --> OK
23/04/2022 11:59:29|Articulo --> mary bosques 60 segundos
23/04/2022 11:59:29|cantidadArt B --> 1
23/04/2022 11:59:29|PrecVear --> 85
23/04/2022 11:59:29|montoArt --> 70,2479338842975
23/04/2022 11:59:29|ivaArt --> 21
23/04/2022 11:59:29|hasarOCX.ImprimirItem --> OK
23/04/2022 11:59:29|Articulo --> mary bosques keratina express
23/04/2022 11:59:29|cantidadArt B --> 1
23/04/2022 11:59:29|PrecVear --> 80
23/04/2022 11:59:29|montoArt --> 66,1157024793389
23/04/2022 11:59:29|ivaArt --> 21
23/04/2022 11:59:29|hasarOCX.ImprimirItem --> OK
23/04/2022 11:59:29|Articulo --> policrom crema oxigeada
23/04/2022 11:59:29|cantidadArt B --> 1
23/04/2022 11:59:29|PrecVear --> 70
23/04/2022 11:59:29|montoArt --> 57,8512396694215
23/04/2022 11:59:29|ivaArt --> 21
23/04/2022 11:59:30|hasarOCX.ImprimirItem --> OK
23/04/2022 11:59:30|Articulo --> policrom color.crema   7
23/04/2022 11:59:30|cantidadArt B --> 1
23/04/2022 11:59:30|PrecVear --> 340
23/04/2022 11:59:30|montoArt --> 280,99173553719
23/04/2022 11:59:30|ivaArt --> 21
23/04/2022 11:59:30|hasarOCX.ImprimirItem --> OK
23/04/2022 11:59:30|Cerrar Comprobante B:::
23/04/2022 11:59:33|Obtiene nrocomp
23/04/2022 11:59:33|nrocomp --> 21329
23/04/2022 11:59:33|Nro. de Comprobante ::: TFB ::: 21329
23/04/2022 11:59:33|Ety.TicketFiscal: 21329
23/04/2022 12:00:44|Comienza Facturacion B
23/04/2022 12:00:44|DatosCliente B
23/04/2022 12:00:47|AbrirComprobanteFiscal B
23/04/2022 12:00:47|Articulo --> varios
23/04/2022 12:00:47|cantidadArt B --> 1
23/04/2022 12:00:47|PrecVear --> 140
23/04/2022 12:00:47|montoArt --> 115,702479338843
23/04/2022 12:00:47|ivaArt --> 21
23/04/2022 12:00:47|hasarOCX.ImprimirItem --> OK
23/04/2022 12:00:47|Articulo --> el coloso guantes max talle7 chico
23/04/2022 12:00:47|cantidadArt B --> 1
23/04/2022 12:00:47|PrecVear --> 230
23/04/2022 12:00:47|montoArt --> 190,082644628099
23/04/2022 12:00:47|ivaArt --> 21
23/04/2022 12:00:48|hasarOCX.ImprimirItem --> OK
23/04/2022 12:00:48|Articulo --> 919 kit n°5.42 castaño cl choco
23/04/2022 12:00:48|cantidadArt B --> 1
23/04/2022 12:00:48|PrecVear --> 490
23/04/2022 12:00:48|montoArt --> 404,95867768595
23/04/2022 12:00:48|ivaArt --> 21
23/04/2022 12:00:48|hasarOCX.ImprimirItem --> OK
23/04/2022 12:00:48|Articulo --> ambar aromatizantes aero bebe
23/04/2022 12:00:48|cantidadArt B --> 1
23/04/2022 12:00:48|PrecVear --> 250
23/04/2022 12:00:48|montoArt --> 206,611570247934
23/04/2022 12:00:48|ivaArt --> 21
23/04/2022 12:00:48|hasarOCX.ImprimirItem --> OK
23/04/2022 12:00:48|Articulo --> off family aero
23/04/2022 12:00:48|cantidadArt B --> 1
23/04/2022 12:00:48|PrecVear --> 270
23/04/2022 12:00:48|montoArt --> 223,140495867769
23/04/2022 12:00:48|ivaArt --> 21
23/04/2022 12:00:49|hasarOCX.ImprimirItem --> OK
23/04/2022 12:00:49|Articulo --> ayudin canasta de inodoro
23/04/2022 12:00:49|cantidadArt B --> 1
23/04/2022 12:00:49|PrecVear --> 180
23/04/2022 12:00:49|montoArt --> 148,760330578512
23/04/2022 12:00:49|ivaArt --> 21
23/04/2022 12:00:49|hasarOCX.ImprimirItem --> OK
23/04/2022 12:00:49|Articulo --> blem aerox360 naranja
23/04/2022 12:00:49|cantidadArt B --> 1
23/04/2022 12:00:49|PrecVear --> 290
23/04/2022 12:00:49|montoArt --> 239,669421487603
23/04/2022 12:00:49|ivaArt --> 21
23/04/2022 12:00:49|hasarOCX.ImprimirItem --> OK
23/04/2022 12:00:49|Cerrar Comprobante B:::
23/04/2022 12:00:52|Obtiene nrocomp
23/04/2022 12:00:53|nrocomp --> 21330
23/04/2022 12:00:53|Nro. de Comprobante ::: TFB ::: 21330
23/04/2022 12:00:53|Ety.TicketFiscal: 21330
23/04/2022 12:02:52|cerrando pantalla venta
23/04/2022 12:03:03|Conectando..
23/04/2022 12:03:03|IP: 127.0.0.1 - Puerto: 6500
23/04/2022 12:03:03|Conectado con éxito!!
23/04/2022 12:03:34|cerrando pantalla venta
23/04/2022 12:03:39|Conectando..
23/04/2022 12:03:39|IP: 127.0.0.1 - Puerto: 6500
23/04/2022 12:03:40|Conectado con éxito!!
23/04/2022 12:07:24|Comienza Facturacion B
23/04/2022 12:07:25|DatosCliente B
23/04/2022 12:07:27|AbrirComprobanteFiscal B
23/04/2022 12:07:27|Articulo --> rexona aero apx90 hombre
23/04/2022 12:07:27|cantidadArt B --> 2
23/04/2022 12:07:27|PrecVear --> 260
23/04/2022 12:07:27|montoArt --> 214,876033057851
23/04/2022 12:07:27|ivaArt --> 21
23/04/2022 12:07:27|hasarOCX.ImprimirItem --> OK
23/04/2022 12:07:27|Articulo --> dove x200 ml sh o ac
23/04/2022 12:07:27|cantidadArt B --> 2
23/04/2022 12:07:27|PrecVear --> 290
23/04/2022 12:07:27|montoArt --> 239,669421487603
23/04/2022 12:07:27|ivaArt --> 21
23/04/2022 12:07:28|hasarOCX.ImprimirItem --> OK
23/04/2022 12:07:28|Articulo --> saphirus aromatizante textil lavanda
23/04/2022 12:07:28|cantidadArt B --> 1
23/04/2022 12:07:28|PrecVear --> 230
23/04/2022 12:07:28|montoArt --> 190,082644628099
23/04/2022 12:07:28|ivaArt --> 21
23/04/2022 12:07:28|hasarOCX.ImprimirItem --> OK
23/04/2022 12:07:28|Articulo --> party jabon antibacterial
23/04/2022 12:07:28|cantidadArt B --> 3
23/04/2022 12:07:28|PrecVear --> 65
23/04/2022 12:07:28|montoArt --> 53,7190082644628
23/04/2022 12:07:28|ivaArt --> 21
23/04/2022 12:07:29|hasarOCX.ImprimirItem --> OK
23/04/2022 12:07:29|Articulo --> vidol pvo fecula bolsax250-500
23/04/2022 12:07:29|cantidadArt B --> 1
23/04/2022 12:07:29|PrecVear --> 360
23/04/2022 12:07:29|montoArt --> 297,520661157025
23/04/2022 12:07:29|ivaArt --> 21
23/04/2022 12:07:29|hasarOCX.ImprimirItem --> OK
23/04/2022 12:07:29|Articulo --> estrella alcohol al 70% x500ml
23/04/2022 12:07:29|cantidadArt B --> 2
23/04/2022 12:07:29|PrecVear --> 120
23/04/2022 12:07:29|montoArt --> 99,1735537190083
23/04/2022 12:07:29|ivaArt --> 21
23/04/2022 12:07:29|hasarOCX.ImprimirItem --> OK
23/04/2022 12:07:29|Articulo --> nonisec recto xxg x20 c/gel
23/04/2022 12:07:29|cantidadArt B --> 2
23/04/2022 12:07:29|PrecVear --> 990
23/04/2022 12:07:29|montoArt --> 818,181818181818
23/04/2022 12:07:29|ivaArt --> 21
23/04/2022 12:07:30|hasarOCX.ImprimirItem --> OK
23/04/2022 12:07:30|Cerrar Comprobante B:::
23/04/2022 12:07:33|Obtiene nrocomp
23/04/2022 12:07:33|nrocomp --> 21331
23/04/2022 12:07:33|Nro. de Comprobante ::: TFB ::: 21331
23/04/2022 12:07:33|Ety.TicketFiscal: 21331
23/04/2022 12:13:56|Comienza Facturacion B
23/04/2022 12:13:56|DatosCliente B
23/04/2022 12:13:59|AbrirComprobanteFiscal B
23/04/2022 12:13:59|Articulo --> doncella algodon x500g
23/04/2022 12:13:59|cantidadArt B --> 1
23/04/2022 12:13:59|PrecVear --> 495
23/04/2022 12:13:59|montoArt --> 409,090909090909
23/04/2022 12:13:59|ivaArt --> 21
23/04/2022 12:13:59|hasarOCX.ImprimirItem --> OK
23/04/2022 12:13:59|Articulo --> sedal acondx300ml d.pack ceramidas
23/04/2022 12:13:59|cantidadArt B --> 1
23/04/2022 12:13:59|PrecVear --> 195
23/04/2022 12:13:59|montoArt --> 161,157024793388
23/04/2022 12:13:59|ivaArt --> 21
23/04/2022 12:14:00|hasarOCX.ImprimirItem --> OK
23/04/2022 12:14:00|Articulo --> gum gel dental niños
23/04/2022 12:14:00|cantidadArt B --> 1
23/04/2022 12:14:00|PrecVear --> 290
23/04/2022 12:14:00|montoArt --> 239,669421487603
23/04/2022 12:14:00|ivaArt --> 21
23/04/2022 12:14:00|hasarOCX.ImprimirItem --> OK
23/04/2022 12:14:00|Articulo --> estrella toallitas x50 u
23/04/2022 12:14:00|cantidadArt B --> 1
23/04/2022 12:14:00|PrecVear --> 240
23/04/2022 12:14:00|montoArt --> 198,347107438017
23/04/2022 12:14:00|ivaArt --> 21
23/04/2022 12:14:00|hasarOCX.ImprimirItem --> OK
23/04/2022 12:14:00|Articulo --> pampers premium pants xxg x52
23/04/2022 12:14:00|cantidadArt B --> 1
23/04/2022 12:14:00|PrecVear --> 2340
23/04/2022 12:14:00|montoArt --> 1933,88429752066
23/04/2022 12:14:00|ivaArt --> 21
23/04/2022 12:14:01|hasarOCX.ImprimirItem --> OK
23/04/2022 12:14:01|Cerrar Comprobante B:::
23/04/2022 12:14:04|Obtiene nrocomp
23/04/2022 12:14:04|nrocomp --> 21332
23/04/2022 12:14:04|Nro. de Comprobante ::: TFB ::: 21332
23/04/2022 12:14:04|Ety.TicketFiscal: 21332
23/04/2022 12:23:51|Comienza Facturacion B
23/04/2022 12:23:51|DatosCliente B
23/04/2022 12:23:54|AbrirComprobanteFiscal B
23/04/2022 12:23:54|Articulo --> saphirus mini concentrado limon
23/04/2022 12:23:54|cantidadArt B --> 1
23/04/2022 12:23:54|PrecVear --> 180
23/04/2022 12:23:54|montoArt --> 148,760330578512
23/04/2022 12:23:54|ivaArt --> 21
23/04/2022 12:23:54|hasarOCX.ImprimirItem --> OK
23/04/2022 12:23:54|Articulo --> alfaparf altamoda sh y ac
23/04/2022 12:23:54|cantidadArt B --> 1
23/04/2022 12:23:54|PrecVear --> 320
23/04/2022 12:23:54|montoArt --> 264,462809917355
23/04/2022 12:23:54|ivaArt --> 21
23/04/2022 12:23:54|hasarOCX.ImprimirItem --> OK
23/04/2022 12:23:54|Articulo --> magistral x500ml
23/04/2022 12:23:54|cantidadArt B --> 1
23/04/2022 12:23:54|PrecVear --> 290
23/04/2022 12:23:54|montoArt --> 239,669421487603
23/04/2022 12:23:54|ivaArt --> 21
23/04/2022 12:23:55|hasarOCX.ImprimirItem --> OK
23/04/2022 12:23:55|Articulo --> policrom tono sobre tono kit 5c
23/04/2022 12:23:55|cantidadArt B --> 1
23/04/2022 12:23:55|PrecVear --> 660
23/04/2022 12:23:55|montoArt --> 545,454545454546
23/04/2022 12:23:55|ivaArt --> 21
23/04/2022 12:23:55|hasarOCX.ImprimirItem --> OK
23/04/2022 12:23:55|Articulo --> ladysoft normx8 c/aloe c/alas
23/04/2022 12:23:55|cantidadArt B --> 1
23/04/2022 12:23:55|PrecVear --> 98
23/04/2022 12:23:55|montoArt --> 80,9917355371901
23/04/2022 12:23:55|ivaArt --> 21
23/04/2022 12:23:55|hasarOCX.ImprimirItem --> OK
23/04/2022 12:23:55|Cerrar Comprobante B:::
23/04/2022 12:23:58|Obtiene nrocomp
23/04/2022 12:23:59|nrocomp --> 21333
23/04/2022 12:23:59|Nro. de Comprobante ::: TFB ::: 21333
23/04/2022 12:23:59|Ety.TicketFiscal: 21333
23/04/2022 16:41:17|Comienza Facturacion B
23/04/2022 16:41:17|DatosCliente B
23/04/2022 16:41:20|AbrirComprobanteFiscal B
23/04/2022 16:41:20|Articulo --> estrella algodon  clasicox75
23/04/2022 16:41:20|cantidadArt B --> 1
23/04/2022 16:41:20|PrecVear --> 105
23/04/2022 16:41:20|montoArt --> 86,7768595041322
23/04/2022 16:41:20|ivaArt --> 21
23/04/2022 16:41:20|hasarOCX.ImprimirItem --> OK
23/04/2022 16:41:20|Articulo --> goodmax maquina de  3 filos  x 1 unidad
23/04/2022 16:41:20|cantidadArt B --> 2
23/04/2022 16:41:20|PrecVear --> 80
23/04/2022 16:41:20|montoArt --> 66,1157024793389
23/04/2022 16:41:20|ivaArt --> 21
23/04/2022 16:41:21|hasarOCX.ImprimirItem --> OK
23/04/2022 16:41:21|Articulo --> sapolan ordeñe x195g
23/04/2022 16:41:21|cantidadArt B --> 1
23/04/2022 16:41:21|PrecVear --> 525
23/04/2022 16:41:21|montoArt --> 433,884297520661
23/04/2022 16:41:21|ivaArt --> 21
23/04/2022 16:41:21|hasarOCX.ImprimirItem --> OK
23/04/2022 16:41:21|Articulo --> vogue esmalte
23/04/2022 16:41:21|cantidadArt B --> 1
23/04/2022 16:41:21|PrecVear --> 330
23/04/2022 16:41:21|montoArt --> 272,727272727273
23/04/2022 16:41:21|ivaArt --> 21
23/04/2022 16:41:21|hasarOCX.ImprimirItem --> OK
23/04/2022 16:41:21|Articulo --> felpita pañuelos x6
23/04/2022 16:41:21|cantidadArt B --> 1
23/04/2022 16:41:21|PrecVear --> 80
23/04/2022 16:41:21|montoArt --> 66,1157024793389
23/04/2022 16:41:21|ivaArt --> 21
23/04/2022 16:41:22|hasarOCX.ImprimirItem --> OK
23/04/2022 16:41:22|Articulo --> ala plus crem x750
23/04/2022 16:41:22|cantidadArt B --> 1
23/04/2022 16:41:22|PrecVear --> 140
23/04/2022 16:41:22|montoArt --> 115,702479338843
23/04/2022 16:41:22|ivaArt --> 21
23/04/2022 16:41:22|hasarOCX.ImprimirItem --> OK
23/04/2022 16:41:22|Articulo --> ladysoft normx8 c/aloe c/alas
23/04/2022 16:41:22|cantidadArt B --> 1
23/04/2022 16:41:22|PrecVear --> 98
23/04/2022 16:41:22|montoArt --> 80,9917355371901
23/04/2022 16:41:22|ivaArt --> 21
23/04/2022 16:41:22|hasarOCX.ImprimirItem --> OK
23/04/2022 16:41:22|Articulo --> el coloso lavandina x2 litros
23/04/2022 16:41:22|cantidadArt B --> 1
23/04/2022 16:41:22|PrecVear --> 140
23/04/2022 16:41:22|montoArt --> 115,702479338843
23/04/2022 16:41:22|ivaArt --> 21
23/04/2022 16:41:23|hasarOCX.ImprimirItem --> OK
23/04/2022 16:41:23|Cerrar Comprobante B:::
23/04/2022 16:41:26|Obtiene nrocomp
23/04/2022 16:41:26|nrocomp --> 21334
23/04/2022 16:41:26|Nro. de Comprobante ::: TFB ::: 21334
23/04/2022 16:41:26|Ety.TicketFiscal: 21334
23/04/2022 16:53:56|Comienza Facturacion B
23/04/2022 16:53:57|DatosCliente B
23/04/2022 16:53:59|AbrirComprobanteFiscal B
23/04/2022 16:53:59|Articulo --> iluminarte veloncitos
23/04/2022 16:53:59|cantidadArt B --> 1
23/04/2022 16:53:59|PrecVear --> 110
23/04/2022 16:53:59|montoArt --> 90,9090909090909
23/04/2022 16:53:59|ivaArt --> 21
23/04/2022 16:53:59|hasarOCX.ImprimirItem --> OK
23/04/2022 16:53:59|Articulo --> saphirus aromatizante textiljazmin
23/04/2022 16:53:59|cantidadArt B --> 1
23/04/2022 16:53:59|PrecVear --> 230
23/04/2022 16:53:59|montoArt --> 190,082644628099
23/04/2022 16:53:59|ivaArt --> 21
23/04/2022 16:54:00|hasarOCX.ImprimirItem --> OK
23/04/2022 16:54:00|Articulo --> el coloso esponja combinada de acero
23/04/2022 16:54:00|cantidadArt B --> 1
23/04/2022 16:54:00|PrecVear --> 190
23/04/2022 16:54:00|montoArt --> 157,02479338843
23/04/2022 16:54:00|ivaArt --> 21
23/04/2022 16:54:00|hasarOCX.ImprimirItem --> OK
23/04/2022 16:54:00|Articulo --> tresemme mousse
23/04/2022 16:54:00|cantidadArt B --> 1
23/04/2022 16:54:00|PrecVear --> 490
23/04/2022 16:54:00|montoArt --> 404,95867768595
23/04/2022 16:54:00|ivaArt --> 21
23/04/2022 16:54:00|hasarOCX.ImprimirItem --> OK
23/04/2022 16:54:00|Articulo --> bagovit emulsion x350ml
23/04/2022 16:54:00|cantidadArt B --> 1
23/04/2022 16:54:00|PrecVear --> 1800
23/04/2022 16:54:00|montoArt --> 1487,60330578512
23/04/2022 16:54:00|ivaArt --> 21
23/04/2022 16:54:01|hasarOCX.ImprimirItem --> OK
23/04/2022 16:54:01|Cerrar Comprobante B:::
23/04/2022 16:54:04|Obtiene nrocomp
23/04/2022 16:54:04|nrocomp --> 21335
23/04/2022 16:54:04|Nro. de Comprobante ::: TFB ::: 21335
23/04/2022 16:54:04|Ety.TicketFiscal: 21335
23/04/2022 17:12:28|Comienza Facturacion B
23/04/2022 17:12:28|DatosCliente B
23/04/2022 17:12:31|AbrirComprobanteFiscal B
23/04/2022 17:12:31|Articulo --> varios
23/04/2022 17:12:31|cantidadArt B --> 1
23/04/2022 17:12:31|PrecVear --> 120
23/04/2022 17:12:31|montoArt --> 99,1735537190083
23/04/2022 17:12:31|ivaArt --> 21
23/04/2022 17:12:31|hasarOCX.ImprimirItem --> OK
23/04/2022 17:12:31|Articulo --> shark encendedor
23/04/2022 17:12:31|cantidadArt B --> 2
23/04/2022 17:12:31|PrecVear --> 60
23/04/2022 17:12:31|montoArt --> 49,5867768595041
23/04/2022 17:12:31|ivaArt --> 21
23/04/2022 17:12:32|hasarOCX.ImprimirItem --> OK
23/04/2022 17:12:32|Articulo --> colgate clasica x70g
23/04/2022 17:12:32|cantidadArt B --> 1
23/04/2022 17:12:32|PrecVear --> 155
23/04/2022 17:12:32|montoArt --> 128,099173553719
23/04/2022 17:12:32|ivaArt --> 21
23/04/2022 17:12:32|hasarOCX.ImprimirItem --> OK
23/04/2022 17:12:32|Articulo --> fuyi mmmx360 base acuosa-645085
23/04/2022 17:12:32|cantidadArt B --> 1
23/04/2022 17:12:32|PrecVear --> 210
23/04/2022 17:12:32|montoArt --> 173,553719008264
23/04/2022 17:12:32|ivaArt --> 21
23/04/2022 17:12:32|hasarOCX.ImprimirItem --> OK
23/04/2022 17:12:32|Articulo --> lysoform aerox360 bebe -4480
23/04/2022 17:12:32|cantidadArt B --> 1
23/04/2022 17:12:32|PrecVear --> 270
23/04/2022 17:12:32|montoArt --> 223,140495867769
23/04/2022 17:12:32|ivaArt --> 21
23/04/2022 17:12:33|hasarOCX.ImprimirItem --> OK
23/04/2022 17:12:33|Articulo --> gillette prestobarba 3 gris
23/04/2022 17:12:33|cantidadArt B --> 2
23/04/2022 17:12:33|PrecVear --> 170
23/04/2022 17:12:33|montoArt --> 140,495867768595
23/04/2022 17:12:33|ivaArt --> 21
23/04/2022 17:12:33|hasarOCX.ImprimirItem --> OK
23/04/2022 17:12:33|Articulo --> tresemme x750 ml
23/04/2022 17:12:33|cantidadArt B --> 1
23/04/2022 17:12:33|PrecVear --> 851
23/04/2022 17:12:33|montoArt --> 703,305785123967
23/04/2022 17:12:33|ivaArt --> 21
23/04/2022 17:12:33|hasarOCX.ImprimirItem --> OK
23/04/2022 17:12:33|Articulo --> tresemme acond x200ml reg. tresplex
23/04/2022 17:12:33|cantidadArt B --> 1
23/04/2022 17:12:33|PrecVear --> 230
23/04/2022 17:12:33|montoArt --> 190,082644628099
23/04/2022 17:12:33|ivaArt --> 21
23/04/2022 17:12:34|hasarOCX.ImprimirItem --> OK
23/04/2022 17:12:34|Cerrar Comprobante B:::
23/04/2022 17:12:37|Obtiene nrocomp
23/04/2022 17:12:37|nrocomp --> 21336
23/04/2022 17:12:37|Nro. de Comprobante ::: TFB ::: 21336
23/04/2022 17:12:37|Ety.TicketFiscal: 21336
23/04/2022 17:17:19|Comienza Facturacion B
23/04/2022 17:17:19|DatosCliente B
23/04/2022 17:17:21|AbrirComprobanteFiscal B
23/04/2022 17:17:21|Articulo --> tutti cana tine mas sachet  otowil
23/04/2022 17:17:21|cantidadArt B --> 1
23/04/2022 17:17:21|PrecVear --> 90
23/04/2022 17:17:21|montoArt --> 74,3801652892562
23/04/2022 17:17:21|ivaArt --> 21
23/04/2022 17:17:22|hasarOCX.ImprimirItem --> OK
23/04/2022 17:17:22|Articulo --> soft color tint.60 rub.osc.
23/04/2022 17:17:22|cantidadArt B --> 1
23/04/2022 17:17:22|PrecVear --> 820
23/04/2022 17:17:22|montoArt --> 677,685950413223
23/04/2022 17:17:22|ivaArt --> 21
23/04/2022 17:17:22|hasarOCX.ImprimirItem --> OK
23/04/2022 17:17:22|Articulo --> ballerina amarilla
23/04/2022 17:17:22|cantidadArt B --> 1
23/04/2022 17:17:22|PrecVear --> 50
23/04/2022 17:17:22|montoArt --> 41,3223140495868
23/04/2022 17:17:22|ivaArt --> 21
23/04/2022 17:17:22|hasarOCX.ImprimirItem --> OK
23/04/2022 17:17:22|Cerrar Comprobante B:::
23/04/2022 17:17:25|Obtiene nrocomp
23/04/2022 17:17:26|nrocomp --> 21337
23/04/2022 17:17:26|Nro. de Comprobante ::: TFB ::: 21337
23/04/2022 17:17:26|Ety.TicketFiscal: 21337
23/04/2022 17:22:29|Comienza Facturacion B
23/04/2022 17:22:29|DatosCliente B
23/04/2022 17:22:31|AbrirComprobanteFiscal B
23/04/2022 17:22:31|Articulo --> varios
23/04/2022 17:22:31|cantidadArt B --> 1
23/04/2022 17:22:31|PrecVear --> 2900
23/04/2022 17:22:31|montoArt --> 2396,69421487603
23/04/2022 17:22:31|ivaArt --> 21
23/04/2022 17:22:32|hasarOCX.ImprimirItem --> OK
23/04/2022 17:22:32|Articulo --> head & shoulders x400
23/04/2022 17:22:32|cantidadArt B --> 1
23/04/2022 17:22:32|PrecVear --> 550
23/04/2022 17:22:32|montoArt --> 454,545454545455
23/04/2022 17:22:32|ivaArt --> 21
23/04/2022 17:22:32|hasarOCX.ImprimirItem --> OK
23/04/2022 17:22:32|Articulo --> saphirus mini concentrado bamboo
23/04/2022 17:22:32|cantidadArt B --> 1
23/04/2022 17:22:32|PrecVear --> 180
23/04/2022 17:22:32|montoArt --> 148,760330578512
23/04/2022 17:22:32|ivaArt --> 21
23/04/2022 17:22:32|hasarOCX.ImprimirItem --> OK
23/04/2022 17:22:32|Articulo --> rexona jabon x125
23/04/2022 17:22:32|cantidadArt B --> 2
23/04/2022 17:22:32|PrecVear --> 80
23/04/2022 17:22:32|montoArt --> 66,1157024793389
23/04/2022 17:22:32|ivaArt --> 21
23/04/2022 17:22:33|hasarOCX.ImprimirItem --> OK
23/04/2022 17:22:33|Articulo --> bolsas de residuos 60*90
23/04/2022 17:22:33|cantidadArt B --> 1
23/04/2022 17:22:33|PrecVear --> 185
23/04/2022 17:22:33|montoArt --> 152,892561983471
23/04/2022 17:22:33|ivaArt --> 21
23/04/2022 17:22:33|hasarOCX.ImprimirItem --> OK
23/04/2022 17:22:33|Articulo --> estrella algodon baby precortado x100 g
23/04/2022 17:22:33|cantidadArt B --> 1
23/04/2022 17:22:33|PrecVear --> 150
23/04/2022 17:22:33|montoArt --> 123,96694214876
23/04/2022 17:22:33|ivaArt --> 21
23/04/2022 17:22:34|hasarOCX.ImprimirItem --> OK
23/04/2022 17:22:34|Articulo --> saphirus aromatizante textil bamboo
23/04/2022 17:22:34|cantidadArt B --> 1
23/04/2022 17:22:34|PrecVear --> 230
23/04/2022 17:22:34|montoArt --> 190,082644628099
23/04/2022 17:22:34|ivaArt --> 21
23/04/2022 17:22:34|hasarOCX.ImprimirItem --> OK
23/04/2022 17:22:34|Articulo --> saphirus aromatizantes de ambiente (aerosol) flores blancas
23/04/2022 17:22:34|cantidadArt B --> 1
23/04/2022 17:22:34|PrecVear --> 340
23/04/2022 17:22:34|montoArt --> 280,99173553719
23/04/2022 17:22:34|ivaArt --> 21
23/04/2022 17:22:34|hasarOCX.ImprimirItem --> OK
23/04/2022 17:22:34|Articulo --> poett desinfectante alegra tu dia
23/04/2022 17:22:34|cantidadArt B --> 1
23/04/2022 17:22:34|PrecVear --> 110
23/04/2022 17:22:34|montoArt --> 90,9090909090909
23/04/2022 17:22:34|ivaArt --> 21
23/04/2022 17:22:35|hasarOCX.ImprimirItem --> OK
23/04/2022 17:22:35|Articulo --> suiza autobrillo x400
23/04/2022 17:22:35|cantidadArt B --> 1
23/04/2022 17:22:35|PrecVear --> 195
23/04/2022 17:22:35|montoArt --> 161,157024793388
23/04/2022 17:22:35|ivaArt --> 21
23/04/2022 17:22:35|hasarOCX.ImprimirItem --> OK
23/04/2022 17:22:35|Cerrar Comprobante B:::
23/04/2022 17:22:38|Obtiene nrocomp
23/04/2022 17:22:38|nrocomp --> 21338
23/04/2022 17:22:38|Nro. de Comprobante ::: TFB ::: 21338
23/04/2022 17:22:38|Ety.TicketFiscal: 21338
23/04/2022 17:25:48|Comienza Facturacion B
23/04/2022 17:25:48|DatosCliente B
23/04/2022 17:25:51|AbrirComprobanteFiscal B
23/04/2022 17:25:51|Articulo --> fosforos tres patitos x222
23/04/2022 17:25:51|cantidadArt B --> 1
23/04/2022 17:25:51|PrecVear --> 98
23/04/2022 17:25:51|montoArt --> 80,9917355371901
23/04/2022 17:25:51|ivaArt --> 21
23/04/2022 17:26:09|hasarOCX.ImprimirItem --> OK
23/04/2022 17:26:09|Articulo --> el coloso hig.ecolog x4
23/04/2022 17:26:09|cantidadArt B --> 1
23/04/2022 17:26:09|PrecVear --> 110
23/04/2022 17:26:09|montoArt --> 90,9090909090909
23/04/2022 17:26:09|ivaArt --> 21
23/04/2022 17:26:09|hasarOCX.ImprimirItem --> OK
23/04/2022 17:26:09|Articulo --> el coloso rollo cocx3 x 40paños
23/04/2022 17:26:09|cantidadArt B --> 1
23/04/2022 17:26:09|PrecVear --> 110
23/04/2022 17:26:09|montoArt --> 90,9090909090909
23/04/2022 17:26:09|ivaArt --> 21
23/04/2022 17:26:09|hasarOCX.ImprimirItem --> OK
23/04/2022 17:26:09|Articulo --> pampers confort sec g72
23/04/2022 17:26:09|cantidadArt B --> 1
23/04/2022 17:26:09|PrecVear --> 2180
23/04/2022 17:26:09|montoArt --> 1801,65289256198
23/04/2022 17:26:09|ivaArt --> 21
23/04/2022 17:26:10|hasarOCX.ImprimirItem --> OK
23/04/2022 17:26:10|Cerrar Comprobante B:::
23/04/2022 17:26:13|Obtiene nrocomp
23/04/2022 17:26:13|nrocomp --> 21339
23/04/2022 17:26:13|Nro. de Comprobante ::: TFB ::: 21339
23/04/2022 17:26:13|Ety.TicketFiscal: 21339
23/04/2022 17:26:57|Comienza Facturacion B
23/04/2022 17:26:57|DatosCliente B
23/04/2022 17:27:15|AbrirComprobanteFiscal B
23/04/2022 17:27:15|Articulo --> carefree protec largos x60
23/04/2022 17:27:15|cantidadArt B --> 1
23/04/2022 17:27:15|PrecVear --> 890
23/04/2022 17:27:15|montoArt --> 735,537190082645
23/04/2022 17:27:15|ivaArt --> 21
23/04/2022 17:27:15|hasarOCX.ImprimirItem --> OK
23/04/2022 17:27:15|Articulo --> saphirus aromatizante textilmery
23/04/2022 17:27:15|cantidadArt B --> 1
23/04/2022 17:27:15|PrecVear --> 230
23/04/2022 17:27:15|montoArt --> 190,082644628099
23/04/2022 17:27:15|ivaArt --> 21
23/04/2022 17:27:15|hasarOCX.ImprimirItem --> OK
23/04/2022 17:27:15|Articulo --> saphirus home spray x500ml
23/04/2022 17:27:15|cantidadArt B --> 1
23/04/2022 17:27:15|PrecVear --> 460
23/04/2022 17:27:15|montoArt --> 380,165289256198
23/04/2022 17:27:15|ivaArt --> 21
23/04/2022 17:27:16|hasarOCX.ImprimirItem --> OK
23/04/2022 17:27:16|Cerrar Comprobante B:::
23/04/2022 17:27:19|Obtiene nrocomp
23/04/2022 17:27:19|nrocomp --> 21340
23/04/2022 17:27:19|Nro. de Comprobante ::: TFB ::: 21340
23/04/2022 17:27:19|Ety.TicketFiscal: 21340
23/04/2022 17:34:44|Comienza Facturacion B
23/04/2022 17:34:45|DatosCliente B
23/04/2022 17:34:48|AbrirComprobanteFiscal B
23/04/2022 17:34:48|Articulo --> babysec premium tanga jumbo xxg
23/04/2022 17:34:48|cantidadArt B --> 2
23/04/2022 17:34:48|PrecVear --> 1880
23/04/2022 17:34:48|montoArt --> 1553,71900826446
23/04/2022 17:34:48|ivaArt --> 21
23/04/2022 17:34:49|hasarOCX.ImprimirItem --> OK
23/04/2022 17:34:49|Cerrar Comprobante B:::
23/04/2022 17:34:52|Obtiene nrocomp
23/04/2022 17:34:52|nrocomp --> 21341
23/04/2022 17:34:52|Nro. de Comprobante ::: TFB ::: 21341
23/04/2022 17:34:52|Ety.TicketFiscal: 21341
23/04/2022 17:37:05|Comienza Facturacion B
23/04/2022 17:37:05|DatosCliente B
23/04/2022 17:37:07|AbrirComprobanteFiscal B
23/04/2022 17:37:07|Articulo --> veritas colonia nautica x 400 ml. 400
23/04/2022 17:37:07|cantidadArt B --> 1
23/04/2022 17:37:07|PrecVear --> 410
23/04/2022 17:37:07|montoArt --> 338,842975206612
23/04/2022 17:37:07|ivaArt --> 21
23/04/2022 17:37:08|hasarOCX.ImprimirItem --> OK
23/04/2022 17:37:08|Cerrar Comprobante B:::
23/04/2022 17:37:11|Obtiene nrocomp
23/04/2022 17:37:11|nrocomp --> 21342
23/04/2022 17:37:11|Nro. de Comprobante ::: TFB ::: 21342
23/04/2022 17:37:11|Ety.TicketFiscal: 21342
23/04/2022 17:39:40|Comienza Facturacion B
23/04/2022 17:39:40|DatosCliente B
23/04/2022 17:39:42|AbrirComprobanteFiscal B
23/04/2022 17:39:42|Articulo --> comodin apositos moderada x10 verde
23/04/2022 17:39:42|cantidadArt B --> 1
23/04/2022 17:39:42|PrecVear --> 160
23/04/2022 17:39:42|montoArt --> 132,231404958678
23/04/2022 17:39:42|ivaArt --> 21
23/04/2022 17:39:43|hasarOCX.ImprimirItem --> OK
23/04/2022 17:39:43|Cerrar Comprobante B:::
23/04/2022 17:39:46|Obtiene nrocomp
23/04/2022 17:39:46|nrocomp --> 21343
23/04/2022 17:39:46|Nro. de Comprobante ::: TFB ::: 21343
23/04/2022 17:39:46|Ety.TicketFiscal: 21343
23/04/2022 17:42:27|Comienza Facturacion B
23/04/2022 17:42:27|DatosCliente B
23/04/2022 17:42:30|AbrirComprobanteFiscal B
23/04/2022 17:42:30|Articulo --> efficient aerosol antibacterial
23/04/2022 17:42:30|cantidadArt B --> 1
23/04/2022 17:42:30|PrecVear --> 330
23/04/2022 17:42:30|montoArt --> 272,727272727273
23/04/2022 17:42:30|ivaArt --> 21
23/04/2022 17:42:30|hasarOCX.ImprimirItem --> OK
23/04/2022 17:42:30|Articulo --> odolito frutilla x50
23/04/2022 17:42:30|cantidadArt B --> 2
23/04/2022 17:42:30|PrecVear --> 90
23/04/2022 17:42:30|montoArt --> 74,3801652892562
23/04/2022 17:42:30|ivaArt --> 21
23/04/2022 17:42:30|hasarOCX.ImprimirItem --> OK
23/04/2022 17:42:30|Articulo --> colgate herbal x70g
23/04/2022 17:42:30|cantidadArt B --> 2
23/04/2022 17:42:30|PrecVear --> 190
23/04/2022 17:42:30|montoArt --> 157,02479338843
23/04/2022 17:42:30|ivaArt --> 21
23/04/2022 17:42:31|hasarOCX.ImprimirItem --> OK
23/04/2022 17:42:31|Articulo --> vanish quitam blanqueador x400 ml
23/04/2022 17:42:31|cantidadArt B --> 1
23/04/2022 17:42:31|PrecVear --> 180
23/04/2022 17:42:31|montoArt --> 148,760330578512
23/04/2022 17:42:31|ivaArt --> 21
23/04/2022 17:42:31|hasarOCX.ImprimirItem --> OK
23/04/2022 17:42:31|Articulo --> harpic antisarro
23/04/2022 17:42:31|cantidadArt B --> 2
23/04/2022 17:42:31|PrecVear --> 230
23/04/2022 17:42:31|montoArt --> 190,082644628099
23/04/2022 17:42:31|ivaArt --> 21
23/04/2022 17:42:32|hasarOCX.ImprimirItem --> OK
23/04/2022 17:42:32|Articulo --> calipso pd rosa x50
23/04/2022 17:42:32|cantidadArt B --> 1
23/04/2022 17:42:32|PrecVear --> 230
23/04/2022 17:42:32|montoArt --> 190,082644628099
23/04/2022 17:42:32|ivaArt --> 21
23/04/2022 17:42:32|hasarOCX.ImprimirItem --> OK
23/04/2022 17:42:32|Articulo --> vanish polvo x850g dp
23/04/2022 17:42:32|cantidadArt B --> 1
23/04/2022 17:42:32|PrecVear --> 830
23/04/2022 17:42:32|montoArt --> 685,950413223141
23/04/2022 17:42:32|ivaArt --> 21
23/04/2022 17:42:32|hasarOCX.ImprimirItem --> OK
23/04/2022 17:42:32|Articulo --> plsubelle sh y ac x1000ml
23/04/2022 17:42:32|cantidadArt B --> 1
23/04/2022 17:42:32|PrecVear --> 270
23/04/2022 17:42:32|montoArt --> 223,140495867769
23/04/2022 17:42:32|ivaArt --> 21
23/04/2022 17:42:33|hasarOCX.ImprimirItem --> OK
23/04/2022 17:42:33|Cerrar Comprobante B:::
23/04/2022 17:42:36|Obtiene nrocomp
23/04/2022 17:42:36|nrocomp --> 21344
23/04/2022 17:42:36|Nro. de Comprobante ::: TFB ::: 21344
23/04/2022 17:42:36|Ety.TicketFiscal: 21344
23/04/2022 17:45:02|cerrando pantalla venta
23/04/2022 17:45:09|Conectando..
23/04/2022 17:45:09|IP: 127.0.0.1 - Puerto: 6500
23/04/2022 17:45:10|Conectado con éxito!!
23/04/2022 17:55:46|Comienza Facturacion B
23/04/2022 17:55:46|DatosCliente B
23/04/2022 17:55:49|AbrirComprobanteFiscal B
23/04/2022 17:55:49|Articulo --> varios
23/04/2022 17:55:49|cantidadArt B --> 1
23/04/2022 17:55:49|PrecVear --> 195
23/04/2022 17:55:49|montoArt --> 161,157024793388
23/04/2022 17:55:49|ivaArt --> 21
23/04/2022 17:55:49|hasarOCX.ImprimirItem --> OK
23/04/2022 17:55:49|Articulo --> babysec ultra xxgx30 uni
23/04/2022 17:55:49|cantidadArt B --> 1
23/04/2022 17:55:49|PrecVear --> 850
23/04/2022 17:55:49|montoArt --> 702,479338842975
23/04/2022 17:55:49|ivaArt --> 21
23/04/2022 17:55:50|hasarOCX.ImprimirItem --> OK
23/04/2022 17:55:50|Articulo --> pampers supersec p x30
23/04/2022 17:55:50|cantidadArt B --> 1
23/04/2022 17:55:50|PrecVear --> 430
23/04/2022 17:55:50|montoArt --> 355,371900826446
23/04/2022 17:55:50|ivaArt --> 21
23/04/2022 17:55:50|hasarOCX.ImprimirItem --> OK
23/04/2022 17:55:50|Cerrar Comprobante B:::
23/04/2022 17:55:53|Obtiene nrocomp
23/04/2022 17:55:53|nrocomp --> 21345
23/04/2022 17:55:53|Nro. de Comprobante ::: TFB ::: 21345
23/04/2022 17:55:53|Ety.TicketFiscal: 21345
23/04/2022 17:56:41|Comienza Facturacion B
23/04/2022 17:56:41|DatosCliente B
23/04/2022 17:56:44|AbrirComprobanteFiscal B
23/04/2022 17:56:44|Articulo --> pampers supersec p x30
23/04/2022 17:56:44|cantidadArt B --> 1
23/04/2022 17:56:44|PrecVear --> 430
23/04/2022 17:56:44|montoArt --> 355,371900826446
23/04/2022 17:56:44|ivaArt --> 21
23/04/2022 17:56:44|hasarOCX.ImprimirItem --> OK
23/04/2022 17:56:44|Articulo --> varios
23/04/2022 17:56:44|cantidadArt B --> 1
23/04/2022 17:56:44|PrecVear --> 1475
23/04/2022 17:56:44|montoArt --> 1219,00826446281
23/04/2022 17:56:44|ivaArt --> 21
23/04/2022 17:56:44|hasarOCX.ImprimirItem --> OK
23/04/2022 17:56:44|Cerrar Comprobante B:::
23/04/2022 17:56:47|Obtiene nrocomp
23/04/2022 17:56:48|nrocomp --> 21346
23/04/2022 17:56:48|Nro. de Comprobante ::: TFB ::: 21346
23/04/2022 17:56:48|Ety.TicketFiscal: 21346
23/04/2022 18:01:17|Comienza Facturacion B
23/04/2022 18:01:17|DatosCliente B
23/04/2022 18:01:19|AbrirComprobanteFiscal B
23/04/2022 18:01:19|Articulo --> varios
23/04/2022 18:01:19|cantidadArt B --> 1
23/04/2022 18:01:19|PrecVear --> 440
23/04/2022 18:01:19|montoArt --> 363,636363636364
23/04/2022 18:01:19|ivaArt --> 21
23/04/2022 18:01:20|hasarOCX.ImprimirItem --> OK
23/04/2022 18:01:20|Articulo --> shampoo 1007 x400ml
23/04/2022 18:01:20|cantidadArt B --> 1
23/04/2022 18:01:20|PrecVear --> 963
23/04/2022 18:01:20|montoArt --> 795,867768595041
23/04/2022 18:01:20|ivaArt --> 21
23/04/2022 18:01:20|hasarOCX.ImprimirItem --> OK
23/04/2022 18:01:20|Articulo --> nutrisse m.kit 7.1
23/04/2022 18:01:20|cantidadArt B --> 2
23/04/2022 18:01:20|PrecVear --> 450
23/04/2022 18:01:20|montoArt --> 371,900826446281
23/04/2022 18:01:20|ivaArt --> 21
23/04/2022 18:01:21|hasarOCX.ImprimirItem --> OK
23/04/2022 18:01:21|Articulo --> frilayp baño capilar botox x1 kg
23/04/2022 18:01:21|cantidadArt B --> 1
23/04/2022 18:01:21|PrecVear --> 1550
23/04/2022 18:01:21|montoArt --> 1280,99173553719
23/04/2022 18:01:21|ivaArt --> 21
23/04/2022 18:01:21|hasarOCX.ImprimirItem --> OK
23/04/2022 18:01:21|Articulo --> bolsas residuos 50*70
23/04/2022 18:01:21|cantidadArt B --> 2
23/04/2022 18:01:21|PrecVear --> 120
23/04/2022 18:01:21|montoArt --> 99,1735537190083
23/04/2022 18:01:21|ivaArt --> 21
23/04/2022 18:01:21|hasarOCX.ImprimirItem --> OK
23/04/2022 18:01:21|Articulo --> bolsas de residuos 90*120
23/04/2022 18:01:21|cantidadArt B --> 1
23/04/2022 18:01:21|PrecVear --> 420
23/04/2022 18:01:21|montoArt --> 347,107438016529
23/04/2022 18:01:21|ivaArt --> 21
23/04/2022 18:01:22|hasarOCX.ImprimirItem --> OK
23/04/2022 18:01:22|Cerrar Comprobante B:::
23/04/2022 18:01:25|Obtiene nrocomp
23/04/2022 18:01:25|nrocomp --> 21347
23/04/2022 18:01:25|Nro. de Comprobante ::: TFB ::: 21347
23/04/2022 18:01:25|Ety.TicketFiscal: 21347
23/04/2022 18:08:36|Comienza Facturacion B
23/04/2022 18:08:37|DatosCliente B
23/04/2022 18:08:39|AbrirComprobanteFiscal B
23/04/2022 18:08:39|Articulo --> escobillon curvo laqueado
23/04/2022 18:08:39|cantidadArt B --> 1
23/04/2022 18:08:39|PrecVear --> 430
23/04/2022 18:08:39|montoArt --> 355,371900826446
23/04/2022 18:08:39|ivaArt --> 21
23/04/2022 18:08:39|hasarOCX.ImprimirItem --> OK
23/04/2022 18:08:39|Articulo --> trenet efect.espuma dpx400 -32289
23/04/2022 18:08:39|cantidadArt B --> 1
23/04/2022 18:08:39|PrecVear --> 170
23/04/2022 18:08:39|montoArt --> 140,495867768595
23/04/2022 18:08:39|ivaArt --> 21
23/04/2022 18:08:40|hasarOCX.ImprimirItem --> OK
23/04/2022 18:08:40|Articulo --> vim canastx55 poderx5 citrus
23/04/2022 18:08:40|cantidadArt B --> 1
23/04/2022 18:08:40|PrecVear --> 300
23/04/2022 18:08:40|montoArt --> 247,933884297521
23/04/2022 18:08:40|ivaArt --> 21
23/04/2022 18:08:40|hasarOCX.ImprimirItem --> OK
23/04/2022 18:08:40|Articulo --> colgate cepillo niños 2x1
23/04/2022 18:08:40|cantidadArt B --> 1
23/04/2022 18:08:40|PrecVear --> 251
23/04/2022 18:08:40|montoArt --> 207,438016528926
23/04/2022 18:08:40|ivaArt --> 21
23/04/2022 18:08:41|hasarOCX.ImprimirItem --> OK
23/04/2022 18:08:41|Articulo --> rexona jabones x3 unidades
23/04/2022 18:08:41|cantidadArt B --> 1
23/04/2022 18:08:41|PrecVear --> 250
23/04/2022 18:08:41|montoArt --> 206,611570247934
23/04/2022 18:08:41|ivaArt --> 21
23/04/2022 18:08:41|hasarOCX.ImprimirItem --> OK
23/04/2022 18:08:41|Articulo --> acondiciona. vitaminado s/enjua.
23/04/2022 18:08:41|cantidadArt B --> 1
23/04/2022 18:08:41|PrecVear --> 1060
23/04/2022 18:08:41|montoArt --> 876,03305785124
23/04/2022 18:08:41|ivaArt --> 21
23/04/2022 18:08:41|hasarOCX.ImprimirItem --> OK
23/04/2022 18:08:41|Articulo --> dove jabon liquido dp original
23/04/2022 18:08:41|cantidadArt B --> 1
23/04/2022 18:08:41|PrecVear --> 260
23/04/2022 18:08:41|montoArt --> 214,876033057851
23/04/2022 18:08:41|ivaArt --> 21
23/04/2022 18:08:42|hasarOCX.ImprimirItem --> OK
23/04/2022 18:08:42|Articulo --> colgate smiles minions
23/04/2022 18:08:42|cantidadArt B --> 1
23/04/2022 18:08:42|PrecVear --> 230
23/04/2022 18:08:42|montoArt --> 190,082644628099
23/04/2022 18:08:42|ivaArt --> 21
23/04/2022 18:08:42|hasarOCX.ImprimirItem --> OK
23/04/2022 18:08:42|Articulo --> ayudin desinf expert dp
23/04/2022 18:08:42|cantidadArt B --> 1
23/04/2022 18:08:42|PrecVear --> 150
23/04/2022 18:08:42|montoArt --> 123,96694214876
23/04/2022 18:08:42|ivaArt --> 21
23/04/2022 18:08:42|hasarOCX.ImprimirItem --> OK
23/04/2022 18:08:42|Articulo --> harpic antisarro
23/04/2022 18:08:42|cantidadArt B --> 1
23/04/2022 18:08:42|PrecVear --> 230
23/04/2022 18:08:42|montoArt --> 190,082644628099
23/04/2022 18:08:42|ivaArt --> 21
23/04/2022 18:08:43|hasarOCX.ImprimirItem --> OK
23/04/2022 18:08:43|Articulo --> vanish pvox450 dp rosa
23/04/2022 18:08:43|cantidadArt B --> 1
23/04/2022 18:08:43|PrecVear --> 490
23/04/2022 18:08:43|montoArt --> 404,95867768595
23/04/2022 18:08:43|ivaArt --> 21
23/04/2022 18:08:43|hasarOCX.ImprimirItem --> OK
23/04/2022 18:08:43|Articulo --> sun abrillantador x500 ml.
23/04/2022 18:08:43|cantidadArt B --> 1
23/04/2022 18:08:43|PrecVear --> 1300
23/04/2022 18:08:43|montoArt --> 1074,38016528926
23/04/2022 18:08:43|ivaArt --> 21
23/04/2022 18:08:44|hasarOCX.ImprimirItem --> OK
23/04/2022 18:08:44|Articulo --> sun sal x1 kg.
23/04/2022 18:08:44|cantidadArt B --> 1
23/04/2022 18:08:44|PrecVear --> 620
23/04/2022 18:08:44|montoArt --> 512,396694214876
23/04/2022 18:08:44|ivaArt --> 21
23/04/2022 18:08:44|hasarOCX.ImprimirItem --> OK
23/04/2022 18:08:44|Articulo --> finish det. pvo. 1kg
23/04/2022 18:08:44|cantidadArt B --> 1
23/04/2022 18:08:44|PrecVear --> 810
23/04/2022 18:08:44|montoArt --> 669,421487603306
23/04/2022 18:08:44|ivaArt --> 21
23/04/2022 18:08:44|hasarOCX.ImprimirItem --> OK
23/04/2022 18:08:44|Articulo --> ala liquido 3 l dp
23/04/2022 18:08:44|cantidadArt B --> 1
23/04/2022 18:08:44|PrecVear --> 690
23/04/2022 18:08:44|montoArt --> 570,247933884297
23/04/2022 18:08:44|ivaArt --> 21
23/04/2022 18:08:45|hasarOCX.ImprimirItem --> OK
23/04/2022 18:08:45|Cerrar Comprobante B:::
23/04/2022 18:08:48|Obtiene nrocomp
23/04/2022 18:08:48|nrocomp --> 21348
23/04/2022 18:08:48|Nro. de Comprobante ::: TFB ::: 21348
23/04/2022 18:08:48|Ety.TicketFiscal: 21348
23/04/2022 18:13:11|Comienza Facturacion B
23/04/2022 18:13:11|DatosCliente B
23/04/2022 18:13:13|AbrirComprobanteFiscal B
23/04/2022 18:13:13|Articulo --> ecole
23/04/2022 18:13:13|cantidadArt B --> 1
23/04/2022 18:13:13|PrecVear --> 460
23/04/2022 18:13:13|montoArt --> 380,165289256198
23/04/2022 18:13:13|ivaArt --> 21
23/04/2022 18:13:14|hasarOCX.ImprimirItem --> OK
23/04/2022 18:13:14|Articulo --> q soft toall. hum. aloe y vit. x50 u.
23/04/2022 18:13:14|cantidadArt B --> 2
23/04/2022 18:13:14|PrecVear --> 190
23/04/2022 18:13:14|montoArt --> 157,02479338843
23/04/2022 18:13:14|ivaArt --> 21
23/04/2022 18:13:14|hasarOCX.ImprimirItem --> OK
23/04/2022 18:13:14|Articulo --> varios
23/04/2022 18:13:14|cantidadArt B --> 1
23/04/2022 18:13:14|PrecVear --> 230
23/04/2022 18:13:14|montoArt --> 190,082644628099
23/04/2022 18:13:14|ivaArt --> 21
23/04/2022 18:13:14|hasarOCX.ImprimirItem --> OK
23/04/2022 18:13:14|Articulo --> mary bosques 60 segundos
23/04/2022 18:13:14|cantidadArt B --> 1
23/04/2022 18:13:14|PrecVear --> 85
23/04/2022 18:13:14|montoArt --> 70,2479338842975
23/04/2022 18:13:14|ivaArt --> 21
23/04/2022 18:13:15|hasarOCX.ImprimirItem --> OK
23/04/2022 18:13:15|Articulo --> cutex quitaesmalte fortalecedor x100ml
23/04/2022 18:13:15|cantidadArt B --> 1
23/04/2022 18:13:15|PrecVear --> 180
23/04/2022 18:13:15|montoArt --> 148,760330578512
23/04/2022 18:13:15|ivaArt --> 21
23/04/2022 18:13:15|hasarOCX.ImprimirItem --> OK
23/04/2022 18:13:15|Cerrar Comprobante B:::
23/04/2022 18:13:18|Obtiene nrocomp
23/04/2022 18:13:18|nrocomp --> 21349
23/04/2022 18:13:18|Nro. de Comprobante ::: TFB ::: 21349
23/04/2022 18:13:18|Ety.TicketFiscal: 21349
23/04/2022 18:15:46|Comienza Facturacion B
23/04/2022 18:15:46|DatosCliente B
23/04/2022 18:15:48|AbrirComprobanteFiscal B
23/04/2022 18:15:48|Articulo --> mortimer esponja cuadriculada
23/04/2022 18:15:48|cantidadArt B --> 1
23/04/2022 18:15:48|PrecVear --> 60
23/04/2022 18:15:48|montoArt --> 49,5867768595041
23/04/2022 18:15:48|ivaArt --> 21
23/04/2022 18:15:49|hasarOCX.ImprimirItem --> OK
23/04/2022 18:15:49|Articulo --> el coloso rollo cocx3 x 40paños
23/04/2022 18:15:49|cantidadArt B --> 1
23/04/2022 18:15:49|PrecVear --> 110
23/04/2022 18:15:49|montoArt --> 90,9090909090909
23/04/2022 18:15:49|ivaArt --> 21
23/04/2022 18:15:49|hasarOCX.ImprimirItem --> OK
23/04/2022 18:15:49|Articulo --> el coloso hig.ecolog x4
23/04/2022 18:15:49|cantidadArt B --> 1
23/04/2022 18:15:49|PrecVear --> 110
23/04/2022 18:15:49|montoArt --> 90,9090909090909
23/04/2022 18:15:49|ivaArt --> 21
23/04/2022 18:15:50|hasarOCX.ImprimirItem --> OK
23/04/2022 18:15:50|Articulo --> procenex limpx900 original -8375
23/04/2022 18:15:50|cantidadArt B --> 1
23/04/2022 18:15:50|PrecVear --> 150
23/04/2022 18:15:50|montoArt --> 123,96694214876
23/04/2022 18:15:50|ivaArt --> 21
23/04/2022 18:15:50|hasarOCX.ImprimirItem --> OK
23/04/2022 18:15:50|Articulo --> el coloso esponja combinada de acero
23/04/2022 18:15:50|cantidadArt B --> 1
23/04/2022 18:15:50|PrecVear --> 190
23/04/2022 18:15:50|montoArt --> 157,02479338843
23/04/2022 18:15:50|ivaArt --> 21
23/04/2022 18:15:50|hasarOCX.ImprimirItem --> OK
23/04/2022 18:15:50|Articulo --> energico rejilla especial
23/04/2022 18:15:50|cantidadArt B --> 1
23/04/2022 18:15:50|PrecVear --> 95
23/04/2022 18:15:50|montoArt --> 78,5123966942149
23/04/2022 18:15:50|ivaArt --> 21
23/04/2022 18:15:51|hasarOCX.ImprimirItem --> OK
23/04/2022 18:15:51|Articulo --> magistral x300 limon
23/04/2022 18:15:51|cantidadArt B --> 1
23/04/2022 18:15:51|PrecVear --> 145
23/04/2022 18:15:51|montoArt --> 119,834710743802
23/04/2022 18:15:51|ivaArt --> 21
23/04/2022 18:15:51|hasarOCX.ImprimirItem --> OK
23/04/2022 18:15:51|Articulo --> mr musculo cocina dp
23/04/2022 18:15:51|cantidadArt B --> 1
23/04/2022 18:15:51|PrecVear --> 90
23/04/2022 18:15:51|montoArt --> 74,3801652892562
23/04/2022 18:15:51|ivaArt --> 21
23/04/2022 18:15:51|hasarOCX.ImprimirItem --> OK
23/04/2022 18:15:51|Articulo --> dove jabon x90 blanco
23/04/2022 18:15:51|cantidadArt B --> 1
23/04/2022 18:15:51|PrecVear --> 140
23/04/2022 18:15:51|montoArt --> 115,702479338843
23/04/2022 18:15:51|ivaArt --> 21
23/04/2022 18:15:52|hasarOCX.ImprimirItem --> OK
23/04/2022 18:15:52|Articulo --> algabo jabon liquido 300 ml green tea doy pack
23/04/2022 18:15:52|cantidadArt B --> 2
23/04/2022 18:15:52|PrecVear --> 95
23/04/2022 18:15:52|montoArt --> 78,5123966942149
23/04/2022 18:15:52|ivaArt --> 21
23/04/2022 18:15:52|hasarOCX.ImprimirItem --> OK
23/04/2022 18:15:52|Articulo --> j&j cotonetes 24x100unid
23/04/2022 18:15:52|cantidadArt B --> 1
23/04/2022 18:15:52|PrecVear --> 195
23/04/2022 18:15:52|montoArt --> 161,157024793388
23/04/2022 18:15:52|ivaArt --> 21
23/04/2022 18:15:52|hasarOCX.ImprimirItem --> OK
23/04/2022 18:15:52|Articulo --> elite pañuelo x70 uni
23/04/2022 18:15:52|cantidadArt B --> 2
23/04/2022 18:15:52|PrecVear --> 60
23/04/2022 18:15:52|montoArt --> 49,5867768595041
23/04/2022 18:15:52|ivaArt --> 21
23/04/2022 18:15:53|hasarOCX.ImprimirItem --> OK
23/04/2022 18:15:53|Articulo --> vivere suavx900 dp classic
23/04/2022 18:15:53|cantidadArt B --> 1
23/04/2022 18:15:53|PrecVear --> 210
23/04/2022 18:15:53|montoArt --> 173,553719008264
23/04/2022 18:15:53|ivaArt --> 21
23/04/2022 18:15:53|hasarOCX.ImprimirItem --> OK
23/04/2022 18:15:53|Articulo --> ayudin lav.x1lts tot.max.pureza
23/04/2022 18:15:53|cantidadArt B --> 1
23/04/2022 18:15:53|PrecVear --> 95
23/04/2022 18:15:53|montoArt --> 78,5123966942149
23/04/2022 18:15:53|ivaArt --> 21
23/04/2022 18:15:53|hasarOCX.ImprimirItem --> OK
23/04/2022 18:15:53|Cerrar Comprobante B:::
23/04/2022 18:15:56|Obtiene nrocomp
23/04/2022 18:15:57|nrocomp --> 21350
23/04/2022 18:15:57|Nro. de Comprobante ::: TFB ::: 21350
23/04/2022 18:15:57|Ety.TicketFiscal: 21350
23/04/2022 18:17:47|Comienza Facturacion B
23/04/2022 18:17:47|DatosCliente B
23/04/2022 18:17:49|AbrirComprobanteFiscal B
23/04/2022 18:17:49|Articulo --> saphirus sahumerios
23/04/2022 18:17:49|cantidadArt B --> 1
23/04/2022 18:17:49|PrecVear --> 170
23/04/2022 18:17:49|montoArt --> 140,495867768595
23/04/2022 18:17:49|ivaArt --> 21
23/04/2022 18:17:50|hasarOCX.ImprimirItem --> OK
23/04/2022 18:17:50|Articulo --> jyj toallitas
23/04/2022 18:17:50|cantidadArt B --> 1
23/04/2022 18:17:50|PrecVear --> 290
23/04/2022 18:17:50|montoArt --> 239,669421487603
23/04/2022 18:17:50|ivaArt --> 21
23/04/2022 18:17:50|hasarOCX.ImprimirItem --> OK
23/04/2022 18:17:50|Articulo --> estrella pañal junior x30u
23/04/2022 18:17:50|cantidadArt B --> 1
23/04/2022 18:17:50|PrecVear --> 1130
23/04/2022 18:17:50|montoArt --> 933,884297520661
23/04/2022 18:17:50|ivaArt --> 21
23/04/2022 18:17:50|hasarOCX.ImprimirItem --> OK
23/04/2022 18:17:50|Cerrar Comprobante B:::
23/04/2022 18:17:53|Obtiene nrocomp
23/04/2022 18:17:54|nrocomp --> 21351
23/04/2022 18:17:54|Nro. de Comprobante ::: TFB ::: 21351
23/04/2022 18:17:54|Ety.TicketFiscal: 21351
23/04/2022 18:26:30|Comienza Facturacion B
23/04/2022 18:26:30|DatosCliente B
23/04/2022 18:26:33|AbrirComprobanteFiscal B
23/04/2022 18:26:33|Articulo --> querubin jabon liquido x900ml
23/04/2022 18:26:33|cantidadArt B --> 1
23/04/2022 18:26:33|PrecVear --> 215
23/04/2022 18:26:33|montoArt --> 177,685950413223
23/04/2022 18:26:33|ivaArt --> 21
23/04/2022 18:26:33|hasarOCX.ImprimirItem --> OK
23/04/2022 18:26:33|Articulo --> trenet oxi efect.espuma dpx250-3037
23/04/2022 18:26:33|cantidadArt B --> 1
23/04/2022 18:26:33|PrecVear --> 115
23/04/2022 18:26:33|montoArt --> 95,0413223140496
23/04/2022 18:26:33|ivaArt --> 21
23/04/2022 18:26:33|hasarOCX.ImprimirItem --> OK
23/04/2022 18:26:33|Articulo --> vivere suavx810 dp plancha facil
23/04/2022 18:26:33|cantidadArt B --> 1
23/04/2022 18:26:33|PrecVear --> 185
23/04/2022 18:26:33|montoArt --> 152,892561983471
23/04/2022 18:26:33|ivaArt --> 21
23/04/2022 18:26:34|hasarOCX.ImprimirItem --> OK
23/04/2022 18:26:34|Articulo --> el coloso acond.pisosx500
23/04/2022 18:26:34|cantidadArt B --> 1
23/04/2022 18:26:34|PrecVear --> 60
23/04/2022 18:26:34|montoArt --> 49,5867768595041
23/04/2022 18:26:34|ivaArt --> 21
23/04/2022 18:26:34|hasarOCX.ImprimirItem --> OK
23/04/2022 18:26:34|Articulo --> ballerina amarilla
23/04/2022 18:26:34|cantidadArt B --> 1
23/04/2022 18:26:34|PrecVear --> 50
23/04/2022 18:26:34|montoArt --> 41,3223140495868
23/04/2022 18:26:34|ivaArt --> 21
23/04/2022 18:26:34|hasarOCX.ImprimirItem --> OK
23/04/2022 18:26:34|Cerrar Comprobante B:::
23/04/2022 18:26:37|Obtiene nrocomp
23/04/2022 18:26:38|nrocomp --> 21352
23/04/2022 18:26:38|Nro. de Comprobante ::: TFB ::: 21352
23/04/2022 18:26:38|Ety.TicketFiscal: 21352
23/04/2022 18:36:08|Comienza Facturacion B
23/04/2022 18:36:09|DatosCliente B
23/04/2022 18:36:11|AbrirComprobanteFiscal B
23/04/2022 18:36:11|Articulo --> estrella pañales g 68
23/04/2022 18:36:11|cantidadArt B --> 1
23/04/2022 18:36:11|PrecVear --> 1850
23/04/2022 18:36:11|montoArt --> 1528,92561983471
23/04/2022 18:36:11|ivaArt --> 21
23/04/2022 18:36:12|hasarOCX.ImprimirItem --> OK
23/04/2022 18:36:12|Articulo --> 1016 vaita vaso con sorbete antiderrame y asas
23/04/2022 18:36:12|cantidadArt B --> 1
23/04/2022 18:36:12|PrecVear --> 1069
23/04/2022 18:36:12|montoArt --> 883,471074380165
23/04/2022 18:36:12|ivaArt --> 21
23/04/2022 18:36:12|hasarOCX.ImprimirItem --> OK
23/04/2022 18:36:12|Cerrar Comprobante B:::
23/04/2022 18:36:15|Obtiene nrocomp
23/04/2022 18:36:15|nrocomp --> 21353
23/04/2022 18:36:15|Nro. de Comprobante ::: TFB ::: 21353
23/04/2022 18:36:15|Ety.TicketFiscal: 21353
23/04/2022 18:45:42|cerrando pantalla venta
23/04/2022 18:45:59|Conectando..
23/04/2022 18:45:59|IP: 127.0.0.1 - Puerto: 6500
23/04/2022 18:45:59|Conectado con éxito!!
23/04/2022 18:50:48|Comienza Facturacion B
23/04/2022 18:50:48|DatosCliente B
23/04/2022 18:50:51|AbrirComprobanteFiscal B
23/04/2022 18:50:51|Articulo --> rexona jabon x125
23/04/2022 18:50:51|cantidadArt B --> 1
23/04/2022 18:50:51|PrecVear --> 80
23/04/2022 18:50:51|montoArt --> 66,1157024793389
23/04/2022 18:50:51|ivaArt --> 21
23/04/2022 18:50:51|hasarOCX.ImprimirItem --> OK
23/04/2022 18:50:51|Articulo --> rexona jabon x125
23/04/2022 18:50:51|cantidadArt B --> 1
23/04/2022 18:50:51|PrecVear --> 80
23/04/2022 18:50:51|montoArt --> 66,1157024793389
23/04/2022 18:50:51|ivaArt --> 21
23/04/2022 18:50:52|hasarOCX.ImprimirItem --> OK
23/04/2022 18:50:52|Articulo --> echo x450 dp clasico-646653
23/04/2022 18:50:52|cantidadArt B --> 2
23/04/2022 18:50:52|PrecVear --> 215
23/04/2022 18:50:52|montoArt --> 177,685950413223
23/04/2022 18:50:52|ivaArt --> 21
23/04/2022 18:50:52|hasarOCX.ImprimirItem --> OK
23/04/2022 18:50:52|Articulo --> felpita maxirollo x240u dh
23/04/2022 18:50:52|cantidadArt B --> 1
23/04/2022 18:50:52|PrecVear --> 185
23/04/2022 18:50:52|montoArt --> 152,892561983471
23/04/2022 18:50:52|ivaArt --> 21
23/04/2022 18:50:52|hasarOCX.ImprimirItem --> OK
23/04/2022 18:50:52|Articulo --> ambar sahumerios rosa
23/04/2022 18:50:52|cantidadArt B --> 3
23/04/2022 18:50:52|PrecVear --> 115
23/04/2022 18:50:52|montoArt --> 95,0413223140496
23/04/2022 18:50:52|ivaArt --> 21
23/04/2022 18:50:53|hasarOCX.ImprimirItem --> OK
23/04/2022 18:50:53|Articulo --> rexona aero  apx90 sport.fem-1346
23/04/2022 18:50:53|cantidadArt B --> 1
23/04/2022 18:50:53|PrecVear --> 260
23/04/2022 18:50:53|montoArt --> 214,876033057851
23/04/2022 18:50:53|ivaArt --> 21
23/04/2022 18:50:53|hasarOCX.ImprimirItem --> OK
23/04/2022 18:50:53|Articulo --> crema dermofil humectante aloe vera x470g
23/04/2022 18:50:53|cantidadArt B --> 1
23/04/2022 18:50:53|PrecVear --> 630
23/04/2022 18:50:53|montoArt --> 520,661157024793
23/04/2022 18:50:53|ivaArt --> 21
23/04/2022 18:50:54|hasarOCX.ImprimirItem --> OK
23/04/2022 18:50:54|Articulo --> mary bosques 3 minutos
23/04/2022 18:50:54|cantidadArt B --> 2
23/04/2022 18:50:54|PrecVear --> 80
23/04/2022 18:50:54|montoArt --> 66,1157024793389
23/04/2022 18:50:54|ivaArt --> 21
23/04/2022 18:50:54|hasarOCX.ImprimirItem --> OK
23/04/2022 18:50:54|Cerrar Comprobante B:::
23/04/2022 18:50:57|Obtiene nrocomp
23/04/2022 18:50:57|nrocomp --> 21354
23/04/2022 18:50:57|Nro. de Comprobante ::: TFB ::: 21354
23/04/2022 18:50:57|Ety.TicketFiscal: 21354
23/04/2022 19:03:32|Comienza Facturacion B
23/04/2022 19:03:32|DatosCliente B
23/04/2022 19:03:36|AbrirComprobanteFiscal B
23/04/2022 19:03:36|Articulo --> sussex rollo cocx3 clas
23/04/2022 19:03:36|cantidadArt B --> 1
23/04/2022 19:03:36|PrecVear --> 145
23/04/2022 19:03:36|montoArt --> 119,834710743802
23/04/2022 19:03:36|ivaArt --> 21
23/04/2022 19:03:36|hasarOCX.ImprimirItem --> OK
23/04/2022 19:03:36|Articulo --> fidelite acond acido x230 ml
23/04/2022 19:03:36|cantidadArt B --> 1
23/04/2022 19:03:36|PrecVear --> 390
23/04/2022 19:03:36|montoArt --> 322,314049586777
23/04/2022 19:03:36|ivaArt --> 21
23/04/2022 19:03:37|hasarOCX.ImprimirItem --> OK
23/04/2022 19:03:37|Articulo --> ayudin lav.x1lts tot.max.pureza
23/04/2022 19:03:37|cantidadArt B --> 1
23/04/2022 19:03:37|PrecVear --> 95
23/04/2022 19:03:37|montoArt --> 78,5123966942149
23/04/2022 19:03:37|ivaArt --> 21
23/04/2022 19:03:37|hasarOCX.ImprimirItem --> OK
23/04/2022 19:03:37|Articulo --> poett desinfectante lavanda
23/04/2022 19:03:37|cantidadArt B --> 1
23/04/2022 19:03:37|PrecVear --> 110
23/04/2022 19:03:37|montoArt --> 90,9090909090909
23/04/2022 19:03:37|ivaArt --> 21
23/04/2022 19:03:37|hasarOCX.ImprimirItem --> OK
23/04/2022 19:03:37|Articulo --> avengers colonia spiderman c/estuche 125 ml
23/04/2022 19:03:37|cantidadArt B --> 1
23/04/2022 19:03:37|PrecVear --> 450
23/04/2022 19:03:37|montoArt --> 371,900826446281
23/04/2022 19:03:37|ivaArt --> 21
23/04/2022 19:03:38|hasarOCX.ImprimirItem --> OK
23/04/2022 19:03:38|Articulo --> ballerina amarilla
23/04/2022 19:03:38|cantidadArt B --> 1
23/04/2022 19:03:38|PrecVear --> 50
23/04/2022 19:03:38|montoArt --> 41,3223140495868
23/04/2022 19:03:38|ivaArt --> 21
23/04/2022 19:03:38|hasarOCX.ImprimirItem --> OK
23/04/2022 19:03:38|Articulo --> mr trapo gris ext. suave
23/04/2022 19:03:38|cantidadArt B --> 1
23/04/2022 19:03:38|PrecVear --> 110
23/04/2022 19:03:38|montoArt --> 90,9090909090909
23/04/2022 19:03:38|ivaArt --> 21
23/04/2022 19:03:38|hasarOCX.ImprimirItem --> OK
23/04/2022 19:03:38|Articulo --> magistral x300 limon
23/04/2022 19:03:38|cantidadArt B --> 1
23/04/2022 19:03:38|PrecVear --> 145
23/04/2022 19:03:38|montoArt --> 119,834710743802
23/04/2022 19:03:38|ivaArt --> 21
23/04/2022 19:03:39|hasarOCX.ImprimirItem --> OK
23/04/2022 19:03:39|Cerrar Comprobante B:::
23/04/2022 19:03:42|Obtiene nrocomp
23/04/2022 19:03:42|nrocomp --> 21355
23/04/2022 19:03:42|Nro. de Comprobante ::: TFB ::: 21355
23/04/2022 19:03:42|Ety.TicketFiscal: 21355
23/04/2022 19:09:11|Comienza Facturacion B
23/04/2022 19:09:12|DatosCliente B
23/04/2022 19:09:14|AbrirComprobanteFiscal B
23/04/2022 19:09:14|Articulo --> candela encendedor de bolsillo
23/04/2022 19:09:14|cantidadArt B --> 1
23/04/2022 19:09:14|PrecVear --> 60
23/04/2022 19:09:14|montoArt --> 49,5867768595041
23/04/2022 19:09:14|ivaArt --> 21
23/04/2022 19:09:14|hasarOCX.ImprimirItem --> OK
23/04/2022 19:09:14|Articulo --> ala jabon en pan coco
23/04/2022 19:09:14|cantidadArt B --> 1
23/04/2022 19:09:14|PrecVear --> 98
23/04/2022 19:09:14|montoArt --> 80,9917355371901
23/04/2022 19:09:14|ivaArt --> 21
23/04/2022 19:09:15|hasarOCX.ImprimirItem --> OK
23/04/2022 19:09:15|Articulo --> el coloso guantes max t8 med
23/04/2022 19:09:15|cantidadArt B --> 1
23/04/2022 19:09:15|PrecVear --> 220
23/04/2022 19:09:15|montoArt --> 181,818181818182
23/04/2022 19:09:15|ivaArt --> 21
23/04/2022 19:09:15|hasarOCX.ImprimirItem --> OK
23/04/2022 19:09:15|Articulo --> prix guantes ultra gde
23/04/2022 19:09:15|cantidadArt B --> 1
23/04/2022 19:09:15|PrecVear --> 150
23/04/2022 19:09:15|montoArt --> 123,96694214876
23/04/2022 19:09:15|ivaArt --> 21
23/04/2022 19:09:16|hasarOCX.ImprimirItem --> OK
23/04/2022 19:09:16|Articulo --> condor escoba lava cantos
23/04/2022 19:09:16|cantidadArt B --> 1
23/04/2022 19:09:16|PrecVear --> 320
23/04/2022 19:09:16|montoArt --> 264,462809917355
23/04/2022 19:09:16|ivaArt --> 21
23/04/2022 19:09:16|hasarOCX.ImprimirItem --> OK
23/04/2022 19:09:16|Articulo --> condor cepillo para lavar matilde
23/04/2022 19:09:16|cantidadArt B --> 1
23/04/2022 19:09:16|PrecVear --> 230
23/04/2022 19:09:16|montoArt --> 190,082644628099
23/04/2022 19:09:16|ivaArt --> 21
23/04/2022 19:09:16|hasarOCX.ImprimirItem --> OK
23/04/2022 19:09:16|Articulo --> condor cepillo multiuso
23/04/2022 19:09:16|cantidadArt B --> 1
23/04/2022 19:09:16|PrecVear --> 195
23/04/2022 19:09:16|montoArt --> 161,157024793388
23/04/2022 19:09:16|ivaArt --> 21
23/04/2022 19:09:17|hasarOCX.ImprimirItem --> OK
23/04/2022 19:09:17|Cerrar Comprobante B:::
23/04/2022 19:09:20|Obtiene nrocomp
23/04/2022 19:09:20|nrocomp --> 21356
23/04/2022 19:09:20|Nro. de Comprobante ::: TFB ::: 21356
23/04/2022 19:09:20|Ety.TicketFiscal: 21356
23/04/2022 19:20:36|Comienza Facturacion B
23/04/2022 19:20:36|DatosCliente B
23/04/2022 19:20:39|AbrirComprobanteFiscal B
23/04/2022 19:20:39|Articulo --> sedal care x340
23/04/2022 19:20:39|cantidadArt B --> 1
23/04/2022 19:20:39|PrecVear --> 340
23/04/2022 19:20:39|montoArt --> 280,99173553719
23/04/2022 19:20:39|ivaArt --> 21
23/04/2022 19:20:39|hasarOCX.ImprimirItem --> OK
23/04/2022 19:20:39|Articulo --> sedal care x340
23/04/2022 19:20:39|cantidadArt B --> 1
23/04/2022 19:20:39|PrecVear --> 340
23/04/2022 19:20:39|montoArt --> 280,99173553719
23/04/2022 19:20:39|ivaArt --> 21
23/04/2022 19:20:39|hasarOCX.ImprimirItem --> OK
23/04/2022 19:20:39|Articulo --> pantene x400ml
23/04/2022 19:20:39|cantidadArt B --> 1
23/04/2022 19:20:39|PrecVear --> 550
23/04/2022 19:20:39|montoArt --> 454,545454545455
23/04/2022 19:20:39|ivaArt --> 21
23/04/2022 19:20:40|hasarOCX.ImprimirItem --> OK
23/04/2022 19:20:40|Articulo --> fuyi espirales x12
23/04/2022 19:20:40|cantidadArt B --> 1
23/04/2022 19:20:40|PrecVear --> 140
23/04/2022 19:20:40|montoArt --> 115,702479338843
23/04/2022 19:20:40|ivaArt --> 21
23/04/2022 19:20:40|hasarOCX.ImprimirItem --> OK
23/04/2022 19:20:40|Articulo --> depimiel cr.dep.rostro (a+b) x45grs
23/04/2022 19:20:40|cantidadArt B --> 1
23/04/2022 19:20:40|PrecVear --> 380
23/04/2022 19:20:40|montoArt --> 314,04958677686
23/04/2022 19:20:40|ivaArt --> 21
23/04/2022 19:20:41|hasarOCX.ImprimirItem --> OK
23/04/2022 19:20:41|Articulo --> glade canasta liquida rep
23/04/2022 19:20:41|cantidadArt B --> 1
23/04/2022 19:20:41|PrecVear --> 390
23/04/2022 19:20:41|montoArt --> 322,314049586777
23/04/2022 19:20:41|ivaArt --> 21
23/04/2022 19:20:41|hasarOCX.ImprimirItem --> OK
23/04/2022 19:20:41|Articulo --> colgate herbal x70g
23/04/2022 19:20:41|cantidadArt B --> 2
23/04/2022 19:20:41|PrecVear --> 190
23/04/2022 19:20:41|montoArt --> 157,02479338843
23/04/2022 19:20:41|ivaArt --> 21
23/04/2022 19:20:41|hasarOCX.ImprimirItem --> OK
23/04/2022 19:20:41|Articulo --> dove jabon x90 blanco
23/04/2022 19:20:41|cantidadArt B --> 4
23/04/2022 19:20:41|PrecVear --> 140
23/04/2022 19:20:41|montoArt --> 115,702479338843
23/04/2022 19:20:41|ivaArt --> 21
23/04/2022 19:20:42|hasarOCX.ImprimirItem --> OK
23/04/2022 19:20:42|Articulo --> selton mmm x307g rojo acc.prol
23/04/2022 19:20:42|cantidadArt B --> 1
23/04/2022 19:20:42|PrecVear --> 195
23/04/2022 19:20:42|montoArt --> 161,157024793388
23/04/2022 19:20:42|ivaArt --> 21
23/04/2022 19:20:42|hasarOCX.ImprimirItem --> OK
23/04/2022 19:20:42|Cerrar Comprobante B:::
23/04/2022 19:20:45|Obtiene nrocomp
23/04/2022 19:20:45|nrocomp --> 21357
23/04/2022 19:20:45|Nro. de Comprobante ::: TFB ::: 21357
23/04/2022 19:20:45|Ety.TicketFiscal: 21357
23/04/2022 19:22:27|Comienza Facturacion B
23/04/2022 19:22:28|DatosCliente B
23/04/2022 19:22:30|AbrirComprobanteFiscal B
23/04/2022 19:22:30|Articulo --> cicatricure crema corporal x400ml
23/04/2022 19:22:30|cantidadArt B --> 1
23/04/2022 19:22:30|PrecVear --> 890
23/04/2022 19:22:30|montoArt --> 735,537190082645
23/04/2022 19:22:30|ivaArt --> 21
23/04/2022 19:22:31|hasarOCX.ImprimirItem --> OK
23/04/2022 19:22:31|Articulo --> frilayp botox x240g
23/04/2022 19:22:31|cantidadArt B --> 1
23/04/2022 19:22:31|PrecVear --> 490
23/04/2022 19:22:31|montoArt --> 404,95867768595
23/04/2022 19:22:31|ivaArt --> 21
23/04/2022 19:22:31|hasarOCX.ImprimirItem --> OK
23/04/2022 19:22:31|Cerrar Comprobante B:::
23/04/2022 19:22:34|Obtiene nrocomp
23/04/2022 19:22:34|nrocomp --> 21358
23/04/2022 19:22:34|Nro. de Comprobante ::: TFB ::: 21358
23/04/2022 19:22:34|Ety.TicketFiscal: 21358
23/04/2022 19:32:46|Comienza Facturacion B
23/04/2022 19:32:46|DatosCliente B
23/04/2022 19:32:49|AbrirComprobanteFiscal B
23/04/2022 19:32:49|Articulo --> varios
23/04/2022 19:32:49|cantidadArt B --> 1
23/04/2022 19:32:49|PrecVear --> 740
23/04/2022 19:32:49|montoArt --> 611,570247933884
23/04/2022 19:32:49|ivaArt --> 21
23/04/2022 19:32:49|hasarOCX.ImprimirItem --> OK
23/04/2022 19:32:49|Articulo --> felpita maxirollo x240u dh
23/04/2022 19:32:49|cantidadArt B --> 1
23/04/2022 19:32:49|PrecVear --> 185
23/04/2022 19:32:49|montoArt --> 152,892561983471
23/04/2022 19:32:49|ivaArt --> 21
23/04/2022 19:32:50|hasarOCX.ImprimirItem --> OK
23/04/2022 19:32:50|Articulo --> saphirus mini concentrado 'amour
23/04/2022 19:32:50|cantidadArt B --> 1
23/04/2022 19:32:50|PrecVear --> 180
23/04/2022 19:32:50|montoArt --> 148,760330578512
23/04/2022 19:32:50|ivaArt --> 21
23/04/2022 19:32:50|hasarOCX.ImprimirItem --> OK
23/04/2022 19:32:50|Articulo --> carefree protec largos x60
23/04/2022 19:32:50|cantidadArt B --> 1
23/04/2022 19:32:50|PrecVear --> 890
23/04/2022 19:32:50|montoArt --> 735,537190082645
23/04/2022 19:32:50|ivaArt --> 21
23/04/2022 19:32:50|hasarOCX.ImprimirItem --> OK
23/04/2022 19:32:50|Articulo --> glade discos activos rep.limon
23/04/2022 19:32:50|cantidadArt B --> 1
23/04/2022 19:32:50|PrecVear --> 370
23/04/2022 19:32:50|montoArt --> 305,785123966942
23/04/2022 19:32:50|ivaArt --> 21
23/04/2022 19:32:51|hasarOCX.ImprimirItem --> OK
23/04/2022 19:32:51|Articulo --> eucerin facial fps 50 oil control
23/04/2022 19:32:51|cantidadArt B --> 1
23/04/2022 19:32:51|PrecVear --> 2100
23/04/2022 19:32:51|montoArt --> 1735,53719008264
23/04/2022 19:32:51|ivaArt --> 21
23/04/2022 19:32:51|hasarOCX.ImprimirItem --> OK
23/04/2022 19:32:51|Cerrar Comprobante B:::
23/04/2022 19:32:54|Obtiene nrocomp
23/04/2022 19:32:54|nrocomp --> 21359
23/04/2022 19:32:54|Nro. de Comprobante ::: TFB ::: 21359
23/04/2022 19:32:54|Ety.TicketFiscal: 21359
23/04/2022 19:44:28|cerrando pantalla venta
23/04/2022 19:46:52|Conectando..
23/04/2022 19:46:52|IP: 127.0.0.1 - Puerto: 6500
23/04/2022 19:46:52|Conectado con éxito!!
23/04/2022 19:48:38|cerrando pantalla venta
23/04/2022 19:48:44|Conectando..
23/04/2022 19:48:44|IP: 127.0.0.1 - Puerto: 6500
23/04/2022 19:48:45|Conectado con éxito!!
23/04/2022 19:50:46|cerrando pantalla venta
23/04/2022 19:50:49|Conectando..
23/04/2022 19:50:49|IP: 127.0.0.1 - Puerto: 6500
23/04/2022 19:50:50|Conectado con éxito!!
23/04/2022 19:50:57|Comienza Facturacion B
23/04/2022 19:50:58|DatosCliente B
23/04/2022 19:51:00|AbrirComprobanteFiscal B
23/04/2022 19:51:00|Articulo --> alta moda mascx300 argan
23/04/2022 19:51:00|cantidadArt B --> 1
23/04/2022 19:51:00|PrecVear --> 480
23/04/2022 19:51:00|montoArt --> 396,694214876033
23/04/2022 19:51:00|ivaArt --> 21
23/04/2022 19:51:01|hasarOCX.ImprimirItem --> OK
23/04/2022 19:51:01|Articulo --> dove sh y ac x400 ml
23/04/2022 19:51:01|cantidadArt B --> 1
23/04/2022 19:51:01|PrecVear --> 495
23/04/2022 19:51:01|montoArt --> 409,090909090909
23/04/2022 19:51:01|ivaArt --> 21
23/04/2022 19:51:01|hasarOCX.ImprimirItem --> OK
23/04/2022 19:51:01|Articulo --> dove sh y ac x400 ml
23/04/2022 19:51:01|cantidadArt B --> 1
23/04/2022 19:51:01|PrecVear --> 495
23/04/2022 19:51:01|montoArt --> 409,090909090909
23/04/2022 19:51:01|ivaArt --> 21
23/04/2022 19:51:01|hasarOCX.ImprimirItem --> OK
23/04/2022 19:51:01|Cerrar Comprobante B:::
23/04/2022 19:51:04|Obtiene nrocomp
23/04/2022 19:51:05|nrocomp --> 21360
23/04/2022 19:51:05|Nro. de Comprobante ::: TFB ::: 21360
23/04/2022 19:51:05|Ety.TicketFiscal: 21360
23/04/2022 20:10:41|Comienza Facturacion B
23/04/2022 20:10:41|DatosCliente B
23/04/2022 20:10:44|AbrirComprobanteFiscal B
23/04/2022 20:10:44|Articulo --> ab her secret desire x80ml
23/04/2022 20:10:44|cantidadArt B --> 1
23/04/2022 20:10:44|PrecVear --> 4880
23/04/2022 20:10:44|montoArt --> 4033,05785123967
23/04/2022 20:10:44|ivaArt --> 21
23/04/2022 20:10:44|hasarOCX.ImprimirItem --> OK
23/04/2022 20:10:44|Cerrar Comprobante B:::
23/04/2022 20:10:47|Obtiene nrocomp
23/04/2022 20:10:47|nrocomp --> 21361
23/04/2022 20:10:47|Nro. de Comprobante ::: TFB ::: 21361
23/04/2022 20:10:47|Ety.TicketFiscal: 21361
23/04/2022 20:16:02|Comienza Facturacion B
23/04/2022 20:16:03|DatosCliente B
23/04/2022 20:16:05|AbrirComprobanteFiscal B
23/04/2022 20:16:05|Articulo --> loreal agmicelar mixt/grasa x200ml.
23/04/2022 20:16:05|cantidadArt B --> 1
23/04/2022 20:16:05|PrecVear --> 1070
23/04/2022 20:16:05|montoArt --> 884,297520661157
23/04/2022 20:16:05|ivaArt --> 21
23/04/2022 20:16:06|hasarOCX.ImprimirItem --> OK
23/04/2022 20:16:06|Articulo --> sedal x10 ml sh y ac
23/04/2022 20:16:06|cantidadArt B --> 4
23/04/2022 20:16:06|PrecVear --> 18
23/04/2022 20:16:06|montoArt --> 14,8760330578512
23/04/2022 20:16:06|ivaArt --> 21
23/04/2022 20:16:06|hasarOCX.ImprimirItem --> OK
23/04/2022 20:16:06|Cerrar Comprobante B:::
23/04/2022 20:16:09|Obtiene nrocomp
23/04/2022 20:16:09|nrocomp --> 21362
23/04/2022 20:16:09|Nro. de Comprobante ::: TFB ::: 21362
23/04/2022 20:16:09|Ety.TicketFiscal: 21362
23/04/2022 20:18:54|cerrando pantalla venta
23/04/2022 20:19:49|Conectando..
23/04/2022 20:19:49|IP: 127.0.0.1 - Puerto: 6500
23/04/2022 20:19:50|Conectado con éxito!!
23/04/2022 20:19:51|cerrando pantalla venta
23/04/2022 20:19:53|Conectando..
23/04/2022 20:19:53|IP: 127.0.0.1 - Puerto: 6500
23/04/2022 20:19:54|Conectado con éxito!!
23/04/2022 20:20:00|cerrando pantalla venta
23/04/2022 20:21:13|*************COMIENZA Cierre  Z**********
23/04/2022 20:21:22|CIERRE Z
Cierre Z Nº =[693]
Fecha del Cierre        =[23/04/2022 0:00:00]
DF Emitidos             =[61]
DF Cancelados           =[1]
DF Total                =[12557201]
DF Total Gravado        =[10377845]
DF Total No Gravado     =[0]
DF Total Exento         =[0]
DF Total IVA            =[2179356]
DF Total Otros Tributos =[0]
NC Emitidas             =[0]
NC Canceladas           =[0]
NC Total                =[0]
NC Total Gravado        =[0]
NC Total No Gravado     =[0]
NC Total Exento         =[0]
NC Total IVA            =[0]
NC Total Otros Tributos =[0]
DNFH Emitidos           =[0]
DNFH Total              =[0]

23/04/2022 20:22:39|Conectando..
23/04/2022 20:22:39|IP: 127.0.0.1 - Puerto: 6500
23/04/2022 20:22:55|cerrando pantalla venta
23/04/2022 20:22:57|Conectando..
23/04/2022 20:22:57|IP: 127.0.0.1 - Puerto: 6500
23/04/2022 20:23:02|cerrando pantalla venta
