12/08/2021 9:00:46|Conectando..
12/08/2021 9:00:46|IP: 127.0.0.1 - Puerto: 6500
12/08/2021 9:02:14|Comienza Facturacion B
12/08/2021 9:02:15|DatosCliente B
12/08/2021 9:02:18|AbrirComprobanteFiscal B
12/08/2021 9:02:18|Articulo --> odol cr.dentalx180ml
12/08/2021 9:02:18|cantidadArt B --> 1
12/08/2021 9:02:18|PrecVear --> 220
12/08/2021 9:02:18|montoArt --> 181,818181818182
12/08/2021 9:02:18|ivaArt --> 21
12/08/2021 9:02:19|hasarOCX.ImprimirItem --> OK
12/08/2021 9:02:19|Articulo --> la porteña perchas x4 uni
12/08/2021 9:02:19|cantidadArt B --> 1
12/08/2021 9:02:19|PrecVear --> 130
12/08/2021 9:02:19|montoArt --> 107,438016528926
12/08/2021 9:02:19|ivaArt --> 21
12/08/2021 9:02:19|hasarOCX.ImprimirItem --> OK
12/08/2021 9:02:19|Articulo --> bx7 encendedor
12/08/2021 9:02:19|cantidadArt B --> 1
12/08/2021 9:02:19|PrecVear --> 60
12/08/2021 9:02:19|montoArt --> 49,5867768595041
12/08/2021 9:02:19|ivaArt --> 21
12/08/2021 9:02:19|hasarOCX.ImprimirItem --> OK
12/08/2021 9:02:19|Articulo --> cif cremax750 orig nuevo
12/08/2021 9:02:19|cantidadArt B --> 1
12/08/2021 9:02:19|PrecVear --> 145
12/08/2021 9:02:19|montoArt --> 119,834710743802
12/08/2021 9:02:19|ivaArt --> 21
12/08/2021 9:02:20|hasarOCX.ImprimirItem --> OK
12/08/2021 9:02:20|Articulo --> ala plus cremx750 aloe vera
12/08/2021 9:02:20|cantidadArt B --> 1
12/08/2021 9:02:20|PrecVear --> 79
12/08/2021 9:02:20|montoArt --> 65,2892561983471
12/08/2021 9:02:20|ivaArt --> 21
12/08/2021 9:02:20|hasarOCX.ImprimirItem --> OK
12/08/2021 9:02:20|Articulo --> mortimer esponja cuadriculada
12/08/2021 9:02:20|cantidadArt B --> 1
12/08/2021 9:02:20|PrecVear --> 40
12/08/2021 9:02:20|montoArt --> 33,0578512396694
12/08/2021 9:02:20|ivaArt --> 21
12/08/2021 9:02:20|hasarOCX.ImprimirItem --> OK
12/08/2021 9:02:20|Articulo --> ambar sahumerios canela
12/08/2021 9:02:20|cantidadArt B --> 1
12/08/2021 9:02:20|PrecVear --> 110
12/08/2021 9:02:20|montoArt --> 90,9090909090909
12/08/2021 9:02:20|ivaArt --> 21
12/08/2021 9:02:21|hasarOCX.ImprimirItem --> OK
12/08/2021 9:02:21|Articulo --> dove jabon x90 blanco
12/08/2021 9:02:21|cantidadArt B --> 2
12/08/2021 9:02:21|PrecVear --> 79
12/08/2021 9:02:21|montoArt --> 65,2892561983471
12/08/2021 9:02:21|ivaArt --> 21
12/08/2021 9:02:21|hasarOCX.ImprimirItem --> OK
12/08/2021 9:02:21|Articulo --> la porteña rejilla pab. doble
12/08/2021 9:02:21|cantidadArt B --> 1
12/08/2021 9:02:21|PrecVear --> 65
12/08/2021 9:02:21|montoArt --> 53,7190082644628
12/08/2021 9:02:21|ivaArt --> 21
12/08/2021 9:02:21|hasarOCX.ImprimirItem --> OK
12/08/2021 9:02:21|Articulo --> el coloso fosforosx220un
12/08/2021 9:02:21|cantidadArt B --> 1
12/08/2021 9:02:21|PrecVear --> 50
12/08/2021 9:02:21|montoArt --> 41,3223140495868
12/08/2021 9:02:21|ivaArt --> 21
12/08/2021 9:02:22|hasarOCX.ImprimirItem --> OK
12/08/2021 9:02:22|Articulo --> selton mmmx360 casa y jardin-24462
12/08/2021 9:02:22|cantidadArt B --> 1
12/08/2021 9:02:22|PrecVear --> 175
12/08/2021 9:02:22|montoArt --> 144,628099173554
12/08/2021 9:02:22|ivaArt --> 21
12/08/2021 9:02:22|hasarOCX.ImprimirItem --> OK
12/08/2021 9:02:22|Articulo --> el coloso alcohol etilico x 500 ml
12/08/2021 9:02:22|cantidadArt B --> 1
12/08/2021 9:02:22|PrecVear --> 120
12/08/2021 9:02:22|montoArt --> 99,1735537190083
12/08/2021 9:02:22|ivaArt --> 21
12/08/2021 9:02:23|hasarOCX.ImprimirItem --> OK
12/08/2021 9:02:23|Articulo --> ayudin lav.x2l original
12/08/2021 9:02:23|cantidadArt B --> 1
12/08/2021 9:02:23|PrecVear --> 125
12/08/2021 9:02:23|montoArt --> 103,305785123967
12/08/2021 9:02:23|ivaArt --> 21
12/08/2021 9:02:23|hasarOCX.ImprimirItem --> OK
12/08/2021 9:02:23|Cerrar Comprobante B:::
12/08/2021 9:02:26|Obtiene nrocomp
12/08/2021 9:02:26|nrocomp --> 13190
12/08/2021 9:02:26|Nro. de Comprobante ::: TFB ::: 13190
12/08/2021 9:13:03|Comienza Facturacion B
12/08/2021 9:13:03|DatosCliente B
12/08/2021 9:13:06|AbrirComprobanteFiscal B
12/08/2021 9:13:06|Articulo --> varios
12/08/2021 9:13:06|cantidadArt B --> 1
12/08/2021 9:13:06|PrecVear --> 560
12/08/2021 9:13:06|montoArt --> 462,809917355372
12/08/2021 9:13:06|ivaArt --> 21
12/08/2021 9:13:06|hasarOCX.ImprimirItem --> OK
12/08/2021 9:13:06|Cerrar Comprobante B:::
12/08/2021 9:13:09|Obtiene nrocomp
12/08/2021 9:13:09|nrocomp --> 13191
12/08/2021 9:13:09|Nro. de Comprobante ::: TFB ::: 13191
12/08/2021 9:19:23|Comienza Facturacion B
12/08/2021 9:19:23|DatosCliente B
12/08/2021 9:19:25|AbrirComprobanteFiscal B
12/08/2021 9:19:25|Articulo --> match 3 cartucho sensible x3
12/08/2021 9:19:25|cantidadArt B --> 1
12/08/2021 9:19:25|PrecVear --> 660
12/08/2021 9:19:25|montoArt --> 545,454545454546
12/08/2021 9:19:25|ivaArt --> 21
12/08/2021 9:19:26|hasarOCX.ImprimirItem --> OK
12/08/2021 9:19:26|Articulo --> varios
12/08/2021 9:19:26|cantidadArt B --> 1
12/08/2021 9:19:26|PrecVear --> 1300
12/08/2021 9:19:26|montoArt --> 1074,38016528926
12/08/2021 9:19:26|ivaArt --> 21
12/08/2021 9:19:26|hasarOCX.ImprimirItem --> OK
12/08/2021 9:19:26|Cerrar Comprobante B:::
12/08/2021 9:19:29|Obtiene nrocomp
12/08/2021 9:19:29|nrocomp --> 13192
12/08/2021 9:19:29|Nro. de Comprobante ::: TFB ::: 13192
12/08/2021 9:21:51|Comienza Facturacion B
12/08/2021 9:21:51|DatosCliente B
12/08/2021 9:21:53|AbrirComprobanteFiscal B
12/08/2021 9:21:53|Articulo --> veritas colonia clasica x 400 ml. 400
12/08/2021 9:21:53|cantidadArt B --> 1
12/08/2021 9:21:53|PrecVear --> 330
12/08/2021 9:21:53|montoArt --> 272,727272727273
12/08/2021 9:21:53|ivaArt --> 21
12/08/2021 9:21:54|hasarOCX.ImprimirItem --> OK
12/08/2021 9:21:54|Cerrar Comprobante B:::
12/08/2021 9:21:57|Obtiene nrocomp
12/08/2021 9:21:57|nrocomp --> 13193
12/08/2021 9:21:57|Nro. de Comprobante ::: TFB ::: 13193
12/08/2021 9:34:06|Comienza Facturacion B
12/08/2021 9:34:06|DatosCliente B
12/08/2021 9:34:09|AbrirComprobanteFiscal B
12/08/2021 9:34:09|Articulo --> varios
12/08/2021 9:34:09|cantidadArt B --> 1
12/08/2021 9:34:09|PrecVear --> 255
12/08/2021 9:34:09|montoArt --> 210,743801652893
12/08/2021 9:34:09|ivaArt --> 21
12/08/2021 9:34:09|hasarOCX.ImprimirItem --> OK
12/08/2021 9:34:09|Articulo --> cif active gel x450 ml doy pack limon
12/08/2021 9:34:09|cantidadArt B --> 1
12/08/2021 9:34:09|PrecVear --> 130
12/08/2021 9:34:09|montoArt --> 107,438016528926
12/08/2021 9:34:09|ivaArt --> 21
12/08/2021 9:34:10|hasarOCX.ImprimirItem --> OK
12/08/2021 9:34:10|Articulo --> route 66 aromatizante citrico
12/08/2021 9:34:10|cantidadArt B --> 1
12/08/2021 9:34:10|PrecVear --> 180
12/08/2021 9:34:10|montoArt --> 148,760330578512
12/08/2021 9:34:10|ivaArt --> 21
12/08/2021 9:34:10|hasarOCX.ImprimirItem --> OK
12/08/2021 9:34:10|Cerrar Comprobante B:::
12/08/2021 9:34:13|Obtiene nrocomp
12/08/2021 9:34:13|nrocomp --> 13194
12/08/2021 9:34:13|Nro. de Comprobante ::: TFB ::: 13194
12/08/2021 9:52:49|cerrando pantalla venta
12/08/2021 9:52:58|Conectando..
12/08/2021 9:52:58|IP: 127.0.0.1 - Puerto: 6500
12/08/2021 9:52:59|Conectado con éxito!!
12/08/2021 10:02:24|Comienza Facturacion B
12/08/2021 10:02:24|DatosCliente B
12/08/2021 10:02:26|AbrirComprobanteFiscal B
12/08/2021 10:02:26|Articulo --> tortulan cr.hidratant.sintacc x80gr
12/08/2021 10:02:26|cantidadArt B --> 1
12/08/2021 10:02:26|PrecVear --> 370
12/08/2021 10:02:26|montoArt --> 305,785123966942
12/08/2021 10:02:26|ivaArt --> 21
12/08/2021 10:02:27|hasarOCX.ImprimirItem --> OK
12/08/2021 10:02:27|Articulo --> nutrisse m.kit 70 rub.med.
12/08/2021 10:02:27|cantidadArt B --> 1
12/08/2021 10:02:27|PrecVear --> 330
12/08/2021 10:02:27|montoArt --> 272,727272727273
12/08/2021 10:02:27|ivaArt --> 21
12/08/2021 10:02:27|hasarOCX.ImprimirItem --> OK
12/08/2021 10:02:27|Articulo --> samantha limpiavidrios x30
12/08/2021 10:02:27|cantidadArt B --> 1
12/08/2021 10:02:27|PrecVear --> 230
12/08/2021 10:02:27|montoArt --> 190,082644628099
12/08/2021 10:02:27|ivaArt --> 21
12/08/2021 10:02:28|hasarOCX.ImprimirItem --> OK
12/08/2021 10:02:28|Cerrar Comprobante B:::
12/08/2021 10:02:31|Obtiene nrocomp
12/08/2021 10:02:31|nrocomp --> 13195
12/08/2021 10:02:31|Nro. de Comprobante ::: TFB ::: 13195
12/08/2021 10:22:51|Comienza Facturacion B
12/08/2021 10:22:52|DatosCliente B
12/08/2021 10:22:54|AbrirComprobanteFiscal B
12/08/2021 10:22:54|Articulo --> huggies supreme care xxg x50
12/08/2021 10:22:54|cantidadArt B --> 2
12/08/2021 10:22:54|PrecVear --> 1480
12/08/2021 10:22:54|montoArt --> 1223,14049586777
12/08/2021 10:22:54|ivaArt --> 21
12/08/2021 10:22:54|hasarOCX.ImprimirItem --> OK
12/08/2021 10:22:54|Cerrar Comprobante B:::
12/08/2021 10:22:58|Obtiene nrocomp
12/08/2021 10:22:58|nrocomp --> 13196
12/08/2021 10:22:58|Nro. de Comprobante ::: TFB ::: 13196
12/08/2021 10:25:43|Comienza Facturacion B
12/08/2021 10:25:43|DatosCliente B
12/08/2021 10:25:46|AbrirComprobanteFiscal B
12/08/2021 10:25:46|Articulo --> doncella protector mam. x24u
12/08/2021 10:25:46|cantidadArt B --> 1
12/08/2021 10:25:46|PrecVear --> 190
12/08/2021 10:25:46|montoArt --> 157,02479338843
12/08/2021 10:25:46|ivaArt --> 21
12/08/2021 10:25:46|hasarOCX.ImprimirItem --> OK
12/08/2021 10:25:46|Articulo --> colgate cep.kids 5 x2un
12/08/2021 10:25:46|cantidadArt B --> 1
12/08/2021 10:25:46|PrecVear --> 165
12/08/2021 10:25:46|montoArt --> 136,363636363636
12/08/2021 10:25:46|ivaArt --> 21
12/08/2021 10:25:46|hasarOCX.ImprimirItem --> OK
12/08/2021 10:25:46|Articulo --> colgate kids tuti frutti
12/08/2021 10:25:46|cantidadArt B --> 1
12/08/2021 10:25:46|PrecVear --> 80
12/08/2021 10:25:46|montoArt --> 66,1157024793389
12/08/2021 10:25:46|ivaArt --> 21
12/08/2021 10:25:47|hasarOCX.ImprimirItem --> OK
12/08/2021 10:25:47|Articulo --> veritas jabon glicerina x120 neutro
12/08/2021 10:25:47|cantidadArt B --> 1
12/08/2021 10:25:47|PrecVear --> 85
12/08/2021 10:25:47|montoArt --> 70,2479338842975
12/08/2021 10:25:47|ivaArt --> 21
12/08/2021 10:25:47|hasarOCX.ImprimirItem --> OK
12/08/2021 10:25:47|Articulo --> 4187 vaita chupete anatomico 0+
12/08/2021 10:25:47|cantidadArt B --> 1
12/08/2021 10:25:47|PrecVear --> 330
12/08/2021 10:25:47|montoArt --> 272,727272727273
12/08/2021 10:25:47|ivaArt --> 21
12/08/2021 10:25:48|hasarOCX.ImprimirItem --> OK
12/08/2021 10:25:48|Cerrar Comprobante B:::
12/08/2021 10:25:51|Obtiene nrocomp
12/08/2021 10:25:51|nrocomp --> 13197
12/08/2021 10:25:51|Nro. de Comprobante ::: TFB ::: 13197
12/08/2021 10:26:24|Comienza Facturacion B
12/08/2021 10:26:24|DatosCliente B
12/08/2021 10:26:27|AbrirComprobanteFiscal B
12/08/2021 10:26:27|Articulo --> colgate cep.kids 5 x2un
12/08/2021 10:26:27|cantidadArt B --> 1
12/08/2021 10:26:27|PrecVear --> 165
12/08/2021 10:26:27|montoArt --> 136,363636363636
12/08/2021 10:26:27|ivaArt --> 21
12/08/2021 10:26:27|hasarOCX.ImprimirItem --> OK
12/08/2021 10:26:27|Articulo --> doncella protector mam. x24u
12/08/2021 10:26:27|cantidadArt B --> 1
12/08/2021 10:26:27|PrecVear --> 190
12/08/2021 10:26:27|montoArt --> 157,02479338843
12/08/2021 10:26:27|ivaArt --> 21
12/08/2021 10:26:28|hasarOCX.ImprimirItem --> OK
12/08/2021 10:26:28|Articulo --> 4187 vaita chupete anatomico 0+
12/08/2021 10:26:28|cantidadArt B --> 1
12/08/2021 10:26:28|PrecVear --> 330
12/08/2021 10:26:28|montoArt --> 272,727272727273
12/08/2021 10:26:28|ivaArt --> 21
12/08/2021 10:26:28|hasarOCX.ImprimirItem --> OK
12/08/2021 10:26:28|Articulo --> veritas jabon glicerina x120 neutro
12/08/2021 10:26:28|cantidadArt B --> 1
12/08/2021 10:26:28|PrecVear --> 85
12/08/2021 10:26:28|montoArt --> 70,2479338842975
12/08/2021 10:26:28|ivaArt --> 21
12/08/2021 10:26:28|hasarOCX.ImprimirItem --> OK
12/08/2021 10:26:28|Articulo --> colgate kids tuti frutti
12/08/2021 10:26:28|cantidadArt B --> 1
12/08/2021 10:26:28|PrecVear --> 80
12/08/2021 10:26:28|montoArt --> 66,1157024793389
12/08/2021 10:26:28|ivaArt --> 21
12/08/2021 10:26:29|hasarOCX.ImprimirItem --> OK
12/08/2021 10:26:29|Articulo --> cicatricure beauty care x50gr
12/08/2021 10:26:29|cantidadArt B --> 1
12/08/2021 10:26:29|PrecVear --> 930
12/08/2021 10:26:29|montoArt --> 768,595041322314
12/08/2021 10:26:29|ivaArt --> 21
12/08/2021 10:26:29|hasarOCX.ImprimirItem --> OK
12/08/2021 10:26:29|Cerrar Comprobante B:::
12/08/2021 10:26:32|Obtiene nrocomp
12/08/2021 10:26:32|nrocomp --> 13198
12/08/2021 10:26:32|Nro. de Comprobante ::: TFB ::: 13198
12/08/2021 10:31:07|Comienza Facturacion B
12/08/2021 10:31:07|DatosCliente B
12/08/2021 10:31:10|AbrirComprobanteFiscal B
12/08/2021 10:31:10|Articulo --> hs acondx375 carbon activado
12/08/2021 10:31:10|cantidadArt B --> 1
12/08/2021 10:31:10|PrecVear --> 395
12/08/2021 10:31:10|montoArt --> 326,446280991736
12/08/2021 10:31:10|ivaArt --> 21
12/08/2021 10:31:10|hasarOCX.ImprimirItem --> OK
12/08/2021 10:31:10|Articulo --> hs x375 carb.activado
12/08/2021 10:31:10|cantidadArt B --> 1
12/08/2021 10:31:10|PrecVear --> 395
12/08/2021 10:31:10|montoArt --> 326,446280991736
12/08/2021 10:31:10|ivaArt --> 21
12/08/2021 10:31:11|hasarOCX.ImprimirItem --> OK
12/08/2021 10:31:11|Articulo --> queen esponja silicona
12/08/2021 10:31:11|cantidadArt B --> 1
12/08/2021 10:31:11|PrecVear --> 90
12/08/2021 10:31:11|montoArt --> 74,3801652892562
12/08/2021 10:31:11|ivaArt --> 21
12/08/2021 10:31:11|hasarOCX.ImprimirItem --> OK
12/08/2021 10:31:11|Articulo --> maybelline great lash transparente
12/08/2021 10:31:11|cantidadArt B --> 1
12/08/2021 10:31:11|PrecVear --> 870
12/08/2021 10:31:11|montoArt --> 719,00826446281
12/08/2021 10:31:11|ivaArt --> 21
12/08/2021 10:31:11|hasarOCX.ImprimirItem --> OK
12/08/2021 10:31:11|Articulo --> otowil mascarilla ptos negros
12/08/2021 10:31:11|cantidadArt B --> 1
12/08/2021 10:31:11|PrecVear --> 210
12/08/2021 10:31:11|montoArt --> 173,553719008264
12/08/2021 10:31:11|ivaArt --> 21
12/08/2021 10:31:12|hasarOCX.ImprimirItem --> OK
12/08/2021 10:31:12|Cerrar Comprobante B:::
12/08/2021 10:31:15|Obtiene nrocomp
12/08/2021 10:31:15|nrocomp --> 13199
12/08/2021 10:31:15|Nro. de Comprobante ::: TFB ::: 13199
12/08/2021 10:49:06|Comienza Facturacion B
12/08/2021 10:49:06|DatosCliente B
12/08/2021 10:49:09|AbrirComprobanteFiscal B
12/08/2021 10:49:09|Articulo --> ala x800 mañana de sol
12/08/2021 10:49:09|cantidadArt B --> 1
12/08/2021 10:49:09|PrecVear --> 155
12/08/2021 10:49:09|montoArt --> 128,099173553719
12/08/2021 10:49:09|ivaArt --> 21
12/08/2021 10:49:09|hasarOCX.ImprimirItem --> OK
12/08/2021 10:49:09|Articulo --> mr musculo baño dp
12/08/2021 10:49:09|cantidadArt B --> 1
12/08/2021 10:49:09|PrecVear --> 90
12/08/2021 10:49:09|montoArt --> 74,3801652892562
12/08/2021 10:49:09|ivaArt --> 21
12/08/2021 10:49:09|hasarOCX.ImprimirItem --> OK
12/08/2021 10:49:09|Articulo --> ala x800g matic nvo
12/08/2021 10:49:09|cantidadArt B --> 1
12/08/2021 10:49:09|PrecVear --> 155
12/08/2021 10:49:09|montoArt --> 128,099173553719
12/08/2021 10:49:09|ivaArt --> 21
12/08/2021 10:49:10|hasarOCX.ImprimirItem --> OK
12/08/2021 10:49:10|Articulo --> cif bañox450 doy pack-72961
12/08/2021 10:49:10|cantidadArt B --> 1
12/08/2021 10:49:10|PrecVear --> 78
12/08/2021 10:49:10|montoArt --> 64,4628099173554
12/08/2021 10:49:10|ivaArt --> 21
12/08/2021 10:49:10|hasarOCX.ImprimirItem --> OK
12/08/2021 10:49:10|Articulo --> el coloso guantes max t8 med
12/08/2021 10:49:10|cantidadArt B --> 1
12/08/2021 10:49:10|PrecVear --> 195
12/08/2021 10:49:10|montoArt --> 161,157024793388
12/08/2021 10:49:10|ivaArt --> 21
12/08/2021 10:49:10|hasarOCX.ImprimirItem --> OK
12/08/2021 10:49:10|Articulo --> el coloso hig.ecolog x4
12/08/2021 10:49:10|cantidadArt B --> 1
12/08/2021 10:49:10|PrecVear --> 65
12/08/2021 10:49:10|montoArt --> 53,7190082644628
12/08/2021 10:49:10|ivaArt --> 21
12/08/2021 10:49:11|hasarOCX.ImprimirItem --> OK
12/08/2021 10:49:11|Articulo --> varios
12/08/2021 10:49:11|cantidadArt B --> 2
12/08/2021 10:49:11|PrecVear --> 150
12/08/2021 10:49:11|montoArt --> 123,96694214876
12/08/2021 10:49:11|ivaArt --> 21
12/08/2021 10:49:11|hasarOCX.ImprimirItem --> OK
12/08/2021 10:49:11|Articulo --> estilo spa masajeadora
12/08/2021 10:49:11|cantidadArt B --> 1
12/08/2021 10:49:11|PrecVear --> 110
12/08/2021 10:49:11|montoArt --> 90,9090909090909
12/08/2021 10:49:11|ivaArt --> 21
12/08/2021 10:49:11|hasarOCX.ImprimirItem --> OK
12/08/2021 10:49:11|Articulo --> el coloso suavizx900 oferta x 2
12/08/2021 10:49:11|cantidadArt B --> 1
12/08/2021 10:49:11|PrecVear --> 85
12/08/2021 10:49:11|montoArt --> 70,2479338842975
12/08/2021 10:49:11|ivaArt --> 21
12/08/2021 10:49:12|hasarOCX.ImprimirItem --> OK
12/08/2021 10:49:12|Articulo --> geltex cebo gel cucaracha
12/08/2021 10:49:12|cantidadArt B --> 1
12/08/2021 10:49:12|PrecVear --> 195
12/08/2021 10:49:12|montoArt --> 161,157024793388
12/08/2021 10:49:12|ivaArt --> 21
12/08/2021 10:49:12|hasarOCX.ImprimirItem --> OK
12/08/2021 10:49:12|Cerrar Comprobante B:::
12/08/2021 10:49:15|Obtiene nrocomp
12/08/2021 10:49:15|nrocomp --> 13200
12/08/2021 10:49:15|Nro. de Comprobante ::: TFB ::: 13200
12/08/2021 10:51:36|Comienza Facturacion B
12/08/2021 10:51:36|DatosCliente B
12/08/2021 10:51:39|AbrirComprobanteFiscal B
12/08/2021 10:51:39|Articulo --> hs chx375 oil control
12/08/2021 10:51:39|cantidadArt B --> 1
12/08/2021 10:51:39|PrecVear --> 395
12/08/2021 10:51:39|montoArt --> 326,446280991736
12/08/2021 10:51:39|ivaArt --> 21
12/08/2021 10:51:39|hasarOCX.ImprimirItem --> OK
12/08/2021 10:51:39|Articulo --> pantene shx400 cont.caida
12/08/2021 10:51:39|cantidadArt B --> 1
12/08/2021 10:51:39|PrecVear --> 370
12/08/2021 10:51:39|montoArt --> 305,785123966942
12/08/2021 10:51:39|ivaArt --> 21
12/08/2021 10:51:40|hasarOCX.ImprimirItem --> OK
12/08/2021 10:51:40|Articulo --> bacter all alcohol etilico 70% vol.
12/08/2021 10:51:40|cantidadArt B --> 2
12/08/2021 10:51:40|PrecVear --> 260
12/08/2021 10:51:40|montoArt --> 214,876033057851
12/08/2021 10:51:40|ivaArt --> 21
12/08/2021 10:51:40|hasarOCX.ImprimirItem --> OK
12/08/2021 10:51:40|Articulo --> cif active gel x450 ml doy pack limon verde
12/08/2021 10:51:40|cantidadArt B --> 1
12/08/2021 10:51:40|PrecVear --> 130
12/08/2021 10:51:40|montoArt --> 107,438016528926
12/08/2021 10:51:40|ivaArt --> 21
12/08/2021 10:51:40|hasarOCX.ImprimirItem --> OK
12/08/2021 10:51:40|Articulo --> mr musculo cocina dp
12/08/2021 10:51:40|cantidadArt B --> 1
12/08/2021 10:51:40|PrecVear --> 70
12/08/2021 10:51:40|montoArt --> 57,8512396694215
12/08/2021 10:51:40|ivaArt --> 21
12/08/2021 10:51:41|hasarOCX.ImprimirItem --> OK
12/08/2021 10:51:41|Articulo --> ceramicol aerox360 lustramuebles
12/08/2021 10:51:41|cantidadArt B --> 2
12/08/2021 10:51:41|PrecVear --> 190
12/08/2021 10:51:41|montoArt --> 157,02479338843
12/08/2021 10:51:41|ivaArt --> 21
12/08/2021 10:51:41|hasarOCX.ImprimirItem --> OK
12/08/2021 10:51:41|Articulo --> rexona aero apx90 masc.antibact
12/08/2021 10:51:41|cantidadArt B --> 1
12/08/2021 10:51:41|PrecVear --> 185
12/08/2021 10:51:41|montoArt --> 152,892561983471
12/08/2021 10:51:41|ivaArt --> 21
12/08/2021 10:51:42|hasarOCX.ImprimirItem --> OK
12/08/2021 10:51:42|Articulo --> rexona efficient aerox153g
12/08/2021 10:51:42|cantidadArt B --> 2
12/08/2021 10:51:42|PrecVear --> 230
12/08/2021 10:51:42|montoArt --> 190,082644628099
12/08/2021 10:51:42|ivaArt --> 21
12/08/2021 10:51:42|hasarOCX.ImprimirItem --> OK
12/08/2021 10:51:42|Articulo --> lysoform dp bebe x420 ml
12/08/2021 10:51:42|cantidadArt B --> 1
12/08/2021 10:51:42|PrecVear --> 120
12/08/2021 10:51:42|montoArt --> 99,1735537190083
12/08/2021 10:51:42|ivaArt --> 21
12/08/2021 10:51:42|hasarOCX.ImprimirItem --> OK
12/08/2021 10:51:42|Articulo --> rexona jabx125 active -5480
12/08/2021 10:51:42|cantidadArt B --> 1
12/08/2021 10:51:42|PrecVear --> 53
12/08/2021 10:51:42|montoArt --> 43,801652892562
12/08/2021 10:51:42|ivaArt --> 21
12/08/2021 10:51:43|hasarOCX.ImprimirItem --> OK
12/08/2021 10:51:43|Articulo --> dove jabon x90 blanco
12/08/2021 10:51:43|cantidadArt B --> 2
12/08/2021 10:51:43|PrecVear --> 79
12/08/2021 10:51:43|montoArt --> 65,2892561983471
12/08/2021 10:51:43|ivaArt --> 21
12/08/2021 10:51:43|hasarOCX.ImprimirItem --> OK
12/08/2021 10:51:43|Articulo --> dove show gelx220 d.pack beauty-754
12/08/2021 10:51:43|cantidadArt B --> 2
12/08/2021 10:51:43|PrecVear --> 196
12/08/2021 10:51:43|montoArt --> 161,98347107438
12/08/2021 10:51:43|ivaArt --> 21
12/08/2021 10:51:43|hasarOCX.ImprimirItem --> OK
12/08/2021 10:51:43|Articulo --> varios
12/08/2021 10:51:43|cantidadArt B --> 1
12/08/2021 10:51:43|PrecVear --> 205
12/08/2021 10:51:43|montoArt --> 169,421487603306
12/08/2021 10:51:43|ivaArt --> 21
12/08/2021 10:51:44|hasarOCX.ImprimirItem --> OK
12/08/2021 10:51:44|Cerrar Comprobante B:::
12/08/2021 10:51:47|Obtiene nrocomp
12/08/2021 10:51:47|nrocomp --> 13201
12/08/2021 10:51:47|Nro. de Comprobante ::: TFB ::: 13201
12/08/2021 10:57:16|Comienza Facturacion A
12/08/2021 10:57:16|DatosCliente A
12/08/2021 10:57:18|AbrirComprobanteFiscal A
12/08/2021 10:57:18|Articulo --> poett limpx4l mult.lavanda
12/08/2021 10:57:18|cantidadArt A --> 4
12/08/2021 10:57:18|PrecVear --> 495
12/08/2021 10:57:18|montoArt --> 409,090909090909
12/08/2021 10:57:18|ivaArt --> 21
12/08/2021 10:57:19|hasarOCX.ImprimirItem --> OK
12/08/2021 10:57:19|Articulo --> felpita infinity cocina x3 d/h
12/08/2021 10:57:19|cantidadArt A --> 1
12/08/2021 10:57:19|PrecVear --> 185
12/08/2021 10:57:19|montoArt --> 152,892561983471
12/08/2021 10:57:19|ivaArt --> 21
12/08/2021 10:57:19|hasarOCX.ImprimirItem --> OK
12/08/2021 10:57:19|Articulo --> bolsas residuos 50*70
12/08/2021 10:57:19|cantidadArt A --> 2
12/08/2021 10:57:19|PrecVear --> 85
12/08/2021 10:57:19|montoArt --> 70,2479338842975
12/08/2021 10:57:19|ivaArt --> 21
12/08/2021 10:57:20|hasarOCX.ImprimirItem --> OK
12/08/2021 10:57:20|comienza imprimir sutotal: 
12/08/2021 10:57:20|Cerrar Comprobante A:::
12/08/2021 10:57:22|Obtiene nrocomp
12/08/2021 10:57:22|nrocomp --> 187
12/08/2021 10:57:22|Nro. de Comprobante ::: TFA ::: 187
12/08/2021 10:58:33|Comienza Facturacion B
12/08/2021 10:58:33|DatosCliente B
12/08/2021 10:58:36|AbrirComprobanteFiscal B
12/08/2021 10:58:36|Articulo --> saphirus aromatizante textil pitanga
12/08/2021 10:58:36|cantidadArt B --> 1
12/08/2021 10:58:36|PrecVear --> 210
12/08/2021 10:58:36|montoArt --> 173,553719008264
12/08/2021 10:58:36|ivaArt --> 21
12/08/2021 10:58:36|hasarOCX.ImprimirItem --> OK
12/08/2021 10:58:36|Articulo --> mary bosques 60 segundos
12/08/2021 10:58:36|cantidadArt B --> 1
12/08/2021 10:58:36|PrecVear --> 70
12/08/2021 10:58:36|montoArt --> 57,8512396694215
12/08/2021 10:58:36|ivaArt --> 21
12/08/2021 10:58:36|hasarOCX.ImprimirItem --> OK
12/08/2021 10:58:36|Articulo --> s.o.s. keratotek sin enjuague x10cm3
12/08/2021 10:58:36|cantidadArt B --> 2
12/08/2021 10:58:36|PrecVear --> 45
12/08/2021 10:58:36|montoArt --> 37,1900826446281
12/08/2021 10:58:36|ivaArt --> 21
12/08/2021 10:58:37|hasarOCX.ImprimirItem --> OK
12/08/2021 10:58:37|Articulo --> excellence 7 h0178209
12/08/2021 10:58:37|cantidadArt B --> 1
12/08/2021 10:58:37|PrecVear --> 750
12/08/2021 10:58:37|montoArt --> 619,834710743802
12/08/2021 10:58:37|ivaArt --> 21
12/08/2021 10:58:37|hasarOCX.ImprimirItem --> OK
12/08/2021 10:58:37|Cerrar Comprobante B:::
12/08/2021 10:58:40|Obtiene nrocomp
12/08/2021 10:58:40|nrocomp --> 13202
12/08/2021 10:58:40|Nro. de Comprobante ::: TFB ::: 13202
12/08/2021 11:04:53|Comienza Facturacion B
12/08/2021 11:04:53|DatosCliente B
12/08/2021 11:04:55|AbrirComprobanteFiscal B
12/08/2021 11:04:55|Articulo --> colgate cep.dent.premier ult.
12/08/2021 11:04:55|cantidadArt B --> 1
12/08/2021 11:04:55|PrecVear --> 65
12/08/2021 11:04:55|montoArt --> 53,7190082644628
12/08/2021 11:04:55|ivaArt --> 21
12/08/2021 11:04:56|hasarOCX.ImprimirItem --> OK
12/08/2021 11:04:56|Articulo --> jm cepillo neu cartera rojo ch 441
12/08/2021 11:04:56|cantidadArt B --> 1
12/08/2021 11:04:56|PrecVear --> 520
12/08/2021 11:04:56|montoArt --> 429,752066115703
12/08/2021 11:04:56|ivaArt --> 21
12/08/2021 11:04:56|hasarOCX.ImprimirItem --> OK
12/08/2021 11:04:56|Cerrar Comprobante B:::
12/08/2021 11:04:59|Obtiene nrocomp
12/08/2021 11:04:59|nrocomp --> 13203
12/08/2021 11:04:59|Nro. de Comprobante ::: TFB ::: 13203
12/08/2021 11:09:32|cerrando pantalla venta
12/08/2021 11:09:38|Conectando..
12/08/2021 11:09:38|IP: 127.0.0.1 - Puerto: 6500
12/08/2021 11:09:39|Conectado con éxito!!
12/08/2021 11:11:14|Comienza Facturacion B
12/08/2021 11:11:14|DatosCliente B
12/08/2021 11:11:16|AbrirComprobanteFiscal B
12/08/2021 11:11:16|Articulo --> ayudin paño esp.cocina
12/08/2021 11:11:16|cantidadArt B --> 1
12/08/2021 11:11:16|PrecVear --> 120
12/08/2021 11:11:16|montoArt --> 99,1735537190083
12/08/2021 11:11:16|ivaArt --> 21
12/08/2021 11:11:17|hasarOCX.ImprimirItem --> OK
12/08/2021 11:11:17|Articulo --> el coloso guantes max t8 med
12/08/2021 11:11:17|cantidadArt B --> 1
12/08/2021 11:11:17|PrecVear --> 195
12/08/2021 11:11:17|montoArt --> 161,157024793388
12/08/2021 11:11:17|ivaArt --> 21
12/08/2021 11:11:17|hasarOCX.ImprimirItem --> OK
12/08/2021 11:11:17|Articulo --> condor secador de vidrios
12/08/2021 11:11:17|cantidadArt B --> 1
12/08/2021 11:11:17|PrecVear --> 195
12/08/2021 11:11:17|montoArt --> 161,157024793388
12/08/2021 11:11:17|ivaArt --> 21
12/08/2021 11:11:18|hasarOCX.ImprimirItem --> OK
12/08/2021 11:11:18|Articulo --> siempre libre serena toallx8 anat. con alas
12/08/2021 11:11:18|cantidadArt B --> 2
12/08/2021 11:11:18|PrecVear --> 80
12/08/2021 11:11:18|montoArt --> 66,1157024793389
12/08/2021 11:11:18|ivaArt --> 21
12/08/2021 11:11:18|hasarOCX.ImprimirItem --> OK
12/08/2021 11:11:18|Articulo --> boos intense rosé woman x90ml
12/08/2021 11:11:18|cantidadArt B --> 1
12/08/2021 11:11:18|PrecVear --> 2550
12/08/2021 11:11:18|montoArt --> 2107,43801652893
12/08/2021 11:11:18|ivaArt --> 21
12/08/2021 11:11:18|hasarOCX.ImprimirItem --> OK
12/08/2021 11:11:18|Cerrar Comprobante B:::
12/08/2021 11:11:21|Obtiene nrocomp
12/08/2021 11:11:22|nrocomp --> 13204
12/08/2021 11:11:22|Nro. de Comprobante ::: TFB ::: 13204
12/08/2021 11:24:38|Comienza Facturacion B
12/08/2021 11:24:38|DatosCliente B
12/08/2021 11:24:40|AbrirComprobanteFiscal B
12/08/2021 11:24:40|Articulo --> energizer pila aaa x 6
12/08/2021 11:24:40|cantidadArt B --> 1
12/08/2021 11:24:40|PrecVear --> 450
12/08/2021 11:24:40|montoArt --> 371,900826446281
12/08/2021 11:24:40|ivaArt --> 21
12/08/2021 11:24:41|hasarOCX.ImprimirItem --> OK
12/08/2021 11:24:41|Articulo --> higienol dh mas blanco 30mx4-1958
12/08/2021 11:24:41|cantidadArt B --> 1
12/08/2021 11:24:41|PrecVear --> 165
12/08/2021 11:24:41|montoArt --> 136,363636363636
12/08/2021 11:24:41|ivaArt --> 21
12/08/2021 11:24:41|hasarOCX.ImprimirItem --> OK
12/08/2021 11:24:41|Articulo --> la porteña rejilla pab. doble
12/08/2021 11:24:41|cantidadArt B --> 1
12/08/2021 11:24:41|PrecVear --> 65
12/08/2021 11:24:41|montoArt --> 53,7190082644628
12/08/2021 11:24:41|ivaArt --> 21
12/08/2021 11:24:42|hasarOCX.ImprimirItem --> OK
12/08/2021 11:24:42|Articulo --> vivere suavx810 dp plancha facil
12/08/2021 11:24:42|cantidadArt B --> 1
12/08/2021 11:24:42|PrecVear --> 125
12/08/2021 11:24:42|montoArt --> 103,305785123967
12/08/2021 11:24:42|ivaArt --> 21
12/08/2021 11:24:42|hasarOCX.ImprimirItem --> OK
12/08/2021 11:24:42|Articulo --> ala jab. blanco x200 barra reg
12/08/2021 11:24:42|cantidadArt B --> 1
12/08/2021 11:24:42|PrecVear --> 60
12/08/2021 11:24:42|montoArt --> 49,5867768595041
12/08/2021 11:24:42|ivaArt --> 21
12/08/2021 11:24:42|hasarOCX.ImprimirItem --> OK
12/08/2021 11:24:42|Articulo --> higienol max 80m panal
12/08/2021 11:24:42|cantidadArt B --> 1
12/08/2021 11:24:42|PrecVear --> 195
12/08/2021 11:24:42|montoArt --> 161,157024793388
12/08/2021 11:24:42|ivaArt --> 21
12/08/2021 11:24:43|hasarOCX.ImprimirItem --> OK
12/08/2021 11:24:43|Cerrar Comprobante B:::
12/08/2021 11:24:46|Obtiene nrocomp
12/08/2021 11:24:46|nrocomp --> 13205
12/08/2021 11:24:46|Nro. de Comprobante ::: TFB ::: 13205
12/08/2021 12:09:33|Comienza Facturacion B
12/08/2021 12:09:33|DatosCliente B
12/08/2021 12:09:36|AbrirComprobanteFiscal B
12/08/2021 12:09:36|Articulo --> nivea crcorp.milknutritiva x400ml
12/08/2021 12:09:36|cantidadArt B --> 1
12/08/2021 12:09:36|PrecVear --> 520
12/08/2021 12:09:36|montoArt --> 429,752066115703
12/08/2021 12:09:36|ivaArt --> 21
12/08/2021 12:09:36|hasarOCX.ImprimirItem --> OK
12/08/2021 12:09:36|Articulo --> felpita bco 80 mts
12/08/2021 12:09:36|cantidadArt B --> 1
12/08/2021 12:09:36|PrecVear --> 200
12/08/2021 12:09:36|montoArt --> 165,289256198347
12/08/2021 12:09:36|ivaArt --> 21
12/08/2021 12:09:36|hasarOCX.ImprimirItem --> OK
12/08/2021 12:09:36|Articulo --> el coloso det.pvox800 b.esp.blanq.
12/08/2021 12:09:36|cantidadArt B --> 1
12/08/2021 12:09:36|PrecVear --> 98
12/08/2021 12:09:36|montoArt --> 80,9917355371901
12/08/2021 12:09:36|ivaArt --> 21
12/08/2021 12:09:37|hasarOCX.ImprimirItem --> OK
12/08/2021 12:09:37|Articulo --> otowil socorrocap.trat. x 60 cc. 60 cc
12/08/2021 12:09:37|cantidadArt B --> 1
12/08/2021 12:09:37|PrecVear --> 290
12/08/2021 12:09:37|montoArt --> 239,669421487603
12/08/2021 12:09:37|ivaArt --> 21
12/08/2021 12:09:37|hasarOCX.ImprimirItem --> OK
12/08/2021 12:09:37|Articulo --> key kolor kit 9
12/08/2021 12:09:37|cantidadArt B --> 1
12/08/2021 12:09:37|PrecVear --> 420
12/08/2021 12:09:37|montoArt --> 347,107438016529
12/08/2021 12:09:37|ivaArt --> 21
12/08/2021 12:09:38|hasarOCX.ImprimirItem --> OK
12/08/2021 12:09:38|Cerrar Comprobante B:::
12/08/2021 12:09:41|Obtiene nrocomp
12/08/2021 12:09:41|nrocomp --> 13206
12/08/2021 12:09:41|Nro. de Comprobante ::: TFB ::: 13206
12/08/2021 12:17:48|Comienza Facturacion B
12/08/2021 12:17:48|DatosCliente B
12/08/2021 12:17:50|AbrirComprobanteFiscal B
12/08/2021 12:17:50|Articulo --> estrella pompones x50u
12/08/2021 12:17:50|cantidadArt B --> 1
12/08/2021 12:17:50|PrecVear --> 150
12/08/2021 12:17:50|montoArt --> 123,96694214876
12/08/2021 12:17:50|ivaArt --> 21
12/08/2021 12:17:51|hasarOCX.ImprimirItem --> OK
12/08/2021 12:17:51|Articulo --> harpic power plusx500 citric -8142
12/08/2021 12:17:51|cantidadArt B --> 1
12/08/2021 12:17:51|PrecVear --> 160
12/08/2021 12:17:51|montoArt --> 132,231404958678
12/08/2021 12:17:51|ivaArt --> 21
12/08/2021 12:17:51|hasarOCX.ImprimirItem --> OK
12/08/2021 12:17:51|Articulo --> procenex limpx900 limon -8367
12/08/2021 12:17:51|cantidadArt B --> 1
12/08/2021 12:17:51|PrecVear --> 79
12/08/2021 12:17:51|montoArt --> 65,2892561983471
12/08/2021 12:17:51|ivaArt --> 21
12/08/2021 12:17:52|hasarOCX.ImprimirItem --> OK
12/08/2021 12:17:52|Articulo --> plenitud pd leve x14
12/08/2021 12:17:52|cantidadArt B --> 1
12/08/2021 12:17:52|PrecVear --> 220
12/08/2021 12:17:52|montoArt --> 181,818181818182
12/08/2021 12:17:52|ivaArt --> 21
12/08/2021 12:17:52|hasarOCX.ImprimirItem --> OK
12/08/2021 12:17:52|Articulo --> higienol max 80m panal
12/08/2021 12:17:52|cantidadArt B --> 1
12/08/2021 12:17:52|PrecVear --> 195
12/08/2021 12:17:52|montoArt --> 161,157024793388
12/08/2021 12:17:52|ivaArt --> 21
12/08/2021 12:17:52|hasarOCX.ImprimirItem --> OK
12/08/2021 12:17:52|Articulo --> woolitex450 d.pack rop.oscura-17371
12/08/2021 12:17:52|cantidadArt B --> 1
12/08/2021 12:17:52|PrecVear --> 179
12/08/2021 12:17:52|montoArt --> 147,933884297521
12/08/2021 12:17:52|ivaArt --> 21
12/08/2021 12:17:53|hasarOCX.ImprimirItem --> OK
12/08/2021 12:17:53|Articulo --> valerina amarilla
12/08/2021 12:17:53|cantidadArt B --> 1
12/08/2021 12:17:53|PrecVear --> 45
12/08/2021 12:17:53|montoArt --> 37,1900826446281
12/08/2021 12:17:53|ivaArt --> 21
12/08/2021 12:17:53|hasarOCX.ImprimirItem --> OK
12/08/2021 12:17:53|Articulo --> valerina pisos
12/08/2021 12:17:53|cantidadArt B --> 1
12/08/2021 12:17:53|PrecVear --> 80
12/08/2021 12:17:53|montoArt --> 66,1157024793389
12/08/2021 12:17:53|ivaArt --> 21
12/08/2021 12:17:53|hasarOCX.ImprimirItem --> OK
12/08/2021 12:17:53|Cerrar Comprobante B:::
12/08/2021 12:17:56|Obtiene nrocomp
12/08/2021 12:17:57|nrocomp --> 13207
12/08/2021 12:17:57|Nro. de Comprobante ::: TFB ::: 13207
12/08/2021 16:10:53|Comienza Facturacion B
12/08/2021 16:10:53|DatosCliente B
12/08/2021 16:10:55|AbrirComprobanteFiscal B
12/08/2021 16:10:55|Articulo --> saphirus home spray x500ml
12/08/2021 16:10:55|cantidadArt B --> 1
12/08/2021 16:10:55|PrecVear --> 430
12/08/2021 16:10:55|montoArt --> 355,371900826446
12/08/2021 16:10:55|ivaArt --> 21
12/08/2021 16:10:56|hasarOCX.ImprimirItem --> OK
12/08/2021 16:10:56|Articulo --> blem aerox360 original
12/08/2021 16:10:56|cantidadArt B --> 1
12/08/2021 16:10:56|PrecVear --> 245
12/08/2021 16:10:56|montoArt --> 202,479338842975
12/08/2021 16:10:56|ivaArt --> 21
12/08/2021 16:10:56|hasarOCX.ImprimirItem --> OK
12/08/2021 16:10:56|Articulo --> adult care rop int extra grande x8u
12/08/2021 16:10:56|cantidadArt B --> 2
12/08/2021 16:10:56|PrecVear --> 940
12/08/2021 16:10:56|montoArt --> 776,859504132231
12/08/2021 16:10:56|ivaArt --> 21
12/08/2021 16:10:56|hasarOCX.ImprimirItem --> OK
12/08/2021 16:10:56|Error Imprimiendo Factura B --> Colección modificada; puede que no se ejecute la operación de enumeración.
12/08/2021 16:12:27|Comienza Facturacion B
12/08/2021 16:12:27|Error iniciando Factura B --> Operación no válida para el estado fiscal actual (Imposible ejecutar el comando en el estado VendiendoItems)
12/08/2021 16:12:29|Error Cerrando documento B --> Operación no válida para el estado fiscal actual (Imposible ejecutar el comando en el estado EnJornadaFiscal)
12/08/2021 16:12:29|Conectando..
12/08/2021 16:12:29|IP: 127.0.0.1 - Puerto: 6500
12/08/2021 16:12:30|Conectado con éxito!!
12/08/2021 16:12:30|DatosCliente B
12/08/2021 16:12:33|AbrirComprobanteFiscal B
12/08/2021 16:12:33|Articulo --> balsam c/extr. de algas x400ml % Dto: 25
12/08/2021 16:12:33|cantidadArt B --> 1
12/08/2021 16:12:33|PrecVear --> 615
12/08/2021 16:12:33|montoArt --> 508,264462809917
12/08/2021 16:12:33|ivaArt --> 21
12/08/2021 16:12:33|hasarOCX.ImprimirItem --> OK
12/08/2021 16:12:33|Articulo --> view limp.vidrios aerox360-2226
12/08/2021 16:12:33|cantidadArt B --> 1
12/08/2021 16:12:33|PrecVear --> 350
12/08/2021 16:12:33|montoArt --> 289,256198347107
12/08/2021 16:12:33|ivaArt --> 21
12/08/2021 16:12:34|hasarOCX.ImprimirItem --> OK
12/08/2021 16:12:34|Articulo --> saphirus home spray x500ml
12/08/2021 16:12:34|cantidadArt B --> 1
12/08/2021 16:12:34|PrecVear --> 430
12/08/2021 16:12:34|montoArt --> 355,371900826446
12/08/2021 16:12:34|ivaArt --> 21
12/08/2021 16:12:34|hasarOCX.ImprimirItem --> OK
12/08/2021 16:12:34|Articulo --> farmaco jabon antibacterial
12/08/2021 16:12:34|cantidadArt B --> 1
12/08/2021 16:12:34|PrecVear --> 120
12/08/2021 16:12:34|montoArt --> 99,1735537190083
12/08/2021 16:12:34|ivaArt --> 21
12/08/2021 16:12:34|hasarOCX.ImprimirItem --> OK
12/08/2021 16:12:34|Articulo --> farmaco jabon de glicerina normal
12/08/2021 16:12:34|cantidadArt B --> 1
12/08/2021 16:12:34|PrecVear --> 120
12/08/2021 16:12:34|montoArt --> 99,1735537190083
12/08/2021 16:12:34|ivaArt --> 21
12/08/2021 16:12:35|hasarOCX.ImprimirItem --> OK
12/08/2021 16:12:35|Cerrar Comprobante B:::
12/08/2021 16:12:38|Obtiene nrocomp
12/08/2021 16:12:38|nrocomp --> 13209
12/08/2021 16:12:38|Nro. de Comprobante ::: TFB ::: 13209
12/08/2021 16:21:24|Comienza Facturacion B
12/08/2021 16:21:24|DatosCliente B
12/08/2021 16:21:27|AbrirComprobanteFiscal B
12/08/2021 16:21:27|Articulo --> dove rollonx50 nutritive secrets
12/08/2021 16:21:27|cantidadArt B --> 1
12/08/2021 16:21:27|PrecVear --> 220
12/08/2021 16:21:27|montoArt --> 181,818181818182
12/08/2021 16:21:27|ivaArt --> 21
12/08/2021 16:21:27|hasarOCX.ImprimirItem --> OK
12/08/2021 16:21:27|Articulo --> mary bosques 60 segundos
12/08/2021 16:21:27|cantidadArt B --> 1
12/08/2021 16:21:27|PrecVear --> 70
12/08/2021 16:21:27|montoArt --> 57,8512396694215
12/08/2021 16:21:27|ivaArt --> 21
12/08/2021 16:21:28|hasarOCX.ImprimirItem --> OK
12/08/2021 16:21:28|Articulo --> mary bosques crema de palta
12/08/2021 16:21:28|cantidadArt B --> 1
12/08/2021 16:21:28|PrecVear --> 60
12/08/2021 16:21:28|montoArt --> 49,5867768595041
12/08/2021 16:21:28|ivaArt --> 21
12/08/2021 16:21:28|hasarOCX.ImprimirItem --> OK
12/08/2021 16:21:28|Articulo --> valerina amarilla
12/08/2021 16:21:28|cantidadArt B --> 2
12/08/2021 16:21:28|PrecVear --> 45
12/08/2021 16:21:28|montoArt --> 37,1900826446281
12/08/2021 16:21:28|ivaArt --> 21
12/08/2021 16:21:28|hasarOCX.ImprimirItem --> OK
12/08/2021 16:21:28|Articulo --> el coloso guantes max talle7 chico
12/08/2021 16:21:28|cantidadArt B --> 1
12/08/2021 16:21:28|PrecVear --> 195
12/08/2021 16:21:28|montoArt --> 161,157024793388
12/08/2021 16:21:28|ivaArt --> 21
12/08/2021 16:21:29|hasarOCX.ImprimirItem --> OK
12/08/2021 16:21:29|Articulo --> condor pala de mano
12/08/2021 16:21:29|cantidadArt B --> 1
12/08/2021 16:21:29|PrecVear --> 210
12/08/2021 16:21:29|montoArt --> 173,553719008264
12/08/2021 16:21:29|ivaArt --> 21
12/08/2021 16:21:29|hasarOCX.ImprimirItem --> OK
12/08/2021 16:21:29|Articulo --> estreella hisopos x125
12/08/2021 16:21:29|cantidadArt B --> 1
12/08/2021 16:21:29|PrecVear --> 170
12/08/2021 16:21:29|montoArt --> 140,495867768595
12/08/2021 16:21:29|ivaArt --> 21
12/08/2021 16:21:29|hasarOCX.ImprimirItem --> OK
12/08/2021 16:21:29|Cerrar Comprobante B:::
12/08/2021 16:21:32|Obtiene nrocomp
12/08/2021 16:21:33|nrocomp --> 13210
12/08/2021 16:21:33|Nro. de Comprobante ::: TFB ::: 13210
12/08/2021 16:33:52|Comienza Facturacion B
12/08/2021 16:33:52|DatosCliente B
12/08/2021 16:33:55|AbrirComprobanteFiscal B
12/08/2021 16:33:55|Articulo --> virulana rollitox70grs -17003
12/08/2021 16:33:55|cantidadArt B --> 1
12/08/2021 16:33:55|PrecVear --> 68
12/08/2021 16:33:55|montoArt --> 56,198347107438
12/08/2021 16:33:55|ivaArt --> 21
12/08/2021 16:33:55|hasarOCX.ImprimirItem --> OK
12/08/2021 16:33:55|Articulo --> oral b cr.dentx50minnie-10960
12/08/2021 16:33:55|cantidadArt B --> 2
12/08/2021 16:33:55|PrecVear --> 69
12/08/2021 16:33:55|montoArt --> 57,0247933884298
12/08/2021 16:33:55|ivaArt --> 21
12/08/2021 16:33:55|hasarOCX.ImprimirItem --> OK
12/08/2021 16:33:55|Articulo --> pantene shx200 liso extremo
12/08/2021 16:33:55|cantidadArt B --> 1
12/08/2021 16:33:55|PrecVear --> 210
12/08/2021 16:33:55|montoArt --> 173,553719008264
12/08/2021 16:33:55|ivaArt --> 21
12/08/2021 16:33:56|hasarOCX.ImprimirItem --> OK
12/08/2021 16:33:56|Articulo --> florida balde 12 lts
12/08/2021 16:33:56|cantidadArt B --> 1
12/08/2021 16:33:56|PrecVear --> 360
12/08/2021 16:33:56|montoArt --> 297,520661157025
12/08/2021 16:33:56|ivaArt --> 21
12/08/2021 16:33:56|hasarOCX.ImprimirItem --> OK
12/08/2021 16:33:56|Cerrar Comprobante B:::
12/08/2021 16:33:59|Obtiene nrocomp
12/08/2021 16:33:59|nrocomp --> 13211
12/08/2021 16:33:59|Nro. de Comprobante ::: TFB ::: 13211
12/08/2021 16:51:16|cerrando pantalla venta
12/08/2021 16:51:19|Conectando..
12/08/2021 16:51:19|IP: 127.0.0.1 - Puerto: 6500
12/08/2021 16:51:20|Conectado con éxito!!
12/08/2021 16:54:36|cerrando pantalla venta
12/08/2021 16:54:52|Conectando..
12/08/2021 16:54:52|IP: 127.0.0.1 - Puerto: 6500
12/08/2021 16:54:52|Conectado con éxito!!
12/08/2021 16:54:55|cerrando pantalla venta
12/08/2021 16:54:57|Conectando..
12/08/2021 16:54:57|IP: 127.0.0.1 - Puerto: 6500
12/08/2021 16:54:58|Conectado con éxito!!
12/08/2021 16:55:17|Comienza Facturacion B
12/08/2021 16:55:18|DatosCliente B
12/08/2021 16:55:20|AbrirComprobanteFiscal B
12/08/2021 16:55:20|Articulo --> varios
12/08/2021 16:55:20|cantidadArt B --> 1
12/08/2021 16:55:20|PrecVear --> 15
12/08/2021 16:55:20|montoArt --> 12,396694214876
12/08/2021 16:55:20|ivaArt --> 21
12/08/2021 16:55:20|hasarOCX.ImprimirItem --> OK
12/08/2021 16:55:20|Cerrar Comprobante B:::
12/08/2021 16:55:23|Obtiene nrocomp
12/08/2021 16:55:24|nrocomp --> 13212
12/08/2021 16:55:24|Nro. de Comprobante ::: TFB ::: 13212
12/08/2021 17:03:09|Comienza Facturacion B
12/08/2021 17:03:09|DatosCliente B
12/08/2021 17:03:12|AbrirComprobanteFiscal B
12/08/2021 17:03:12|Articulo --> varios
12/08/2021 17:03:12|cantidadArt B --> 1
12/08/2021 17:03:12|PrecVear --> 75
12/08/2021 17:03:12|montoArt --> 61,9834710743802
12/08/2021 17:03:12|ivaArt --> 21
12/08/2021 17:03:12|hasarOCX.ImprimirItem --> OK
12/08/2021 17:03:12|Articulo --> otowil cielo color turquesa
12/08/2021 17:03:12|cantidadArt B --> 1
12/08/2021 17:03:12|PrecVear --> 170
12/08/2021 17:03:12|montoArt --> 140,495867768595
12/08/2021 17:03:12|ivaArt --> 21
12/08/2021 17:03:12|hasarOCX.ImprimirItem --> OK
12/08/2021 17:03:12|Articulo --> otowil oxidante de 20 vol
12/08/2021 17:03:12|cantidadArt B --> 1
12/08/2021 17:03:12|PrecVear --> 20
12/08/2021 17:03:12|montoArt --> 16,5289256198347
12/08/2021 17:03:12|ivaArt --> 21
12/08/2021 17:03:13|hasarOCX.ImprimirItem --> OK
12/08/2021 17:03:13|Articulo --> aspirador nasal 140
12/08/2021 17:03:13|cantidadArt B --> 1
12/08/2021 17:03:13|PrecVear --> 170
12/08/2021 17:03:13|montoArt --> 140,495867768595
12/08/2021 17:03:13|ivaArt --> 21
12/08/2021 17:03:13|hasarOCX.ImprimirItem --> OK
12/08/2021 17:03:13|Articulo --> huggies toallas humedas con oleo x80
12/08/2021 17:03:13|cantidadArt B --> 1
12/08/2021 17:03:13|PrecVear --> 590
12/08/2021 17:03:13|montoArt --> 487,603305785124
12/08/2021 17:03:13|ivaArt --> 21
12/08/2021 17:03:14|hasarOCX.ImprimirItem --> OK
12/08/2021 17:03:14|Articulo --> nonino juvenil x8 uni j
12/08/2021 17:03:14|cantidadArt B --> 2
12/08/2021 17:03:14|PrecVear --> 330
12/08/2021 17:03:14|montoArt --> 272,727272727273
12/08/2021 17:03:14|ivaArt --> 21
12/08/2021 17:03:14|hasarOCX.ImprimirItem --> OK
12/08/2021 17:03:14|Cerrar Comprobante B:::
12/08/2021 17:03:17|Obtiene nrocomp
12/08/2021 17:03:17|nrocomp --> 13213
12/08/2021 17:03:17|Nro. de Comprobante ::: TFB ::: 13213
12/08/2021 17:25:00|Comienza Facturacion B
12/08/2021 17:25:00|DatosCliente B
12/08/2021 17:25:03|AbrirComprobanteFiscal B
12/08/2021 17:25:03|Articulo --> pampers pants premium care xxg x24
12/08/2021 17:25:03|cantidadArt B --> 2
12/08/2021 17:25:03|PrecVear --> 880
12/08/2021 17:25:03|montoArt --> 727,272727272727
12/08/2021 17:25:03|ivaArt --> 21
12/08/2021 17:25:03|hasarOCX.ImprimirItem --> OK
12/08/2021 17:25:03|Cerrar Comprobante B:::
12/08/2021 17:25:06|Obtiene nrocomp
12/08/2021 17:25:06|nrocomp --> 13214
12/08/2021 17:25:06|Nro. de Comprobante ::: TFB ::: 13214
12/08/2021 17:37:15|cerrando pantalla venta
12/08/2021 17:37:17|Conectando..
12/08/2021 17:37:17|IP: 127.0.0.1 - Puerto: 6500
12/08/2021 17:37:17|Conectado con éxito!!
12/08/2021 17:37:24|Comienza Facturacion B
12/08/2021 17:37:24|DatosCliente B
12/08/2021 17:37:27|AbrirComprobanteFiscal B
12/08/2021 17:37:27|Articulo --> cicatricure antiedad antiarrugas x60gr
12/08/2021 17:37:27|cantidadArt B --> 1
12/08/2021 17:37:27|PrecVear --> 1260
12/08/2021 17:37:27|montoArt --> 1041,32231404959
12/08/2021 17:37:27|ivaArt --> 21
12/08/2021 17:37:27|hasarOCX.ImprimirItem --> OK
12/08/2021 17:37:27|Cerrar Comprobante B:::
12/08/2021 17:37:30|Obtiene nrocomp
12/08/2021 17:37:30|nrocomp --> 13215
12/08/2021 17:37:30|Nro. de Comprobante ::: TFB ::: 13215
12/08/2021 17:48:10|Comienza Facturacion B
12/08/2021 17:48:11|DatosCliente B
12/08/2021 17:48:13|AbrirComprobanteFiscal B
12/08/2021 17:48:13|Articulo --> alfaparf altamoda sh y ac
12/08/2021 17:48:13|cantidadArt B --> 2
12/08/2021 17:48:13|PrecVear --> 240
12/08/2021 17:48:13|montoArt --> 198,347107438017
12/08/2021 17:48:13|ivaArt --> 21
12/08/2021 17:48:14|hasarOCX.ImprimirItem --> OK
12/08/2021 17:48:14|Articulo --> otowil socorrocap.trat. x10cm3
12/08/2021 17:48:14|cantidadArt B --> 1
12/08/2021 17:48:14|PrecVear --> 55
12/08/2021 17:48:14|montoArt --> 45,4545454545455
12/08/2021 17:48:14|ivaArt --> 21
12/08/2021 17:48:14|hasarOCX.ImprimirItem --> OK
12/08/2021 17:48:14|Cerrar Comprobante B:::
12/08/2021 17:48:17|Obtiene nrocomp
12/08/2021 17:48:17|nrocomp --> 13216
12/08/2021 17:48:17|Nro. de Comprobante ::: TFB ::: 13216
12/08/2021 17:48:59|Comienza Facturacion B
12/08/2021 17:48:59|DatosCliente B
12/08/2021 17:49:02|AbrirComprobanteFiscal B
12/08/2021 17:49:02|Articulo --> hennia slip g x8
12/08/2021 17:49:02|cantidadArt B --> 2
12/08/2021 17:49:02|PrecVear --> 845
12/08/2021 17:49:02|montoArt --> 698,347107438017
12/08/2021 17:49:02|ivaArt --> 21
12/08/2021 17:49:02|hasarOCX.ImprimirItem --> OK
12/08/2021 17:49:02|Cerrar Comprobante B:::
12/08/2021 17:49:05|Obtiene nrocomp
12/08/2021 17:49:05|nrocomp --> 13217
12/08/2021 17:49:05|Nro. de Comprobante ::: TFB ::: 13217
12/08/2021 17:54:20|Comienza Facturacion B
12/08/2021 17:54:21|DatosCliente B
12/08/2021 17:54:23|AbrirComprobanteFiscal B
12/08/2021 17:54:23|Articulo --> candy thum lavanda
12/08/2021 17:54:23|cantidadArt B --> 1
12/08/2021 17:54:23|PrecVear --> 75
12/08/2021 17:54:23|montoArt --> 61,9834710743802
12/08/2021 17:54:23|ivaArt --> 21
12/08/2021 17:54:23|hasarOCX.ImprimirItem --> OK
12/08/2021 17:54:23|Articulo --> ab blue seduction women edt x50ml
12/08/2021 17:54:23|cantidadArt B --> 1
12/08/2021 17:54:23|PrecVear --> 2400
12/08/2021 17:54:23|montoArt --> 1983,47107438017
12/08/2021 17:54:23|ivaArt --> 21
12/08/2021 17:54:24|hasarOCX.ImprimirItem --> OK
12/08/2021 17:54:24|Cerrar Comprobante B:::
12/08/2021 17:54:27|Obtiene nrocomp
12/08/2021 17:54:27|nrocomp --> 13218
12/08/2021 17:54:27|Nro. de Comprobante ::: TFB ::: 13218
12/08/2021 18:12:04|Comienza Facturacion B
12/08/2021 18:12:04|DatosCliente B
12/08/2021 18:12:07|AbrirComprobanteFiscal B
12/08/2021 18:12:07|Articulo --> mary bosques 60 segundos
12/08/2021 18:12:07|cantidadArt B --> 5
12/08/2021 18:12:07|PrecVear --> 70
12/08/2021 18:12:07|montoArt --> 57,8512396694215
12/08/2021 18:12:07|ivaArt --> 21
12/08/2021 18:12:07|hasarOCX.ImprimirItem --> OK
12/08/2021 18:12:07|Articulo --> pato canasta liquida full
12/08/2021 18:12:07|cantidadArt B --> 1
12/08/2021 18:12:07|PrecVear --> 260
12/08/2021 18:12:07|montoArt --> 214,876033057851
12/08/2021 18:12:07|ivaArt --> 21
12/08/2021 18:12:07|hasarOCX.ImprimirItem --> OK
12/08/2021 18:12:07|Articulo --> rexona clinical men aero x67g
12/08/2021 18:12:07|cantidadArt B --> 1
12/08/2021 18:12:07|PrecVear --> 280
12/08/2021 18:12:07|montoArt --> 231,404958677686
12/08/2021 18:12:07|ivaArt --> 21
12/08/2021 18:12:08|hasarOCX.ImprimirItem --> OK
12/08/2021 18:12:08|Articulo --> jyj x200 ml sh celeste
12/08/2021 18:12:08|cantidadArt B --> 1
12/08/2021 18:12:08|PrecVear --> 260
12/08/2021 18:12:08|montoArt --> 214,876033057851
12/08/2021 18:12:08|ivaArt --> 21
12/08/2021 18:12:08|hasarOCX.ImprimirItem --> OK
12/08/2021 18:12:08|Articulo --> downy concentrado x500ml adorable
12/08/2021 18:12:08|cantidadArt B --> 1
12/08/2021 18:12:08|PrecVear --> 290
12/08/2021 18:12:08|montoArt --> 239,669421487603
12/08/2021 18:12:08|ivaArt --> 21
12/08/2021 18:12:08|hasarOCX.ImprimirItem --> OK
12/08/2021 18:12:08|Articulo --> skip para diluir x500ml
12/08/2021 18:12:08|cantidadArt B --> 1
12/08/2021 18:12:08|PrecVear --> 490
12/08/2021 18:12:08|montoArt --> 404,95867768595
12/08/2021 18:12:08|ivaArt --> 21
12/08/2021 18:12:09|hasarOCX.ImprimirItem --> OK
12/08/2021 18:12:09|Cerrar Comprobante B:::
12/08/2021 18:12:12|Obtiene nrocomp
12/08/2021 18:12:12|nrocomp --> 13219
12/08/2021 18:12:12|Nro. de Comprobante ::: TFB ::: 13219
12/08/2021 18:17:06|Comienza Facturacion B
12/08/2021 18:17:06|DatosCliente B
12/08/2021 18:17:09|AbrirComprobanteFiscal B
12/08/2021 18:17:09|Articulo --> varios
12/08/2021 18:17:09|cantidadArt B --> 1
12/08/2021 18:17:09|PrecVear --> 135
12/08/2021 18:17:09|montoArt --> 111,570247933884
12/08/2021 18:17:09|ivaArt --> 21
12/08/2021 18:17:09|hasarOCX.ImprimirItem --> OK
12/08/2021 18:17:09|Articulo --> cif cremx375 ult.bco-577708
12/08/2021 18:17:09|cantidadArt B --> 1
12/08/2021 18:17:09|PrecVear --> 89
12/08/2021 18:17:09|montoArt --> 73,5537190082645
12/08/2021 18:17:09|ivaArt --> 21
12/08/2021 18:17:09|hasarOCX.ImprimirItem --> OK
12/08/2021 18:17:09|Articulo --> cif antig.dpx450 nva form
12/08/2021 18:17:09|cantidadArt B --> 1
12/08/2021 18:17:09|PrecVear --> 78
12/08/2021 18:17:09|montoArt --> 64,4628099173554
12/08/2021 18:17:09|ivaArt --> 21
12/08/2021 18:17:10|hasarOCX.ImprimirItem --> OK
12/08/2021 18:17:10|Articulo --> glade pastilla con red x25 pino
12/08/2021 18:17:10|cantidadArt B --> 2
12/08/2021 18:17:10|PrecVear --> 90
12/08/2021 18:17:10|montoArt --> 74,3801652892562
12/08/2021 18:17:10|ivaArt --> 21
12/08/2021 18:17:10|hasarOCX.ImprimirItem --> OK
12/08/2021 18:17:10|Articulo --> diswald espejo x10
12/08/2021 18:17:10|cantidadArt B --> 1
12/08/2021 18:17:10|PrecVear --> 300
12/08/2021 18:17:10|montoArt --> 247,933884297521
12/08/2021 18:17:10|ivaArt --> 21
12/08/2021 18:17:10|hasarOCX.ImprimirItem --> OK
12/08/2021 18:17:10|Cerrar Comprobante B:::
12/08/2021 18:17:13|Obtiene nrocomp
12/08/2021 18:17:14|nrocomp --> 13220
12/08/2021 18:17:14|Nro. de Comprobante ::: TFB ::: 13220
12/08/2021 18:22:08|cerrando pantalla venta
12/08/2021 18:24:38|Conectando..
12/08/2021 18:24:38|IP: 127.0.0.1 - Puerto: 6500
12/08/2021 18:24:38|Conectado con éxito!!
12/08/2021 18:36:14|Comienza Facturacion B
12/08/2021 18:36:14|DatosCliente B
12/08/2021 18:36:16|AbrirComprobanteFiscal B
12/08/2021 18:36:16|Articulo --> el coloso liq floral x900ml
12/08/2021 18:36:16|cantidadArt B --> 1
12/08/2021 18:36:16|PrecVear --> 52
12/08/2021 18:36:16|montoArt --> 42,9752066115703
12/08/2021 18:36:16|ivaArt --> 21
12/08/2021 18:36:17|hasarOCX.ImprimirItem --> OK
12/08/2021 18:36:17|Articulo --> huggies protect plus xxg x50
12/08/2021 18:36:17|cantidadArt B --> 1
12/08/2021 18:36:17|PrecVear --> 1100
12/08/2021 18:36:17|montoArt --> 909,090909090909
12/08/2021 18:36:17|ivaArt --> 21
12/08/2021 18:36:17|hasarOCX.ImprimirItem --> OK
12/08/2021 18:36:17|Articulo --> bolsas de residuos 45*60
12/08/2021 18:36:17|cantidadArt B --> 1
12/08/2021 18:36:17|PrecVear --> 59
12/08/2021 18:36:17|montoArt --> 48,7603305785124
12/08/2021 18:36:17|ivaArt --> 21
12/08/2021 18:36:17|hasarOCX.ImprimirItem --> OK
12/08/2021 18:36:17|Cerrar Comprobante B:::
12/08/2021 18:36:20|Obtiene nrocomp
12/08/2021 18:36:21|nrocomp --> 13221
12/08/2021 18:36:21|Nro. de Comprobante ::: TFB ::: 13221
12/08/2021 18:44:58|cerrando pantalla venta
12/08/2021 18:45:00|Conectando..
12/08/2021 18:45:00|IP: 127.0.0.1 - Puerto: 6500
12/08/2021 18:45:01|Conectado con éxito!!
12/08/2021 18:49:55|Comienza Facturacion B
12/08/2021 18:49:55|DatosCliente B
12/08/2021 18:49:57|AbrirComprobanteFiscal B
12/08/2021 18:49:57|Articulo --> cif antig.gatillo x500 biodegra
12/08/2021 18:49:57|cantidadArt B --> 1
12/08/2021 18:49:57|PrecVear --> 210
12/08/2021 18:49:57|montoArt --> 173,553719008264
12/08/2021 18:49:57|ivaArt --> 21
12/08/2021 18:49:58|hasarOCX.ImprimirItem --> OK
12/08/2021 18:49:58|Articulo --> saphirus mini concentrado bamboo
12/08/2021 18:49:58|cantidadArt B --> 1
12/08/2021 18:49:58|PrecVear --> 165
12/08/2021 18:49:58|montoArt --> 136,363636363636
12/08/2021 18:49:58|ivaArt --> 21
12/08/2021 18:49:58|hasarOCX.ImprimirItem --> OK
12/08/2021 18:49:58|Articulo --> dufour deo men sport x99gr
12/08/2021 18:49:58|cantidadArt B --> 1
12/08/2021 18:49:58|PrecVear --> 140
12/08/2021 18:49:58|montoArt --> 115,702479338843
12/08/2021 18:49:58|ivaArt --> 21
12/08/2021 18:49:59|hasarOCX.ImprimirItem --> OK
12/08/2021 18:49:59|Articulo --> dufour deo men nature x99gr
12/08/2021 18:49:59|cantidadArt B --> 1
12/08/2021 18:49:59|PrecVear --> 140
12/08/2021 18:49:59|montoArt --> 115,702479338843
12/08/2021 18:49:59|ivaArt --> 21
12/08/2021 18:49:59|hasarOCX.ImprimirItem --> OK
12/08/2021 18:49:59|Cerrar Comprobante B:::
12/08/2021 18:50:02|Obtiene nrocomp
12/08/2021 18:50:02|nrocomp --> 13222
12/08/2021 18:50:02|Nro. de Comprobante ::: TFB ::: 13222
12/08/2021 19:26:57|cerrando pantalla venta
12/08/2021 19:27:08|*************COMIENZA Cierre  Z**********
12/08/2021 19:27:18|CIERRE Z
Cierre Z Nº =[451]
Fecha del Cierre        =[12/08/2021 0:00:00]
DF Emitidos             =[34]
DF Cancelados           =[1]
DF Total                =[4661801]
DF Total Gravado        =[3852729]
DF Total No Gravado     =[0]
DF Total Exento         =[0]
DF Total IVA            =[809072]
DF Total Otros Tributos =[0]
NC Emitidas             =[0]
NC Canceladas           =[0]
NC Total                =[0]
NC Total Gravado        =[0]
NC Total No Gravado     =[0]
NC Total Exento         =[0]
NC Total IVA            =[0]
NC Total Otros Tributos =[0]
DNFH Emitidos           =[0]
DNFH Total              =[0]

