23/03/2022 8:42:33|Conectando..
23/03/2022 8:42:33|IP: 127.0.0.1 - Puerto: 6500
23/03/2022 8:43:16|Error Diagnostico..Tiempo de espera agotado
23/03/2022 9:18:22|Comienza Facturacion B
23/03/2022 9:18:23|DatosCliente B
23/03/2022 9:18:25|AbrirComprobanteFiscal B
23/03/2022 9:18:25|Articulo --> el coloso palillos de madera
23/03/2022 9:18:25|cantidadArt B --> 1
23/03/2022 9:18:25|PrecVear --> 40
23/03/2022 9:18:25|montoArt --> 33,0578512396694
23/03/2022 9:18:25|ivaArt --> 21
23/03/2022 9:18:26|hasarOCX.ImprimirItem --> OK
23/03/2022 9:18:26|Articulo --> candela encendedor de bolsillo
23/03/2022 9:18:26|cantidadArt B --> 2
23/03/2022 9:18:26|PrecVear --> 60
23/03/2022 9:18:26|montoArt --> 49,5867768595041
23/03/2022 9:18:26|ivaArt --> 21
23/03/2022 9:18:26|hasarOCX.ImprimirItem --> OK
23/03/2022 9:18:26|Articulo --> kolynos x90 g
23/03/2022 9:18:26|cantidadArt B --> 1
23/03/2022 9:18:26|PrecVear --> 140
23/03/2022 9:18:26|montoArt --> 115,702479338843
23/03/2022 9:18:26|ivaArt --> 21
23/03/2022 9:18:26|hasarOCX.ImprimirItem --> OK
23/03/2022 9:18:26|Articulo --> poett aero mult.ambx360  alegra tu dia
23/03/2022 9:18:26|cantidadArt B --> 1
23/03/2022 9:18:26|PrecVear --> 160
23/03/2022 9:18:26|montoArt --> 132,231404958678
23/03/2022 9:18:26|ivaArt --> 21
23/03/2022 9:18:27|hasarOCX.ImprimirItem --> OK
23/03/2022 9:18:27|Articulo --> colgate cep triple accion cepillo x2
23/03/2022 9:18:27|cantidadArt B --> 2
23/03/2022 9:18:27|PrecVear --> 250
23/03/2022 9:18:27|montoArt --> 206,611570247934
23/03/2022 9:18:27|ivaArt --> 21
23/03/2022 9:18:27|hasarOCX.ImprimirItem --> OK
23/03/2022 9:18:27|Articulo --> ponds crema bio-hydratante x 50 grs 50
23/03/2022 9:18:27|cantidadArt B --> 1
23/03/2022 9:18:27|PrecVear --> 210
23/03/2022 9:18:27|montoArt --> 173,553719008264
23/03/2022 9:18:27|ivaArt --> 21
23/03/2022 9:18:27|hasarOCX.ImprimirItem --> OK
23/03/2022 9:18:27|Articulo --> colgate crtriple accion x90ml
23/03/2022 9:18:27|cantidadArt B --> 1
23/03/2022 9:18:27|PrecVear --> 220
23/03/2022 9:18:27|montoArt --> 181,818181818182
23/03/2022 9:18:27|ivaArt --> 21
23/03/2022 9:18:28|hasarOCX.ImprimirItem --> OK
23/03/2022 9:18:28|Articulo --> felpita bco 80 mts
23/03/2022 9:18:28|cantidadArt B --> 1
23/03/2022 9:18:28|PrecVear --> 280
23/03/2022 9:18:28|montoArt --> 231,404958677686
23/03/2022 9:18:28|ivaArt --> 21
23/03/2022 9:18:28|hasarOCX.ImprimirItem --> OK
23/03/2022 9:18:28|Articulo --> sussex rollo cocx3 clas
23/03/2022 9:18:28|cantidadArt B --> 1
23/03/2022 9:18:28|PrecVear --> 130
23/03/2022 9:18:28|montoArt --> 107,438016528926
23/03/2022 9:18:28|ivaArt --> 21
23/03/2022 9:18:28|hasarOCX.ImprimirItem --> OK
23/03/2022 9:18:28|Articulo --> veritas polvox180 original
23/03/2022 9:18:28|cantidadArt B --> 1
23/03/2022 9:18:28|PrecVear --> 240
23/03/2022 9:18:28|montoArt --> 198,347107438017
23/03/2022 9:18:28|ivaArt --> 21
23/03/2022 9:18:29|hasarOCX.ImprimirItem --> OK
23/03/2022 9:18:29|Articulo --> off family aero
23/03/2022 9:18:29|cantidadArt B --> 1
23/03/2022 9:18:29|PrecVear --> 260
23/03/2022 9:18:29|montoArt --> 214,876033057851
23/03/2022 9:18:29|ivaArt --> 21
23/03/2022 9:18:29|hasarOCX.ImprimirItem --> OK
23/03/2022 9:18:29|Articulo --> vim canastx55 poderx5 citrus
23/03/2022 9:18:29|cantidadArt B --> 1
23/03/2022 9:18:29|PrecVear --> 270
23/03/2022 9:18:29|montoArt --> 223,140495867769
23/03/2022 9:18:29|ivaArt --> 21
23/03/2022 9:18:29|hasarOCX.ImprimirItem --> OK
23/03/2022 9:18:29|Articulo --> felpita pañuelos x6
23/03/2022 9:18:29|cantidadArt B --> 1
23/03/2022 9:18:29|PrecVear --> 80
23/03/2022 9:18:29|montoArt --> 66,1157024793389
23/03/2022 9:18:29|ivaArt --> 21
23/03/2022 9:18:30|hasarOCX.ImprimirItem --> OK
23/03/2022 9:18:30|Articulo --> lux jabones x3 unidades
23/03/2022 9:18:30|cantidadArt B --> 1
23/03/2022 9:18:30|PrecVear --> 220
23/03/2022 9:18:30|montoArt --> 181,818181818182
23/03/2022 9:18:30|ivaArt --> 21
23/03/2022 9:18:30|hasarOCX.ImprimirItem --> OK
23/03/2022 9:18:30|Articulo --> fuyi mmmx360 base acuosa-645085
23/03/2022 9:18:30|cantidadArt B --> 1
23/03/2022 9:18:30|PrecVear --> 210
23/03/2022 9:18:30|montoArt --> 173,553719008264
23/03/2022 9:18:30|ivaArt --> 21
23/03/2022 9:18:31|hasarOCX.ImprimirItem --> OK
23/03/2022 9:18:31|Articulo --> ballerina amarilla
23/03/2022 9:18:31|cantidadArt B --> 2
23/03/2022 9:18:31|PrecVear --> 50
23/03/2022 9:18:31|montoArt --> 41,3223140495868
23/03/2022 9:18:31|ivaArt --> 21
23/03/2022 9:18:31|hasarOCX.ImprimirItem --> OK
23/03/2022 9:18:31|Articulo --> estrella algodon  clasicox75
23/03/2022 9:18:31|cantidadArt B --> 1
23/03/2022 9:18:31|PrecVear --> 90
23/03/2022 9:18:31|montoArt --> 74,3801652892562
23/03/2022 9:18:31|ivaArt --> 21
23/03/2022 9:18:31|hasarOCX.ImprimirItem --> OK
23/03/2022 9:18:31|Articulo --> veritas pvo pedico x180
23/03/2022 9:18:31|cantidadArt B --> 1
23/03/2022 9:18:31|PrecVear --> 240
23/03/2022 9:18:31|montoArt --> 198,347107438017
23/03/2022 9:18:31|ivaArt --> 21
23/03/2022 9:18:32|hasarOCX.ImprimirItem --> OK
23/03/2022 9:18:32|Articulo --> elvive chx200 arcilla caspa
23/03/2022 9:18:32|cantidadArt B --> 1
23/03/2022 9:18:32|PrecVear --> 290
23/03/2022 9:18:32|montoArt --> 239,669421487603
23/03/2022 9:18:32|ivaArt --> 21
23/03/2022 9:18:32|hasarOCX.ImprimirItem --> OK
23/03/2022 9:18:32|Articulo --> 80100 doncella hisopos tarro 24x100u
23/03/2022 9:18:32|cantidadArt B --> 1
23/03/2022 9:18:32|PrecVear --> 150
23/03/2022 9:18:32|montoArt --> 123,96694214876
23/03/2022 9:18:32|ivaArt --> 21
23/03/2022 9:18:32|hasarOCX.ImprimirItem --> OK
23/03/2022 9:18:32|Articulo --> estilo spa masajeadora
23/03/2022 9:18:32|cantidadArt B --> 3
23/03/2022 9:18:32|PrecVear --> 130
23/03/2022 9:18:32|montoArt --> 107,438016528926
23/03/2022 9:18:32|ivaArt --> 21
23/03/2022 9:18:33|hasarOCX.ImprimirItem --> OK
23/03/2022 9:18:33|Articulo --> woolitex450 d.pack rop.oscura-17371
23/03/2022 9:18:33|cantidadArt B --> 1
23/03/2022 9:18:33|PrecVear --> 250
23/03/2022 9:18:33|montoArt --> 206,611570247934
23/03/2022 9:18:33|ivaArt --> 21
23/03/2022 9:18:33|hasarOCX.ImprimirItem --> OK
23/03/2022 9:18:33|Articulo --> sedal acondx300ml dp bomba nutricion
23/03/2022 9:18:33|cantidadArt B --> 2
23/03/2022 9:18:33|PrecVear --> 195
23/03/2022 9:18:33|montoArt --> 161,157024793388
23/03/2022 9:18:33|ivaArt --> 21
23/03/2022 9:18:33|hasarOCX.ImprimirItem --> OK
23/03/2022 9:18:33|Articulo --> c/u prestobarba ultragrip 2 filos sensitive
23/03/2022 9:18:33|cantidadArt B --> 4
23/03/2022 9:18:33|PrecVear --> 95
23/03/2022 9:18:33|montoArt --> 78,5123966942149
23/03/2022 9:18:33|ivaArt --> 21
23/03/2022 9:18:34|hasarOCX.ImprimirItem --> OK
23/03/2022 9:18:34|Articulo --> kevin spirit deox250.6034/6
23/03/2022 9:18:34|cantidadArt B --> 1
23/03/2022 9:18:34|PrecVear --> 450
23/03/2022 9:18:34|montoArt --> 371,900826446281
23/03/2022 9:18:34|ivaArt --> 21
23/03/2022 9:18:34|hasarOCX.ImprimirItem --> OK
23/03/2022 9:18:34|Articulo --> nivea men balsamo after shave sensitive
23/03/2022 9:18:34|cantidadArt B --> 1
23/03/2022 9:18:34|PrecVear --> 550
23/03/2022 9:18:34|montoArt --> 454,545454545455
23/03/2022 9:18:34|ivaArt --> 21
23/03/2022 9:18:35|hasarOCX.ImprimirItem --> OK
23/03/2022 9:18:35|Articulo --> nivea esp. afeitar sensitive x200
23/03/2022 9:18:35|cantidadArt B --> 1
23/03/2022 9:18:35|PrecVear --> 430
23/03/2022 9:18:35|montoArt --> 355,371900826446
23/03/2022 9:18:35|ivaArt --> 21
23/03/2022 9:18:35|hasarOCX.ImprimirItem --> OK
23/03/2022 9:18:35|Articulo --> rexona rollonx50 cotton-7372
23/03/2022 9:18:35|cantidadArt B --> 1
23/03/2022 9:18:35|PrecVear --> 260
23/03/2022 9:18:35|montoArt --> 214,876033057851
23/03/2022 9:18:35|ivaArt --> 21
23/03/2022 9:18:35|hasarOCX.ImprimirItem --> OK
23/03/2022 9:18:35|Cerrar Comprobante B:::
23/03/2022 9:18:38|Obtiene nrocomp
23/03/2022 9:18:38|nrocomp --> 20246
23/03/2022 9:18:38|Nro. de Comprobante ::: TFB ::: 20246
23/03/2022 9:18:38|Ety.TicketFiscal: 20246
23/03/2022 9:37:30|Comienza Facturacion B
23/03/2022 9:37:30|DatosCliente B
23/03/2022 9:37:33|AbrirComprobanteFiscal B
23/03/2022 9:37:33|Articulo --> key kolor kit 5.1
23/03/2022 9:37:33|cantidadArt B --> 1
23/03/2022 9:37:33|PrecVear --> 520
23/03/2022 9:37:33|montoArt --> 429,752066115703
23/03/2022 9:37:33|ivaArt --> 21
23/03/2022 9:37:33|hasarOCX.ImprimirItem --> OK
23/03/2022 9:37:33|Articulo --> el coloso lavandina x1lt basica
23/03/2022 9:37:33|cantidadArt B --> 1
23/03/2022 9:37:33|PrecVear --> 75
23/03/2022 9:37:33|montoArt --> 61,9834710743802
23/03/2022 9:37:33|ivaArt --> 21
23/03/2022 9:37:34|hasarOCX.ImprimirItem --> OK
23/03/2022 9:37:34|Articulo --> mortimer esponja cuadriculada
23/03/2022 9:37:34|cantidadArt B --> 1
23/03/2022 9:37:34|PrecVear --> 60
23/03/2022 9:37:34|montoArt --> 49,5867768595041
23/03/2022 9:37:34|ivaArt --> 21
23/03/2022 9:37:34|hasarOCX.ImprimirItem --> OK
23/03/2022 9:37:34|Articulo --> mary bosques keratina express
23/03/2022 9:37:34|cantidadArt B --> 2
23/03/2022 9:37:34|PrecVear --> 80
23/03/2022 9:37:34|montoArt --> 66,1157024793389
23/03/2022 9:37:34|ivaArt --> 21
23/03/2022 9:37:34|hasarOCX.ImprimirItem --> OK
23/03/2022 9:37:34|Cerrar Comprobante B:::
23/03/2022 9:37:37|Obtiene nrocomp
23/03/2022 9:37:38|nrocomp --> 20247
23/03/2022 9:37:38|Nro. de Comprobante ::: TFB ::: 20247
23/03/2022 9:37:38|Ety.TicketFiscal: 20247
23/03/2022 9:52:33|Comienza Facturacion B
23/03/2022 9:52:33|DatosCliente B
23/03/2022 9:52:35|AbrirComprobanteFiscal B
23/03/2022 9:52:35|Articulo --> plenitud pd essencial
23/03/2022 9:52:35|cantidadArt B --> 1
23/03/2022 9:52:35|PrecVear --> 280
23/03/2022 9:52:35|montoArt --> 231,404958677686
23/03/2022 9:52:35|ivaArt --> 21
23/03/2022 9:52:36|hasarOCX.ImprimirItem --> OK
23/03/2022 9:52:36|Articulo --> loreal hid.total 5 humectante
23/03/2022 9:52:36|cantidadArt B --> 1
23/03/2022 9:52:36|PrecVear --> 950
23/03/2022 9:52:36|montoArt --> 785,123966942149
23/03/2022 9:52:36|ivaArt --> 21
23/03/2022 9:52:36|hasarOCX.ImprimirItem --> OK
23/03/2022 9:52:36|Articulo --> estrella discos algodon x80u.
23/03/2022 9:52:36|cantidadArt B --> 1
23/03/2022 9:52:36|PrecVear --> 170
23/03/2022 9:52:36|montoArt --> 140,495867768595
23/03/2022 9:52:36|ivaArt --> 21
23/03/2022 9:52:37|hasarOCX.ImprimirItem --> OK
23/03/2022 9:52:37|Articulo --> varios
23/03/2022 9:52:37|cantidadArt B --> 1
23/03/2022 9:52:37|PrecVear --> 130
23/03/2022 9:52:37|montoArt --> 107,438016528926
23/03/2022 9:52:37|ivaArt --> 21
23/03/2022 9:52:37|hasarOCX.ImprimirItem --> OK
23/03/2022 9:52:37|Articulo --> selton mmm x307g rojo acc.prol
23/03/2022 9:52:37|cantidadArt B --> 1
23/03/2022 9:52:37|PrecVear --> 175
23/03/2022 9:52:37|montoArt --> 144,628099173554
23/03/2022 9:52:37|ivaArt --> 21
23/03/2022 9:52:37|hasarOCX.ImprimirItem --> OK
23/03/2022 9:52:37|Articulo --> ambar sahumerios amber
23/03/2022 9:52:37|cantidadArt B --> 1
23/03/2022 9:52:37|PrecVear --> 115
23/03/2022 9:52:37|montoArt --> 95,0413223140496
23/03/2022 9:52:37|ivaArt --> 21
23/03/2022 9:52:38|hasarOCX.ImprimirItem --> OK
23/03/2022 9:52:38|Articulo --> saphirus sahumerios
23/03/2022 9:52:38|cantidadArt B --> 1
23/03/2022 9:52:38|PrecVear --> 170
23/03/2022 9:52:38|montoArt --> 140,495867768595
23/03/2022 9:52:38|ivaArt --> 21
23/03/2022 9:52:38|hasarOCX.ImprimirItem --> OK
23/03/2022 9:52:38|Articulo --> glade aerox360 limon
23/03/2022 9:52:38|cantidadArt B --> 1
23/03/2022 9:52:38|PrecVear --> 180
23/03/2022 9:52:38|montoArt --> 148,760330578512
23/03/2022 9:52:38|ivaArt --> 21
23/03/2022 9:52:38|hasarOCX.ImprimirItem --> OK
23/03/2022 9:52:38|Cerrar Comprobante B:::
23/03/2022 9:52:42|Obtiene nrocomp
23/03/2022 9:52:42|nrocomp --> 20248
23/03/2022 9:52:42|Nro. de Comprobante ::: TFB ::: 20248
23/03/2022 9:52:42|Ety.TicketFiscal: 20248
23/03/2022 10:06:28|Comienza Facturacion B
23/03/2022 10:06:29|DatosCliente B
23/03/2022 10:06:31|AbrirComprobanteFiscal B
23/03/2022 10:06:31|Articulo --> roby fijx390 grande
23/03/2022 10:06:31|cantidadArt B --> 1
23/03/2022 10:06:31|PrecVear --> 490
23/03/2022 10:06:31|montoArt --> 404,95867768595
23/03/2022 10:06:31|ivaArt --> 21
23/03/2022 10:06:32|hasarOCX.ImprimirItem --> OK
23/03/2022 10:06:32|Articulo --> dove aero original azul
23/03/2022 10:06:32|cantidadArt B --> 1
23/03/2022 10:06:32|PrecVear --> 280
23/03/2022 10:06:32|montoArt --> 231,404958677686
23/03/2022 10:06:32|ivaArt --> 21
23/03/2022 10:06:32|hasarOCX.ImprimirItem --> OK
23/03/2022 10:06:32|Articulo --> colgate clasica x70g
23/03/2022 10:06:32|cantidadArt B --> 1
23/03/2022 10:06:32|PrecVear --> 150
23/03/2022 10:06:32|montoArt --> 123,96694214876
23/03/2022 10:06:32|ivaArt --> 21
23/03/2022 10:06:32|hasarOCX.ImprimirItem --> OK
23/03/2022 10:06:32|Cerrar Comprobante B:::
23/03/2022 10:06:35|Obtiene nrocomp
23/03/2022 10:06:36|nrocomp --> 20249
23/03/2022 10:06:36|Nro. de Comprobante ::: TFB ::: 20249
23/03/2022 10:06:36|Ety.TicketFiscal: 20249
23/03/2022 10:09:28|Comienza Facturacion B
23/03/2022 10:09:28|DatosCliente B
23/03/2022 10:09:30|AbrirComprobanteFiscal B
23/03/2022 10:09:30|Articulo --> tena protecores diarios largo x50
23/03/2022 10:09:30|cantidadArt B --> 2
23/03/2022 10:09:30|PrecVear --> 860
23/03/2022 10:09:30|montoArt --> 710,743801652893
23/03/2022 10:09:30|ivaArt --> 21
23/03/2022 10:09:31|hasarOCX.ImprimirItem --> OK
23/03/2022 10:09:31|Cerrar Comprobante B:::
23/03/2022 10:09:34|Obtiene nrocomp
23/03/2022 10:09:34|nrocomp --> 20250
23/03/2022 10:09:34|Nro. de Comprobante ::: TFB ::: 20250
23/03/2022 10:09:34|Ety.TicketFiscal: 20250
23/03/2022 10:13:21|Comienza Facturacion B
23/03/2022 10:13:21|DatosCliente B
23/03/2022 10:13:24|AbrirComprobanteFiscal B
23/03/2022 10:13:24|Articulo --> hennia slip g x8
23/03/2022 10:13:24|cantidadArt B --> 2
23/03/2022 10:13:24|PrecVear --> 980
23/03/2022 10:13:24|montoArt --> 809,917355371901
23/03/2022 10:13:24|ivaArt --> 21
23/03/2022 10:13:24|hasarOCX.ImprimirItem --> OK
23/03/2022 10:13:24|Articulo --> comodin anat. grande 16u (azul)
23/03/2022 10:13:24|cantidadArt B --> 3
23/03/2022 10:13:24|PrecVear --> 995
23/03/2022 10:13:24|montoArt --> 822,314049586777
23/03/2022 10:13:24|ivaArt --> 21
23/03/2022 10:13:25|hasarOCX.ImprimirItem --> OK
23/03/2022 10:13:25|Articulo --> tresemme chx400ml reg. tresplex rt
23/03/2022 10:13:25|cantidadArt B --> 1
23/03/2022 10:13:25|PrecVear --> 420
23/03/2022 10:13:25|montoArt --> 347,107438016529
23/03/2022 10:13:25|ivaArt --> 21
23/03/2022 10:13:25|hasarOCX.ImprimirItem --> OK
23/03/2022 10:13:25|Articulo --> pantene shx200 fuerza reconstrucción
23/03/2022 10:13:25|cantidadArt B --> 1
23/03/2022 10:13:25|PrecVear --> 280
23/03/2022 10:13:25|montoArt --> 231,404958677686
23/03/2022 10:13:25|ivaArt --> 21
23/03/2022 10:13:25|hasarOCX.ImprimirItem --> OK
23/03/2022 10:13:25|Articulo --> vivere suavx900 dp classic
23/03/2022 10:13:25|cantidadArt B --> 1
23/03/2022 10:13:25|PrecVear --> 190
23/03/2022 10:13:25|montoArt --> 157,02479338843
23/03/2022 10:13:25|ivaArt --> 21
23/03/2022 10:13:26|hasarOCX.ImprimirItem --> OK
23/03/2022 10:13:26|Articulo --> varios
23/03/2022 10:13:26|cantidadArt B --> 1
23/03/2022 10:13:26|PrecVear --> 210
23/03/2022 10:13:26|montoArt --> 173,553719008264
23/03/2022 10:13:26|ivaArt --> 21
23/03/2022 10:13:26|hasarOCX.ImprimirItem --> OK
23/03/2022 10:13:26|Articulo --> bolsas de residuos 45*60
23/03/2022 10:13:26|cantidadArt B --> 2
23/03/2022 10:13:26|PrecVear --> 75
23/03/2022 10:13:26|montoArt --> 61,9834710743802
23/03/2022 10:13:26|ivaArt --> 21
23/03/2022 10:13:26|hasarOCX.ImprimirItem --> OK
23/03/2022 10:13:26|Articulo --> el coloso limp.liqx900 algodon
23/03/2022 10:13:26|cantidadArt B --> 1
23/03/2022 10:13:26|PrecVear --> 69
23/03/2022 10:13:26|montoArt --> 57,0247933884298
23/03/2022 10:13:26|ivaArt --> 21
23/03/2022 10:13:27|hasarOCX.ImprimirItem --> OK
23/03/2022 10:13:27|Articulo --> la porteña rejilla pabilo especial 38x40
23/03/2022 10:13:27|cantidadArt B --> 1
23/03/2022 10:13:27|PrecVear --> 60
23/03/2022 10:13:27|montoArt --> 49,5867768595041
23/03/2022 10:13:27|ivaArt --> 21
23/03/2022 10:13:27|hasarOCX.ImprimirItem --> OK
23/03/2022 10:13:27|Articulo --> el coloso limp.liqx900bebe
23/03/2022 10:13:27|cantidadArt B --> 1
23/03/2022 10:13:27|PrecVear --> 69
23/03/2022 10:13:27|montoArt --> 57,0247933884298
23/03/2022 10:13:27|ivaArt --> 21
23/03/2022 10:13:28|hasarOCX.ImprimirItem --> OK
23/03/2022 10:13:28|Articulo --> lysoform aerox360 original-4478
23/03/2022 10:13:28|cantidadArt B --> 1
23/03/2022 10:13:28|PrecVear --> 225
23/03/2022 10:13:28|montoArt --> 185,950413223141
23/03/2022 10:13:28|ivaArt --> 21
23/03/2022 10:13:28|hasarOCX.ImprimirItem --> OK
23/03/2022 10:13:28|Articulo --> estrella algodon  clasicox75
23/03/2022 10:13:28|cantidadArt B --> 1
23/03/2022 10:13:28|PrecVear --> 90
23/03/2022 10:13:28|montoArt --> 74,3801652892562
23/03/2022 10:13:28|ivaArt --> 21
23/03/2022 10:13:28|hasarOCX.ImprimirItem --> OK
23/03/2022 10:13:28|Articulo --> ayudin lav.x1lts tot.max.pureza
23/03/2022 10:13:28|cantidadArt B --> 1
23/03/2022 10:13:28|PrecVear --> 95
23/03/2022 10:13:28|montoArt --> 78,5123966942149
23/03/2022 10:13:28|ivaArt --> 21
23/03/2022 10:13:29|hasarOCX.ImprimirItem --> OK
23/03/2022 10:13:29|Articulo --> ayudin lav.x2l original
23/03/2022 10:13:29|cantidadArt B --> 1
23/03/2022 10:13:29|PrecVear --> 170
23/03/2022 10:13:29|montoArt --> 140,495867768595
23/03/2022 10:13:29|ivaArt --> 21
23/03/2022 10:13:29|hasarOCX.ImprimirItem --> OK
23/03/2022 10:13:29|Cerrar Comprobante B:::
23/03/2022 10:13:32|Obtiene nrocomp
23/03/2022 10:13:32|nrocomp --> 20251
23/03/2022 10:13:32|Nro. de Comprobante ::: TFB ::: 20251
23/03/2022 10:13:32|Ety.TicketFiscal: 20251
23/03/2022 10:13:55|Comienza Facturacion B
23/03/2022 10:13:55|DatosCliente B
23/03/2022 10:13:58|AbrirComprobanteFiscal B
23/03/2022 10:13:58|Articulo --> 47654 panal tena pants clasico medium 8x8 br
23/03/2022 10:13:58|cantidadArt B --> 1
23/03/2022 10:13:58|PrecVear --> 760
23/03/2022 10:13:58|montoArt --> 628,099173553719
23/03/2022 10:13:58|ivaArt --> 21
23/03/2022 10:13:58|hasarOCX.ImprimirItem --> OK
23/03/2022 10:13:58|Cerrar Comprobante B:::
23/03/2022 10:14:01|Obtiene nrocomp
23/03/2022 10:14:01|nrocomp --> 20252
23/03/2022 10:14:01|Nro. de Comprobante ::: TFB ::: 20252
23/03/2022 10:14:01|Ety.TicketFiscal: 20252
23/03/2022 10:23:22|Comienza Facturacion B
23/03/2022 10:23:22|DatosCliente B
23/03/2022 10:23:25|AbrirComprobanteFiscal B
23/03/2022 10:23:25|Articulo --> echo clasico x5l
23/03/2022 10:23:25|cantidadArt B --> 2
23/03/2022 10:23:25|PrecVear --> 1430
23/03/2022 10:23:25|montoArt --> 1181,81818181818
23/03/2022 10:23:25|ivaArt --> 21
23/03/2022 10:23:25|hasarOCX.ImprimirItem --> OK
23/03/2022 10:23:25|Articulo --> poett perf.ropax250 sed.primav19859
23/03/2022 10:23:25|cantidadArt B --> 2
23/03/2022 10:23:25|PrecVear --> 320
23/03/2022 10:23:25|montoArt --> 264,462809917355
23/03/2022 10:23:25|ivaArt --> 21
23/03/2022 10:23:25|hasarOCX.ImprimirItem --> OK
23/03/2022 10:23:25|Articulo --> rejilla microfibra x1
23/03/2022 10:23:25|cantidadArt B --> 3
23/03/2022 10:23:25|PrecVear --> 320
23/03/2022 10:23:25|montoArt --> 264,462809917355
23/03/2022 10:23:25|ivaArt --> 21
23/03/2022 10:23:26|hasarOCX.ImprimirItem --> OK
23/03/2022 10:23:26|Articulo --> make paño de microfibra
23/03/2022 10:23:26|cantidadArt B --> 1
23/03/2022 10:23:26|PrecVear --> 200
23/03/2022 10:23:26|montoArt --> 165,289256198347
23/03/2022 10:23:26|ivaArt --> 21
23/03/2022 10:23:26|hasarOCX.ImprimirItem --> OK
23/03/2022 10:23:26|Cerrar Comprobante B:::
23/03/2022 10:23:29|Obtiene nrocomp
23/03/2022 10:23:29|nrocomp --> 20253
23/03/2022 10:23:29|Nro. de Comprobante ::: TFB ::: 20253
23/03/2022 10:23:29|Ety.TicketFiscal: 20253
23/03/2022 10:24:11|Comienza Facturacion B
23/03/2022 10:24:11|DatosCliente B
23/03/2022 10:24:13|AbrirComprobanteFiscal B
23/03/2022 10:24:13|Articulo --> always discreet
23/03/2022 10:24:13|cantidadArt B --> 1
23/03/2022 10:24:13|PrecVear --> 1290
23/03/2022 10:24:13|montoArt --> 1066,11570247934
23/03/2022 10:24:13|ivaArt --> 21
23/03/2022 10:24:14|hasarOCX.ImprimirItem --> OK
23/03/2022 10:24:14|Cerrar Comprobante B:::
23/03/2022 10:24:17|Obtiene nrocomp
23/03/2022 10:24:17|nrocomp --> 20254
23/03/2022 10:24:17|Nro. de Comprobante ::: TFB ::: 20254
23/03/2022 10:24:17|Ety.TicketFiscal: 20254
23/03/2022 10:50:09|cerrando pantalla venta
23/03/2022 10:50:29|Conectando..
23/03/2022 10:50:29|IP: 127.0.0.1 - Puerto: 6500
23/03/2022 10:50:29|Conectado con éxito!!
23/03/2022 11:11:13|Comienza Facturacion B
23/03/2022 11:11:13|DatosCliente B
23/03/2022 11:11:15|AbrirComprobanteFiscal B
23/03/2022 11:11:15|Articulo --> higienol doble hoja
23/03/2022 11:11:15|cantidadArt B --> 1
23/03/2022 11:11:15|PrecVear --> 225
23/03/2022 11:11:15|montoArt --> 185,950413223141
23/03/2022 11:11:15|ivaArt --> 21
23/03/2022 11:11:16|hasarOCX.ImprimirItem --> OK
23/03/2022 11:11:16|Articulo --> venus simply rosada x1 unidad
23/03/2022 11:11:16|cantidadArt B --> 1
23/03/2022 11:11:16|PrecVear --> 170
23/03/2022 11:11:16|montoArt --> 140,495867768595
23/03/2022 11:11:16|ivaArt --> 21
23/03/2022 11:11:16|hasarOCX.ImprimirItem --> OK
23/03/2022 11:11:16|Articulo --> key kolor kit 5.1
23/03/2022 11:11:16|cantidadArt B --> 1
23/03/2022 11:11:16|PrecVear --> 520
23/03/2022 11:11:16|montoArt --> 429,752066115703
23/03/2022 11:11:16|ivaArt --> 21
23/03/2022 11:11:16|hasarOCX.ImprimirItem --> OK
23/03/2022 11:11:16|Articulo --> sedal acondx300ml d.pack ceramidas
23/03/2022 11:11:16|cantidadArt B --> 1
23/03/2022 11:11:16|PrecVear --> 195
23/03/2022 11:11:16|montoArt --> 161,157024793388
23/03/2022 11:11:16|ivaArt --> 21
23/03/2022 11:11:17|hasarOCX.ImprimirItem --> OK
23/03/2022 11:11:17|Articulo --> algabo kids champu 350 ml bubble gum
23/03/2022 11:11:17|cantidadArt B --> 1
23/03/2022 11:11:17|PrecVear --> 230
23/03/2022 11:11:17|montoArt --> 190,082644628099
23/03/2022 11:11:17|ivaArt --> 21
23/03/2022 11:11:17|hasarOCX.ImprimirItem --> OK
23/03/2022 11:11:17|Articulo --> algabo kids acondicionador 350 ml sandia dulce
23/03/2022 11:11:17|cantidadArt B --> 1
23/03/2022 11:11:17|PrecVear --> 230
23/03/2022 11:11:17|montoArt --> 190,082644628099
23/03/2022 11:11:17|ivaArt --> 21
23/03/2022 11:11:18|hasarOCX.ImprimirItem --> OK
23/03/2022 11:11:18|Articulo --> ponds cr.bio hidratx100g
23/03/2022 11:11:18|cantidadArt B --> 1
23/03/2022 11:11:18|PrecVear --> 350
23/03/2022 11:11:18|montoArt --> 289,256198347107
23/03/2022 11:11:18|ivaArt --> 21
23/03/2022 11:11:18|hasarOCX.ImprimirItem --> OK
23/03/2022 11:11:18|Cerrar Comprobante B:::
23/03/2022 11:11:21|Obtiene nrocomp
23/03/2022 11:11:21|nrocomp --> 20255
23/03/2022 11:11:21|Nro. de Comprobante ::: TFB ::: 20255
23/03/2022 11:11:21|Ety.TicketFiscal: 20255
23/03/2022 11:13:38|Comienza Facturacion B
23/03/2022 11:13:38|DatosCliente B
23/03/2022 11:13:40|AbrirComprobanteFiscal B
23/03/2022 11:13:40|Articulo --> rexona aero  apx90
23/03/2022 11:13:40|cantidadArt B --> 1
23/03/2022 11:13:40|PrecVear --> 260
23/03/2022 11:13:40|montoArt --> 214,876033057851
23/03/2022 11:13:40|ivaArt --> 21
23/03/2022 11:13:41|hasarOCX.ImprimirItem --> OK
23/03/2022 11:13:41|Articulo --> rexona aero apx90 hombre
23/03/2022 11:13:41|cantidadArt B --> 1
23/03/2022 11:13:41|PrecVear --> 260
23/03/2022 11:13:41|montoArt --> 214,876033057851
23/03/2022 11:13:41|ivaArt --> 21
23/03/2022 11:13:41|hasarOCX.ImprimirItem --> OK
23/03/2022 11:13:41|Articulo --> veritas jabon glicerina x120 neutro
23/03/2022 11:13:41|cantidadArt B --> 1
23/03/2022 11:13:41|PrecVear --> 100
23/03/2022 11:13:41|montoArt --> 82,6446280991736
23/03/2022 11:13:41|ivaArt --> 21
23/03/2022 11:13:41|hasarOCX.ImprimirItem --> OK
23/03/2022 11:13:41|Articulo --> lux jabx125 lirio azul
23/03/2022 11:13:41|cantidadArt B --> 1
23/03/2022 11:13:41|PrecVear --> 85
23/03/2022 11:13:41|montoArt --> 70,2479338842975
23/03/2022 11:13:41|ivaArt --> 21
23/03/2022 11:13:42|hasarOCX.ImprimirItem --> OK
23/03/2022 11:13:42|Articulo --> calipso pd colaless x20
23/03/2022 11:13:42|cantidadArt B --> 1
23/03/2022 11:13:42|PrecVear --> 140
23/03/2022 11:13:42|montoArt --> 115,702479338843
23/03/2022 11:13:42|ivaArt --> 21
23/03/2022 11:13:42|hasarOCX.ImprimirItem --> OK
23/03/2022 11:13:42|Articulo --> cif active gel x450 ml doy pack limon
23/03/2022 11:13:42|cantidadArt B --> 1
23/03/2022 11:13:42|PrecVear --> 220
23/03/2022 11:13:42|montoArt --> 181,818181818182
23/03/2022 11:13:42|ivaArt --> 21
23/03/2022 11:13:42|hasarOCX.ImprimirItem --> OK
23/03/2022 11:13:42|Articulo --> estrella alcohol al 70% x500ml
23/03/2022 11:13:42|cantidadArt B --> 2
23/03/2022 11:13:42|PrecVear --> 120
23/03/2022 11:13:42|montoArt --> 99,1735537190083
23/03/2022 11:13:42|ivaArt --> 21
23/03/2022 11:13:43|hasarOCX.ImprimirItem --> OK
23/03/2022 11:13:43|Cerrar Comprobante B:::
23/03/2022 11:13:46|Obtiene nrocomp
23/03/2022 11:13:46|nrocomp --> 20256
23/03/2022 11:13:46|Nro. de Comprobante ::: TFB ::: 20256
23/03/2022 11:13:46|Ety.TicketFiscal: 20256
23/03/2022 11:29:54|Comienza Facturacion B
23/03/2022 11:29:55|DatosCliente B
23/03/2022 11:29:57|AbrirComprobanteFiscal B
23/03/2022 11:29:57|Articulo --> pantene acx200 bambú
23/03/2022 11:29:57|cantidadArt B --> 1
23/03/2022 11:29:57|PrecVear --> 280
23/03/2022 11:29:57|montoArt --> 231,404958677686
23/03/2022 11:29:57|ivaArt --> 21
23/03/2022 11:29:58|hasarOCX.ImprimirItem --> OK
23/03/2022 11:29:58|Articulo --> blem aero original
23/03/2022 11:29:58|cantidadArt B --> 1
23/03/2022 11:29:58|PrecVear --> 270
23/03/2022 11:29:58|montoArt --> 223,140495867769
23/03/2022 11:29:58|ivaArt --> 21
23/03/2022 11:29:58|hasarOCX.ImprimirItem --> OK
23/03/2022 11:29:58|Cerrar Comprobante B:::
23/03/2022 11:30:01|Obtiene nrocomp
23/03/2022 11:30:01|nrocomp --> 20257
23/03/2022 11:30:01|Nro. de Comprobante ::: TFB ::: 20257
23/03/2022 11:30:01|Ety.TicketFiscal: 20257
23/03/2022 11:44:29|Comienza Facturacion B
23/03/2022 11:44:29|DatosCliente B
23/03/2022 11:44:31|AbrirComprobanteFiscal B
23/03/2022 11:44:31|Articulo --> el conde vela corta x4
23/03/2022 11:44:31|cantidadArt B --> 1
23/03/2022 11:44:31|PrecVear --> 49
23/03/2022 11:44:31|montoArt --> 40,495867768595
23/03/2022 11:44:31|ivaArt --> 21
23/03/2022 11:44:32|hasarOCX.ImprimirItem --> OK
23/03/2022 11:44:32|Articulo --> nutrisse reno 71 almendra
23/03/2022 11:44:32|cantidadArt B --> 1
23/03/2022 11:44:32|PrecVear --> 840
23/03/2022 11:44:32|montoArt --> 694,214876033058
23/03/2022 11:44:32|ivaArt --> 21
23/03/2022 11:44:32|hasarOCX.ImprimirItem --> OK
23/03/2022 11:44:32|Articulo --> odorono rexona cr.potex60
23/03/2022 11:44:32|cantidadArt B --> 1
23/03/2022 11:44:32|PrecVear --> 130
23/03/2022 11:44:32|montoArt --> 107,438016528926
23/03/2022 11:44:32|ivaArt --> 21
23/03/2022 11:44:33|hasarOCX.ImprimirItem --> OK
23/03/2022 11:44:33|Cerrar Comprobante B:::
23/03/2022 11:44:36|Obtiene nrocomp
23/03/2022 11:44:36|nrocomp --> 20258
23/03/2022 11:44:36|Nro. de Comprobante ::: TFB ::: 20258
23/03/2022 11:44:36|Ety.TicketFiscal: 20258
23/03/2022 12:21:29|Comienza Facturacion B
23/03/2022 12:21:29|DatosCliente B
23/03/2022 12:21:31|AbrirComprobanteFiscal B
23/03/2022 12:21:31|Articulo --> varios
23/03/2022 12:21:31|cantidadArt B --> 1
23/03/2022 12:21:31|PrecVear --> 230
23/03/2022 12:21:31|montoArt --> 190,082644628099
23/03/2022 12:21:31|ivaArt --> 21
23/03/2022 12:21:32|hasarOCX.ImprimirItem --> OK
23/03/2022 12:21:32|Articulo --> paulvic estuche
23/03/2022 12:21:32|cantidadArt B --> 1
23/03/2022 12:21:32|PrecVear --> 950
23/03/2022 12:21:32|montoArt --> 785,123966942149
23/03/2022 12:21:32|ivaArt --> 21
23/03/2022 12:21:32|hasarOCX.ImprimirItem --> OK
23/03/2022 12:21:32|Articulo --> el coloso palillos de madera
23/03/2022 12:21:32|cantidadArt B --> 1
23/03/2022 12:21:32|PrecVear --> 40
23/03/2022 12:21:32|montoArt --> 33,0578512396694
23/03/2022 12:21:32|ivaArt --> 21
23/03/2022 12:21:32|hasarOCX.ImprimirItem --> OK
23/03/2022 12:21:32|Articulo --> corega crx20g sin sabor
23/03/2022 12:21:32|cantidadArt B --> 1
23/03/2022 12:21:32|PrecVear --> 340
23/03/2022 12:21:32|montoArt --> 280,99173553719
23/03/2022 12:21:32|ivaArt --> 21
23/03/2022 12:21:33|hasarOCX.ImprimirItem --> OK
23/03/2022 12:21:33|Articulo --> bicarbonato de sodio x100g
23/03/2022 12:21:33|cantidadArt B --> 1
23/03/2022 12:21:33|PrecVear --> 135
23/03/2022 12:21:33|montoArt --> 111,570247933884
23/03/2022 12:21:33|ivaArt --> 21
23/03/2022 12:21:33|hasarOCX.ImprimirItem --> OK
23/03/2022 12:21:33|Articulo --> varios
23/03/2022 12:21:33|cantidadArt B --> 6
23/03/2022 12:21:33|PrecVear --> 15
23/03/2022 12:21:33|montoArt --> 12,396694214876
23/03/2022 12:21:33|ivaArt --> 21
23/03/2022 12:21:33|hasarOCX.ImprimirItem --> OK
23/03/2022 12:21:33|Articulo --> varios
23/03/2022 12:21:33|cantidadArt B --> 1
23/03/2022 12:21:33|PrecVear --> 140
23/03/2022 12:21:33|montoArt --> 115,702479338843
23/03/2022 12:21:33|ivaArt --> 21
23/03/2022 12:21:34|hasarOCX.ImprimirItem --> OK
23/03/2022 12:21:34|Articulo --> colgate  herbal x90
23/03/2022 12:21:34|cantidadArt B --> 1
23/03/2022 12:21:34|PrecVear --> 195
23/03/2022 12:21:34|montoArt --> 161,157024793388
23/03/2022 12:21:34|ivaArt --> 21
23/03/2022 12:21:34|hasarOCX.ImprimirItem --> OK
23/03/2022 12:21:34|Articulo --> dufour deo men
23/03/2022 12:21:34|cantidadArt B --> 1
23/03/2022 12:21:34|PrecVear --> 180
23/03/2022 12:21:34|montoArt --> 148,760330578512
23/03/2022 12:21:34|ivaArt --> 21
23/03/2022 12:21:34|hasarOCX.ImprimirItem --> OK
23/03/2022 12:21:34|Articulo --> party jabon antibacterial
23/03/2022 12:21:34|cantidadArt B --> 4
23/03/2022 12:21:34|PrecVear --> 55
23/03/2022 12:21:34|montoArt --> 45,4545454545455
23/03/2022 12:21:34|ivaArt --> 21
23/03/2022 12:21:35|hasarOCX.ImprimirItem --> OK
23/03/2022 12:21:35|Articulo --> lux jabones x3 unidades
23/03/2022 12:21:35|cantidadArt B --> 1
23/03/2022 12:21:35|PrecVear --> 220
23/03/2022 12:21:35|montoArt --> 181,818181818182
23/03/2022 12:21:35|ivaArt --> 21
23/03/2022 12:21:35|hasarOCX.ImprimirItem --> OK
23/03/2022 12:21:35|Articulo --> colbert us deo x250ml
23/03/2022 12:21:35|cantidadArt B --> 1
23/03/2022 12:21:35|PrecVear --> 450
23/03/2022 12:21:35|montoArt --> 371,900826446281
23/03/2022 12:21:35|ivaArt --> 21
23/03/2022 12:21:36|hasarOCX.ImprimirItem --> OK
23/03/2022 12:21:36|Articulo --> suave sh y ac lacio
23/03/2022 12:21:36|cantidadArt B --> 5
23/03/2022 12:21:36|PrecVear --> 180
23/03/2022 12:21:36|montoArt --> 148,760330578512
23/03/2022 12:21:36|ivaArt --> 21
23/03/2022 12:21:36|hasarOCX.ImprimirItem --> OK
23/03/2022 12:21:36|Articulo --> alb.vo5 chx790 nutr.intensa-5069
23/03/2022 12:21:36|cantidadArt B --> 1
23/03/2022 12:21:36|PrecVear --> 250
23/03/2022 12:21:36|montoArt --> 206,611570247934
23/03/2022 12:21:36|ivaArt --> 21
23/03/2022 12:21:36|hasarOCX.ImprimirItem --> OK
23/03/2022 12:21:36|Articulo --> vim canastx55 poderx5 citrus
23/03/2022 12:21:36|cantidadArt B --> 1
23/03/2022 12:21:36|PrecVear --> 270
23/03/2022 12:21:36|montoArt --> 223,140495867769
23/03/2022 12:21:36|ivaArt --> 21
23/03/2022 12:21:37|hasarOCX.ImprimirItem --> OK
23/03/2022 12:21:37|Articulo --> cif act.gelx300 citrica-35950
23/03/2022 12:21:37|cantidadArt B --> 1
23/03/2022 12:21:37|PrecVear --> 125
23/03/2022 12:21:37|montoArt --> 103,305785123967
23/03/2022 12:21:37|ivaArt --> 21
23/03/2022 12:21:37|hasarOCX.ImprimirItem --> OK
23/03/2022 12:21:37|Articulo --> calipso pd multiestilox50
23/03/2022 12:21:37|cantidadArt B --> 1
23/03/2022 12:21:37|PrecVear --> 270
23/03/2022 12:21:37|montoArt --> 223,140495867769
23/03/2022 12:21:37|ivaArt --> 21
23/03/2022 12:21:37|hasarOCX.ImprimirItem --> OK
23/03/2022 12:21:37|Articulo --> algabo polvo desodorante p/pies doy pack 200 g
23/03/2022 12:21:37|cantidadArt B --> 1
23/03/2022 12:21:37|PrecVear --> 140
23/03/2022 12:21:37|montoArt --> 115,702479338843
23/03/2022 12:21:37|ivaArt --> 21
23/03/2022 12:21:38|hasarOCX.ImprimirItem --> OK
23/03/2022 12:21:38|Articulo --> mortimer doble cara
23/03/2022 12:21:38|cantidadArt B --> 1
23/03/2022 12:21:38|PrecVear --> 170
23/03/2022 12:21:38|montoArt --> 140,495867768595
23/03/2022 12:21:38|ivaArt --> 21
23/03/2022 12:21:38|hasarOCX.ImprimirItem --> OK
23/03/2022 12:21:38|Articulo --> fuyi tabletas x12 uni
23/03/2022 12:21:38|cantidadArt B --> 1
23/03/2022 12:21:38|PrecVear --> 240
23/03/2022 12:21:38|montoArt --> 198,347107438017
23/03/2022 12:21:38|ivaArt --> 21
23/03/2022 12:21:39|hasarOCX.ImprimirItem --> OK
23/03/2022 12:21:39|Articulo --> el coloso esponja
23/03/2022 12:21:39|cantidadArt B --> 2
23/03/2022 12:21:39|PrecVear --> 35
23/03/2022 12:21:39|montoArt --> 28,9256198347107
23/03/2022 12:21:39|ivaArt --> 21
23/03/2022 12:21:39|hasarOCX.ImprimirItem --> OK
23/03/2022 12:21:39|Articulo --> prix guantes ultra talle chico
23/03/2022 12:21:39|cantidadArt B --> 1
23/03/2022 12:21:39|PrecVear --> 150
23/03/2022 12:21:39|montoArt --> 123,96694214876
23/03/2022 12:21:39|ivaArt --> 21
23/03/2022 12:21:39|hasarOCX.ImprimirItem --> OK
23/03/2022 12:21:39|Articulo --> fuyi espirales x4 verde
23/03/2022 12:21:39|cantidadArt B --> 1
23/03/2022 12:21:39|PrecVear --> 56
23/03/2022 12:21:39|montoArt --> 46,2809917355372
23/03/2022 12:21:39|ivaArt --> 21
23/03/2022 12:21:40|hasarOCX.ImprimirItem --> OK
23/03/2022 12:21:40|Cerrar Comprobante B:::
23/03/2022 12:21:43|Obtiene nrocomp
23/03/2022 12:21:43|nrocomp --> 20259
23/03/2022 12:21:43|Nro. de Comprobante ::: TFB ::: 20259
23/03/2022 12:21:43|Ety.TicketFiscal: 20259
23/03/2022 16:40:25|Comienza Facturacion B
23/03/2022 16:40:25|DatosCliente B
23/03/2022 16:40:27|AbrirComprobanteFiscal B
23/03/2022 16:40:27|Articulo --> plusbelle jabx125
23/03/2022 16:40:27|cantidadArt B --> 1
23/03/2022 16:40:27|PrecVear --> 85
23/03/2022 16:40:27|montoArt --> 70,2479338842975
23/03/2022 16:40:27|ivaArt --> 21
23/03/2022 16:40:28|hasarOCX.ImprimirItem --> OK
23/03/2022 16:40:28|Articulo --> 919 kit negro n 1
23/03/2022 16:40:28|cantidadArt B --> 1
23/03/2022 16:40:28|PrecVear --> 480
23/03/2022 16:40:28|montoArt --> 396,694214876033
23/03/2022 16:40:28|ivaArt --> 21
23/03/2022 16:40:28|hasarOCX.ImprimirItem --> OK
23/03/2022 16:40:28|Cerrar Comprobante B:::
23/03/2022 16:40:31|Obtiene nrocomp
23/03/2022 16:40:32|nrocomp --> 20260
23/03/2022 16:40:32|Nro. de Comprobante ::: TFB ::: 20260
23/03/2022 16:40:32|Ety.TicketFiscal: 20260
23/03/2022 17:21:31|Comienza Facturacion B
23/03/2022 17:21:32|DatosCliente B
23/03/2022 17:21:34|AbrirComprobanteFiscal B
23/03/2022 17:21:34|Articulo --> adult care rop int extra grande x8u
23/03/2022 17:21:34|cantidadArt B --> 1
23/03/2022 17:21:34|PrecVear --> 1120
23/03/2022 17:21:34|montoArt --> 925,619834710744
23/03/2022 17:21:34|ivaArt --> 21
23/03/2022 17:21:34|hasarOCX.ImprimirItem --> OK
23/03/2022 17:21:34|Articulo --> comodin apositos extrema verde eg x20
23/03/2022 17:21:34|cantidadArt B --> 2
23/03/2022 17:21:34|PrecVear --> 570
23/03/2022 17:21:34|montoArt --> 471,074380165289
23/03/2022 17:21:34|ivaArt --> 21
23/03/2022 17:21:35|hasarOCX.ImprimirItem --> OK
23/03/2022 17:21:35|Cerrar Comprobante B:::
23/03/2022 17:21:38|Obtiene nrocomp
23/03/2022 17:21:38|nrocomp --> 20261
23/03/2022 17:21:38|Nro. de Comprobante ::: TFB ::: 20261
23/03/2022 17:21:38|Ety.TicketFiscal: 20261
23/03/2022 17:37:04|Comienza Facturacion B
23/03/2022 17:37:05|DatosCliente B
23/03/2022 17:37:07|AbrirComprobanteFiscal B
23/03/2022 17:37:07|Articulo --> q soft toall. hum. clasicas x50u
23/03/2022 17:37:07|cantidadArt B --> 1
23/03/2022 17:37:07|PrecVear --> 150
23/03/2022 17:37:07|montoArt --> 123,96694214876
23/03/2022 17:37:07|ivaArt --> 21
23/03/2022 17:37:07|hasarOCX.ImprimirItem --> OK
23/03/2022 17:37:07|Articulo --> estrella pañal xxg x56
23/03/2022 17:37:07|cantidadArt B --> 1
23/03/2022 17:37:07|PrecVear --> 1740
23/03/2022 17:37:07|montoArt --> 1438,01652892562
23/03/2022 17:37:07|ivaArt --> 21
23/03/2022 17:37:08|hasarOCX.ImprimirItem --> OK
23/03/2022 17:37:08|Cerrar Comprobante B:::
23/03/2022 17:37:11|Obtiene nrocomp
23/03/2022 17:37:11|nrocomp --> 20262
23/03/2022 17:37:11|Nro. de Comprobante ::: TFB ::: 20262
23/03/2022 17:37:11|Ety.TicketFiscal: 20262
23/03/2022 18:05:42|cerrando pantalla venta
23/03/2022 18:05:44|Conectando..
23/03/2022 18:05:44|IP: 127.0.0.1 - Puerto: 6500
23/03/2022 18:05:45|Conectado con éxito!!
23/03/2022 18:06:47|Comienza Facturacion B
23/03/2022 18:06:47|DatosCliente B
23/03/2022 18:06:49|AbrirComprobanteFiscal B
23/03/2022 18:06:49|Articulo --> el coloso lustra mueble
23/03/2022 18:06:49|cantidadArt B --> 1
23/03/2022 18:06:49|PrecVear --> 210
23/03/2022 18:06:49|montoArt --> 173,553719008264
23/03/2022 18:06:49|ivaArt --> 21
23/03/2022 18:06:50|hasarOCX.ImprimirItem --> OK
23/03/2022 18:06:50|Articulo --> geltex cebo gel cucaracha
23/03/2022 18:06:50|cantidadArt B --> 1
23/03/2022 18:06:50|PrecVear --> 230
23/03/2022 18:06:50|montoArt --> 190,082644628099
23/03/2022 18:06:50|ivaArt --> 21
23/03/2022 18:06:50|hasarOCX.ImprimirItem --> OK
23/03/2022 18:06:50|Articulo --> cif act.gelx300 citrica-35950
23/03/2022 18:06:50|cantidadArt B --> 1
23/03/2022 18:06:50|PrecVear --> 125
23/03/2022 18:06:50|montoArt --> 103,305785123967
23/03/2022 18:06:50|ivaArt --> 21
23/03/2022 18:06:51|hasarOCX.ImprimirItem --> OK
23/03/2022 18:06:51|Articulo --> jyj aceite puro 200x12  (rosa)
23/03/2022 18:06:51|cantidadArt B --> 1
23/03/2022 18:06:51|PrecVear --> 690
23/03/2022 18:06:51|montoArt --> 570,247933884297
23/03/2022 18:06:51|ivaArt --> 21
23/03/2022 18:06:51|hasarOCX.ImprimirItem --> OK
23/03/2022 18:06:51|Articulo --> dove jabx90g micelar
23/03/2022 18:06:51|cantidadArt B --> 2
23/03/2022 18:06:51|PrecVear --> 120
23/03/2022 18:06:51|montoArt --> 99,1735537190083
23/03/2022 18:06:51|ivaArt --> 21
23/03/2022 18:06:51|hasarOCX.ImprimirItem --> OK
23/03/2022 18:06:51|Articulo --> felpita para tu flia x4
23/03/2022 18:06:51|cantidadArt B --> 1
23/03/2022 18:06:51|PrecVear --> 120
23/03/2022 18:06:51|montoArt --> 99,1735537190083
23/03/2022 18:06:51|ivaArt --> 21
23/03/2022 18:06:52|hasarOCX.ImprimirItem --> OK
23/03/2022 18:06:52|Articulo --> felpita maxirollo x240u dh
23/03/2022 18:06:52|cantidadArt B --> 1
23/03/2022 18:06:52|PrecVear --> 155
23/03/2022 18:06:52|montoArt --> 128,099173553719
23/03/2022 18:06:52|ivaArt --> 21
23/03/2022 18:06:52|hasarOCX.ImprimirItem --> OK
23/03/2022 18:06:52|Articulo --> raid tabletasx24 dob.accion
23/03/2022 18:06:52|cantidadArt B --> 1
23/03/2022 18:06:52|PrecVear --> 260
23/03/2022 18:06:52|montoArt --> 214,876033057851
23/03/2022 18:06:52|ivaArt --> 21
23/03/2022 18:06:52|hasarOCX.ImprimirItem --> OK
23/03/2022 18:06:52|Articulo --> pantene x200
23/03/2022 18:06:52|cantidadArt B --> 1
23/03/2022 18:06:52|PrecVear --> 280
23/03/2022 18:06:52|montoArt --> 231,404958677686
23/03/2022 18:06:52|ivaArt --> 21
23/03/2022 18:06:53|hasarOCX.ImprimirItem --> OK
23/03/2022 18:06:53|Articulo --> raid mmmx360 s/olor
23/03/2022 18:06:53|cantidadArt B --> 1
23/03/2022 18:06:53|PrecVear --> 350
23/03/2022 18:06:53|montoArt --> 289,256198347107
23/03/2022 18:06:53|ivaArt --> 21
23/03/2022 18:06:53|hasarOCX.ImprimirItem --> OK
23/03/2022 18:06:53|Articulo --> saphirus aromatizante textil bella
23/03/2022 18:06:53|cantidadArt B --> 1
23/03/2022 18:06:53|PrecVear --> 230
23/03/2022 18:06:53|montoArt --> 190,082644628099
23/03/2022 18:06:53|ivaArt --> 21
23/03/2022 18:06:53|hasarOCX.ImprimirItem --> OK
23/03/2022 18:06:53|Articulo --> procenex limpx900 limon -8367
23/03/2022 18:06:53|cantidadArt B --> 1
23/03/2022 18:06:53|PrecVear --> 110
23/03/2022 18:06:53|montoArt --> 90,9090909090909
23/03/2022 18:06:53|ivaArt --> 21
23/03/2022 18:06:54|hasarOCX.ImprimirItem --> OK
23/03/2022 18:06:54|Articulo --> raid exterm.cucarachasx360
23/03/2022 18:06:54|cantidadArt B --> 1
23/03/2022 18:06:54|PrecVear --> 300
23/03/2022 18:06:54|montoArt --> 247,933884297521
23/03/2022 18:06:54|ivaArt --> 21
23/03/2022 18:06:54|hasarOCX.ImprimirItem --> OK
23/03/2022 18:06:54|Articulo --> el coloso lavandina x1lt basica
23/03/2022 18:06:54|cantidadArt B --> 1
23/03/2022 18:06:54|PrecVear --> 75
23/03/2022 18:06:54|montoArt --> 61,9834710743802
23/03/2022 18:06:54|ivaArt --> 21
23/03/2022 18:06:55|hasarOCX.ImprimirItem --> OK
23/03/2022 18:06:55|Cerrar Comprobante B:::
23/03/2022 18:06:58|Obtiene nrocomp
23/03/2022 18:06:58|nrocomp --> 20263
23/03/2022 18:06:58|Nro. de Comprobante ::: TFB ::: 20263
23/03/2022 18:06:58|Ety.TicketFiscal: 20263
23/03/2022 18:16:48|Comienza Facturacion B
23/03/2022 18:16:48|DatosCliente B
23/03/2022 18:16:51|AbrirComprobanteFiscal B
23/03/2022 18:16:51|Articulo --> ala camellito d.packx450
23/03/2022 18:16:51|cantidadArt B --> 1
23/03/2022 18:16:51|PrecVear --> 198
23/03/2022 18:16:51|montoArt --> 163,636363636364
23/03/2022 18:16:51|ivaArt --> 21
23/03/2022 18:16:51|hasarOCX.ImprimirItem --> OK
23/03/2022 18:16:51|Articulo --> pino luz limp x900ml aceit.pino
23/03/2022 18:16:51|cantidadArt B --> 2
23/03/2022 18:16:51|PrecVear --> 130
23/03/2022 18:16:51|montoArt --> 107,438016528926
23/03/2022 18:16:51|ivaArt --> 21
23/03/2022 18:16:52|hasarOCX.ImprimirItem --> OK
23/03/2022 18:16:52|Articulo --> comfort clasx900 dp
23/03/2022 18:16:52|cantidadArt B --> 1
23/03/2022 18:16:52|PrecVear --> 240
23/03/2022 18:16:52|montoArt --> 198,347107438017
23/03/2022 18:16:52|ivaArt --> 21
23/03/2022 18:16:52|hasarOCX.ImprimirItem --> OK
23/03/2022 18:16:52|Articulo --> el coloso rollo cocx3 x 40paños
23/03/2022 18:16:52|cantidadArt B --> 1
23/03/2022 18:16:52|PrecVear --> 90
23/03/2022 18:16:52|montoArt --> 74,3801652892562
23/03/2022 18:16:52|ivaArt --> 21
23/03/2022 18:16:52|hasarOCX.ImprimirItem --> OK
23/03/2022 18:16:52|Articulo --> felpita para tu flia x4
23/03/2022 18:16:52|cantidadArt B --> 1
23/03/2022 18:16:52|PrecVear --> 120
23/03/2022 18:16:52|montoArt --> 99,1735537190083
23/03/2022 18:16:52|ivaArt --> 21
23/03/2022 18:16:53|hasarOCX.ImprimirItem --> OK
23/03/2022 18:16:53|Articulo --> ala matic 3 l dp
23/03/2022 18:16:53|cantidadArt B --> 1
23/03/2022 18:16:53|PrecVear --> 590
23/03/2022 18:16:53|montoArt --> 487,603305785124
23/03/2022 18:16:53|ivaArt --> 21
23/03/2022 18:16:53|hasarOCX.ImprimirItem --> OK
23/03/2022 18:16:53|Articulo --> elvive acx200 oleo nut.pro / coco
23/03/2022 18:16:53|cantidadArt B --> 1
23/03/2022 18:16:53|PrecVear --> 290
23/03/2022 18:16:53|montoArt --> 239,669421487603
23/03/2022 18:16:53|ivaArt --> 21
23/03/2022 18:16:53|hasarOCX.ImprimirItem --> OK
23/03/2022 18:16:53|Articulo --> elvive shx200 oleo nutr.prof / coco
23/03/2022 18:16:53|cantidadArt B --> 1
23/03/2022 18:16:53|PrecVear --> 290
23/03/2022 18:16:53|montoArt --> 239,669421487603
23/03/2022 18:16:53|ivaArt --> 21
23/03/2022 18:16:54|hasarOCX.ImprimirItem --> OK
23/03/2022 18:16:54|Cerrar Comprobante B:::
23/03/2022 18:16:57|Obtiene nrocomp
23/03/2022 18:16:57|nrocomp --> 20264
23/03/2022 18:16:57|Nro. de Comprobante ::: TFB ::: 20264
23/03/2022 18:16:57|Ety.TicketFiscal: 20264
23/03/2022 18:28:01|Conectando..
23/03/2022 18:28:01|IP: 127.0.0.1 - Puerto: 6500
23/03/2022 18:33:07|Comienza Facturacion B
23/03/2022 18:33:07|DatosCliente B
23/03/2022 18:33:10|AbrirComprobanteFiscal B
23/03/2022 18:33:10|Articulo --> katalia luminador glow in you
23/03/2022 18:33:10|cantidadArt B --> 1
23/03/2022 18:33:10|PrecVear --> 470
23/03/2022 18:33:10|montoArt --> 388,429752066116
23/03/2022 18:33:10|ivaArt --> 21
23/03/2022 18:33:10|hasarOCX.ImprimirItem --> OK
23/03/2022 18:33:10|Articulo --> katalia sombra x2 unidades
23/03/2022 18:33:10|cantidadArt B --> 1
23/03/2022 18:33:10|PrecVear --> 230
23/03/2022 18:33:10|montoArt --> 190,082644628099
23/03/2022 18:33:10|ivaArt --> 21
23/03/2022 18:33:10|hasarOCX.ImprimirItem --> OK
23/03/2022 18:33:10|Articulo --> ponds crema 's' x 50 grs
23/03/2022 18:33:10|cantidadArt B --> 1
23/03/2022 18:33:10|PrecVear --> 210
23/03/2022 18:33:10|montoArt --> 173,553719008264
23/03/2022 18:33:10|ivaArt --> 21
23/03/2022 18:33:11|hasarOCX.ImprimirItem --> OK
23/03/2022 18:33:11|Cerrar Comprobante B:::
23/03/2022 18:33:14|Obtiene nrocomp
23/03/2022 18:33:14|nrocomp --> 20265
23/03/2022 18:33:14|Nro. de Comprobante ::: TFB ::: 20265
23/03/2022 18:33:14|Ety.TicketFiscal: 20265
23/03/2022 18:34:28|Comienza Facturacion B
23/03/2022 18:34:28|DatosCliente B
23/03/2022 18:34:31|AbrirComprobanteFiscal B
23/03/2022 18:34:31|Articulo --> estrella baby oleo x245
23/03/2022 18:34:31|cantidadArt B --> 1
23/03/2022 18:34:31|PrecVear --> 350
23/03/2022 18:34:31|montoArt --> 289,256198347107
23/03/2022 18:34:31|ivaArt --> 21
23/03/2022 18:34:31|hasarOCX.ImprimirItem --> OK
23/03/2022 18:34:31|Articulo --> pampers pants confort sec xxg x34
23/03/2022 18:34:31|cantidadArt B --> 1
23/03/2022 18:34:31|PrecVear --> 1260
23/03/2022 18:34:31|montoArt --> 1041,32231404959
23/03/2022 18:34:31|ivaArt --> 21
23/03/2022 18:34:32|hasarOCX.ImprimirItem --> OK
23/03/2022 18:34:32|Articulo --> ballerina amarilla
23/03/2022 18:34:32|cantidadArt B --> 1
23/03/2022 18:34:32|PrecVear --> 50
23/03/2022 18:34:32|montoArt --> 41,3223140495868
23/03/2022 18:34:32|ivaArt --> 21
23/03/2022 18:34:32|hasarOCX.ImprimirItem --> OK
23/03/2022 18:34:32|Cerrar Comprobante B:::
23/03/2022 18:34:35|Obtiene nrocomp
23/03/2022 18:34:35|nrocomp --> 20266
23/03/2022 18:34:35|Nro. de Comprobante ::: TFB ::: 20266
23/03/2022 18:34:35|Ety.TicketFiscal: 20266
23/03/2022 18:40:17|Comienza Facturacion B
23/03/2022 18:40:17|DatosCliente B
23/03/2022 18:40:20|AbrirComprobanteFiscal B
23/03/2022 18:40:20|Articulo --> rexona aero  apx90 nutritive-60249
23/03/2022 18:40:20|cantidadArt B --> 1
23/03/2022 18:40:20|PrecVear --> 260
23/03/2022 18:40:20|montoArt --> 214,876033057851
23/03/2022 18:40:20|ivaArt --> 21
23/03/2022 18:40:20|hasarOCX.ImprimirItem --> OK
23/03/2022 18:40:20|Articulo --> ballerina amarilla
23/03/2022 18:40:20|cantidadArt B --> 1
23/03/2022 18:40:20|PrecVear --> 50
23/03/2022 18:40:20|montoArt --> 41,3223140495868
23/03/2022 18:40:20|ivaArt --> 21
23/03/2022 18:40:21|hasarOCX.ImprimirItem --> OK
23/03/2022 18:40:21|Articulo --> saphirus aromatizante textil bebe
23/03/2022 18:40:21|cantidadArt B --> 1
23/03/2022 18:40:21|PrecVear --> 230
23/03/2022 18:40:21|montoArt --> 190,082644628099
23/03/2022 18:40:21|ivaArt --> 21
23/03/2022 18:40:21|hasarOCX.ImprimirItem --> OK
23/03/2022 18:40:21|Articulo --> selton mmm x307g rojo acc.prol
23/03/2022 18:40:21|cantidadArt B --> 1
23/03/2022 18:40:21|PrecVear --> 175
23/03/2022 18:40:21|montoArt --> 144,628099173554
23/03/2022 18:40:21|ivaArt --> 21
23/03/2022 18:40:21|hasarOCX.ImprimirItem --> OK
23/03/2022 18:40:21|Articulo --> mary bosques 3min x250g
23/03/2022 18:40:21|cantidadArt B --> 1
23/03/2022 18:40:21|PrecVear --> 505
23/03/2022 18:40:21|montoArt --> 417,355371900826
23/03/2022 18:40:21|ivaArt --> 21
23/03/2022 18:40:22|hasarOCX.ImprimirItem --> OK
23/03/2022 18:40:22|Articulo --> bagovit sh y ac x350
23/03/2022 18:40:22|cantidadArt B --> 1
23/03/2022 18:40:22|PrecVear --> 590
23/03/2022 18:40:22|montoArt --> 487,603305785124
23/03/2022 18:40:22|ivaArt --> 21
23/03/2022 18:40:22|hasarOCX.ImprimirItem --> OK
23/03/2022 18:40:22|Cerrar Comprobante B:::
23/03/2022 18:40:25|Obtiene nrocomp
23/03/2022 18:40:25|nrocomp --> 20267
23/03/2022 18:40:25|Nro. de Comprobante ::: TFB ::: 20267
23/03/2022 18:40:25|Ety.TicketFiscal: 20267
23/03/2022 18:54:53|Comienza Facturacion B
23/03/2022 18:54:53|DatosCliente B
23/03/2022 18:54:55|AbrirComprobanteFiscal B
23/03/2022 18:54:55|Articulo --> algabo talco clasico doy pack x200grs
23/03/2022 18:54:55|cantidadArt B --> 1
23/03/2022 18:54:55|PrecVear --> 150
23/03/2022 18:54:55|montoArt --> 123,96694214876
23/03/2022 18:54:55|ivaArt --> 21
23/03/2022 18:54:56|hasarOCX.ImprimirItem --> OK
23/03/2022 18:54:56|Articulo --> odolito frutilla x50
23/03/2022 18:54:56|cantidadArt B --> 1
23/03/2022 18:54:56|PrecVear --> 80
23/03/2022 18:54:56|montoArt --> 66,1157024793389
23/03/2022 18:54:56|ivaArt --> 21
23/03/2022 18:54:56|hasarOCX.ImprimirItem --> OK
23/03/2022 18:54:56|Articulo --> sedal acondx300ml dp bomba nutricion
23/03/2022 18:54:56|cantidadArt B --> 2
23/03/2022 18:54:56|PrecVear --> 195
23/03/2022 18:54:56|montoArt --> 161,157024793388
23/03/2022 18:54:56|ivaArt --> 21
23/03/2022 18:54:57|hasarOCX.ImprimirItem --> OK
23/03/2022 18:54:57|Articulo --> huggies protect plus xxg 8
23/03/2022 18:54:57|cantidadArt B --> 1
23/03/2022 18:54:57|PrecVear --> 250
23/03/2022 18:54:57|montoArt --> 206,611570247934
23/03/2022 18:54:57|ivaArt --> 21
23/03/2022 18:54:57|hasarOCX.ImprimirItem --> OK
23/03/2022 18:54:57|Articulo --> colgate herbal x70g
23/03/2022 18:54:57|cantidadArt B --> 1
23/03/2022 18:54:57|PrecVear --> 175
23/03/2022 18:54:57|montoArt --> 144,628099173554
23/03/2022 18:54:57|ivaArt --> 21
23/03/2022 18:54:57|hasarOCX.ImprimirItem --> OK
23/03/2022 18:54:57|Articulo --> tresemme acox200 liso keratina
23/03/2022 18:54:57|cantidadArt B --> 1
23/03/2022 18:54:57|PrecVear --> 230
23/03/2022 18:54:57|montoArt --> 190,082644628099
23/03/2022 18:54:57|ivaArt --> 21
23/03/2022 18:54:58|hasarOCX.ImprimirItem --> OK
23/03/2022 18:54:58|Articulo --> goodmax maquina de  3 filos  x 1 unidad
23/03/2022 18:54:58|cantidadArt B --> 1
23/03/2022 18:54:58|PrecVear --> 75
23/03/2022 18:54:58|montoArt --> 61,9834710743802
23/03/2022 18:54:58|ivaArt --> 21
23/03/2022 18:54:58|hasarOCX.ImprimirItem --> OK
23/03/2022 18:54:58|Articulo --> vella oro liquido
23/03/2022 18:54:58|cantidadArt B --> 1
23/03/2022 18:54:58|PrecVear --> 340
23/03/2022 18:54:58|montoArt --> 280,99173553719
23/03/2022 18:54:58|ivaArt --> 21
23/03/2022 18:54:58|hasarOCX.ImprimirItem --> OK
23/03/2022 18:54:58|Cerrar Comprobante B:::
23/03/2022 18:55:01|Obtiene nrocomp
23/03/2022 18:55:02|nrocomp --> 20268
23/03/2022 18:55:02|Nro. de Comprobante ::: TFB ::: 20268
23/03/2022 18:55:02|Ety.TicketFiscal: 20268
23/03/2022 19:07:41|Comienza Facturacion B
23/03/2022 19:07:41|DatosCliente B
23/03/2022 19:07:43|AbrirComprobanteFiscal B
23/03/2022 19:07:43|Articulo --> 919 kit n°6 rubio oscuro
23/03/2022 19:07:43|cantidadArt B --> 1
23/03/2022 19:07:43|PrecVear --> 480
23/03/2022 19:07:43|montoArt --> 396,694214876033
23/03/2022 19:07:43|ivaArt --> 21
23/03/2022 19:07:44|hasarOCX.ImprimirItem --> OK
23/03/2022 19:07:44|Articulo --> felpita bco 80 mts
23/03/2022 19:07:44|cantidadArt B --> 1
23/03/2022 19:07:44|PrecVear --> 280
23/03/2022 19:07:44|montoArt --> 231,404958677686
23/03/2022 19:07:44|ivaArt --> 21
23/03/2022 19:07:44|hasarOCX.ImprimirItem --> OK
23/03/2022 19:07:44|Articulo --> dove jabon x90 blanco
23/03/2022 19:07:44|cantidadArt B --> 3
23/03/2022 19:07:44|PrecVear --> 95
23/03/2022 19:07:44|montoArt --> 78,5123966942149
23/03/2022 19:07:44|ivaArt --> 21
23/03/2022 19:07:45|hasarOCX.ImprimirItem --> OK
23/03/2022 19:07:45|Articulo --> capilatis baño de crema verde
23/03/2022 19:07:45|cantidadArt B --> 1
23/03/2022 19:07:45|PrecVear --> 370
23/03/2022 19:07:45|montoArt --> 305,785123966942
23/03/2022 19:07:45|ivaArt --> 21
23/03/2022 19:07:45|hasarOCX.ImprimirItem --> OK
23/03/2022 19:07:45|Articulo --> felpita maxirollo x240u dh
23/03/2022 19:07:45|cantidadArt B --> 2
23/03/2022 19:07:45|PrecVear --> 155
23/03/2022 19:07:45|montoArt --> 128,099173553719
23/03/2022 19:07:45|ivaArt --> 21
23/03/2022 19:07:45|hasarOCX.ImprimirItem --> OK
23/03/2022 19:07:45|Cerrar Comprobante B:::
23/03/2022 19:07:48|Obtiene nrocomp
23/03/2022 19:07:49|nrocomp --> 20269
23/03/2022 19:07:49|Nro. de Comprobante ::: TFB ::: 20269
23/03/2022 19:07:49|Ety.TicketFiscal: 20269
23/03/2022 19:15:21|Comienza Facturacion B
23/03/2022 19:15:21|DatosCliente B
23/03/2022 19:15:23|AbrirComprobanteFiscal B
23/03/2022 19:15:23|Articulo --> varios
23/03/2022 19:15:23|cantidadArt B --> 1
23/03/2022 19:15:23|PrecVear --> 40
23/03/2022 19:15:23|montoArt --> 33,0578512396694
23/03/2022 19:15:23|ivaArt --> 21
23/03/2022 19:15:24|hasarOCX.ImprimirItem --> OK
23/03/2022 19:15:24|Articulo --> otowil tintura 5.3
23/03/2022 19:15:24|cantidadArt B --> 1
23/03/2022 19:15:24|PrecVear --> 230
23/03/2022 19:15:24|montoArt --> 190,082644628099
23/03/2022 19:15:24|ivaArt --> 21
23/03/2022 19:15:24|hasarOCX.ImprimirItem --> OK
23/03/2022 19:15:24|Articulo --> issue activ.cr 20v x47ml
23/03/2022 19:15:24|cantidadArt B --> 1
23/03/2022 19:15:24|PrecVear --> 30
23/03/2022 19:15:24|montoArt --> 24,7933884297521
23/03/2022 19:15:24|ivaArt --> 21
23/03/2022 19:15:24|hasarOCX.ImprimirItem --> OK
23/03/2022 19:15:24|Articulo --> extralimp bollito acero
23/03/2022 19:15:24|cantidadArt B --> 1
23/03/2022 19:15:24|PrecVear --> 140
23/03/2022 19:15:24|montoArt --> 115,702479338843
23/03/2022 19:15:24|ivaArt --> 21
23/03/2022 19:15:25|hasarOCX.ImprimirItem --> OK
23/03/2022 19:15:25|Articulo --> mortimer esponja cuadriculada
23/03/2022 19:15:25|cantidadArt B --> 1
23/03/2022 19:15:25|PrecVear --> 60
23/03/2022 19:15:25|montoArt --> 49,5867768595041
23/03/2022 19:15:25|ivaArt --> 21
23/03/2022 19:15:25|hasarOCX.ImprimirItem --> OK
23/03/2022 19:15:25|Articulo --> selton mmm x307g rojo acc.prol
23/03/2022 19:15:25|cantidadArt B --> 3
23/03/2022 19:15:25|PrecVear --> 175
23/03/2022 19:15:25|montoArt --> 144,628099173554
23/03/2022 19:15:25|ivaArt --> 21
23/03/2022 19:15:25|hasarOCX.ImprimirItem --> OK
23/03/2022 19:15:25|Articulo --> energico lavandina roja x5
23/03/2022 19:15:25|cantidadArt B --> 1
23/03/2022 19:15:25|PrecVear --> 210
23/03/2022 19:15:25|montoArt --> 173,553719008264
23/03/2022 19:15:25|ivaArt --> 21
23/03/2022 19:15:26|hasarOCX.ImprimirItem --> OK
23/03/2022 19:15:26|Articulo --> mr trapo gris ext. suave
23/03/2022 19:15:26|cantidadArt B --> 2
23/03/2022 19:15:26|PrecVear --> 110
23/03/2022 19:15:26|montoArt --> 90,9090909090909
23/03/2022 19:15:26|ivaArt --> 21
23/03/2022 19:15:26|hasarOCX.ImprimirItem --> OK
23/03/2022 19:15:26|Articulo --> el coloso det citrico
23/03/2022 19:15:26|cantidadArt B --> 4
23/03/2022 19:15:26|PrecVear --> 89
23/03/2022 19:15:26|montoArt --> 73,5537190082645
23/03/2022 19:15:26|ivaArt --> 21
23/03/2022 19:15:27|hasarOCX.ImprimirItem --> OK
23/03/2022 19:15:27|Articulo --> odex limpiador x4 lt
23/03/2022 19:15:27|cantidadArt B --> 1
23/03/2022 19:15:27|PrecVear --> 450
23/03/2022 19:15:27|montoArt --> 371,900826446281
23/03/2022 19:15:27|ivaArt --> 21
23/03/2022 19:15:27|hasarOCX.ImprimirItem --> OK
23/03/2022 19:15:27|Articulo --> ballerina amarilla
23/03/2022 19:15:27|cantidadArt B --> 4
23/03/2022 19:15:27|PrecVear --> 50
23/03/2022 19:15:27|montoArt --> 41,3223140495868
23/03/2022 19:15:27|ivaArt --> 21
23/03/2022 19:15:27|hasarOCX.ImprimirItem --> OK
23/03/2022 19:15:27|Articulo --> virulana paño esponja
23/03/2022 19:15:27|cantidadArt B --> 2
23/03/2022 19:15:27|PrecVear --> 180
23/03/2022 19:15:27|montoArt --> 148,760330578512
23/03/2022 19:15:27|ivaArt --> 21
23/03/2022 19:15:28|hasarOCX.ImprimirItem --> OK
23/03/2022 19:15:28|Articulo --> la porteña escobillon gauchito
23/03/2022 19:15:28|cantidadArt B --> 2
23/03/2022 19:15:28|PrecVear --> 195
23/03/2022 19:15:28|montoArt --> 161,157024793388
23/03/2022 19:15:28|ivaArt --> 21
23/03/2022 19:15:28|hasarOCX.ImprimirItem --> OK
23/03/2022 19:15:28|Articulo --> el coloso rollo cocx3 x 40paños
23/03/2022 19:15:28|cantidadArt B --> 6
23/03/2022 19:15:28|PrecVear --> 90
23/03/2022 19:15:28|montoArt --> 74,3801652892562
23/03/2022 19:15:28|ivaArt --> 21
23/03/2022 19:15:28|hasarOCX.ImprimirItem --> OK
23/03/2022 19:15:28|Articulo --> el coloso hig.ecolog x4
23/03/2022 19:15:28|cantidadArt B --> 3
23/03/2022 19:15:28|PrecVear --> 90
23/03/2022 19:15:28|montoArt --> 74,3801652892562
23/03/2022 19:15:28|ivaArt --> 21
23/03/2022 19:15:29|hasarOCX.ImprimirItem --> OK
23/03/2022 19:15:29|Cerrar Comprobante B:::
23/03/2022 19:15:32|Obtiene nrocomp
23/03/2022 19:15:32|nrocomp --> 20270
23/03/2022 19:15:32|Nro. de Comprobante ::: TFB ::: 20270
23/03/2022 19:15:32|Ety.TicketFiscal: 20270
23/03/2022 19:16:43|Comienza Facturacion B
23/03/2022 19:16:43|DatosCliente B
23/03/2022 19:16:46|AbrirComprobanteFiscal B
23/03/2022 19:16:46|Articulo --> raid fuyi liq.elect.45 noc.rep.d.acci
23/03/2022 19:16:46|cantidadArt B --> 1
23/03/2022 19:16:46|PrecVear --> 550
23/03/2022 19:16:46|montoArt --> 454,545454545455
23/03/2022 19:16:46|ivaArt --> 21
23/03/2022 19:16:46|hasarOCX.ImprimirItem --> OK
23/03/2022 19:16:46|Articulo --> sussex rollo cocx3 clas
23/03/2022 19:16:46|cantidadArt B --> 1
23/03/2022 19:16:46|PrecVear --> 130
23/03/2022 19:16:46|montoArt --> 107,438016528926
23/03/2022 19:16:46|ivaArt --> 21
23/03/2022 19:16:46|hasarOCX.ImprimirItem --> OK
23/03/2022 19:16:46|Cerrar Comprobante B:::
23/03/2022 19:16:49|Obtiene nrocomp
23/03/2022 19:16:50|nrocomp --> 20271
23/03/2022 19:16:50|Nro. de Comprobante ::: TFB ::: 20271
23/03/2022 19:16:50|Ety.TicketFiscal: 20271
23/03/2022 19:18:19|Comienza Facturacion B
23/03/2022 19:18:19|DatosCliente B
23/03/2022 19:18:22|AbrirComprobanteFiscal B
23/03/2022 19:18:22|Articulo --> kativa kit alisante
23/03/2022 19:18:22|cantidadArt B --> 1
23/03/2022 19:18:22|PrecVear --> 999
23/03/2022 19:18:22|montoArt --> 825,619834710744
23/03/2022 19:18:22|ivaArt --> 21
23/03/2022 19:18:22|hasarOCX.ImprimirItem --> OK
23/03/2022 19:18:22|Cerrar Comprobante B:::
23/03/2022 19:18:25|Obtiene nrocomp
23/03/2022 19:18:25|nrocomp --> 20272
23/03/2022 19:18:25|Nro. de Comprobante ::: TFB ::: 20272
23/03/2022 19:18:25|Ety.TicketFiscal: 20272
23/03/2022 19:28:13|Comienza Facturacion B
23/03/2022 19:28:14|DatosCliente B
23/03/2022 19:28:16|AbrirComprobanteFiscal B
23/03/2022 19:28:16|Articulo --> venus simply rosada x1 unidad
23/03/2022 19:28:16|cantidadArt B --> 1
23/03/2022 19:28:16|PrecVear --> 170
23/03/2022 19:28:16|montoArt --> 140,495867768595
23/03/2022 19:28:16|ivaArt --> 21
23/03/2022 19:28:16|hasarOCX.ImprimirItem --> OK
23/03/2022 19:28:16|Articulo --> mary bosques shock acido
23/03/2022 19:28:16|cantidadArt B --> 3
23/03/2022 19:28:16|PrecVear --> 80
23/03/2022 19:28:16|montoArt --> 66,1157024793389
23/03/2022 19:28:16|ivaArt --> 21
23/03/2022 19:28:17|hasarOCX.ImprimirItem --> OK
23/03/2022 19:28:17|Articulo --> noc 10 cr.dentalx70
23/03/2022 19:28:17|cantidadArt B --> 1
23/03/2022 19:28:17|PrecVear --> 350
23/03/2022 19:28:17|montoArt --> 289,256198347107
23/03/2022 19:28:17|ivaArt --> 21
23/03/2022 19:28:17|hasarOCX.ImprimirItem --> OK
23/03/2022 19:28:17|Articulo --> dove sh y ac x400 ml
23/03/2022 19:28:17|cantidadArt B --> 1
23/03/2022 19:28:17|PrecVear --> 480
23/03/2022 19:28:17|montoArt --> 396,694214876033
23/03/2022 19:28:17|ivaArt --> 21
23/03/2022 19:28:18|hasarOCX.ImprimirItem --> OK
23/03/2022 19:28:18|Articulo --> vogue esmlate
23/03/2022 19:28:18|cantidadArt B --> 2
23/03/2022 19:28:18|PrecVear --> 310
23/03/2022 19:28:18|montoArt --> 256,198347107438
23/03/2022 19:28:18|ivaArt --> 21
23/03/2022 19:28:18|hasarOCX.ImprimirItem --> OK
23/03/2022 19:28:18|Cerrar Comprobante B:::
23/03/2022 19:28:21|Obtiene nrocomp
23/03/2022 19:28:21|nrocomp --> 20273
23/03/2022 19:28:21|Nro. de Comprobante ::: TFB ::: 20273
23/03/2022 19:28:21|Ety.TicketFiscal: 20273
23/03/2022 19:52:58|Comienza Facturacion B
23/03/2022 19:52:58|DatosCliente B
23/03/2022 19:53:01|AbrirComprobanteFiscal B
23/03/2022 19:53:01|Articulo --> estrella pañal xxg x56
23/03/2022 19:53:01|cantidadArt B --> 1
23/03/2022 19:53:01|PrecVear --> 1740
23/03/2022 19:53:01|montoArt --> 1438,01652892562
23/03/2022 19:53:01|ivaArt --> 21
23/03/2022 19:53:01|hasarOCX.ImprimirItem --> OK
23/03/2022 19:53:01|Articulo --> jyj toallitas
23/03/2022 19:53:01|cantidadArt B --> 2
23/03/2022 19:53:01|PrecVear --> 330
23/03/2022 19:53:01|montoArt --> 272,727272727273
23/03/2022 19:53:01|ivaArt --> 21
23/03/2022 19:53:02|hasarOCX.ImprimirItem --> OK
23/03/2022 19:53:02|Cerrar Comprobante B:::
23/03/2022 19:53:05|Obtiene nrocomp
23/03/2022 19:53:05|nrocomp --> 20274
23/03/2022 19:53:05|Nro. de Comprobante ::: TFB ::: 20274
23/03/2022 19:53:05|Ety.TicketFiscal: 20274
23/03/2022 20:07:45|cerrando pantalla venta
23/03/2022 20:11:03|Conectando..
23/03/2022 20:11:03|IP: 127.0.0.1 - Puerto: 6500
23/03/2022 20:11:04|Conectado con éxito!!
23/03/2022 20:29:20|cerrando pantalla venta
23/03/2022 20:29:27|*************COMIENZA Cierre  Z**********
23/03/2022 20:29:35|CIERRE Z
Cierre Z Nº =[663]
Fecha del Cierre        =[23/03/2022 0:00:00]
DF Emitidos             =[29]
DF Cancelados           =[0]
DF Total                =[6490607]
DF Total Gravado        =[5364139]
DF Total No Gravado     =[0]
DF Total Exento         =[0]
DF Total IVA            =[1126468]
DF Total Otros Tributos =[0]
NC Emitidas             =[0]
NC Canceladas           =[0]
NC Total                =[0]
NC Total Gravado        =[0]
NC Total No Gravado     =[0]
NC Total Exento         =[0]
NC Total IVA            =[0]
NC Total Otros Tributos =[0]
DNFH Emitidos           =[0]
DNFH Total              =[0]

23/03/2022 20:30:26|Conectando..
23/03/2022 20:30:26|IP: 127.0.0.1 - Puerto: 6500
23/03/2022 20:31:59|Error Diagnostico..Tiempo de espera agotado
23/03/2022 20:32:00|cerrando pantalla venta
