30/08/2021 8:43:03|Conectando..
30/08/2021 8:43:03|IP: 127.0.0.1 - Puerto: 6500
30/08/2021 8:53:50|cerrando pantalla venta
30/08/2021 8:54:01|Conectando..
30/08/2021 8:54:01|IP: 127.0.0.1 - Puerto: 6500
30/08/2021 8:54:01|Conectado con éxito!!
30/08/2021 9:50:37|Comienza Facturacion B
30/08/2021 9:50:37|DatosCliente B
30/08/2021 9:50:41|AbrirComprobanteFiscal B
30/08/2021 9:50:41|Articulo --> q soft toallas humedas adultos
30/08/2021 9:50:41|cantidadArt B --> 1
30/08/2021 9:50:41|PrecVear --> 330
30/08/2021 9:50:41|montoArt --> 272,727272727273
30/08/2021 9:50:41|ivaArt --> 21
30/08/2021 9:50:41|hasarOCX.ImprimirItem --> OK
30/08/2021 9:50:41|Articulo --> c/u prestobarba ultragrip 2 filos sensitive
30/08/2021 9:50:41|cantidadArt B --> 2
30/08/2021 9:50:41|PrecVear --> 85
30/08/2021 9:50:41|montoArt --> 70,2479338842975
30/08/2021 9:50:41|ivaArt --> 21
30/08/2021 9:50:42|hasarOCX.ImprimirItem --> OK
30/08/2021 9:50:42|Articulo --> glade aero lavanda
30/08/2021 9:50:42|cantidadArt B --> 1
30/08/2021 9:50:42|PrecVear --> 130
30/08/2021 9:50:42|montoArt --> 107,438016528926
30/08/2021 9:50:42|ivaArt --> 21
30/08/2021 9:50:42|hasarOCX.ImprimirItem --> OK
30/08/2021 9:50:42|Articulo --> cutex quitaesmalte hipoalergenico x100 ml
30/08/2021 9:50:42|cantidadArt B --> 1
30/08/2021 9:50:42|PrecVear --> 140
30/08/2021 9:50:42|montoArt --> 115,702479338843
30/08/2021 9:50:42|ivaArt --> 21
30/08/2021 9:50:42|hasarOCX.ImprimirItem --> OK
30/08/2021 9:50:42|Articulo --> dove aero apx89 beaut.finish-5343
30/08/2021 9:50:42|cantidadArt B --> 1
30/08/2021 9:50:42|PrecVear --> 220
30/08/2021 9:50:42|montoArt --> 181,818181818182
30/08/2021 9:50:42|ivaArt --> 21
30/08/2021 9:50:43|hasarOCX.ImprimirItem --> OK
30/08/2021 9:50:43|Cerrar Comprobante B:::
30/08/2021 9:50:46|Obtiene nrocomp
30/08/2021 9:50:46|nrocomp --> 13731
30/08/2021 9:50:46|Nro. de Comprobante ::: TFB ::: 13731
30/08/2021 10:03:56|Comienza Facturacion B
30/08/2021 10:03:57|DatosCliente B
30/08/2021 10:03:59|AbrirComprobanteFiscal B
30/08/2021 10:03:59|Articulo --> varios
30/08/2021 10:03:59|cantidadArt B --> 1
30/08/2021 10:03:59|PrecVear --> 295
30/08/2021 10:03:59|montoArt --> 243,801652892562
30/08/2021 10:03:59|ivaArt --> 21
30/08/2021 10:04:00|hasarOCX.ImprimirItem --> OK
30/08/2021 10:04:00|Articulo --> glade aero. melodia bambu
30/08/2021 10:04:00|cantidadArt B --> 1
30/08/2021 10:04:00|PrecVear --> 130
30/08/2021 10:04:00|montoArt --> 107,438016528926
30/08/2021 10:04:00|ivaArt --> 21
30/08/2021 10:04:00|hasarOCX.ImprimirItem --> OK
30/08/2021 10:04:00|Articulo --> veritas rollon proteccion y cuidado
30/08/2021 10:04:00|cantidadArt B --> 1
30/08/2021 10:04:00|PrecVear --> 168
30/08/2021 10:04:00|montoArt --> 138,842975206612
30/08/2021 10:04:00|ivaArt --> 21
30/08/2021 10:04:00|hasarOCX.ImprimirItem --> OK
30/08/2021 10:04:00|Articulo --> glade gel aromatizante
30/08/2021 10:04:00|cantidadArt B --> 1
30/08/2021 10:04:00|PrecVear --> 185
30/08/2021 10:04:00|montoArt --> 152,892561983471
30/08/2021 10:04:00|ivaArt --> 21
30/08/2021 10:04:01|hasarOCX.ImprimirItem --> OK
30/08/2021 10:04:01|Articulo --> jyj colonia frescas caricias x 100 ml (verde)
30/08/2021 10:04:01|cantidadArt B --> 1
30/08/2021 10:04:01|PrecVear --> 260
30/08/2021 10:04:01|montoArt --> 214,876033057851
30/08/2021 10:04:01|ivaArt --> 21
30/08/2021 10:04:01|hasarOCX.ImprimirItem --> OK
30/08/2021 10:04:01|Articulo --> ayudin destapacanx1l-17981
30/08/2021 10:04:01|cantidadArt B --> 1
30/08/2021 10:04:01|PrecVear --> 300
30/08/2021 10:04:01|montoArt --> 247,933884297521
30/08/2021 10:04:01|ivaArt --> 21
30/08/2021 10:04:01|hasarOCX.ImprimirItem --> OK
30/08/2021 10:04:01|Cerrar Comprobante B:::
30/08/2021 10:04:04|Obtiene nrocomp
30/08/2021 10:04:05|nrocomp --> 13732
30/08/2021 10:04:05|Nro. de Comprobante ::: TFB ::: 13732
30/08/2021 10:18:52|Comienza Facturacion B
30/08/2021 10:18:52|DatosCliente B
30/08/2021 10:18:54|AbrirComprobanteFiscal B
30/08/2021 10:18:54|Articulo --> ponds crema 's' x 50 grs
30/08/2021 10:18:54|cantidadArt B --> 1
30/08/2021 10:18:54|PrecVear --> 180
30/08/2021 10:18:54|montoArt --> 148,760330578512
30/08/2021 10:18:54|ivaArt --> 21
30/08/2021 10:18:55|hasarOCX.ImprimirItem --> OK
30/08/2021 10:18:55|Articulo --> key kolor kit 8.3
30/08/2021 10:18:55|cantidadArt B --> 1
30/08/2021 10:18:55|PrecVear --> 420
30/08/2021 10:18:55|montoArt --> 347,107438016529
30/08/2021 10:18:55|ivaArt --> 21
30/08/2021 10:18:55|hasarOCX.ImprimirItem --> OK
30/08/2021 10:18:55|Cerrar Comprobante B:::
30/08/2021 10:18:58|Obtiene nrocomp
30/08/2021 10:18:58|nrocomp --> 13733
30/08/2021 10:18:58|Nro. de Comprobante ::: TFB ::: 13733
30/08/2021 10:54:22|Comienza Facturacion B
30/08/2021 10:54:23|DatosCliente B
30/08/2021 10:54:25|AbrirComprobanteFiscal B
30/08/2021 10:54:25|Articulo --> varios
30/08/2021 10:54:25|cantidadArt B --> 1
30/08/2021 10:54:25|PrecVear --> 150
30/08/2021 10:54:25|montoArt --> 123,96694214876
30/08/2021 10:54:25|ivaArt --> 21
30/08/2021 10:54:25|hasarOCX.ImprimirItem --> OK
30/08/2021 10:54:25|Articulo --> saphirus difusores de ambientev magnolia y fresias
30/08/2021 10:54:25|cantidadArt B --> 1
30/08/2021 10:54:25|PrecVear --> 295
30/08/2021 10:54:25|montoArt --> 243,801652892562
30/08/2021 10:54:25|ivaArt --> 21
30/08/2021 10:54:26|hasarOCX.ImprimirItem --> OK
30/08/2021 10:54:26|Cerrar Comprobante B:::
30/08/2021 10:54:29|Obtiene nrocomp
30/08/2021 10:54:29|nrocomp --> 13734
30/08/2021 10:54:29|Nro. de Comprobante ::: TFB ::: 13734
30/08/2021 10:54:41|Comienza Facturacion B
30/08/2021 10:54:41|DatosCliente B
30/08/2021 10:54:44|AbrirComprobanteFiscal B
30/08/2021 10:54:44|Articulo --> excellence loreal 8.1
30/08/2021 10:54:44|cantidadArt B --> 1
30/08/2021 10:54:44|PrecVear --> 750
30/08/2021 10:54:44|montoArt --> 619,834710743802
30/08/2021 10:54:44|ivaArt --> 21
30/08/2021 10:54:44|hasarOCX.ImprimirItem --> OK
30/08/2021 10:54:44|Cerrar Comprobante B:::
30/08/2021 10:54:47|Obtiene nrocomp
30/08/2021 10:54:48|nrocomp --> 13735
30/08/2021 10:54:48|Nro. de Comprobante ::: TFB ::: 13735
30/08/2021 10:57:54|Comienza Facturacion B
30/08/2021 10:57:54|DatosCliente B
30/08/2021 10:57:57|AbrirComprobanteFiscal B
30/08/2021 10:57:57|Articulo --> 4015b candy thum oleo doy 30x70 unid
30/08/2021 10:57:57|cantidadArt B --> 1
30/08/2021 10:57:57|PrecVear --> 85
30/08/2021 10:57:57|montoArt --> 70,2479338842975
30/08/2021 10:57:57|ivaArt --> 21
30/08/2021 10:57:57|hasarOCX.ImprimirItem --> OK
30/08/2021 10:57:57|Articulo --> huggies trip prot xxg x26u
30/08/2021 10:57:57|cantidadArt B --> 1
30/08/2021 10:57:57|PrecVear --> 620
30/08/2021 10:57:57|montoArt --> 512,396694214876
30/08/2021 10:57:57|ivaArt --> 21
30/08/2021 10:57:57|hasarOCX.ImprimirItem --> OK
30/08/2021 10:57:57|Cerrar Comprobante B:::
30/08/2021 10:58:00|Obtiene nrocomp
30/08/2021 10:58:01|nrocomp --> 13736
30/08/2021 10:58:01|Nro. de Comprobante ::: TFB ::: 13736
30/08/2021 11:01:29|Comienza Facturacion B
30/08/2021 11:01:29|DatosCliente B
30/08/2021 11:01:32|AbrirComprobanteFiscal B
30/08/2021 11:01:32|Articulo --> colgate cr.trip.accionx90ml
30/08/2021 11:01:32|cantidadArt B --> 1
30/08/2021 11:01:32|PrecVear --> 220
30/08/2021 11:01:32|montoArt --> 181,818181818182
30/08/2021 11:01:32|ivaArt --> 21
30/08/2021 11:01:32|hasarOCX.ImprimirItem --> OK
30/08/2021 11:01:32|Articulo --> ambar aromatizantes aero ksk
30/08/2021 11:01:32|cantidadArt B --> 1
30/08/2021 11:01:32|PrecVear --> 215
30/08/2021 11:01:32|montoArt --> 177,685950413223
30/08/2021 11:01:32|ivaArt --> 21
30/08/2021 11:01:33|hasarOCX.ImprimirItem --> OK
30/08/2021 11:01:33|Articulo --> mr musculo cocina dp
30/08/2021 11:01:33|cantidadArt B --> 1
30/08/2021 11:01:33|PrecVear --> 70
30/08/2021 11:01:33|montoArt --> 57,8512396694215
30/08/2021 11:01:33|ivaArt --> 21
30/08/2021 11:01:33|hasarOCX.ImprimirItem --> OK
30/08/2021 11:01:33|Cerrar Comprobante B:::
30/08/2021 11:01:36|Obtiene nrocomp
30/08/2021 11:01:36|nrocomp --> 13737
30/08/2021 11:01:36|Nro. de Comprobante ::: TFB ::: 13737
30/08/2021 11:14:47|Comienza Facturacion B
30/08/2021 11:14:47|DatosCliente B
30/08/2021 11:14:50|AbrirComprobanteFiscal B
30/08/2021 11:14:50|Articulo --> agua oxigenada 10 vol x100 cc
30/08/2021 11:14:50|cantidadArt B --> 1
30/08/2021 11:14:50|PrecVear --> 70
30/08/2021 11:14:50|montoArt --> 57,8512396694215
30/08/2021 11:14:50|ivaArt --> 21
30/08/2021 11:14:50|hasarOCX.ImprimirItem --> OK
30/08/2021 11:14:50|Articulo --> corega crx40g menta
30/08/2021 11:14:50|cantidadArt B --> 1
30/08/2021 11:14:50|PrecVear --> 490
30/08/2021 11:14:50|montoArt --> 404,95867768595
30/08/2021 11:14:50|ivaArt --> 21
30/08/2021 11:14:50|hasarOCX.ImprimirItem --> OK
30/08/2021 11:14:50|Articulo --> algabo jabon liquido 300 ml cream doy pack
30/08/2021 11:14:50|cantidadArt B --> 1
30/08/2021 11:14:50|PrecVear --> 95
30/08/2021 11:14:50|montoArt --> 78,5123966942149
30/08/2021 11:14:50|ivaArt --> 21
30/08/2021 11:14:51|hasarOCX.ImprimirItem --> OK
30/08/2021 11:14:51|Articulo --> gillette foamyx175 piel sens
30/08/2021 11:14:51|cantidadArt B --> 1
30/08/2021 11:14:51|PrecVear --> 270
30/08/2021 11:14:51|montoArt --> 223,140495867769
30/08/2021 11:14:51|ivaArt --> 21
30/08/2021 11:14:51|hasarOCX.ImprimirItem --> OK
30/08/2021 11:14:51|Cerrar Comprobante B:::
30/08/2021 11:14:54|Obtiene nrocomp
30/08/2021 11:14:54|nrocomp --> 13738
30/08/2021 11:14:54|Nro. de Comprobante ::: TFB ::: 13738
30/08/2021 11:22:00|cerrando pantalla venta
30/08/2021 11:23:33|Conectando..
30/08/2021 11:23:33|IP: 127.0.0.1 - Puerto: 6500
30/08/2021 11:23:34|Conectado con éxito!!
30/08/2021 11:26:10|Comienza Facturacion B
30/08/2021 11:26:10|DatosCliente B
30/08/2021 11:26:12|AbrirComprobanteFiscal B
30/08/2021 11:26:12|Articulo --> 919 kit n°8.1 rubio clar ceniza int.
30/08/2021 11:26:12|cantidadArt B --> 1
30/08/2021 11:26:12|PrecVear --> 380
30/08/2021 11:26:12|montoArt --> 314,04958677686
30/08/2021 11:26:12|ivaArt --> 21
30/08/2021 11:26:13|hasarOCX.ImprimirItem --> OK
30/08/2021 11:26:13|Cerrar Comprobante B:::
30/08/2021 11:26:16|Obtiene nrocomp
30/08/2021 11:26:16|nrocomp --> 13739
30/08/2021 11:26:16|Nro. de Comprobante ::: TFB ::: 13739
30/08/2021 11:46:09|Comienza Facturacion B
30/08/2021 11:46:10|DatosCliente B
30/08/2021 11:46:12|AbrirComprobanteFiscal B
30/08/2021 11:46:12|Articulo --> algabo alcohol ultra spray x125ml
30/08/2021 11:46:12|cantidadArt B --> 1
30/08/2021 11:46:12|PrecVear --> 160
30/08/2021 11:46:12|montoArt --> 132,231404958678
30/08/2021 11:46:12|ivaArt --> 21
30/08/2021 11:46:13|hasarOCX.ImprimirItem --> OK
30/08/2021 11:46:13|Articulo --> rexona efficientx100 talco
30/08/2021 11:46:13|cantidadArt B --> 1
30/08/2021 11:46:13|PrecVear --> 140
30/08/2021 11:46:13|montoArt --> 115,702479338843
30/08/2021 11:46:13|ivaArt --> 21
30/08/2021 11:46:13|hasarOCX.ImprimirItem --> OK
30/08/2021 11:46:13|Articulo --> varios
30/08/2021 11:46:13|cantidadArt B --> 1
30/08/2021 11:46:13|PrecVear --> 30
30/08/2021 11:46:13|montoArt --> 24,7933884297521
30/08/2021 11:46:13|ivaArt --> 21
30/08/2021 11:46:13|hasarOCX.ImprimirItem --> OK
30/08/2021 11:46:13|Articulo --> everlast mochila
30/08/2021 11:46:13|cantidadArt B --> 1
30/08/2021 11:46:13|PrecVear --> 3000
30/08/2021 11:46:13|montoArt --> 2479,33884297521
30/08/2021 11:46:13|ivaArt --> 21
30/08/2021 11:46:14|hasarOCX.ImprimirItem --> OK
30/08/2021 11:46:14|Cerrar Comprobante B:::
30/08/2021 11:46:17|Obtiene nrocomp
30/08/2021 11:46:17|nrocomp --> 13740
30/08/2021 11:46:17|Nro. de Comprobante ::: TFB ::: 13740
30/08/2021 11:55:54|Comienza Facturacion B
30/08/2021 11:55:54|DatosCliente B
30/08/2021 11:55:57|AbrirComprobanteFiscal B
30/08/2021 11:55:57|Articulo --> 9003 chupete anatomico disney 0+
30/08/2021 11:55:57|cantidadArt B --> 1
30/08/2021 11:55:57|PrecVear --> 390
30/08/2021 11:55:57|montoArt --> 322,314049586777
30/08/2021 11:55:57|ivaArt --> 21
30/08/2021 11:55:57|hasarOCX.ImprimirItem --> OK
30/08/2021 11:55:57|Articulo --> bolsas de residuos 45*60
30/08/2021 11:55:57|cantidadArt B --> 1
30/08/2021 11:55:57|PrecVear --> 59
30/08/2021 11:55:57|montoArt --> 48,7603305785124
30/08/2021 11:55:57|ivaArt --> 21
30/08/2021 11:55:58|hasarOCX.ImprimirItem --> OK
30/08/2021 11:55:58|Articulo --> doncella protector mam. x24u
30/08/2021 11:55:58|cantidadArt B --> 1
30/08/2021 11:55:58|PrecVear --> 190
30/08/2021 11:55:58|montoArt --> 157,02479338843
30/08/2021 11:55:58|ivaArt --> 21
30/08/2021 11:55:58|hasarOCX.ImprimirItem --> OK
30/08/2021 11:55:58|Articulo --> estrella baby oleo sin frag x950ml
30/08/2021 11:55:58|cantidadArt B --> 1
30/08/2021 11:55:58|PrecVear --> 590
30/08/2021 11:55:58|montoArt --> 487,603305785124
30/08/2021 11:55:58|ivaArt --> 21
30/08/2021 11:55:58|hasarOCX.ImprimirItem --> OK
30/08/2021 11:55:58|Articulo --> batuki medias de bebe
30/08/2021 11:55:58|cantidadArt B --> 2
30/08/2021 11:55:58|PrecVear --> 225
30/08/2021 11:55:58|montoArt --> 185,950413223141
30/08/2021 11:55:58|ivaArt --> 21
30/08/2021 11:55:59|hasarOCX.ImprimirItem --> OK
30/08/2021 11:55:59|Articulo --> batuki gorro piel
30/08/2021 11:55:59|cantidadArt B --> 1
30/08/2021 11:55:59|PrecVear --> 510
30/08/2021 11:55:59|montoArt --> 421,487603305785
30/08/2021 11:55:59|ivaArt --> 21
30/08/2021 11:55:59|hasarOCX.ImprimirItem --> OK
30/08/2021 11:55:59|Cerrar Comprobante B:::
30/08/2021 11:56:02|Obtiene nrocomp
30/08/2021 11:56:02|nrocomp --> 13741
30/08/2021 11:56:02|Nro. de Comprobante ::: TFB ::: 13741
30/08/2021 16:06:38|cerrando pantalla venta
30/08/2021 16:06:40|Conectando..
30/08/2021 16:06:40|IP: 127.0.0.1 - Puerto: 6500
30/08/2021 16:06:41|Conectado con éxito!!
30/08/2021 16:12:06|Comienza Facturacion B
30/08/2021 16:12:06|DatosCliente B
30/08/2021 16:12:09|AbrirComprobanteFiscal B
30/08/2021 16:12:09|Articulo --> pura vida trapo de piso  48*57
30/08/2021 16:12:09|cantidadArt B --> 1
30/08/2021 16:12:09|PrecVear --> 150
30/08/2021 16:12:09|montoArt --> 123,96694214876
30/08/2021 16:12:09|ivaArt --> 21
30/08/2021 16:12:09|hasarOCX.ImprimirItem --> OK
30/08/2021 16:12:09|Articulo --> querubin jabon liquido x800ml
30/08/2021 16:12:09|cantidadArt B --> 1
30/08/2021 16:12:09|PrecVear --> 170
30/08/2021 16:12:09|montoArt --> 140,495867768595
30/08/2021 16:12:09|ivaArt --> 21
30/08/2021 16:12:10|hasarOCX.ImprimirItem --> OK
30/08/2021 16:12:10|Cerrar Comprobante B:::
30/08/2021 16:12:13|Obtiene nrocomp
30/08/2021 16:12:13|nrocomp --> 13742
30/08/2021 16:12:13|Nro. de Comprobante ::: TFB ::: 13742
30/08/2021 16:25:30|Comienza Facturacion B
30/08/2021 16:25:30|DatosCliente B
30/08/2021 16:25:33|AbrirComprobanteFiscal B
30/08/2021 16:25:33|Articulo --> venus simply rosada x1 unidad
30/08/2021 16:25:33|cantidadArt B --> 1
30/08/2021 16:25:33|PrecVear --> 130
30/08/2021 16:25:33|montoArt --> 107,438016528926
30/08/2021 16:25:33|ivaArt --> 21
30/08/2021 16:25:33|hasarOCX.ImprimirItem --> OK
30/08/2021 16:25:33|Articulo --> colgate cr original 90g
30/08/2021 16:25:33|cantidadArt B --> 1
30/08/2021 16:25:33|PrecVear --> 140
30/08/2021 16:25:33|montoArt --> 115,702479338843
30/08/2021 16:25:33|ivaArt --> 21
30/08/2021 16:25:33|hasarOCX.ImprimirItem --> OK
30/08/2021 16:25:33|Articulo --> goodmax rosa x1 maquina de afeitar x5 filos
30/08/2021 16:25:33|cantidadArt B --> 2
30/08/2021 16:25:33|PrecVear --> 80
30/08/2021 16:25:33|montoArt --> 66,1157024793389
30/08/2021 16:25:33|ivaArt --> 21
30/08/2021 16:25:34|hasarOCX.ImprimirItem --> OK
30/08/2021 16:25:34|Articulo --> algabo jabon liquido 300 ml coco/vainilla doy pack
30/08/2021 16:25:34|cantidadArt B --> 1
30/08/2021 16:25:34|PrecVear --> 95
30/08/2021 16:25:34|montoArt --> 78,5123966942149
30/08/2021 16:25:34|ivaArt --> 21
30/08/2021 16:25:34|hasarOCX.ImprimirItem --> OK
30/08/2021 16:25:34|Articulo --> algabo alcohol en gel dp x220
30/08/2021 16:25:34|cantidadArt B --> 1
30/08/2021 16:25:34|PrecVear --> 130
30/08/2021 16:25:34|montoArt --> 107,438016528926
30/08/2021 16:25:34|ivaArt --> 21
30/08/2021 16:25:35|hasarOCX.ImprimirItem --> OK
30/08/2021 16:25:35|Articulo --> bolsas de residuos 45*60
30/08/2021 16:25:35|cantidadArt B --> 1
30/08/2021 16:25:35|PrecVear --> 59
30/08/2021 16:25:35|montoArt --> 48,7603305785124
30/08/2021 16:25:35|ivaArt --> 21
30/08/2021 16:25:35|hasarOCX.ImprimirItem --> OK
30/08/2021 16:25:35|Articulo --> el coloso alcohol etilico x 500 ml
30/08/2021 16:25:35|cantidadArt B --> 1
30/08/2021 16:25:35|PrecVear --> 120
30/08/2021 16:25:35|montoArt --> 99,1735537190083
30/08/2021 16:25:35|ivaArt --> 21
30/08/2021 16:25:35|hasarOCX.ImprimirItem --> OK
30/08/2021 16:25:35|Articulo --> q soft toall. hum. aloe y vit. x50 u.
30/08/2021 16:25:35|cantidadArt B --> 1
30/08/2021 16:25:35|PrecVear --> 130
30/08/2021 16:25:35|montoArt --> 107,438016528926
30/08/2021 16:25:35|ivaArt --> 21
30/08/2021 16:25:36|hasarOCX.ImprimirItem --> OK
30/08/2021 16:25:36|Articulo --> rexona rollonx50 men sensitive
30/08/2021 16:25:36|cantidadArt B --> 1
30/08/2021 16:25:36|PrecVear --> 195
30/08/2021 16:25:36|montoArt --> 161,157024793388
30/08/2021 16:25:36|ivaArt --> 21
30/08/2021 16:25:36|hasarOCX.ImprimirItem --> OK
30/08/2021 16:25:36|Articulo --> dove rollon x50 original
30/08/2021 16:25:36|cantidadArt B --> 1
30/08/2021 16:25:36|PrecVear --> 195
30/08/2021 16:25:36|montoArt --> 161,157024793388
30/08/2021 16:25:36|ivaArt --> 21
30/08/2021 16:25:36|hasarOCX.ImprimirItem --> OK
30/08/2021 16:25:36|Articulo --> saphirus sanitizante x250 ml
30/08/2021 16:25:36|cantidadArt B --> 2
30/08/2021 16:25:36|PrecVear --> 190
30/08/2021 16:25:36|montoArt --> 157,02479338843
30/08/2021 16:25:36|ivaArt --> 21
30/08/2021 16:25:37|hasarOCX.ImprimirItem --> OK
30/08/2021 16:25:37|Cerrar Comprobante B:::
30/08/2021 16:25:40|Obtiene nrocomp
30/08/2021 16:25:40|nrocomp --> 13743
30/08/2021 16:25:40|Nro. de Comprobante ::: TFB ::: 13743
30/08/2021 17:00:31|Comienza Facturacion B
30/08/2021 17:00:32|DatosCliente B
30/08/2021 17:00:34|AbrirComprobanteFiscal B
30/08/2021 17:00:34|Articulo --> colgate total 12 x0 g
30/08/2021 17:00:34|cantidadArt B --> 1
30/08/2021 17:00:34|PrecVear --> 420
30/08/2021 17:00:34|montoArt --> 347,107438016529
30/08/2021 17:00:34|ivaArt --> 21
30/08/2021 17:00:34|hasarOCX.ImprimirItem --> OK
30/08/2021 17:00:34|Articulo --> plenitud protect plus g/xg x8
30/08/2021 17:00:34|cantidadArt B --> 1
30/08/2021 17:00:34|PrecVear --> 1050
30/08/2021 17:00:34|montoArt --> 867,768595041322
30/08/2021 17:00:34|ivaArt --> 21
30/08/2021 17:00:35|hasarOCX.ImprimirItem --> OK
30/08/2021 17:00:35|Cerrar Comprobante B:::
30/08/2021 17:00:38|Obtiene nrocomp
30/08/2021 17:00:38|nrocomp --> 13744
30/08/2021 17:00:38|Nro. de Comprobante ::: TFB ::: 13744
30/08/2021 17:05:18|Comienza Facturacion B
30/08/2021 17:05:18|DatosCliente B
30/08/2021 17:05:21|AbrirComprobanteFiscal B
30/08/2021 17:05:21|Articulo --> dove baby jab hidrat enriq 75g
30/08/2021 17:05:21|cantidadArt B --> 3
30/08/2021 17:05:21|PrecVear --> 90
30/08/2021 17:05:21|montoArt --> 74,3801652892562
30/08/2021 17:05:21|ivaArt --> 21
30/08/2021 17:05:21|hasarOCX.ImprimirItem --> OK
30/08/2021 17:05:21|Articulo --> ala para diluir x500ml
30/08/2021 17:05:21|cantidadArt B --> 2
30/08/2021 17:05:21|PrecVear --> 390
30/08/2021 17:05:21|montoArt --> 322,314049586777
30/08/2021 17:05:21|ivaArt --> 21
30/08/2021 17:05:22|hasarOCX.ImprimirItem --> OK
30/08/2021 17:05:22|Cerrar Comprobante B:::
30/08/2021 17:05:25|Obtiene nrocomp
30/08/2021 17:05:25|nrocomp --> 13745
30/08/2021 17:05:25|Nro. de Comprobante ::: TFB ::: 13745
30/08/2021 17:37:01|Comienza Facturacion B
30/08/2021 17:37:01|DatosCliente B
30/08/2021 17:37:04|AbrirComprobanteFiscal B
30/08/2021 17:37:04|Articulo --> varios
30/08/2021 17:37:04|cantidadArt B --> 1
30/08/2021 17:37:04|PrecVear --> 560
30/08/2021 17:37:04|montoArt --> 462,809917355372
30/08/2021 17:37:04|ivaArt --> 21
30/08/2021 17:37:04|hasarOCX.ImprimirItem --> OK
30/08/2021 17:37:04|Cerrar Comprobante B:::
30/08/2021 17:37:07|Obtiene nrocomp
30/08/2021 17:37:07|nrocomp --> 13746
30/08/2021 17:37:07|Nro. de Comprobante ::: TFB ::: 13746
30/08/2021 17:45:01|Comienza Facturacion B
30/08/2021 17:45:01|DatosCliente B
30/08/2021 17:45:04|AbrirComprobanteFiscal B
30/08/2021 17:45:04|Articulo --> j&j cotonetes 24x100unid
30/08/2021 17:45:04|cantidadArt B --> 1
30/08/2021 17:45:04|PrecVear --> 125
30/08/2021 17:45:04|montoArt --> 103,305785123967
30/08/2021 17:45:04|ivaArt --> 21
30/08/2021 17:45:04|hasarOCX.ImprimirItem --> OK
30/08/2021 17:45:04|Articulo --> nivea solar protect bronze fps 15
30/08/2021 17:45:04|cantidadArt B --> 1
30/08/2021 17:45:04|PrecVear --> 750
30/08/2021 17:45:04|montoArt --> 619,834710743802
30/08/2021 17:45:04|ivaArt --> 21
30/08/2021 17:45:04|hasarOCX.ImprimirItem --> OK
30/08/2021 17:45:04|Cerrar Comprobante B:::
30/08/2021 17:45:07|Obtiene nrocomp
30/08/2021 17:45:08|nrocomp --> 13747
30/08/2021 17:45:08|Nro. de Comprobante ::: TFB ::: 13747
30/08/2021 17:55:18|Comienza Facturacion B
30/08/2021 17:55:18|DatosCliente B
30/08/2021 17:55:21|AbrirComprobanteFiscal B
30/08/2021 17:55:21|Articulo --> bolsas de residuos 45*60
30/08/2021 17:55:21|cantidadArt B --> 1
30/08/2021 17:55:21|PrecVear --> 59
30/08/2021 17:55:21|montoArt --> 48,7603305785124
30/08/2021 17:55:21|ivaArt --> 21
30/08/2021 17:55:21|hasarOCX.ImprimirItem --> OK
30/08/2021 17:55:21|Articulo --> babysec ultra xxgx30 uni
30/08/2021 17:55:21|cantidadArt B --> 1
30/08/2021 17:55:21|PrecVear --> 630
30/08/2021 17:55:21|montoArt --> 520,661157024793
30/08/2021 17:55:21|ivaArt --> 21
30/08/2021 17:55:22|hasarOCX.ImprimirItem --> OK
30/08/2021 17:55:22|Cerrar Comprobante B:::
30/08/2021 17:55:25|Obtiene nrocomp
30/08/2021 17:55:25|nrocomp --> 13748
30/08/2021 17:55:25|Nro. de Comprobante ::: TFB ::: 13748
30/08/2021 18:03:32|Comienza Facturacion A
30/08/2021 18:03:32|DatosCliente A
30/08/2021 18:03:35|AbrirComprobanteFiscal A
30/08/2021 18:03:35|Articulo --> varios
30/08/2021 18:03:35|cantidadArt A --> 1
30/08/2021 18:03:35|PrecVear --> 195
30/08/2021 18:03:35|montoArt --> 161,157024793388
30/08/2021 18:03:35|ivaArt --> 21
30/08/2021 18:03:35|hasarOCX.ImprimirItem --> OK
30/08/2021 18:03:35|Articulo --> boos woman midnightx100ml
30/08/2021 18:03:35|cantidadArt A --> 1
30/08/2021 18:03:35|PrecVear --> 1950
30/08/2021 18:03:35|montoArt --> 1611,57024793388
30/08/2021 18:03:35|ivaArt --> 21
30/08/2021 18:03:35|hasarOCX.ImprimirItem --> OK
30/08/2021 18:03:35|Articulo --> tejar lapiz retractil
30/08/2021 18:03:35|cantidadArt A --> 1
30/08/2021 18:03:35|PrecVear --> 156
30/08/2021 18:03:35|montoArt --> 128,925619834711
30/08/2021 18:03:35|ivaArt --> 21
30/08/2021 18:03:36|hasarOCX.ImprimirItem --> OK
30/08/2021 18:03:36|Articulo --> saphirus aromatizante textil bubblegum
30/08/2021 18:03:36|cantidadArt A --> 1
30/08/2021 18:03:36|PrecVear --> 210
30/08/2021 18:03:36|montoArt --> 173,553719008264
30/08/2021 18:03:36|ivaArt --> 21
30/08/2021 18:03:36|hasarOCX.ImprimirItem --> OK
30/08/2021 18:03:36|Articulo --> q soft toallas humedas adultos
30/08/2021 18:03:36|cantidadArt A --> 1
30/08/2021 18:03:36|PrecVear --> 330
30/08/2021 18:03:36|montoArt --> 272,727272727273
30/08/2021 18:03:36|ivaArt --> 21
30/08/2021 18:03:36|hasarOCX.ImprimirItem --> OK
30/08/2021 18:03:36|Articulo --> queen cep black eng 175mm 5553ak-s
30/08/2021 18:03:36|cantidadArt A --> 1
30/08/2021 18:03:36|PrecVear --> 270
30/08/2021 18:03:36|montoArt --> 223,140495867769
30/08/2021 18:03:36|ivaArt --> 21
30/08/2021 18:03:37|hasarOCX.ImprimirItem --> OK
30/08/2021 18:03:37|Articulo --> jm peine chico 4317
30/08/2021 18:03:37|cantidadArt A --> 1
30/08/2021 18:03:37|PrecVear --> 90
30/08/2021 18:03:37|montoArt --> 74,3801652892562
30/08/2021 18:03:37|ivaArt --> 21
30/08/2021 18:03:37|hasarOCX.ImprimirItem --> OK
30/08/2021 18:03:37|comienza imprimir sutotal: 
30/08/2021 18:03:37|Cerrar Comprobante A:::
30/08/2021 18:03:40|Obtiene nrocomp
30/08/2021 18:03:40|nrocomp --> 196
30/08/2021 18:03:40|Nro. de Comprobante ::: TFA ::: 196
30/08/2021 18:09:28|Comienza Facturacion B
30/08/2021 18:09:28|DatosCliente B
30/08/2021 18:09:31|AbrirComprobanteFiscal B
30/08/2021 18:09:31|Articulo --> trenet efect.espuma dpx400 -32289
30/08/2021 18:09:31|cantidadArt B --> 1
30/08/2021 18:09:31|PrecVear --> 120
30/08/2021 18:09:31|montoArt --> 99,1735537190083
30/08/2021 18:09:31|ivaArt --> 21
30/08/2021 18:09:31|hasarOCX.ImprimirItem --> OK
30/08/2021 18:09:31|Articulo --> hs acondx375 humectante
30/08/2021 18:09:31|cantidadArt B --> 2
30/08/2021 18:09:31|PrecVear --> 395
30/08/2021 18:09:31|montoArt --> 326,446280991736
30/08/2021 18:09:31|ivaArt --> 21
30/08/2021 18:09:31|hasarOCX.ImprimirItem --> OK
30/08/2021 18:09:31|Articulo --> lux jabx125 flor vainilla
30/08/2021 18:09:31|cantidadArt B --> 4
30/08/2021 18:09:31|PrecVear --> 65
30/08/2021 18:09:31|montoArt --> 53,7190082644628
30/08/2021 18:09:31|ivaArt --> 21
30/08/2021 18:09:32|hasarOCX.ImprimirItem --> OK
30/08/2021 18:09:32|Articulo --> c/u prestobarba ultragrip 2 filos sensitive
30/08/2021 18:09:32|cantidadArt B --> 4
30/08/2021 18:09:32|PrecVear --> 85
30/08/2021 18:09:32|montoArt --> 70,2479338842975
30/08/2021 18:09:32|ivaArt --> 21
30/08/2021 18:09:32|hasarOCX.ImprimirItem --> OK
30/08/2021 18:09:32|Cerrar Comprobante B:::
30/08/2021 18:09:35|Obtiene nrocomp
30/08/2021 18:09:35|nrocomp --> 13749
30/08/2021 18:09:35|Nro. de Comprobante ::: TFB ::: 13749
30/08/2021 18:23:45|Comienza Facturacion B
30/08/2021 18:23:46|DatosCliente B
30/08/2021 18:23:49|AbrirComprobanteFiscal B
30/08/2021 18:23:49|Articulo --> ayudin lav.x1lts tot.max.pureza
30/08/2021 18:23:49|cantidadArt B --> 1
30/08/2021 18:23:49|PrecVear --> 65
30/08/2021 18:23:49|montoArt --> 53,7190082644628
30/08/2021 18:23:49|ivaArt --> 21
30/08/2021 18:23:50|hasarOCX.ImprimirItem --> OK
30/08/2021 18:23:50|Articulo --> fosforos tres patitos x222
30/08/2021 18:23:50|cantidadArt B --> 1
30/08/2021 18:23:50|PrecVear --> 75
30/08/2021 18:23:50|montoArt --> 61,9834710743802
30/08/2021 18:23:50|ivaArt --> 21
30/08/2021 18:23:50|hasarOCX.ImprimirItem --> OK
30/08/2021 18:23:50|Articulo --> el coloso rollo cocx3 x 40paños
30/08/2021 18:23:50|cantidadArt B --> 1
30/08/2021 18:23:50|PrecVear --> 60
30/08/2021 18:23:50|montoArt --> 49,5867768595041
30/08/2021 18:23:50|ivaArt --> 21
30/08/2021 18:23:51|hasarOCX.ImprimirItem --> OK
30/08/2021 18:23:51|Articulo --> zorro liq x800 ml dp
30/08/2021 18:23:51|cantidadArt B --> 1
30/08/2021 18:23:51|PrecVear --> 140
30/08/2021 18:23:51|montoArt --> 115,702479338843
30/08/2021 18:23:51|ivaArt --> 21
30/08/2021 18:23:51|hasarOCX.ImprimirItem --> OK
30/08/2021 18:23:51|Articulo --> efficient x200g antibacterial
30/08/2021 18:23:51|cantidadArt B --> 1
30/08/2021 18:23:51|PrecVear --> 250
30/08/2021 18:23:51|montoArt --> 206,611570247934
30/08/2021 18:23:51|ivaArt --> 21
30/08/2021 18:23:51|hasarOCX.ImprimirItem --> OK
30/08/2021 18:23:51|Articulo --> procenex limpx900 original -8375
30/08/2021 18:23:51|cantidadArt B --> 1
30/08/2021 18:23:51|PrecVear --> 125
30/08/2021 18:23:51|montoArt --> 103,305785123967
30/08/2021 18:23:51|ivaArt --> 21
30/08/2021 18:23:52|hasarOCX.ImprimirItem --> OK
30/08/2021 18:23:52|Articulo --> higienol max 80m panal
30/08/2021 18:23:52|cantidadArt B --> 1
30/08/2021 18:23:52|PrecVear --> 195
30/08/2021 18:23:52|montoArt --> 161,157024793388
30/08/2021 18:23:52|ivaArt --> 21
30/08/2021 18:23:52|hasarOCX.ImprimirItem --> OK
30/08/2021 18:23:52|Articulo --> odol cr.dentalx180ml
30/08/2021 18:23:52|cantidadArt B --> 1
30/08/2021 18:23:52|PrecVear --> 220
30/08/2021 18:23:52|montoArt --> 181,818181818182
30/08/2021 18:23:52|ivaArt --> 21
30/08/2021 18:23:52|hasarOCX.ImprimirItem --> OK
30/08/2021 18:23:52|Articulo --> el coloso jabon blanco clasico oferta x2
30/08/2021 18:23:52|cantidadArt B --> 1
30/08/2021 18:23:52|PrecVear --> 75
30/08/2021 18:23:52|montoArt --> 61,9834710743802
30/08/2021 18:23:52|ivaArt --> 21
30/08/2021 18:23:53|hasarOCX.ImprimirItem --> OK
30/08/2021 18:23:53|Articulo --> rejilla auto 3031
30/08/2021 18:23:53|cantidadArt B --> 1
30/08/2021 18:23:53|PrecVear --> 170
30/08/2021 18:23:53|montoArt --> 140,495867768595
30/08/2021 18:23:53|ivaArt --> 21
30/08/2021 18:23:53|hasarOCX.ImprimirItem --> OK
30/08/2021 18:23:53|Cerrar Comprobante B:::
30/08/2021 18:23:56|Obtiene nrocomp
30/08/2021 18:23:56|nrocomp --> 13750
30/08/2021 18:23:56|Nro. de Comprobante ::: TFB ::: 13750
30/08/2021 18:50:27|Comienza Facturacion B
30/08/2021 18:50:27|DatosCliente B
30/08/2021 18:50:29|AbrirComprobanteFiscal B
30/08/2021 18:50:29|Articulo --> estrella baby oleo amarillo x500
30/08/2021 18:50:29|cantidadArt B --> 1
30/08/2021 18:50:29|PrecVear --> 365
30/08/2021 18:50:29|montoArt --> 301,652892561983
30/08/2021 18:50:29|ivaArt --> 21
30/08/2021 18:50:30|hasarOCX.ImprimirItem --> OK
30/08/2021 18:50:30|Articulo --> babysec ultra xgx32 uni
30/08/2021 18:50:30|cantidadArt B --> 1
30/08/2021 18:50:30|PrecVear --> 630
30/08/2021 18:50:30|montoArt --> 520,661157024793
30/08/2021 18:50:30|ivaArt --> 21
30/08/2021 18:50:30|hasarOCX.ImprimirItem --> OK
30/08/2021 18:50:30|Cerrar Comprobante B:::
30/08/2021 18:50:33|Obtiene nrocomp
30/08/2021 18:50:33|nrocomp --> 13751
30/08/2021 18:50:33|Nro. de Comprobante ::: TFB ::: 13751
30/08/2021 18:53:30|Comienza Facturacion B
30/08/2021 18:53:31|DatosCliente B
30/08/2021 18:53:33|AbrirComprobanteFiscal B
30/08/2021 18:53:33|Articulo --> duplex detergente glicerina x750
30/08/2021 18:53:33|cantidadArt B --> 1
30/08/2021 18:53:33|PrecVear --> 59
30/08/2021 18:53:33|montoArt --> 48,7603305785124
30/08/2021 18:53:33|ivaArt --> 21
30/08/2021 18:53:34|hasarOCX.ImprimirItem --> OK
30/08/2021 18:53:34|Articulo --> el coloso hig.ecolog x4
30/08/2021 18:53:34|cantidadArt B --> 3
30/08/2021 18:53:34|PrecVear --> 65
30/08/2021 18:53:34|montoArt --> 53,7190082644628
30/08/2021 18:53:34|ivaArt --> 21
30/08/2021 18:53:34|hasarOCX.ImprimirItem --> OK
30/08/2021 18:53:34|Articulo --> felpita maxirollo x240u dh
30/08/2021 18:53:34|cantidadArt B --> 4
30/08/2021 18:53:34|PrecVear --> 105
30/08/2021 18:53:34|montoArt --> 86,7768595041322
30/08/2021 18:53:34|ivaArt --> 21
30/08/2021 18:53:34|hasarOCX.ImprimirItem --> OK
30/08/2021 18:53:34|Articulo --> ayudin ropa color x400
30/08/2021 18:53:34|cantidadArt B --> 2
30/08/2021 18:53:34|PrecVear --> 135
30/08/2021 18:53:34|montoArt --> 111,570247933884
30/08/2021 18:53:34|ivaArt --> 21
30/08/2021 18:53:35|hasarOCX.ImprimirItem --> OK
30/08/2021 18:53:35|Cerrar Comprobante B:::
30/08/2021 18:53:38|Obtiene nrocomp
30/08/2021 18:53:38|nrocomp --> 13752
30/08/2021 18:53:38|Nro. de Comprobante ::: TFB ::: 13752
30/08/2021 18:55:15|Comienza Facturacion B
30/08/2021 18:55:15|DatosCliente B
30/08/2021 18:55:18|AbrirComprobanteFiscal B
30/08/2021 18:55:18|Articulo --> el coloso rollo cocx3 x 40paños
30/08/2021 18:55:18|cantidadArt B --> 1
30/08/2021 18:55:18|PrecVear --> 60
30/08/2021 18:55:18|montoArt --> 49,5867768595041
30/08/2021 18:55:18|ivaArt --> 21
30/08/2021 18:55:18|hasarOCX.ImprimirItem --> OK
30/08/2021 18:55:18|Articulo --> el coloso hig.ecolog x4
30/08/2021 18:55:18|cantidadArt B --> 1
30/08/2021 18:55:18|PrecVear --> 65
30/08/2021 18:55:18|montoArt --> 53,7190082644628
30/08/2021 18:55:18|ivaArt --> 21
30/08/2021 18:55:18|hasarOCX.ImprimirItem --> OK
30/08/2021 18:55:18|Articulo --> huggies toallas humedas con oleo x48
30/08/2021 18:55:18|cantidadArt B --> 1
30/08/2021 18:55:18|PrecVear --> 420
30/08/2021 18:55:18|montoArt --> 347,107438016529
30/08/2021 18:55:18|ivaArt --> 21
30/08/2021 18:55:19|hasarOCX.ImprimirItem --> OK
30/08/2021 18:55:19|Articulo --> ala camellito d.pack x120ml
30/08/2021 18:55:19|cantidadArt B --> 2
30/08/2021 18:55:19|PrecVear --> 52
30/08/2021 18:55:19|montoArt --> 42,9752066115703
30/08/2021 18:55:19|ivaArt --> 21
30/08/2021 18:55:19|hasarOCX.ImprimirItem --> OK
30/08/2021 18:55:19|Articulo --> pampers confortsec rn x56
30/08/2021 18:55:19|cantidadArt B --> 1
30/08/2021 18:55:19|PrecVear --> 950
30/08/2021 18:55:19|montoArt --> 785,123966942149
30/08/2021 18:55:19|ivaArt --> 21
30/08/2021 18:55:20|hasarOCX.ImprimirItem --> OK
30/08/2021 18:55:20|Cerrar Comprobante B:::
30/08/2021 18:55:23|Obtiene nrocomp
30/08/2021 18:55:23|nrocomp --> 13753
30/08/2021 18:55:23|Nro. de Comprobante ::: TFB ::: 13753
30/08/2021 19:06:33|cerrando pantalla venta
30/08/2021 19:06:37|Conectando..
30/08/2021 19:06:37|IP: 127.0.0.1 - Puerto: 6500
30/08/2021 19:06:37|Conectado con éxito!!
30/08/2021 19:15:57|Comienza Facturacion B
30/08/2021 19:15:57|DatosCliente B
30/08/2021 19:15:59|AbrirComprobanteFiscal B
30/08/2021 19:15:59|Articulo --> party jabon
30/08/2021 19:15:59|cantidadArt B --> 2
30/08/2021 19:15:59|PrecVear --> 25
30/08/2021 19:15:59|montoArt --> 20,6611570247934
30/08/2021 19:15:59|ivaArt --> 21
30/08/2021 19:16:00|hasarOCX.ImprimirItem --> OK
30/08/2021 19:16:00|Articulo --> carefree protec. diar. x80 compact
30/08/2021 19:16:00|cantidadArt B --> 1
30/08/2021 19:16:00|PrecVear --> 470
30/08/2021 19:16:00|montoArt --> 388,429752066116
30/08/2021 19:16:00|ivaArt --> 21
30/08/2021 19:16:00|hasarOCX.ImprimirItem --> OK
30/08/2021 19:16:00|Articulo --> dove baby jab liq h enr dp
30/08/2021 19:16:00|cantidadArt B --> 1
30/08/2021 19:16:00|PrecVear --> 210
30/08/2021 19:16:00|montoArt --> 173,553719008264
30/08/2021 19:16:00|ivaArt --> 21
30/08/2021 19:16:00|hasarOCX.ImprimirItem --> OK
30/08/2021 19:16:00|Articulo --> pato adhes. citrus
30/08/2021 19:16:00|cantidadArt B --> 2
30/08/2021 19:16:00|PrecVear --> 95
30/08/2021 19:16:00|montoArt --> 78,5123966942149
30/08/2021 19:16:00|ivaArt --> 21
30/08/2021 19:16:01|hasarOCX.ImprimirItem --> OK
30/08/2021 19:16:01|Articulo --> gum gel dental niños
30/08/2021 19:16:01|cantidadArt B --> 2
30/08/2021 19:16:01|PrecVear --> 260
30/08/2021 19:16:01|montoArt --> 214,876033057851
30/08/2021 19:16:01|ivaArt --> 21
30/08/2021 19:16:01|hasarOCX.ImprimirItem --> OK
30/08/2021 19:16:01|Articulo --> party jabon neutro glicerina x90g
30/08/2021 19:16:01|cantidadArt B --> 2
30/08/2021 19:16:01|PrecVear --> 65
30/08/2021 19:16:01|montoArt --> 53,7190082644628
30/08/2021 19:16:01|ivaArt --> 21
30/08/2021 19:16:02|hasarOCX.ImprimirItem --> OK
30/08/2021 19:16:02|Articulo --> ayudin toallitas doy pack limon
30/08/2021 19:16:02|cantidadArt B --> 2
30/08/2021 19:16:02|PrecVear --> 210
30/08/2021 19:16:02|montoArt --> 173,553719008264
30/08/2021 19:16:02|ivaArt --> 21
30/08/2021 19:16:02|hasarOCX.ImprimirItem --> OK
30/08/2021 19:16:02|Articulo --> duplex lavandina en gel x750ml
30/08/2021 19:16:02|cantidadArt B --> 1
30/08/2021 19:16:02|PrecVear --> 99
30/08/2021 19:16:02|montoArt --> 81,8181818181818
30/08/2021 19:16:02|ivaArt --> 21
30/08/2021 19:16:02|hasarOCX.ImprimirItem --> OK
30/08/2021 19:16:02|Articulo --> jabon party
30/08/2021 19:16:02|cantidadArt B --> 1
30/08/2021 19:16:02|PrecVear --> 25
30/08/2021 19:16:02|montoArt --> 20,6611570247934
30/08/2021 19:16:02|ivaArt --> 21
30/08/2021 19:16:03|hasarOCX.ImprimirItem --> OK
30/08/2021 19:16:03|Articulo --> felpita maxirollo x240u dh
30/08/2021 19:16:03|cantidadArt B --> 3
30/08/2021 19:16:03|PrecVear --> 105
30/08/2021 19:16:03|montoArt --> 86,7768595041322
30/08/2021 19:16:03|ivaArt --> 21
30/08/2021 19:16:03|hasarOCX.ImprimirItem --> OK
30/08/2021 19:16:03|Cerrar Comprobante B:::
30/08/2021 19:16:06|Obtiene nrocomp
30/08/2021 19:16:06|nrocomp --> 13754
30/08/2021 19:16:06|Nro. de Comprobante ::: TFB ::: 13754
30/08/2021 19:26:43|Comienza Facturacion B
30/08/2021 19:26:44|DatosCliente B
30/08/2021 19:26:46|AbrirComprobanteFiscal B
30/08/2021 19:26:46|Articulo --> algabo polvo desodorante p/pies doy pack 200 g
30/08/2021 19:26:46|cantidadArt B --> 1
30/08/2021 19:26:46|PrecVear --> 120
30/08/2021 19:26:46|montoArt --> 99,1735537190083
30/08/2021 19:26:46|ivaArt --> 21
30/08/2021 19:26:46|hasarOCX.ImprimirItem --> OK
30/08/2021 19:26:46|Articulo --> ala para diluir x500ml
30/08/2021 19:26:46|cantidadArt B --> 1
30/08/2021 19:26:46|PrecVear --> 390
30/08/2021 19:26:46|montoArt --> 322,314049586777
30/08/2021 19:26:46|ivaArt --> 21
30/08/2021 19:26:47|hasarOCX.ImprimirItem --> OK
30/08/2021 19:26:47|Articulo --> ladysoft normx8 c/aloe c/alas
30/08/2021 19:26:47|cantidadArt B --> 1
30/08/2021 19:26:47|PrecVear --> 60
30/08/2021 19:26:47|montoArt --> 49,5867768595041
30/08/2021 19:26:47|ivaArt --> 21
30/08/2021 19:26:47|hasarOCX.ImprimirItem --> OK
30/08/2021 19:26:47|Articulo --> rexona jabon x125 orquid.fresh
30/08/2021 19:26:47|cantidadArt B --> 1
30/08/2021 19:26:47|PrecVear --> 53
30/08/2021 19:26:47|montoArt --> 43,801652892562
30/08/2021 19:26:47|ivaArt --> 21
30/08/2021 19:26:48|hasarOCX.ImprimirItem --> OK
30/08/2021 19:26:48|Articulo --> algabo alcohol ultra spray x125ml
30/08/2021 19:26:48|cantidadArt B --> 1
30/08/2021 19:26:48|PrecVear --> 160
30/08/2021 19:26:48|montoArt --> 132,231404958678
30/08/2021 19:26:48|ivaArt --> 21
30/08/2021 19:26:48|hasarOCX.ImprimirItem --> OK
30/08/2021 19:26:48|Articulo --> varios
30/08/2021 19:26:48|cantidadArt B --> 1
30/08/2021 19:26:48|PrecVear --> 210
30/08/2021 19:26:48|montoArt --> 173,553719008264
30/08/2021 19:26:48|ivaArt --> 21
30/08/2021 19:26:48|hasarOCX.ImprimirItem --> OK
30/08/2021 19:26:48|Articulo --> dove dp ac rit reparacion x180ml
30/08/2021 19:26:48|cantidadArt B --> 1
30/08/2021 19:26:48|PrecVear --> 146
30/08/2021 19:26:48|montoArt --> 120,661157024793
30/08/2021 19:26:48|ivaArt --> 21
30/08/2021 19:26:49|hasarOCX.ImprimirItem --> OK
30/08/2021 19:26:49|Articulo --> algabo kids acondicionador 350 ml sandia dulce
30/08/2021 19:26:49|cantidadArt B --> 1
30/08/2021 19:26:49|PrecVear --> 180
30/08/2021 19:26:49|montoArt --> 148,760330578512
30/08/2021 19:26:49|ivaArt --> 21
30/08/2021 19:26:49|hasarOCX.ImprimirItem --> OK
30/08/2021 19:26:49|Articulo --> jm cepillo araña negro fino 1612
30/08/2021 19:26:49|cantidadArt B --> 1
30/08/2021 19:26:49|PrecVear --> 270
30/08/2021 19:26:49|montoArt --> 223,140495867769
30/08/2021 19:26:49|ivaArt --> 21
30/08/2021 19:26:49|hasarOCX.ImprimirItem --> OK
30/08/2021 19:26:49|Cerrar Comprobante B:::
30/08/2021 19:26:52|Obtiene nrocomp
30/08/2021 19:26:53|nrocomp --> 13755
30/08/2021 19:26:53|Nro. de Comprobante ::: TFB ::: 13755
30/08/2021 19:40:26|cerrando pantalla venta
30/08/2021 19:40:29|Conectando..
30/08/2021 19:40:29|IP: 127.0.0.1 - Puerto: 6500
30/08/2021 19:40:29|Conectado con éxito!!
30/08/2021 19:40:30|cerrando pantalla venta
30/08/2021 19:40:37|*************COMIENZA Cierre  Z**********
30/08/2021 19:40:46|CIERRE Z
Cierre Z Nº =[467]
Fecha del Cierre        =[30/08/2021 0:00:00]
DF Emitidos             =[26]
DF Cancelados           =[0]
DF Total                =[3249700]
DF Total Gravado        =[2685702]
DF Total No Gravado     =[0]
DF Total Exento         =[0]
DF Total IVA            =[563998]
DF Total Otros Tributos =[0]
NC Emitidas             =[0]
NC Canceladas           =[0]
NC Total                =[0]
NC Total Gravado        =[0]
NC Total No Gravado     =[0]
NC Total Exento         =[0]
NC Total IVA            =[0]
NC Total Otros Tributos =[0]
DNFH Emitidos           =[0]
DNFH Total              =[0]

30/08/2021 19:42:48|Conectando..
30/08/2021 19:42:48|IP: 127.0.0.1 - Puerto: 6500
30/08/2021 19:42:49|Conectado con éxito!!
30/08/2021 19:59:26|Comienza Facturacion B
30/08/2021 19:59:26|DatosCliente B
30/08/2021 19:59:29|AbrirComprobanteFiscal B
30/08/2021 19:59:29|Articulo --> varios
30/08/2021 19:59:29|cantidadArt B --> 1
30/08/2021 19:59:29|PrecVear --> 190
30/08/2021 19:59:29|montoArt --> 157,02479338843
30/08/2021 19:59:29|ivaArt --> 21
30/08/2021 19:59:29|hasarOCX.ImprimirItem --> OK
30/08/2021 19:59:29|Articulo --> gillette foamyx175 piel sens
30/08/2021 19:59:29|cantidadArt B --> 1
30/08/2021 19:59:29|PrecVear --> 270
30/08/2021 19:59:29|montoArt --> 223,140495867769
30/08/2021 19:59:29|ivaArt --> 21
30/08/2021 19:59:29|hasarOCX.ImprimirItem --> OK
30/08/2021 19:59:29|Articulo --> varios
30/08/2021 19:59:29|cantidadArt B --> 1
30/08/2021 19:59:29|PrecVear --> 120
30/08/2021 19:59:29|montoArt --> 99,1735537190083
30/08/2021 19:59:29|ivaArt --> 21
30/08/2021 19:59:30|hasarOCX.ImprimirItem --> OK
30/08/2021 19:59:30|Cerrar Comprobante B:::
30/08/2021 19:59:33|Obtiene nrocomp
30/08/2021 19:59:33|nrocomp --> 13756
30/08/2021 19:59:33|Nro. de Comprobante ::: TFB ::: 13756
30/08/2021 20:00:44|cerrando pantalla venta
30/08/2021 20:00:51|*************COMIENZA Cierre  Z**********
30/08/2021 20:00:58|*************COMIENZA Cierre  Z**********
30/08/2021 20:00:58|error emitiendo cierre Z -->: Anidamiento inválido de comandos
