27/06/2022 8:39:30|Conectando..
27/06/2022 8:39:30|IP: 127.0.0.1 - Puerto: 6500
27/06/2022 8:39:34|cerrando pantalla venta
27/06/2022 8:39:44|Conectando..
27/06/2022 8:39:44|IP: 127.0.0.1 - Puerto: 6500
27/06/2022 8:39:44|Conectado con éxito!!
27/06/2022 9:38:25|Comienza Facturacion B
27/06/2022 9:38:25|DatosCliente B
27/06/2022 9:38:29|AbrirComprobanteFiscal B
27/06/2022 9:38:29|Articulo --> vidol pvo fecula bolsax400-501
27/06/2022 9:38:29|cantidadArt B --> 1
27/06/2022 9:38:29|PrecVear --> 550
27/06/2022 9:38:29|montoArt --> 454,545454545455
27/06/2022 9:38:29|ivaArt --> 21
27/06/2022 9:38:29|hasarOCX.ImprimirItem --> OK
27/06/2022 9:38:29|Cerrar Comprobante B:::
27/06/2022 9:38:32|Obtiene nrocomp
27/06/2022 9:38:33|nrocomp --> 23885
27/06/2022 9:38:33|Nro. de Comprobante ::: TFB ::: 23885
27/06/2022 9:38:33|Ety.TicketFiscal: 23885
27/06/2022 10:05:40|Comienza Facturacion B
27/06/2022 10:05:40|DatosCliente B
27/06/2022 10:05:44|AbrirComprobanteFiscal B
27/06/2022 10:05:44|Articulo --> hennia slip g x8
27/06/2022 10:05:44|cantidadArt B --> 1
27/06/2022 10:05:44|PrecVear --> 1150
27/06/2022 10:05:44|montoArt --> 950,413223140496
27/06/2022 10:05:44|ivaArt --> 21
27/06/2022 10:05:44|hasarOCX.ImprimirItem --> OK
27/06/2022 10:05:44|Articulo --> comodin apositos moderada x10 verde
27/06/2022 10:05:44|cantidadArt B --> 3
27/06/2022 10:05:44|PrecVear --> 195
27/06/2022 10:05:44|montoArt --> 161,157024793388
27/06/2022 10:05:44|ivaArt --> 21
27/06/2022 10:05:45|hasarOCX.ImprimirItem --> OK
27/06/2022 10:05:45|Cerrar Comprobante B:::
27/06/2022 10:05:48|Obtiene nrocomp
27/06/2022 10:05:48|nrocomp --> 23886
27/06/2022 10:05:48|Nro. de Comprobante ::: TFB ::: 23886
27/06/2022 10:05:48|Ety.TicketFiscal: 23886
27/06/2022 10:09:29|Comienza Facturacion B
27/06/2022 10:09:30|DatosCliente B
27/06/2022 10:09:32|AbrirComprobanteFiscal B
27/06/2022 10:09:32|Articulo --> ayudin lavandina bco x1
27/06/2022 10:09:32|cantidadArt B --> 1
27/06/2022 10:09:32|PrecVear --> 179
27/06/2022 10:09:32|montoArt --> 147,933884297521
27/06/2022 10:09:32|ivaArt --> 21
27/06/2022 10:09:33|hasarOCX.ImprimirItem --> OK
27/06/2022 10:09:33|Articulo --> virulana paño esponja
27/06/2022 10:09:33|cantidadArt B --> 1
27/06/2022 10:09:33|PrecVear --> 180
27/06/2022 10:09:33|montoArt --> 148,760330578512
27/06/2022 10:09:33|ivaArt --> 21
27/06/2022 10:09:33|hasarOCX.ImprimirItem --> OK
27/06/2022 10:09:33|Articulo --> felpita pañuelos x6
27/06/2022 10:09:33|cantidadArt B --> 1
27/06/2022 10:09:33|PrecVear --> 140
27/06/2022 10:09:33|montoArt --> 115,702479338843
27/06/2022 10:09:33|ivaArt --> 21
27/06/2022 10:09:33|hasarOCX.ImprimirItem --> OK
27/06/2022 10:09:33|Articulo --> woolitex450 d.pack tod.los dias1312
27/06/2022 10:09:33|cantidadArt B --> 1
27/06/2022 10:09:33|PrecVear --> 280
27/06/2022 10:09:33|montoArt --> 231,404958677686
27/06/2022 10:09:33|ivaArt --> 21
27/06/2022 10:09:34|hasarOCX.ImprimirItem --> OK
27/06/2022 10:09:34|Articulo --> lux jab liq dp jazmin
27/06/2022 10:09:34|cantidadArt B --> 1
27/06/2022 10:09:34|PrecVear --> 260
27/06/2022 10:09:34|montoArt --> 214,876033057851
27/06/2022 10:09:34|ivaArt --> 21
27/06/2022 10:09:34|hasarOCX.ImprimirItem --> OK
27/06/2022 10:09:34|Articulo --> dove jabon antibacterial
27/06/2022 10:09:34|cantidadArt B --> 1
27/06/2022 10:09:34|PrecVear --> 170
27/06/2022 10:09:34|montoArt --> 140,495867768595
27/06/2022 10:09:34|ivaArt --> 21
27/06/2022 10:09:34|hasarOCX.ImprimirItem --> OK
27/06/2022 10:09:34|Articulo --> dove jab nutritive
27/06/2022 10:09:34|cantidadArt B --> 1
27/06/2022 10:09:34|PrecVear --> 170
27/06/2022 10:09:34|montoArt --> 140,495867768595
27/06/2022 10:09:34|ivaArt --> 21
27/06/2022 10:09:35|hasarOCX.ImprimirItem --> OK
27/06/2022 10:09:35|Articulo --> bolsas de residuos 45*60
27/06/2022 10:09:35|cantidadArt B --> 3
27/06/2022 10:09:35|PrecVear --> 90
27/06/2022 10:09:35|montoArt --> 74,3801652892562
27/06/2022 10:09:35|ivaArt --> 21
27/06/2022 10:09:35|hasarOCX.ImprimirItem --> OK
27/06/2022 10:09:35|Articulo --> vallerina amarilla
27/06/2022 10:09:35|cantidadArt B --> 1
27/06/2022 10:09:35|PrecVear --> 50
27/06/2022 10:09:35|montoArt --> 41,3223140495868
27/06/2022 10:09:35|ivaArt --> 21
27/06/2022 10:09:35|hasarOCX.ImprimirItem --> OK
27/06/2022 10:09:35|Cerrar Comprobante B:::
27/06/2022 10:09:38|Obtiene nrocomp
27/06/2022 10:09:39|nrocomp --> 23887
27/06/2022 10:09:39|Nro. de Comprobante ::: TFB ::: 23887
27/06/2022 10:09:39|Ety.TicketFiscal: 23887
27/06/2022 10:21:22|Comienza Facturacion B
27/06/2022 10:21:22|DatosCliente B
27/06/2022 10:21:25|AbrirComprobanteFiscal B
27/06/2022 10:21:25|Articulo --> issue 873 chocolate cl.dorado
27/06/2022 10:21:25|cantidadArt B --> 2
27/06/2022 10:21:25|PrecVear --> 290
27/06/2022 10:21:25|montoArt --> 239,669421487603
27/06/2022 10:21:25|ivaArt --> 21
27/06/2022 10:21:25|hasarOCX.ImprimirItem --> OK
27/06/2022 10:21:25|Articulo --> issue activ.cr 20v x47ml
27/06/2022 10:21:25|cantidadArt B --> 2
27/06/2022 10:21:25|PrecVear --> 30
27/06/2022 10:21:25|montoArt --> 24,7933884297521
27/06/2022 10:21:25|ivaArt --> 21
27/06/2022 10:21:26|hasarOCX.ImprimirItem --> OK
27/06/2022 10:21:26|Cerrar Comprobante B:::
27/06/2022 10:21:29|Obtiene nrocomp
27/06/2022 10:21:29|nrocomp --> 23888
27/06/2022 10:21:29|Nro. de Comprobante ::: TFB ::: 23888
27/06/2022 10:21:29|Ety.TicketFiscal: 23888
27/06/2022 10:45:24|Comienza Facturacion B
27/06/2022 10:45:24|DatosCliente B
27/06/2022 10:45:27|AbrirComprobanteFiscal B
27/06/2022 10:45:27|Articulo --> calipso pd respirable x20
27/06/2022 10:45:27|cantidadArt B --> 1
27/06/2022 10:45:27|PrecVear --> 130
27/06/2022 10:45:27|montoArt --> 107,438016528926
27/06/2022 10:45:27|ivaArt --> 21
27/06/2022 10:45:27|hasarOCX.ImprimirItem --> OK
27/06/2022 10:45:27|Articulo --> higienol doble hoja
27/06/2022 10:45:27|cantidadArt B --> 1
27/06/2022 10:45:27|PrecVear --> 250
27/06/2022 10:45:27|montoArt --> 206,611570247934
27/06/2022 10:45:27|ivaArt --> 21
27/06/2022 10:45:28|hasarOCX.ImprimirItem --> OK
27/06/2022 10:45:28|Articulo --> calipso toalla plana x8
27/06/2022 10:45:28|cantidadArt B --> 1
27/06/2022 10:45:28|PrecVear --> 90
27/06/2022 10:45:28|montoArt --> 74,3801652892562
27/06/2022 10:45:28|ivaArt --> 21
27/06/2022 10:45:28|hasarOCX.ImprimirItem --> OK
27/06/2022 10:45:28|Articulo --> mary bosques sh neutro sobre
27/06/2022 10:45:28|cantidadArt B --> 1
27/06/2022 10:45:28|PrecVear --> 70
27/06/2022 10:45:28|montoArt --> 57,8512396694215
27/06/2022 10:45:28|ivaArt --> 21
27/06/2022 10:45:28|hasarOCX.ImprimirItem --> OK
27/06/2022 10:45:28|Articulo --> algabo jab liquido dp x220
27/06/2022 10:45:28|cantidadArt B --> 1
27/06/2022 10:45:28|PrecVear --> 130
27/06/2022 10:45:28|montoArt --> 107,438016528926
27/06/2022 10:45:28|ivaArt --> 21
27/06/2022 10:45:29|hasarOCX.ImprimirItem --> OK
27/06/2022 10:45:29|Articulo --> mary bosques 60 segundos
27/06/2022 10:45:29|cantidadArt B --> 1
27/06/2022 10:45:29|PrecVear --> 90
27/06/2022 10:45:29|montoArt --> 74,3801652892562
27/06/2022 10:45:29|ivaArt --> 21
27/06/2022 10:45:29|hasarOCX.ImprimirItem --> OK
27/06/2022 10:45:29|Cerrar Comprobante B:::
27/06/2022 10:45:32|Obtiene nrocomp
27/06/2022 10:45:32|nrocomp --> 23889
27/06/2022 10:45:32|Nro. de Comprobante ::: TFB ::: 23889
27/06/2022 10:45:32|Ety.TicketFiscal: 23889
27/06/2022 11:24:27|Comienza Facturacion B
27/06/2022 11:24:27|DatosCliente B
27/06/2022 11:24:30|AbrirComprobanteFiscal B
27/06/2022 11:24:30|Articulo --> est spa esp hueso bico
27/06/2022 11:24:30|cantidadArt B --> 1
27/06/2022 11:24:30|PrecVear --> 140
27/06/2022 11:24:30|montoArt --> 115,702479338843
27/06/2022 11:24:30|ivaArt --> 21
27/06/2022 11:24:30|hasarOCX.ImprimirItem --> OK
27/06/2022 11:24:30|Articulo --> duplex lavandina en gel x750ml
27/06/2022 11:24:30|cantidadArt B --> 1
27/06/2022 11:24:30|PrecVear --> 165
27/06/2022 11:24:30|montoArt --> 136,363636363636
27/06/2022 11:24:30|ivaArt --> 21
27/06/2022 11:24:30|hasarOCX.ImprimirItem --> OK
27/06/2022 11:24:30|Articulo --> higienol doble hoja
27/06/2022 11:24:30|cantidadArt B --> 1
27/06/2022 11:24:30|PrecVear --> 250
27/06/2022 11:24:30|montoArt --> 206,611570247934
27/06/2022 11:24:30|ivaArt --> 21
27/06/2022 11:24:31|hasarOCX.ImprimirItem --> OK
27/06/2022 11:24:31|Articulo --> colgate clasica x70g
27/06/2022 11:24:31|cantidadArt B --> 1
27/06/2022 11:24:31|PrecVear --> 155
27/06/2022 11:24:31|montoArt --> 128,099173553719
27/06/2022 11:24:31|ivaArt --> 21
27/06/2022 11:24:31|hasarOCX.ImprimirItem --> OK
27/06/2022 11:24:31|Cerrar Comprobante B:::
27/06/2022 11:24:34|Obtiene nrocomp
27/06/2022 11:24:34|nrocomp --> 23890
27/06/2022 11:24:34|Nro. de Comprobante ::: TFB ::: 23890
27/06/2022 11:24:34|Ety.TicketFiscal: 23890
27/06/2022 11:26:02|Comienza Facturacion B
27/06/2022 11:26:02|DatosCliente B
27/06/2022 11:26:05|AbrirComprobanteFiscal B
27/06/2022 11:26:05|Articulo --> min renne babero
27/06/2022 11:26:05|cantidadArt B --> 2
27/06/2022 11:26:05|PrecVear --> 290
27/06/2022 11:26:05|montoArt --> 239,669421487603
27/06/2022 11:26:05|ivaArt --> 21
27/06/2022 11:26:05|hasarOCX.ImprimirItem --> OK
27/06/2022 11:26:05|Articulo --> dispita cambiador con volados
27/06/2022 11:26:05|cantidadArt B --> 1
27/06/2022 11:26:05|PrecVear --> 690
27/06/2022 11:26:05|montoArt --> 570,247933884297
27/06/2022 11:26:05|ivaArt --> 21
27/06/2022 11:26:05|hasarOCX.ImprimirItem --> OK
27/06/2022 11:26:05|Articulo --> a wish deco babitas x4
27/06/2022 11:26:05|cantidadArt B --> 1
27/06/2022 11:26:05|PrecVear --> 590
27/06/2022 11:26:05|montoArt --> 487,603305785124
27/06/2022 11:26:05|ivaArt --> 21
27/06/2022 11:26:06|hasarOCX.ImprimirItem --> OK
27/06/2022 11:26:06|Cerrar Comprobante B:::
27/06/2022 11:26:09|Obtiene nrocomp
27/06/2022 11:26:09|nrocomp --> 23891
27/06/2022 11:26:09|Nro. de Comprobante ::: TFB ::: 23891
27/06/2022 11:26:09|Ety.TicketFiscal: 23891
27/06/2022 11:35:14|Comienza Facturacion B
27/06/2022 11:35:14|DatosCliente B
27/06/2022 11:35:17|AbrirComprobanteFiscal B
27/06/2022 11:35:17|Articulo --> drogal agua oxigenada 10 vol x250cc
27/06/2022 11:35:17|cantidadArt B --> 1
27/06/2022 11:35:17|PrecVear --> 130
27/06/2022 11:35:17|montoArt --> 107,438016528926
27/06/2022 11:35:17|ivaArt --> 21
27/06/2022 11:35:17|hasarOCX.ImprimirItem --> OK
27/06/2022 11:35:17|Articulo --> saphirus aromatizantes de ambiente (aerosol) mandarina
27/06/2022 11:35:17|cantidadArt B --> 1
27/06/2022 11:35:17|PrecVear --> 400
27/06/2022 11:35:17|montoArt --> 330,578512396694
27/06/2022 11:35:17|ivaArt --> 21
27/06/2022 11:35:18|hasarOCX.ImprimirItem --> OK
27/06/2022 11:35:18|Cerrar Comprobante B:::
27/06/2022 11:35:21|Obtiene nrocomp
27/06/2022 11:35:21|nrocomp --> 23892
27/06/2022 11:35:21|Nro. de Comprobante ::: TFB ::: 23892
27/06/2022 11:35:21|Ety.TicketFiscal: 23892
27/06/2022 11:53:18|Comienza Facturacion B
27/06/2022 11:53:18|DatosCliente B
27/06/2022 11:53:21|AbrirComprobanteFiscal B
27/06/2022 11:53:21|Articulo --> palmolive jabon liquido corporal
27/06/2022 11:53:21|cantidadArt B --> 1
27/06/2022 11:53:21|PrecVear --> 260
27/06/2022 11:53:21|montoArt --> 214,876033057851
27/06/2022 11:53:21|ivaArt --> 21
27/06/2022 11:53:21|hasarOCX.ImprimirItem --> OK
27/06/2022 11:53:21|Articulo --> always prot plus suave x8
27/06/2022 11:53:21|cantidadArt B --> 1
27/06/2022 11:53:21|PrecVear --> 160
27/06/2022 11:53:21|montoArt --> 132,231404958678
27/06/2022 11:53:21|ivaArt --> 21
27/06/2022 11:53:22|hasarOCX.ImprimirItem --> OK
27/06/2022 11:53:22|Articulo --> e.spa esponja pompon exfol.(150)
27/06/2022 11:53:22|cantidadArt B --> 2
27/06/2022 11:53:22|PrecVear --> 190
27/06/2022 11:53:22|montoArt --> 157,02479338843
27/06/2022 11:53:22|ivaArt --> 21
27/06/2022 11:53:22|hasarOCX.ImprimirItem --> OK
27/06/2022 11:53:22|Articulo --> ayudin toallitas desinfectantes
27/06/2022 11:53:22|cantidadArt B --> 1
27/06/2022 11:53:22|PrecVear --> 230
27/06/2022 11:53:22|montoArt --> 190,082644628099
27/06/2022 11:53:22|ivaArt --> 21
27/06/2022 11:53:23|hasarOCX.ImprimirItem --> OK
27/06/2022 11:53:23|Articulo --> oral b cep.complete 40 med -7818
27/06/2022 11:53:23|cantidadArt B --> 1
27/06/2022 11:53:23|PrecVear --> 170
27/06/2022 11:53:23|montoArt --> 140,495867768595
27/06/2022 11:53:23|ivaArt --> 21
27/06/2022 11:53:23|hasarOCX.ImprimirItem --> OK
27/06/2022 11:53:23|Articulo --> mary bosques botox
27/06/2022 11:53:23|cantidadArt B --> 1
27/06/2022 11:53:23|PrecVear --> 85
27/06/2022 11:53:23|montoArt --> 70,2479338842975
27/06/2022 11:53:23|ivaArt --> 21
27/06/2022 11:53:23|hasarOCX.ImprimirItem --> OK
27/06/2022 11:53:23|Articulo --> lysoform aerox360 lavanda-4479
27/06/2022 11:53:23|cantidadArt B --> 1
27/06/2022 11:53:23|PrecVear --> 270
27/06/2022 11:53:23|montoArt --> 223,140495867769
27/06/2022 11:53:23|ivaArt --> 21
27/06/2022 11:53:24|hasarOCX.ImprimirItem --> OK
27/06/2022 11:53:24|Articulo --> ala liquido x800ml dp
27/06/2022 11:53:24|cantidadArt B --> 1
27/06/2022 11:53:24|PrecVear --> 290
27/06/2022 11:53:24|montoArt --> 239,669421487603
27/06/2022 11:53:24|ivaArt --> 21
27/06/2022 11:53:24|hasarOCX.ImprimirItem --> OK
27/06/2022 11:53:24|Cerrar Comprobante B:::
27/06/2022 11:53:27|Obtiene nrocomp
27/06/2022 11:53:27|nrocomp --> 23893
27/06/2022 11:53:27|Nro. de Comprobante ::: TFB ::: 23893
27/06/2022 11:53:27|Ety.TicketFiscal: 23893
27/06/2022 11:55:56|Comienza Facturacion B
27/06/2022 11:55:56|DatosCliente B
27/06/2022 11:55:59|AbrirComprobanteFiscal B
27/06/2022 11:55:59|Articulo --> pampers pants confort sec xxg x32
27/06/2022 11:55:59|cantidadArt B --> 2
27/06/2022 11:55:59|PrecVear --> 1890
27/06/2022 11:55:59|montoArt --> 1561,98347107438
27/06/2022 11:55:59|ivaArt --> 21
27/06/2022 11:55:59|hasarOCX.ImprimirItem --> OK
27/06/2022 11:55:59|Articulo --> estrella baby oleo sin frag x950ml
27/06/2022 11:55:59|cantidadArt B --> 1
27/06/2022 11:55:59|PrecVear --> 850
27/06/2022 11:55:59|montoArt --> 702,479338842975
27/06/2022 11:55:59|ivaArt --> 21
27/06/2022 11:55:59|hasarOCX.ImprimirItem --> OK
27/06/2022 11:55:59|Cerrar Comprobante B:::
27/06/2022 11:56:02|Obtiene nrocomp
27/06/2022 11:56:03|nrocomp --> 23894
27/06/2022 11:56:03|Nro. de Comprobante ::: TFB ::: 23894
27/06/2022 11:56:03|Ety.TicketFiscal: 23894
27/06/2022 11:56:55|Comienza Facturacion B
27/06/2022 11:56:55|DatosCliente B
27/06/2022 11:56:57|AbrirComprobanteFiscal B
27/06/2022 11:56:57|Articulo --> pampers splashers - talle m - 11 pañales
27/06/2022 11:56:57|cantidadArt B --> 1
27/06/2022 11:56:57|PrecVear --> 750
27/06/2022 11:56:57|montoArt --> 619,834710743802
27/06/2022 11:56:57|ivaArt --> 21
27/06/2022 11:56:58|hasarOCX.ImprimirItem --> OK
27/06/2022 11:56:58|Articulo --> ala para diluir x500ml
27/06/2022 11:56:58|cantidadArt B --> 1
27/06/2022 11:56:58|PrecVear --> 680
27/06/2022 11:56:58|montoArt --> 561,98347107438
27/06/2022 11:56:58|ivaArt --> 21
27/06/2022 11:56:58|hasarOCX.ImprimirItem --> OK
27/06/2022 11:56:58|Cerrar Comprobante B:::
27/06/2022 11:57:01|Obtiene nrocomp
27/06/2022 11:57:01|nrocomp --> 23895
27/06/2022 11:57:01|Nro. de Comprobante ::: TFB ::: 23895
27/06/2022 11:57:01|Ety.TicketFiscal: 23895
27/06/2022 16:14:56|Comienza Facturacion B
27/06/2022 16:14:56|DatosCliente B
27/06/2022 16:14:59|AbrirComprobanteFiscal B
27/06/2022 16:14:59|Articulo --> policrom color.crema   8.32
27/06/2022 16:14:59|cantidadArt B --> 1
27/06/2022 16:14:59|PrecVear --> 350
27/06/2022 16:14:59|montoArt --> 289,256198347107
27/06/2022 16:14:59|ivaArt --> 21
27/06/2022 16:14:59|hasarOCX.ImprimirItem --> OK
27/06/2022 16:14:59|Articulo --> policrom color.crema   9
27/06/2022 16:14:59|cantidadArt B --> 1
27/06/2022 16:14:59|PrecVear --> 350
27/06/2022 16:14:59|montoArt --> 289,256198347107
27/06/2022 16:14:59|ivaArt --> 21
27/06/2022 16:14:59|hasarOCX.ImprimirItem --> OK
27/06/2022 16:14:59|Articulo --> ala para diluir x500ml
27/06/2022 16:14:59|cantidadArt B --> 1
27/06/2022 16:14:59|PrecVear --> 680
27/06/2022 16:14:59|montoArt --> 561,98347107438
27/06/2022 16:14:59|ivaArt --> 21
27/06/2022 16:16:50|hasarOCX.ImprimirItem --> OK
27/06/2022 16:16:50|Articulo --> ambar aromatizantes aero bebe
27/06/2022 16:16:50|cantidadArt B --> 1
27/06/2022 16:16:50|PrecVear --> 310
27/06/2022 16:16:50|montoArt --> 256,198347107438
27/06/2022 16:16:50|ivaArt --> 21
27/06/2022 16:16:51|hasarOCX.ImprimirItem --> OK
27/06/2022 16:16:51|Cerrar Comprobante B:::
27/06/2022 16:16:54|Obtiene nrocomp
27/06/2022 16:16:54|nrocomp --> 23896
27/06/2022 16:16:54|Nro. de Comprobante ::: TFB ::: 23896
27/06/2022 16:16:54|Ety.TicketFiscal: 23896
27/06/2022 16:26:23|Comienza Facturacion B
27/06/2022 16:26:23|DatosCliente B
27/06/2022 16:26:26|AbrirComprobanteFiscal B
27/06/2022 16:26:26|Articulo --> trux guantes de latex med
27/06/2022 16:26:26|cantidadArt B --> 3
27/06/2022 16:26:26|PrecVear --> 1300
27/06/2022 16:26:26|montoArt --> 1074,38016528926
27/06/2022 16:26:26|ivaArt --> 21
27/06/2022 16:26:26|hasarOCX.ImprimirItem --> OK
27/06/2022 16:26:26|Cerrar Comprobante B:::
27/06/2022 16:26:29|Obtiene nrocomp
27/06/2022 16:26:29|nrocomp --> 23897
27/06/2022 16:26:29|Nro. de Comprobante ::: TFB ::: 23897
27/06/2022 16:26:29|Ety.TicketFiscal: 23897
27/06/2022 16:34:36|Comienza Facturacion B
27/06/2022 16:34:36|DatosCliente B
27/06/2022 16:34:38|AbrirComprobanteFiscal B
27/06/2022 16:34:38|Articulo --> secret deo/73g
27/06/2022 16:34:38|cantidadArt B --> 1
27/06/2022 16:34:38|PrecVear --> 690
27/06/2022 16:34:38|montoArt --> 570,247933884297
27/06/2022 16:34:38|ivaArt --> 21
27/06/2022 16:34:39|hasarOCX.ImprimirItem --> OK
27/06/2022 16:34:39|Articulo --> ladysoft ultradelgada
27/06/2022 16:34:39|cantidadArt B --> 1
27/06/2022 16:34:39|PrecVear --> 150
27/06/2022 16:34:39|montoArt --> 123,96694214876
27/06/2022 16:34:39|ivaArt --> 21
27/06/2022 16:34:39|hasarOCX.ImprimirItem --> OK
27/06/2022 16:34:39|Articulo --> ladysoft normx8 c/aloe c/alas
27/06/2022 16:34:39|cantidadArt B --> 1
27/06/2022 16:34:39|PrecVear --> 98
27/06/2022 16:34:39|montoArt --> 80,9917355371901
27/06/2022 16:34:39|ivaArt --> 21
27/06/2022 16:34:39|hasarOCX.ImprimirItem --> OK
27/06/2022 16:34:39|Articulo --> doncella algodon x300g
27/06/2022 16:34:39|cantidadArt B --> 1
27/06/2022 16:34:39|PrecVear --> 360
27/06/2022 16:34:39|montoArt --> 297,520661157025
27/06/2022 16:34:39|ivaArt --> 21
27/06/2022 16:34:40|hasarOCX.ImprimirItem --> OK
27/06/2022 16:34:40|Articulo --> gillette  azul x unidad
27/06/2022 16:34:40|cantidadArt B --> 2
27/06/2022 16:34:40|PrecVear --> 140
27/06/2022 16:34:40|montoArt --> 115,702479338843
27/06/2022 16:34:40|ivaArt --> 21
27/06/2022 16:34:40|hasarOCX.ImprimirItem --> OK
27/06/2022 16:34:40|Cerrar Comprobante B:::
27/06/2022 16:34:43|Obtiene nrocomp
27/06/2022 16:34:43|nrocomp --> 23898
27/06/2022 16:34:43|Nro. de Comprobante ::: TFB ::: 23898
27/06/2022 16:34:43|Ety.TicketFiscal: 23898
27/06/2022 16:41:09|Comienza Facturacion B
27/06/2022 16:41:09|DatosCliente B
27/06/2022 16:41:11|AbrirComprobanteFiscal B
27/06/2022 16:41:11|Articulo --> huggies plexi comfort px50
27/06/2022 16:41:11|cantidadArt B --> 1
27/06/2022 16:41:11|PrecVear --> 1150
27/06/2022 16:41:11|montoArt --> 950,413223140496
27/06/2022 16:41:11|ivaArt --> 21
27/06/2022 16:41:12|hasarOCX.ImprimirItem --> OK
27/06/2022 16:41:12|Articulo --> carefree protec x20 compact
27/06/2022 16:41:12|cantidadArt B --> 1
27/06/2022 16:41:12|PrecVear --> 198
27/06/2022 16:41:12|montoArt --> 163,636363636364
27/06/2022 16:41:12|ivaArt --> 21
27/06/2022 16:41:12|hasarOCX.ImprimirItem --> OK
27/06/2022 16:41:12|Articulo --> ala ultrax300 glicerina
27/06/2022 16:41:12|cantidadArt B --> 1
27/06/2022 16:41:12|PrecVear --> 140
27/06/2022 16:41:12|montoArt --> 115,702479338843
27/06/2022 16:41:12|ivaArt --> 21
27/06/2022 16:41:12|hasarOCX.ImprimirItem --> OK
27/06/2022 16:41:12|Articulo --> ala camellito d.packx450 matic
27/06/2022 16:41:12|cantidadArt B --> 1
27/06/2022 16:41:12|PrecVear --> 230
27/06/2022 16:41:12|montoArt --> 190,082644628099
27/06/2022 16:41:12|ivaArt --> 21
27/06/2022 16:41:13|hasarOCX.ImprimirItem --> OK
27/06/2022 16:41:13|Articulo --> varios
27/06/2022 16:41:13|cantidadArt B --> 1
27/06/2022 16:41:13|PrecVear --> 200
27/06/2022 16:41:13|montoArt --> 165,289256198347
27/06/2022 16:41:13|ivaArt --> 21
27/06/2022 16:41:13|hasarOCX.ImprimirItem --> OK
27/06/2022 16:41:13|Articulo --> varios
27/06/2022 16:41:13|cantidadArt B --> 1
27/06/2022 16:41:13|PrecVear --> 100
27/06/2022 16:41:13|montoArt --> 82,6446280991736
27/06/2022 16:41:13|ivaArt --> 21
27/06/2022 16:41:13|hasarOCX.ImprimirItem --> OK
27/06/2022 16:41:13|Cerrar Comprobante B:::
27/06/2022 16:41:16|Obtiene nrocomp
27/06/2022 16:41:17|nrocomp --> 23899
27/06/2022 16:41:17|Nro. de Comprobante ::: TFB ::: 23899
27/06/2022 16:41:17|Ety.TicketFiscal: 23899
27/06/2022 16:43:30|Comienza Facturacion B
27/06/2022 16:43:30|DatosCliente B
27/06/2022 16:43:32|AbrirComprobanteFiscal B
27/06/2022 16:43:32|Articulo --> nivea labello soft rose
27/06/2022 16:43:32|cantidadArt B --> 1
27/06/2022 16:43:32|PrecVear --> 380
27/06/2022 16:43:32|montoArt --> 314,04958677686
27/06/2022 16:43:32|ivaArt --> 21
27/06/2022 16:43:33|hasarOCX.ImprimirItem --> OK
27/06/2022 16:43:33|Articulo --> dermaglos bb tono claro
27/06/2022 16:43:33|cantidadArt B --> 1
27/06/2022 16:43:33|PrecVear --> 1720
27/06/2022 16:43:33|montoArt --> 1421,48760330579
27/06/2022 16:43:33|ivaArt --> 21
27/06/2022 16:43:33|hasarOCX.ImprimirItem --> OK
27/06/2022 16:43:33|Cerrar Comprobante B:::
27/06/2022 16:43:36|Obtiene nrocomp
27/06/2022 16:43:36|nrocomp --> 23900
27/06/2022 16:43:36|Nro. de Comprobante ::: TFB ::: 23900
27/06/2022 16:43:36|Ety.TicketFiscal: 23900
27/06/2022 16:57:19|Comienza Facturacion B
27/06/2022 16:57:19|DatosCliente B
27/06/2022 16:57:22|AbrirComprobanteFiscal B
27/06/2022 16:57:22|Articulo --> lysoform aerox360 original-4478
27/06/2022 16:57:22|cantidadArt B --> 1
27/06/2022 16:57:22|PrecVear --> 270
27/06/2022 16:57:22|montoArt --> 223,140495867769
27/06/2022 16:57:22|ivaArt --> 21
27/06/2022 16:57:22|hasarOCX.ImprimirItem --> OK
27/06/2022 16:57:22|Articulo --> cif crema multiuso x375 nvo
27/06/2022 16:57:22|cantidadArt B --> 1
27/06/2022 16:57:22|PrecVear --> 145
27/06/2022 16:57:22|montoArt --> 119,834710743802
27/06/2022 16:57:22|ivaArt --> 21
27/06/2022 16:57:23|hasarOCX.ImprimirItem --> OK
27/06/2022 16:57:23|Articulo --> espadol jabon original nvo
27/06/2022 16:57:23|cantidadArt B --> 1
27/06/2022 16:57:23|PrecVear --> 130
27/06/2022 16:57:23|montoArt --> 107,438016528926
27/06/2022 16:57:23|ivaArt --> 21
27/06/2022 16:57:23|hasarOCX.ImprimirItem --> OK
27/06/2022 16:57:23|Articulo --> ayudin canasta de inodoro
27/06/2022 16:57:23|cantidadArt B --> 1
27/06/2022 16:57:23|PrecVear --> 196
27/06/2022 16:57:23|montoArt --> 161,98347107438
27/06/2022 16:57:23|ivaArt --> 21
27/06/2022 16:57:23|hasarOCX.ImprimirItem --> OK
27/06/2022 16:57:23|Cerrar Comprobante B:::
27/06/2022 16:57:26|Obtiene nrocomp
27/06/2022 16:57:27|nrocomp --> 23901
27/06/2022 16:57:27|Nro. de Comprobante ::: TFB ::: 23901
27/06/2022 16:57:27|Ety.TicketFiscal: 23901
27/06/2022 16:58:39|Comienza Facturacion B
27/06/2022 16:58:40|DatosCliente B
27/06/2022 16:58:42|AbrirComprobanteFiscal B
27/06/2022 16:58:42|Articulo --> dove jabon antibacterial
27/06/2022 16:58:42|cantidadArt B --> 1
27/06/2022 16:58:42|PrecVear --> 170
27/06/2022 16:58:42|montoArt --> 140,495867768595
27/06/2022 16:58:42|ivaArt --> 21
27/06/2022 16:58:42|hasarOCX.ImprimirItem --> OK
27/06/2022 16:58:42|Articulo --> el coloso guantes max t9 gde
27/06/2022 16:58:42|cantidadArt B --> 1
27/06/2022 16:58:42|PrecVear --> 240
27/06/2022 16:58:42|montoArt --> 198,347107438017
27/06/2022 16:58:42|ivaArt --> 21
27/06/2022 16:58:43|hasarOCX.ImprimirItem --> OK
27/06/2022 16:58:43|Articulo --> bolsas de residuos 45*60
27/06/2022 16:58:43|cantidadArt B --> 1
27/06/2022 16:58:43|PrecVear --> 90
27/06/2022 16:58:43|montoArt --> 74,3801652892562
27/06/2022 16:58:43|ivaArt --> 21
27/06/2022 16:58:43|hasarOCX.ImprimirItem --> OK
27/06/2022 16:58:43|Cerrar Comprobante B:::
27/06/2022 16:58:46|Obtiene nrocomp
27/06/2022 16:58:46|nrocomp --> 23902
27/06/2022 16:58:46|Nro. de Comprobante ::: TFB ::: 23902
27/06/2022 16:58:46|Ety.TicketFiscal: 23902
27/06/2022 17:05:52|Comienza Facturacion B
27/06/2022 17:05:52|DatosCliente B
27/06/2022 17:05:54|AbrirComprobanteFiscal B
27/06/2022 17:05:54|Articulo --> varios
27/06/2022 17:05:54|cantidadArt B --> 1
27/06/2022 17:05:54|PrecVear --> 840
27/06/2022 17:05:54|montoArt --> 694,214876033058
27/06/2022 17:05:54|ivaArt --> 21
27/06/2022 17:05:55|hasarOCX.ImprimirItem --> OK
27/06/2022 17:05:55|Articulo --> vertiente jab liq flores sil x240ml
27/06/2022 17:05:55|cantidadArt B --> 1
27/06/2022 17:05:55|PrecVear --> 590
27/06/2022 17:05:55|montoArt --> 487,603305785124
27/06/2022 17:05:55|ivaArt --> 21
27/06/2022 17:05:55|hasarOCX.ImprimirItem --> OK
27/06/2022 17:05:55|Cerrar Comprobante B:::
27/06/2022 17:05:58|Obtiene nrocomp
27/06/2022 17:05:58|nrocomp --> 23903
27/06/2022 17:05:58|Nro. de Comprobante ::: TFB ::: 23903
27/06/2022 17:05:58|Ety.TicketFiscal: 23903
27/06/2022 17:12:24|Comienza Facturacion B
27/06/2022 17:12:25|DatosCliente B
27/06/2022 17:12:27|AbrirComprobanteFiscal B
27/06/2022 17:12:27|Articulo --> ayudin lavandina en gelx700
27/06/2022 17:12:27|cantidadArt B --> 1
27/06/2022 17:12:27|PrecVear --> 198
27/06/2022 17:12:27|montoArt --> 163,636363636364
27/06/2022 17:12:27|ivaArt --> 21
27/06/2022 17:12:28|hasarOCX.ImprimirItem --> OK
27/06/2022 17:12:28|Articulo --> higienol doble hoja
27/06/2022 17:12:28|cantidadArt B --> 1
27/06/2022 17:12:28|PrecVear --> 250
27/06/2022 17:12:28|montoArt --> 206,611570247934
27/06/2022 17:12:28|ivaArt --> 21
27/06/2022 17:12:28|hasarOCX.ImprimirItem --> OK
27/06/2022 17:12:28|Articulo --> estrella algodon  clasicox75
27/06/2022 17:12:28|cantidadArt B --> 1
27/06/2022 17:12:28|PrecVear --> 110
27/06/2022 17:12:28|montoArt --> 90,9090909090909
27/06/2022 17:12:28|ivaArt --> 21
27/06/2022 17:12:28|hasarOCX.ImprimirItem --> OK
27/06/2022 17:12:28|Articulo --> felpita para tu flia x4
27/06/2022 17:12:28|cantidadArt B --> 1
27/06/2022 17:12:28|PrecVear --> 180
27/06/2022 17:12:28|montoArt --> 148,760330578512
27/06/2022 17:12:28|ivaArt --> 21
27/06/2022 17:12:29|hasarOCX.ImprimirItem --> OK
27/06/2022 17:12:29|Articulo --> dove deo mujer
27/06/2022 17:12:29|cantidadArt B --> 2
27/06/2022 17:12:29|PrecVear --> 290
27/06/2022 17:12:29|montoArt --> 239,669421487603
27/06/2022 17:12:29|ivaArt --> 21
27/06/2022 17:12:29|hasarOCX.ImprimirItem --> OK
27/06/2022 17:12:29|Cerrar Comprobante B:::
27/06/2022 17:12:32|Obtiene nrocomp
27/06/2022 17:12:32|nrocomp --> 23904
27/06/2022 17:12:32|Nro. de Comprobante ::: TFB ::: 23904
27/06/2022 17:12:32|Ety.TicketFiscal: 23904
27/06/2022 17:19:12|Comienza Facturacion B
27/06/2022 17:19:13|DatosCliente B
27/06/2022 17:19:15|AbrirComprobanteFiscal B
27/06/2022 17:19:15|Articulo --> crema de coco sh x20 g
27/06/2022 17:19:15|cantidadArt B --> 1
27/06/2022 17:19:15|PrecVear --> 110
27/06/2022 17:19:15|montoArt --> 90,9090909090909
27/06/2022 17:19:15|ivaArt --> 21
27/06/2022 17:19:16|hasarOCX.ImprimirItem --> OK
27/06/2022 17:19:16|Articulo --> sedal acondx300ml d.pack rest.inst
27/06/2022 17:19:16|cantidadArt B --> 1
27/06/2022 17:19:16|PrecVear --> 220
27/06/2022 17:19:16|montoArt --> 181,818181818182
27/06/2022 17:19:16|ivaArt --> 21
27/06/2022 17:19:16|hasarOCX.ImprimirItem --> OK
27/06/2022 17:19:16|Articulo --> carefree protec x20 compact
27/06/2022 17:19:16|cantidadArt B --> 1
27/06/2022 17:19:16|PrecVear --> 198
27/06/2022 17:19:16|montoArt --> 163,636363636364
27/06/2022 17:19:16|ivaArt --> 21
27/06/2022 17:19:16|hasarOCX.ImprimirItem --> OK
27/06/2022 17:19:16|Articulo --> babysec ultra xxgx30 uni
27/06/2022 17:19:16|cantidadArt B --> 1
27/06/2022 17:19:16|PrecVear --> 980
27/06/2022 17:19:16|montoArt --> 809,917355371901
27/06/2022 17:19:16|ivaArt --> 21
27/06/2022 17:19:17|hasarOCX.ImprimirItem --> OK
27/06/2022 17:19:17|Cerrar Comprobante B:::
27/06/2022 17:19:20|Obtiene nrocomp
27/06/2022 17:19:20|nrocomp --> 23905
27/06/2022 17:19:20|Nro. de Comprobante ::: TFB ::: 23905
27/06/2022 17:19:20|Ety.TicketFiscal: 23905
27/06/2022 17:23:45|Comienza Facturacion B
27/06/2022 17:23:46|DatosCliente B
27/06/2022 17:23:48|AbrirComprobanteFiscal B
27/06/2022 17:23:48|Articulo --> huggies protect plus gx36
27/06/2022 17:23:48|cantidadArt B --> 1
27/06/2022 17:23:48|PrecVear --> 1250
27/06/2022 17:23:48|montoArt --> 1033,05785123967
27/06/2022 17:23:48|ivaArt --> 21
27/06/2022 17:23:48|hasarOCX.ImprimirItem --> OK
27/06/2022 17:23:48|Cerrar Comprobante B:::
27/06/2022 17:23:51|Obtiene nrocomp
27/06/2022 17:23:52|nrocomp --> 23906
27/06/2022 17:23:52|Nro. de Comprobante ::: TFB ::: 23906
27/06/2022 17:23:52|Ety.TicketFiscal: 23906
27/06/2022 17:24:53|Comienza Facturacion B
27/06/2022 17:24:53|DatosCliente B
27/06/2022 17:24:55|AbrirComprobanteFiscal B
27/06/2022 17:24:55|Articulo --> hennia aposito incontinencia plus
27/06/2022 17:24:55|cantidadArt B --> 2
27/06/2022 17:24:55|PrecVear --> 600
27/06/2022 17:24:55|montoArt --> 495,867768595041
27/06/2022 17:24:55|ivaArt --> 21
27/06/2022 17:24:56|hasarOCX.ImprimirItem --> OK
27/06/2022 17:24:56|Articulo --> garnier agua micelar
27/06/2022 17:24:56|cantidadArt B --> 1
27/06/2022 17:24:56|PrecVear --> 1260
27/06/2022 17:24:56|montoArt --> 1041,32231404959
27/06/2022 17:24:56|ivaArt --> 21
27/06/2022 17:24:56|hasarOCX.ImprimirItem --> OK
27/06/2022 17:24:56|Articulo --> saphirus aromatizantes de ambiente (aerosol) lola
27/06/2022 17:24:56|cantidadArt B --> 1
27/06/2022 17:24:56|PrecVear --> 400
27/06/2022 17:24:56|montoArt --> 330,578512396694
27/06/2022 17:24:56|ivaArt --> 21
27/06/2022 17:24:57|hasarOCX.ImprimirItem --> OK
27/06/2022 17:24:57|Cerrar Comprobante B:::
27/06/2022 17:25:00|Obtiene nrocomp
27/06/2022 17:25:00|nrocomp --> 23907
27/06/2022 17:25:00|Nro. de Comprobante ::: TFB ::: 23907
27/06/2022 17:25:00|Ety.TicketFiscal: 23907
27/06/2022 17:31:04|Comienza Facturacion B
27/06/2022 17:31:04|DatosCliente B
27/06/2022 17:31:06|AbrirComprobanteFiscal B
27/06/2022 17:31:06|Articulo --> vella sh matizador violeta/ rojo
27/06/2022 17:31:06|cantidadArt B --> 1
27/06/2022 17:31:06|PrecVear --> 490
27/06/2022 17:31:06|montoArt --> 404,95867768595
27/06/2022 17:31:06|ivaArt --> 21
27/06/2022 17:31:07|hasarOCX.ImprimirItem --> OK
27/06/2022 17:31:07|Articulo --> varios
27/06/2022 17:31:07|cantidadArt B --> 2
27/06/2022 17:31:07|PrecVear --> 40
27/06/2022 17:31:07|montoArt --> 33,0578512396694
27/06/2022 17:31:07|ivaArt --> 21
27/06/2022 17:31:07|hasarOCX.ImprimirItem --> OK
27/06/2022 17:31:07|Articulo --> mary bosques lifting en crema pote x200
27/06/2022 17:31:07|cantidadArt B --> 1
27/06/2022 17:31:07|PrecVear --> 670
27/06/2022 17:31:07|montoArt --> 553,719008264463
27/06/2022 17:31:07|ivaArt --> 21
27/06/2022 17:31:07|hasarOCX.ImprimirItem --> OK
27/06/2022 17:31:07|Articulo --> fidelite mascarax250 g acida
27/06/2022 17:31:07|cantidadArt B --> 1
27/06/2022 17:31:07|PrecVear --> 517
27/06/2022 17:31:07|montoArt --> 427,272727272727
27/06/2022 17:31:07|ivaArt --> 21
27/06/2022 17:31:08|hasarOCX.ImprimirItem --> OK
27/06/2022 17:31:08|Articulo --> mary bosques keratina express
27/06/2022 17:31:08|cantidadArt B --> 1
27/06/2022 17:31:08|PrecVear --> 80
27/06/2022 17:31:08|montoArt --> 66,1157024793389
27/06/2022 17:31:08|ivaArt --> 21
27/06/2022 17:31:08|hasarOCX.ImprimirItem --> OK
27/06/2022 17:31:08|Articulo --> mary bosques argan
27/06/2022 17:31:08|cantidadArt B --> 1
27/06/2022 17:31:08|PrecVear --> 94
27/06/2022 17:31:08|montoArt --> 77,6859504132231
27/06/2022 17:31:08|ivaArt --> 21
27/06/2022 17:31:08|hasarOCX.ImprimirItem --> OK
27/06/2022 17:31:08|Articulo --> policrom color.crema   6.60
27/06/2022 17:31:08|cantidadArt B --> 1
27/06/2022 17:31:08|PrecVear --> 350
27/06/2022 17:31:08|montoArt --> 289,256198347107
27/06/2022 17:31:08|ivaArt --> 21
27/06/2022 17:31:09|hasarOCX.ImprimirItem --> OK
27/06/2022 17:31:09|Cerrar Comprobante B:::
27/06/2022 17:31:12|Obtiene nrocomp
27/06/2022 17:31:12|nrocomp --> 23908
27/06/2022 17:31:12|Nro. de Comprobante ::: TFB ::: 23908
27/06/2022 17:31:12|Ety.TicketFiscal: 23908
27/06/2022 17:37:28|Comienza Facturacion B
27/06/2022 17:37:29|DatosCliente B
27/06/2022 17:37:31|AbrirComprobanteFiscal B
27/06/2022 17:37:31|Articulo --> estrella toallitas x50 u
27/06/2022 17:37:31|cantidadArt B --> 1
27/06/2022 17:37:31|PrecVear --> 250
27/06/2022 17:37:31|montoArt --> 206,611570247934
27/06/2022 17:37:31|ivaArt --> 21
27/06/2022 17:37:31|hasarOCX.ImprimirItem --> OK
27/06/2022 17:37:31|Articulo --> hinds cr.corp. almendras x250 ml
27/06/2022 17:37:31|cantidadArt B --> 1
27/06/2022 17:37:31|PrecVear --> 510
27/06/2022 17:37:31|montoArt --> 421,487603305785
27/06/2022 17:37:31|ivaArt --> 21
27/06/2022 17:37:32|hasarOCX.ImprimirItem --> OK
27/06/2022 17:37:32|Articulo --> babysec ultra xxgx30 uni
27/06/2022 17:37:32|cantidadArt B --> 1
27/06/2022 17:37:32|PrecVear --> 980
27/06/2022 17:37:32|montoArt --> 809,917355371901
27/06/2022 17:37:32|ivaArt --> 21
27/06/2022 17:37:32|hasarOCX.ImprimirItem --> OK
27/06/2022 17:37:32|Articulo --> varios
27/06/2022 17:37:32|cantidadArt B --> 1
27/06/2022 17:37:32|PrecVear --> 840
27/06/2022 17:37:32|montoArt --> 694,214876033058
27/06/2022 17:37:32|ivaArt --> 21
27/06/2022 17:37:33|hasarOCX.ImprimirItem --> OK
27/06/2022 17:37:33|Articulo --> paradontax blanqueadora
27/06/2022 17:37:33|cantidadArt B --> 1
27/06/2022 17:37:33|PrecVear --> 810
27/06/2022 17:37:33|montoArt --> 669,421487603306
27/06/2022 17:37:33|ivaArt --> 21
27/06/2022 17:37:33|hasarOCX.ImprimirItem --> OK
27/06/2022 17:37:33|Cerrar Comprobante B:::
27/06/2022 17:37:36|Obtiene nrocomp
27/06/2022 17:37:36|nrocomp --> 23909
27/06/2022 17:37:36|Nro. de Comprobante ::: TFB ::: 23909
27/06/2022 17:37:36|Ety.TicketFiscal: 23909
27/06/2022 17:47:06|Comienza Facturacion B
27/06/2022 17:47:06|DatosCliente B
27/06/2022 17:47:09|AbrirComprobanteFiscal B
27/06/2022 17:47:09|Articulo --> babysec regular xxgx8
27/06/2022 17:47:09|cantidadArt B --> 1
27/06/2022 17:47:09|PrecVear --> 270
27/06/2022 17:47:09|montoArt --> 223,140495867769
27/06/2022 17:47:09|ivaArt --> 21
27/06/2022 17:47:09|hasarOCX.ImprimirItem --> OK
27/06/2022 17:47:09|Cerrar Comprobante B:::
27/06/2022 17:47:12|Obtiene nrocomp
27/06/2022 17:47:12|nrocomp --> 23910
27/06/2022 17:47:12|Nro. de Comprobante ::: TFB ::: 23910
27/06/2022 17:47:12|Ety.TicketFiscal: 23910
27/06/2022 17:50:14|Comienza Facturacion B
27/06/2022 17:50:14|DatosCliente B
27/06/2022 17:50:16|AbrirComprobanteFiscal B
27/06/2022 17:50:16|Articulo --> ob tamponesx16 super
27/06/2022 17:50:16|cantidadArt B --> 1
27/06/2022 17:50:16|PrecVear --> 480
27/06/2022 17:50:16|montoArt --> 396,694214876033
27/06/2022 17:50:16|ivaArt --> 21
27/06/2022 17:50:17|hasarOCX.ImprimirItem --> OK
27/06/2022 17:50:17|Cerrar Comprobante B:::
27/06/2022 17:50:20|Obtiene nrocomp
27/06/2022 17:50:20|nrocomp --> 23911
27/06/2022 17:50:20|Nro. de Comprobante ::: TFB ::: 23911
27/06/2022 17:50:20|Ety.TicketFiscal: 23911
27/06/2022 17:55:11|Comienza Facturacion B
27/06/2022 17:55:11|DatosCliente B
27/06/2022 17:55:13|AbrirComprobanteFiscal B
27/06/2022 17:55:13|Articulo --> higienol max 80m panal
27/06/2022 17:55:13|cantidadArt B --> 1
27/06/2022 17:55:13|PrecVear --> 380
27/06/2022 17:55:13|montoArt --> 314,04958677686
27/06/2022 17:55:13|ivaArt --> 21
27/06/2022 17:55:14|hasarOCX.ImprimirItem --> OK
27/06/2022 17:55:14|Articulo --> dove jabon liquido dp original
27/06/2022 17:55:14|cantidadArt B --> 1
27/06/2022 17:55:14|PrecVear --> 298
27/06/2022 17:55:14|montoArt --> 246,280991735537
27/06/2022 17:55:14|ivaArt --> 21
27/06/2022 17:55:14|hasarOCX.ImprimirItem --> OK
27/06/2022 17:55:14|Articulo --> hennia slip g x8
27/06/2022 17:55:14|cantidadArt B --> 1
27/06/2022 17:55:14|PrecVear --> 1150
27/06/2022 17:55:14|montoArt --> 950,413223140496
27/06/2022 17:55:14|ivaArt --> 21
27/06/2022 17:55:15|hasarOCX.ImprimirItem --> OK
27/06/2022 17:55:15|Articulo --> dove sh y ac x400 ml
27/06/2022 17:55:15|cantidadArt B --> 1
27/06/2022 17:55:15|PrecVear --> 570
27/06/2022 17:55:15|montoArt --> 471,074380165289
27/06/2022 17:55:15|ivaArt --> 21
27/06/2022 17:55:15|hasarOCX.ImprimirItem --> OK
27/06/2022 17:55:15|Cerrar Comprobante B:::
27/06/2022 17:55:18|Obtiene nrocomp
27/06/2022 17:55:18|nrocomp --> 23912
27/06/2022 17:55:18|Nro. de Comprobante ::: TFB ::: 23912
27/06/2022 17:55:18|Ety.TicketFiscal: 23912
27/06/2022 18:01:38|Comienza Facturacion B
27/06/2022 18:01:38|DatosCliente B
27/06/2022 18:01:41|AbrirComprobanteFiscal B
27/06/2022 18:01:41|Articulo --> rexona clinical aerosol
27/06/2022 18:01:41|cantidadArt B --> 1
27/06/2022 18:01:41|PrecVear --> 430
27/06/2022 18:01:41|montoArt --> 355,371900826446
27/06/2022 18:01:41|ivaArt --> 21
27/06/2022 18:01:41|hasarOCX.ImprimirItem --> OK
27/06/2022 18:01:41|Articulo --> estrella toallitas x50 u
27/06/2022 18:01:41|cantidadArt B --> 2
27/06/2022 18:01:41|PrecVear --> 250
27/06/2022 18:01:41|montoArt --> 206,611570247934
27/06/2022 18:01:41|ivaArt --> 21
27/06/2022 18:01:41|hasarOCX.ImprimirItem --> OK
27/06/2022 18:01:41|Articulo --> el coloso jabon blanco
27/06/2022 18:01:41|cantidadArt B --> 1
27/06/2022 18:01:41|PrecVear --> 70
27/06/2022 18:01:41|montoArt --> 57,8512396694215
27/06/2022 18:01:41|ivaArt --> 21
27/06/2022 18:01:42|hasarOCX.ImprimirItem --> OK
27/06/2022 18:01:42|Cerrar Comprobante B:::
27/06/2022 18:01:45|Obtiene nrocomp
27/06/2022 18:01:45|nrocomp --> 23913
27/06/2022 18:01:45|Nro. de Comprobante ::: TFB ::: 23913
27/06/2022 18:01:45|Ety.TicketFiscal: 23913
27/06/2022 18:05:41|Comienza Facturacion B
27/06/2022 18:05:42|DatosCliente B
27/06/2022 18:05:44|AbrirComprobanteFiscal B
27/06/2022 18:05:44|Articulo --> dove jabon x90 blanco
27/06/2022 18:05:44|cantidadArt B --> 1
27/06/2022 18:05:44|PrecVear --> 150
27/06/2022 18:05:44|montoArt --> 123,96694214876
27/06/2022 18:05:44|ivaArt --> 21
27/06/2022 18:05:45|hasarOCX.ImprimirItem --> OK
27/06/2022 18:05:45|Articulo --> lux jabones x3 unidades
27/06/2022 18:05:45|cantidadArt B --> 1
27/06/2022 18:05:45|PrecVear --> 280
27/06/2022 18:05:45|montoArt --> 231,404958677686
27/06/2022 18:05:45|ivaArt --> 21
27/06/2022 18:05:45|hasarOCX.ImprimirItem --> OK
27/06/2022 18:05:45|Articulo --> bolsas residuos 50*70
27/06/2022 18:05:45|cantidadArt B --> 1
27/06/2022 18:05:45|PrecVear --> 120
27/06/2022 18:05:45|montoArt --> 99,1735537190083
27/06/2022 18:05:45|ivaArt --> 21
27/06/2022 18:05:45|hasarOCX.ImprimirItem --> OK
27/06/2022 18:05:45|Articulo --> el coloso pañuelos x6 unidades
27/06/2022 18:05:45|cantidadArt B --> 1
27/06/2022 18:05:45|PrecVear --> 140
27/06/2022 18:05:45|montoArt --> 115,702479338843
27/06/2022 18:05:45|ivaArt --> 21
27/06/2022 18:05:46|hasarOCX.ImprimirItem --> OK
27/06/2022 18:05:46|Articulo --> comfort clasx900 dp
27/06/2022 18:05:46|cantidadArt B --> 1
27/06/2022 18:05:46|PrecVear --> 280
27/06/2022 18:05:46|montoArt --> 231,404958677686
27/06/2022 18:05:46|ivaArt --> 21
27/06/2022 18:05:46|hasarOCX.ImprimirItem --> OK
27/06/2022 18:05:46|Articulo --> mr musculo cocina dp
27/06/2022 18:05:46|cantidadArt B --> 1
27/06/2022 18:05:46|PrecVear --> 120
27/06/2022 18:05:46|montoArt --> 99,1735537190083
27/06/2022 18:05:46|ivaArt --> 21
27/06/2022 18:05:46|hasarOCX.ImprimirItem --> OK
27/06/2022 18:05:46|Articulo --> mr musculo limpiahornosx360
27/06/2022 18:05:46|cantidadArt B --> 1
27/06/2022 18:05:46|PrecVear --> 330
27/06/2022 18:05:46|montoArt --> 272,727272727273
27/06/2022 18:05:46|ivaArt --> 21
27/06/2022 18:05:47|hasarOCX.ImprimirItem --> OK
27/06/2022 18:05:47|Cerrar Comprobante B:::
27/06/2022 18:05:50|Obtiene nrocomp
27/06/2022 18:05:50|nrocomp --> 23914
27/06/2022 18:05:50|Nro. de Comprobante ::: TFB ::: 23914
27/06/2022 18:05:50|Ety.TicketFiscal: 23914
27/06/2022 18:08:32|Comienza Facturacion B
27/06/2022 18:08:32|DatosCliente B
27/06/2022 18:08:35|AbrirComprobanteFiscal B
27/06/2022 18:08:35|Articulo --> policrom crema oxigeada
27/06/2022 18:08:35|cantidadArt B --> 2
27/06/2022 18:08:35|PrecVear --> 70
27/06/2022 18:08:35|montoArt --> 57,8512396694215
27/06/2022 18:08:35|ivaArt --> 21
27/06/2022 18:08:35|hasarOCX.ImprimirItem --> OK
27/06/2022 18:08:35|Articulo --> policrom 6.42
27/06/2022 18:08:35|cantidadArt B --> 2
27/06/2022 18:08:35|PrecVear --> 350
27/06/2022 18:08:35|montoArt --> 289,256198347107
27/06/2022 18:08:35|ivaArt --> 21
27/06/2022 18:08:36|hasarOCX.ImprimirItem --> OK
27/06/2022 18:08:36|Articulo --> alb.vo5 fij.sprayx412 laca fue.6564
27/06/2022 18:08:36|cantidadArt B --> 1
27/06/2022 18:08:36|PrecVear --> 560
27/06/2022 18:08:36|montoArt --> 462,809917355372
27/06/2022 18:08:36|ivaArt --> 21
27/06/2022 18:08:36|hasarOCX.ImprimirItem --> OK
27/06/2022 18:08:36|Cerrar Comprobante B:::
27/06/2022 18:08:39|Obtiene nrocomp
27/06/2022 18:08:39|nrocomp --> 23915
27/06/2022 18:08:39|Nro. de Comprobante ::: TFB ::: 23915
27/06/2022 18:08:39|Ety.TicketFiscal: 23915
27/06/2022 18:24:07|Comienza Facturacion B
27/06/2022 18:24:08|DatosCliente B
27/06/2022 18:24:10|AbrirComprobanteFiscal B
27/06/2022 18:24:10|Articulo --> nivea men gel afeitar x200ml
27/06/2022 18:24:10|cantidadArt B --> 1
27/06/2022 18:24:10|PrecVear --> 490
27/06/2022 18:24:10|montoArt --> 404,95867768595
27/06/2022 18:24:10|ivaArt --> 21
27/06/2022 18:24:11|hasarOCX.ImprimirItem --> OK
27/06/2022 18:24:11|Articulo --> colgate cepillo triple accion 2x1
27/06/2022 18:24:11|cantidadArt B --> 2
27/06/2022 18:24:11|PrecVear --> 290
27/06/2022 18:24:11|montoArt --> 239,669421487603
27/06/2022 18:24:11|ivaArt --> 21
27/06/2022 18:24:11|hasarOCX.ImprimirItem --> OK
27/06/2022 18:24:11|Articulo --> match 3 cartucho sensible x1
27/06/2022 18:24:11|cantidadArt B --> 3
27/06/2022 18:24:11|PrecVear --> 290
27/06/2022 18:24:11|montoArt --> 239,669421487603
27/06/2022 18:24:11|ivaArt --> 21
27/06/2022 18:24:11|hasarOCX.ImprimirItem --> OK
27/06/2022 18:24:11|Cerrar Comprobante B:::
27/06/2022 18:24:15|Obtiene nrocomp
27/06/2022 18:24:15|nrocomp --> 23916
27/06/2022 18:24:15|Nro. de Comprobante ::: TFB ::: 23916
27/06/2022 18:24:15|Ety.TicketFiscal: 23916
27/06/2022 18:35:03|Comienza Facturacion B
27/06/2022 18:35:03|DatosCliente B
27/06/2022 18:35:06|AbrirComprobanteFiscal B
27/06/2022 18:35:06|Articulo --> teatrical cr.antiarrugas x100gr
27/06/2022 18:35:06|cantidadArt B --> 1
27/06/2022 18:35:06|PrecVear --> 520
27/06/2022 18:35:06|montoArt --> 429,752066115703
27/06/2022 18:35:06|ivaArt --> 21
27/06/2022 18:35:06|hasarOCX.ImprimirItem --> OK
27/06/2022 18:35:06|Articulo --> trenet oxi efect.espuma dpx400-2288
27/06/2022 18:35:06|cantidadArt B --> 1
27/06/2022 18:35:06|PrecVear --> 170
27/06/2022 18:35:06|montoArt --> 140,495867768595
27/06/2022 18:35:06|ivaArt --> 21
27/06/2022 18:35:07|hasarOCX.ImprimirItem --> OK
27/06/2022 18:35:07|Articulo --> lux jab liq dp
27/06/2022 18:35:07|cantidadArt B --> 1
27/06/2022 18:35:07|PrecVear --> 260
27/06/2022 18:35:07|montoArt --> 214,876033057851
27/06/2022 18:35:07|ivaArt --> 21
27/06/2022 18:35:07|hasarOCX.ImprimirItem --> OK
27/06/2022 18:35:07|Articulo --> issue activ.cr 20v x47ml
27/06/2022 18:35:07|cantidadArt B --> 2
27/06/2022 18:35:07|PrecVear --> 30
27/06/2022 18:35:07|montoArt --> 24,7933884297521
27/06/2022 18:35:07|ivaArt --> 21
27/06/2022 18:35:07|hasarOCX.ImprimirItem --> OK
27/06/2022 18:35:07|Articulo --> otowil cielo color rojo
27/06/2022 18:35:07|cantidadArt B --> 2
27/06/2022 18:35:07|PrecVear --> 260
27/06/2022 18:35:07|montoArt --> 214,876033057851
27/06/2022 18:35:07|ivaArt --> 21
27/06/2022 18:35:08|hasarOCX.ImprimirItem --> OK
27/06/2022 18:35:08|Cerrar Comprobante B:::
27/06/2022 18:35:11|Obtiene nrocomp
27/06/2022 18:35:11|nrocomp --> 23917
27/06/2022 18:35:11|Nro. de Comprobante ::: TFB ::: 23917
27/06/2022 18:35:11|Ety.TicketFiscal: 23917
27/06/2022 18:43:36|Comienza Facturacion B
27/06/2022 18:43:36|DatosCliente B
27/06/2022 18:43:38|AbrirComprobanteFiscal B
27/06/2022 18:43:38|Articulo --> tresemme acondx400 tresplex
27/06/2022 18:43:38|cantidadArt B --> 1
27/06/2022 18:43:38|PrecVear --> 480
27/06/2022 18:43:38|montoArt --> 396,694214876033
27/06/2022 18:43:38|ivaArt --> 21
27/06/2022 18:43:39|hasarOCX.ImprimirItem --> OK
27/06/2022 18:43:39|Articulo --> tresemme chx400ml reg. tresplex rt
27/06/2022 18:43:39|cantidadArt B --> 1
27/06/2022 18:43:39|PrecVear --> 480
27/06/2022 18:43:39|montoArt --> 396,694214876033
27/06/2022 18:43:39|ivaArt --> 21
27/06/2022 18:43:39|hasarOCX.ImprimirItem --> OK
27/06/2022 18:43:39|Articulo --> maizena x250g
27/06/2022 18:43:39|cantidadArt B --> 1
27/06/2022 18:43:39|PrecVear --> 165
27/06/2022 18:43:39|montoArt --> 136,363636363636
27/06/2022 18:43:39|ivaArt --> 21
27/06/2022 18:43:40|hasarOCX.ImprimirItem --> OK
27/06/2022 18:43:40|Articulo --> nivea labello essential care
27/06/2022 18:43:40|cantidadArt B --> 1
27/06/2022 18:43:40|PrecVear --> 480
27/06/2022 18:43:40|montoArt --> 396,694214876033
27/06/2022 18:43:40|ivaArt --> 21
27/06/2022 18:43:40|hasarOCX.ImprimirItem --> OK
27/06/2022 18:43:40|Articulo --> pantene x200ml
27/06/2022 18:43:40|cantidadArt B --> 1
27/06/2022 18:43:40|PrecVear --> 390
27/06/2022 18:43:40|montoArt --> 322,314049586777
27/06/2022 18:43:40|ivaArt --> 21
27/06/2022 18:43:40|hasarOCX.ImprimirItem --> OK
27/06/2022 18:43:40|Cerrar Comprobante B:::
27/06/2022 18:43:43|Obtiene nrocomp
27/06/2022 18:43:43|nrocomp --> 23918
27/06/2022 18:43:43|Nro. de Comprobante ::: TFB ::: 23918
27/06/2022 18:43:43|Ety.TicketFiscal: 23918
27/06/2022 18:54:30|Comienza Facturacion B
27/06/2022 18:54:31|DatosCliente B
27/06/2022 18:54:33|AbrirComprobanteFiscal B
27/06/2022 18:54:33|Articulo --> dove deo mujer
27/06/2022 18:54:33|cantidadArt B --> 2
27/06/2022 18:54:33|PrecVear --> 290
27/06/2022 18:54:33|montoArt --> 239,669421487603
27/06/2022 18:54:33|ivaArt --> 21
27/06/2022 18:54:34|hasarOCX.ImprimirItem --> OK
27/06/2022 18:54:34|Articulo --> hennia eg x 8
27/06/2022 18:54:34|cantidadArt B --> 1
27/06/2022 18:54:34|PrecVear --> 1170
27/06/2022 18:54:34|montoArt --> 966,942148760331
27/06/2022 18:54:34|ivaArt --> 21
27/06/2022 18:54:34|hasarOCX.ImprimirItem --> OK
27/06/2022 18:54:34|Articulo --> colgate cepillo triple accion x2
27/06/2022 18:54:34|cantidadArt B --> 2
27/06/2022 18:54:34|PrecVear --> 250
27/06/2022 18:54:34|montoArt --> 206,611570247934
27/06/2022 18:54:34|ivaArt --> 21
27/06/2022 18:54:34|hasarOCX.ImprimirItem --> OK
27/06/2022 18:54:34|Cerrar Comprobante B:::
27/06/2022 18:54:37|Obtiene nrocomp
27/06/2022 18:54:38|nrocomp --> 23919
27/06/2022 18:54:38|Nro. de Comprobante ::: TFB ::: 23919
27/06/2022 18:54:38|Ety.TicketFiscal: 23919
27/06/2022 18:59:29|Comienza Facturacion B
27/06/2022 18:59:29|DatosCliente B
27/06/2022 18:59:32|AbrirComprobanteFiscal B
27/06/2022 18:59:32|Articulo --> pampers pants premium care xxg x24
27/06/2022 18:59:32|cantidadArt B --> 2
27/06/2022 18:59:32|PrecVear --> 1630
27/06/2022 18:59:32|montoArt --> 1347,10743801653
27/06/2022 18:59:32|ivaArt --> 21
27/06/2022 18:59:32|hasarOCX.ImprimirItem --> OK
27/06/2022 18:59:32|Cerrar Comprobante B:::
27/06/2022 18:59:35|Obtiene nrocomp
27/06/2022 18:59:35|nrocomp --> 23920
27/06/2022 18:59:35|Nro. de Comprobante ::: TFB ::: 23920
27/06/2022 18:59:35|Ety.TicketFiscal: 23920
27/06/2022 19:01:49|Comienza Facturacion B
27/06/2022 19:01:49|DatosCliente B
27/06/2022 19:01:51|AbrirComprobanteFiscal B
27/06/2022 19:01:51|Articulo --> estrella pañal mediano x48u
27/06/2022 19:01:51|cantidadArt B --> 1
27/06/2022 19:01:51|PrecVear --> 1250
27/06/2022 19:01:51|montoArt --> 1033,05785123967
27/06/2022 19:01:51|ivaArt --> 21
27/06/2022 19:01:52|hasarOCX.ImprimirItem --> OK
27/06/2022 19:01:52|Cerrar Comprobante B:::
27/06/2022 19:01:55|Obtiene nrocomp
27/06/2022 19:01:55|nrocomp --> 23921
27/06/2022 19:01:55|Nro. de Comprobante ::: TFB ::: 23921
27/06/2022 19:01:55|Ety.TicketFiscal: 23921
27/06/2022 19:24:22|Comienza Facturacion B
27/06/2022 19:24:22|DatosCliente B
27/06/2022 19:24:25|AbrirComprobanteFiscal B
27/06/2022 19:24:25|Articulo --> petit enfant espuma de baño
27/06/2022 19:24:25|cantidadArt B --> 1
27/06/2022 19:24:25|PrecVear --> 590
27/06/2022 19:24:25|montoArt --> 487,603305785124
27/06/2022 19:24:25|ivaArt --> 21
27/06/2022 19:24:25|hasarOCX.ImprimirItem --> OK
27/06/2022 19:24:25|Articulo --> pampers pants confort xg34
27/06/2022 19:24:25|cantidadArt B --> 1
27/06/2022 19:24:25|PrecVear --> 1890
27/06/2022 19:24:25|montoArt --> 1561,98347107438
27/06/2022 19:24:25|ivaArt --> 21
27/06/2022 19:24:26|hasarOCX.ImprimirItem --> OK
27/06/2022 19:24:26|Articulo --> pampers supersec xgx58
27/06/2022 19:24:26|cantidadArt B --> 1
27/06/2022 19:24:26|PrecVear --> 1730
27/06/2022 19:24:26|montoArt --> 1429,7520661157
27/06/2022 19:24:26|ivaArt --> 21
27/06/2022 19:24:26|hasarOCX.ImprimirItem --> OK
27/06/2022 19:24:26|Cerrar Comprobante B:::
27/06/2022 19:24:29|Obtiene nrocomp
27/06/2022 19:24:29|nrocomp --> 23922
27/06/2022 19:24:29|Nro. de Comprobante ::: TFB ::: 23922
27/06/2022 19:24:29|Ety.TicketFiscal: 23922
27/06/2022 19:48:51|Comienza Facturacion B
27/06/2022 19:48:51|DatosCliente B
27/06/2022 19:48:54|AbrirComprobanteFiscal B
27/06/2022 19:48:54|Articulo --> babysec regular xxgx8
27/06/2022 19:48:54|cantidadArt B --> 2
27/06/2022 19:48:54|PrecVear --> 270
27/06/2022 19:48:54|montoArt --> 223,140495867769
27/06/2022 19:48:54|ivaArt --> 21
27/06/2022 19:48:54|hasarOCX.ImprimirItem --> OK
27/06/2022 19:48:54|Cerrar Comprobante B:::
27/06/2022 19:48:57|Obtiene nrocomp
27/06/2022 19:48:57|nrocomp --> 23923
27/06/2022 19:48:57|Nro. de Comprobante ::: TFB ::: 23923
27/06/2022 19:48:57|Ety.TicketFiscal: 23923
27/06/2022 19:49:26|Comienza Facturacion B
27/06/2022 19:49:26|DatosCliente B
27/06/2022 19:49:29|AbrirComprobanteFiscal B
27/06/2022 19:49:29|Articulo --> rexona aero  apx90 act.emot-60293
27/06/2022 19:49:29|cantidadArt B --> 1
27/06/2022 19:49:29|PrecVear --> 260
27/06/2022 19:49:29|montoArt --> 214,876033057851
27/06/2022 19:49:29|ivaArt --> 21
27/06/2022 19:49:29|hasarOCX.ImprimirItem --> OK
27/06/2022 19:49:29|Cerrar Comprobante B:::
27/06/2022 19:49:32|Obtiene nrocomp
27/06/2022 19:49:33|nrocomp --> 23924
27/06/2022 19:49:33|Nro. de Comprobante ::: TFB ::: 23924
27/06/2022 19:49:33|Ety.TicketFiscal: 23924
27/06/2022 19:54:05|cerrando pantalla venta
27/06/2022 19:54:13|*************COMIENZA Cierre  Z**********
27/06/2022 19:54:21|CIERRE Z
Cierre Z Nº =[751]
Fecha del Cierre        =[27/06/2022 0:00:00]
DF Emitidos             =[40]
DF Cancelados           =[0]
DF Total                =[6715604]
DF Total Gravado        =[5550083]
DF Total No Gravado     =[0]
DF Total Exento         =[0]
DF Total IVA            =[1165521]
DF Total Otros Tributos =[0]
NC Emitidas             =[0]
NC Canceladas           =[0]
NC Total                =[0]
NC Total Gravado        =[0]
NC Total No Gravado     =[0]
NC Total Exento         =[0]
NC Total IVA            =[0]
NC Total Otros Tributos =[0]
DNFH Emitidos           =[0]
DNFH Total              =[0]

