17/05/2022 8:36:19|Conectando..
17/05/2022 8:36:19|IP: 127.0.0.1 - Puerto: 6500
17/05/2022 8:40:02|Error Diagnostico..Tiempo de espera agotado
17/05/2022 8:41:00|Comienza Facturacion B
17/05/2022 8:41:02|Error iniciando Factura B --> Tiempo de espera agotado
17/05/2022 8:41:05|Error Cerrando documento B --> Tiempo de espera agotado
17/05/2022 8:41:05|Conectando..
17/05/2022 8:41:05|IP: 127.0.0.1 - Puerto: 6500
17/05/2022 8:41:06|Comienza Facturacion B
17/05/2022 8:41:06|Error iniciando Factura B --> Anidamiento inválido de comandos
17/05/2022 8:41:07|Error Cerrando documento B --> Anidamiento inválido de comandos
17/05/2022 8:41:07|Conectando..
17/05/2022 8:41:07|IP: 127.0.0.1 - Puerto: 6500
17/05/2022 8:41:12|Error Imprimiendo Factura B --> Tiempo de espera agotado
17/05/2022 8:41:13|Ety.TicketFiscal: -1
17/05/2022 8:41:14|cerrando pantalla venta
17/05/2022 8:41:15|Error Diagnostico..Tiempo de espera agotado
17/05/2022 8:41:17|Error Imprimiendo Factura B --> Referencia a objeto no establecida como instancia de un objeto.
17/05/2022 8:41:18|Ety.TicketFiscal: -1
17/05/2022 8:41:18|Error Diagnostico..Referencia a objeto no establecida como instancia de un objeto.
17/05/2022 8:42:03|Conectando..
17/05/2022 8:42:03|IP: 127.0.0.1 - Puerto: 6500
17/05/2022 8:42:03|Conectado con éxito!!
17/05/2022 8:42:07|Comienza Facturacion B
17/05/2022 8:42:07|DatosCliente B
17/05/2022 8:42:10|AbrirComprobanteFiscal B
17/05/2022 8:42:10|Articulo --> varios
17/05/2022 8:42:10|cantidadArt B --> 1
17/05/2022 8:42:10|PrecVear --> 1095
17/05/2022 8:42:10|montoArt --> 904,95867768595
17/05/2022 8:42:10|ivaArt --> 21
17/05/2022 8:42:10|hasarOCX.ImprimirItem --> OK
17/05/2022 8:42:10|Cerrar Comprobante B:::
17/05/2022 8:42:13|Obtiene nrocomp
17/05/2022 8:42:13|nrocomp --> 22393
17/05/2022 8:42:13|Nro. de Comprobante ::: TFB ::: 22393
17/05/2022 8:42:13|Ety.TicketFiscal: 22393
17/05/2022 8:44:32|Comienza Facturacion B
17/05/2022 8:44:32|DatosCliente B
17/05/2022 8:44:34|AbrirComprobanteFiscal B
17/05/2022 8:44:34|Articulo --> sally hansen instant dry to coat
17/05/2022 8:44:34|cantidadArt B --> 1
17/05/2022 8:44:34|PrecVear --> 1490
17/05/2022 8:44:34|montoArt --> 1231,40495867769
17/05/2022 8:44:34|ivaArt --> 21
17/05/2022 8:44:35|hasarOCX.ImprimirItem --> OK
17/05/2022 8:44:35|Articulo --> doncella toalla verde x16
17/05/2022 8:44:35|cantidadArt B --> 1
17/05/2022 8:44:35|PrecVear --> 150
17/05/2022 8:44:35|montoArt --> 123,96694214876
17/05/2022 8:44:35|ivaArt --> 21
17/05/2022 8:44:35|hasarOCX.ImprimirItem --> OK
17/05/2022 8:44:35|Cerrar Comprobante B:::
17/05/2022 8:44:38|Obtiene nrocomp
17/05/2022 8:44:38|nrocomp --> 22394
17/05/2022 8:44:38|Nro. de Comprobante ::: TFB ::: 22394
17/05/2022 8:44:38|Ety.TicketFiscal: 22394
17/05/2022 9:13:47|Comienza Facturacion B
17/05/2022 9:13:48|DatosCliente B
17/05/2022 9:13:50|AbrirComprobanteFiscal B
17/05/2022 9:13:50|Articulo --> varios
17/05/2022 9:13:50|cantidadArt B --> 1
17/05/2022 9:13:50|PrecVear --> 1560
17/05/2022 9:13:50|montoArt --> 1289,25619834711
17/05/2022 9:13:50|ivaArt --> 21
17/05/2022 9:13:50|hasarOCX.ImprimirItem --> OK
17/05/2022 9:13:50|Articulo --> mary bosques emulsion anti frizz % Dto: 20
17/05/2022 9:13:50|cantidadArt B --> 1
17/05/2022 9:13:50|PrecVear --> 264
17/05/2022 9:13:50|montoArt --> 218,181818181818
17/05/2022 9:13:50|ivaArt --> 21
17/05/2022 9:13:51|hasarOCX.ImprimirItem --> OK
17/05/2022 9:13:51|Articulo --> comodin apositos moderada x10 verde
17/05/2022 9:13:51|cantidadArt B --> 2
17/05/2022 9:13:51|PrecVear --> 180
17/05/2022 9:13:51|montoArt --> 148,760330578512
17/05/2022 9:13:51|ivaArt --> 21
17/05/2022 9:13:51|hasarOCX.ImprimirItem --> OK
17/05/2022 9:13:51|Articulo --> dove aero original azul
17/05/2022 9:13:51|cantidadArt B --> 1
17/05/2022 9:13:51|PrecVear --> 290
17/05/2022 9:13:51|montoArt --> 239,669421487603
17/05/2022 9:13:51|ivaArt --> 21
17/05/2022 9:13:52|hasarOCX.ImprimirItem --> OK
17/05/2022 9:13:52|Cerrar Comprobante B:::
17/05/2022 9:13:55|Obtiene nrocomp
17/05/2022 9:13:55|nrocomp --> 22395
17/05/2022 9:13:55|Nro. de Comprobante ::: TFB ::: 22395
17/05/2022 9:13:55|Ety.TicketFiscal: 22395
17/05/2022 9:37:26|Comienza Facturacion A
17/05/2022 9:37:26|DatosCliente A
17/05/2022 9:37:29|AbrirComprobanteFiscal A
17/05/2022 9:37:29|Articulo --> royco palo extensible x3 m
17/05/2022 9:37:29|cantidadArt A --> 1
17/05/2022 9:37:29|PrecVear --> 1500
17/05/2022 9:37:29|montoArt --> 1239,6694214876
17/05/2022 9:37:29|ivaArt --> 21
17/05/2022 9:37:29|hasarOCX.ImprimirItem --> OK
17/05/2022 9:37:29|Articulo --> kit bocha limpia techo
17/05/2022 9:37:29|cantidadArt A --> 1
17/05/2022 9:37:29|PrecVear --> 320
17/05/2022 9:37:29|montoArt --> 264,462809917355
17/05/2022 9:37:29|ivaArt --> 21
17/05/2022 9:37:30|hasarOCX.ImprimirItem --> OK
17/05/2022 9:37:30|comienza imprimir sutotal: 
17/05/2022 9:37:30|Cerrar Comprobante A:::
17/05/2022 9:37:32|Obtiene nrocomp
17/05/2022 9:37:32|nrocomp --> 271
17/05/2022 9:37:32|Nro. de Comprobante ::: TFA ::: 271
17/05/2022 9:37:32|Ety.TicketFiscal: 271
17/05/2022 9:54:35|Comienza Facturacion B
17/05/2022 9:54:35|DatosCliente B
17/05/2022 9:54:38|AbrirComprobanteFiscal B
17/05/2022 9:54:38|Articulo --> ciel nuit deox186
17/05/2022 9:54:38|cantidadArt B --> 1
17/05/2022 9:54:38|PrecVear --> 480
17/05/2022 9:54:38|montoArt --> 396,694214876033
17/05/2022 9:54:38|ivaArt --> 21
17/05/2022 9:54:38|hasarOCX.ImprimirItem --> OK
17/05/2022 9:54:38|Articulo --> hennia aposito incontinencia plus
17/05/2022 9:54:38|cantidadArt B --> 1
17/05/2022 9:54:38|PrecVear --> 600
17/05/2022 9:54:38|montoArt --> 495,867768595041
17/05/2022 9:54:38|ivaArt --> 21
17/05/2022 9:54:38|hasarOCX.ImprimirItem --> OK
17/05/2022 9:54:38|Articulo --> 919 kit n°7 rubio
17/05/2022 9:54:38|cantidadArt B --> 1
17/05/2022 9:54:38|PrecVear --> 490
17/05/2022 9:54:38|montoArt --> 404,95867768595
17/05/2022 9:54:38|ivaArt --> 21
17/05/2022 9:54:39|hasarOCX.ImprimirItem --> OK
17/05/2022 9:54:39|Cerrar Comprobante B:::
17/05/2022 9:54:42|Obtiene nrocomp
17/05/2022 9:54:42|nrocomp --> 22396
17/05/2022 9:54:42|Nro. de Comprobante ::: TFB ::: 22396
17/05/2022 9:54:42|Ety.TicketFiscal: 22396
17/05/2022 9:55:50|Comienza Facturacion B
17/05/2022 9:55:50|DatosCliente B
17/05/2022 9:55:52|AbrirComprobanteFiscal B
17/05/2022 9:55:52|Articulo --> varios
17/05/2022 9:55:52|cantidadArt B --> 1
17/05/2022 9:55:52|PrecVear --> 900
17/05/2022 9:55:52|montoArt --> 743,801652892562
17/05/2022 9:55:52|ivaArt --> 21
17/05/2022 9:55:53|hasarOCX.ImprimirItem --> OK
17/05/2022 9:55:53|Cerrar Comprobante B:::
17/05/2022 9:55:56|Obtiene nrocomp
17/05/2022 9:55:56|nrocomp --> 22397
17/05/2022 9:55:56|Nro. de Comprobante ::: TFB ::: 22397
17/05/2022 9:55:56|Ety.TicketFiscal: 22397
17/05/2022 9:57:55|Comienza Facturacion B
17/05/2022 9:57:55|DatosCliente B
17/05/2022 9:57:58|AbrirComprobanteFiscal B
17/05/2022 9:57:58|Articulo --> dove jabon x90 blanco
17/05/2022 9:57:58|cantidadArt B --> 4
17/05/2022 9:57:58|PrecVear --> 140
17/05/2022 9:57:58|montoArt --> 115,702479338843
17/05/2022 9:57:58|ivaArt --> 21
17/05/2022 9:57:58|hasarOCX.ImprimirItem --> OK
17/05/2022 9:57:58|Articulo --> felpita bco 80 mts
17/05/2022 9:57:58|cantidadArt B --> 2
17/05/2022 9:57:58|PrecVear --> 370
17/05/2022 9:57:58|montoArt --> 305,785123966942
17/05/2022 9:57:58|ivaArt --> 21
17/05/2022 9:57:59|hasarOCX.ImprimirItem --> OK
17/05/2022 9:57:59|Articulo --> colgate total 12 clean mint x140 g
17/05/2022 9:57:59|cantidadArt B --> 1
17/05/2022 9:57:59|PrecVear --> 530
17/05/2022 9:57:59|montoArt --> 438,01652892562
17/05/2022 9:57:59|ivaArt --> 21
17/05/2022 9:57:59|hasarOCX.ImprimirItem --> OK
17/05/2022 9:57:59|Articulo --> colgate total 12 whitening x140
17/05/2022 9:57:59|cantidadArt B --> 1
17/05/2022 9:57:59|PrecVear --> 540
17/05/2022 9:57:59|montoArt --> 446,280991735537
17/05/2022 9:57:59|ivaArt --> 21
17/05/2022 9:57:59|hasarOCX.ImprimirItem --> OK
17/05/2022 9:57:59|Articulo --> dove deo mujer
17/05/2022 9:57:59|cantidadArt B --> 3
17/05/2022 9:57:59|PrecVear --> 350
17/05/2022 9:57:59|montoArt --> 289,256198347107
17/05/2022 9:57:59|ivaArt --> 21
17/05/2022 9:58:00|hasarOCX.ImprimirItem --> OK
17/05/2022 9:58:00|Articulo --> fructis chx200 goodbye daños
17/05/2022 9:58:00|cantidadArt B --> 2
17/05/2022 9:58:00|PrecVear --> 260
17/05/2022 9:58:00|montoArt --> 214,876033057851
17/05/2022 9:58:00|ivaArt --> 21
17/05/2022 9:58:00|hasarOCX.ImprimirItem --> OK
17/05/2022 9:58:00|Articulo --> excellence 71 h01482101
17/05/2022 9:58:00|cantidadArt B --> 1
17/05/2022 9:58:00|PrecVear --> 1190
17/05/2022 9:58:00|montoArt --> 983,471074380165
17/05/2022 9:58:00|ivaArt --> 21
17/05/2022 9:58:00|hasarOCX.ImprimirItem --> OK
17/05/2022 9:58:00|Articulo --> excellence 711 h0178409#
17/05/2022 9:58:00|cantidadArt B --> 1
17/05/2022 9:58:00|PrecVear --> 1190
17/05/2022 9:58:00|montoArt --> 983,471074380165
17/05/2022 9:58:00|ivaArt --> 21
17/05/2022 9:58:01|hasarOCX.ImprimirItem --> OK
17/05/2022 9:58:01|Articulo --> felpita infinity cocina x3 d/h
17/05/2022 9:58:01|cantidadArt B --> 2
17/05/2022 9:58:01|PrecVear --> 340
17/05/2022 9:58:01|montoArt --> 280,99173553719
17/05/2022 9:58:01|ivaArt --> 21
17/05/2022 9:58:01|hasarOCX.ImprimirItem --> OK
17/05/2022 9:58:01|Articulo --> echo listo botella x800
17/05/2022 9:58:01|cantidadArt B --> 1
17/05/2022 9:58:01|PrecVear --> 340
17/05/2022 9:58:01|montoArt --> 280,99173553719
17/05/2022 9:58:01|ivaArt --> 21
17/05/2022 9:58:01|hasarOCX.ImprimirItem --> OK
17/05/2022 9:58:01|Cerrar Comprobante B:::
17/05/2022 9:58:04|Obtiene nrocomp
17/05/2022 9:58:05|nrocomp --> 22398
17/05/2022 9:58:05|Nro. de Comprobante ::: TFB ::: 22398
17/05/2022 9:58:05|Ety.TicketFiscal: 22398
17/05/2022 10:00:51|cerrando pantalla venta
17/05/2022 10:01:41|Conectando..
17/05/2022 10:01:41|IP: 127.0.0.1 - Puerto: 6500
17/05/2022 10:01:42|Conectado con éxito!!
17/05/2022 10:11:30|Comienza Facturacion B
17/05/2022 10:11:30|DatosCliente B
17/05/2022 10:11:32|AbrirComprobanteFiscal B
17/05/2022 10:11:32|Articulo --> depimiel cr.dep.rostro (a+b) x45grs
17/05/2022 10:11:32|cantidadArt B --> 1
17/05/2022 10:11:32|PrecVear --> 390
17/05/2022 10:11:32|montoArt --> 322,314049586777
17/05/2022 10:11:32|ivaArt --> 21
17/05/2022 10:11:33|hasarOCX.ImprimirItem --> OK
17/05/2022 10:11:33|Articulo --> dove aero original azul
17/05/2022 10:11:33|cantidadArt B --> 1
17/05/2022 10:11:33|PrecVear --> 290
17/05/2022 10:11:33|montoArt --> 239,669421487603
17/05/2022 10:11:33|ivaArt --> 21
17/05/2022 10:11:33|hasarOCX.ImprimirItem --> OK
17/05/2022 10:11:33|Articulo --> colgate clasica x70g
17/05/2022 10:11:33|cantidadArt B --> 1
17/05/2022 10:11:33|PrecVear --> 155
17/05/2022 10:11:33|montoArt --> 128,099173553719
17/05/2022 10:11:33|ivaArt --> 21
17/05/2022 10:11:33|hasarOCX.ImprimirItem --> OK
17/05/2022 10:11:33|Cerrar Comprobante B:::
17/05/2022 10:11:36|Obtiene nrocomp
17/05/2022 10:11:37|nrocomp --> 22399
17/05/2022 10:11:37|Nro. de Comprobante ::: TFB ::: 22399
17/05/2022 10:11:37|Ety.TicketFiscal: 22399
17/05/2022 10:35:23|Comienza Facturacion B
17/05/2022 10:35:24|DatosCliente B
17/05/2022 10:35:26|AbrirComprobanteFiscal B
17/05/2022 10:35:26|Articulo --> varios
17/05/2022 10:35:26|cantidadArt B --> 1
17/05/2022 10:35:26|PrecVear --> 500
17/05/2022 10:35:26|montoArt --> 413,223140495868
17/05/2022 10:35:26|ivaArt --> 21
17/05/2022 10:35:26|hasarOCX.ImprimirItem --> OK
17/05/2022 10:35:26|Cerrar Comprobante B:::
17/05/2022 10:35:29|Obtiene nrocomp
17/05/2022 10:35:30|nrocomp --> 22400
17/05/2022 10:35:30|Nro. de Comprobante ::: TFB ::: 22400
17/05/2022 10:35:30|Ety.TicketFiscal: 22400
17/05/2022 10:37:38|Comienza Facturacion B
17/05/2022 10:37:38|DatosCliente B
17/05/2022 10:37:41|AbrirComprobanteFiscal B
17/05/2022 10:37:41|Articulo --> estrella toallitas x50 u
17/05/2022 10:37:41|cantidadArt B --> 1
17/05/2022 10:37:41|PrecVear --> 195
17/05/2022 10:37:41|montoArt --> 161,157024793388
17/05/2022 10:37:41|ivaArt --> 21
17/05/2022 10:37:41|hasarOCX.ImprimirItem --> OK
17/05/2022 10:37:41|Articulo --> huggies trip xg 52
17/05/2022 10:37:41|cantidadArt B --> 1
17/05/2022 10:37:41|PrecVear --> 1600
17/05/2022 10:37:41|montoArt --> 1322,31404958678
17/05/2022 10:37:41|ivaArt --> 21
17/05/2022 10:37:41|hasarOCX.ImprimirItem --> OK
17/05/2022 10:37:41|Cerrar Comprobante B:::
17/05/2022 10:37:44|Obtiene nrocomp
17/05/2022 10:37:45|nrocomp --> 22401
17/05/2022 10:37:45|Nro. de Comprobante ::: TFB ::: 22401
17/05/2022 10:37:45|Ety.TicketFiscal: 22401
17/05/2022 10:57:08|Comienza Facturacion B
17/05/2022 10:57:08|DatosCliente B
17/05/2022 10:57:11|AbrirComprobanteFiscal B
17/05/2022 10:57:11|Articulo --> hinds cr.corp.rosa doblevita x250ml
17/05/2022 10:57:11|cantidadArt B --> 1
17/05/2022 10:57:11|PrecVear --> 370
17/05/2022 10:57:11|montoArt --> 305,785123966942
17/05/2022 10:57:11|ivaArt --> 21
17/05/2022 10:57:11|hasarOCX.ImprimirItem --> OK
17/05/2022 10:57:11|Articulo --> goodmax rosa x1 maquina de afeitar x5 filos
17/05/2022 10:57:11|cantidadArt B --> 2
17/05/2022 10:57:11|PrecVear --> 98
17/05/2022 10:57:11|montoArt --> 80,9917355371901
17/05/2022 10:57:11|ivaArt --> 21
17/05/2022 10:57:12|hasarOCX.ImprimirItem --> OK
17/05/2022 10:57:12|Articulo --> nosotras nocturnas x14
17/05/2022 10:57:12|cantidadArt B --> 1
17/05/2022 10:57:12|PrecVear --> 390
17/05/2022 10:57:12|montoArt --> 322,314049586777
17/05/2022 10:57:12|ivaArt --> 21
17/05/2022 10:57:12|hasarOCX.ImprimirItem --> OK
17/05/2022 10:57:12|Cerrar Comprobante B:::
17/05/2022 10:57:15|Obtiene nrocomp
17/05/2022 10:57:15|nrocomp --> 22402
17/05/2022 10:57:15|Nro. de Comprobante ::: TFB ::: 22402
17/05/2022 10:57:15|Ety.TicketFiscal: 22402
17/05/2022 11:02:58|Comienza Facturacion B
17/05/2022 11:02:58|DatosCliente B
17/05/2022 11:03:00|AbrirComprobanteFiscal B
17/05/2022 11:03:00|Articulo --> crema de coco sh x20 g % Dto: 20
17/05/2022 11:03:00|cantidadArt B --> 1
17/05/2022 11:03:00|PrecVear --> 88
17/05/2022 11:03:00|montoArt --> 72,7272727272727
17/05/2022 11:03:00|ivaArt --> 21
17/05/2022 11:03:01|hasarOCX.ImprimirItem --> OK
17/05/2022 11:03:01|Articulo --> varios
17/05/2022 11:03:01|cantidadArt B --> 1
17/05/2022 11:03:01|PrecVear --> 840
17/05/2022 11:03:01|montoArt --> 694,214876033058
17/05/2022 11:03:01|ivaArt --> 21
17/05/2022 11:03:01|hasarOCX.ImprimirItem --> OK
17/05/2022 11:03:01|Articulo --> el coloso broches de plastico
17/05/2022 11:03:01|cantidadArt B --> 1
17/05/2022 11:03:01|PrecVear --> 160
17/05/2022 11:03:01|montoArt --> 132,231404958678
17/05/2022 11:03:01|ivaArt --> 21
17/05/2022 11:03:01|hasarOCX.ImprimirItem --> OK
17/05/2022 11:03:01|Articulo --> calipso pd rosa x50
17/05/2022 11:03:01|cantidadArt B --> 1
17/05/2022 11:03:01|PrecVear --> 230
17/05/2022 11:03:01|montoArt --> 190,082644628099
17/05/2022 11:03:01|ivaArt --> 21
17/05/2022 11:03:02|hasarOCX.ImprimirItem --> OK
17/05/2022 11:03:02|Articulo --> higienol doble hoja
17/05/2022 11:03:02|cantidadArt B --> 1
17/05/2022 11:03:02|PrecVear --> 250
17/05/2022 11:03:02|montoArt --> 206,611570247934
17/05/2022 11:03:02|ivaArt --> 21
17/05/2022 11:03:02|hasarOCX.ImprimirItem --> OK
17/05/2022 11:03:02|Articulo --> skip para diluir x500ml
17/05/2022 11:03:02|cantidadArt B --> 1
17/05/2022 11:03:02|PrecVear --> 850
17/05/2022 11:03:02|montoArt --> 702,479338842975
17/05/2022 11:03:02|ivaArt --> 21
17/05/2022 11:03:03|hasarOCX.ImprimirItem --> OK
17/05/2022 11:03:03|Articulo --> ayudin quitamanchas x400
17/05/2022 11:03:03|cantidadArt B --> 1
17/05/2022 11:03:03|PrecVear --> 170
17/05/2022 11:03:03|montoArt --> 140,495867768595
17/05/2022 11:03:03|ivaArt --> 21
17/05/2022 11:03:03|hasarOCX.ImprimirItem --> OK
17/05/2022 11:03:03|Articulo --> frilayp sh neutro
17/05/2022 11:03:03|cantidadArt B --> 1
17/05/2022 11:03:03|PrecVear --> 330
17/05/2022 11:03:03|montoArt --> 272,727272727273
17/05/2022 11:03:03|ivaArt --> 21
17/05/2022 11:03:03|hasarOCX.ImprimirItem --> OK
17/05/2022 11:03:03|Articulo --> colgate total 12 whitening x140
17/05/2022 11:03:03|cantidadArt B --> 1
17/05/2022 11:03:03|PrecVear --> 540
17/05/2022 11:03:03|montoArt --> 446,280991735537
17/05/2022 11:03:03|ivaArt --> 21
17/05/2022 11:03:04|hasarOCX.ImprimirItem --> OK
17/05/2022 11:03:04|Articulo --> nivea espuma de afeitar x200 cool kick
17/05/2022 11:03:04|cantidadArt B --> 1
17/05/2022 11:03:04|PrecVear --> 430
17/05/2022 11:03:04|montoArt --> 355,371900826446
17/05/2022 11:03:04|ivaArt --> 21
17/05/2022 11:03:04|hasarOCX.ImprimirItem --> OK
17/05/2022 11:03:04|Articulo --> gillette  azul x unidad
17/05/2022 11:03:04|cantidadArt B --> 2
17/05/2022 11:03:04|PrecVear --> 140
17/05/2022 11:03:04|montoArt --> 115,702479338843
17/05/2022 11:03:04|ivaArt --> 21
17/05/2022 11:03:04|hasarOCX.ImprimirItem --> OK
17/05/2022 11:03:04|Cerrar Comprobante B:::
17/05/2022 11:03:07|Obtiene nrocomp
17/05/2022 11:03:08|nrocomp --> 22403
17/05/2022 11:03:08|Nro. de Comprobante ::: TFB ::: 22403
17/05/2022 11:03:08|Ety.TicketFiscal: 22403
17/05/2022 11:20:14|Comienza Facturacion B
17/05/2022 11:20:15|DatosCliente B
17/05/2022 11:20:17|AbrirComprobanteFiscal B
17/05/2022 11:20:17|Articulo --> ceramicol liqx450 d.pack
17/05/2022 11:20:17|cantidadArt B --> 1
17/05/2022 11:20:17|PrecVear --> 175
17/05/2022 11:20:17|montoArt --> 144,628099173554
17/05/2022 11:20:17|ivaArt --> 21
17/05/2022 11:20:17|hasarOCX.ImprimirItem --> OK
17/05/2022 11:20:17|Articulo --> echo x450 dp clasico-646653
17/05/2022 11:20:17|cantidadArt B --> 1
17/05/2022 11:20:17|PrecVear --> 280
17/05/2022 11:20:17|montoArt --> 231,404958677686
17/05/2022 11:20:17|ivaArt --> 21
17/05/2022 11:20:18|hasarOCX.ImprimirItem --> OK
17/05/2022 11:20:18|Articulo --> ayudin toallitas desinfectantes
17/05/2022 11:20:18|cantidadArt B --> 1
17/05/2022 11:20:18|PrecVear --> 480
17/05/2022 11:20:18|montoArt --> 396,694214876033
17/05/2022 11:20:18|ivaArt --> 21
17/05/2022 11:20:18|hasarOCX.ImprimirItem --> OK
17/05/2022 11:20:18|Articulo --> el coloso lavandina x2 litros
17/05/2022 11:20:18|cantidadArt B --> 1
17/05/2022 11:20:18|PrecVear --> 140
17/05/2022 11:20:18|montoArt --> 115,702479338843
17/05/2022 11:20:18|ivaArt --> 21
17/05/2022 11:20:18|hasarOCX.ImprimirItem --> OK
17/05/2022 11:20:18|Cerrar Comprobante B:::
17/05/2022 11:20:22|Obtiene nrocomp
17/05/2022 11:20:22|nrocomp --> 22404
17/05/2022 11:20:22|Nro. de Comprobante ::: TFB ::: 22404
17/05/2022 11:20:22|Ety.TicketFiscal: 22404
17/05/2022 11:22:18|Comienza Facturacion B
17/05/2022 11:22:18|DatosCliente B
17/05/2022 11:22:21|AbrirComprobanteFiscal B
17/05/2022 11:22:21|Articulo --> bolsas de residuos 60*90
17/05/2022 11:22:21|cantidadArt B --> 1
17/05/2022 11:22:21|PrecVear --> 185
17/05/2022 11:22:21|montoArt --> 152,892561983471
17/05/2022 11:22:21|ivaArt --> 21
17/05/2022 11:22:21|hasarOCX.ImprimirItem --> OK
17/05/2022 11:22:21|Articulo --> kimbies toallitas humedas
17/05/2022 11:22:21|cantidadArt B --> 1
17/05/2022 11:22:21|PrecVear --> 230
17/05/2022 11:22:21|montoArt --> 190,082644628099
17/05/2022 11:22:21|ivaArt --> 21
17/05/2022 11:22:21|hasarOCX.ImprimirItem --> OK
17/05/2022 11:22:21|Articulo --> sedal chx300 d.pack ceramidas
17/05/2022 11:22:21|cantidadArt B --> 1
17/05/2022 11:22:21|PrecVear --> 210
17/05/2022 11:22:21|montoArt --> 173,553719008264
17/05/2022 11:22:21|ivaArt --> 21
17/05/2022 11:22:22|hasarOCX.ImprimirItem --> OK
17/05/2022 11:22:22|Articulo --> rejilla pabilo la porteña 38x40
17/05/2022 11:22:22|cantidadArt B --> 1
17/05/2022 11:22:22|PrecVear --> 60
17/05/2022 11:22:22|montoArt --> 49,5867768595041
17/05/2022 11:22:22|ivaArt --> 21
17/05/2022 11:22:22|hasarOCX.ImprimirItem --> OK
17/05/2022 11:22:22|Articulo --> saphirus aromatizante textil paula
17/05/2022 11:22:22|cantidadArt B --> 2
17/05/2022 11:22:22|PrecVear --> 260
17/05/2022 11:22:22|montoArt --> 214,876033057851
17/05/2022 11:22:22|ivaArt --> 21
17/05/2022 11:22:23|hasarOCX.ImprimirItem --> OK
17/05/2022 11:22:23|Articulo --> varios
17/05/2022 11:22:23|cantidadArt B --> 1
17/05/2022 11:22:23|PrecVear --> 110
17/05/2022 11:22:23|montoArt --> 90,9090909090909
17/05/2022 11:22:23|ivaArt --> 21
17/05/2022 11:22:23|hasarOCX.ImprimirItem --> OK
17/05/2022 11:22:23|Articulo --> sedal x340 sh jengibre
17/05/2022 11:22:23|cantidadArt B --> 1
17/05/2022 11:22:23|PrecVear --> 350
17/05/2022 11:22:23|montoArt --> 289,256198347107
17/05/2022 11:22:23|ivaArt --> 21
17/05/2022 11:22:23|hasarOCX.ImprimirItem --> OK
17/05/2022 11:22:23|Articulo --> el coloso rollo cocx3 x 40paños
17/05/2022 11:22:23|cantidadArt B --> 2
17/05/2022 11:22:23|PrecVear --> 125
17/05/2022 11:22:23|montoArt --> 103,305785123967
17/05/2022 11:22:23|ivaArt --> 21
17/05/2022 11:22:24|hasarOCX.ImprimirItem --> OK
17/05/2022 11:22:24|Articulo --> estilo spa esponja niños
17/05/2022 11:22:24|cantidadArt B --> 1
17/05/2022 11:22:24|PrecVear --> 100
17/05/2022 11:22:24|montoArt --> 82,6446280991736
17/05/2022 11:22:24|ivaArt --> 21
17/05/2022 11:22:24|hasarOCX.ImprimirItem --> OK
17/05/2022 11:22:24|Articulo --> estrella pañal xg x36u
17/05/2022 11:22:24|cantidadArt B --> 1
17/05/2022 11:22:24|PrecVear --> 1190
17/05/2022 11:22:24|montoArt --> 983,471074380165
17/05/2022 11:22:24|ivaArt --> 21
17/05/2022 11:22:24|hasarOCX.ImprimirItem --> OK
17/05/2022 11:22:24|Articulo --> estrella pañal xg x58
17/05/2022 11:22:24|cantidadArt B --> 1
17/05/2022 11:22:24|PrecVear --> 1950
17/05/2022 11:22:24|montoArt --> 1611,57024793388
17/05/2022 11:22:24|ivaArt --> 21
17/05/2022 11:22:25|hasarOCX.ImprimirItem --> OK
17/05/2022 11:22:25|Articulo --> mary bosques botox doypack x250g % Dto: 20
17/05/2022 11:22:25|cantidadArt B --> 1
17/05/2022 11:22:25|PrecVear --> 440
17/05/2022 11:22:25|montoArt --> 363,636363636364
17/05/2022 11:22:25|ivaArt --> 21
17/05/2022 11:22:25|hasarOCX.ImprimirItem --> OK
17/05/2022 11:22:25|Cerrar Comprobante B:::
17/05/2022 11:22:28|Obtiene nrocomp
17/05/2022 11:22:28|nrocomp --> 22405
17/05/2022 11:22:28|Nro. de Comprobante ::: TFB ::: 22405
17/05/2022 11:22:28|Ety.TicketFiscal: 22405
17/05/2022 11:37:22|Comienza Facturacion B
17/05/2022 11:37:22|DatosCliente B
17/05/2022 11:37:25|AbrirComprobanteFiscal B
17/05/2022 11:37:25|Articulo --> varios
17/05/2022 11:37:25|cantidadArt B --> 1
17/05/2022 11:37:25|PrecVear --> 350
17/05/2022 11:37:25|montoArt --> 289,256198347107
17/05/2022 11:37:25|ivaArt --> 21
17/05/2022 11:37:25|hasarOCX.ImprimirItem --> OK
17/05/2022 11:37:25|Articulo --> issue 8 rubio claro
17/05/2022 11:37:25|cantidadArt B --> 1
17/05/2022 11:37:25|PrecVear --> 250
17/05/2022 11:37:25|montoArt --> 206,611570247934
17/05/2022 11:37:25|ivaArt --> 21
17/05/2022 11:37:26|hasarOCX.ImprimirItem --> OK
17/05/2022 11:37:26|Articulo --> issue activ.cr 20v x47ml
17/05/2022 11:37:26|cantidadArt B --> 1
17/05/2022 11:37:26|PrecVear --> 30
17/05/2022 11:37:26|montoArt --> 24,7933884297521
17/05/2022 11:37:26|ivaArt --> 21
17/05/2022 11:37:26|hasarOCX.ImprimirItem --> OK
17/05/2022 11:37:26|Articulo --> saphirus aromatizante textil limon
17/05/2022 11:37:26|cantidadArt B --> 1
17/05/2022 11:37:26|PrecVear --> 260
17/05/2022 11:37:26|montoArt --> 214,876033057851
17/05/2022 11:37:26|ivaArt --> 21
17/05/2022 11:37:26|hasarOCX.ImprimirItem --> OK
17/05/2022 11:37:26|Articulo --> elvive shx400 arcilla purificante
17/05/2022 11:37:26|cantidadArt B --> 1
17/05/2022 11:37:26|PrecVear --> 630
17/05/2022 11:37:26|montoArt --> 520,661157024793
17/05/2022 11:37:26|ivaArt --> 21
17/05/2022 11:37:27|hasarOCX.ImprimirItem --> OK
17/05/2022 11:37:27|Articulo --> mary bosques coco doypack x250g % Dto: 20
17/05/2022 11:37:27|cantidadArt B --> 1
17/05/2022 11:37:27|PrecVear --> 440
17/05/2022 11:37:27|montoArt --> 363,636363636364
17/05/2022 11:37:27|ivaArt --> 21
17/05/2022 11:37:27|hasarOCX.ImprimirItem --> OK
17/05/2022 11:37:27|Articulo --> mary bosques dp 60 seg % Dto: 20
17/05/2022 11:37:27|cantidadArt B --> 1
17/05/2022 11:37:27|PrecVear --> 536
17/05/2022 11:37:27|montoArt --> 442,97520661157
17/05/2022 11:37:27|ivaArt --> 21
17/05/2022 11:37:27|hasarOCX.ImprimirItem --> OK
17/05/2022 11:37:27|Articulo --> mary bosques argan dp x250g % Dto: 20
17/05/2022 11:37:27|cantidadArt B --> 1
17/05/2022 11:37:27|PrecVear --> 424
17/05/2022 11:37:27|montoArt --> 350,413223140496
17/05/2022 11:37:27|ivaArt --> 21
17/05/2022 11:37:28|hasarOCX.ImprimirItem --> OK
17/05/2022 11:37:28|Articulo --> mary bosques botox doypack x250g % Dto: 20
17/05/2022 11:37:28|cantidadArt B --> 1
17/05/2022 11:37:28|PrecVear --> 440
17/05/2022 11:37:28|montoArt --> 363,636363636364
17/05/2022 11:37:28|ivaArt --> 21
17/05/2022 11:37:28|hasarOCX.ImprimirItem --> OK
17/05/2022 11:37:28|Cerrar Comprobante B:::
17/05/2022 11:37:31|Obtiene nrocomp
17/05/2022 11:37:31|nrocomp --> 22406
17/05/2022 11:37:31|Nro. de Comprobante ::: TFB ::: 22406
17/05/2022 11:37:31|Ety.TicketFiscal: 22406
17/05/2022 11:43:25|Comienza Facturacion B
17/05/2022 11:43:25|DatosCliente B
17/05/2022 11:43:27|AbrirComprobanteFiscal B
17/05/2022 11:43:27|Articulo --> bagovit sh y ac x350
17/05/2022 11:43:27|cantidadArt B --> 1
17/05/2022 11:43:27|PrecVear --> 670
17/05/2022 11:43:27|montoArt --> 553,719008264463
17/05/2022 11:43:27|ivaArt --> 21
17/05/2022 11:43:28|hasarOCX.ImprimirItem --> OK
17/05/2022 11:43:28|Cerrar Comprobante B:::
17/05/2022 11:43:31|Obtiene nrocomp
17/05/2022 11:43:31|nrocomp --> 22407
17/05/2022 11:43:31|Nro. de Comprobante ::: TFB ::: 22407
17/05/2022 11:43:31|Ety.TicketFiscal: 22407
17/05/2022 11:47:32|Comienza Facturacion B
17/05/2022 11:47:32|DatosCliente B
17/05/2022 11:47:35|AbrirComprobanteFiscal B
17/05/2022 11:47:35|Articulo --> ala jabon en pan coco
17/05/2022 11:47:35|cantidadArt B --> 2
17/05/2022 11:47:35|PrecVear --> 98
17/05/2022 11:47:35|montoArt --> 80,9917355371901
17/05/2022 11:47:35|ivaArt --> 21
17/05/2022 11:47:35|hasarOCX.ImprimirItem --> OK
17/05/2022 11:47:35|Articulo --> huggies toa limp total x80nva
17/05/2022 11:47:35|cantidadArt B --> 1
17/05/2022 11:47:35|PrecVear --> 750
17/05/2022 11:47:35|montoArt --> 619,834710743802
17/05/2022 11:47:35|ivaArt --> 21
17/05/2022 11:47:35|hasarOCX.ImprimirItem --> OK
17/05/2022 11:47:35|Cerrar Comprobante B:::
17/05/2022 11:47:38|Obtiene nrocomp
17/05/2022 11:47:39|nrocomp --> 22408
17/05/2022 11:47:39|Nro. de Comprobante ::: TFB ::: 22408
17/05/2022 11:47:39|Ety.TicketFiscal: 22408
17/05/2022 11:51:43|Comienza Facturacion B
17/05/2022 11:51:43|DatosCliente B
17/05/2022 11:51:45|AbrirComprobanteFiscal B
17/05/2022 11:51:45|Articulo --> huggies toallas humedas con oleo x80
17/05/2022 11:51:45|cantidadArt B --> 1
17/05/2022 11:51:45|PrecVear --> 840
17/05/2022 11:51:45|montoArt --> 694,214876033058
17/05/2022 11:51:45|ivaArt --> 21
17/05/2022 11:51:46|hasarOCX.ImprimirItem --> OK
17/05/2022 11:51:46|Articulo --> babysec ultrasec xxg x50
17/05/2022 11:51:46|cantidadArt B --> 2
17/05/2022 11:51:46|PrecVear --> 1520
17/05/2022 11:51:46|montoArt --> 1256,19834710744
17/05/2022 11:51:46|ivaArt --> 21
17/05/2022 11:51:46|hasarOCX.ImprimirItem --> OK
17/05/2022 11:51:46|Cerrar Comprobante B:::
17/05/2022 11:51:49|Obtiene nrocomp
17/05/2022 11:51:49|nrocomp --> 22409
17/05/2022 11:51:49|Nro. de Comprobante ::: TFB ::: 22409
17/05/2022 11:51:49|Ety.TicketFiscal: 22409
17/05/2022 12:00:46|Comienza Facturacion B
17/05/2022 12:00:46|DatosCliente B
17/05/2022 12:00:49|AbrirComprobanteFiscal B
17/05/2022 12:00:49|Articulo --> saphirus aromatizante textilbeauty
17/05/2022 12:00:49|cantidadArt B --> 1
17/05/2022 12:00:49|PrecVear --> 260
17/05/2022 12:00:49|montoArt --> 214,876033057851
17/05/2022 12:00:49|ivaArt --> 21
17/05/2022 12:00:49|hasarOCX.ImprimirItem --> OK
17/05/2022 12:00:49|Articulo --> dove jabon liquido dp original
17/05/2022 12:00:49|cantidadArt B --> 1
17/05/2022 12:00:49|PrecVear --> 298
17/05/2022 12:00:49|montoArt --> 246,280991735537
17/05/2022 12:00:49|ivaArt --> 21
17/05/2022 12:00:50|hasarOCX.ImprimirItem --> OK
17/05/2022 12:00:50|Articulo --> algabo jabon liq x300ml
17/05/2022 12:00:50|cantidadArt B --> 1
17/05/2022 12:00:50|PrecVear --> 140
17/05/2022 12:00:50|montoArt --> 115,702479338843
17/05/2022 12:00:50|ivaArt --> 21
17/05/2022 12:00:50|hasarOCX.ImprimirItem --> OK
17/05/2022 12:00:50|Cerrar Comprobante B:::
17/05/2022 12:00:53|Obtiene nrocomp
17/05/2022 12:00:53|nrocomp --> 22410
17/05/2022 12:00:53|Nro. de Comprobante ::: TFB ::: 22410
17/05/2022 12:00:53|Ety.TicketFiscal: 22410
17/05/2022 12:08:11|cerrando pantalla venta
17/05/2022 12:08:13|Conectando..
17/05/2022 12:08:13|IP: 127.0.0.1 - Puerto: 6500
17/05/2022 12:08:14|Conectado con éxito!!
17/05/2022 12:08:20|cerrando pantalla venta
17/05/2022 12:08:34|Conectando..
17/05/2022 12:08:34|IP: 127.0.0.1 - Puerto: 6500
17/05/2022 12:08:35|Conectado con éxito!!
17/05/2022 16:34:44|Comienza Facturacion B
17/05/2022 16:34:45|DatosCliente B
17/05/2022 16:34:47|AbrirComprobanteFiscal B
17/05/2022 16:34:47|Articulo --> estrella algodon super x200g
17/05/2022 16:34:47|cantidadArt B --> 1
17/05/2022 16:34:47|PrecVear --> 290
17/05/2022 16:34:47|montoArt --> 239,669421487603
17/05/2022 16:34:47|ivaArt --> 21
17/05/2022 16:34:48|hasarOCX.ImprimirItem --> OK
17/05/2022 16:34:48|Articulo --> estrella pañal p mega x 30
17/05/2022 16:34:48|cantidadArt B --> 1
17/05/2022 16:34:48|PrecVear --> 740
17/05/2022 16:34:48|montoArt --> 611,570247933884
17/05/2022 16:34:48|ivaArt --> 21
17/05/2022 16:34:48|hasarOCX.ImprimirItem --> OK
17/05/2022 16:34:48|Cerrar Comprobante B:::
17/05/2022 16:34:51|Obtiene nrocomp
17/05/2022 16:34:51|nrocomp --> 22411
17/05/2022 16:34:51|Nro. de Comprobante ::: TFB ::: 22411
17/05/2022 16:34:51|Ety.TicketFiscal: 22411
17/05/2022 16:54:03|cerrando pantalla venta
17/05/2022 16:58:59|Conectando..
17/05/2022 16:58:59|IP: 127.0.0.1 - Puerto: 6500
17/05/2022 16:59:00|Conectado con éxito!!
17/05/2022 17:28:23|Comienza Facturacion B
17/05/2022 17:28:23|DatosCliente B
17/05/2022 17:28:26|AbrirComprobanteFiscal B
17/05/2022 17:28:26|Articulo --> match 3 cartucho turbo x1 uni
17/05/2022 17:28:26|cantidadArt B --> 4
17/05/2022 17:28:26|PrecVear --> 310
17/05/2022 17:28:26|montoArt --> 256,198347107438
17/05/2022 17:28:26|ivaArt --> 21
17/05/2022 17:28:27|hasarOCX.ImprimirItem --> OK
17/05/2022 17:28:27|Articulo --> caladryl incoloro cr x70gr
17/05/2022 17:28:27|cantidadArt B --> 1
17/05/2022 17:28:27|PrecVear --> 1120
17/05/2022 17:28:27|montoArt --> 925,619834710744
17/05/2022 17:28:27|ivaArt --> 21
17/05/2022 17:28:27|hasarOCX.ImprimirItem --> OK
17/05/2022 17:28:27|Cerrar Comprobante B:::
17/05/2022 17:28:30|Obtiene nrocomp
17/05/2022 17:28:30|nrocomp --> 22412
17/05/2022 17:28:30|Nro. de Comprobante ::: TFB ::: 22412
17/05/2022 17:28:30|Ety.TicketFiscal: 22412
17/05/2022 17:28:38|Comienza Facturacion B
17/05/2022 17:28:38|DatosCliente B
17/05/2022 17:28:40|AbrirComprobanteFiscal B
17/05/2022 17:28:40|Articulo --> mary bosques rubios totales % Dto: 20
17/05/2022 17:28:40|cantidadArt B --> 1
17/05/2022 17:28:40|PrecVear --> 88
17/05/2022 17:28:40|montoArt --> 72,7272727272727
17/05/2022 17:28:40|ivaArt --> 21
17/05/2022 17:28:41|hasarOCX.ImprimirItem --> OK
17/05/2022 17:28:41|Articulo --> skala baño de crema x1 kg
17/05/2022 17:28:41|cantidadArt B --> 1
17/05/2022 17:28:41|PrecVear --> 690
17/05/2022 17:28:41|montoArt --> 570,247933884297
17/05/2022 17:28:41|ivaArt --> 21
17/05/2022 17:28:41|hasarOCX.ImprimirItem --> OK
17/05/2022 17:28:41|Articulo --> skala baño de crema x1 kg
17/05/2022 17:28:41|cantidadArt B --> 1
17/05/2022 17:28:41|PrecVear --> 690
17/05/2022 17:28:41|montoArt --> 570,247933884297
17/05/2022 17:28:41|ivaArt --> 21
17/05/2022 17:28:41|hasarOCX.ImprimirItem --> OK
17/05/2022 17:28:41|Cerrar Comprobante B:::
17/05/2022 17:28:44|Obtiene nrocomp
17/05/2022 17:28:45|nrocomp --> 22413
17/05/2022 17:28:45|Nro. de Comprobante ::: TFB ::: 22413
17/05/2022 17:28:45|Ety.TicketFiscal: 22413
17/05/2022 17:29:23|Comienza Facturacion B
17/05/2022 17:29:23|DatosCliente B
17/05/2022 17:29:26|AbrirComprobanteFiscal B
17/05/2022 17:29:26|Articulo --> 21627 doncella toallas pocket ultrafina t. seca 50 paq. x 8 unid
17/05/2022 17:29:26|cantidadArt B --> 1
17/05/2022 17:29:26|PrecVear --> 105
17/05/2022 17:29:26|montoArt --> 86,7768595041322
17/05/2022 17:29:26|ivaArt --> 21
17/05/2022 17:29:26|hasarOCX.ImprimirItem --> OK
17/05/2022 17:29:26|Articulo --> calipso pd celeste x20
17/05/2022 17:29:26|cantidadArt B --> 1
17/05/2022 17:29:26|PrecVear --> 90
17/05/2022 17:29:26|montoArt --> 74,3801652892562
17/05/2022 17:29:26|ivaArt --> 21
17/05/2022 17:29:26|hasarOCX.ImprimirItem --> OK
17/05/2022 17:29:26|Articulo --> varios
17/05/2022 17:29:26|cantidadArt B --> 1
17/05/2022 17:29:26|PrecVear --> 1468
17/05/2022 17:29:26|montoArt --> 1213,22314049587
17/05/2022 17:29:26|ivaArt --> 21
17/05/2022 17:29:27|hasarOCX.ImprimirItem --> OK
17/05/2022 17:29:27|Cerrar Comprobante B:::
17/05/2022 17:29:30|Obtiene nrocomp
17/05/2022 17:29:30|nrocomp --> 22414
17/05/2022 17:29:30|Nro. de Comprobante ::: TFB ::: 22414
17/05/2022 17:29:30|Ety.TicketFiscal: 22414
17/05/2022 17:29:34|Comienza Facturacion B
17/05/2022 17:29:34|DatosCliente B
17/05/2022 17:29:37|AbrirComprobanteFiscal B
17/05/2022 17:29:37|Articulo --> venus maquina breeze
17/05/2022 17:29:37|cantidadArt B --> 1
17/05/2022 17:29:37|PrecVear --> 830
17/05/2022 17:29:37|montoArt --> 685,950413223141
17/05/2022 17:29:37|ivaArt --> 21
17/05/2022 17:29:37|hasarOCX.ImprimirItem --> OK
17/05/2022 17:29:37|Cerrar Comprobante B:::
17/05/2022 17:29:40|Obtiene nrocomp
17/05/2022 17:29:41|nrocomp --> 22415
17/05/2022 17:29:41|Nro. de Comprobante ::: TFB ::: 22415
17/05/2022 17:29:41|Ety.TicketFiscal: 22415
17/05/2022 17:33:41|cerrando pantalla venta
17/05/2022 17:38:37|Conectando..
17/05/2022 17:38:37|IP: 127.0.0.1 - Puerto: 6500
17/05/2022 17:38:38|Conectado con éxito!!
17/05/2022 17:49:21|Comienza Facturacion B
17/05/2022 17:49:21|DatosCliente B
17/05/2022 17:49:24|AbrirComprobanteFiscal B
17/05/2022 17:49:24|Articulo --> colgate cr kids x50 frutilla
17/05/2022 17:49:24|cantidadArt B --> 1
17/05/2022 17:49:24|PrecVear --> 105
17/05/2022 17:49:24|montoArt --> 86,7768595041322
17/05/2022 17:49:24|ivaArt --> 21
17/05/2022 17:49:24|hasarOCX.ImprimirItem --> OK
17/05/2022 17:49:24|Articulo --> ayudin lav.x1lts tot.max.pureza
17/05/2022 17:49:24|cantidadArt B --> 1
17/05/2022 17:49:24|PrecVear --> 95
17/05/2022 17:49:24|montoArt --> 78,5123966942149
17/05/2022 17:49:24|ivaArt --> 21
17/05/2022 17:49:24|hasarOCX.ImprimirItem --> OK
17/05/2022 17:49:24|Articulo --> cif antig.dpx450 nva form
17/05/2022 17:49:24|cantidadArt B --> 1
17/05/2022 17:49:24|PrecVear --> 130
17/05/2022 17:49:24|montoArt --> 107,438016528926
17/05/2022 17:49:24|ivaArt --> 21
17/05/2022 17:49:25|hasarOCX.ImprimirItem --> OK
17/05/2022 17:49:25|Articulo --> ceramicol liqx450 d.pack
17/05/2022 17:49:25|cantidadArt B --> 1
17/05/2022 17:49:25|PrecVear --> 175
17/05/2022 17:49:25|montoArt --> 144,628099173554
17/05/2022 17:49:25|ivaArt --> 21
17/05/2022 17:49:25|hasarOCX.ImprimirItem --> OK
17/05/2022 17:49:25|Articulo --> el coloso rollo cocx3 x 40paños
17/05/2022 17:49:25|cantidadArt B --> 2
17/05/2022 17:49:25|PrecVear --> 125
17/05/2022 17:49:25|montoArt --> 103,305785123967
17/05/2022 17:49:25|ivaArt --> 21
17/05/2022 17:49:25|hasarOCX.ImprimirItem --> OK
17/05/2022 17:49:25|Articulo --> felpita para tu flia x4
17/05/2022 17:49:25|cantidadArt B --> 2
17/05/2022 17:49:25|PrecVear --> 160
17/05/2022 17:49:25|montoArt --> 132,231404958678
17/05/2022 17:49:25|ivaArt --> 21
17/05/2022 17:49:26|hasarOCX.ImprimirItem --> OK
17/05/2022 17:49:26|Articulo --> sedal chx300ml d.pack ceramidas
17/05/2022 17:49:26|cantidadArt B --> 2
17/05/2022 17:49:26|PrecVear --> 210
17/05/2022 17:49:26|montoArt --> 173,553719008264
17/05/2022 17:49:26|ivaArt --> 21
17/05/2022 17:49:26|hasarOCX.ImprimirItem --> OK
17/05/2022 17:49:26|Articulo --> sedal chx300ml d.pack rest.inst
17/05/2022 17:49:26|cantidadArt B --> 2
17/05/2022 17:49:26|PrecVear --> 210
17/05/2022 17:49:26|montoArt --> 173,553719008264
17/05/2022 17:49:26|ivaArt --> 21
17/05/2022 17:49:27|hasarOCX.ImprimirItem --> OK
17/05/2022 17:49:27|Cerrar Comprobante B:::
17/05/2022 17:49:30|Obtiene nrocomp
17/05/2022 17:49:30|nrocomp --> 22416
17/05/2022 17:49:30|Nro. de Comprobante ::: TFB ::: 22416
17/05/2022 17:49:30|Ety.TicketFiscal: 22416
17/05/2022 18:07:35|Comienza Facturacion B
17/05/2022 18:07:35|DatosCliente B
17/05/2022 18:07:37|AbrirComprobanteFiscal B
17/05/2022 18:07:37|Articulo --> pampers premium care mx72
17/05/2022 18:07:37|cantidadArt B --> 1
17/05/2022 18:07:37|PrecVear --> 2530
17/05/2022 18:07:37|montoArt --> 2090,90909090909
17/05/2022 18:07:37|ivaArt --> 21
17/05/2022 18:07:38|hasarOCX.ImprimirItem --> OK
17/05/2022 18:07:38|Articulo --> saphirus aromatizante textil paula
17/05/2022 18:07:38|cantidadArt B --> 1
17/05/2022 18:07:38|PrecVear --> 260
17/05/2022 18:07:38|montoArt --> 214,876033057851
17/05/2022 18:07:38|ivaArt --> 21
17/05/2022 18:07:38|hasarOCX.ImprimirItem --> OK
17/05/2022 18:07:38|Articulo --> ala liquido 3 l dp
17/05/2022 18:07:38|cantidadArt B --> 1
17/05/2022 18:07:38|PrecVear --> 690
17/05/2022 18:07:38|montoArt --> 570,247933884297
17/05/2022 18:07:38|ivaArt --> 21
17/05/2022 18:07:39|hasarOCX.ImprimirItem --> OK
17/05/2022 18:07:39|Cerrar Comprobante B:::
17/05/2022 18:07:42|Obtiene nrocomp
17/05/2022 18:07:42|nrocomp --> 22417
17/05/2022 18:07:42|Nro. de Comprobante ::: TFB ::: 22417
17/05/2022 18:07:42|Ety.TicketFiscal: 22417
17/05/2022 18:09:00|Comienza Facturacion B
17/05/2022 18:09:00|DatosCliente B
17/05/2022 18:09:04|AbrirComprobanteFiscal B
17/05/2022 18:09:04|Articulo --> ladysoft normx8 c/aloe c/alas
17/05/2022 18:09:04|cantidadArt B --> 1
17/05/2022 18:09:04|PrecVear --> 98
17/05/2022 18:09:04|montoArt --> 80,9917355371901
17/05/2022 18:09:04|ivaArt --> 21
17/05/2022 18:09:04|hasarOCX.ImprimirItem --> OK
17/05/2022 18:09:04|Articulo --> el coloso hig.ecolog x4
17/05/2022 18:09:04|cantidadArt B --> 1
17/05/2022 18:09:04|PrecVear --> 110
17/05/2022 18:09:04|montoArt --> 90,9090909090909
17/05/2022 18:09:04|ivaArt --> 21
17/05/2022 18:09:05|hasarOCX.ImprimirItem --> OK
17/05/2022 18:09:05|Cerrar Comprobante B:::
17/05/2022 18:09:08|Obtiene nrocomp
17/05/2022 18:09:08|nrocomp --> 22418
17/05/2022 18:09:08|Nro. de Comprobante ::: TFB ::: 22418
17/05/2022 18:09:08|Ety.TicketFiscal: 22418
17/05/2022 18:11:31|cerrando pantalla venta
17/05/2022 18:11:39|Conectando..
17/05/2022 18:11:39|IP: 127.0.0.1 - Puerto: 6500
17/05/2022 18:11:40|Conectado con éxito!!
17/05/2022 18:11:52|cerrando pantalla venta
17/05/2022 18:11:54|Conectando..
17/05/2022 18:11:54|IP: 127.0.0.1 - Puerto: 6500
17/05/2022 18:11:55|Conectado con éxito!!
17/05/2022 18:14:49|Comienza Facturacion B
17/05/2022 18:14:49|DatosCliente B
17/05/2022 18:14:52|AbrirComprobanteFiscal B
17/05/2022 18:14:52|Articulo --> doncella algodon x300g
17/05/2022 18:14:52|cantidadArt B --> 3
17/05/2022 18:14:52|PrecVear --> 330
17/05/2022 18:14:52|montoArt --> 272,727272727273
17/05/2022 18:14:52|ivaArt --> 21
17/05/2022 18:14:52|hasarOCX.ImprimirItem --> OK
17/05/2022 18:14:52|Articulo --> jyj aceite puro 100x12 (rosa)
17/05/2022 18:14:52|cantidadArt B --> 1
17/05/2022 18:14:52|PrecVear --> 630
17/05/2022 18:14:52|montoArt --> 520,661157024793
17/05/2022 18:14:52|ivaArt --> 21
17/05/2022 18:14:53|hasarOCX.ImprimirItem --> OK
17/05/2022 18:14:53|Articulo --> estrella baby oleo sin frag/ 500ml (naranja)
17/05/2022 18:14:53|cantidadArt B --> 2
17/05/2022 18:14:53|PrecVear --> 510
17/05/2022 18:14:53|montoArt --> 421,487603305785
17/05/2022 18:14:53|ivaArt --> 21
17/05/2022 18:14:53|hasarOCX.ImprimirItem --> OK
17/05/2022 18:14:53|Articulo --> 10308 dispita protector mamario 30protx12
17/05/2022 18:14:53|cantidadArt B --> 1
17/05/2022 18:14:53|PrecVear --> 360
17/05/2022 18:14:53|montoArt --> 297,520661157025
17/05/2022 18:14:53|ivaArt --> 21
17/05/2022 18:14:53|hasarOCX.ImprimirItem --> OK
17/05/2022 18:14:53|Cerrar Comprobante B:::
17/05/2022 18:14:57|Obtiene nrocomp
17/05/2022 18:14:57|nrocomp --> 22419
17/05/2022 18:14:57|Nro. de Comprobante ::: TFB ::: 22419
17/05/2022 18:14:57|Ety.TicketFiscal: 22419
17/05/2022 18:23:22|Comienza Facturacion B
17/05/2022 18:23:22|DatosCliente B
17/05/2022 18:23:24|AbrirComprobanteFiscal B
17/05/2022 18:23:24|Articulo --> otowil socorrocap.trat. x 60 cc. 60 cc
17/05/2022 18:23:24|cantidadArt B --> 1
17/05/2022 18:23:24|PrecVear --> 410
17/05/2022 18:23:24|montoArt --> 338,842975206612
17/05/2022 18:23:24|ivaArt --> 21
17/05/2022 18:23:25|hasarOCX.ImprimirItem --> OK
17/05/2022 18:23:25|Cerrar Comprobante B:::
17/05/2022 18:23:28|Obtiene nrocomp
17/05/2022 18:23:28|nrocomp --> 22420
17/05/2022 18:23:28|Nro. de Comprobante ::: TFB ::: 22420
17/05/2022 18:23:28|Ety.TicketFiscal: 22420
17/05/2022 18:25:18|Comienza Facturacion B
17/05/2022 18:25:19|DatosCliente B
17/05/2022 18:25:21|AbrirComprobanteFiscal B
17/05/2022 18:25:21|Articulo --> el coloso guantes max t8 med
17/05/2022 18:25:21|cantidadArt B --> 2
17/05/2022 18:25:21|PrecVear --> 230
17/05/2022 18:25:21|montoArt --> 190,082644628099
17/05/2022 18:25:21|ivaArt --> 21
17/05/2022 18:25:21|hasarOCX.ImprimirItem --> OK
17/05/2022 18:25:21|Articulo --> bolsas residuos 50*70
17/05/2022 18:25:21|cantidadArt B --> 1
17/05/2022 18:25:21|PrecVear --> 120
17/05/2022 18:25:21|montoArt --> 99,1735537190083
17/05/2022 18:25:21|ivaArt --> 21
17/05/2022 18:25:22|hasarOCX.ImprimirItem --> OK
17/05/2022 18:25:22|Cerrar Comprobante B:::
17/05/2022 18:25:25|Obtiene nrocomp
17/05/2022 18:25:25|nrocomp --> 22421
17/05/2022 18:25:25|Nro. de Comprobante ::: TFB ::: 22421
17/05/2022 18:25:25|Ety.TicketFiscal: 22421
17/05/2022 18:25:30|Comienza Facturacion B
17/05/2022 18:25:31|DatosCliente B
17/05/2022 18:25:33|AbrirComprobanteFiscal B
17/05/2022 18:25:33|Articulo --> varios
17/05/2022 18:25:33|cantidadArt B --> 1
17/05/2022 18:25:33|PrecVear --> 80
17/05/2022 18:25:33|montoArt --> 66,1157024793389
17/05/2022 18:25:33|ivaArt --> 21
17/05/2022 18:25:33|hasarOCX.ImprimirItem --> OK
17/05/2022 18:25:33|Cerrar Comprobante B:::
17/05/2022 18:25:36|Obtiene nrocomp
17/05/2022 18:25:37|nrocomp --> 22422
17/05/2022 18:25:37|Nro. de Comprobante ::: TFB ::: 22422
17/05/2022 18:25:37|Ety.TicketFiscal: 22422
17/05/2022 18:25:43|Comienza Facturacion B
17/05/2022 18:25:43|DatosCliente B
17/05/2022 18:25:46|AbrirComprobanteFiscal B
17/05/2022 18:25:46|Articulo --> varios
17/05/2022 18:25:46|cantidadArt B --> 1
17/05/2022 18:25:46|PrecVear --> 700
17/05/2022 18:25:46|montoArt --> 578,512396694215
17/05/2022 18:25:46|ivaArt --> 21
17/05/2022 18:25:46|hasarOCX.ImprimirItem --> OK
17/05/2022 18:25:46|Cerrar Comprobante B:::
17/05/2022 18:25:49|Obtiene nrocomp
17/05/2022 18:25:49|nrocomp --> 22423
17/05/2022 18:25:49|Nro. de Comprobante ::: TFB ::: 22423
17/05/2022 18:25:49|Ety.TicketFiscal: 22423
17/05/2022 18:35:37|Comienza Facturacion B
17/05/2022 18:35:38|DatosCliente B
17/05/2022 18:35:44|AbrirComprobanteFiscal B
17/05/2022 18:35:44|Articulo --> estrella pañal xg x58
17/05/2022 18:35:44|cantidadArt B --> 1
17/05/2022 18:35:44|PrecVear --> 1950
17/05/2022 18:35:44|montoArt --> 1611,57024793388
17/05/2022 18:35:44|ivaArt --> 21
17/05/2022 18:35:44|hasarOCX.ImprimirItem --> OK
17/05/2022 18:35:44|Articulo --> la porteña pala con goma de mano
17/05/2022 18:35:44|cantidadArt B --> 1
17/05/2022 18:35:44|PrecVear --> 170
17/05/2022 18:35:44|montoArt --> 140,495867768595
17/05/2022 18:35:44|ivaArt --> 21
17/05/2022 18:35:45|hasarOCX.ImprimirItem --> OK
17/05/2022 18:35:45|Cerrar Comprobante B:::
17/05/2022 18:35:48|Obtiene nrocomp
17/05/2022 18:35:48|nrocomp --> 22424
17/05/2022 18:35:48|Nro. de Comprobante ::: TFB ::: 22424
17/05/2022 18:35:48|Ety.TicketFiscal: 22424
17/05/2022 18:36:38|Comienza Facturacion B
17/05/2022 18:36:38|DatosCliente B
17/05/2022 18:36:40|AbrirComprobanteFiscal B
17/05/2022 18:36:40|Articulo --> higienol doble hoja
17/05/2022 18:36:40|cantidadArt B --> 1
17/05/2022 18:36:40|PrecVear --> 250
17/05/2022 18:36:40|montoArt --> 206,611570247934
17/05/2022 18:36:40|ivaArt --> 21
17/05/2022 18:36:41|hasarOCX.ImprimirItem --> OK
17/05/2022 18:36:41|Cerrar Comprobante B:::
17/05/2022 18:36:44|Obtiene nrocomp
17/05/2022 18:36:44|nrocomp --> 22425
17/05/2022 18:36:44|Nro. de Comprobante ::: TFB ::: 22425
17/05/2022 18:36:44|Ety.TicketFiscal: 22425
17/05/2022 18:49:09|Comienza Facturacion B
17/05/2022 18:49:09|DatosCliente B
17/05/2022 18:49:11|AbrirComprobanteFiscal B
17/05/2022 18:49:11|Articulo --> saphirus aromatizante textil limon
17/05/2022 18:49:11|cantidadArt B --> 2
17/05/2022 18:49:11|PrecVear --> 260
17/05/2022 18:49:11|montoArt --> 214,876033057851
17/05/2022 18:49:11|ivaArt --> 21
17/05/2022 18:49:12|hasarOCX.ImprimirItem --> OK
17/05/2022 18:49:12|Cerrar Comprobante B:::
17/05/2022 18:49:15|Obtiene nrocomp
17/05/2022 18:49:15|nrocomp --> 22426
17/05/2022 18:49:15|Nro. de Comprobante ::: TFB ::: 22426
17/05/2022 18:49:15|Ety.TicketFiscal: 22426
17/05/2022 18:55:27|cerrando pantalla venta
17/05/2022 19:06:34|Conectando..
17/05/2022 19:06:34|IP: 127.0.0.1 - Puerto: 6500
17/05/2022 19:06:35|Conectado con éxito!!
17/05/2022 19:11:47|Comienza Facturacion B
17/05/2022 19:11:48|DatosCliente B
17/05/2022 19:11:50|AbrirComprobanteFiscal B
17/05/2022 19:11:50|Articulo --> upa lala colonia
17/05/2022 19:11:50|cantidadArt B --> 1
17/05/2022 19:11:50|PrecVear --> 440
17/05/2022 19:11:50|montoArt --> 363,636363636364
17/05/2022 19:11:50|ivaArt --> 21
17/05/2022 19:11:50|hasarOCX.ImprimirItem --> OK
17/05/2022 19:11:50|Articulo --> jessamy cepillo bebe
17/05/2022 19:11:50|cantidadArt B --> 1
17/05/2022 19:11:50|PrecVear --> 180
17/05/2022 19:11:50|montoArt --> 148,760330578512
17/05/2022 19:11:50|ivaArt --> 21
17/05/2022 19:11:51|hasarOCX.ImprimirItem --> OK
17/05/2022 19:11:51|Articulo --> pelliza set bebe tijera y cortauñas
17/05/2022 19:11:51|cantidadArt B --> 1
17/05/2022 19:11:51|PrecVear --> 650
17/05/2022 19:11:51|montoArt --> 537,190082644628
17/05/2022 19:11:51|ivaArt --> 21
17/05/2022 19:11:51|hasarOCX.ImprimirItem --> OK
17/05/2022 19:11:51|Articulo --> varios
17/05/2022 19:11:51|cantidadArt B --> 1
17/05/2022 19:11:51|PrecVear --> 360
17/05/2022 19:11:51|montoArt --> 297,520661157025
17/05/2022 19:11:51|ivaArt --> 21
17/05/2022 19:11:51|hasarOCX.ImprimirItem --> OK
17/05/2022 19:11:51|Articulo --> estrella toallitas x50 u
17/05/2022 19:11:51|cantidadArt B --> 2
17/05/2022 19:11:51|PrecVear --> 195
17/05/2022 19:11:51|montoArt --> 161,157024793388
17/05/2022 19:11:51|ivaArt --> 21
17/05/2022 19:11:52|hasarOCX.ImprimirItem --> OK
17/05/2022 19:11:52|Articulo --> dove baby jab liq h sens 12x200ml exp
17/05/2022 19:11:52|cantidadArt B --> 1
17/05/2022 19:11:52|PrecVear --> 450
17/05/2022 19:11:52|montoArt --> 371,900826446281
17/05/2022 19:11:52|ivaArt --> 21
17/05/2022 19:11:52|hasarOCX.ImprimirItem --> OK
17/05/2022 19:11:52|Articulo --> estilo spa esponja niños
17/05/2022 19:11:52|cantidadArt B --> 1
17/05/2022 19:11:52|PrecVear --> 100
17/05/2022 19:11:52|montoArt --> 82,6446280991736
17/05/2022 19:11:52|ivaArt --> 21
17/05/2022 19:11:53|hasarOCX.ImprimirItem --> OK
17/05/2022 19:11:53|Cerrar Comprobante B:::
17/05/2022 19:11:56|Obtiene nrocomp
17/05/2022 19:11:56|nrocomp --> 22427
17/05/2022 19:11:56|Nro. de Comprobante ::: TFB ::: 22427
17/05/2022 19:11:56|Ety.TicketFiscal: 22427
17/05/2022 19:29:21|Comienza Facturacion B
17/05/2022 19:29:22|DatosCliente B
17/05/2022 19:29:24|AbrirComprobanteFiscal B
17/05/2022 19:29:24|Articulo --> ayudin lavandina bco x1
17/05/2022 19:29:24|cantidadArt B --> 1
17/05/2022 19:29:24|PrecVear --> 180
17/05/2022 19:29:24|montoArt --> 148,760330578512
17/05/2022 19:29:24|ivaArt --> 21
17/05/2022 19:29:24|hasarOCX.ImprimirItem --> OK
17/05/2022 19:29:24|Articulo --> champú manzana verde x400ml % Dto: 20
17/05/2022 19:29:24|cantidadArt B --> 1
17/05/2022 19:29:24|PrecVear --> 833
17/05/2022 19:29:24|montoArt --> 688,429752066116
17/05/2022 19:29:24|ivaArt --> 21
17/05/2022 19:29:25|hasarOCX.ImprimirItem --> OK
17/05/2022 19:29:25|Articulo --> balsam spirulina x400ml % Dto: 20
17/05/2022 19:29:25|cantidadArt B --> 1
17/05/2022 19:29:25|PrecVear --> 776
17/05/2022 19:29:25|montoArt --> 641,322314049587
17/05/2022 19:29:25|ivaArt --> 21
17/05/2022 19:29:25|hasarOCX.ImprimirItem --> OK
17/05/2022 19:29:25|Cerrar Comprobante B:::
17/05/2022 19:29:28|Obtiene nrocomp
17/05/2022 19:29:29|nrocomp --> 22428
17/05/2022 19:29:29|Nro. de Comprobante ::: TFB ::: 22428
17/05/2022 19:29:29|Ety.TicketFiscal: 22428
17/05/2022 19:32:53|Comienza Facturacion B
17/05/2022 19:32:53|DatosCliente B
17/05/2022 19:32:56|AbrirComprobanteFiscal B
17/05/2022 19:32:56|Articulo --> huggies protect plus gx36
17/05/2022 19:32:56|cantidadArt B --> 1
17/05/2022 19:32:56|PrecVear --> 1130
17/05/2022 19:32:56|montoArt --> 933,884297520661
17/05/2022 19:32:56|ivaArt --> 21
17/05/2022 19:32:56|hasarOCX.ImprimirItem --> OK
17/05/2022 19:32:56|Articulo --> jyj toallitas
17/05/2022 19:32:56|cantidadArt B --> 1
17/05/2022 19:32:56|PrecVear --> 290
17/05/2022 19:32:56|montoArt --> 239,669421487603
17/05/2022 19:32:56|ivaArt --> 21
17/05/2022 19:32:56|hasarOCX.ImprimirItem --> OK
17/05/2022 19:32:56|Cerrar Comprobante B:::
17/05/2022 19:32:59|Obtiene nrocomp
17/05/2022 19:33:00|nrocomp --> 22429
17/05/2022 19:33:00|Nro. de Comprobante ::: TFB ::: 22429
17/05/2022 19:33:00|Ety.TicketFiscal: 22429
17/05/2022 19:39:51|Comienza Facturacion B
17/05/2022 19:39:51|DatosCliente B
17/05/2022 19:39:53|AbrirComprobanteFiscal B
17/05/2022 19:39:53|Articulo --> varios
17/05/2022 19:39:53|cantidadArt B --> 1
17/05/2022 19:39:53|PrecVear --> 380
17/05/2022 19:39:53|montoArt --> 314,04958677686
17/05/2022 19:39:53|ivaArt --> 21
17/05/2022 19:39:54|hasarOCX.ImprimirItem --> OK
17/05/2022 19:39:54|Articulo --> babysec ultra xgx32 uni
17/05/2022 19:39:54|cantidadArt B --> 2
17/05/2022 19:39:54|PrecVear --> 980
17/05/2022 19:39:54|montoArt --> 809,917355371901
17/05/2022 19:39:54|ivaArt --> 21
17/05/2022 19:39:54|hasarOCX.ImprimirItem --> OK
17/05/2022 19:39:54|Cerrar Comprobante B:::
17/05/2022 19:39:57|Obtiene nrocomp
17/05/2022 19:39:57|nrocomp --> 22430
17/05/2022 19:39:57|Nro. de Comprobante ::: TFB ::: 22430
17/05/2022 19:39:57|Ety.TicketFiscal: 22430
17/05/2022 19:53:28|Comienza Facturacion B
17/05/2022 19:53:29|DatosCliente B
17/05/2022 19:53:31|AbrirComprobanteFiscal B
17/05/2022 19:53:31|Articulo --> bolsas de residuos 90*120
17/05/2022 19:53:31|cantidadArt B --> 1
17/05/2022 19:53:31|PrecVear --> 540
17/05/2022 19:53:31|montoArt --> 446,280991735537
17/05/2022 19:53:31|ivaArt --> 21
17/05/2022 19:53:31|hasarOCX.ImprimirItem --> OK
17/05/2022 19:53:31|Cerrar Comprobante B:::
17/05/2022 19:53:34|Obtiene nrocomp
17/05/2022 19:53:35|nrocomp --> 22431
17/05/2022 19:53:35|Nro. de Comprobante ::: TFB ::: 22431
17/05/2022 19:53:35|Ety.TicketFiscal: 22431
17/05/2022 19:54:14|Comienza Facturacion B
17/05/2022 19:54:14|DatosCliente B
17/05/2022 19:54:16|AbrirComprobanteFiscal B
17/05/2022 19:54:16|Articulo --> bolsas de residuos 90*120
17/05/2022 19:54:16|cantidadArt B --> 1
17/05/2022 19:54:16|PrecVear --> 540
17/05/2022 19:54:16|montoArt --> 446,280991735537
17/05/2022 19:54:16|ivaArt --> 21
17/05/2022 19:54:17|hasarOCX.ImprimirItem --> OK
17/05/2022 19:54:17|Articulo --> ala plus cremoso x750 ml
17/05/2022 19:54:17|cantidadArt B --> 1
17/05/2022 19:54:17|PrecVear --> 140
17/05/2022 19:54:17|montoArt --> 115,702479338843
17/05/2022 19:54:17|ivaArt --> 21
17/05/2022 19:54:17|hasarOCX.ImprimirItem --> OK
17/05/2022 19:54:17|Cerrar Comprobante B:::
17/05/2022 19:54:20|Obtiene nrocomp
17/05/2022 19:54:20|nrocomp --> 22432
17/05/2022 19:54:20|Nro. de Comprobante ::: TFB ::: 22432
17/05/2022 19:54:20|Ety.TicketFiscal: 22432
17/05/2022 19:55:43|Comienza Facturacion B
17/05/2022 19:55:43|DatosCliente B
17/05/2022 19:55:45|AbrirComprobanteFiscal B
17/05/2022 19:55:45|Articulo --> mimito oleo calcareo botella x 1 litro
17/05/2022 19:55:45|cantidadArt B --> 1
17/05/2022 19:55:45|PrecVear --> 390
17/05/2022 19:55:45|montoArt --> 322,314049586777
17/05/2022 19:55:45|ivaArt --> 21
17/05/2022 19:55:46|hasarOCX.ImprimirItem --> OK
17/05/2022 19:55:46|Articulo --> pampers supersec xgx58
17/05/2022 19:55:46|cantidadArt B --> 1
17/05/2022 19:55:46|PrecVear --> 1670
17/05/2022 19:55:46|montoArt --> 1380,1652892562
17/05/2022 19:55:46|ivaArt --> 21
17/05/2022 19:55:46|hasarOCX.ImprimirItem --> OK
17/05/2022 19:55:46|Articulo --> pampers supersec p x30
17/05/2022 19:55:46|cantidadArt B --> 2
17/05/2022 19:55:46|PrecVear --> 495
17/05/2022 19:55:46|montoArt --> 409,090909090909
17/05/2022 19:55:46|ivaArt --> 21
17/05/2022 19:55:46|hasarOCX.ImprimirItem --> OK
17/05/2022 19:55:46|Cerrar Comprobante B:::
17/05/2022 19:55:49|Obtiene nrocomp
17/05/2022 19:55:50|nrocomp --> 22433
17/05/2022 19:55:50|Nro. de Comprobante ::: TFB ::: 22433
17/05/2022 19:55:50|Ety.TicketFiscal: 22433
17/05/2022 20:00:42|Comienza Facturacion B
17/05/2022 20:00:43|DatosCliente B
17/05/2022 20:00:45|AbrirComprobanteFiscal B
17/05/2022 20:00:45|Articulo --> mary bosques keratina en crema % Dto: 20
17/05/2022 20:00:45|cantidadArt B --> 2
17/05/2022 20:00:45|PrecVear --> 64
17/05/2022 20:00:45|montoArt --> 52,8925619834711
17/05/2022 20:00:45|ivaArt --> 21
17/05/2022 20:00:46|hasarOCX.ImprimirItem --> OK
17/05/2022 20:00:46|Articulo --> otowil aceit.coco sachet
17/05/2022 20:00:46|cantidadArt B --> 2
17/05/2022 20:00:46|PrecVear --> 70
17/05/2022 20:00:46|montoArt --> 57,8512396694215
17/05/2022 20:00:46|ivaArt --> 21
17/05/2022 20:00:46|hasarOCX.ImprimirItem --> OK
17/05/2022 20:00:46|Articulo --> varios
17/05/2022 20:00:46|cantidadArt B --> 1
17/05/2022 20:00:46|PrecVear --> 490
17/05/2022 20:00:46|montoArt --> 404,95867768595
17/05/2022 20:00:46|ivaArt --> 21
17/05/2022 20:00:46|hasarOCX.ImprimirItem --> OK
17/05/2022 20:00:46|Articulo --> villeneuve jab liq dp
17/05/2022 20:00:46|cantidadArt B --> 1
17/05/2022 20:00:46|PrecVear --> 140
17/05/2022 20:00:46|montoArt --> 115,702479338843
17/05/2022 20:00:46|ivaArt --> 21
17/05/2022 20:00:47|hasarOCX.ImprimirItem --> OK
17/05/2022 20:00:47|Articulo --> head & shoulders x400
17/05/2022 20:00:47|cantidadArt B --> 1
17/05/2022 20:00:47|PrecVear --> 550
17/05/2022 20:00:47|montoArt --> 454,545454545455
17/05/2022 20:00:47|ivaArt --> 21
17/05/2022 20:00:47|hasarOCX.ImprimirItem --> OK
17/05/2022 20:00:47|Articulo --> frilayp baño keratina y argan x240g
17/05/2022 20:00:47|cantidadArt B --> 1
17/05/2022 20:00:47|PrecVear --> 350
17/05/2022 20:00:47|montoArt --> 289,256198347107
17/05/2022 20:00:47|ivaArt --> 21
17/05/2022 20:00:47|hasarOCX.ImprimirItem --> OK
17/05/2022 20:00:47|Articulo --> frilayp ac neutro
17/05/2022 20:00:47|cantidadArt B --> 1
17/05/2022 20:00:47|PrecVear --> 330
17/05/2022 20:00:47|montoArt --> 272,727272727273
17/05/2022 20:00:47|ivaArt --> 21
17/05/2022 20:00:48|hasarOCX.ImprimirItem --> OK
17/05/2022 20:00:48|Articulo --> mary bosques aceite almendras x60g % Dto: 20
17/05/2022 20:00:48|cantidadArt B --> 1
17/05/2022 20:00:48|PrecVear --> 241
17/05/2022 20:00:48|montoArt --> 199,173553719008
17/05/2022 20:00:48|ivaArt --> 21
17/05/2022 20:00:48|hasarOCX.ImprimirItem --> OK
17/05/2022 20:00:48|Articulo --> saphirus mini concentrado 'mery
17/05/2022 20:00:48|cantidadArt B --> 1
17/05/2022 20:00:48|PrecVear --> 190
17/05/2022 20:00:48|montoArt --> 157,02479338843
17/05/2022 20:00:48|ivaArt --> 21
17/05/2022 20:00:48|hasarOCX.ImprimirItem --> OK
17/05/2022 20:00:48|Articulo --> pato adhesivos
17/05/2022 20:00:48|cantidadArt B --> 1
17/05/2022 20:00:48|PrecVear --> 140
17/05/2022 20:00:48|montoArt --> 115,702479338843
17/05/2022 20:00:48|ivaArt --> 21
17/05/2022 20:00:49|hasarOCX.ImprimirItem --> OK
17/05/2022 20:00:49|Articulo --> colgate clasica x70g
17/05/2022 20:00:49|cantidadArt B --> 1
17/05/2022 20:00:49|PrecVear --> 155
17/05/2022 20:00:49|montoArt --> 128,099173553719
17/05/2022 20:00:49|ivaArt --> 21
17/05/2022 20:00:49|hasarOCX.ImprimirItem --> OK
17/05/2022 20:00:49|Articulo --> alfaparf argan therapy x60 ml
17/05/2022 20:00:49|cantidadArt B --> 1
17/05/2022 20:00:49|PrecVear --> 590
17/05/2022 20:00:49|montoArt --> 487,603305785124
17/05/2022 20:00:49|ivaArt --> 21
17/05/2022 20:00:49|hasarOCX.ImprimirItem --> OK
17/05/2022 20:00:49|Cerrar Comprobante B:::
17/05/2022 20:00:52|Obtiene nrocomp
17/05/2022 20:00:53|nrocomp --> 22434
17/05/2022 20:00:53|Nro. de Comprobante ::: TFB ::: 22434
17/05/2022 20:00:53|Ety.TicketFiscal: 22434
17/05/2022 20:04:52|Comienza Facturacion B
17/05/2022 20:04:52|DatosCliente B
17/05/2022 20:04:54|AbrirComprobanteFiscal B
17/05/2022 20:04:54|Articulo --> colibri anilinas
17/05/2022 20:04:54|cantidadArt B --> 2
17/05/2022 20:04:54|PrecVear --> 220
17/05/2022 20:04:54|montoArt --> 181,818181818182
17/05/2022 20:04:54|ivaArt --> 21
17/05/2022 20:04:55|hasarOCX.ImprimirItem --> OK
17/05/2022 20:04:55|Cerrar Comprobante B:::
17/05/2022 20:04:58|Obtiene nrocomp
17/05/2022 20:04:58|nrocomp --> 22435
17/05/2022 20:04:58|Nro. de Comprobante ::: TFB ::: 22435
17/05/2022 20:04:58|Ety.TicketFiscal: 22435
17/05/2022 20:06:41|cerrando pantalla venta
17/05/2022 20:06:50|*************COMIENZA Cierre  Z**********
17/05/2022 20:06:59|CIERRE Z
Cierre Z Nº =[716]
Fecha del Cierre        =[17/05/2022 0:00:00]
DF Emitidos             =[44]
DF Cancelados           =[0]
DF Total                =[7820403]
DF Total Gravado        =[6463139]
DF Total No Gravado     =[0]
DF Total Exento         =[0]
DF Total IVA            =[1357264]
DF Total Otros Tributos =[0]
NC Emitidas             =[0]
NC Canceladas           =[0]
NC Total                =[0]
NC Total Gravado        =[0]
NC Total No Gravado     =[0]
NC Total Exento         =[0]
NC Total IVA            =[0]
NC Total Otros Tributos =[0]
DNFH Emitidos           =[0]
DNFH Total              =[0]

