21/04/2022 8:43:16|Conectando..
21/04/2022 8:43:16|IP: 127.0.0.1 - Puerto: 6500
21/04/2022 8:43:22|cerrando pantalla venta
21/04/2022 8:43:55|Conectando..
21/04/2022 8:43:55|IP: 127.0.0.1 - Puerto: 6500
21/04/2022 8:43:56|Conectado con éxito!!
21/04/2022 8:44:29|Comienza Facturacion B
21/04/2022 8:44:29|DatosCliente B
21/04/2022 8:44:33|AbrirComprobanteFiscal B
21/04/2022 8:44:33|Articulo --> estrella pañal xxg x56
21/04/2022 8:44:33|cantidadArt B --> 1
21/04/2022 8:44:33|PrecVear --> 1850
21/04/2022 8:44:33|montoArt --> 1528,92561983471
21/04/2022 8:44:33|ivaArt --> 21
21/04/2022 8:44:33|hasarOCX.ImprimirItem --> OK
21/04/2022 8:44:33|Articulo --> odol x70g
21/04/2022 8:44:33|cantidadArt B --> 1
21/04/2022 8:44:33|PrecVear --> 98
21/04/2022 8:44:33|montoArt --> 80,9917355371901
21/04/2022 8:44:33|ivaArt --> 21
21/04/2022 8:44:33|hasarOCX.ImprimirItem --> OK
21/04/2022 8:44:33|Articulo --> q soft toall. hum. aloe y vit. x50 u.
21/04/2022 8:44:33|cantidadArt B --> 1
21/04/2022 8:44:33|PrecVear --> 170
21/04/2022 8:44:33|montoArt --> 140,495867768595
21/04/2022 8:44:33|ivaArt --> 21
21/04/2022 8:44:34|hasarOCX.ImprimirItem --> OK
21/04/2022 8:44:34|Cerrar Comprobante B:::
21/04/2022 8:44:37|Obtiene nrocomp
21/04/2022 8:44:37|nrocomp --> 21222
21/04/2022 8:44:37|Nro. de Comprobante ::: TFB ::: 21222
21/04/2022 8:44:37|Ety.TicketFiscal: 21222
21/04/2022 9:27:45|Comienza Facturacion B
21/04/2022 9:27:45|DatosCliente B
21/04/2022 9:27:48|AbrirComprobanteFiscal B
21/04/2022 9:27:48|Articulo --> la porteña nido de abeja trapo piso
21/04/2022 9:27:48|cantidadArt B --> 1
21/04/2022 9:27:48|PrecVear --> 220
21/04/2022 9:27:48|montoArt --> 181,818181818182
21/04/2022 9:27:48|ivaArt --> 21
21/04/2022 9:27:48|hasarOCX.ImprimirItem --> OK
21/04/2022 9:27:48|Articulo --> elite pañuelo x70 uni
21/04/2022 9:27:48|cantidadArt B --> 2
21/04/2022 9:27:48|PrecVear --> 60
21/04/2022 9:27:48|montoArt --> 49,5867768595041
21/04/2022 9:27:48|ivaArt --> 21
21/04/2022 9:27:48|hasarOCX.ImprimirItem --> OK
21/04/2022 9:27:48|Articulo --> estrella discos algodon x80u.
21/04/2022 9:27:48|cantidadArt B --> 1
21/04/2022 9:27:48|PrecVear --> 195
21/04/2022 9:27:48|montoArt --> 161,157024793388
21/04/2022 9:27:48|ivaArt --> 21
21/04/2022 9:27:49|hasarOCX.ImprimirItem --> OK
21/04/2022 9:27:49|Articulo --> dermogreen x500 ml
21/04/2022 9:27:49|cantidadArt B --> 1
21/04/2022 9:27:49|PrecVear --> 620
21/04/2022 9:27:49|montoArt --> 512,396694214876
21/04/2022 9:27:49|ivaArt --> 21
21/04/2022 9:27:49|hasarOCX.ImprimirItem --> OK
21/04/2022 9:27:49|Articulo --> ciel dor edtx80 c/vap.
21/04/2022 9:27:49|cantidadArt B --> 1
21/04/2022 9:27:49|PrecVear --> 1850
21/04/2022 9:27:49|montoArt --> 1528,92561983471
21/04/2022 9:27:49|ivaArt --> 21
21/04/2022 9:27:49|hasarOCX.ImprimirItem --> OK
21/04/2022 9:27:49|Cerrar Comprobante B:::
21/04/2022 9:27:52|Obtiene nrocomp
21/04/2022 9:27:53|nrocomp --> 21223
21/04/2022 9:27:53|Nro. de Comprobante ::: TFB ::: 21223
21/04/2022 9:27:53|Ety.TicketFiscal: 21223
21/04/2022 9:37:21|Comienza Facturacion B
21/04/2022 9:37:21|DatosCliente B
21/04/2022 9:37:23|AbrirComprobanteFiscal B
21/04/2022 9:37:23|Articulo --> babysec premium rn x20
21/04/2022 9:37:23|cantidadArt B --> 1
21/04/2022 9:37:23|PrecVear --> 630
21/04/2022 9:37:23|montoArt --> 520,661157024793
21/04/2022 9:37:23|ivaArt --> 21
21/04/2022 9:37:24|hasarOCX.ImprimirItem --> OK
21/04/2022 9:37:24|Articulo --> upa lala regalo portachupete
21/04/2022 9:37:24|cantidadArt B --> 1
21/04/2022 9:37:24|PrecVear --> 590
21/04/2022 9:37:24|montoArt --> 487,603305785124
21/04/2022 9:37:24|ivaArt --> 21
21/04/2022 9:37:24|hasarOCX.ImprimirItem --> OK
21/04/2022 9:37:24|Cerrar Comprobante B:::
21/04/2022 9:37:27|Obtiene nrocomp
21/04/2022 9:37:28|nrocomp --> 21224
21/04/2022 9:37:28|Nro. de Comprobante ::: TFB ::: 21224
21/04/2022 9:37:28|Ety.TicketFiscal: 21224
21/04/2022 9:40:02|Comienza Facturacion B
21/04/2022 9:40:02|DatosCliente B
21/04/2022 9:40:06|AbrirComprobanteFiscal B
21/04/2022 9:40:06|Articulo --> doree agua oxigenada 20v x100ml
21/04/2022 9:40:06|cantidadArt B --> 1
21/04/2022 9:40:06|PrecVear --> 80
21/04/2022 9:40:06|montoArt --> 66,1157024793389
21/04/2022 9:40:06|ivaArt --> 21
21/04/2022 9:40:06|hasarOCX.ImprimirItem --> OK
21/04/2022 9:40:06|Articulo --> xzn pinza depilar negra cod 440
21/04/2022 9:40:06|cantidadArt B --> 1
21/04/2022 9:40:06|PrecVear --> 330
21/04/2022 9:40:06|montoArt --> 272,727272727273
21/04/2022 9:40:06|ivaArt --> 21
21/04/2022 9:40:07|hasarOCX.ImprimirItem --> OK
21/04/2022 9:40:07|Articulo --> mary bosques espuma estructurante de lino
21/04/2022 9:40:07|cantidadArt B --> 2
21/04/2022 9:40:07|PrecVear --> 80
21/04/2022 9:40:07|montoArt --> 66,1157024793389
21/04/2022 9:40:07|ivaArt --> 21
21/04/2022 9:40:07|hasarOCX.ImprimirItem --> OK
21/04/2022 9:40:07|Articulo --> condor secador de vidrios
21/04/2022 9:40:07|cantidadArt B --> 1
21/04/2022 9:40:07|PrecVear --> 290
21/04/2022 9:40:07|montoArt --> 239,669421487603
21/04/2022 9:40:07|ivaArt --> 21
21/04/2022 9:40:08|hasarOCX.ImprimirItem --> OK
21/04/2022 9:40:08|Articulo --> estrella baby oleo sin frag x950ml
21/04/2022 9:40:08|cantidadArt B --> 1
21/04/2022 9:40:08|PrecVear --> 790
21/04/2022 9:40:08|montoArt --> 652,892561983471
21/04/2022 9:40:08|ivaArt --> 21
21/04/2022 9:40:08|hasarOCX.ImprimirItem --> OK
21/04/2022 9:40:08|Articulo --> doncella algodon x500g
21/04/2022 9:40:08|cantidadArt B --> 1
21/04/2022 9:40:08|PrecVear --> 430
21/04/2022 9:40:08|montoArt --> 355,371900826446
21/04/2022 9:40:08|ivaArt --> 21
21/04/2022 9:40:08|hasarOCX.ImprimirItem --> OK
21/04/2022 9:40:08|Articulo --> estrella discos algodon x80u.
21/04/2022 9:40:08|cantidadArt B --> 1
21/04/2022 9:40:08|PrecVear --> 195
21/04/2022 9:40:08|montoArt --> 161,157024793388
21/04/2022 9:40:08|ivaArt --> 21
21/04/2022 9:40:09|hasarOCX.ImprimirItem --> OK
21/04/2022 9:40:09|Cerrar Comprobante B:::
21/04/2022 9:40:12|Obtiene nrocomp
21/04/2022 9:40:12|nrocomp --> 21225
21/04/2022 9:40:12|Nro. de Comprobante ::: TFB ::: 21225
21/04/2022 9:40:12|Ety.TicketFiscal: 21225
21/04/2022 9:41:16|Comienza Facturacion B
21/04/2022 9:41:16|DatosCliente B
21/04/2022 9:41:19|AbrirComprobanteFiscal B
21/04/2022 9:41:19|Articulo --> varios
21/04/2022 9:41:19|cantidadArt B --> 1
21/04/2022 9:41:19|PrecVear --> 590
21/04/2022 9:41:19|montoArt --> 487,603305785124
21/04/2022 9:41:19|ivaArt --> 21
21/04/2022 9:41:19|hasarOCX.ImprimirItem --> OK
21/04/2022 9:41:19|Articulo --> varios
21/04/2022 9:41:19|cantidadArt B --> 1
21/04/2022 9:41:19|PrecVear --> 630
21/04/2022 9:41:19|montoArt --> 520,661157024793
21/04/2022 9:41:19|ivaArt --> 21
21/04/2022 9:41:20|hasarOCX.ImprimirItem --> OK
21/04/2022 9:41:20|Articulo --> dispita chupete silicona color redondo
21/04/2022 9:41:20|cantidadArt B --> 1
21/04/2022 9:41:20|PrecVear --> 310
21/04/2022 9:41:20|montoArt --> 256,198347107438
21/04/2022 9:41:20|ivaArt --> 21
21/04/2022 9:41:20|hasarOCX.ImprimirItem --> OK
21/04/2022 9:41:20|Cerrar Comprobante B:::
21/04/2022 9:41:23|Obtiene nrocomp
21/04/2022 9:41:23|nrocomp --> 21226
21/04/2022 9:41:23|Nro. de Comprobante ::: TFB ::: 21226
21/04/2022 9:41:23|Ety.TicketFiscal: 21226
21/04/2022 9:44:26|Comienza Facturacion B
21/04/2022 9:44:27|DatosCliente B
21/04/2022 9:44:29|AbrirComprobanteFiscal B
21/04/2022 9:44:29|Articulo --> comodin apositos moderada x10 verde
21/04/2022 9:44:29|cantidadArt B --> 2
21/04/2022 9:44:29|PrecVear --> 180
21/04/2022 9:44:29|montoArt --> 148,760330578512
21/04/2022 9:44:29|ivaArt --> 21
21/04/2022 9:44:30|hasarOCX.ImprimirItem --> OK
21/04/2022 9:44:30|Articulo --> adult care rop int grande x8 80 a 115kg
21/04/2022 9:44:30|cantidadArt B --> 1
21/04/2022 9:44:30|PrecVear --> 1150
21/04/2022 9:44:30|montoArt --> 950,413223140496
21/04/2022 9:44:30|ivaArt --> 21
21/04/2022 9:44:30|hasarOCX.ImprimirItem --> OK
21/04/2022 9:44:30|Cerrar Comprobante B:::
21/04/2022 9:44:33|Obtiene nrocomp
21/04/2022 9:44:33|nrocomp --> 21227
21/04/2022 9:44:33|Nro. de Comprobante ::: TFB ::: 21227
21/04/2022 9:44:33|Ety.TicketFiscal: 21227
21/04/2022 10:09:47|Comienza Facturacion B
21/04/2022 10:09:47|DatosCliente B
21/04/2022 10:09:50|AbrirComprobanteFiscal B
21/04/2022 10:09:50|Articulo --> bolsas residuos 50*70
21/04/2022 10:09:50|cantidadArt B --> 1
21/04/2022 10:09:50|PrecVear --> 120
21/04/2022 10:09:50|montoArt --> 99,1735537190083
21/04/2022 10:09:50|ivaArt --> 21
21/04/2022 10:09:50|hasarOCX.ImprimirItem --> OK
21/04/2022 10:09:50|Articulo --> elvive acx400 rt5 extreme
21/04/2022 10:09:50|cantidadArt B --> 1
21/04/2022 10:09:50|PrecVear --> 620
21/04/2022 10:09:50|montoArt --> 512,396694214876
21/04/2022 10:09:50|ivaArt --> 21
21/04/2022 10:09:50|hasarOCX.ImprimirItem --> OK
21/04/2022 10:09:50|Articulo --> el coloso broches de plastico
21/04/2022 10:09:50|cantidadArt B --> 1
21/04/2022 10:09:50|PrecVear --> 150
21/04/2022 10:09:50|montoArt --> 123,96694214876
21/04/2022 10:09:50|ivaArt --> 21
21/04/2022 10:09:51|hasarOCX.ImprimirItem --> OK
21/04/2022 10:09:51|Articulo --> higienol doble hoja
21/04/2022 10:09:51|cantidadArt B --> 1
21/04/2022 10:09:51|PrecVear --> 230
21/04/2022 10:09:51|montoArt --> 190,082644628099
21/04/2022 10:09:51|ivaArt --> 21
21/04/2022 10:09:51|hasarOCX.ImprimirItem --> OK
21/04/2022 10:09:51|Articulo --> sussex rollo cocx3 clas
21/04/2022 10:09:51|cantidadArt B --> 1
21/04/2022 10:09:51|PrecVear --> 145
21/04/2022 10:09:51|montoArt --> 119,834710743802
21/04/2022 10:09:51|ivaArt --> 21
21/04/2022 10:09:51|hasarOCX.ImprimirItem --> OK
21/04/2022 10:09:51|Articulo --> varios
21/04/2022 10:09:51|cantidadArt B --> 1
21/04/2022 10:09:51|PrecVear --> 320
21/04/2022 10:09:51|montoArt --> 264,462809917355
21/04/2022 10:09:51|ivaArt --> 21
21/04/2022 10:09:52|hasarOCX.ImprimirItem --> OK
21/04/2022 10:09:52|Articulo --> cif baño dp
21/04/2022 10:09:52|cantidadArt B --> 1
21/04/2022 10:09:52|PrecVear --> 120
21/04/2022 10:09:52|montoArt --> 99,1735537190083
21/04/2022 10:09:52|ivaArt --> 21
21/04/2022 10:09:52|hasarOCX.ImprimirItem --> OK
21/04/2022 10:09:52|Articulo --> querubin suav. x900 ml flores silv.
21/04/2022 10:09:52|cantidadArt B --> 2
21/04/2022 10:09:52|PrecVear --> 195
21/04/2022 10:09:52|montoArt --> 161,157024793388
21/04/2022 10:09:52|ivaArt --> 21
21/04/2022 10:09:52|hasarOCX.ImprimirItem --> OK
21/04/2022 10:09:52|Cerrar Comprobante B:::
21/04/2022 10:09:56|Obtiene nrocomp
21/04/2022 10:09:56|nrocomp --> 21228
21/04/2022 10:09:56|Nro. de Comprobante ::: TFB ::: 21228
21/04/2022 10:09:56|Ety.TicketFiscal: 21228
21/04/2022 10:19:36|Comienza Facturacion B
21/04/2022 10:19:36|DatosCliente B
21/04/2022 10:19:39|AbrirComprobanteFiscal B
21/04/2022 10:19:39|Articulo --> felpita para tu flia x4
21/04/2022 10:19:39|cantidadArt B --> 1
21/04/2022 10:19:39|PrecVear --> 150
21/04/2022 10:19:39|montoArt --> 123,96694214876
21/04/2022 10:19:39|ivaArt --> 21
21/04/2022 10:19:39|hasarOCX.ImprimirItem --> OK
21/04/2022 10:19:39|Articulo --> elvive acx400 color vive
21/04/2022 10:19:39|cantidadArt B --> 1
21/04/2022 10:19:39|PrecVear --> 620
21/04/2022 10:19:39|montoArt --> 512,396694214876
21/04/2022 10:19:39|ivaArt --> 21
21/04/2022 10:19:39|hasarOCX.ImprimirItem --> OK
21/04/2022 10:19:39|Articulo --> nutrisse m.kit 9.0
21/04/2022 10:19:39|cantidadArt B --> 2
21/04/2022 10:19:39|PrecVear --> 450
21/04/2022 10:19:39|montoArt --> 371,900826446281
21/04/2022 10:19:39|ivaArt --> 21
21/04/2022 10:19:40|hasarOCX.ImprimirItem --> OK
21/04/2022 10:19:40|Articulo --> poett aero bebe nvo
21/04/2022 10:19:40|cantidadArt B --> 1
21/04/2022 10:19:40|PrecVear --> 180
21/04/2022 10:19:40|montoArt --> 148,760330578512
21/04/2022 10:19:40|ivaArt --> 21
21/04/2022 10:19:40|hasarOCX.ImprimirItem --> OK
21/04/2022 10:19:40|Articulo --> saphirus aromatizante textil paula
21/04/2022 10:19:40|cantidadArt B --> 1
21/04/2022 10:19:40|PrecVear --> 230
21/04/2022 10:19:40|montoArt --> 190,082644628099
21/04/2022 10:19:40|ivaArt --> 21
21/04/2022 10:19:40|hasarOCX.ImprimirItem --> OK
21/04/2022 10:19:40|Articulo --> franela
21/04/2022 10:19:40|cantidadArt B --> 1
21/04/2022 10:19:40|PrecVear --> 160
21/04/2022 10:19:40|montoArt --> 132,231404958678
21/04/2022 10:19:40|ivaArt --> 21
21/04/2022 10:19:41|hasarOCX.ImprimirItem --> OK
21/04/2022 10:19:41|Cerrar Comprobante B:::
21/04/2022 10:19:44|Obtiene nrocomp
21/04/2022 10:19:44|nrocomp --> 21229
21/04/2022 10:19:44|Nro. de Comprobante ::: TFB ::: 21229
21/04/2022 10:19:44|Ety.TicketFiscal: 21229
21/04/2022 10:30:14|Comienza Facturacion B
21/04/2022 10:30:15|DatosCliente B
21/04/2022 10:30:17|AbrirComprobanteFiscal B
21/04/2022 10:30:17|Articulo --> pulverizador x500 ml
21/04/2022 10:30:17|cantidadArt B --> 1
21/04/2022 10:30:17|PrecVear --> 165
21/04/2022 10:30:17|montoArt --> 136,363636363636
21/04/2022 10:30:17|ivaArt --> 21
21/04/2022 10:30:17|hasarOCX.ImprimirItem --> OK
21/04/2022 10:30:17|Articulo --> rejilla doble energica
21/04/2022 10:30:17|cantidadArt B --> 1
21/04/2022 10:30:17|PrecVear --> 95
21/04/2022 10:30:17|montoArt --> 78,5123966942149
21/04/2022 10:30:17|ivaArt --> 21
21/04/2022 10:30:18|hasarOCX.ImprimirItem --> OK
21/04/2022 10:30:18|Articulo --> cabo de madera de 2 m
21/04/2022 10:30:18|cantidadArt B --> 1
21/04/2022 10:30:18|PrecVear --> 280
21/04/2022 10:30:18|montoArt --> 231,404958677686
21/04/2022 10:30:18|ivaArt --> 21
21/04/2022 10:30:18|hasarOCX.ImprimirItem --> OK
21/04/2022 10:30:18|Articulo --> samantha limpiatecho multiuso
21/04/2022 10:30:18|cantidadArt B --> 1
21/04/2022 10:30:18|PrecVear --> 250
21/04/2022 10:30:18|montoArt --> 206,611570247934
21/04/2022 10:30:18|ivaArt --> 21
21/04/2022 10:30:18|hasarOCX.ImprimirItem --> OK
21/04/2022 10:30:18|Cerrar Comprobante B:::
21/04/2022 10:30:21|Obtiene nrocomp
21/04/2022 10:30:22|nrocomp --> 21230
21/04/2022 10:30:22|Nro. de Comprobante ::: TFB ::: 21230
21/04/2022 10:30:22|Ety.TicketFiscal: 21230
21/04/2022 10:30:59|cerrando pantalla venta
21/04/2022 10:33:09|Conectando..
21/04/2022 10:33:09|IP: 127.0.0.1 - Puerto: 6500
21/04/2022 10:33:10|Conectado con éxito!!
21/04/2022 10:36:42|Comienza Facturacion B
21/04/2022 10:36:42|DatosCliente B
21/04/2022 10:36:45|AbrirComprobanteFiscal B
21/04/2022 10:36:45|Articulo --> poett aero lavanda
21/04/2022 10:36:45|cantidadArt B --> 1
21/04/2022 10:36:45|PrecVear --> 180
21/04/2022 10:36:45|montoArt --> 148,760330578512
21/04/2022 10:36:45|ivaArt --> 21
21/04/2022 10:36:45|hasarOCX.ImprimirItem --> OK
21/04/2022 10:36:45|Articulo --> varios
21/04/2022 10:36:45|cantidadArt B --> 1
21/04/2022 10:36:45|PrecVear --> 240
21/04/2022 10:36:45|montoArt --> 198,347107438017
21/04/2022 10:36:45|ivaArt --> 21
21/04/2022 10:36:46|hasarOCX.ImprimirItem --> OK
21/04/2022 10:36:46|Articulo --> dove jabx90g micelar
21/04/2022 10:36:46|cantidadArt B --> 1
21/04/2022 10:36:46|PrecVear --> 150
21/04/2022 10:36:46|montoArt --> 123,96694214876
21/04/2022 10:36:46|ivaArt --> 21
21/04/2022 10:36:46|hasarOCX.ImprimirItem --> OK
21/04/2022 10:36:46|Articulo --> candy thum aloe vera
21/04/2022 10:36:46|cantidadArt B --> 1
21/04/2022 10:36:46|PrecVear --> 140
21/04/2022 10:36:46|montoArt --> 115,702479338843
21/04/2022 10:36:46|ivaArt --> 21
21/04/2022 10:36:46|hasarOCX.ImprimirItem --> OK
21/04/2022 10:36:46|Cerrar Comprobante B:::
21/04/2022 10:36:49|Obtiene nrocomp
21/04/2022 10:36:50|nrocomp --> 21231
21/04/2022 10:36:50|Nro. de Comprobante ::: TFB ::: 21231
21/04/2022 10:36:50|Ety.TicketFiscal: 21231
21/04/2022 10:50:32|Comienza Facturacion B
21/04/2022 10:50:33|DatosCliente B
21/04/2022 10:50:35|AbrirComprobanteFiscal B
21/04/2022 10:50:35|Articulo --> hennia aposito incontinencia plus
21/04/2022 10:50:35|cantidadArt B --> 2
21/04/2022 10:50:35|PrecVear --> 590
21/04/2022 10:50:35|montoArt --> 487,603305785124
21/04/2022 10:50:35|ivaArt --> 21
21/04/2022 10:50:35|hasarOCX.ImprimirItem --> OK
21/04/2022 10:50:35|Articulo --> plenitud femme nocturno x20
21/04/2022 10:50:35|cantidadArt B --> 1
21/04/2022 10:50:35|PrecVear --> 2500
21/04/2022 10:50:35|montoArt --> 2066,11570247934
21/04/2022 10:50:35|ivaArt --> 21
21/04/2022 10:50:36|hasarOCX.ImprimirItem --> OK
21/04/2022 10:50:36|Articulo --> 3821819 / 3821795  indasec apo incont extra 20x6
21/04/2022 10:50:36|cantidadArt B --> 1
21/04/2022 10:50:36|PrecVear --> 1120
21/04/2022 10:50:36|montoArt --> 925,619834710744
21/04/2022 10:50:36|ivaArt --> 21
21/04/2022 10:50:36|hasarOCX.ImprimirItem --> OK
21/04/2022 10:50:36|Cerrar Comprobante B:::
21/04/2022 10:50:39|Obtiene nrocomp
21/04/2022 10:50:40|nrocomp --> 21232
21/04/2022 10:50:40|Nro. de Comprobante ::: TFB ::: 21232
21/04/2022 10:50:40|Ety.TicketFiscal: 21232
21/04/2022 10:55:29|cerrando pantalla venta
21/04/2022 10:55:41|Conectando..
21/04/2022 10:55:41|IP: 127.0.0.1 - Puerto: 6500
21/04/2022 10:55:42|Conectado con éxito!!
21/04/2022 10:55:51|cerrando pantalla venta
21/04/2022 10:57:06|Conectando..
21/04/2022 10:57:06|IP: 127.0.0.1 - Puerto: 6500
21/04/2022 10:57:07|Conectado con éxito!!
21/04/2022 10:57:51|Comienza Facturacion B
21/04/2022 10:57:51|DatosCliente B
21/04/2022 10:57:54|AbrirComprobanteFiscal B
21/04/2022 10:57:54|Articulo --> issue prof 4
21/04/2022 10:57:54|cantidadArt B --> 1
21/04/2022 10:57:54|PrecVear --> 350
21/04/2022 10:57:54|montoArt --> 289,256198347107
21/04/2022 10:57:54|ivaArt --> 21
21/04/2022 10:57:54|hasarOCX.ImprimirItem --> OK
21/04/2022 10:57:54|Cerrar Comprobante B:::
21/04/2022 10:57:57|Obtiene nrocomp
21/04/2022 10:57:57|nrocomp --> 21233
21/04/2022 10:57:57|Nro. de Comprobante ::: TFB ::: 21233
21/04/2022 10:57:57|Ety.TicketFiscal: 21233
21/04/2022 11:02:41|Comienza Facturacion B
21/04/2022 11:02:42|DatosCliente B
21/04/2022 11:02:44|AbrirComprobanteFiscal B
21/04/2022 11:02:44|Articulo --> estrella pañal xg x58
21/04/2022 11:02:44|cantidadArt B --> 2
21/04/2022 11:02:44|PrecVear --> 1850
21/04/2022 11:02:44|montoArt --> 1528,92561983471
21/04/2022 11:02:44|ivaArt --> 21
21/04/2022 11:02:45|hasarOCX.ImprimirItem --> OK
21/04/2022 11:02:45|Cerrar Comprobante B:::
21/04/2022 11:02:48|Obtiene nrocomp
21/04/2022 11:02:48|nrocomp --> 21234
21/04/2022 11:02:48|Nro. de Comprobante ::: TFB ::: 21234
21/04/2022 11:02:48|Ety.TicketFiscal: 21234
21/04/2022 11:06:44|Comienza Facturacion B
21/04/2022 11:06:45|DatosCliente B
21/04/2022 11:06:47|AbrirComprobanteFiscal B
21/04/2022 11:06:47|Articulo --> raid azul power shot
21/04/2022 11:06:47|cantidadArt B --> 1
21/04/2022 11:06:47|PrecVear --> 280
21/04/2022 11:06:47|montoArt --> 231,404958677686
21/04/2022 11:06:47|ivaArt --> 21
21/04/2022 11:06:48|hasarOCX.ImprimirItem --> OK
21/04/2022 11:06:48|Articulo --> magistral x300 limon
21/04/2022 11:06:48|cantidadArt B --> 1
21/04/2022 11:06:48|PrecVear --> 145
21/04/2022 11:06:48|montoArt --> 119,834710743802
21/04/2022 11:06:48|ivaArt --> 21
21/04/2022 11:06:48|hasarOCX.ImprimirItem --> OK
21/04/2022 11:06:48|Articulo --> corega  ult menta x70
21/04/2022 11:06:48|cantidadArt B --> 1
21/04/2022 11:06:48|PrecVear --> 840
21/04/2022 11:06:48|montoArt --> 694,214876033058
21/04/2022 11:06:48|ivaArt --> 21
21/04/2022 11:06:48|hasarOCX.ImprimirItem --> OK
21/04/2022 11:06:48|Articulo --> bolsas de residuos 60*90
21/04/2022 11:06:48|cantidadArt B --> 1
21/04/2022 11:06:48|PrecVear --> 185
21/04/2022 11:06:48|montoArt --> 152,892561983471
21/04/2022 11:06:48|ivaArt --> 21
21/04/2022 11:06:49|hasarOCX.ImprimirItem --> OK
21/04/2022 11:06:49|Articulo --> el coloso rollo cocx3 x 40paños
21/04/2022 11:06:49|cantidadArt B --> 1
21/04/2022 11:06:49|PrecVear --> 110
21/04/2022 11:06:49|montoArt --> 90,9090909090909
21/04/2022 11:06:49|ivaArt --> 21
21/04/2022 11:06:49|hasarOCX.ImprimirItem --> OK
21/04/2022 11:06:49|Articulo --> cif ultrabrillo doy pack
21/04/2022 11:06:49|cantidadArt B --> 1
21/04/2022 11:06:49|PrecVear --> 170
21/04/2022 11:06:49|montoArt --> 140,495867768595
21/04/2022 11:06:49|ivaArt --> 21
21/04/2022 11:06:49|hasarOCX.ImprimirItem --> OK
21/04/2022 11:06:49|Cerrar Comprobante B:::
21/04/2022 11:06:52|Obtiene nrocomp
21/04/2022 11:06:53|nrocomp --> 21235
21/04/2022 11:06:53|Nro. de Comprobante ::: TFB ::: 21235
21/04/2022 11:06:53|Ety.TicketFiscal: 21235
21/04/2022 11:14:53|Comienza Facturacion B
21/04/2022 11:14:53|DatosCliente B
21/04/2022 11:14:55|AbrirComprobanteFiscal B
21/04/2022 11:14:55|Articulo --> romyl pala con cabo
21/04/2022 11:14:55|cantidadArt B --> 1
21/04/2022 11:14:55|PrecVear --> 510
21/04/2022 11:14:55|montoArt --> 421,487603305785
21/04/2022 11:14:55|ivaArt --> 21
21/04/2022 11:14:56|hasarOCX.ImprimirItem --> OK
21/04/2022 11:14:56|Articulo --> hair food sh y ac x300cc
21/04/2022 11:14:56|cantidadArt B --> 1
21/04/2022 11:14:56|PrecVear --> 630
21/04/2022 11:14:56|montoArt --> 520,661157024793
21/04/2022 11:14:56|ivaArt --> 21
21/04/2022 11:14:56|hasarOCX.ImprimirItem --> OK
21/04/2022 11:14:56|Articulo --> raid azul power shot
21/04/2022 11:14:56|cantidadArt B --> 1
21/04/2022 11:14:56|PrecVear --> 280
21/04/2022 11:14:56|montoArt --> 231,404958677686
21/04/2022 11:14:56|ivaArt --> 21
21/04/2022 11:14:57|hasarOCX.ImprimirItem --> OK
21/04/2022 11:14:57|Articulo --> vim lavand.gelx700
21/04/2022 11:14:57|cantidadArt B --> 1
21/04/2022 11:14:57|PrecVear --> 195
21/04/2022 11:14:57|montoArt --> 161,157024793388
21/04/2022 11:14:57|ivaArt --> 21
21/04/2022 11:14:57|hasarOCX.ImprimirItem --> OK
21/04/2022 11:14:57|Articulo --> ala liquido 3 l dp
21/04/2022 11:14:57|cantidadArt B --> 1
21/04/2022 11:14:57|PrecVear --> 690
21/04/2022 11:14:57|montoArt --> 570,247933884297
21/04/2022 11:14:57|ivaArt --> 21
21/04/2022 11:14:57|hasarOCX.ImprimirItem --> OK
21/04/2022 11:14:57|Articulo --> comfort clasx900 dp
21/04/2022 11:14:57|cantidadArt B --> 1
21/04/2022 11:14:57|PrecVear --> 260
21/04/2022 11:14:57|montoArt --> 214,876033057851
21/04/2022 11:14:57|ivaArt --> 21
21/04/2022 11:14:58|hasarOCX.ImprimirItem --> OK
21/04/2022 11:14:58|Articulo --> estrella algodon super x100
21/04/2022 11:14:58|cantidadArt B --> 1
21/04/2022 11:14:58|PrecVear --> 150
21/04/2022 11:14:58|montoArt --> 123,96694214876
21/04/2022 11:14:58|ivaArt --> 21
21/04/2022 11:14:58|hasarOCX.ImprimirItem --> OK
21/04/2022 11:14:58|Articulo --> dermaglos agua micelar 6 en 1
21/04/2022 11:14:58|cantidadArt B --> 1
21/04/2022 11:14:58|PrecVear --> 1080
21/04/2022 11:14:58|montoArt --> 892,561983471074
21/04/2022 11:14:58|ivaArt --> 21
21/04/2022 11:14:58|hasarOCX.ImprimirItem --> OK
21/04/2022 11:14:58|Cerrar Comprobante B:::
21/04/2022 11:15:01|Obtiene nrocomp
21/04/2022 11:15:02|nrocomp --> 21236
21/04/2022 11:15:02|Nro. de Comprobante ::: TFB ::: 21236
21/04/2022 11:15:02|Ety.TicketFiscal: 21236
21/04/2022 11:23:42|Comienza Facturacion B
21/04/2022 11:23:42|DatosCliente B
21/04/2022 11:23:44|AbrirComprobanteFiscal B
21/04/2022 11:23:44|Articulo --> elvive shx400 oleo universal
21/04/2022 11:23:44|cantidadArt B --> 1
21/04/2022 11:23:44|PrecVear --> 620
21/04/2022 11:23:44|montoArt --> 512,396694214876
21/04/2022 11:23:44|ivaArt --> 21
21/04/2022 11:23:45|hasarOCX.ImprimirItem --> OK
21/04/2022 11:23:45|Articulo --> el coloso rollo cocx3 x 40paños
21/04/2022 11:23:45|cantidadArt B --> 1
21/04/2022 11:23:45|PrecVear --> 110
21/04/2022 11:23:45|montoArt --> 90,9090909090909
21/04/2022 11:23:45|ivaArt --> 21
21/04/2022 11:23:45|hasarOCX.ImprimirItem --> OK
21/04/2022 11:23:45|Articulo --> el coloso hig.ecolog x4
21/04/2022 11:23:45|cantidadArt B --> 1
21/04/2022 11:23:45|PrecVear --> 110
21/04/2022 11:23:45|montoArt --> 90,9090909090909
21/04/2022 11:23:45|ivaArt --> 21
21/04/2022 11:23:45|hasarOCX.ImprimirItem --> OK
21/04/2022 11:23:45|Cerrar Comprobante B:::
21/04/2022 11:23:48|Obtiene nrocomp
21/04/2022 11:23:49|nrocomp --> 21237
21/04/2022 11:23:49|Nro. de Comprobante ::: TFB ::: 21237
21/04/2022 11:23:49|Ety.TicketFiscal: 21237
21/04/2022 11:46:26|Comienza Facturacion B
21/04/2022 11:46:26|DatosCliente B
21/04/2022 11:46:29|AbrirComprobanteFiscal B
21/04/2022 11:46:29|Articulo --> off family aero
21/04/2022 11:46:29|cantidadArt B --> 2
21/04/2022 11:46:29|PrecVear --> 270
21/04/2022 11:46:29|montoArt --> 223,140495867769
21/04/2022 11:46:29|ivaArt --> 21
21/04/2022 11:46:29|hasarOCX.ImprimirItem --> OK
21/04/2022 11:46:29|Articulo --> querubin suavizante x3 l dp
21/04/2022 11:46:29|cantidadArt B --> 2
21/04/2022 11:46:29|PrecVear --> 650
21/04/2022 11:46:29|montoArt --> 537,190082644628
21/04/2022 11:46:29|ivaArt --> 21
21/04/2022 11:46:29|hasarOCX.ImprimirItem --> OK
21/04/2022 11:46:29|Articulo --> dove sh y ac x400 ml
21/04/2022 11:46:29|cantidadArt B --> 1
21/04/2022 11:46:29|PrecVear --> 495
21/04/2022 11:46:29|montoArt --> 409,090909090909
21/04/2022 11:46:29|ivaArt --> 21
21/04/2022 11:46:30|hasarOCX.ImprimirItem --> OK
21/04/2022 11:46:30|Articulo --> rexona aero  apx90 sport.fem-1346
21/04/2022 11:46:30|cantidadArt B --> 1
21/04/2022 11:46:30|PrecVear --> 260
21/04/2022 11:46:30|montoArt --> 214,876033057851
21/04/2022 11:46:30|ivaArt --> 21
21/04/2022 11:46:30|hasarOCX.ImprimirItem --> OK
21/04/2022 11:46:30|Cerrar Comprobante B:::
21/04/2022 11:46:33|Obtiene nrocomp
21/04/2022 11:46:33|nrocomp --> 21238
21/04/2022 11:46:33|Nro. de Comprobante ::: TFB ::: 21238
21/04/2022 11:46:33|Ety.TicketFiscal: 21238
21/04/2022 11:59:15|Comienza Facturacion B
21/04/2022 11:59:15|DatosCliente B
21/04/2022 11:59:17|AbrirComprobanteFiscal B
21/04/2022 11:59:17|Articulo --> mary bosques rubios totales
21/04/2022 11:59:17|cantidadArt B --> 1
21/04/2022 11:59:17|PrecVear --> 94
21/04/2022 11:59:17|montoArt --> 77,6859504132231
21/04/2022 11:59:17|ivaArt --> 21
21/04/2022 11:59:18|hasarOCX.ImprimirItem --> OK
21/04/2022 11:59:18|Articulo --> shark encendedor
21/04/2022 11:59:18|cantidadArt B --> 1
21/04/2022 11:59:18|PrecVear --> 45
21/04/2022 11:59:18|montoArt --> 37,1900826446281
21/04/2022 11:59:18|ivaArt --> 21
21/04/2022 11:59:18|hasarOCX.ImprimirItem --> OK
21/04/2022 11:59:18|Articulo --> protex jabon x125 g
21/04/2022 11:59:18|cantidadArt B --> 1
21/04/2022 11:59:18|PrecVear --> 150
21/04/2022 11:59:18|montoArt --> 123,96694214876
21/04/2022 11:59:18|ivaArt --> 21
21/04/2022 11:59:18|hasarOCX.ImprimirItem --> OK
21/04/2022 11:59:18|Articulo --> magistral x500ml
21/04/2022 11:59:18|cantidadArt B --> 1
21/04/2022 11:59:18|PrecVear --> 335
21/04/2022 11:59:18|montoArt --> 276,859504132231
21/04/2022 11:59:18|ivaArt --> 21
21/04/2022 11:59:19|hasarOCX.ImprimirItem --> OK
21/04/2022 11:59:19|Articulo --> mr musculo baño dp
21/04/2022 11:59:19|cantidadArt B --> 1
21/04/2022 11:59:19|PrecVear --> 144
21/04/2022 11:59:19|montoArt --> 119,00826446281
21/04/2022 11:59:19|ivaArt --> 21
21/04/2022 11:59:19|hasarOCX.ImprimirItem --> OK
21/04/2022 11:59:19|Articulo --> skip p/diluir
21/04/2022 11:59:19|cantidadArt B --> 1
21/04/2022 11:59:19|PrecVear --> 825
21/04/2022 11:59:19|montoArt --> 681,818181818182
21/04/2022 11:59:19|ivaArt --> 21
21/04/2022 11:59:19|hasarOCX.ImprimirItem --> OK
21/04/2022 11:59:19|Articulo --> efficient x200g antibacterial
21/04/2022 11:59:19|cantidadArt B --> 1
21/04/2022 11:59:19|PrecVear --> 344
21/04/2022 11:59:19|montoArt --> 284,297520661157
21/04/2022 11:59:19|ivaArt --> 21
21/04/2022 11:59:20|hasarOCX.ImprimirItem --> OK
21/04/2022 11:59:20|Articulo --> higienol doble hoja
21/04/2022 11:59:20|cantidadArt B --> 1
21/04/2022 11:59:20|PrecVear --> 266
21/04/2022 11:59:20|montoArt --> 219,834710743802
21/04/2022 11:59:20|ivaArt --> 21
21/04/2022 11:59:20|hasarOCX.ImprimirItem --> OK
21/04/2022 11:59:20|Articulo --> felpita maxirollo x240u dh
21/04/2022 11:59:20|cantidadArt B --> 1
21/04/2022 11:59:20|PrecVear --> 222
21/04/2022 11:59:20|montoArt --> 183,471074380165
21/04/2022 11:59:20|ivaArt --> 21
21/04/2022 11:59:21|hasarOCX.ImprimirItem --> OK
21/04/2022 11:59:21|Articulo --> el coloso palillos de madera
21/04/2022 11:59:21|cantidadArt B --> 1
21/04/2022 11:59:21|PrecVear --> 30
21/04/2022 11:59:21|montoArt --> 24,7933884297521
21/04/2022 11:59:21|ivaArt --> 21
21/04/2022 11:59:21|hasarOCX.ImprimirItem --> OK
21/04/2022 11:59:21|Articulo --> mary bosques 3 minutos
21/04/2022 11:59:21|cantidadArt B --> 1
21/04/2022 11:59:21|PrecVear --> 75
21/04/2022 11:59:21|montoArt --> 61,9834710743802
21/04/2022 11:59:21|ivaArt --> 21
21/04/2022 11:59:21|hasarOCX.ImprimirItem --> OK
21/04/2022 11:59:21|Articulo --> mortimer esponja cuadriculada
21/04/2022 11:59:21|cantidadArt B --> 1
21/04/2022 11:59:21|PrecVear --> 53
21/04/2022 11:59:21|montoArt --> 43,801652892562
21/04/2022 11:59:21|ivaArt --> 21
21/04/2022 11:59:22|hasarOCX.ImprimirItem --> OK
21/04/2022 11:59:22|Articulo --> la porteña trapo de piso 60*70
21/04/2022 11:59:22|cantidadArt B --> 1
21/04/2022 11:59:22|PrecVear --> 165
21/04/2022 11:59:22|montoArt --> 136,363636363636
21/04/2022 11:59:22|ivaArt --> 21
21/04/2022 11:59:22|hasarOCX.ImprimirItem --> OK
21/04/2022 11:59:22|Articulo --> gillette  azul x unidad
21/04/2022 11:59:22|cantidadArt B --> 2
21/04/2022 11:59:22|PrecVear --> 140
21/04/2022 11:59:22|montoArt --> 115,702479338843
21/04/2022 11:59:22|ivaArt --> 21
21/04/2022 11:59:22|hasarOCX.ImprimirItem --> OK
21/04/2022 11:59:22|Cerrar Comprobante B:::
21/04/2022 11:59:25|Obtiene nrocomp
21/04/2022 11:59:26|nrocomp --> 21239
21/04/2022 11:59:26|Nro. de Comprobante ::: TFB ::: 21239
21/04/2022 11:59:26|Ety.TicketFiscal: 21239
21/04/2022 12:24:35|cerrando pantalla venta
21/04/2022 16:39:27|Conectando..
21/04/2022 16:39:27|IP: 127.0.0.1 - Puerto: 6500
21/04/2022 16:39:27|Conectado con éxito!!
21/04/2022 17:20:25|Comienza Facturacion B
21/04/2022 17:20:25|DatosCliente B
21/04/2022 17:20:28|AbrirComprobanteFiscal B
21/04/2022 17:20:28|Articulo --> dove baby jab liq h sens rep12x180ml exp
21/04/2022 17:20:28|cantidadArt B --> 1
21/04/2022 17:20:28|PrecVear --> 330
21/04/2022 17:20:28|montoArt --> 272,727272727273
21/04/2022 17:20:28|ivaArt --> 21
21/04/2022 17:20:28|hasarOCX.ImprimirItem --> OK
21/04/2022 17:20:28|Articulo --> estrella ac x400
21/04/2022 17:20:28|cantidadArt B --> 1
21/04/2022 17:20:28|PrecVear --> 450
21/04/2022 17:20:28|montoArt --> 371,900826446281
21/04/2022 17:20:28|ivaArt --> 21
21/04/2022 17:20:29|hasarOCX.ImprimirItem --> OK
21/04/2022 17:20:29|Articulo --> estrella sh x400
21/04/2022 17:20:29|cantidadArt B --> 1
21/04/2022 17:20:29|PrecVear --> 450
21/04/2022 17:20:29|montoArt --> 371,900826446281
21/04/2022 17:20:29|ivaArt --> 21
21/04/2022 17:20:29|hasarOCX.ImprimirItem --> OK
21/04/2022 17:20:29|Articulo --> huggies toallitas amarillas x80
21/04/2022 17:20:29|cantidadArt B --> 2
21/04/2022 17:20:29|PrecVear --> 350
21/04/2022 17:20:29|montoArt --> 289,256198347107
21/04/2022 17:20:29|ivaArt --> 21
21/04/2022 17:20:29|hasarOCX.ImprimirItem --> OK
21/04/2022 17:20:29|Articulo --> raid tabletas x12 uni
21/04/2022 17:20:29|cantidadArt B --> 1
21/04/2022 17:20:29|PrecVear --> 170
21/04/2022 17:20:29|montoArt --> 140,495867768595
21/04/2022 17:20:29|ivaArt --> 21
21/04/2022 17:20:30|hasarOCX.ImprimirItem --> OK
21/04/2022 17:20:30|Articulo --> colgate kids tuti frutti
21/04/2022 17:20:30|cantidadArt B --> 1
21/04/2022 17:20:30|PrecVear --> 98
21/04/2022 17:20:30|montoArt --> 80,9917355371901
21/04/2022 17:20:30|ivaArt --> 21
21/04/2022 17:20:30|hasarOCX.ImprimirItem --> OK
21/04/2022 17:20:30|Articulo --> pantene acx400 control caida
21/04/2022 17:20:30|cantidadArt B --> 1
21/04/2022 17:20:30|PrecVear --> 550
21/04/2022 17:20:30|montoArt --> 454,545454545455
21/04/2022 17:20:30|ivaArt --> 21
21/04/2022 17:20:30|hasarOCX.ImprimirItem --> OK
21/04/2022 17:20:30|Articulo --> pantene shx400 cont.caida
21/04/2022 17:20:30|cantidadArt B --> 1
21/04/2022 17:20:30|PrecVear --> 550
21/04/2022 17:20:30|montoArt --> 454,545454545455
21/04/2022 17:20:30|ivaArt --> 21
21/04/2022 17:20:31|hasarOCX.ImprimirItem --> OK
21/04/2022 17:20:31|Cerrar Comprobante B:::
21/04/2022 17:20:34|Obtiene nrocomp
21/04/2022 17:20:34|nrocomp --> 21240
21/04/2022 17:20:34|Nro. de Comprobante ::: TFB ::: 21240
21/04/2022 17:20:34|Ety.TicketFiscal: 21240
21/04/2022 17:37:13|Comienza Facturacion B
21/04/2022 17:37:13|DatosCliente B
21/04/2022 17:37:17|AbrirComprobanteFiscal B
21/04/2022 17:37:17|Articulo --> party jabon antibacterial
21/04/2022 17:37:17|cantidadArt B --> 3
21/04/2022 17:37:17|PrecVear --> 64
21/04/2022 17:37:17|montoArt --> 52,8925619834711
21/04/2022 17:37:17|ivaArt --> 21
21/04/2022 17:37:17|hasarOCX.ImprimirItem --> OK
21/04/2022 17:37:17|Articulo --> el coloso alcohol etilico x 500 ml
21/04/2022 17:37:17|cantidadArt B --> 7
21/04/2022 17:37:17|PrecVear --> 170
21/04/2022 17:37:17|montoArt --> 140,495867768595
21/04/2022 17:37:17|ivaArt --> 21
21/04/2022 17:37:17|hasarOCX.ImprimirItem --> OK
21/04/2022 17:37:17|Articulo --> felpita para tu flia x4
21/04/2022 17:37:17|cantidadArt B --> 4
21/04/2022 17:37:17|PrecVear --> 150
21/04/2022 17:37:17|montoArt --> 123,96694214876
21/04/2022 17:37:17|ivaArt --> 21
21/04/2022 17:37:18|hasarOCX.ImprimirItem --> OK
21/04/2022 17:37:18|Articulo --> comodin toalla humedas  x60
21/04/2022 17:37:18|cantidadArt B --> 3
21/04/2022 17:37:18|PrecVear --> 540
21/04/2022 17:37:18|montoArt --> 446,280991735537
21/04/2022 17:37:18|ivaArt --> 21
21/04/2022 17:37:18|hasarOCX.ImprimirItem --> OK
21/04/2022 17:37:18|Articulo --> trux guantes de latex med
21/04/2022 17:37:18|cantidadArt B --> 3
21/04/2022 17:37:18|PrecVear --> 1300
21/04/2022 17:37:18|montoArt --> 1074,38016528926
21/04/2022 17:37:18|ivaArt --> 21
21/04/2022 17:37:19|hasarOCX.ImprimirItem --> OK
21/04/2022 17:37:19|Cerrar Comprobante B:::
21/04/2022 17:37:22|Obtiene nrocomp
21/04/2022 17:37:22|nrocomp --> 21241
21/04/2022 17:37:22|Nro. de Comprobante ::: TFB ::: 21241
21/04/2022 17:37:22|Ety.TicketFiscal: 21241
21/04/2022 17:40:49|Comienza Facturacion B
21/04/2022 17:40:50|DatosCliente B
21/04/2022 17:40:52|AbrirComprobanteFiscal B
21/04/2022 17:40:52|Articulo --> pantene x400ml
21/04/2022 17:40:52|cantidadArt B --> 1
21/04/2022 17:40:52|PrecVear --> 550
21/04/2022 17:40:52|montoArt --> 454,545454545455
21/04/2022 17:40:52|ivaArt --> 21
21/04/2022 17:40:52|hasarOCX.ImprimirItem --> OK
21/04/2022 17:40:52|Articulo --> j&j cotonetes 24x100unid
21/04/2022 17:40:52|cantidadArt B --> 1
21/04/2022 17:40:52|PrecVear --> 195
21/04/2022 17:40:52|montoArt --> 161,157024793388
21/04/2022 17:40:52|ivaArt --> 21
21/04/2022 17:40:53|hasarOCX.ImprimirItem --> OK
21/04/2022 17:40:53|Cerrar Comprobante B:::
21/04/2022 17:40:56|Obtiene nrocomp
21/04/2022 17:40:56|nrocomp --> 21242
21/04/2022 17:40:56|Nro. de Comprobante ::: TFB ::: 21242
21/04/2022 17:40:56|Ety.TicketFiscal: 21242
21/04/2022 17:48:37|Comienza Facturacion B
21/04/2022 17:48:38|DatosCliente B
21/04/2022 17:48:40|AbrirComprobanteFiscal B
21/04/2022 17:48:40|Articulo --> varios
21/04/2022 17:48:40|cantidadArt B --> 1
21/04/2022 17:48:40|PrecVear --> 260
21/04/2022 17:48:40|montoArt --> 214,876033057851
21/04/2022 17:48:40|ivaArt --> 21
21/04/2022 17:48:41|hasarOCX.ImprimirItem --> OK
21/04/2022 17:48:41|Cerrar Comprobante B:::
21/04/2022 17:48:44|Obtiene nrocomp
21/04/2022 17:48:44|nrocomp --> 21243
21/04/2022 17:48:44|Nro. de Comprobante ::: TFB ::: 21243
21/04/2022 17:48:44|Ety.TicketFiscal: 21243
21/04/2022 18:00:02|Comienza Facturacion B
21/04/2022 18:00:02|DatosCliente B
21/04/2022 18:00:05|AbrirComprobanteFiscal B
21/04/2022 18:00:05|Articulo --> policrom tono sobre tono kit  4
21/04/2022 18:00:05|cantidadArt B --> 1
21/04/2022 18:00:05|PrecVear --> 660
21/04/2022 18:00:05|montoArt --> 545,454545454546
21/04/2022 18:00:05|ivaArt --> 21
21/04/2022 18:00:05|hasarOCX.ImprimirItem --> OK
21/04/2022 18:00:05|Cerrar Comprobante B:::
21/04/2022 18:00:08|Obtiene nrocomp
21/04/2022 18:00:08|nrocomp --> 21244
21/04/2022 18:00:08|Nro. de Comprobante ::: TFB ::: 21244
21/04/2022 18:00:08|Ety.TicketFiscal: 21244
21/04/2022 18:07:08|Comienza Facturacion B
21/04/2022 18:07:08|DatosCliente B
21/04/2022 18:07:11|AbrirComprobanteFiscal B
21/04/2022 18:07:11|Articulo --> rexona aero apx90 fanatics
21/04/2022 18:07:11|cantidadArt B --> 1
21/04/2022 18:07:11|PrecVear --> 260
21/04/2022 18:07:11|montoArt --> 214,876033057851
21/04/2022 18:07:11|ivaArt --> 21
21/04/2022 18:07:11|hasarOCX.ImprimirItem --> OK
21/04/2022 18:07:11|Articulo --> kimbies toallitas humedas
21/04/2022 18:07:11|cantidadArt B --> 3
21/04/2022 18:07:11|PrecVear --> 230
21/04/2022 18:07:11|montoArt --> 190,082644628099
21/04/2022 18:07:11|ivaArt --> 21
21/04/2022 18:07:12|hasarOCX.ImprimirItem --> OK
21/04/2022 18:07:12|Cerrar Comprobante B:::
21/04/2022 18:07:15|Obtiene nrocomp
21/04/2022 18:07:15|nrocomp --> 21245
21/04/2022 18:07:15|Nro. de Comprobante ::: TFB ::: 21245
21/04/2022 18:07:15|Ety.TicketFiscal: 21245
21/04/2022 18:10:00|Comienza Facturacion B
21/04/2022 18:10:00|DatosCliente B
21/04/2022 18:10:03|AbrirComprobanteFiscal B
21/04/2022 18:10:03|Articulo --> estrella algodon clasico x500 g
21/04/2022 18:10:03|cantidadArt B --> 1
21/04/2022 18:10:03|PrecVear --> 530
21/04/2022 18:10:03|montoArt --> 438,01652892562
21/04/2022 18:10:03|ivaArt --> 21
21/04/2022 18:10:03|hasarOCX.ImprimirItem --> OK
21/04/2022 18:10:03|Articulo --> babysec ultra xgx32 uni
21/04/2022 18:10:03|cantidadArt B --> 2
21/04/2022 18:10:03|PrecVear --> 850
21/04/2022 18:10:03|montoArt --> 702,479338842975
21/04/2022 18:10:03|ivaArt --> 21
21/04/2022 18:10:04|hasarOCX.ImprimirItem --> OK
21/04/2022 18:10:04|Articulo --> 10308 dispita protector mamario 30protx12
21/04/2022 18:10:04|cantidadArt B --> 1
21/04/2022 18:10:04|PrecVear --> 360
21/04/2022 18:10:04|montoArt --> 297,520661157025
21/04/2022 18:10:04|ivaArt --> 21
21/04/2022 18:10:04|hasarOCX.ImprimirItem --> OK
21/04/2022 18:10:04|Articulo --> estrella baby oleo sin frag x950ml
21/04/2022 18:10:04|cantidadArt B --> 1
21/04/2022 18:10:04|PrecVear --> 890
21/04/2022 18:10:04|montoArt --> 735,537190082645
21/04/2022 18:10:04|ivaArt --> 21
21/04/2022 18:10:04|hasarOCX.ImprimirItem --> OK
21/04/2022 18:10:04|Articulo --> vertiente men in black x140ml
21/04/2022 18:10:04|cantidadArt B --> 1
21/04/2022 18:10:04|PrecVear --> 730
21/04/2022 18:10:04|montoArt --> 603,305785123967
21/04/2022 18:10:04|ivaArt --> 21
21/04/2022 18:10:05|hasarOCX.ImprimirItem --> OK
21/04/2022 18:10:05|Cerrar Comprobante B:::
21/04/2022 18:10:08|Obtiene nrocomp
21/04/2022 18:10:08|nrocomp --> 21246
21/04/2022 18:10:08|Nro. de Comprobante ::: TFB ::: 21246
21/04/2022 18:10:08|Ety.TicketFiscal: 21246
21/04/2022 18:14:17|Comienza Facturacion B
21/04/2022 18:14:17|DatosCliente B
21/04/2022 18:14:20|AbrirComprobanteFiscal B
21/04/2022 18:14:20|Articulo --> mosquitrap tabletas x12
21/04/2022 18:14:20|cantidadArt B --> 1
21/04/2022 18:14:20|PrecVear --> 110
21/04/2022 18:14:20|montoArt --> 90,9090909090909
21/04/2022 18:14:20|ivaArt --> 21
21/04/2022 18:14:20|hasarOCX.ImprimirItem --> OK
21/04/2022 18:14:20|Articulo --> 11117 dispita pezonera silicona x 2 unid.
21/04/2022 18:14:20|cantidadArt B --> 1
21/04/2022 18:14:20|PrecVear --> 410
21/04/2022 18:14:20|montoArt --> 338,842975206612
21/04/2022 18:14:20|ivaArt --> 21
21/04/2022 18:14:21|hasarOCX.ImprimirItem --> OK
21/04/2022 18:14:21|Cerrar Comprobante B:::
21/04/2022 18:14:24|Obtiene nrocomp
21/04/2022 18:14:24|nrocomp --> 21247
21/04/2022 18:14:24|Nro. de Comprobante ::: TFB ::: 21247
21/04/2022 18:14:24|Ety.TicketFiscal: 21247
21/04/2022 18:16:50|Comienza Facturacion B
21/04/2022 18:16:51|DatosCliente B
21/04/2022 18:16:53|AbrirComprobanteFiscal B
21/04/2022 18:16:53|Articulo --> pampers toallitas aroma lavanda
21/04/2022 18:16:53|cantidadArt B --> 2
21/04/2022 18:16:53|PrecVear --> 360
21/04/2022 18:16:53|montoArt --> 297,520661157025
21/04/2022 18:16:53|ivaArt --> 21
21/04/2022 18:16:54|hasarOCX.ImprimirItem --> OK
21/04/2022 18:16:54|Articulo --> pampers confort sec extraplus p56
21/04/2022 18:16:54|cantidadArt B --> 1
21/04/2022 18:16:54|PrecVear --> 1490
21/04/2022 18:16:54|montoArt --> 1231,40495867769
21/04/2022 18:16:54|ivaArt --> 21
21/04/2022 18:16:54|hasarOCX.ImprimirItem --> OK
21/04/2022 18:16:54|Cerrar Comprobante B:::
21/04/2022 18:16:57|Obtiene nrocomp
21/04/2022 18:16:57|nrocomp --> 21248
21/04/2022 18:16:57|Nro. de Comprobante ::: TFB ::: 21248
21/04/2022 18:16:57|Ety.TicketFiscal: 21248
21/04/2022 18:29:10|cerrando pantalla venta
21/04/2022 18:32:14|Conectando..
21/04/2022 18:32:14|IP: 127.0.0.1 - Puerto: 6500
21/04/2022 18:32:15|Conectado con éxito!!
21/04/2022 18:32:20|cerrando pantalla venta
21/04/2022 18:32:23|Conectando..
21/04/2022 18:32:23|IP: 127.0.0.1 - Puerto: 6500
21/04/2022 18:32:24|Conectado con éxito!!
21/04/2022 18:40:04|Comienza Facturacion B
21/04/2022 18:40:04|DatosCliente B
21/04/2022 18:40:07|AbrirComprobanteFiscal B
21/04/2022 18:40:07|Articulo --> estrella pañal xg x58
21/04/2022 18:40:07|cantidadArt B --> 2
21/04/2022 18:40:07|PrecVear --> 1850
21/04/2022 18:40:07|montoArt --> 1528,92561983471
21/04/2022 18:40:07|ivaArt --> 21
21/04/2022 18:40:07|hasarOCX.ImprimirItem --> OK
21/04/2022 18:40:07|Cerrar Comprobante B:::
21/04/2022 18:40:10|Obtiene nrocomp
21/04/2022 18:40:10|nrocomp --> 21249
21/04/2022 18:40:10|Nro. de Comprobante ::: TFB ::: 21249
21/04/2022 18:40:10|Ety.TicketFiscal: 21249
21/04/2022 19:06:08|Comienza Facturacion B
21/04/2022 19:06:08|DatosCliente B
21/04/2022 19:06:10|AbrirComprobanteFiscal B
21/04/2022 19:06:10|Articulo --> varios
21/04/2022 19:06:10|cantidadArt B --> 1
21/04/2022 19:06:10|PrecVear --> 290
21/04/2022 19:06:10|montoArt --> 239,669421487603
21/04/2022 19:06:10|ivaArt --> 21
21/04/2022 19:06:11|hasarOCX.ImprimirItem --> OK
21/04/2022 19:06:11|Articulo --> harpic antisarro
21/04/2022 19:06:11|cantidadArt B --> 1
21/04/2022 19:06:11|PrecVear --> 230
21/04/2022 19:06:11|montoArt --> 190,082644628099
21/04/2022 19:06:11|ivaArt --> 21
21/04/2022 19:06:11|hasarOCX.ImprimirItem --> OK
21/04/2022 19:06:11|Articulo --> rexona efficientx100 talco
21/04/2022 19:06:11|cantidadArt B --> 1
21/04/2022 19:06:11|PrecVear --> 170
21/04/2022 19:06:11|montoArt --> 140,495867768595
21/04/2022 19:06:11|ivaArt --> 21
21/04/2022 19:06:12|hasarOCX.ImprimirItem --> OK
21/04/2022 19:06:12|Articulo --> ayudin baño dp x450
21/04/2022 19:06:12|cantidadArt B --> 1
21/04/2022 19:06:12|PrecVear --> 110
21/04/2022 19:06:12|montoArt --> 90,9090909090909
21/04/2022 19:06:12|ivaArt --> 21
21/04/2022 19:06:12|hasarOCX.ImprimirItem --> OK
21/04/2022 19:06:12|Articulo --> cif vidriosx450 dp
21/04/2022 19:06:12|cantidadArt B --> 1
21/04/2022 19:06:12|PrecVear --> 130
21/04/2022 19:06:12|montoArt --> 107,438016528926
21/04/2022 19:06:12|ivaArt --> 21
21/04/2022 19:06:12|hasarOCX.ImprimirItem --> OK
21/04/2022 19:06:12|Articulo --> cif ultrabrillo doy pack
21/04/2022 19:06:12|cantidadArt B --> 1
21/04/2022 19:06:12|PrecVear --> 170
21/04/2022 19:06:12|montoArt --> 140,495867768595
21/04/2022 19:06:12|ivaArt --> 21
21/04/2022 19:06:13|hasarOCX.ImprimirItem --> OK
21/04/2022 19:06:13|Articulo --> felpita para tu flia x4
21/04/2022 19:06:13|cantidadArt B --> 2
21/04/2022 19:06:13|PrecVear --> 150
21/04/2022 19:06:13|montoArt --> 123,96694214876
21/04/2022 19:06:13|ivaArt --> 21
21/04/2022 19:06:13|hasarOCX.ImprimirItem --> OK
21/04/2022 19:06:13|Cerrar Comprobante B:::
21/04/2022 19:06:16|Obtiene nrocomp
21/04/2022 19:06:16|nrocomp --> 21250
21/04/2022 19:06:16|Nro. de Comprobante ::: TFB ::: 21250
21/04/2022 19:06:16|Ety.TicketFiscal: 21250
21/04/2022 19:13:49|Comienza Facturacion B
21/04/2022 19:13:49|DatosCliente B
21/04/2022 19:13:52|AbrirComprobanteFiscal B
21/04/2022 19:13:52|Articulo --> mary bosques crema de palta
21/04/2022 19:13:52|cantidadArt B --> 2
21/04/2022 19:13:52|PrecVear --> 100
21/04/2022 19:13:52|montoArt --> 82,6446280991736
21/04/2022 19:13:52|ivaArt --> 21
21/04/2022 19:13:52|hasarOCX.ImprimirItem --> OK
21/04/2022 19:13:52|Articulo --> revlon delineador colorstay fibra
21/04/2022 19:13:52|cantidadArt B --> 1
21/04/2022 19:13:52|PrecVear --> 1350
21/04/2022 19:13:52|montoArt --> 1115,70247933884
21/04/2022 19:13:52|ivaArt --> 21
21/04/2022 19:13:52|hasarOCX.ImprimirItem --> OK
21/04/2022 19:13:52|Articulo --> idi esmalte
21/04/2022 19:13:52|cantidadArt B --> 2
21/04/2022 19:13:52|PrecVear --> 290
21/04/2022 19:13:52|montoArt --> 239,669421487603
21/04/2022 19:13:52|ivaArt --> 21
21/04/2022 19:13:53|hasarOCX.ImprimirItem --> OK
21/04/2022 19:13:53|Articulo --> mary bosques oleo kerat y arg x60g
21/04/2022 19:13:53|cantidadArt B --> 1
21/04/2022 19:13:53|PrecVear --> 690
21/04/2022 19:13:53|montoArt --> 570,247933884297
21/04/2022 19:13:53|ivaArt --> 21
21/04/2022 19:13:53|hasarOCX.ImprimirItem --> OK
21/04/2022 19:13:53|Articulo --> lima block para uñas blanca
21/04/2022 19:13:53|cantidadArt B --> 1
21/04/2022 19:13:53|PrecVear --> 320
21/04/2022 19:13:53|montoArt --> 264,462809917355
21/04/2022 19:13:53|ivaArt --> 21
21/04/2022 19:13:53|hasarOCX.ImprimirItem --> OK
21/04/2022 19:13:53|Cerrar Comprobante B:::
21/04/2022 19:13:57|Obtiene nrocomp
21/04/2022 19:13:57|nrocomp --> 21251
21/04/2022 19:13:57|Nro. de Comprobante ::: TFB ::: 21251
21/04/2022 19:13:57|Ety.TicketFiscal: 21251
21/04/2022 19:19:09|Comienza Facturacion B
21/04/2022 19:19:09|DatosCliente B
21/04/2022 19:19:11|AbrirComprobanteFiscal B
21/04/2022 19:19:11|Articulo --> nonino juvenil x8 uni j
21/04/2022 19:19:11|cantidadArt B --> 1
21/04/2022 19:19:11|PrecVear --> 450
21/04/2022 19:19:11|montoArt --> 371,900826446281
21/04/2022 19:19:11|ivaArt --> 21
21/04/2022 19:19:12|hasarOCX.ImprimirItem --> OK
21/04/2022 19:19:12|Cerrar Comprobante B:::
21/04/2022 19:19:15|Obtiene nrocomp
21/04/2022 19:19:15|nrocomp --> 21252
21/04/2022 19:19:15|Nro. de Comprobante ::: TFB ::: 21252
21/04/2022 19:19:15|Ety.TicketFiscal: 21252
21/04/2022 19:54:03|cerrando pantalla venta
21/04/2022 19:54:18|Conectando..
21/04/2022 19:54:18|IP: 127.0.0.1 - Puerto: 6500
21/04/2022 19:54:19|Conectado con éxito!!
21/04/2022 19:58:12|Comienza Facturacion B
21/04/2022 19:58:13|DatosCliente B
21/04/2022 19:58:15|AbrirComprobanteFiscal B
21/04/2022 19:58:15|Articulo --> raid azul power shot
21/04/2022 19:58:15|cantidadArt B --> 2
21/04/2022 19:58:15|PrecVear --> 280
21/04/2022 19:58:15|montoArt --> 231,404958677686
21/04/2022 19:58:15|ivaArt --> 21
21/04/2022 19:58:15|hasarOCX.ImprimirItem --> OK
21/04/2022 19:58:15|Articulo --> ayudin desinfectante pisos
21/04/2022 19:58:15|cantidadArt B --> 1
21/04/2022 19:58:15|PrecVear --> 115
21/04/2022 19:58:15|montoArt --> 95,0413223140496
21/04/2022 19:58:15|ivaArt --> 21
21/04/2022 19:58:16|hasarOCX.ImprimirItem --> OK
21/04/2022 19:58:16|Articulo --> veritas polvox120 suav.delic. rosa
21/04/2022 19:58:16|cantidadArt B --> 1
21/04/2022 19:58:16|PrecVear --> 220
21/04/2022 19:58:16|montoArt --> 181,818181818182
21/04/2022 19:58:16|ivaArt --> 21
21/04/2022 19:58:16|hasarOCX.ImprimirItem --> OK
21/04/2022 19:58:16|Articulo --> dove clinical aero
21/04/2022 19:58:16|cantidadArt B --> 1
21/04/2022 19:58:16|PrecVear --> 460
21/04/2022 19:58:16|montoArt --> 380,165289256198
21/04/2022 19:58:16|ivaArt --> 21
21/04/2022 19:58:17|hasarOCX.ImprimirItem --> OK
21/04/2022 19:58:17|Cerrar Comprobante B:::
21/04/2022 19:58:20|Obtiene nrocomp
21/04/2022 19:58:20|nrocomp --> 21253
21/04/2022 19:58:20|Nro. de Comprobante ::: TFB ::: 21253
21/04/2022 19:58:20|Ety.TicketFiscal: 21253
21/04/2022 20:02:30|Comienza Facturacion B
21/04/2022 20:02:30|DatosCliente B
21/04/2022 20:02:33|AbrirComprobanteFiscal B
21/04/2022 20:02:33|Articulo --> ala liquido x800ml dp
21/04/2022 20:02:33|cantidadArt B --> 1
21/04/2022 20:02:33|PrecVear --> 250
21/04/2022 20:02:33|montoArt --> 206,611570247934
21/04/2022 20:02:33|ivaArt --> 21
21/04/2022 20:02:33|hasarOCX.ImprimirItem --> OK
21/04/2022 20:02:33|Articulo --> varios
21/04/2022 20:02:33|cantidadArt B --> 2
21/04/2022 20:02:33|PrecVear --> 50
21/04/2022 20:02:33|montoArt --> 41,3223140495868
21/04/2022 20:02:33|ivaArt --> 21
21/04/2022 20:02:33|hasarOCX.ImprimirItem --> OK
21/04/2022 20:02:33|Articulo --> bolsas de residuos 45*60
21/04/2022 20:02:33|cantidadArt B --> 1
21/04/2022 20:02:33|PrecVear --> 90
21/04/2022 20:02:33|montoArt --> 74,3801652892562
21/04/2022 20:02:33|ivaArt --> 21
21/04/2022 20:02:34|hasarOCX.ImprimirItem --> OK
21/04/2022 20:02:34|Articulo --> prix c/u maquina para afeitar 2 filos
21/04/2022 20:02:34|cantidadArt B --> 2
21/04/2022 20:02:34|PrecVear --> 60
21/04/2022 20:02:34|montoArt --> 49,5867768595041
21/04/2022 20:02:34|ivaArt --> 21
21/04/2022 20:02:34|hasarOCX.ImprimirItem --> OK
21/04/2022 20:02:34|Cerrar Comprobante B:::
21/04/2022 20:02:37|Obtiene nrocomp
21/04/2022 20:02:37|nrocomp --> 21254
21/04/2022 20:02:37|Nro. de Comprobante ::: TFB ::: 21254
21/04/2022 20:02:37|Ety.TicketFiscal: 21254
21/04/2022 20:07:07|Comienza Facturacion B
21/04/2022 20:07:07|DatosCliente B
21/04/2022 20:07:10|AbrirComprobanteFiscal B
21/04/2022 20:07:10|Articulo --> selton mmm x307g rojo acc.prol
21/04/2022 20:07:10|cantidadArt B --> 1
21/04/2022 20:07:10|PrecVear --> 195
21/04/2022 20:07:10|montoArt --> 161,157024793388
21/04/2022 20:07:10|ivaArt --> 21
21/04/2022 20:07:10|hasarOCX.ImprimirItem --> OK
21/04/2022 20:07:10|Articulo --> el coloso lavandina x2 litros
21/04/2022 20:07:10|cantidadArt B --> 1
21/04/2022 20:07:10|PrecVear --> 140
21/04/2022 20:07:10|montoArt --> 115,702479338843
21/04/2022 20:07:10|ivaArt --> 21
21/04/2022 20:07:11|hasarOCX.ImprimirItem --> OK
21/04/2022 20:07:11|Articulo --> el coloso broches de plastico
21/04/2022 20:07:11|cantidadArt B --> 2
21/04/2022 20:07:11|PrecVear --> 150
21/04/2022 20:07:11|montoArt --> 123,96694214876
21/04/2022 20:07:11|ivaArt --> 21
21/04/2022 20:07:11|hasarOCX.ImprimirItem --> OK
21/04/2022 20:07:11|Articulo --> effcient x100g antibacterial
21/04/2022 20:07:11|cantidadArt B --> 1
21/04/2022 20:07:11|PrecVear --> 169
21/04/2022 20:07:11|montoArt --> 139,669421487603
21/04/2022 20:07:11|ivaArt --> 21
21/04/2022 20:07:11|hasarOCX.ImprimirItem --> OK
21/04/2022 20:07:11|Cerrar Comprobante B:::
21/04/2022 20:07:14|Obtiene nrocomp
21/04/2022 20:07:15|nrocomp --> 21255
21/04/2022 20:07:15|Nro. de Comprobante ::: TFB ::: 21255
21/04/2022 20:07:15|Ety.TicketFiscal: 21255
21/04/2022 20:23:52|cerrando pantalla venta
21/04/2022 20:24:18|*************COMIENZA Cierre  Z**********
21/04/2022 20:24:27|CIERRE Z
Cierre Z Nº =[691]
Fecha del Cierre        =[21/04/2022 0:00:00]
DF Emitidos             =[34]
DF Cancelados           =[0]
DF Total                =[7009505]
DF Total Gravado        =[5792981]
DF Total No Gravado     =[0]
DF Total Exento         =[0]
DF Total IVA            =[1216524]
DF Total Otros Tributos =[0]
NC Emitidas             =[0]
NC Canceladas           =[0]
NC Total                =[0]
NC Total Gravado        =[0]
NC Total No Gravado     =[0]
NC Total Exento         =[0]
NC Total IVA            =[0]
NC Total Otros Tributos =[0]
DNFH Emitidos           =[0]
DNFH Total              =[0]

