28/08/2021 9:18:24|Conectando..
28/08/2021 9:18:24|IP: 127.0.0.1 - Puerto: 6500
28/08/2021 9:18:25|Conectado con éxito!!
28/08/2021 9:22:24|Comienza Facturacion B
28/08/2021 9:22:24|DatosCliente B
28/08/2021 9:22:27|AbrirComprobanteFiscal B
28/08/2021 9:22:27|Articulo --> saphirus sanitizante x250 ml
28/08/2021 9:22:27|cantidadArt B --> 1
28/08/2021 9:22:27|PrecVear --> 190
28/08/2021 9:22:27|montoArt --> 157,02479338843
28/08/2021 9:22:27|ivaArt --> 21
28/08/2021 9:22:27|hasarOCX.ImprimirItem --> OK
28/08/2021 9:22:27|Articulo --> saphirus aromatizante textilmery
28/08/2021 9:22:27|cantidadArt B --> 2
28/08/2021 9:22:27|PrecVear --> 210
28/08/2021 9:22:27|montoArt --> 173,553719008264
28/08/2021 9:22:27|ivaArt --> 21
28/08/2021 9:22:28|hasarOCX.ImprimirItem --> OK
28/08/2021 9:22:28|Articulo --> felpita maxirollo x240u dh
28/08/2021 9:22:28|cantidadArt B --> 1
28/08/2021 9:22:28|PrecVear --> 105
28/08/2021 9:22:28|montoArt --> 86,7768595041322
28/08/2021 9:22:28|ivaArt --> 21
28/08/2021 9:22:28|hasarOCX.ImprimirItem --> OK
28/08/2021 9:22:28|Articulo --> zorro jabon liquido x3 l
28/08/2021 9:22:28|cantidadArt B --> 1
28/08/2021 9:22:28|PrecVear --> 550
28/08/2021 9:22:28|montoArt --> 454,545454545455
28/08/2021 9:22:28|ivaArt --> 21
28/08/2021 9:22:28|hasarOCX.ImprimirItem --> OK
28/08/2021 9:22:28|Articulo --> vivere suav x3l d.pack.classic
28/08/2021 9:22:28|cantidadArt B --> 1
28/08/2021 9:22:28|PrecVear --> 420
28/08/2021 9:22:28|montoArt --> 347,107438016529
28/08/2021 9:22:28|ivaArt --> 21
28/08/2021 9:22:29|hasarOCX.ImprimirItem --> OK
28/08/2021 9:22:29|Cerrar Comprobante B:::
28/08/2021 9:22:32|Obtiene nrocomp
28/08/2021 9:22:32|nrocomp --> 13698
28/08/2021 9:22:32|Nro. de Comprobante ::: TFB ::: 13698
28/08/2021 9:53:36|Comienza Facturacion B
28/08/2021 9:53:36|DatosCliente B
28/08/2021 9:53:39|AbrirComprobanteFiscal B
28/08/2021 9:53:39|Articulo --> lysoform aero originalx420
28/08/2021 9:53:39|cantidadArt B --> 1
28/08/2021 9:53:39|PrecVear --> 190
28/08/2021 9:53:39|montoArt --> 157,02479338843
28/08/2021 9:53:39|ivaArt --> 21
28/08/2021 9:53:39|hasarOCX.ImprimirItem --> OK
28/08/2021 9:53:39|Articulo --> cutex quitaesmalte hipo x50ml
28/08/2021 9:53:39|cantidadArt B --> 1
28/08/2021 9:53:39|PrecVear --> 90
28/08/2021 9:53:39|montoArt --> 74,3801652892562
28/08/2021 9:53:39|ivaArt --> 21
28/08/2021 9:53:40|hasarOCX.ImprimirItem --> OK
28/08/2021 9:53:40|Articulo --> huggies trip g 2 x60
28/08/2021 9:53:40|cantidadArt B --> 2
28/08/2021 9:53:40|PrecVear --> 1020
28/08/2021 9:53:40|montoArt --> 842,97520661157
28/08/2021 9:53:40|ivaArt --> 21
28/08/2021 9:53:40|hasarOCX.ImprimirItem --> OK
28/08/2021 9:53:40|Cerrar Comprobante B:::
28/08/2021 9:53:43|Obtiene nrocomp
28/08/2021 9:53:43|nrocomp --> 13699
28/08/2021 9:53:43|Nro. de Comprobante ::: TFB ::: 13699
28/08/2021 10:12:05|Comienza Facturacion B
28/08/2021 10:12:05|DatosCliente B
28/08/2021 10:12:07|AbrirComprobanteFiscal B
28/08/2021 10:12:07|Articulo --> media naranja trapo reforzado xg
28/08/2021 10:12:07|cantidadArt B --> 1
28/08/2021 10:12:07|PrecVear --> 240
28/08/2021 10:12:07|montoArt --> 198,347107438017
28/08/2021 10:12:07|ivaArt --> 21
28/08/2021 10:12:08|hasarOCX.ImprimirItem --> OK
28/08/2021 10:12:08|Articulo --> el coloso esp.economica
28/08/2021 10:12:08|cantidadArt B --> 1
28/08/2021 10:12:08|PrecVear --> 30
28/08/2021 10:12:08|montoArt --> 24,7933884297521
28/08/2021 10:12:08|ivaArt --> 21
28/08/2021 10:12:08|hasarOCX.ImprimirItem --> OK
28/08/2021 10:12:08|Articulo --> valerina amarilla
28/08/2021 10:12:08|cantidadArt B --> 1
28/08/2021 10:12:08|PrecVear --> 45
28/08/2021 10:12:08|montoArt --> 37,1900826446281
28/08/2021 10:12:08|ivaArt --> 21
28/08/2021 10:12:09|hasarOCX.ImprimirItem --> OK
28/08/2021 10:12:09|Articulo --> calipso pd rosa x50
28/08/2021 10:12:09|cantidadArt B --> 1
28/08/2021 10:12:09|PrecVear --> 165
28/08/2021 10:12:09|montoArt --> 136,363636363636
28/08/2021 10:12:09|ivaArt --> 21
28/08/2021 10:12:09|hasarOCX.ImprimirItem --> OK
28/08/2021 10:12:09|Articulo --> nutrisse reno 60 capuccino-67302
28/08/2021 10:12:09|cantidadArt B --> 1
28/08/2021 10:12:09|PrecVear --> 600
28/08/2021 10:12:09|montoArt --> 495,867768595041
28/08/2021 10:12:09|ivaArt --> 21
28/08/2021 10:12:09|hasarOCX.ImprimirItem --> OK
28/08/2021 10:12:09|Cerrar Comprobante B:::
28/08/2021 10:12:12|Obtiene nrocomp
28/08/2021 10:12:13|nrocomp --> 13700
28/08/2021 10:12:13|Nro. de Comprobante ::: TFB ::: 13700
28/08/2021 10:26:45|Comienza Facturacion B
28/08/2021 10:26:45|DatosCliente B
28/08/2021 10:26:48|AbrirComprobanteFiscal B
28/08/2021 10:26:48|Articulo --> felpita para tu flia x4
28/08/2021 10:26:48|cantidadArt B --> 1
28/08/2021 10:26:48|PrecVear --> 85
28/08/2021 10:26:48|montoArt --> 70,2479338842975
28/08/2021 10:26:48|ivaArt --> 21
28/08/2021 10:26:48|hasarOCX.ImprimirItem --> OK
28/08/2021 10:26:48|Articulo --> ayudin esponja doble cuadriculada 9.2x6.5cm
28/08/2021 10:26:48|cantidadArt B --> 1
28/08/2021 10:26:48|PrecVear --> 80
28/08/2021 10:26:48|montoArt --> 66,1157024793389
28/08/2021 10:26:48|ivaArt --> 21
28/08/2021 10:26:49|hasarOCX.ImprimirItem --> OK
28/08/2021 10:26:49|Articulo --> sedal chx190 crem.balance -9849
28/08/2021 10:26:49|cantidadArt B --> 1
28/08/2021 10:26:49|PrecVear --> 140
28/08/2021 10:26:49|montoArt --> 115,702479338843
28/08/2021 10:26:49|ivaArt --> 21
28/08/2021 10:26:49|hasarOCX.ImprimirItem --> OK
28/08/2021 10:26:49|Articulo --> goicochea arnica x400ml
28/08/2021 10:26:49|cantidadArt B --> 1
28/08/2021 10:26:49|PrecVear --> 598
28/08/2021 10:26:49|montoArt --> 494,214876033058
28/08/2021 10:26:49|ivaArt --> 21
28/08/2021 10:26:49|hasarOCX.ImprimirItem --> OK
28/08/2021 10:26:49|Articulo --> dove aero apx89 original
28/08/2021 10:26:49|cantidadArt B --> 1
28/08/2021 10:26:49|PrecVear --> 190
28/08/2021 10:26:49|montoArt --> 157,02479338843
28/08/2021 10:26:49|ivaArt --> 21
28/08/2021 10:26:50|hasarOCX.ImprimirItem --> OK
28/08/2021 10:26:50|Articulo --> lysoform aero originalx420
28/08/2021 10:26:50|cantidadArt B --> 1
28/08/2021 10:26:50|PrecVear --> 190
28/08/2021 10:26:50|montoArt --> 157,02479338843
28/08/2021 10:26:50|ivaArt --> 21
28/08/2021 10:26:50|hasarOCX.ImprimirItem --> OK
28/08/2021 10:26:50|Articulo --> bolsa de residuos 90*120
28/08/2021 10:26:50|cantidadArt B --> 1
28/08/2021 10:26:50|PrecVear --> 420
28/08/2021 10:26:50|montoArt --> 347,107438016529
28/08/2021 10:26:50|ivaArt --> 21
28/08/2021 10:26:51|hasarOCX.ImprimirItem --> OK
28/08/2021 10:26:51|Cerrar Comprobante B:::
28/08/2021 10:26:54|Obtiene nrocomp
28/08/2021 10:26:54|nrocomp --> 13701
28/08/2021 10:26:54|Nro. de Comprobante ::: TFB ::: 13701
28/08/2021 10:33:27|Comienza Facturacion B
28/08/2021 10:33:27|DatosCliente B
28/08/2021 10:33:29|AbrirComprobanteFiscal B
28/08/2021 10:33:29|Articulo --> pinza dep xzn negra eco pelliza
28/08/2021 10:33:29|cantidadArt B --> 1
28/08/2021 10:33:29|PrecVear --> 80
28/08/2021 10:33:29|montoArt --> 66,1157024793389
28/08/2021 10:33:29|ivaArt --> 21
28/08/2021 10:33:30|hasarOCX.ImprimirItem --> OK
28/08/2021 10:33:30|Articulo --> estrella pañal xxg x56
28/08/2021 10:33:30|cantidadArt B --> 1
28/08/2021 10:33:30|PrecVear --> 1250
28/08/2021 10:33:30|montoArt --> 1033,05785123967
28/08/2021 10:33:30|ivaArt --> 21
28/08/2021 10:33:30|hasarOCX.ImprimirItem --> OK
28/08/2021 10:33:30|Articulo --> mary bosques 60 segundos
28/08/2021 10:33:30|cantidadArt B --> 3
28/08/2021 10:33:30|PrecVear --> 80
28/08/2021 10:33:30|montoArt --> 66,1157024793389
28/08/2021 10:33:30|ivaArt --> 21
28/08/2021 10:33:31|hasarOCX.ImprimirItem --> OK
28/08/2021 10:33:31|Articulo --> dove jab x90 exfoliacion
28/08/2021 10:33:31|cantidadArt B --> 1
28/08/2021 10:33:31|PrecVear --> 95
28/08/2021 10:33:31|montoArt --> 78,5123966942149
28/08/2021 10:33:31|ivaArt --> 21
28/08/2021 10:33:31|hasarOCX.ImprimirItem --> OK
28/08/2021 10:33:31|Articulo --> dove jabx90g micelar
28/08/2021 10:33:31|cantidadArt B --> 3
28/08/2021 10:33:31|PrecVear --> 85
28/08/2021 10:33:31|montoArt --> 70,2479338842975
28/08/2021 10:33:31|ivaArt --> 21
28/08/2021 10:33:31|hasarOCX.ImprimirItem --> OK
28/08/2021 10:33:31|Articulo --> axe deox96 aero gold
28/08/2021 10:33:31|cantidadArt B --> 1
28/08/2021 10:33:31|PrecVear --> 190
28/08/2021 10:33:31|montoArt --> 157,02479338843
28/08/2021 10:33:31|ivaArt --> 21
28/08/2021 10:33:32|hasarOCX.ImprimirItem --> OK
28/08/2021 10:33:32|Articulo --> mr musculo limpiahornosx360
28/08/2021 10:33:32|cantidadArt B --> 1
28/08/2021 10:33:32|PrecVear --> 330
28/08/2021 10:33:32|montoArt --> 272,727272727273
28/08/2021 10:33:32|ivaArt --> 21
28/08/2021 10:33:32|hasarOCX.ImprimirItem --> OK
28/08/2021 10:33:32|Cerrar Comprobante B:::
28/08/2021 10:33:35|Obtiene nrocomp
28/08/2021 10:33:35|nrocomp --> 13702
28/08/2021 10:33:35|Nro. de Comprobante ::: TFB ::: 13702
28/08/2021 10:33:57|Comienza Facturacion B
28/08/2021 10:33:57|DatosCliente B
28/08/2021 10:34:00|AbrirComprobanteFiscal B
28/08/2021 10:34:00|Articulo --> bolsas de residuos 45*60
28/08/2021 10:34:00|cantidadArt B --> 1
28/08/2021 10:34:00|PrecVear --> 59
28/08/2021 10:34:00|montoArt --> 48,7603305785124
28/08/2021 10:34:00|ivaArt --> 21
28/08/2021 10:34:00|hasarOCX.ImprimirItem --> OK
28/08/2021 10:34:00|Articulo --> varios
28/08/2021 10:34:00|cantidadArt B --> 1
28/08/2021 10:34:00|PrecVear --> 1650
28/08/2021 10:34:00|montoArt --> 1363,63636363636
28/08/2021 10:34:00|ivaArt --> 21
28/08/2021 10:34:00|hasarOCX.ImprimirItem --> OK
28/08/2021 10:34:00|Cerrar Comprobante B:::
28/08/2021 10:34:03|Obtiene nrocomp
28/08/2021 10:34:04|nrocomp --> 13703
28/08/2021 10:34:04|Nro. de Comprobante ::: TFB ::: 13703
28/08/2021 10:50:24|Comienza Facturacion B
28/08/2021 10:50:24|DatosCliente B
28/08/2021 10:50:27|AbrirComprobanteFiscal B
28/08/2021 10:50:27|Articulo --> rexona jabon x125 cotton fresh
28/08/2021 10:50:27|cantidadArt B --> 2
28/08/2021 10:50:27|PrecVear --> 53
28/08/2021 10:50:27|montoArt --> 43,801652892562
28/08/2021 10:50:27|ivaArt --> 21
28/08/2021 10:50:27|hasarOCX.ImprimirItem --> OK
28/08/2021 10:50:27|Articulo --> saphirus aceite escencial vainilla
28/08/2021 10:50:27|cantidadArt B --> 1
28/08/2021 10:50:27|PrecVear --> 180
28/08/2021 10:50:27|montoArt --> 148,760330578512
28/08/2021 10:50:27|ivaArt --> 21
28/08/2021 10:50:28|hasarOCX.ImprimirItem --> OK
28/08/2021 10:50:28|Articulo --> gynoderm jab liq intimo x180ml
28/08/2021 10:50:28|cantidadArt B --> 1
28/08/2021 10:50:28|PrecVear --> 610
28/08/2021 10:50:28|montoArt --> 504,132231404959
28/08/2021 10:50:28|ivaArt --> 21
28/08/2021 10:50:28|hasarOCX.ImprimirItem --> OK
28/08/2021 10:50:28|Articulo --> cif antig.dpx450 nva form
28/08/2021 10:50:28|cantidadArt B --> 1
28/08/2021 10:50:28|PrecVear --> 78
28/08/2021 10:50:28|montoArt --> 64,4628099173554
28/08/2021 10:50:28|ivaArt --> 21
28/08/2021 10:50:28|hasarOCX.ImprimirItem --> OK
28/08/2021 10:50:28|Articulo --> alfaparf altamoda sh y ac
28/08/2021 10:50:28|cantidadArt B --> 1
28/08/2021 10:50:28|PrecVear --> 240
28/08/2021 10:50:28|montoArt --> 198,347107438017
28/08/2021 10:50:28|ivaArt --> 21
28/08/2021 10:50:29|hasarOCX.ImprimirItem --> OK
28/08/2021 10:50:29|Articulo --> algabo jabon liquido 300 ml coco/vainilla doy pack
28/08/2021 10:50:29|cantidadArt B --> 1
28/08/2021 10:50:29|PrecVear --> 95
28/08/2021 10:50:29|montoArt --> 78,5123966942149
28/08/2021 10:50:29|ivaArt --> 21
28/08/2021 10:50:29|hasarOCX.ImprimirItem --> OK
28/08/2021 10:50:29|Articulo --> alfaparf altamoda sh y ac
28/08/2021 10:50:29|cantidadArt B --> 1
28/08/2021 10:50:29|PrecVear --> 240
28/08/2021 10:50:29|montoArt --> 198,347107438017
28/08/2021 10:50:29|ivaArt --> 21
28/08/2021 10:50:29|hasarOCX.ImprimirItem --> OK
28/08/2021 10:50:29|Articulo --> elvive shx200 arcilla purificante
28/08/2021 10:50:29|cantidadArt B --> 1
28/08/2021 10:50:29|PrecVear --> 250
28/08/2021 10:50:29|montoArt --> 206,611570247934
28/08/2021 10:50:29|ivaArt --> 21
28/08/2021 10:50:30|hasarOCX.ImprimirItem --> OK
28/08/2021 10:50:30|Cerrar Comprobante B:::
28/08/2021 10:50:33|Obtiene nrocomp
28/08/2021 10:50:33|nrocomp --> 13704
28/08/2021 10:50:33|Nro. de Comprobante ::: TFB ::: 13704
28/08/2021 10:53:07|Comienza Facturacion B
28/08/2021 10:53:07|DatosCliente B
28/08/2021 10:53:10|AbrirComprobanteFiscal B
28/08/2021 10:53:10|Articulo --> huggies trip xg 52
28/08/2021 10:53:10|cantidadArt B --> 1
28/08/2021 10:53:10|PrecVear --> 1020
28/08/2021 10:53:10|montoArt --> 842,97520661157
28/08/2021 10:53:10|ivaArt --> 21
28/08/2021 10:53:10|hasarOCX.ImprimirItem --> OK
28/08/2021 10:53:10|Cerrar Comprobante B:::
28/08/2021 10:53:13|Obtiene nrocomp
28/08/2021 10:53:13|nrocomp --> 13705
28/08/2021 10:53:13|Nro. de Comprobante ::: TFB ::: 13705
28/08/2021 11:00:34|Comienza Facturacion B
28/08/2021 11:00:34|DatosCliente B
28/08/2021 11:00:37|AbrirComprobanteFiscal B
28/08/2021 11:00:37|Articulo --> oral b cepillo stages
28/08/2021 11:00:37|cantidadArt B --> 1
28/08/2021 11:00:37|PrecVear --> 220
28/08/2021 11:00:37|montoArt --> 181,818181818182
28/08/2021 11:00:37|ivaArt --> 21
28/08/2021 11:00:37|hasarOCX.ImprimirItem --> OK
28/08/2021 11:00:37|Articulo --> colgate cr dental clasica x70g
28/08/2021 11:00:37|cantidadArt B --> 1
28/08/2021 11:00:37|PrecVear --> 105
28/08/2021 11:00:37|montoArt --> 86,7768595041322
28/08/2021 11:00:37|ivaArt --> 21
28/08/2021 11:00:38|hasarOCX.ImprimirItem --> OK
28/08/2021 11:00:38|Articulo --> el coloso jabon limon x2
28/08/2021 11:00:38|cantidadArt B --> 1
28/08/2021 11:00:38|PrecVear --> 75
28/08/2021 11:00:38|montoArt --> 61,9834710743802
28/08/2021 11:00:38|ivaArt --> 21
28/08/2021 11:00:38|hasarOCX.ImprimirItem --> OK
28/08/2021 11:00:38|Articulo --> plusbelle jabx125
28/08/2021 11:00:38|cantidadArt B --> 1
28/08/2021 11:00:38|PrecVear --> 63
28/08/2021 11:00:38|montoArt --> 52,0661157024793
28/08/2021 11:00:38|ivaArt --> 21
28/08/2021 11:00:38|hasarOCX.ImprimirItem --> OK
28/08/2021 11:00:38|Articulo --> pampers toallitas humedas rn x48
28/08/2021 11:00:38|cantidadArt B --> 2
28/08/2021 11:00:38|PrecVear --> 250
28/08/2021 11:00:38|montoArt --> 206,611570247934
28/08/2021 11:00:38|ivaArt --> 21
28/08/2021 11:00:39|hasarOCX.ImprimirItem --> OK
28/08/2021 11:00:39|Articulo --> huggies flexi comfort xxg50
28/08/2021 11:00:39|cantidadArt B --> 1
28/08/2021 11:00:39|PrecVear --> 1400
28/08/2021 11:00:39|montoArt --> 1157,02479338843
28/08/2021 11:00:39|ivaArt --> 21
28/08/2021 11:00:39|hasarOCX.ImprimirItem --> OK
28/08/2021 11:00:39|Articulo --> skip polvo x600 g
28/08/2021 11:00:39|cantidadArt B --> 1
28/08/2021 11:00:39|PrecVear --> 170
28/08/2021 11:00:39|montoArt --> 140,495867768595
28/08/2021 11:00:39|ivaArt --> 21
28/08/2021 11:00:39|hasarOCX.ImprimirItem --> OK
28/08/2021 11:00:39|Cerrar Comprobante B:::
28/08/2021 11:00:42|Obtiene nrocomp
28/08/2021 11:00:43|nrocomp --> 13706
28/08/2021 11:00:43|Nro. de Comprobante ::: TFB ::: 13706
28/08/2021 11:10:02|Comienza Facturacion B
28/08/2021 11:10:03|DatosCliente B
28/08/2021 11:10:05|AbrirComprobanteFiscal B
28/08/2021 11:10:05|Articulo --> tena panal  slip large 4x21 arg
28/08/2021 11:10:05|cantidadArt B --> 2
28/08/2021 11:10:05|PrecVear --> 1730
28/08/2021 11:10:05|montoArt --> 1429,7520661157
28/08/2021 11:10:05|ivaArt --> 21
28/08/2021 11:10:05|hasarOCX.ImprimirItem --> OK
28/08/2021 11:10:05|Articulo --> comodin toalla humedas  x60
28/08/2021 11:10:05|cantidadArt B --> 3
28/08/2021 11:10:05|PrecVear --> 405
28/08/2021 11:10:05|montoArt --> 334,710743801653
28/08/2021 11:10:05|ivaArt --> 21
28/08/2021 11:10:06|hasarOCX.ImprimirItem --> OK
28/08/2021 11:10:06|Articulo --> estrella baby oleo sin frag/ 500ml (naranja)
28/08/2021 11:10:06|cantidadArt B --> 1
28/08/2021 11:10:06|PrecVear --> 365
28/08/2021 11:10:06|montoArt --> 301,652892561983
28/08/2021 11:10:06|ivaArt --> 21
28/08/2021 11:10:06|hasarOCX.ImprimirItem --> OK
28/08/2021 11:10:06|Articulo --> glade aerox360 algodon
28/08/2021 11:10:06|cantidadArt B --> 1
28/08/2021 11:10:06|PrecVear --> 130
28/08/2021 11:10:06|montoArt --> 107,438016528926
28/08/2021 11:10:06|ivaArt --> 21
28/08/2021 11:10:07|hasarOCX.ImprimirItem --> OK
28/08/2021 11:10:07|Articulo --> powt aero lavanda
28/08/2021 11:10:07|cantidadArt B --> 1
28/08/2021 11:10:07|PrecVear --> 115
28/08/2021 11:10:07|montoArt --> 95,0413223140496
28/08/2021 11:10:07|ivaArt --> 21
28/08/2021 11:10:07|hasarOCX.ImprimirItem --> OK
28/08/2021 11:10:07|Cerrar Comprobante B:::
28/08/2021 11:10:10|Obtiene nrocomp
28/08/2021 11:10:10|nrocomp --> 13707
28/08/2021 11:10:10|Nro. de Comprobante ::: TFB ::: 13707
28/08/2021 11:14:08|Comienza Facturacion B
28/08/2021 11:14:09|DatosCliente B
28/08/2021 11:14:11|AbrirComprobanteFiscal B
28/08/2021 11:14:11|Articulo --> excellence 7 h0178209
28/08/2021 11:14:11|cantidadArt B --> 1
28/08/2021 11:14:11|PrecVear --> 750
28/08/2021 11:14:11|montoArt --> 619,834710743802
28/08/2021 11:14:11|ivaArt --> 21
28/08/2021 11:14:11|hasarOCX.ImprimirItem --> OK
28/08/2021 11:14:11|Cerrar Comprobante B:::
28/08/2021 11:14:14|Obtiene nrocomp
28/08/2021 11:14:15|nrocomp --> 13708
28/08/2021 11:14:15|Nro. de Comprobante ::: TFB ::: 13708
28/08/2021 11:18:39|Comienza Facturacion B
28/08/2021 11:18:39|DatosCliente B
28/08/2021 11:18:42|AbrirComprobanteFiscal B
28/08/2021 11:18:42|Articulo --> varios
28/08/2021 11:18:42|cantidadArt B --> 1
28/08/2021 11:18:42|PrecVear --> 320
28/08/2021 11:18:42|montoArt --> 264,462809917355
28/08/2021 11:18:42|ivaArt --> 21
28/08/2021 11:18:42|hasarOCX.ImprimirItem --> OK
28/08/2021 11:18:42|Articulo --> dove baby toall. hum. enriq x50u
28/08/2021 11:18:42|cantidadArt B --> 1
28/08/2021 11:18:42|PrecVear --> 390
28/08/2021 11:18:42|montoArt --> 322,314049586777
28/08/2021 11:18:42|ivaArt --> 21
28/08/2021 11:18:43|hasarOCX.ImprimirItem --> OK
28/08/2021 11:18:43|Articulo --> saphirus aceite escencial flores blancas
28/08/2021 11:18:43|cantidadArt B --> 2
28/08/2021 11:18:43|PrecVear --> 180
28/08/2021 11:18:43|montoArt --> 148,760330578512
28/08/2021 11:18:43|ivaArt --> 21
28/08/2021 11:18:43|hasarOCX.ImprimirItem --> OK
28/08/2021 11:18:43|Articulo --> oral b cr dental pro salud avanced
28/08/2021 11:18:43|cantidadArt B --> 1
28/08/2021 11:18:43|PrecVear --> 220
28/08/2021 11:18:43|montoArt --> 181,818181818182
28/08/2021 11:18:43|ivaArt --> 21
28/08/2021 11:18:43|hasarOCX.ImprimirItem --> OK
28/08/2021 11:18:43|Articulo --> frilayp sh neutro
28/08/2021 11:18:43|cantidadArt B --> 1
28/08/2021 11:18:43|PrecVear --> 290
28/08/2021 11:18:43|montoArt --> 239,669421487603
28/08/2021 11:18:43|ivaArt --> 21
28/08/2021 11:18:44|hasarOCX.ImprimirItem --> OK
28/08/2021 11:18:44|Articulo --> huggies supreme care gx60
28/08/2021 11:18:44|cantidadArt B --> 1
28/08/2021 11:18:44|PrecVear --> 1480
28/08/2021 11:18:44|montoArt --> 1223,14049586777
28/08/2021 11:18:44|ivaArt --> 21
28/08/2021 11:18:44|hasarOCX.ImprimirItem --> OK
28/08/2021 11:18:44|Cerrar Comprobante B:::
28/08/2021 11:18:47|Obtiene nrocomp
28/08/2021 11:18:47|nrocomp --> 13709
28/08/2021 11:18:47|Nro. de Comprobante ::: TFB ::: 13709
28/08/2021 12:05:33|Comienza Facturacion B
28/08/2021 12:05:33|DatosCliente B
28/08/2021 12:05:36|AbrirComprobanteFiscal B
28/08/2021 12:05:36|Articulo --> varios
28/08/2021 12:05:36|cantidadArt B --> 1
28/08/2021 12:05:36|PrecVear --> 70
28/08/2021 12:05:36|montoArt --> 57,8512396694215
28/08/2021 12:05:36|ivaArt --> 21
28/08/2021 12:05:36|hasarOCX.ImprimirItem --> OK
28/08/2021 12:05:36|Articulo --> cif crema multiuso x375 nvo
28/08/2021 12:05:36|cantidadArt B --> 1
28/08/2021 12:05:36|PrecVear --> 85
28/08/2021 12:05:36|montoArt --> 70,2479338842975
28/08/2021 12:05:36|ivaArt --> 21
28/08/2021 12:05:36|hasarOCX.ImprimirItem --> OK
28/08/2021 12:05:36|Articulo --> rexona barrax50 nutritive
28/08/2021 12:05:36|cantidadArt B --> 1
28/08/2021 12:05:36|PrecVear --> 290
28/08/2021 12:05:36|montoArt --> 239,669421487603
28/08/2021 12:05:36|ivaArt --> 21
28/08/2021 12:05:37|hasarOCX.ImprimirItem --> OK
28/08/2021 12:05:37|Articulo --> saphirus difusores de ambiente  oriente
28/08/2021 12:05:37|cantidadArt B --> 1
28/08/2021 12:05:37|PrecVear --> 295
28/08/2021 12:05:37|montoArt --> 243,801652892562
28/08/2021 12:05:37|ivaArt --> 21
28/08/2021 12:05:37|hasarOCX.ImprimirItem --> OK
28/08/2021 12:05:37|Articulo --> glade canasta rep 27.5g
28/08/2021 12:05:37|cantidadArt B --> 1
28/08/2021 12:05:37|PrecVear --> 105
28/08/2021 12:05:37|montoArt --> 86,7768595041322
28/08/2021 12:05:37|ivaArt --> 21
28/08/2021 12:05:38|hasarOCX.ImprimirItem --> OK
28/08/2021 12:05:38|Articulo --> rexona barrax50 ap.sensitive-2965
28/08/2021 12:05:38|cantidadArt B --> 1
28/08/2021 12:05:38|PrecVear --> 290
28/08/2021 12:05:38|montoArt --> 239,669421487603
28/08/2021 12:05:38|ivaArt --> 21
28/08/2021 12:05:38|hasarOCX.ImprimirItem --> OK
28/08/2021 12:05:38|Articulo --> bb plast broches
28/08/2021 12:05:38|cantidadArt B --> 1
28/08/2021 12:05:38|PrecVear --> 110
28/08/2021 12:05:38|montoArt --> 90,9090909090909
28/08/2021 12:05:38|ivaArt --> 21
28/08/2021 12:05:38|hasarOCX.ImprimirItem --> OK
28/08/2021 12:05:38|Articulo --> wassington pomada prx30g negra
28/08/2021 12:05:38|cantidadArt B --> 1
28/08/2021 12:05:38|PrecVear --> 180
28/08/2021 12:05:38|montoArt --> 148,760330578512
28/08/2021 12:05:38|ivaArt --> 21
28/08/2021 12:05:39|hasarOCX.ImprimirItem --> OK
28/08/2021 12:05:39|Articulo --> wassington cr.blanca p/calzadox39g
28/08/2021 12:05:39|cantidadArt B --> 1
28/08/2021 12:05:39|PrecVear --> 220
28/08/2021 12:05:39|montoArt --> 181,818181818182
28/08/2021 12:05:39|ivaArt --> 21
28/08/2021 12:05:39|hasarOCX.ImprimirItem --> OK
28/08/2021 12:05:39|Articulo --> rejilla doble energica
28/08/2021 12:05:39|cantidadArt B --> 1
28/08/2021 12:05:39|PrecVear --> 55
28/08/2021 12:05:39|montoArt --> 45,4545454545455
28/08/2021 12:05:39|ivaArt --> 21
28/08/2021 12:05:39|hasarOCX.ImprimirItem --> OK
28/08/2021 12:05:39|Articulo --> vidol pvo manz. x300
28/08/2021 12:05:39|cantidadArt B --> 1
28/08/2021 12:05:39|PrecVear --> 280
28/08/2021 12:05:39|montoArt --> 231,404958677686
28/08/2021 12:05:39|ivaArt --> 21
28/08/2021 12:05:40|hasarOCX.ImprimirItem --> OK
28/08/2021 12:05:40|Articulo --> glade automatico + repuesto
28/08/2021 12:05:40|cantidadArt B --> 1
28/08/2021 12:05:40|PrecVear --> 1500
28/08/2021 12:05:40|montoArt --> 1239,6694214876
28/08/2021 12:05:40|ivaArt --> 21
28/08/2021 12:05:40|hasarOCX.ImprimirItem --> OK
28/08/2021 12:05:40|Cerrar Comprobante B:::
28/08/2021 12:05:43|Obtiene nrocomp
28/08/2021 12:05:43|nrocomp --> 13710
28/08/2021 12:05:43|Nro. de Comprobante ::: TFB ::: 13710
28/08/2021 12:08:47|Comienza Facturacion B
28/08/2021 12:08:47|DatosCliente B
28/08/2021 12:08:49|AbrirComprobanteFiscal B
28/08/2021 12:08:49|Articulo --> varios
28/08/2021 12:08:49|cantidadArt B --> 1
28/08/2021 12:08:49|PrecVear --> 70
28/08/2021 12:08:49|montoArt --> 57,8512396694215
28/08/2021 12:08:49|ivaArt --> 21
28/08/2021 12:08:50|hasarOCX.ImprimirItem --> OK
28/08/2021 12:08:50|Articulo --> rexona aero apx90 invisible
28/08/2021 12:08:50|cantidadArt B --> 1
28/08/2021 12:08:50|PrecVear --> 185
28/08/2021 12:08:50|montoArt --> 152,892561983471
28/08/2021 12:08:50|ivaArt --> 21
28/08/2021 12:08:50|hasarOCX.ImprimirItem --> OK
28/08/2021 12:08:50|Articulo --> valerina amarilla
28/08/2021 12:08:50|cantidadArt B --> 2
28/08/2021 12:08:50|PrecVear --> 45
28/08/2021 12:08:50|montoArt --> 37,1900826446281
28/08/2021 12:08:50|ivaArt --> 21
28/08/2021 12:08:50|hasarOCX.ImprimirItem --> OK
28/08/2021 12:08:50|Articulo --> elite pañuelo descartable x 6u
28/08/2021 12:08:50|cantidadArt B --> 1
28/08/2021 12:08:50|PrecVear --> 85
28/08/2021 12:08:50|montoArt --> 70,2479338842975
28/08/2021 12:08:50|ivaArt --> 21
28/08/2021 12:08:51|hasarOCX.ImprimirItem --> OK
28/08/2021 12:08:51|Articulo --> el coloso fosforosx220un
28/08/2021 12:08:51|cantidadArt B --> 1
28/08/2021 12:08:51|PrecVear --> 49
28/08/2021 12:08:51|montoArt --> 40,495867768595
28/08/2021 12:08:51|ivaArt --> 21
28/08/2021 12:08:51|hasarOCX.ImprimirItem --> OK
28/08/2021 12:08:51|Articulo --> fuyi repelente  x125 grs
28/08/2021 12:08:51|cantidadArt B --> 1
28/08/2021 12:08:51|PrecVear --> 175
28/08/2021 12:08:51|montoArt --> 144,628099173554
28/08/2021 12:08:51|ivaArt --> 21
28/08/2021 12:08:52|hasarOCX.ImprimirItem --> OK
28/08/2021 12:08:52|Articulo --> gillette prestobarba 3 gris
28/08/2021 12:08:52|cantidadArt B --> 1
28/08/2021 12:08:52|PrecVear --> 140
28/08/2021 12:08:52|montoArt --> 115,702479338843
28/08/2021 12:08:52|ivaArt --> 21
28/08/2021 12:08:52|hasarOCX.ImprimirItem --> OK
28/08/2021 12:08:52|Cerrar Comprobante B:::
28/08/2021 12:08:55|Obtiene nrocomp
28/08/2021 12:08:55|nrocomp --> 13711
28/08/2021 12:08:55|Nro. de Comprobante ::: TFB ::: 13711
28/08/2021 12:28:00|Comienza Facturacion B
28/08/2021 12:28:00|DatosCliente B
28/08/2021 12:28:02|AbrirComprobanteFiscal B
28/08/2021 12:28:02|Articulo --> agua oxigenada 10 vol x100 cc
28/08/2021 12:28:02|cantidadArt B --> 1
28/08/2021 12:28:02|PrecVear --> 70
28/08/2021 12:28:02|montoArt --> 57,8512396694215
28/08/2021 12:28:02|ivaArt --> 21
28/08/2021 12:28:03|hasarOCX.ImprimirItem --> OK
28/08/2021 12:28:03|Articulo --> algabo alcohol ultra spray x125ml
28/08/2021 12:28:03|cantidadArt B --> 1
28/08/2021 12:28:03|PrecVear --> 160
28/08/2021 12:28:03|montoArt --> 132,231404958678
28/08/2021 12:28:03|ivaArt --> 21
28/08/2021 12:28:03|hasarOCX.ImprimirItem --> OK
28/08/2021 12:28:03|Articulo --> huggies flexi comfort xxg50
28/08/2021 12:28:03|cantidadArt B --> 1
28/08/2021 12:28:03|PrecVear --> 1400
28/08/2021 12:28:03|montoArt --> 1157,02479338843
28/08/2021 12:28:03|ivaArt --> 21
28/08/2021 12:28:04|hasarOCX.ImprimirItem --> OK
28/08/2021 12:28:04|Articulo --> dove jabon x90 blanco
28/08/2021 12:28:04|cantidadArt B --> 6
28/08/2021 12:28:04|PrecVear --> 85
28/08/2021 12:28:04|montoArt --> 70,2479338842975
28/08/2021 12:28:04|ivaArt --> 21
28/08/2021 12:28:04|hasarOCX.ImprimirItem --> OK
28/08/2021 12:28:04|Articulo --> carefree proteccion x60
28/08/2021 12:28:04|cantidadArt B --> 1
28/08/2021 12:28:04|PrecVear --> 530
28/08/2021 12:28:04|montoArt --> 438,01652892562
28/08/2021 12:28:04|ivaArt --> 21
28/08/2021 12:28:04|hasarOCX.ImprimirItem --> OK
28/08/2021 12:28:04|Articulo --> nivea crcorp.hidrat. express x125ml
28/08/2021 12:28:04|cantidadArt B --> 1
28/08/2021 12:28:04|PrecVear --> 220
28/08/2021 12:28:04|montoArt --> 181,818181818182
28/08/2021 12:28:04|ivaArt --> 21
28/08/2021 12:28:05|hasarOCX.ImprimirItem --> OK
28/08/2021 12:28:05|Articulo --> huggies toallas humedas puro y nat 18x48 (r n)
28/08/2021 12:28:05|cantidadArt B --> 1
28/08/2021 12:28:05|PrecVear --> 490
28/08/2021 12:28:05|montoArt --> 404,95867768595
28/08/2021 12:28:05|ivaArt --> 21
28/08/2021 12:28:05|hasarOCX.ImprimirItem --> OK
28/08/2021 12:28:05|Articulo --> colgate cr total 12 clean mint anti bact
28/08/2021 12:28:05|cantidadArt B --> 1
28/08/2021 12:28:05|PrecVear --> 190
28/08/2021 12:28:05|montoArt --> 157,02479338843
28/08/2021 12:28:05|ivaArt --> 21
28/08/2021 12:28:05|hasarOCX.ImprimirItem --> OK
28/08/2021 12:28:05|Articulo --> pampers t.hum.aroma naturaleza x54
28/08/2021 12:28:05|cantidadArt B --> 1
28/08/2021 12:28:05|PrecVear --> 220
28/08/2021 12:28:05|montoArt --> 181,818181818182
28/08/2021 12:28:05|ivaArt --> 21
28/08/2021 12:28:06|hasarOCX.ImprimirItem --> OK
28/08/2021 12:28:06|Cerrar Comprobante B:::
28/08/2021 12:28:09|Obtiene nrocomp
28/08/2021 12:28:09|nrocomp --> 13712
28/08/2021 12:28:09|Nro. de Comprobante ::: TFB ::: 13712
28/08/2021 16:14:16|Comienza Facturacion B
28/08/2021 16:14:16|DatosCliente B
28/08/2021 16:14:19|AbrirComprobanteFiscal B
28/08/2021 16:14:19|Articulo --> dove baby sh h enriq x200ml
28/08/2021 16:14:19|cantidadArt B --> 1
28/08/2021 16:14:19|PrecVear --> 210
28/08/2021 16:14:19|montoArt --> 173,553719008264
28/08/2021 16:14:19|ivaArt --> 21
28/08/2021 16:14:19|hasarOCX.ImprimirItem --> OK
28/08/2021 16:14:19|Articulo --> varios
28/08/2021 16:14:19|cantidadArt B --> 1
28/08/2021 16:14:19|PrecVear --> 150
28/08/2021 16:14:19|montoArt --> 123,96694214876
28/08/2021 16:14:19|ivaArt --> 21
28/08/2021 16:14:19|hasarOCX.ImprimirItem --> OK
28/08/2021 16:14:19|Articulo --> el coloso hig.econ.bco.12x4 30mts
28/08/2021 16:14:19|cantidadArt B --> 1
28/08/2021 16:14:19|PrecVear --> 65
28/08/2021 16:14:19|montoArt --> 53,7190082644628
28/08/2021 16:14:19|ivaArt --> 21
28/08/2021 16:14:20|hasarOCX.ImprimirItem --> OK
28/08/2021 16:14:20|Articulo --> marlim pasacera plastico
28/08/2021 16:14:20|cantidadArt B --> 1
28/08/2021 16:14:20|PrecVear --> 190
28/08/2021 16:14:20|montoArt --> 157,02479338843
28/08/2021 16:14:20|ivaArt --> 21
28/08/2021 16:14:20|hasarOCX.ImprimirItem --> OK
28/08/2021 16:14:20|Articulo --> suiza autobrillo x400 rojo
28/08/2021 16:14:20|cantidadArt B --> 1
28/08/2021 16:14:20|PrecVear --> 150
28/08/2021 16:14:20|montoArt --> 123,96694214876
28/08/2021 16:14:20|ivaArt --> 21
28/08/2021 16:14:20|hasarOCX.ImprimirItem --> OK
28/08/2021 16:14:20|Articulo --> elvive acx200 hidra hialuronico
28/08/2021 16:14:20|cantidadArt B --> 1
28/08/2021 16:14:20|PrecVear --> 280
28/08/2021 16:14:20|montoArt --> 231,404958677686
28/08/2021 16:14:20|ivaArt --> 21
28/08/2021 16:14:21|hasarOCX.ImprimirItem --> OK
28/08/2021 16:14:21|Cerrar Comprobante B:::
28/08/2021 16:14:24|Obtiene nrocomp
28/08/2021 16:14:24|nrocomp --> 13713
28/08/2021 16:14:24|Nro. de Comprobante ::: TFB ::: 13713
28/08/2021 16:18:55|cerrando pantalla venta
28/08/2021 16:18:57|cerrando pantalla venta
28/08/2021 16:19:02|Conectando..
28/08/2021 16:19:02|IP: 127.0.0.1 - Puerto: 6500
28/08/2021 16:19:03|Conectado con éxito!!
28/08/2021 16:58:40|cerrando pantalla venta
28/08/2021 16:58:42|Conectando..
28/08/2021 16:58:42|IP: 127.0.0.1 - Puerto: 6500
28/08/2021 16:58:43|Conectado con éxito!!
28/08/2021 17:07:14|Comienza Facturacion B
28/08/2021 17:07:14|DatosCliente B
28/08/2021 17:07:18|AbrirComprobanteFiscal B
28/08/2021 17:07:18|Articulo --> estrella algodon  clasicox75
28/08/2021 17:07:18|cantidadArt B --> 2
28/08/2021 17:07:18|PrecVear --> 75
28/08/2021 17:07:18|montoArt --> 61,9834710743802
28/08/2021 17:07:18|ivaArt --> 21
28/08/2021 17:07:19|hasarOCX.ImprimirItem --> OK
28/08/2021 17:07:19|Articulo --> comodin apositos moderada x10 verde
28/08/2021 17:07:19|cantidadArt B --> 2
28/08/2021 17:07:19|PrecVear --> 150
28/08/2021 17:07:19|montoArt --> 123,96694214876
28/08/2021 17:07:19|ivaArt --> 21
28/08/2021 17:07:19|hasarOCX.ImprimirItem --> OK
28/08/2021 17:07:19|Articulo --> rexona clinical barra
28/08/2021 17:07:19|cantidadArt B --> 1
28/08/2021 17:07:19|PrecVear --> 590
28/08/2021 17:07:19|montoArt --> 487,603305785124
28/08/2021 17:07:19|ivaArt --> 21
28/08/2021 17:07:19|hasarOCX.ImprimirItem --> OK
28/08/2021 17:07:19|Articulo --> comodin zaleas
28/08/2021 17:07:19|cantidadArt B --> 2
28/08/2021 17:07:19|PrecVear --> 520
28/08/2021 17:07:19|montoArt --> 429,752066115703
28/08/2021 17:07:19|ivaArt --> 21
28/08/2021 17:07:20|hasarOCX.ImprimirItem --> OK
28/08/2021 17:07:20|Cerrar Comprobante B:::
28/08/2021 17:07:23|Obtiene nrocomp
28/08/2021 17:07:23|nrocomp --> 13714
28/08/2021 17:07:23|Nro. de Comprobante ::: TFB ::: 13714
28/08/2021 17:08:48|Comienza Facturacion B
28/08/2021 17:08:48|DatosCliente B
28/08/2021 17:08:51|AbrirComprobanteFiscal B
28/08/2021 17:08:51|Articulo --> varios
28/08/2021 17:08:51|cantidadArt B --> 1
28/08/2021 17:08:51|PrecVear --> 380
28/08/2021 17:08:51|montoArt --> 314,04958677686
28/08/2021 17:08:51|ivaArt --> 21
28/08/2021 17:08:51|hasarOCX.ImprimirItem --> OK
28/08/2021 17:08:51|Articulo --> rexona jabon x125 cotton fresh
28/08/2021 17:08:51|cantidadArt B --> 1
28/08/2021 17:08:51|PrecVear --> 53
28/08/2021 17:08:51|montoArt --> 43,801652892562
28/08/2021 17:08:51|ivaArt --> 21
28/08/2021 17:08:51|hasarOCX.ImprimirItem --> OK
28/08/2021 17:08:51|Articulo --> el coloso jab.liqx900 d.pack
28/08/2021 17:08:51|cantidadArt B --> 1
28/08/2021 17:08:51|PrecVear --> 95
28/08/2021 17:08:51|montoArt --> 78,5123966942149
28/08/2021 17:08:51|ivaArt --> 21
28/08/2021 17:08:52|hasarOCX.ImprimirItem --> OK
28/08/2021 17:08:52|Cerrar Comprobante B:::
28/08/2021 17:08:55|Obtiene nrocomp
28/08/2021 17:08:55|nrocomp --> 13715
28/08/2021 17:08:55|Nro. de Comprobante ::: TFB ::: 13715
28/08/2021 17:12:32|cerrando pantalla venta
28/08/2021 17:16:38|Conectando..
28/08/2021 17:16:38|IP: 127.0.0.1 - Puerto: 6500
28/08/2021 17:16:39|Conectado con éxito!!
28/08/2021 17:18:25|Comienza Facturacion B
28/08/2021 17:18:25|DatosCliente B
28/08/2021 17:18:28|AbrirComprobanteFiscal B
28/08/2021 17:18:28|Articulo --> adult care rop int mediana x8 50 a 85 kg
28/08/2021 17:18:28|cantidadArt B --> 2
28/08/2021 17:18:28|PrecVear --> 810
28/08/2021 17:18:28|montoArt --> 669,421487603306
28/08/2021 17:18:28|ivaArt --> 21
28/08/2021 17:18:28|hasarOCX.ImprimirItem --> OK
28/08/2021 17:18:28|Articulo --> varios
28/08/2021 17:18:28|cantidadArt B --> 1
28/08/2021 17:18:28|PrecVear --> 130
28/08/2021 17:18:28|montoArt --> 107,438016528926
28/08/2021 17:18:28|ivaArt --> 21
28/08/2021 17:18:28|hasarOCX.ImprimirItem --> OK
28/08/2021 17:18:28|Cerrar Comprobante B:::
28/08/2021 17:18:31|Obtiene nrocomp
28/08/2021 17:18:32|nrocomp --> 13716
28/08/2021 17:18:32|Nro. de Comprobante ::: TFB ::: 13716
28/08/2021 17:35:25|Comienza Facturacion B
28/08/2021 17:35:25|DatosCliente B
28/08/2021 17:35:28|AbrirComprobanteFiscal B
28/08/2021 17:35:28|Articulo --> rexona jab liq dp original
28/08/2021 17:35:28|cantidadArt B --> 2
28/08/2021 17:35:28|PrecVear --> 170
28/08/2021 17:35:28|montoArt --> 140,495867768595
28/08/2021 17:35:28|ivaArt --> 21
28/08/2021 17:35:28|hasarOCX.ImprimirItem --> OK
28/08/2021 17:35:28|Articulo --> dove jabon x90 blanco
28/08/2021 17:35:28|cantidadArt B --> 3
28/08/2021 17:35:28|PrecVear --> 85
28/08/2021 17:35:28|montoArt --> 70,2479338842975
28/08/2021 17:35:28|ivaArt --> 21
28/08/2021 17:35:29|hasarOCX.ImprimirItem --> OK
28/08/2021 17:35:29|Articulo --> ayudin lavandina bco x1
28/08/2021 17:35:29|cantidadArt B --> 1
28/08/2021 17:35:29|PrecVear --> 110
28/08/2021 17:35:29|montoArt --> 90,9090909090909
28/08/2021 17:35:29|ivaArt --> 21
28/08/2021 17:35:29|hasarOCX.ImprimirItem --> OK
28/08/2021 17:35:29|Articulo --> procenex limpx900 original -8375
28/08/2021 17:35:29|cantidadArt B --> 1
28/08/2021 17:35:29|PrecVear --> 125
28/08/2021 17:35:29|montoArt --> 103,305785123967
28/08/2021 17:35:29|ivaArt --> 21
28/08/2021 17:35:29|hasarOCX.ImprimirItem --> OK
28/08/2021 17:35:29|Articulo --> vanish oxy gel dp
28/08/2021 17:35:29|cantidadArt B --> 1
28/08/2021 17:35:29|PrecVear --> 185
28/08/2021 17:35:29|montoArt --> 152,892561983471
28/08/2021 17:35:29|ivaArt --> 21
28/08/2021 17:35:30|hasarOCX.ImprimirItem --> OK
28/08/2021 17:35:30|Articulo --> estrella pañal xxg x56
28/08/2021 17:35:30|cantidadArt B --> 1
28/08/2021 17:35:30|PrecVear --> 1250
28/08/2021 17:35:30|montoArt --> 1033,05785123967
28/08/2021 17:35:30|ivaArt --> 21
28/08/2021 17:35:30|hasarOCX.ImprimirItem --> OK
28/08/2021 17:35:30|Articulo --> dove aero apx89 original
28/08/2021 17:35:30|cantidadArt B --> 1
28/08/2021 17:35:30|PrecVear --> 190
28/08/2021 17:35:30|montoArt --> 157,02479338843
28/08/2021 17:35:30|ivaArt --> 21
28/08/2021 17:35:30|hasarOCX.ImprimirItem --> OK
28/08/2021 17:35:30|Articulo --> estrella algodon clasicox140
28/08/2021 17:35:30|cantidadArt B --> 2
28/08/2021 17:35:30|PrecVear --> 150
28/08/2021 17:35:30|montoArt --> 123,96694214876
28/08/2021 17:35:30|ivaArt --> 21
28/08/2021 17:35:31|hasarOCX.ImprimirItem --> OK
28/08/2021 17:35:31|Articulo --> hs x375 limpieza renovadora
28/08/2021 17:35:31|cantidadArt B --> 1
28/08/2021 17:35:31|PrecVear --> 395
28/08/2021 17:35:31|montoArt --> 326,446280991736
28/08/2021 17:35:31|ivaArt --> 21
28/08/2021 17:35:31|hasarOCX.ImprimirItem --> OK
28/08/2021 17:35:31|Articulo --> dove dp ac recon completa x180ml
28/08/2021 17:35:31|cantidadArt B --> 1
28/08/2021 17:35:31|PrecVear --> 145
28/08/2021 17:35:31|montoArt --> 119,834710743802
28/08/2021 17:35:31|ivaArt --> 21
28/08/2021 17:35:32|hasarOCX.ImprimirItem --> OK
28/08/2021 17:35:32|Articulo --> dove dp sh recons completa x180ml
28/08/2021 17:35:32|cantidadArt B --> 2
28/08/2021 17:35:32|PrecVear --> 146
28/08/2021 17:35:32|montoArt --> 120,661157024793
28/08/2021 17:35:32|ivaArt --> 21
28/08/2021 17:35:32|hasarOCX.ImprimirItem --> OK
28/08/2021 17:35:32|Cerrar Comprobante B:::
28/08/2021 17:35:35|Obtiene nrocomp
28/08/2021 17:35:35|nrocomp --> 13717
28/08/2021 17:35:35|Nro. de Comprobante ::: TFB ::: 13717
28/08/2021 17:39:57|Comienza Facturacion B
28/08/2021 17:39:57|DatosCliente B
28/08/2021 17:40:00|AbrirComprobanteFiscal B
28/08/2021 17:40:00|Articulo --> colgate cr dental clasica x70g
28/08/2021 17:40:00|cantidadArt B --> 1
28/08/2021 17:40:00|PrecVear --> 105
28/08/2021 17:40:00|montoArt --> 86,7768595041322
28/08/2021 17:40:00|ivaArt --> 21
28/08/2021 17:40:00|hasarOCX.ImprimirItem --> OK
28/08/2021 17:40:00|Articulo --> mortimer esponja cuadriculada
28/08/2021 17:40:00|cantidadArt B --> 1
28/08/2021 17:40:00|PrecVear --> 40
28/08/2021 17:40:00|montoArt --> 33,0578512396694
28/08/2021 17:40:00|ivaArt --> 21
28/08/2021 17:40:00|hasarOCX.ImprimirItem --> OK
28/08/2021 17:40:00|Articulo --> el coloso broches de plastico
28/08/2021 17:40:00|cantidadArt B --> 1
28/08/2021 17:40:00|PrecVear --> 110
28/08/2021 17:40:00|montoArt --> 90,9090909090909
28/08/2021 17:40:00|ivaArt --> 21
28/08/2021 17:40:01|hasarOCX.ImprimirItem --> OK
28/08/2021 17:40:01|Articulo --> jabon party
28/08/2021 17:40:01|cantidadArt B --> 2
28/08/2021 17:40:01|PrecVear --> 25
28/08/2021 17:40:01|montoArt --> 20,6611570247934
28/08/2021 17:40:01|ivaArt --> 21
28/08/2021 17:40:01|hasarOCX.ImprimirItem --> OK
28/08/2021 17:40:01|Articulo --> goodmax mujer maquina de afeitar 3 filos
28/08/2021 17:40:01|cantidadArt B --> 2
28/08/2021 17:40:01|PrecVear --> 60
28/08/2021 17:40:01|montoArt --> 49,5867768595041
28/08/2021 17:40:01|ivaArt --> 21
28/08/2021 17:40:01|hasarOCX.ImprimirItem --> OK
28/08/2021 17:40:01|Articulo --> el coloso det.pvox400 reg.blanq.
28/08/2021 17:40:01|cantidadArt B --> 1
28/08/2021 17:40:01|PrecVear --> 52
28/08/2021 17:40:01|montoArt --> 42,9752066115703
28/08/2021 17:40:01|ivaArt --> 21
28/08/2021 17:40:02|hasarOCX.ImprimirItem --> OK
28/08/2021 17:40:02|Articulo --> el coloso hig.ecolog x4
28/08/2021 17:40:02|cantidadArt B --> 1
28/08/2021 17:40:02|PrecVear --> 65
28/08/2021 17:40:02|montoArt --> 53,7190082644628
28/08/2021 17:40:02|ivaArt --> 21
28/08/2021 17:40:02|hasarOCX.ImprimirItem --> OK
28/08/2021 17:40:02|Articulo --> el coloso lavandina x1lt basica
28/08/2021 17:40:02|cantidadArt B --> 1
28/08/2021 17:40:02|PrecVear --> 55
28/08/2021 17:40:02|montoArt --> 45,4545454545455
28/08/2021 17:40:02|ivaArt --> 21
28/08/2021 17:40:02|hasarOCX.ImprimirItem --> OK
28/08/2021 17:40:02|Articulo --> odorono rexona cr.potex60
28/08/2021 17:40:02|cantidadArt B --> 1
28/08/2021 17:40:02|PrecVear --> 120
28/08/2021 17:40:02|montoArt --> 99,1735537190083
28/08/2021 17:40:02|ivaArt --> 21
28/08/2021 17:40:03|hasarOCX.ImprimirItem --> OK
28/08/2021 17:40:03|Articulo --> ponds crema 's' x 50 grs
28/08/2021 17:40:03|cantidadArt B --> 1
28/08/2021 17:40:03|PrecVear --> 180
28/08/2021 17:40:03|montoArt --> 148,760330578512
28/08/2021 17:40:03|ivaArt --> 21
28/08/2021 17:40:03|hasarOCX.ImprimirItem --> OK
28/08/2021 17:40:03|Articulo --> ala plus cremx750 aloe vera
28/08/2021 17:40:03|cantidadArt B --> 1
28/08/2021 17:40:03|PrecVear --> 79
28/08/2021 17:40:03|montoArt --> 65,2892561983471
28/08/2021 17:40:03|ivaArt --> 21
28/08/2021 17:40:04|hasarOCX.ImprimirItem --> OK
28/08/2021 17:40:04|Cerrar Comprobante B:::
28/08/2021 17:40:07|Obtiene nrocomp
28/08/2021 17:40:07|nrocomp --> 13718
28/08/2021 17:40:07|Nro. de Comprobante ::: TFB ::: 13718
28/08/2021 17:43:02|cerrando pantalla venta
28/08/2021 17:43:04|Conectando..
28/08/2021 17:43:04|IP: 127.0.0.1 - Puerto: 6500
28/08/2021 17:43:05|Conectado con éxito!!
28/08/2021 17:43:07|cerrando pantalla venta
28/08/2021 17:43:15|Conectando..
28/08/2021 17:43:15|IP: 127.0.0.1 - Puerto: 6500
28/08/2021 17:43:15|Conectado con éxito!!
28/08/2021 17:49:31|Comienza Facturacion B
28/08/2021 17:49:31|DatosCliente B
28/08/2021 17:49:33|AbrirComprobanteFiscal B
28/08/2021 17:49:33|Articulo --> colgate crx90 herbal whitening
28/08/2021 17:49:33|cantidadArt B --> 1
28/08/2021 17:49:33|PrecVear --> 150
28/08/2021 17:49:33|montoArt --> 123,96694214876
28/08/2021 17:49:33|ivaArt --> 21
28/08/2021 17:49:34|hasarOCX.ImprimirItem --> OK
28/08/2021 17:49:34|Articulo --> st tropes jabonx3 brillo
28/08/2021 17:49:34|cantidadArt B --> 1
28/08/2021 17:49:34|PrecVear --> 150
28/08/2021 17:49:34|montoArt --> 123,96694214876
28/08/2021 17:49:34|ivaArt --> 21
28/08/2021 17:49:34|hasarOCX.ImprimirItem --> OK
28/08/2021 17:49:34|Articulo --> veritas polvox120 original
28/08/2021 17:49:34|cantidadArt B --> 1
28/08/2021 17:49:34|PrecVear --> 140
28/08/2021 17:49:34|montoArt --> 115,702479338843
28/08/2021 17:49:34|ivaArt --> 21
28/08/2021 17:49:35|hasarOCX.ImprimirItem --> OK
28/08/2021 17:49:35|Articulo --> candy thum lavanda
28/08/2021 17:49:35|cantidadArt B --> 2
28/08/2021 17:49:35|PrecVear --> 85
28/08/2021 17:49:35|montoArt --> 70,2479338842975
28/08/2021 17:49:35|ivaArt --> 21
28/08/2021 17:49:35|hasarOCX.ImprimirItem --> OK
28/08/2021 17:49:35|Articulo --> huggies protect plus xg x52
28/08/2021 17:49:35|cantidadArt B --> 2
28/08/2021 17:49:35|PrecVear --> 1100
28/08/2021 17:49:35|montoArt --> 909,090909090909
28/08/2021 17:49:35|ivaArt --> 21
28/08/2021 17:49:35|hasarOCX.ImprimirItem --> OK
28/08/2021 17:49:35|Cerrar Comprobante B:::
28/08/2021 17:49:38|Obtiene nrocomp
28/08/2021 17:49:39|nrocomp --> 13719
28/08/2021 17:49:39|Nro. de Comprobante ::: TFB ::: 13719
28/08/2021 17:58:35|Comienza Facturacion B
28/08/2021 17:58:36|DatosCliente B
28/08/2021 17:58:38|AbrirComprobanteFiscal B
28/08/2021 17:58:38|Articulo --> goodmax mujer maquina de afeitar 3 filos
28/08/2021 17:58:38|cantidadArt B --> 1
28/08/2021 17:58:38|PrecVear --> 60
28/08/2021 17:58:38|montoArt --> 49,5867768595041
28/08/2021 17:58:38|ivaArt --> 21
28/08/2021 17:58:38|hasarOCX.ImprimirItem --> OK
28/08/2021 17:58:38|Articulo --> plenitud protect plus p/m x16
28/08/2021 17:58:38|cantidadArt B --> 1
28/08/2021 17:58:38|PrecVear --> 1950
28/08/2021 17:58:38|montoArt --> 1611,57024793388
28/08/2021 17:58:38|ivaArt --> 21
28/08/2021 17:58:39|hasarOCX.ImprimirItem --> OK
28/08/2021 17:58:39|Articulo --> hennia slip g x8
28/08/2021 17:58:39|cantidadArt B --> 1
28/08/2021 17:58:39|PrecVear --> 845
28/08/2021 17:58:39|montoArt --> 698,347107438017
28/08/2021 17:58:39|ivaArt --> 21
28/08/2021 17:58:39|hasarOCX.ImprimirItem --> OK
28/08/2021 17:58:39|Articulo --> adult care rop int grande x8 80 a 115kg
28/08/2021 17:58:39|cantidadArt B --> 1
28/08/2021 17:58:39|PrecVear --> 870
28/08/2021 17:58:39|montoArt --> 719,00826446281
28/08/2021 17:58:39|ivaArt --> 21
28/08/2021 17:58:40|hasarOCX.ImprimirItem --> OK
28/08/2021 17:58:40|Articulo --> el coloso lavandina x2 litros
28/08/2021 17:58:40|cantidadArt B --> 1
28/08/2021 17:58:40|PrecVear --> 95
28/08/2021 17:58:40|montoArt --> 78,5123966942149
28/08/2021 17:58:40|ivaArt --> 21
28/08/2021 17:58:40|hasarOCX.ImprimirItem --> OK
28/08/2021 17:58:40|Articulo --> el coloso clas.cremx750 aloe vera
28/08/2021 17:58:40|cantidadArt B --> 3
28/08/2021 17:58:40|PrecVear --> 45
28/08/2021 17:58:40|montoArt --> 37,1900826446281
28/08/2021 17:58:40|ivaArt --> 21
28/08/2021 17:58:40|hasarOCX.ImprimirItem --> OK
28/08/2021 17:58:40|Articulo --> el coloso hig.ecolog x4
28/08/2021 17:58:40|cantidadArt B --> 1
28/08/2021 17:58:40|PrecVear --> 65
28/08/2021 17:58:40|montoArt --> 53,7190082644628
28/08/2021 17:58:40|ivaArt --> 21
28/08/2021 17:58:41|hasarOCX.ImprimirItem --> OK
28/08/2021 17:58:41|Articulo --> el coloso rollo cocx3 x 40paños
28/08/2021 17:58:41|cantidadArt B --> 2
28/08/2021 17:58:41|PrecVear --> 60
28/08/2021 17:58:41|montoArt --> 49,5867768595041
28/08/2021 17:58:41|ivaArt --> 21
28/08/2021 17:58:41|hasarOCX.ImprimirItem --> OK
28/08/2021 17:58:41|Cerrar Comprobante B:::
28/08/2021 17:58:44|Obtiene nrocomp
28/08/2021 17:58:44|nrocomp --> 13720
28/08/2021 17:58:44|Nro. de Comprobante ::: TFB ::: 13720
28/08/2021 18:04:33|Comienza Facturacion B
28/08/2021 18:04:33|DatosCliente B
28/08/2021 18:04:35|AbrirComprobanteFiscal B
28/08/2021 18:04:35|Articulo --> harpers repuesto difusor autom. acqua
28/08/2021 18:04:35|cantidadArt B --> 1
28/08/2021 18:04:35|PrecVear --> 210
28/08/2021 18:04:35|montoArt --> 173,553719008264
28/08/2021 18:04:35|ivaArt --> 21
28/08/2021 18:04:36|hasarOCX.ImprimirItem --> OK
28/08/2021 18:04:36|Articulo --> mortimer esponja cuadriculada
28/08/2021 18:04:36|cantidadArt B --> 1
28/08/2021 18:04:36|PrecVear --> 40
28/08/2021 18:04:36|montoArt --> 33,0578512396694
28/08/2021 18:04:36|ivaArt --> 21
28/08/2021 18:04:36|hasarOCX.ImprimirItem --> OK
28/08/2021 18:04:36|Articulo --> gillette prestobarba 3 gris
28/08/2021 18:04:36|cantidadArt B --> 1
28/08/2021 18:04:36|PrecVear --> 140
28/08/2021 18:04:36|montoArt --> 115,702479338843
28/08/2021 18:04:36|ivaArt --> 21
28/08/2021 18:04:36|hasarOCX.ImprimirItem --> OK
28/08/2021 18:04:36|Articulo --> rexona aero apx90 hombre
28/08/2021 18:04:36|cantidadArt B --> 2
28/08/2021 18:04:36|PrecVear --> 185
28/08/2021 18:04:36|montoArt --> 152,892561983471
28/08/2021 18:04:36|ivaArt --> 21
28/08/2021 18:04:37|hasarOCX.ImprimirItem --> OK
28/08/2021 18:04:37|Articulo --> nivea men gel afeitar x200ml
28/08/2021 18:04:37|cantidadArt B --> 1
28/08/2021 18:04:37|PrecVear --> 380
28/08/2021 18:04:37|montoArt --> 314,04958677686
28/08/2021 18:04:37|ivaArt --> 21
28/08/2021 18:04:37|hasarOCX.ImprimirItem --> OK
28/08/2021 18:04:37|Articulo --> acqua di colbert deo x250ml
28/08/2021 18:04:37|cantidadArt B --> 1
28/08/2021 18:04:37|PrecVear --> 350
28/08/2021 18:04:37|montoArt --> 289,256198347107
28/08/2021 18:04:37|ivaArt --> 21
28/08/2021 18:04:37|hasarOCX.ImprimirItem --> OK
28/08/2021 18:04:37|Cerrar Comprobante B:::
28/08/2021 18:04:40|Obtiene nrocomp
28/08/2021 18:04:41|nrocomp --> 13721
28/08/2021 18:04:41|Nro. de Comprobante ::: TFB ::: 13721
28/08/2021 18:12:33|cerrando pantalla venta
28/08/2021 18:13:54|Conectando..
28/08/2021 18:13:54|IP: 127.0.0.1 - Puerto: 6500
28/08/2021 18:13:55|Conectado con éxito!!
28/08/2021 18:14:07|cerrando pantalla venta
28/08/2021 18:14:08|Conectando..
28/08/2021 18:14:08|IP: 127.0.0.1 - Puerto: 6500
28/08/2021 18:14:09|Conectado con éxito!!
28/08/2021 18:23:07|Comienza Facturacion B
28/08/2021 18:23:07|DatosCliente B
28/08/2021 18:23:10|AbrirComprobanteFiscal B
28/08/2021 18:23:10|Articulo --> jyj x400ml sh (azul)
28/08/2021 18:23:10|cantidadArt B --> 1
28/08/2021 18:23:10|PrecVear --> 480
28/08/2021 18:23:10|montoArt --> 396,694214876033
28/08/2021 18:23:10|ivaArt --> 21
28/08/2021 18:23:10|hasarOCX.ImprimirItem --> OK
28/08/2021 18:23:10|Articulo --> estrella algodon super x400
28/08/2021 18:23:10|cantidadArt B --> 1
28/08/2021 18:23:10|PrecVear --> 430
28/08/2021 18:23:10|montoArt --> 355,371900826446
28/08/2021 18:23:10|ivaArt --> 21
28/08/2021 18:23:10|hasarOCX.ImprimirItem --> OK
28/08/2021 18:23:10|Articulo --> huggies flexi comfort xxg50
28/08/2021 18:23:10|cantidadArt B --> 1
28/08/2021 18:23:10|PrecVear --> 1400
28/08/2021 18:23:10|montoArt --> 1157,02479338843
28/08/2021 18:23:10|ivaArt --> 21
28/08/2021 18:23:11|hasarOCX.ImprimirItem --> OK
28/08/2021 18:23:11|Cerrar Comprobante B:::
28/08/2021 18:23:14|Obtiene nrocomp
28/08/2021 18:23:14|nrocomp --> 13722
28/08/2021 18:23:14|Nro. de Comprobante ::: TFB ::: 13722
28/08/2021 18:31:58|Comienza Facturacion B
28/08/2021 18:31:59|DatosCliente B
28/08/2021 18:32:01|AbrirComprobanteFiscal B
28/08/2021 18:32:01|Articulo --> varios
28/08/2021 18:32:01|cantidadArt B --> 1
28/08/2021 18:32:01|PrecVear --> 320
28/08/2021 18:32:01|montoArt --> 264,462809917355
28/08/2021 18:32:01|ivaArt --> 21
28/08/2021 18:32:01|hasarOCX.ImprimirItem --> OK
28/08/2021 18:32:01|Articulo --> ala para diluir x500ml
28/08/2021 18:32:01|cantidadArt B --> 1
28/08/2021 18:32:01|PrecVear --> 390
28/08/2021 18:32:01|montoArt --> 322,314049586777
28/08/2021 18:32:01|ivaArt --> 21
28/08/2021 18:32:02|hasarOCX.ImprimirItem --> OK
28/08/2021 18:32:02|Articulo --> tejar mascara great lash
28/08/2021 18:32:02|cantidadArt B --> 1
28/08/2021 18:32:02|PrecVear --> 420
28/08/2021 18:32:02|montoArt --> 347,107438016529
28/08/2021 18:32:02|ivaArt --> 21
28/08/2021 18:32:02|hasarOCX.ImprimirItem --> OK
28/08/2021 18:32:02|Cerrar Comprobante B:::
28/08/2021 18:32:05|Obtiene nrocomp
28/08/2021 18:32:05|nrocomp --> 13723
28/08/2021 18:32:05|Nro. de Comprobante ::: TFB ::: 13723
28/08/2021 18:42:33|Comienza Facturacion B
28/08/2021 18:42:34|DatosCliente B
28/08/2021 18:42:36|AbrirComprobanteFiscal B
28/08/2021 18:42:36|Articulo --> varios
28/08/2021 18:42:36|cantidadArt B --> 1
28/08/2021 18:42:36|PrecVear --> 295
28/08/2021 18:42:36|montoArt --> 243,801652892562
28/08/2021 18:42:36|ivaArt --> 21
28/08/2021 18:42:37|hasarOCX.ImprimirItem --> OK
28/08/2021 18:42:37|Cerrar Comprobante B:::
28/08/2021 18:42:40|Obtiene nrocomp
28/08/2021 18:42:40|nrocomp --> 13724
28/08/2021 18:42:40|Nro. de Comprobante ::: TFB ::: 13724
28/08/2021 18:46:06|cerrando pantalla venta
28/08/2021 18:46:08|Conectando..
28/08/2021 18:46:08|IP: 127.0.0.1 - Puerto: 6500
28/08/2021 18:46:09|Conectado con éxito!!
28/08/2021 18:52:13|cerrando pantalla venta
28/08/2021 18:52:16|Conectando..
28/08/2021 18:52:16|IP: 127.0.0.1 - Puerto: 6500
28/08/2021 18:52:17|Conectado con éxito!!
28/08/2021 18:55:11|Comienza Facturacion B
28/08/2021 18:55:11|DatosCliente B
28/08/2021 18:55:14|AbrirComprobanteFiscal B
28/08/2021 18:55:14|Articulo --> poett desinfectante espiritu play
28/08/2021 18:55:14|cantidadArt B --> 1
28/08/2021 18:55:14|PrecVear --> 75
28/08/2021 18:55:14|montoArt --> 61,9834710743802
28/08/2021 18:55:14|ivaArt --> 21
28/08/2021 18:55:14|hasarOCX.ImprimirItem --> OK
28/08/2021 18:55:14|Articulo --> gum cepillo 311 x2
28/08/2021 18:55:14|cantidadArt B --> 1
28/08/2021 18:55:14|PrecVear --> 735
28/08/2021 18:55:14|montoArt --> 607,438016528926
28/08/2021 18:55:14|ivaArt --> 21
28/08/2021 18:55:14|hasarOCX.ImprimirItem --> OK
28/08/2021 18:55:14|Articulo --> nivea deo aerox150 men fresh ocean
28/08/2021 18:55:14|cantidadArt B --> 1
28/08/2021 18:55:14|PrecVear --> 180
28/08/2021 18:55:14|montoArt --> 148,760330578512
28/08/2021 18:55:14|ivaArt --> 21
28/08/2021 18:55:15|hasarOCX.ImprimirItem --> OK
28/08/2021 18:55:15|Articulo --> trenet a bolillax120 hyperactive313
28/08/2021 18:55:15|cantidadArt B --> 1
28/08/2021 18:55:15|PrecVear --> 130
28/08/2021 18:55:15|montoArt --> 107,438016528926
28/08/2021 18:55:15|ivaArt --> 21
28/08/2021 18:55:15|hasarOCX.ImprimirItem --> OK
28/08/2021 18:55:15|Articulo --> el coloso lavandina x1lt basica
28/08/2021 18:55:15|cantidadArt B --> 1
28/08/2021 18:55:15|PrecVear --> 55
28/08/2021 18:55:15|montoArt --> 45,4545454545455
28/08/2021 18:55:15|ivaArt --> 21
28/08/2021 18:55:15|hasarOCX.ImprimirItem --> OK
28/08/2021 18:55:15|Cerrar Comprobante B:::
28/08/2021 18:55:18|Obtiene nrocomp
28/08/2021 18:55:19|nrocomp --> 13725
28/08/2021 18:55:19|Nro. de Comprobante ::: TFB ::: 13725
28/08/2021 19:00:01|Comienza Facturacion B
28/08/2021 19:00:01|DatosCliente B
28/08/2021 19:00:03|AbrirComprobanteFiscal B
28/08/2021 19:00:03|Articulo --> plenitud protect plus g/xg 16
28/08/2021 19:00:03|cantidadArt B --> 1
28/08/2021 19:00:03|PrecVear --> 1950
28/08/2021 19:00:03|montoArt --> 1611,57024793388
28/08/2021 19:00:03|ivaArt --> 21
28/08/2021 19:00:04|hasarOCX.ImprimirItem --> OK
28/08/2021 19:00:04|Articulo --> q soft toall. hum. con oleo amarillas
28/08/2021 19:00:04|cantidadArt B --> 1
28/08/2021 19:00:04|PrecVear --> 240
28/08/2021 19:00:04|montoArt --> 198,347107438017
28/08/2021 19:00:04|ivaArt --> 21
28/08/2021 19:00:04|hasarOCX.ImprimirItem --> OK
28/08/2021 19:00:04|Articulo --> pampers pants premium care xxg x24
28/08/2021 19:00:04|cantidadArt B --> 1
28/08/2021 19:00:04|PrecVear --> 880
28/08/2021 19:00:04|montoArt --> 727,272727272727
28/08/2021 19:00:04|ivaArt --> 21
28/08/2021 19:00:05|hasarOCX.ImprimirItem --> OK
28/08/2021 19:00:05|Cerrar Comprobante B:::
28/08/2021 19:00:08|Obtiene nrocomp
28/08/2021 19:00:08|nrocomp --> 13726
28/08/2021 19:00:08|Nro. de Comprobante ::: TFB ::: 13726
28/08/2021 19:02:10|cerrando pantalla venta
28/08/2021 19:02:25|Conectando..
28/08/2021 19:02:25|IP: 127.0.0.1 - Puerto: 6500
28/08/2021 19:02:26|Conectado con éxito!!
28/08/2021 19:10:33|cerrando pantalla venta
28/08/2021 19:10:34|Conectando..
28/08/2021 19:10:34|IP: 127.0.0.1 - Puerto: 6500
28/08/2021 19:10:35|Conectado con éxito!!
28/08/2021 19:11:21|cerrando pantalla venta
28/08/2021 19:11:23|Conectando..
28/08/2021 19:11:23|IP: 127.0.0.1 - Puerto: 6500
28/08/2021 19:11:24|Conectado con éxito!!
28/08/2021 19:18:56|Comienza Facturacion B
28/08/2021 19:18:57|DatosCliente B
28/08/2021 19:18:59|AbrirComprobanteFiscal B
28/08/2021 19:18:59|Articulo --> el coloso det.pvox3kg b.esp.
28/08/2021 19:18:59|cantidadArt B --> 1
28/08/2021 19:18:59|PrecVear --> 380
28/08/2021 19:18:59|montoArt --> 314,04958677686
28/08/2021 19:18:59|ivaArt --> 21
28/08/2021 19:19:00|hasarOCX.ImprimirItem --> OK
28/08/2021 19:19:00|Articulo --> pampers pants premium care xxg x24
28/08/2021 19:19:00|cantidadArt B --> 1
28/08/2021 19:19:00|PrecVear --> 880
28/08/2021 19:19:00|montoArt --> 727,272727272727
28/08/2021 19:19:00|ivaArt --> 21
28/08/2021 19:19:00|hasarOCX.ImprimirItem --> OK
28/08/2021 19:19:00|Cerrar Comprobante B:::
28/08/2021 19:19:03|Obtiene nrocomp
28/08/2021 19:19:03|nrocomp --> 13727
28/08/2021 19:19:03|Nro. de Comprobante ::: TFB ::: 13727
28/08/2021 19:26:45|Comienza Facturacion B
28/08/2021 19:26:45|DatosCliente B
28/08/2021 19:26:47|AbrirComprobanteFiscal B
28/08/2021 19:26:47|Articulo --> varios
28/08/2021 19:26:47|cantidadArt B --> 1
28/08/2021 19:26:47|PrecVear --> 230
28/08/2021 19:26:47|montoArt --> 190,082644628099
28/08/2021 19:26:47|ivaArt --> 21
28/08/2021 19:26:48|hasarOCX.ImprimirItem --> OK
28/08/2021 19:26:48|Articulo --> gillette foamy x312 mentol
28/08/2021 19:26:48|cantidadArt B --> 1
28/08/2021 19:26:48|PrecVear --> 398
28/08/2021 19:26:48|montoArt --> 328,925619834711
28/08/2021 19:26:48|ivaArt --> 21
28/08/2021 19:26:48|hasarOCX.ImprimirItem --> OK
28/08/2021 19:26:48|Articulo --> sussex rollo cocx3 clas
28/08/2021 19:26:48|cantidadArt B --> 1
28/08/2021 19:26:48|PrecVear --> 95
28/08/2021 19:26:48|montoArt --> 78,5123966942149
28/08/2021 19:26:48|ivaArt --> 21
28/08/2021 19:26:49|hasarOCX.ImprimirItem --> OK
28/08/2021 19:26:49|Articulo --> felpita para tu flia x4
28/08/2021 19:26:49|cantidadArt B --> 1
28/08/2021 19:26:49|PrecVear --> 85
28/08/2021 19:26:49|montoArt --> 70,2479338842975
28/08/2021 19:26:49|ivaArt --> 21
28/08/2021 19:26:49|hasarOCX.ImprimirItem --> OK
28/08/2021 19:26:49|Articulo --> magistral x500ml
28/08/2021 19:26:49|cantidadArt B --> 1
28/08/2021 19:26:49|PrecVear --> 195
28/08/2021 19:26:49|montoArt --> 161,157024793388
28/08/2021 19:26:49|ivaArt --> 21
28/08/2021 19:26:49|hasarOCX.ImprimirItem --> OK
28/08/2021 19:26:49|Cerrar Comprobante B:::
28/08/2021 19:26:52|Obtiene nrocomp
28/08/2021 19:26:52|nrocomp --> 13728
28/08/2021 19:26:52|Nro. de Comprobante ::: TFB ::: 13728
28/08/2021 19:28:30|Comienza Facturacion B
28/08/2021 19:28:31|DatosCliente B
28/08/2021 19:28:33|AbrirComprobanteFiscal B
28/08/2021 19:28:33|Articulo --> bolsas residuos 50*70
28/08/2021 19:28:33|cantidadArt B --> 2
28/08/2021 19:28:33|PrecVear --> 85
28/08/2021 19:28:33|montoArt --> 70,2479338842975
28/08/2021 19:28:33|ivaArt --> 21
28/08/2021 19:28:33|hasarOCX.ImprimirItem --> OK
28/08/2021 19:28:33|Articulo --> pampers supersec m72
28/08/2021 19:28:33|cantidadArt B --> 1
28/08/2021 19:28:33|PrecVear --> 1090
28/08/2021 19:28:33|montoArt --> 900,826446280992
28/08/2021 19:28:33|ivaArt --> 21
28/08/2021 19:28:34|hasarOCX.ImprimirItem --> OK
28/08/2021 19:28:34|Articulo --> felpita para tu flia x4
28/08/2021 19:28:34|cantidadArt B --> 1
28/08/2021 19:28:34|PrecVear --> 85
28/08/2021 19:28:34|montoArt --> 70,2479338842975
28/08/2021 19:28:34|ivaArt --> 21
28/08/2021 19:28:34|hasarOCX.ImprimirItem --> OK
28/08/2021 19:28:34|Cerrar Comprobante B:::
28/08/2021 19:28:37|Obtiene nrocomp
28/08/2021 19:28:37|nrocomp --> 13729
28/08/2021 19:28:37|Nro. de Comprobante ::: TFB ::: 13729
28/08/2021 19:36:42|Comienza Facturacion B
28/08/2021 19:36:42|DatosCliente B
28/08/2021 19:36:45|AbrirComprobanteFiscal B
28/08/2021 19:36:45|Articulo --> ala matic x800ml dp
28/08/2021 19:36:45|cantidadArt B --> 1
28/08/2021 19:36:45|PrecVear --> 159
28/08/2021 19:36:45|montoArt --> 131,404958677686
28/08/2021 19:36:45|ivaArt --> 21
28/08/2021 19:36:45|hasarOCX.ImprimirItem --> OK
28/08/2021 19:36:45|Articulo --> ob tamponesx8 super -9442 #
28/08/2021 19:36:45|cantidadArt B --> 1
28/08/2021 19:36:45|PrecVear --> 170
28/08/2021 19:36:45|montoArt --> 140,495867768595
28/08/2021 19:36:45|ivaArt --> 21
28/08/2021 19:36:45|hasarOCX.ImprimirItem --> OK
28/08/2021 19:36:45|Articulo --> slibre especial con alas
28/08/2021 19:36:45|cantidadArt B --> 2
28/08/2021 19:36:45|PrecVear --> 80
28/08/2021 19:36:45|montoArt --> 66,1157024793389
28/08/2021 19:36:45|ivaArt --> 21
28/08/2021 19:36:46|hasarOCX.ImprimirItem --> OK
28/08/2021 19:36:46|Articulo --> issue activ.cr 20v x47ml
28/08/2021 19:36:46|cantidadArt B --> 4
28/08/2021 19:36:46|PrecVear --> 20
28/08/2021 19:36:46|montoArt --> 16,5289256198347
28/08/2021 19:36:46|ivaArt --> 21
28/08/2021 19:36:46|hasarOCX.ImprimirItem --> OK
28/08/2021 19:36:46|Articulo --> goodmax rosa x1 maquina de afeitar x5 filos
28/08/2021 19:36:46|cantidadArt B --> 1
28/08/2021 19:36:46|PrecVear --> 80
28/08/2021 19:36:46|montoArt --> 66,1157024793389
28/08/2021 19:36:46|ivaArt --> 21
28/08/2021 19:36:46|hasarOCX.ImprimirItem --> OK
28/08/2021 19:36:46|Articulo --> varios
28/08/2021 19:36:46|cantidadArt B --> 4
28/08/2021 19:36:46|PrecVear --> 180
28/08/2021 19:36:46|montoArt --> 148,760330578512
28/08/2021 19:36:46|ivaArt --> 21
28/08/2021 19:36:47|hasarOCX.ImprimirItem --> OK
28/08/2021 19:36:47|Cerrar Comprobante B:::
28/08/2021 19:36:50|Obtiene nrocomp
28/08/2021 19:36:50|nrocomp --> 13730
28/08/2021 19:36:50|Nro. de Comprobante ::: TFB ::: 13730
28/08/2021 19:45:12|cerrando pantalla venta
28/08/2021 19:45:13|Conectando..
28/08/2021 19:45:13|IP: 127.0.0.1 - Puerto: 6500
28/08/2021 19:45:14|Conectado con éxito!!
28/08/2021 19:55:46|cerrando pantalla venta
28/08/2021 19:55:53|*************COMIENZA Cierre  Z**********
28/08/2021 19:56:01|CIERRE Z
Cierre Z Nº =[466]
Fecha del Cierre        =[28/08/2021 0:00:00]
DF Emitidos             =[33]
DF Cancelados           =[0]
DF Total                =[6481103]
DF Total Gravado        =[5356278]
DF Total No Gravado     =[0]
DF Total Exento         =[0]
DF Total IVA            =[1124825]
DF Total Otros Tributos =[0]
NC Emitidas             =[0]
NC Canceladas           =[0]
NC Total                =[0]
NC Total Gravado        =[0]
NC Total No Gravado     =[0]
NC Total Exento         =[0]
NC Total IVA            =[0]
NC Total Otros Tributos =[0]
DNFH Emitidos           =[0]
DNFH Total              =[0]

28/08/2021 19:56:30|Conectando..
28/08/2021 19:56:30|IP: 127.0.0.1 - Puerto: 6500
28/08/2021 19:56:31|Conectado con éxito!!
28/08/2021 19:57:21|cerrando pantalla venta
