03/05/2022 8:39:25|Conectando..
03/05/2022 8:39:25|IP: 127.0.0.1 - Puerto: 6500
03/05/2022 8:39:25|Conectado con éxito!!
03/05/2022 8:39:52|Comienza Facturacion B
03/05/2022 8:39:52|DatosCliente B
03/05/2022 8:39:56|AbrirComprobanteFiscal B
03/05/2022 8:39:56|Articulo --> energico cloro x5 l
03/05/2022 8:39:56|cantidadArt B --> 1
03/05/2022 8:39:56|PrecVear --> 430
03/05/2022 8:39:56|montoArt --> 355,371900826446
03/05/2022 8:39:56|ivaArt --> 21
03/05/2022 8:39:56|hasarOCX.ImprimirItem --> OK
03/05/2022 8:39:56|Articulo --> la porteña escobillon gauchito
03/05/2022 8:39:56|cantidadArt B --> 1
03/05/2022 8:39:56|PrecVear --> 210
03/05/2022 8:39:56|montoArt --> 173,553719008264
03/05/2022 8:39:56|ivaArt --> 21
03/05/2022 8:39:56|hasarOCX.ImprimirItem --> OK
03/05/2022 8:39:56|Articulo --> odex limpiador x4 lt
03/05/2022 8:39:56|cantidadArt B --> 1
03/05/2022 8:39:56|PrecVear --> 450
03/05/2022 8:39:56|montoArt --> 371,900826446281
03/05/2022 8:39:56|ivaArt --> 21
03/05/2022 8:39:57|hasarOCX.ImprimirItem --> OK
03/05/2022 8:39:57|Cerrar Comprobante B:::
03/05/2022 8:40:00|Obtiene nrocomp
03/05/2022 8:40:00|nrocomp --> 21701
03/05/2022 8:40:00|Nro. de Comprobante ::: TFB ::: 21701
03/05/2022 8:40:00|Ety.TicketFiscal: 21701
03/05/2022 9:24:41|Comienza Facturacion B
03/05/2022 9:24:41|DatosCliente B
03/05/2022 9:24:44|AbrirComprobanteFiscal B
03/05/2022 9:24:44|Articulo --> fosforos tres patitos x222
03/05/2022 9:24:44|cantidadArt B --> 4
03/05/2022 9:24:44|PrecVear --> 98
03/05/2022 9:24:44|montoArt --> 80,9917355371901
03/05/2022 9:24:44|ivaArt --> 21
03/05/2022 9:24:44|hasarOCX.ImprimirItem --> OK
03/05/2022 9:24:44|Articulo --> el coloso jabon blanco x 2
03/05/2022 9:24:44|cantidadArt B --> 3
03/05/2022 9:24:44|PrecVear --> 90
03/05/2022 9:24:44|montoArt --> 74,3801652892562
03/05/2022 9:24:44|ivaArt --> 21
03/05/2022 9:24:44|hasarOCX.ImprimirItem --> OK
03/05/2022 9:24:44|Cerrar Comprobante B:::
03/05/2022 9:24:47|Obtiene nrocomp
03/05/2022 9:24:48|nrocomp --> 21702
03/05/2022 9:24:48|Nro. de Comprobante ::: TFB ::: 21702
03/05/2022 9:24:48|Ety.TicketFiscal: 21702
03/05/2022 9:25:39|Comienza Facturacion B
03/05/2022 9:25:39|DatosCliente B
03/05/2022 9:25:42|AbrirComprobanteFiscal B
03/05/2022 9:25:42|Articulo --> el coloso jabon blanco x 2
03/05/2022 9:25:42|cantidadArt B --> 3
03/05/2022 9:25:42|PrecVear --> 90
03/05/2022 9:25:42|montoArt --> 74,3801652892562
03/05/2022 9:25:42|ivaArt --> 21
03/05/2022 9:25:42|hasarOCX.ImprimirItem --> OK
03/05/2022 9:25:42|Articulo --> fosforos tres patitos x222
03/05/2022 9:25:42|cantidadArt B --> 4
03/05/2022 9:25:42|PrecVear --> 98
03/05/2022 9:25:42|montoArt --> 80,9917355371901
03/05/2022 9:25:42|ivaArt --> 21
03/05/2022 9:25:42|hasarOCX.ImprimirItem --> OK
03/05/2022 9:25:42|Cerrar Comprobante B:::
03/05/2022 9:25:45|Obtiene nrocomp
03/05/2022 9:25:46|nrocomp --> 21703
03/05/2022 9:25:46|Nro. de Comprobante ::: TFB ::: 21703
03/05/2022 9:25:46|Ety.TicketFiscal: 21703
03/05/2022 9:41:29|Comienza Facturacion B
03/05/2022 9:41:29|DatosCliente B
03/05/2022 9:41:32|AbrirComprobanteFiscal B
03/05/2022 9:41:32|Articulo --> elite pañuelo descartable x 6u
03/05/2022 9:41:32|cantidadArt B --> 1
03/05/2022 9:41:32|PrecVear --> 110
03/05/2022 9:41:32|montoArt --> 90,9090909090909
03/05/2022 9:41:32|ivaArt --> 21
03/05/2022 9:41:32|hasarOCX.ImprimirItem --> OK
03/05/2022 9:41:32|Articulo --> rexona efficientx200g talco original
03/05/2022 9:41:32|cantidadArt B --> 1
03/05/2022 9:41:32|PrecVear --> 320
03/05/2022 9:41:32|montoArt --> 264,462809917355
03/05/2022 9:41:32|ivaArt --> 21
03/05/2022 9:41:33|hasarOCX.ImprimirItem --> OK
03/05/2022 9:41:33|Articulo --> algabo jabon liq x300ml
03/05/2022 9:41:33|cantidadArt B --> 1
03/05/2022 9:41:33|PrecVear --> 140
03/05/2022 9:41:33|montoArt --> 115,702479338843
03/05/2022 9:41:33|ivaArt --> 21
03/05/2022 9:41:33|hasarOCX.ImprimirItem --> OK
03/05/2022 9:41:33|Articulo --> ayudin quitamanchas x650ml
03/05/2022 9:41:33|cantidadArt B --> 1
03/05/2022 9:41:33|PrecVear --> 265
03/05/2022 9:41:33|montoArt --> 219,00826446281
03/05/2022 9:41:33|ivaArt --> 21
03/05/2022 9:41:34|hasarOCX.ImprimirItem --> OK
03/05/2022 9:41:34|Articulo --> sagarda madre sahumerios palo santo
03/05/2022 9:41:34|cantidadArt B --> 1
03/05/2022 9:41:34|PrecVear --> 230
03/05/2022 9:41:34|montoArt --> 190,082644628099
03/05/2022 9:41:34|ivaArt --> 21
03/05/2022 9:41:34|hasarOCX.ImprimirItem --> OK
03/05/2022 9:41:34|Articulo --> calipso pd colaless x20
03/05/2022 9:41:34|cantidadArt B --> 1
03/05/2022 9:41:34|PrecVear --> 140
03/05/2022 9:41:34|montoArt --> 115,702479338843
03/05/2022 9:41:34|ivaArt --> 21
03/05/2022 9:41:34|hasarOCX.ImprimirItem --> OK
03/05/2022 9:41:34|Articulo --> ala liquido 3 l dp
03/05/2022 9:41:34|cantidadArt B --> 1
03/05/2022 9:41:34|PrecVear --> 690
03/05/2022 9:41:34|montoArt --> 570,247933884297
03/05/2022 9:41:34|ivaArt --> 21
03/05/2022 9:41:35|hasarOCX.ImprimirItem --> OK
03/05/2022 9:41:35|Articulo --> mary bosques lifting en crema dp x250 % Dto: 20
03/05/2022 9:41:35|cantidadArt B --> 1
03/05/2022 9:41:35|PrecVear --> 444
03/05/2022 9:41:35|montoArt --> 366,942148760331
03/05/2022 9:41:35|ivaArt --> 21
03/05/2022 9:41:35|hasarOCX.ImprimirItem --> OK
03/05/2022 9:41:35|Cerrar Comprobante B:::
03/05/2022 9:41:38|Obtiene nrocomp
03/05/2022 9:41:38|nrocomp --> 21704
03/05/2022 9:41:38|Nro. de Comprobante ::: TFB ::: 21704
03/05/2022 9:41:38|Ety.TicketFiscal: 21704
03/05/2022 9:42:47|Comienza Facturacion B
03/05/2022 9:42:48|DatosCliente B
03/05/2022 9:42:50|AbrirComprobanteFiscal B
03/05/2022 9:42:50|Articulo --> noc 10 cr.dentalx70
03/05/2022 9:42:50|cantidadArt B --> 1
03/05/2022 9:42:50|PrecVear --> 350
03/05/2022 9:42:50|montoArt --> 289,256198347107
03/05/2022 9:42:50|ivaArt --> 21
03/05/2022 9:42:51|hasarOCX.ImprimirItem --> OK
03/05/2022 9:42:51|Cerrar Comprobante B:::
03/05/2022 9:42:54|Obtiene nrocomp
03/05/2022 9:42:54|nrocomp --> 21705
03/05/2022 9:42:54|Nro. de Comprobante ::: TFB ::: 21705
03/05/2022 9:42:54|Ety.TicketFiscal: 21705
03/05/2022 9:58:45|Comienza Facturacion B
03/05/2022 9:58:45|DatosCliente B
03/05/2022 9:58:48|AbrirComprobanteFiscal B
03/05/2022 9:58:48|Articulo --> cif crema multiuso x375 nvo
03/05/2022 9:58:48|cantidadArt B --> 1
03/05/2022 9:58:48|PrecVear --> 130
03/05/2022 9:58:48|montoArt --> 107,438016528926
03/05/2022 9:58:48|ivaArt --> 21
03/05/2022 9:58:48|hasarOCX.ImprimirItem --> OK
03/05/2022 9:58:48|Articulo --> teatrical cr.aclaradora x 200 grs 200
03/05/2022 9:58:48|cantidadArt B --> 1
03/05/2022 9:58:48|PrecVear --> 720
03/05/2022 9:58:48|montoArt --> 595,04132231405
03/05/2022 9:58:48|ivaArt --> 21
03/05/2022 9:58:49|hasarOCX.ImprimirItem --> OK
03/05/2022 9:58:49|Cerrar Comprobante B:::
03/05/2022 9:58:52|Obtiene nrocomp
03/05/2022 9:58:52|nrocomp --> 21706
03/05/2022 9:58:52|Nro. de Comprobante ::: TFB ::: 21706
03/05/2022 9:58:52|Ety.TicketFiscal: 21706
03/05/2022 9:59:58|Comienza Facturacion B
03/05/2022 9:59:58|DatosCliente B
03/05/2022 10:00:01|AbrirComprobanteFiscal B
03/05/2022 10:00:01|Articulo --> batuki medias de bebe
03/05/2022 10:00:01|cantidadArt B --> 1
03/05/2022 10:00:01|PrecVear --> 350
03/05/2022 10:00:01|montoArt --> 289,256198347107
03/05/2022 10:00:01|ivaArt --> 21
03/05/2022 10:00:01|hasarOCX.ImprimirItem --> OK
03/05/2022 10:00:01|Articulo --> pampers pants confort sec m x48
03/05/2022 10:00:01|cantidadArt B --> 2
03/05/2022 10:00:01|PrecVear --> 1630
03/05/2022 10:00:01|montoArt --> 1347,10743801653
03/05/2022 10:00:01|ivaArt --> 21
03/05/2022 10:00:02|hasarOCX.ImprimirItem --> OK
03/05/2022 10:00:02|Cerrar Comprobante B:::
03/05/2022 10:00:05|Obtiene nrocomp
03/05/2022 10:00:05|nrocomp --> 21707
03/05/2022 10:00:05|Nro. de Comprobante ::: TFB ::: 21707
03/05/2022 10:00:05|Ety.TicketFiscal: 21707
03/05/2022 10:43:33|Comienza Facturacion B
03/05/2022 10:43:33|DatosCliente B
03/05/2022 10:43:36|AbrirComprobanteFiscal B
03/05/2022 10:43:36|Articulo --> saphirus mini concentrado 'vainilla
03/05/2022 10:43:36|cantidadArt B --> 1
03/05/2022 10:43:36|PrecVear --> 190
03/05/2022 10:43:36|montoArt --> 157,02479338843
03/05/2022 10:43:36|ivaArt --> 21
03/05/2022 10:43:36|hasarOCX.ImprimirItem --> OK
03/05/2022 10:43:36|Articulo --> saphirus mini concentrado 'oriente
03/05/2022 10:43:36|cantidadArt B --> 1
03/05/2022 10:43:36|PrecVear --> 190
03/05/2022 10:43:36|montoArt --> 157,02479338843
03/05/2022 10:43:36|ivaArt --> 21
03/05/2022 10:43:37|hasarOCX.ImprimirItem --> OK
03/05/2022 10:43:37|Articulo --> poett canasta 27.5g rep-27818
03/05/2022 10:43:37|cantidadArt B --> 1
03/05/2022 10:43:37|PrecVear --> 150
03/05/2022 10:43:37|montoArt --> 123,96694214876
03/05/2022 10:43:37|ivaArt --> 21
03/05/2022 10:43:37|hasarOCX.ImprimirItem --> OK
03/05/2022 10:43:37|Articulo --> raid azul power shot
03/05/2022 10:43:37|cantidadArt B --> 1
03/05/2022 10:43:37|PrecVear --> 280
03/05/2022 10:43:37|montoArt --> 231,404958677686
03/05/2022 10:43:37|ivaArt --> 21
03/05/2022 10:43:37|hasarOCX.ImprimirItem --> OK
03/05/2022 10:43:37|Articulo --> bolsas de residuos 80*110
03/05/2022 10:43:37|cantidadArt B --> 1
03/05/2022 10:43:37|PrecVear --> 370
03/05/2022 10:43:37|montoArt --> 305,785123966942
03/05/2022 10:43:37|ivaArt --> 21
03/05/2022 10:43:38|hasarOCX.ImprimirItem --> OK
03/05/2022 10:43:38|Articulo --> ceramicol quick x800 negro
03/05/2022 10:43:38|cantidadArt B --> 1
03/05/2022 10:43:38|PrecVear --> 390
03/05/2022 10:43:38|montoArt --> 322,314049586777
03/05/2022 10:43:38|ivaArt --> 21
03/05/2022 10:43:38|hasarOCX.ImprimirItem --> OK
03/05/2022 10:43:38|Articulo --> goodmax rosa x1 maquina de afeitar x5 filos
03/05/2022 10:43:38|cantidadArt B --> 4
03/05/2022 10:43:38|PrecVear --> 98
03/05/2022 10:43:38|montoArt --> 80,9917355371901
03/05/2022 10:43:38|ivaArt --> 21
03/05/2022 10:43:39|hasarOCX.ImprimirItem --> OK
03/05/2022 10:43:39|Cerrar Comprobante B:::
03/05/2022 10:43:42|Obtiene nrocomp
03/05/2022 10:43:42|nrocomp --> 21708
03/05/2022 10:43:42|Nro. de Comprobante ::: TFB ::: 21708
03/05/2022 10:43:42|Ety.TicketFiscal: 21708
03/05/2022 10:47:56|cerrando pantalla venta
03/05/2022 10:56:35|Conectando..
03/05/2022 10:56:35|IP: 127.0.0.1 - Puerto: 6500
03/05/2022 10:56:36|Conectado con éxito!!
03/05/2022 11:00:45|Comienza Facturacion B
03/05/2022 11:00:46|DatosCliente B
03/05/2022 11:00:48|AbrirComprobanteFiscal B
03/05/2022 11:00:48|Articulo --> bolsas de residuos 60*90
03/05/2022 11:00:48|cantidadArt B --> 1
03/05/2022 11:00:48|PrecVear --> 185
03/05/2022 11:00:48|montoArt --> 152,892561983471
03/05/2022 11:00:48|ivaArt --> 21
03/05/2022 11:00:48|hasarOCX.ImprimirItem --> OK
03/05/2022 11:00:48|Articulo --> cicatricure cr.agecare aclarante 50g.
03/05/2022 11:00:48|cantidadArt B --> 1
03/05/2022 11:00:48|PrecVear --> 1050
03/05/2022 11:00:48|montoArt --> 867,768595041322
03/05/2022 11:00:48|ivaArt --> 21
03/05/2022 11:00:49|hasarOCX.ImprimirItem --> OK
03/05/2022 11:00:49|Articulo --> pantene x200ml
03/05/2022 11:00:49|cantidadArt B --> 2
03/05/2022 11:00:49|PrecVear --> 390
03/05/2022 11:00:49|montoArt --> 322,314049586777
03/05/2022 11:00:49|ivaArt --> 21
03/05/2022 11:00:49|hasarOCX.ImprimirItem --> OK
03/05/2022 11:00:49|Articulo --> condor secador de vidrios
03/05/2022 11:00:49|cantidadArt B --> 1
03/05/2022 11:00:49|PrecVear --> 290
03/05/2022 11:00:49|montoArt --> 239,669421487603
03/05/2022 11:00:49|ivaArt --> 21
03/05/2022 11:00:49|hasarOCX.ImprimirItem --> OK
03/05/2022 11:00:49|Cerrar Comprobante B:::
03/05/2022 11:00:52|Obtiene nrocomp
03/05/2022 11:00:53|nrocomp --> 21709
03/05/2022 11:00:53|Nro. de Comprobante ::: TFB ::: 21709
03/05/2022 11:00:53|Ety.TicketFiscal: 21709
03/05/2022 11:09:20|Comienza Facturacion B
03/05/2022 11:09:20|DatosCliente B
03/05/2022 11:09:23|AbrirComprobanteFiscal B
03/05/2022 11:09:23|Articulo --> suave sh y ac lacio
03/05/2022 11:09:23|cantidadArt B --> 1
03/05/2022 11:09:23|PrecVear --> 211
03/05/2022 11:09:23|montoArt --> 174,380165289256
03/05/2022 11:09:23|ivaArt --> 21
03/05/2022 11:09:23|hasarOCX.ImprimirItem --> OK
03/05/2022 11:09:23|Articulo --> el coloso rollo cocx3 x 40paños
03/05/2022 11:09:23|cantidadArt B --> 1
03/05/2022 11:09:23|PrecVear --> 110
03/05/2022 11:09:23|montoArt --> 90,9090909090909
03/05/2022 11:09:23|ivaArt --> 21
03/05/2022 11:09:24|hasarOCX.ImprimirItem --> OK
03/05/2022 11:09:24|Articulo --> make pulverizador multiuso x710cm3
03/05/2022 11:09:24|cantidadArt B --> 1
03/05/2022 11:09:24|PrecVear --> 170
03/05/2022 11:09:24|montoArt --> 140,495867768595
03/05/2022 11:09:24|ivaArt --> 21
03/05/2022 11:09:24|hasarOCX.ImprimirItem --> OK
03/05/2022 11:09:24|Articulo --> veritas jab.glicx120 aceit.esenc
03/05/2022 11:09:24|cantidadArt B --> 1
03/05/2022 11:09:24|PrecVear --> 115
03/05/2022 11:09:24|montoArt --> 95,0413223140496
03/05/2022 11:09:24|ivaArt --> 21
03/05/2022 11:09:24|hasarOCX.ImprimirItem --> OK
03/05/2022 11:09:24|Articulo --> sedal acondx300ml dp bomba nutricion
03/05/2022 11:09:24|cantidadArt B --> 2
03/05/2022 11:09:24|PrecVear --> 195
03/05/2022 11:09:24|montoArt --> 161,157024793388
03/05/2022 11:09:24|ivaArt --> 21
03/05/2022 11:09:25|hasarOCX.ImprimirItem --> OK
03/05/2022 11:09:25|Articulo --> el coloso limp.liqx900 floral
03/05/2022 11:09:25|cantidadArt B --> 1
03/05/2022 11:09:25|PrecVear --> 78
03/05/2022 11:09:25|montoArt --> 64,4628099173554
03/05/2022 11:09:25|ivaArt --> 21
03/05/2022 11:09:25|hasarOCX.ImprimirItem --> OK
03/05/2022 11:09:25|Articulo --> sedal chx300ml d.pack cr.balance
03/05/2022 11:09:25|cantidadArt B --> 1
03/05/2022 11:09:25|PrecVear --> 195
03/05/2022 11:09:25|montoArt --> 161,157024793388
03/05/2022 11:09:25|ivaArt --> 21
03/05/2022 11:09:26|hasarOCX.ImprimirItem --> OK
03/05/2022 11:09:26|Articulo --> sedal chx300ml d.pack rest.inst
03/05/2022 11:09:26|cantidadArt B --> 1
03/05/2022 11:09:26|PrecVear --> 195
03/05/2022 11:09:26|montoArt --> 161,157024793388
03/05/2022 11:09:26|ivaArt --> 21
03/05/2022 11:09:26|hasarOCX.ImprimirItem --> OK
03/05/2022 11:09:26|Articulo --> felpita para tu flia x4
03/05/2022 11:09:26|cantidadArt B --> 1
03/05/2022 11:09:26|PrecVear --> 160
03/05/2022 11:09:26|montoArt --> 132,231404958678
03/05/2022 11:09:26|ivaArt --> 21
03/05/2022 11:09:26|hasarOCX.ImprimirItem --> OK
03/05/2022 11:09:26|Cerrar Comprobante B:::
03/05/2022 11:09:29|Obtiene nrocomp
03/05/2022 11:09:30|nrocomp --> 21710
03/05/2022 11:09:30|Nro. de Comprobante ::: TFB ::: 21710
03/05/2022 11:09:30|Ety.TicketFiscal: 21710
03/05/2022 11:15:39|Comienza Facturacion B
03/05/2022 11:15:39|DatosCliente B
03/05/2022 11:15:42|AbrirComprobanteFiscal B
03/05/2022 11:15:42|Articulo --> varios
03/05/2022 11:15:42|cantidadArt B --> 1
03/05/2022 11:15:42|PrecVear --> 2340
03/05/2022 11:15:42|montoArt --> 1933,88429752066
03/05/2022 11:15:42|ivaArt --> 21
03/05/2022 11:15:42|hasarOCX.ImprimirItem --> OK
03/05/2022 11:15:42|Articulo --> varios
03/05/2022 11:15:42|cantidadArt B --> 1
03/05/2022 11:15:42|PrecVear --> 1890
03/05/2022 11:15:42|montoArt --> 1561,98347107438
03/05/2022 11:15:42|ivaArt --> 21
03/05/2022 11:15:42|hasarOCX.ImprimirItem --> OK
03/05/2022 11:15:42|Articulo --> varios
03/05/2022 11:15:42|cantidadArt B --> 1
03/05/2022 11:15:42|PrecVear --> 615
03/05/2022 11:15:42|montoArt --> 508,264462809917
03/05/2022 11:15:42|ivaArt --> 21
03/05/2022 11:15:43|hasarOCX.ImprimirItem --> OK
03/05/2022 11:15:43|Articulo --> varios
03/05/2022 11:15:43|cantidadArt B --> 1
03/05/2022 11:15:43|PrecVear --> 5990
03/05/2022 11:15:43|montoArt --> 4950,4132231405
03/05/2022 11:15:43|ivaArt --> 21
03/05/2022 11:15:43|hasarOCX.ImprimirItem --> OK
03/05/2022 11:15:43|Cerrar Comprobante B:::
03/05/2022 11:15:46|Obtiene nrocomp
03/05/2022 11:15:46|nrocomp --> 21711
03/05/2022 11:15:46|Nro. de Comprobante ::: TFB ::: 21711
03/05/2022 11:15:46|Ety.TicketFiscal: 21711
03/05/2022 11:16:05|Comienza Facturacion B
03/05/2022 11:16:05|DatosCliente B
03/05/2022 11:16:07|AbrirComprobanteFiscal B
03/05/2022 11:16:07|Articulo --> saphirus aromatizantes de ambiente (aerosol) tropical
03/05/2022 11:16:07|cantidadArt B --> 1
03/05/2022 11:16:07|PrecVear --> 380
03/05/2022 11:16:07|montoArt --> 314,04958677686
03/05/2022 11:16:07|ivaArt --> 21
03/05/2022 11:16:08|hasarOCX.ImprimirItem --> OK
03/05/2022 11:16:08|Articulo --> ponds crema 'c' x100gr
03/05/2022 11:16:08|cantidadArt B --> 1
03/05/2022 11:16:08|PrecVear --> 380
03/05/2022 11:16:08|montoArt --> 314,04958677686
03/05/2022 11:16:08|ivaArt --> 21
03/05/2022 11:16:08|hasarOCX.ImprimirItem --> OK
03/05/2022 11:16:08|Cerrar Comprobante B:::
03/05/2022 11:16:11|Obtiene nrocomp
03/05/2022 11:16:12|nrocomp --> 21712
03/05/2022 11:16:12|Nro. de Comprobante ::: TFB ::: 21712
03/05/2022 11:16:12|Ety.TicketFiscal: 21712
03/05/2022 11:20:36|Comienza Facturacion B
03/05/2022 11:20:37|DatosCliente B
03/05/2022 11:20:39|AbrirComprobanteFiscal B
03/05/2022 11:20:39|Articulo --> colgate total 12 clean mint x140 g
03/05/2022 11:20:39|cantidadArt B --> 1
03/05/2022 11:20:39|PrecVear --> 530
03/05/2022 11:20:39|montoArt --> 438,01652892562
03/05/2022 11:20:39|ivaArt --> 21
03/05/2022 11:20:39|hasarOCX.ImprimirItem --> OK
03/05/2022 11:20:39|Articulo --> condor cepillo de uñas
03/05/2022 11:20:39|cantidadArt B --> 1
03/05/2022 11:20:39|PrecVear --> 110
03/05/2022 11:20:39|montoArt --> 90,9090909090909
03/05/2022 11:20:39|ivaArt --> 21
03/05/2022 11:20:40|hasarOCX.ImprimirItem --> OK
03/05/2022 11:20:40|Articulo --> elite pañuelo descartable x 6u
03/05/2022 11:20:40|cantidadArt B --> 1
03/05/2022 11:20:40|PrecVear --> 110
03/05/2022 11:20:40|montoArt --> 90,9090909090909
03/05/2022 11:20:40|ivaArt --> 21
03/05/2022 11:20:40|hasarOCX.ImprimirItem --> OK
03/05/2022 11:20:40|Articulo --> saphirus aromatizante textil indiana
03/05/2022 11:20:40|cantidadArt B --> 1
03/05/2022 11:20:40|PrecVear --> 260
03/05/2022 11:20:40|montoArt --> 214,876033057851
03/05/2022 11:20:40|ivaArt --> 21
03/05/2022 11:20:41|hasarOCX.ImprimirItem --> OK
03/05/2022 11:20:41|Articulo --> dove jabon x90 blanco
03/05/2022 11:20:41|cantidadArt B --> 2
03/05/2022 11:20:41|PrecVear --> 140
03/05/2022 11:20:41|montoArt --> 115,702479338843
03/05/2022 11:20:41|ivaArt --> 21
03/05/2022 11:20:41|hasarOCX.ImprimirItem --> OK
03/05/2022 11:20:41|Articulo --> nutri-champú c/vit. "e" x400ml % Dto: 20
03/05/2022 11:20:41|cantidadArt B --> 1
03/05/2022 11:20:41|PrecVear --> 933
03/05/2022 11:20:41|montoArt --> 771,074380165289
03/05/2022 11:20:41|ivaArt --> 21
03/05/2022 11:20:41|hasarOCX.ImprimirItem --> OK
03/05/2022 11:20:41|Articulo --> raid azul power shot
03/05/2022 11:20:41|cantidadArt B --> 1
03/05/2022 11:20:41|PrecVear --> 280
03/05/2022 11:20:41|montoArt --> 231,404958677686
03/05/2022 11:20:41|ivaArt --> 21
03/05/2022 11:20:42|hasarOCX.ImprimirItem --> OK
03/05/2022 11:20:42|Articulo --> ceramicol quick x800 rojo
03/05/2022 11:20:42|cantidadArt B --> 1
03/05/2022 11:20:42|PrecVear --> 390
03/05/2022 11:20:42|montoArt --> 322,314049586777
03/05/2022 11:20:42|ivaArt --> 21
03/05/2022 11:20:42|hasarOCX.ImprimirItem --> OK
03/05/2022 11:20:42|Articulo --> algabo jabon liq x300ml
03/05/2022 11:20:42|cantidadArt B --> 1
03/05/2022 11:20:42|PrecVear --> 140
03/05/2022 11:20:42|montoArt --> 115,702479338843
03/05/2022 11:20:42|ivaArt --> 21
03/05/2022 11:20:42|hasarOCX.ImprimirItem --> OK
03/05/2022 11:20:42|Articulo --> harpic antisarro
03/05/2022 11:20:42|cantidadArt B --> 1
03/05/2022 11:20:42|PrecVear --> 250
03/05/2022 11:20:42|montoArt --> 206,611570247934
03/05/2022 11:20:42|ivaArt --> 21
03/05/2022 11:20:43|hasarOCX.ImprimirItem --> OK
03/05/2022 11:20:43|Articulo --> blem aero original
03/05/2022 11:20:43|cantidadArt B --> 1
03/05/2022 11:20:43|PrecVear --> 340
03/05/2022 11:20:43|montoArt --> 280,99173553719
03/05/2022 11:20:43|ivaArt --> 21
03/05/2022 11:20:43|hasarOCX.ImprimirItem --> OK
03/05/2022 11:20:43|Articulo --> odex original polvo x400 g.
03/05/2022 11:20:43|cantidadArt B --> 1
03/05/2022 11:20:43|PrecVear --> 140
03/05/2022 11:20:43|montoArt --> 115,702479338843
03/05/2022 11:20:43|ivaArt --> 21
03/05/2022 11:20:43|hasarOCX.ImprimirItem --> OK
03/05/2022 11:20:43|Cerrar Comprobante B:::
03/05/2022 11:20:46|Obtiene nrocomp
03/05/2022 11:20:47|nrocomp --> 21713
03/05/2022 11:20:47|Nro. de Comprobante ::: TFB ::: 21713
03/05/2022 11:20:47|Ety.TicketFiscal: 21713
03/05/2022 11:23:42|Comienza Facturacion B
03/05/2022 11:23:42|DatosCliente B
03/05/2022 11:23:45|AbrirComprobanteFiscal B
03/05/2022 11:23:45|Articulo --> kimbies toallitas humedas
03/05/2022 11:23:45|cantidadArt B --> 1
03/05/2022 11:23:45|PrecVear --> 230
03/05/2022 11:23:45|montoArt --> 190,082644628099
03/05/2022 11:23:45|ivaArt --> 21
03/05/2022 11:23:45|hasarOCX.ImprimirItem --> OK
03/05/2022 11:23:45|Articulo --> raid azul power shot
03/05/2022 11:23:45|cantidadArt B --> 1
03/05/2022 11:23:45|PrecVear --> 280
03/05/2022 11:23:45|montoArt --> 231,404958677686
03/05/2022 11:23:45|ivaArt --> 21
03/05/2022 11:23:45|hasarOCX.ImprimirItem --> OK
03/05/2022 11:23:45|Articulo --> rexona jabon x125
03/05/2022 11:23:45|cantidadArt B --> 1
03/05/2022 11:23:45|PrecVear --> 90
03/05/2022 11:23:45|montoArt --> 74,3801652892562
03/05/2022 11:23:45|ivaArt --> 21
03/05/2022 11:23:46|hasarOCX.ImprimirItem --> OK
03/05/2022 11:23:46|Articulo --> plusbelle jabx125
03/05/2022 11:23:46|cantidadArt B --> 2
03/05/2022 11:23:46|PrecVear --> 110
03/05/2022 11:23:46|montoArt --> 90,9090909090909
03/05/2022 11:23:46|ivaArt --> 21
03/05/2022 11:23:46|hasarOCX.ImprimirItem --> OK
03/05/2022 11:23:46|Articulo --> el coloso guantes max talle7 chico
03/05/2022 11:23:46|cantidadArt B --> 1
03/05/2022 11:23:46|PrecVear --> 230
03/05/2022 11:23:46|montoArt --> 190,082644628099
03/05/2022 11:23:46|ivaArt --> 21
03/05/2022 11:23:46|hasarOCX.ImprimirItem --> OK
03/05/2022 11:23:46|Articulo --> fidelite crema de peinado argan
03/05/2022 11:23:46|cantidadArt B --> 1
03/05/2022 11:23:46|PrecVear --> 610
03/05/2022 11:23:46|montoArt --> 504,132231404959
03/05/2022 11:23:46|ivaArt --> 21
03/05/2022 11:23:47|hasarOCX.ImprimirItem --> OK
03/05/2022 11:23:47|Articulo --> bolsas de residuos 60*90
03/05/2022 11:23:47|cantidadArt B --> 1
03/05/2022 11:23:47|PrecVear --> 185
03/05/2022 11:23:47|montoArt --> 152,892561983471
03/05/2022 11:23:47|ivaArt --> 21
03/05/2022 11:23:47|hasarOCX.ImprimirItem --> OK
03/05/2022 11:23:47|Cerrar Comprobante B:::
03/05/2022 11:23:50|Obtiene nrocomp
03/05/2022 11:23:50|nrocomp --> 21714
03/05/2022 11:23:50|Nro. de Comprobante ::: TFB ::: 21714
03/05/2022 11:23:50|Ety.TicketFiscal: 21714
03/05/2022 11:34:48|Comienza Facturacion B
03/05/2022 11:34:48|DatosCliente B
03/05/2022 11:34:51|AbrirComprobanteFiscal B
03/05/2022 11:34:51|Articulo --> bowen cera depilatoria en barra x22g
03/05/2022 11:34:51|cantidadArt B --> 1
03/05/2022 11:34:51|PrecVear --> 240
03/05/2022 11:34:51|montoArt --> 198,347107438017
03/05/2022 11:34:51|ivaArt --> 21
03/05/2022 11:34:51|hasarOCX.ImprimirItem --> OK
03/05/2022 11:34:51|Articulo --> hennia aposito incontinencia plus
03/05/2022 11:34:51|cantidadArt B --> 1
03/05/2022 11:34:51|PrecVear --> 560
03/05/2022 11:34:51|montoArt --> 462,809917355372
03/05/2022 11:34:51|ivaArt --> 21
03/05/2022 11:34:52|hasarOCX.ImprimirItem --> OK
03/05/2022 11:34:52|Articulo --> cutex quitaesmalte hipoalergenico x100 ml
03/05/2022 11:34:52|cantidadArt B --> 1
03/05/2022 11:34:52|PrecVear --> 180
03/05/2022 11:34:52|montoArt --> 148,760330578512
03/05/2022 11:34:52|ivaArt --> 21
03/05/2022 11:34:52|hasarOCX.ImprimirItem --> OK
03/05/2022 11:34:52|Articulo --> sensodyne cr.dentx90 multipro
03/05/2022 11:34:52|cantidadArt B --> 1
03/05/2022 11:34:52|PrecVear --> 450
03/05/2022 11:34:52|montoArt --> 371,900826446281
03/05/2022 11:34:52|ivaArt --> 21
03/05/2022 11:34:52|hasarOCX.ImprimirItem --> OK
03/05/2022 11:34:52|Articulo --> balsam c/extr. de algas x400ml % Dto: 20
03/05/2022 11:34:52|cantidadArt B --> 1
03/05/2022 11:34:52|PrecVear --> 686
03/05/2022 11:34:52|montoArt --> 566,942148760331
03/05/2022 11:34:52|ivaArt --> 21
03/05/2022 11:34:53|hasarOCX.ImprimirItem --> OK
03/05/2022 11:34:53|Articulo --> champú phytoplus cítrico x400 % Dto: 20
03/05/2022 11:34:53|cantidadArt B --> 1
03/05/2022 11:34:53|PrecVear --> 1019
03/05/2022 11:34:53|montoArt --> 842,148760330579
03/05/2022 11:34:53|ivaArt --> 21
03/05/2022 11:34:53|hasarOCX.ImprimirItem --> OK
03/05/2022 11:34:53|Articulo --> farmaco jabon de glicerina normal
03/05/2022 11:34:53|cantidadArt B --> 1
03/05/2022 11:34:53|PrecVear --> 140
03/05/2022 11:34:53|montoArt --> 115,702479338843
03/05/2022 11:34:53|ivaArt --> 21
03/05/2022 11:34:54|hasarOCX.ImprimirItem --> OK
03/05/2022 11:34:54|Articulo --> saphirus aromatizantes de ambiente (aerosol) lola
03/05/2022 11:34:54|cantidadArt B --> 2
03/05/2022 11:34:54|PrecVear --> 380
03/05/2022 11:34:54|montoArt --> 314,04958677686
03/05/2022 11:34:54|ivaArt --> 21
03/05/2022 11:34:54|hasarOCX.ImprimirItem --> OK
03/05/2022 11:34:54|Cerrar Comprobante B:::
03/05/2022 11:34:57|Obtiene nrocomp
03/05/2022 11:34:57|nrocomp --> 21715
03/05/2022 11:34:57|Nro. de Comprobante ::: TFB ::: 21715
03/05/2022 11:34:57|Ety.TicketFiscal: 21715
03/05/2022 11:36:45|Comienza Facturacion B
03/05/2022 11:36:45|DatosCliente B
03/05/2022 11:36:49|AbrirComprobanteFiscal B
03/05/2022 11:36:49|Articulo --> calipso pd colaless x20
03/05/2022 11:36:49|cantidadArt B --> 1
03/05/2022 11:36:49|PrecVear --> 140
03/05/2022 11:36:49|montoArt --> 115,702479338843
03/05/2022 11:36:49|ivaArt --> 21
03/05/2022 11:36:49|hasarOCX.ImprimirItem --> OK
03/05/2022 11:36:49|Articulo --> balsam vitaminado x400ml % Dto: 20
03/05/2022 11:36:49|cantidadArt B --> 1
03/05/2022 11:36:49|PrecVear --> 661
03/05/2022 11:36:49|montoArt --> 546,280991735537
03/05/2022 11:36:49|ivaArt --> 21
03/05/2022 11:36:50|hasarOCX.ImprimirItem --> OK
03/05/2022 11:36:50|Cerrar Comprobante B:::
03/05/2022 11:36:53|Obtiene nrocomp
03/05/2022 11:36:53|nrocomp --> 21716
03/05/2022 11:36:53|Nro. de Comprobante ::: TFB ::: 21716
03/05/2022 11:36:53|Ety.TicketFiscal: 21716
03/05/2022 11:44:18|Comienza Facturacion B
03/05/2022 11:44:18|DatosCliente B
03/05/2022 11:44:21|AbrirComprobanteFiscal B
03/05/2022 11:44:21|Articulo --> varios
03/05/2022 11:44:21|cantidadArt B --> 1
03/05/2022 11:44:21|PrecVear --> 240
03/05/2022 11:44:21|montoArt --> 198,347107438017
03/05/2022 11:44:21|ivaArt --> 21
03/05/2022 11:44:21|hasarOCX.ImprimirItem --> OK
03/05/2022 11:44:21|Articulo --> tortulan tonico refrescante x200ml
03/05/2022 11:44:21|cantidadArt B --> 1
03/05/2022 11:44:21|PrecVear --> 530
03/05/2022 11:44:21|montoArt --> 438,01652892562
03/05/2022 11:44:21|ivaArt --> 21
03/05/2022 11:44:21|hasarOCX.ImprimirItem --> OK
03/05/2022 11:44:21|Articulo --> katalia sombra en gel con aplicador
03/05/2022 11:44:21|cantidadArt B --> 1
03/05/2022 11:44:21|PrecVear --> 590
03/05/2022 11:44:21|montoArt --> 487,603305785124
03/05/2022 11:44:21|ivaArt --> 21
03/05/2022 11:44:22|hasarOCX.ImprimirItem --> OK
03/05/2022 11:44:22|Cerrar Comprobante B:::
03/05/2022 11:44:25|Obtiene nrocomp
03/05/2022 11:44:25|nrocomp --> 21717
03/05/2022 11:44:25|Nro. de Comprobante ::: TFB ::: 21717
03/05/2022 11:44:25|Ety.TicketFiscal: 21717
03/05/2022 11:50:23|Comienza Facturacion B
03/05/2022 11:50:23|DatosCliente B
03/05/2022 11:50:25|AbrirComprobanteFiscal B
03/05/2022 11:50:25|Articulo --> estrella alcohol al 70% x500ml
03/05/2022 11:50:25|cantidadArt B --> 1
03/05/2022 11:50:25|PrecVear --> 120
03/05/2022 11:50:25|montoArt --> 99,1735537190083
03/05/2022 11:50:25|ivaArt --> 21
03/05/2022 11:50:26|hasarOCX.ImprimirItem --> OK
03/05/2022 11:50:26|Articulo --> q soft toall. hum. clasicas x50u
03/05/2022 11:50:26|cantidadArt B --> 1
03/05/2022 11:50:26|PrecVear --> 190
03/05/2022 11:50:26|montoArt --> 157,02479338843
03/05/2022 11:50:26|ivaArt --> 21
03/05/2022 11:50:26|hasarOCX.ImprimirItem --> OK
03/05/2022 11:50:26|Articulo --> mr musculo baño dp
03/05/2022 11:50:26|cantidadArt B --> 1
03/05/2022 11:50:26|PrecVear --> 120
03/05/2022 11:50:26|montoArt --> 99,1735537190083
03/05/2022 11:50:26|ivaArt --> 21
03/05/2022 11:50:26|hasarOCX.ImprimirItem --> OK
03/05/2022 11:50:26|Articulo --> lux jab liq dp rosas
03/05/2022 11:50:26|cantidadArt B --> 1
03/05/2022 11:50:26|PrecVear --> 195
03/05/2022 11:50:26|montoArt --> 161,157024793388
03/05/2022 11:50:26|ivaArt --> 21
03/05/2022 11:50:27|hasarOCX.ImprimirItem --> OK
03/05/2022 11:50:27|Articulo --> elite pañuelo descartable x 6u
03/05/2022 11:50:27|cantidadArt B --> 1
03/05/2022 11:50:27|PrecVear --> 110
03/05/2022 11:50:27|montoArt --> 90,9090909090909
03/05/2022 11:50:27|ivaArt --> 21
03/05/2022 11:50:27|hasarOCX.ImprimirItem --> OK
03/05/2022 11:50:27|Articulo --> estrella pañal g x40
03/05/2022 11:50:27|cantidadArt B --> 1
03/05/2022 11:50:27|PrecVear --> 1190
03/05/2022 11:50:27|montoArt --> 983,471074380165
03/05/2022 11:50:27|ivaArt --> 21
03/05/2022 11:50:27|hasarOCX.ImprimirItem --> OK
03/05/2022 11:50:27|Cerrar Comprobante B:::
03/05/2022 11:50:30|Obtiene nrocomp
03/05/2022 11:50:31|nrocomp --> 21718
03/05/2022 11:50:31|Nro. de Comprobante ::: TFB ::: 21718
03/05/2022 11:50:31|Ety.TicketFiscal: 21718
03/05/2022 11:58:43|Comienza Facturacion B
03/05/2022 11:58:43|DatosCliente B
03/05/2022 11:58:46|AbrirComprobanteFiscal B
03/05/2022 11:58:46|Articulo --> comodin anat. grande 16u (azul)
03/05/2022 11:58:46|cantidadArt B --> 2
03/05/2022 11:58:46|PrecVear --> 1070
03/05/2022 11:58:46|montoArt --> 884,297520661157
03/05/2022 11:58:46|ivaArt --> 21
03/05/2022 11:58:46|hasarOCX.ImprimirItem --> OK
03/05/2022 11:58:46|Articulo --> nonisec toalla humedas x60u
03/05/2022 11:58:46|cantidadArt B --> 1
03/05/2022 11:58:46|PrecVear --> 500
03/05/2022 11:58:46|montoArt --> 413,223140495868
03/05/2022 11:58:46|ivaArt --> 21
03/05/2022 11:58:47|hasarOCX.ImprimirItem --> OK
03/05/2022 11:58:47|Cerrar Comprobante B:::
03/05/2022 11:58:50|Obtiene nrocomp
03/05/2022 11:58:50|nrocomp --> 21719
03/05/2022 11:58:50|Nro. de Comprobante ::: TFB ::: 21719
03/05/2022 11:58:50|Ety.TicketFiscal: 21719
03/05/2022 12:05:48|Comienza Facturacion B
03/05/2022 12:05:49|DatosCliente B
03/05/2022 12:05:51|AbrirComprobanteFiscal B
03/05/2022 12:05:51|Articulo --> carefree protec. diar. x80 compact
03/05/2022 12:05:51|cantidadArt B --> 1
03/05/2022 12:05:51|PrecVear --> 690
03/05/2022 12:05:51|montoArt --> 570,247933884297
03/05/2022 12:05:51|ivaArt --> 21
03/05/2022 12:05:51|hasarOCX.ImprimirItem --> OK
03/05/2022 12:05:51|Articulo --> babysec ultrasec xxg x50
03/05/2022 12:05:51|cantidadArt B --> 1
03/05/2022 12:05:51|PrecVear --> 1520
03/05/2022 12:05:51|montoArt --> 1256,19834710744
03/05/2022 12:05:51|ivaArt --> 21
03/05/2022 12:05:52|hasarOCX.ImprimirItem --> OK
03/05/2022 12:05:52|Cerrar Comprobante B:::
03/05/2022 12:05:55|Obtiene nrocomp
03/05/2022 12:05:55|nrocomp --> 21720
03/05/2022 12:05:55|Nro. de Comprobante ::: TFB ::: 21720
03/05/2022 12:05:55|Ety.TicketFiscal: 21720
03/05/2022 16:35:45|Comienza Facturacion B
03/05/2022 16:35:45|DatosCliente B
03/05/2022 16:35:49|AbrirComprobanteFiscal B
03/05/2022 16:35:49|Articulo --> cutex quitaesmalte fortalecedor x 50 ml
03/05/2022 16:35:49|cantidadArt B --> 1
03/05/2022 16:35:49|PrecVear --> 120
03/05/2022 16:35:49|montoArt --> 99,1735537190083
03/05/2022 16:35:49|ivaArt --> 21
03/05/2022 16:35:50|hasarOCX.ImprimirItem --> OK
03/05/2022 16:35:50|Articulo --> mary bosques tintura % Dto: 20
03/05/2022 16:35:50|cantidadArt B --> 1
03/05/2022 16:35:50|PrecVear --> 224
03/05/2022 16:35:50|montoArt --> 185,123966942149
03/05/2022 16:35:50|ivaArt --> 21
03/05/2022 16:35:50|hasarOCX.ImprimirItem --> OK
03/05/2022 16:35:50|Articulo --> plsubelle sh y ac x1000ml
03/05/2022 16:35:50|cantidadArt B --> 1
03/05/2022 16:35:50|PrecVear --> 270
03/05/2022 16:35:50|montoArt --> 223,140495867769
03/05/2022 16:35:50|ivaArt --> 21
03/05/2022 16:35:50|hasarOCX.ImprimirItem --> OK
03/05/2022 16:35:50|Cerrar Comprobante B:::
03/05/2022 16:35:53|Obtiene nrocomp
03/05/2022 16:35:54|nrocomp --> 21721
03/05/2022 16:35:54|Nro. de Comprobante ::: TFB ::: 21721
03/05/2022 16:35:54|Ety.TicketFiscal: 21721
03/05/2022 16:52:20|Comienza Facturacion B
03/05/2022 16:52:20|DatosCliente B
03/05/2022 16:52:23|AbrirComprobanteFiscal B
03/05/2022 16:52:23|Articulo --> estrella discos algodon x80u.
03/05/2022 16:52:23|cantidadArt B --> 1
03/05/2022 16:52:23|PrecVear --> 195
03/05/2022 16:52:23|montoArt --> 161,157024793388
03/05/2022 16:52:23|ivaArt --> 21
03/05/2022 16:52:23|hasarOCX.ImprimirItem --> OK
03/05/2022 16:52:23|Articulo --> sagarda madre sahumerios palo santo
03/05/2022 16:52:23|cantidadArt B --> 1
03/05/2022 16:52:23|PrecVear --> 230
03/05/2022 16:52:23|montoArt --> 190,082644628099
03/05/2022 16:52:23|ivaArt --> 21
03/05/2022 16:52:24|hasarOCX.ImprimirItem --> OK
03/05/2022 16:52:24|Articulo --> saphirus aceite escencial palo santo
03/05/2022 16:52:24|cantidadArt B --> 1
03/05/2022 16:52:24|PrecVear --> 210
03/05/2022 16:52:24|montoArt --> 173,553719008264
03/05/2022 16:52:24|ivaArt --> 21
03/05/2022 16:52:24|hasarOCX.ImprimirItem --> OK
03/05/2022 16:52:24|Articulo --> fuyi mmmx360 base acuosa-645085
03/05/2022 16:52:24|cantidadArt B --> 1
03/05/2022 16:52:24|PrecVear --> 210
03/05/2022 16:52:24|montoArt --> 173,553719008264
03/05/2022 16:52:24|ivaArt --> 21
03/05/2022 16:52:24|hasarOCX.ImprimirItem --> OK
03/05/2022 16:52:24|Articulo --> nivea agua micelar x200
03/05/2022 16:52:24|cantidadArt B --> 1
03/05/2022 16:52:24|PrecVear --> 800
03/05/2022 16:52:24|montoArt --> 661,157024793388
03/05/2022 16:52:24|ivaArt --> 21
03/05/2022 16:52:25|hasarOCX.ImprimirItem --> OK
03/05/2022 16:52:25|Cerrar Comprobante B:::
03/05/2022 16:52:28|Obtiene nrocomp
03/05/2022 16:52:28|nrocomp --> 21722
03/05/2022 16:52:28|Nro. de Comprobante ::: TFB ::: 21722
03/05/2022 16:52:28|Ety.TicketFiscal: 21722
03/05/2022 16:57:04|cerrando pantalla venta
03/05/2022 16:59:20|Conectando..
03/05/2022 16:59:20|IP: 127.0.0.1 - Puerto: 6500
03/05/2022 16:59:20|Conectado con éxito!!
03/05/2022 17:02:03|cerrando pantalla venta
03/05/2022 17:02:26|Conectando..
03/05/2022 17:02:26|IP: 127.0.0.1 - Puerto: 6500
03/05/2022 17:02:27|Conectado con éxito!!
03/05/2022 17:02:44|cerrando pantalla venta
03/05/2022 17:04:17|Conectando..
03/05/2022 17:04:17|IP: 127.0.0.1 - Puerto: 6500
03/05/2022 17:04:18|Conectado con éxito!!
03/05/2022 17:06:51|Comienza Facturacion B
03/05/2022 17:06:51|DatosCliente B
03/05/2022 17:06:54|AbrirComprobanteFiscal B
03/05/2022 17:06:54|Articulo --> suiza autobrillo x400
03/05/2022 17:06:54|cantidadArt B --> 1
03/05/2022 17:06:54|PrecVear --> 230
03/05/2022 17:06:54|montoArt --> 190,082644628099
03/05/2022 17:06:54|ivaArt --> 21
03/05/2022 17:06:54|hasarOCX.ImprimirItem --> OK
03/05/2022 17:06:54|Articulo --> el coloso rollo cocx3 x 40paños
03/05/2022 17:06:54|cantidadArt B --> 1
03/05/2022 17:06:54|PrecVear --> 110
03/05/2022 17:06:54|montoArt --> 90,9090909090909
03/05/2022 17:06:54|ivaArt --> 21
03/05/2022 17:06:55|hasarOCX.ImprimirItem --> OK
03/05/2022 17:06:55|Articulo --> mortimer esponja cuadriculada
03/05/2022 17:06:55|cantidadArt B --> 1
03/05/2022 17:06:55|PrecVear --> 60
03/05/2022 17:06:55|montoArt --> 49,5867768595041
03/05/2022 17:06:55|ivaArt --> 21
03/05/2022 17:06:55|hasarOCX.ImprimirItem --> OK
03/05/2022 17:06:55|Articulo --> ceramicol liqx450 d.pack
03/05/2022 17:06:55|cantidadArt B --> 1
03/05/2022 17:06:55|PrecVear --> 170
03/05/2022 17:06:55|montoArt --> 140,495867768595
03/05/2022 17:06:55|ivaArt --> 21
03/05/2022 17:06:55|hasarOCX.ImprimirItem --> OK
03/05/2022 17:06:55|Articulo --> felpita kids d/h x4 deco
03/05/2022 17:06:55|cantidadArt B --> 2
03/05/2022 17:06:55|PrecVear --> 280
03/05/2022 17:06:55|montoArt --> 231,404958677686
03/05/2022 17:06:55|ivaArt --> 21
03/05/2022 17:06:56|hasarOCX.ImprimirItem --> OK
03/05/2022 17:06:56|Articulo --> felpita maxirollo x240u dh
03/05/2022 17:06:56|cantidadArt B --> 2
03/05/2022 17:06:56|PrecVear --> 198
03/05/2022 17:06:56|montoArt --> 163,636363636364
03/05/2022 17:06:56|ivaArt --> 21
03/05/2022 17:06:56|hasarOCX.ImprimirItem --> OK
03/05/2022 17:06:56|Articulo --> ayudin lavandina en gelx700
03/05/2022 17:06:56|cantidadArt B --> 1
03/05/2022 17:06:56|PrecVear --> 180
03/05/2022 17:06:56|montoArt --> 148,760330578512
03/05/2022 17:06:56|ivaArt --> 21
03/05/2022 17:06:56|hasarOCX.ImprimirItem --> OK
03/05/2022 17:06:56|Articulo --> poett desinfectante solo para ti
03/05/2022 17:06:56|cantidadArt B --> 1
03/05/2022 17:06:56|PrecVear --> 110
03/05/2022 17:06:56|montoArt --> 90,9090909090909
03/05/2022 17:06:56|ivaArt --> 21
03/05/2022 17:06:57|hasarOCX.ImprimirItem --> OK
03/05/2022 17:06:57|Articulo --> poett desinfectante
03/05/2022 17:06:57|cantidadArt B --> 1
03/05/2022 17:06:57|PrecVear --> 110
03/05/2022 17:06:57|montoArt --> 90,9090909090909
03/05/2022 17:06:57|ivaArt --> 21
03/05/2022 17:06:57|hasarOCX.ImprimirItem --> OK
03/05/2022 17:06:57|Articulo --> bolsas de residuos 45*60
03/05/2022 17:06:57|cantidadArt B --> 2
03/05/2022 17:06:57|PrecVear --> 90
03/05/2022 17:06:57|montoArt --> 74,3801652892562
03/05/2022 17:06:57|ivaArt --> 21
03/05/2022 17:06:58|hasarOCX.ImprimirItem --> OK
03/05/2022 17:06:58|Articulo --> bolsas de residuos 60*90
03/05/2022 17:06:58|cantidadArt B --> 1
03/05/2022 17:06:58|PrecVear --> 185
03/05/2022 17:06:58|montoArt --> 152,892561983471
03/05/2022 17:06:58|ivaArt --> 21
03/05/2022 17:06:58|hasarOCX.ImprimirItem --> OK
03/05/2022 17:06:58|Articulo --> dove jabon x90 blanco
03/05/2022 17:06:58|cantidadArt B --> 2
03/05/2022 17:06:58|PrecVear --> 140
03/05/2022 17:06:58|montoArt --> 115,702479338843
03/05/2022 17:06:58|ivaArt --> 21
03/05/2022 17:06:58|hasarOCX.ImprimirItem --> OK
03/05/2022 17:06:58|Articulo --> estilo spa esponja niños
03/05/2022 17:06:58|cantidadArt B --> 1
03/05/2022 17:06:58|PrecVear --> 100
03/05/2022 17:06:58|montoArt --> 82,6446280991736
03/05/2022 17:06:58|ivaArt --> 21
03/05/2022 17:06:59|hasarOCX.ImprimirItem --> OK
03/05/2022 17:06:59|Articulo --> ariel limpieza prof. x2.7 lt
03/05/2022 17:06:59|cantidadArt B --> 1
03/05/2022 17:06:59|PrecVear --> 880
03/05/2022 17:06:59|montoArt --> 727,272727272727
03/05/2022 17:06:59|ivaArt --> 21
03/05/2022 17:06:59|hasarOCX.ImprimirItem --> OK
03/05/2022 17:06:59|Articulo --> downy concetrado x500
03/05/2022 17:06:59|cantidadArt B --> 2
03/05/2022 17:06:59|PrecVear --> 440
03/05/2022 17:06:59|montoArt --> 363,636363636364
03/05/2022 17:06:59|ivaArt --> 21
03/05/2022 17:06:59|hasarOCX.ImprimirItem --> OK
03/05/2022 17:06:59|Articulo --> queen cep black eng 175mm5555ak-s
03/05/2022 17:06:59|cantidadArt B --> 1
03/05/2022 17:06:59|PrecVear --> 440
03/05/2022 17:06:59|montoArt --> 363,636363636364
03/05/2022 17:06:59|ivaArt --> 21
03/05/2022 17:07:00|hasarOCX.ImprimirItem --> OK
03/05/2022 17:07:00|Cerrar Comprobante B:::
03/05/2022 17:07:03|Obtiene nrocomp
03/05/2022 17:07:03|nrocomp --> 21723
03/05/2022 17:07:03|Nro. de Comprobante ::: TFB ::: 21723
03/05/2022 17:07:03|Ety.TicketFiscal: 21723
03/05/2022 17:10:44|cerrando pantalla venta
03/05/2022 17:10:47|Conectando..
03/05/2022 17:10:47|IP: 127.0.0.1 - Puerto: 6500
03/05/2022 17:10:48|Conectado con éxito!!
03/05/2022 17:10:57|cerrando pantalla venta
03/05/2022 17:19:04|Conectando..
03/05/2022 17:19:04|IP: 127.0.0.1 - Puerto: 6500
03/05/2022 17:19:05|Conectado con éxito!!
03/05/2022 17:19:22|cerrando pantalla venta
03/05/2022 17:21:25|Conectando..
03/05/2022 17:21:25|IP: 127.0.0.1 - Puerto: 6500
03/05/2022 17:21:26|Conectado con éxito!!
03/05/2022 17:24:39|cerrando pantalla venta
03/05/2022 17:27:09|Conectando..
03/05/2022 17:27:09|IP: 127.0.0.1 - Puerto: 6500
03/05/2022 17:27:10|Conectado con éxito!!
03/05/2022 17:30:46|cerrando pantalla venta
03/05/2022 17:30:53|Conectando..
03/05/2022 17:30:53|IP: 127.0.0.1 - Puerto: 6500
03/05/2022 17:30:54|Conectado con éxito!!
03/05/2022 17:31:02|cerrando pantalla venta
03/05/2022 17:31:05|Conectando..
03/05/2022 17:31:05|IP: 127.0.0.1 - Puerto: 6500
03/05/2022 17:31:06|Conectado con éxito!!
03/05/2022 17:31:09|Comienza Facturacion B
03/05/2022 17:31:09|DatosCliente B
03/05/2022 17:31:12|AbrirComprobanteFiscal B
03/05/2022 17:31:12|Articulo --> varios
03/05/2022 17:31:12|cantidadArt B --> 1
03/05/2022 17:31:12|PrecVear --> 2700
03/05/2022 17:31:12|montoArt --> 2231,40495867769
03/05/2022 17:31:12|ivaArt --> 21
03/05/2022 17:31:12|hasarOCX.ImprimirItem --> OK
03/05/2022 17:31:12|Cerrar Comprobante B:::
03/05/2022 17:31:15|Obtiene nrocomp
03/05/2022 17:31:16|nrocomp --> 21724
03/05/2022 17:31:16|Nro. de Comprobante ::: TFB ::: 21724
03/05/2022 17:31:16|Ety.TicketFiscal: 21724
03/05/2022 17:33:06|Comienza Facturacion B
03/05/2022 17:33:06|DatosCliente B
03/05/2022 17:33:08|AbrirComprobanteFiscal B
03/05/2022 17:33:08|Articulo --> babysec ultra xxgx30 uni
03/05/2022 17:33:08|cantidadArt B --> 1
03/05/2022 17:33:08|PrecVear --> 880
03/05/2022 17:33:08|montoArt --> 727,272727272727
03/05/2022 17:33:08|ivaArt --> 21
03/05/2022 17:33:09|hasarOCX.ImprimirItem --> OK
03/05/2022 17:33:09|Articulo --> jessamy cepillo neumatico 9123
03/05/2022 17:33:09|cantidadArt B --> 1
03/05/2022 17:33:09|PrecVear --> 780
03/05/2022 17:33:09|montoArt --> 644,628099173554
03/05/2022 17:33:09|ivaArt --> 21
03/05/2022 17:33:09|hasarOCX.ImprimirItem --> OK
03/05/2022 17:33:09|Articulo --> nutrisse reno 30 espresso
03/05/2022 17:33:09|cantidadArt B --> 1
03/05/2022 17:33:09|PrecVear --> 840
03/05/2022 17:33:09|montoArt --> 694,214876033058
03/05/2022 17:33:09|ivaArt --> 21
03/05/2022 17:33:10|hasarOCX.ImprimirItem --> OK
03/05/2022 17:33:10|Cerrar Comprobante B:::
03/05/2022 17:33:13|Obtiene nrocomp
03/05/2022 17:33:13|nrocomp --> 21725
03/05/2022 17:33:13|Nro. de Comprobante ::: TFB ::: 21725
03/05/2022 17:33:13|Ety.TicketFiscal: 21725
03/05/2022 17:37:43|Comienza Facturacion B
03/05/2022 17:37:43|DatosCliente B
03/05/2022 17:37:45|AbrirComprobanteFiscal B
03/05/2022 17:37:45|Articulo --> bagovit a classic
03/05/2022 17:37:45|cantidadArt B --> 1
03/05/2022 17:37:45|PrecVear --> 1260
03/05/2022 17:37:45|montoArt --> 1041,32231404959
03/05/2022 17:37:45|ivaArt --> 21
03/05/2022 17:37:46|hasarOCX.ImprimirItem --> OK
03/05/2022 17:37:46|Articulo --> rexona clinical barra
03/05/2022 17:37:46|cantidadArt B --> 1
03/05/2022 17:37:46|PrecVear --> 750
03/05/2022 17:37:46|montoArt --> 619,834710743802
03/05/2022 17:37:46|ivaArt --> 21
03/05/2022 17:37:46|hasarOCX.ImprimirItem --> OK
03/05/2022 17:37:46|Articulo --> always prot plus suave x8
03/05/2022 17:37:46|cantidadArt B --> 2
03/05/2022 17:37:46|PrecVear --> 140
03/05/2022 17:37:46|montoArt --> 115,702479338843
03/05/2022 17:37:46|ivaArt --> 21
03/05/2022 17:37:47|hasarOCX.ImprimirItem --> OK
03/05/2022 17:37:47|Articulo --> plenitud femme nocturno x20
03/05/2022 17:37:47|cantidadArt B --> 1
03/05/2022 17:37:47|PrecVear --> 2590
03/05/2022 17:37:47|montoArt --> 2140,4958677686
03/05/2022 17:37:47|ivaArt --> 21
03/05/2022 17:37:47|hasarOCX.ImprimirItem --> OK
03/05/2022 17:37:47|Cerrar Comprobante B:::
03/05/2022 17:37:50|Obtiene nrocomp
03/05/2022 17:37:50|nrocomp --> 21726
03/05/2022 17:37:50|Nro. de Comprobante ::: TFB ::: 21726
03/05/2022 17:37:50|Ety.TicketFiscal: 21726
03/05/2022 17:43:07|cerrando pantalla venta
03/05/2022 17:43:45|Conectando..
03/05/2022 17:43:45|IP: 127.0.0.1 - Puerto: 6500
03/05/2022 17:43:46|Conectado con éxito!!
03/05/2022 17:48:22|Comienza Facturacion B
03/05/2022 17:48:23|DatosCliente B
03/05/2022 17:48:25|AbrirComprobanteFiscal B
03/05/2022 17:48:25|Articulo --> pelliza lima banana gold 100/180
03/05/2022 17:48:25|cantidadArt B --> 1
03/05/2022 17:48:25|PrecVear --> 255
03/05/2022 17:48:25|montoArt --> 210,743801652893
03/05/2022 17:48:25|ivaArt --> 21
03/05/2022 17:48:26|hasarOCX.ImprimirItem --> OK
03/05/2022 17:48:26|Articulo --> saphirus aromatizante textil uva
03/05/2022 17:48:26|cantidadArt B --> 3
03/05/2022 17:48:26|PrecVear --> 260
03/05/2022 17:48:26|montoArt --> 214,876033057851
03/05/2022 17:48:26|ivaArt --> 21
03/05/2022 17:48:26|hasarOCX.ImprimirItem --> OK
03/05/2022 17:48:26|Articulo --> mr musculo cocina dp
03/05/2022 17:48:26|cantidadArt B --> 1
03/05/2022 17:48:26|PrecVear --> 98
03/05/2022 17:48:26|montoArt --> 80,9917355371901
03/05/2022 17:48:26|ivaArt --> 21
03/05/2022 17:48:26|hasarOCX.ImprimirItem --> OK
03/05/2022 17:48:26|Articulo --> ambar sahumerios musk
03/05/2022 17:48:26|cantidadArt B --> 1
03/05/2022 17:48:26|PrecVear --> 130
03/05/2022 17:48:26|montoArt --> 107,438016528926
03/05/2022 17:48:26|ivaArt --> 21
03/05/2022 17:48:27|hasarOCX.ImprimirItem --> OK
03/05/2022 17:48:27|Articulo --> jyj colonia frescas caricias x 100 ml (verde)
03/05/2022 17:48:27|cantidadArt B --> 1
03/05/2022 17:48:27|PrecVear --> 570
03/05/2022 17:48:27|montoArt --> 471,074380165289
03/05/2022 17:48:27|ivaArt --> 21
03/05/2022 17:48:27|hasarOCX.ImprimirItem --> OK
03/05/2022 17:48:27|Cerrar Comprobante B:::
03/05/2022 17:48:30|Obtiene nrocomp
03/05/2022 17:48:30|nrocomp --> 21727
03/05/2022 17:48:30|Nro. de Comprobante ::: TFB ::: 21727
03/05/2022 17:48:30|Ety.TicketFiscal: 21727
03/05/2022 17:52:55|cerrando pantalla venta
03/05/2022 17:53:10|Conectando..
03/05/2022 17:53:10|IP: 127.0.0.1 - Puerto: 6500
03/05/2022 17:53:11|Conectado con éxito!!
03/05/2022 17:53:23|cerrando pantalla venta
03/05/2022 17:59:03|Conectando..
03/05/2022 17:59:03|IP: 127.0.0.1 - Puerto: 6500
03/05/2022 17:59:04|Conectado con éxito!!
03/05/2022 17:59:54|cerrando pantalla venta
03/05/2022 18:03:38|Conectando..
03/05/2022 18:03:38|IP: 127.0.0.1 - Puerto: 6500
03/05/2022 18:03:39|Conectado con éxito!!
03/05/2022 18:04:53|cerrando pantalla venta
03/05/2022 18:11:46|Conectando..
03/05/2022 18:11:46|IP: 127.0.0.1 - Puerto: 6500
03/05/2022 18:11:47|Conectado con éxito!!
03/05/2022 18:13:58|cerrando pantalla venta
03/05/2022 18:14:00|Conectando..
03/05/2022 18:14:00|IP: 127.0.0.1 - Puerto: 6500
03/05/2022 18:14:00|Conectado con éxito!!
03/05/2022 18:14:04|Comienza Facturacion B
03/05/2022 18:14:04|DatosCliente B
03/05/2022 18:14:07|AbrirComprobanteFiscal B
03/05/2022 18:14:07|Articulo --> varios
03/05/2022 18:14:07|cantidadArt B --> 1
03/05/2022 18:14:07|PrecVear --> 3090
03/05/2022 18:14:07|montoArt --> 2553,71900826446
03/05/2022 18:14:07|ivaArt --> 21
03/05/2022 18:14:07|hasarOCX.ImprimirItem --> OK
03/05/2022 18:14:07|Cerrar Comprobante B:::
03/05/2022 18:14:10|Obtiene nrocomp
03/05/2022 18:14:10|nrocomp --> 21728
03/05/2022 18:14:10|Nro. de Comprobante ::: TFB ::: 21728
03/05/2022 18:14:10|Ety.TicketFiscal: 21728
03/05/2022 18:14:16|cerrando pantalla venta
03/05/2022 18:17:07|Conectando..
03/05/2022 18:17:07|IP: 127.0.0.1 - Puerto: 6500
03/05/2022 18:17:08|Conectado con éxito!!
03/05/2022 18:22:36|cerrando pantalla venta
03/05/2022 18:24:58|Conectando..
03/05/2022 18:24:58|IP: 127.0.0.1 - Puerto: 6500
03/05/2022 18:24:59|Conectado con éxito!!
03/05/2022 18:26:44|Comienza Facturacion B
03/05/2022 18:26:44|DatosCliente B
03/05/2022 18:26:46|AbrirComprobanteFiscal B
03/05/2022 18:26:46|Articulo --> poett desinfectante espiritu play
03/05/2022 18:26:46|cantidadArt B --> 1
03/05/2022 18:26:46|PrecVear --> 110
03/05/2022 18:26:46|montoArt --> 90,9090909090909
03/05/2022 18:26:46|ivaArt --> 21
03/05/2022 18:26:47|hasarOCX.ImprimirItem --> OK
03/05/2022 18:26:47|Articulo --> drive liquido x800 dp
03/05/2022 18:26:47|cantidadArt B --> 1
03/05/2022 18:26:47|PrecVear --> 170
03/05/2022 18:26:47|montoArt --> 140,495867768595
03/05/2022 18:26:47|ivaArt --> 21
03/05/2022 18:26:47|hasarOCX.ImprimirItem --> OK
03/05/2022 18:26:47|Articulo --> colgate clasica 90g
03/05/2022 18:26:47|cantidadArt B --> 1
03/05/2022 18:26:47|PrecVear --> 220
03/05/2022 18:26:47|montoArt --> 181,818181818182
03/05/2022 18:26:47|ivaArt --> 21
03/05/2022 18:26:47|hasarOCX.ImprimirItem --> OK
03/05/2022 18:26:47|Articulo --> party jab.3x80gr variedades
03/05/2022 18:26:47|cantidadArt B --> 1
03/05/2022 18:26:47|PrecVear --> 140
03/05/2022 18:26:47|montoArt --> 115,702479338843
03/05/2022 18:26:47|ivaArt --> 21
03/05/2022 18:26:48|hasarOCX.ImprimirItem --> OK
03/05/2022 18:26:48|Articulo --> rexona efficient aerox153g
03/05/2022 18:26:48|cantidadArt B --> 1
03/05/2022 18:26:48|PrecVear --> 350
03/05/2022 18:26:48|montoArt --> 289,256198347107
03/05/2022 18:26:48|ivaArt --> 21
03/05/2022 18:26:48|hasarOCX.ImprimirItem --> OK
03/05/2022 18:26:48|Articulo --> ambar aromatizantes aero flores blancas
03/05/2022 18:26:48|cantidadArt B --> 1
03/05/2022 18:26:48|PrecVear --> 290
03/05/2022 18:26:48|montoArt --> 239,669421487603
03/05/2022 18:26:48|ivaArt --> 21
03/05/2022 18:26:49|hasarOCX.ImprimirItem --> OK
03/05/2022 18:26:49|Articulo --> bolsas de residuos 45*60
03/05/2022 18:26:49|cantidadArt B --> 1
03/05/2022 18:26:49|PrecVear --> 90
03/05/2022 18:26:49|montoArt --> 74,3801652892562
03/05/2022 18:26:49|ivaArt --> 21
03/05/2022 18:26:49|hasarOCX.ImprimirItem --> OK
03/05/2022 18:26:49|Articulo --> higienol max 80m panal
03/05/2022 18:26:49|cantidadArt B --> 1
03/05/2022 18:26:49|PrecVear --> 370
03/05/2022 18:26:49|montoArt --> 305,785123966942
03/05/2022 18:26:49|ivaArt --> 21
03/05/2022 18:26:49|hasarOCX.ImprimirItem --> OK
03/05/2022 18:26:49|Articulo --> ballerina amarilla
03/05/2022 18:26:49|cantidadArt B --> 1
03/05/2022 18:26:49|PrecVear --> 50
03/05/2022 18:26:49|montoArt --> 41,3223140495868
03/05/2022 18:26:49|ivaArt --> 21
03/05/2022 18:26:50|hasarOCX.ImprimirItem --> OK
03/05/2022 18:26:50|Articulo --> varios
03/05/2022 18:26:50|cantidadArt B --> 2
03/05/2022 18:26:50|PrecVear --> 20
03/05/2022 18:26:50|montoArt --> 16,5289256198347
03/05/2022 18:26:50|ivaArt --> 21
03/05/2022 18:26:50|hasarOCX.ImprimirItem --> OK
03/05/2022 18:26:50|Articulo --> iluminarte velas de noche x12
03/05/2022 18:26:50|cantidadArt B --> 1
03/05/2022 18:26:50|PrecVear --> 270
03/05/2022 18:26:50|montoArt --> 223,140495867769
03/05/2022 18:26:50|ivaArt --> 21
03/05/2022 18:26:50|hasarOCX.ImprimirItem --> OK
03/05/2022 18:26:50|Articulo --> fosforos tres patitos x222
03/05/2022 18:26:50|cantidadArt B --> 1
03/05/2022 18:26:50|PrecVear --> 98
03/05/2022 18:26:50|montoArt --> 80,9917355371901
03/05/2022 18:26:50|ivaArt --> 21
03/05/2022 18:26:51|hasarOCX.ImprimirItem --> OK
03/05/2022 18:26:51|Articulo --> el coloso lavandina x2 litros
03/05/2022 18:26:51|cantidadArt B --> 1
03/05/2022 18:26:51|PrecVear --> 140
03/05/2022 18:26:51|montoArt --> 115,702479338843
03/05/2022 18:26:51|ivaArt --> 21
03/05/2022 18:26:51|hasarOCX.ImprimirItem --> OK
03/05/2022 18:26:51|Articulo --> ayudin canasta de inodoro
03/05/2022 18:26:51|cantidadArt B --> 1
03/05/2022 18:26:51|PrecVear --> 180
03/05/2022 18:26:51|montoArt --> 148,760330578512
03/05/2022 18:26:51|ivaArt --> 21
03/05/2022 18:26:51|hasarOCX.ImprimirItem --> OK
03/05/2022 18:26:51|Articulo --> odex aerosol desinfectante original
03/05/2022 18:26:51|cantidadArt B --> 1
03/05/2022 18:26:51|PrecVear --> 180
03/05/2022 18:26:51|montoArt --> 148,760330578512
03/05/2022 18:26:51|ivaArt --> 21
03/05/2022 18:26:52|hasarOCX.ImprimirItem --> OK
03/05/2022 18:26:52|Articulo --> calipso pd colaless x20
03/05/2022 18:26:52|cantidadArt B --> 1
03/05/2022 18:26:52|PrecVear --> 140
03/05/2022 18:26:52|montoArt --> 115,702479338843
03/05/2022 18:26:52|ivaArt --> 21
03/05/2022 18:26:52|hasarOCX.ImprimirItem --> OK
03/05/2022 18:26:52|Articulo --> party jab.3x80gr cremoso
03/05/2022 18:26:52|cantidadArt B --> 1
03/05/2022 18:26:52|PrecVear --> 140
03/05/2022 18:26:52|montoArt --> 115,702479338843
03/05/2022 18:26:52|ivaArt --> 21
03/05/2022 18:26:52|hasarOCX.ImprimirItem --> OK
03/05/2022 18:26:52|Articulo --> colgate clasica x70g
03/05/2022 18:26:52|cantidadArt B --> 1
03/05/2022 18:26:52|PrecVear --> 155
03/05/2022 18:26:52|montoArt --> 128,099173553719
03/05/2022 18:26:52|ivaArt --> 21
03/05/2022 18:26:53|hasarOCX.ImprimirItem --> OK
03/05/2022 18:26:53|Articulo --> mr musculo cocina dp
03/05/2022 18:26:53|cantidadArt B --> 1
03/05/2022 18:26:53|PrecVear --> 98
03/05/2022 18:26:53|montoArt --> 80,9917355371901
03/05/2022 18:26:53|ivaArt --> 21
03/05/2022 18:26:53|hasarOCX.ImprimirItem --> OK
03/05/2022 18:26:53|Articulo --> lina toall normx8 aloe c/alas
03/05/2022 18:26:53|cantidadArt B --> 1
03/05/2022 18:26:53|PrecVear --> 98
03/05/2022 18:26:53|montoArt --> 80,9917355371901
03/05/2022 18:26:53|ivaArt --> 21
03/05/2022 18:26:53|hasarOCX.ImprimirItem --> OK
03/05/2022 18:26:53|Articulo --> elite pañuelo descartable x 6u
03/05/2022 18:26:53|cantidadArt B --> 1
03/05/2022 18:26:53|PrecVear --> 110
03/05/2022 18:26:53|montoArt --> 90,9090909090909
03/05/2022 18:26:53|ivaArt --> 21
03/05/2022 18:26:54|hasarOCX.ImprimirItem --> OK
03/05/2022 18:26:54|Articulo --> dufour deo men
03/05/2022 18:26:54|cantidadArt B --> 1
03/05/2022 18:26:54|PrecVear --> 180
03/05/2022 18:26:54|montoArt --> 148,760330578512
03/05/2022 18:26:54|ivaArt --> 21
03/05/2022 18:26:54|hasarOCX.ImprimirItem --> OK
03/05/2022 18:26:54|Cerrar Comprobante B:::
03/05/2022 18:26:57|Obtiene nrocomp
03/05/2022 18:26:57|nrocomp --> 21729
03/05/2022 18:26:57|Nro. de Comprobante ::: TFB ::: 21729
03/05/2022 18:26:57|Ety.TicketFiscal: 21729
03/05/2022 18:27:24|Comienza Facturacion B
03/05/2022 18:27:24|DatosCliente B
03/05/2022 18:27:26|AbrirComprobanteFiscal B
03/05/2022 18:27:26|Articulo --> nivea antiarrugas +35
03/05/2022 18:27:26|cantidadArt B --> 1
03/05/2022 18:27:26|PrecVear --> 1210
03/05/2022 18:27:26|montoArt --> 1000
03/05/2022 18:27:26|ivaArt --> 21
03/05/2022 18:27:27|hasarOCX.ImprimirItem --> OK
03/05/2022 18:27:27|Articulo --> maybelline mascara push up
03/05/2022 18:27:27|cantidadArt B --> 1
03/05/2022 18:27:27|PrecVear --> 2100
03/05/2022 18:27:27|montoArt --> 1735,53719008264
03/05/2022 18:27:27|ivaArt --> 21
03/05/2022 18:27:27|hasarOCX.ImprimirItem --> OK
03/05/2022 18:27:27|Articulo --> idi esmalte glam
03/05/2022 18:27:27|cantidadArt B --> 1
03/05/2022 18:27:27|PrecVear --> 350
03/05/2022 18:27:27|montoArt --> 289,256198347107
03/05/2022 18:27:27|ivaArt --> 21
03/05/2022 18:27:27|hasarOCX.ImprimirItem --> OK
03/05/2022 18:27:27|Articulo --> mary bosques keratina en crema doypack x250g % Dto: 20
03/05/2022 18:27:27|cantidadArt B --> 1
03/05/2022 18:27:27|PrecVear --> 312
03/05/2022 18:27:27|montoArt --> 257,851239669421
03/05/2022 18:27:27|ivaArt --> 21
03/05/2022 18:27:28|hasarOCX.ImprimirItem --> OK
03/05/2022 18:27:28|Cerrar Comprobante B:::
03/05/2022 18:27:31|Obtiene nrocomp
03/05/2022 18:27:31|nrocomp --> 21730
03/05/2022 18:27:31|Nro. de Comprobante ::: TFB ::: 21730
03/05/2022 18:27:31|Ety.TicketFiscal: 21730
03/05/2022 18:29:22|Comienza Facturacion B
03/05/2022 18:29:22|DatosCliente B
03/05/2022 18:29:25|AbrirComprobanteFiscal B
03/05/2022 18:29:25|Articulo --> ariel limpieza prof. x2.7 lt
03/05/2022 18:29:25|cantidadArt B --> 1
03/05/2022 18:29:25|PrecVear --> 880
03/05/2022 18:29:25|montoArt --> 727,272727272727
03/05/2022 18:29:25|ivaArt --> 21
03/05/2022 18:29:25|hasarOCX.ImprimirItem --> OK
03/05/2022 18:29:25|Cerrar Comprobante B:::
03/05/2022 18:29:28|Obtiene nrocomp
03/05/2022 18:29:28|nrocomp --> 21731
03/05/2022 18:29:28|Nro. de Comprobante ::: TFB ::: 21731
03/05/2022 18:29:28|Ety.TicketFiscal: 21731
03/05/2022 18:29:43|cerrando pantalla venta
03/05/2022 18:31:30|Conectando..
03/05/2022 18:31:30|IP: 127.0.0.1 - Puerto: 6500
03/05/2022 18:31:31|Conectado con éxito!!
03/05/2022 18:32:08|Comienza Facturacion B
03/05/2022 18:32:08|DatosCliente B
03/05/2022 18:32:11|AbrirComprobanteFiscal B
03/05/2022 18:32:11|Articulo --> huggies supreme care xxg x50
03/05/2022 18:32:11|cantidadArt B --> 1
03/05/2022 18:32:11|PrecVear --> 1890
03/05/2022 18:32:11|montoArt --> 1561,98347107438
03/05/2022 18:32:11|ivaArt --> 21
03/05/2022 18:32:11|hasarOCX.ImprimirItem --> OK
03/05/2022 18:32:11|Articulo --> estrella algodon clasico x500 g
03/05/2022 18:32:11|cantidadArt B --> 1
03/05/2022 18:32:11|PrecVear --> 530
03/05/2022 18:32:11|montoArt --> 438,01652892562
03/05/2022 18:32:11|ivaArt --> 21
03/05/2022 18:32:12|hasarOCX.ImprimirItem --> OK
03/05/2022 18:32:12|Articulo --> estrella baby oleo verde x500
03/05/2022 18:32:12|cantidadArt B --> 1
03/05/2022 18:32:12|PrecVear --> 590
03/05/2022 18:32:12|montoArt --> 487,603305785124
03/05/2022 18:32:12|ivaArt --> 21
03/05/2022 18:32:12|hasarOCX.ImprimirItem --> OK
03/05/2022 18:32:12|Cerrar Comprobante B:::
03/05/2022 18:32:15|Obtiene nrocomp
03/05/2022 18:32:15|nrocomp --> 21732
03/05/2022 18:32:15|Nro. de Comprobante ::: TFB ::: 21732
03/05/2022 18:32:15|Ety.TicketFiscal: 21732
03/05/2022 18:38:30|Comienza Facturacion B
03/05/2022 18:38:31|DatosCliente B
03/05/2022 18:38:33|AbrirComprobanteFiscal B
03/05/2022 18:38:33|Articulo --> always prot plus suave x8
03/05/2022 18:38:33|cantidadArt B --> 1
03/05/2022 18:38:33|PrecVear --> 140
03/05/2022 18:38:33|montoArt --> 115,702479338843
03/05/2022 18:38:33|ivaArt --> 21
03/05/2022 18:38:33|hasarOCX.ImprimirItem --> OK
03/05/2022 18:38:33|Articulo --> fidelite sh keratina
03/05/2022 18:38:33|cantidadArt B --> 1
03/05/2022 18:38:33|PrecVear --> 470
03/05/2022 18:38:33|montoArt --> 388,429752066116
03/05/2022 18:38:33|ivaArt --> 21
03/05/2022 18:38:34|hasarOCX.ImprimirItem --> OK
03/05/2022 18:38:34|Articulo --> elvive oleo extra. ac nvo
03/05/2022 18:38:34|cantidadArt B --> 1
03/05/2022 18:38:34|PrecVear --> 370
03/05/2022 18:38:34|montoArt --> 305,785123966942
03/05/2022 18:38:34|ivaArt --> 21
03/05/2022 18:38:34|hasarOCX.ImprimirItem --> OK
03/05/2022 18:38:34|Articulo --> cif pisosx450 dp plastificados-8727
03/05/2022 18:38:34|cantidadArt B --> 1
03/05/2022 18:38:34|PrecVear --> 175
03/05/2022 18:38:34|montoArt --> 144,628099173554
03/05/2022 18:38:34|ivaArt --> 21
03/05/2022 18:38:35|hasarOCX.ImprimirItem --> OK
03/05/2022 18:38:35|Articulo --> head & shoulders x400
03/05/2022 18:38:35|cantidadArt B --> 1
03/05/2022 18:38:35|PrecVear --> 550
03/05/2022 18:38:35|montoArt --> 454,545454545455
03/05/2022 18:38:35|ivaArt --> 21
03/05/2022 18:38:35|hasarOCX.ImprimirItem --> OK
03/05/2022 18:38:35|Cerrar Comprobante B:::
03/05/2022 18:38:38|Obtiene nrocomp
03/05/2022 18:38:38|nrocomp --> 21733
03/05/2022 18:38:38|Nro. de Comprobante ::: TFB ::: 21733
03/05/2022 18:38:38|Ety.TicketFiscal: 21733
03/05/2022 18:45:01|Comienza Facturacion B
03/05/2022 18:45:02|DatosCliente B
03/05/2022 18:45:04|AbrirComprobanteFiscal B
03/05/2022 18:45:04|Articulo --> crema de coco sh x20 g % Dto: 20
03/05/2022 18:45:04|cantidadArt B --> 1
03/05/2022 18:45:04|PrecVear --> 80
03/05/2022 18:45:04|montoArt --> 66,1157024793389
03/05/2022 18:45:04|ivaArt --> 21
03/05/2022 18:45:04|hasarOCX.ImprimirItem --> OK
03/05/2022 18:45:04|Articulo --> sussex rollo cocx3 clas
03/05/2022 18:45:04|cantidadArt B --> 1
03/05/2022 18:45:04|PrecVear --> 155
03/05/2022 18:45:04|montoArt --> 128,099173553719
03/05/2022 18:45:04|ivaArt --> 21
03/05/2022 18:45:05|hasarOCX.ImprimirItem --> OK
03/05/2022 18:45:05|Articulo --> siempre libre normal x8
03/05/2022 18:45:05|cantidadArt B --> 1
03/05/2022 18:45:05|PrecVear --> 230
03/05/2022 18:45:05|montoArt --> 190,082644628099
03/05/2022 18:45:05|ivaArt --> 21
03/05/2022 18:45:05|hasarOCX.ImprimirItem --> OK
03/05/2022 18:45:05|Articulo --> downy x1l suave y gentil
03/05/2022 18:45:05|cantidadArt B --> 1
03/05/2022 18:45:05|PrecVear --> 598
03/05/2022 18:45:05|montoArt --> 494,214876033058
03/05/2022 18:45:05|ivaArt --> 21
03/05/2022 18:45:06|hasarOCX.ImprimirItem --> OK
03/05/2022 18:45:06|Articulo --> mary bosques 60 segundos % Dto: 20
03/05/2022 18:45:06|cantidadArt B --> 1
03/05/2022 18:45:06|PrecVear --> 68
03/05/2022 18:45:06|montoArt --> 56,198347107438
03/05/2022 18:45:06|ivaArt --> 21
03/05/2022 18:45:06|hasarOCX.ImprimirItem --> OK
03/05/2022 18:45:06|Articulo --> 10219 estrella paños de  algodon 40 x 12
03/05/2022 18:45:06|cantidadArt B --> 2
03/05/2022 18:45:06|PrecVear --> 290
03/05/2022 18:45:06|montoArt --> 239,669421487603
03/05/2022 18:45:06|ivaArt --> 21
03/05/2022 18:45:06|hasarOCX.ImprimirItem --> OK
03/05/2022 18:45:06|Articulo --> pampers premium recien nacido+ nb+ x56
03/05/2022 18:45:06|cantidadArt B --> 1
03/05/2022 18:45:06|PrecVear --> 1680
03/05/2022 18:45:06|montoArt --> 1388,42975206612
03/05/2022 18:45:06|ivaArt --> 21
03/05/2022 18:45:07|hasarOCX.ImprimirItem --> OK
03/05/2022 18:45:07|Cerrar Comprobante B:::
03/05/2022 18:45:10|Obtiene nrocomp
03/05/2022 18:45:10|nrocomp --> 21734
03/05/2022 18:45:10|Nro. de Comprobante ::: TFB ::: 21734
03/05/2022 18:45:10|Ety.TicketFiscal: 21734
03/05/2022 18:48:47|Comienza Facturacion B
03/05/2022 18:48:47|DatosCliente B
03/05/2022 18:48:50|AbrirComprobanteFiscal B
03/05/2022 18:48:50|Articulo --> kr body splash x200 ml
03/05/2022 18:48:50|cantidadArt B --> 1
03/05/2022 18:48:50|PrecVear --> 1280
03/05/2022 18:48:50|montoArt --> 1057,85123966942
03/05/2022 18:48:50|ivaArt --> 21
03/05/2022 18:48:50|hasarOCX.ImprimirItem --> OK
03/05/2022 18:48:50|Articulo --> key col  81
03/05/2022 18:48:50|cantidadArt B --> 1
03/05/2022 18:48:50|PrecVear --> 570
03/05/2022 18:48:50|montoArt --> 471,074380165289
03/05/2022 18:48:50|ivaArt --> 21
03/05/2022 18:48:50|hasarOCX.ImprimirItem --> OK
03/05/2022 18:48:50|Articulo --> odol x70g
03/05/2022 18:48:50|cantidadArt B --> 1
03/05/2022 18:48:50|PrecVear --> 98
03/05/2022 18:48:50|montoArt --> 80,9917355371901
03/05/2022 18:48:50|ivaArt --> 21
03/05/2022 18:48:51|hasarOCX.ImprimirItem --> OK
03/05/2022 18:48:51|Cerrar Comprobante B:::
03/05/2022 18:48:54|Obtiene nrocomp
03/05/2022 18:48:54|nrocomp --> 21735
03/05/2022 18:48:54|Nro. de Comprobante ::: TFB ::: 21735
03/05/2022 18:48:54|Ety.TicketFiscal: 21735
03/05/2022 18:56:04|cerrando pantalla venta
03/05/2022 18:57:38|Conectando..
03/05/2022 18:57:38|IP: 127.0.0.1 - Puerto: 6500
03/05/2022 18:57:39|Conectado con éxito!!
03/05/2022 18:58:24|cerrando pantalla venta
03/05/2022 19:18:03|Conectando..
03/05/2022 19:18:03|IP: 127.0.0.1 - Puerto: 6500
03/05/2022 19:18:04|Conectado con éxito!!
03/05/2022 19:19:23|cerrando pantalla venta
03/05/2022 19:32:28|Conectando..
03/05/2022 19:32:28|IP: 127.0.0.1 - Puerto: 6500
03/05/2022 19:32:28|Conectado con éxito!!
03/05/2022 19:50:49|Comienza Facturacion B
03/05/2022 19:50:49|DatosCliente B
03/05/2022 19:50:51|AbrirComprobanteFiscal B
03/05/2022 19:50:51|Articulo --> varios
03/05/2022 19:50:51|cantidadArt B --> 1
03/05/2022 19:50:51|PrecVear --> 4500
03/05/2022 19:50:51|montoArt --> 3719,00826446281
03/05/2022 19:50:51|ivaArt --> 21
03/05/2022 19:50:52|hasarOCX.ImprimirItem --> OK
03/05/2022 19:50:52|Cerrar Comprobante B:::
03/05/2022 19:50:55|Obtiene nrocomp
03/05/2022 19:50:55|nrocomp --> 21736
03/05/2022 19:50:55|Nro. de Comprobante ::: TFB ::: 21736
03/05/2022 19:50:55|Ety.TicketFiscal: 21736
03/05/2022 19:55:25|Comienza Facturacion B
03/05/2022 19:55:26|DatosCliente B
03/05/2022 19:55:28|AbrirComprobanteFiscal B
03/05/2022 19:55:28|Articulo --> avent chupete ultra air x2 unidades
03/05/2022 19:55:28|cantidadArt B --> 1
03/05/2022 19:55:28|PrecVear --> 1790
03/05/2022 19:55:28|montoArt --> 1479,33884297521
03/05/2022 19:55:28|ivaArt --> 21
03/05/2022 19:55:29|hasarOCX.ImprimirItem --> OK
03/05/2022 19:55:29|Cerrar Comprobante B:::
03/05/2022 19:55:32|Obtiene nrocomp
03/05/2022 19:55:32|nrocomp --> 21737
03/05/2022 19:55:32|Nro. de Comprobante ::: TFB ::: 21737
03/05/2022 19:55:32|Ety.TicketFiscal: 21737
03/05/2022 20:22:41|Comienza Facturacion B
03/05/2022 20:22:42|DatosCliente B
03/05/2022 20:22:44|AbrirComprobanteFiscal B
03/05/2022 20:22:44|Articulo --> rejilla doble energica
03/05/2022 20:22:44|cantidadArt B --> 1
03/05/2022 20:22:44|PrecVear --> 95
03/05/2022 20:22:44|montoArt --> 78,5123966942149
03/05/2022 20:22:44|ivaArt --> 21
03/05/2022 20:22:45|hasarOCX.ImprimirItem --> OK
03/05/2022 20:22:45|Articulo --> party jab.3x80gr cremoso
03/05/2022 20:22:45|cantidadArt B --> 1
03/05/2022 20:22:45|PrecVear --> 140
03/05/2022 20:22:45|montoArt --> 115,702479338843
03/05/2022 20:22:45|ivaArt --> 21
03/05/2022 20:22:45|hasarOCX.ImprimirItem --> OK
03/05/2022 20:22:45|Articulo --> mary bosques shock acido % Dto: 20
03/05/2022 20:22:45|cantidadArt B --> 2
03/05/2022 20:22:45|PrecVear --> 72
03/05/2022 20:22:45|montoArt --> 59,504132231405
03/05/2022 20:22:45|ivaArt --> 21
03/05/2022 20:22:45|hasarOCX.ImprimirItem --> OK
03/05/2022 20:22:45|Articulo --> colgate clasica x70g
03/05/2022 20:22:45|cantidadArt B --> 1
03/05/2022 20:22:45|PrecVear --> 155
03/05/2022 20:22:45|montoArt --> 128,099173553719
03/05/2022 20:22:45|ivaArt --> 21
03/05/2022 20:22:46|hasarOCX.ImprimirItem --> OK
03/05/2022 20:22:46|Articulo --> dove jabon x90 blanco
03/05/2022 20:22:46|cantidadArt B --> 1
03/05/2022 20:22:46|PrecVear --> 140
03/05/2022 20:22:46|montoArt --> 115,702479338843
03/05/2022 20:22:46|ivaArt --> 21
03/05/2022 20:22:46|hasarOCX.ImprimirItem --> OK
03/05/2022 20:22:46|Articulo --> dove aero original azul
03/05/2022 20:22:46|cantidadArt B --> 1
03/05/2022 20:22:46|PrecVear --> 250
03/05/2022 20:22:46|montoArt --> 206,611570247934
03/05/2022 20:22:46|ivaArt --> 21
03/05/2022 20:22:46|hasarOCX.ImprimirItem --> OK
03/05/2022 20:22:46|Articulo --> queen peine caspero
03/05/2022 20:22:46|cantidadArt B --> 2
03/05/2022 20:22:46|PrecVear --> 30
03/05/2022 20:22:46|montoArt --> 24,7933884297521
03/05/2022 20:22:46|ivaArt --> 21
03/05/2022 20:22:47|hasarOCX.ImprimirItem --> OK
03/05/2022 20:22:47|Articulo --> mary bosques shock acido rep x250 % Dto: 20
03/05/2022 20:22:47|cantidadArt B --> 1
03/05/2022 20:22:47|PrecVear --> 436
03/05/2022 20:22:47|montoArt --> 360,330578512397
03/05/2022 20:22:47|ivaArt --> 21
03/05/2022 20:22:47|hasarOCX.ImprimirItem --> OK
03/05/2022 20:22:47|Articulo --> la porteña rejilla americana
03/05/2022 20:22:47|cantidadArt B --> 1
03/05/2022 20:22:47|PrecVear --> 90
03/05/2022 20:22:47|montoArt --> 74,3801652892562
03/05/2022 20:22:47|ivaArt --> 21
03/05/2022 20:22:48|hasarOCX.ImprimirItem --> OK
03/05/2022 20:22:48|Articulo --> varios
03/05/2022 20:22:48|cantidadArt B --> 1
03/05/2022 20:22:48|PrecVear --> 295
03/05/2022 20:22:48|montoArt --> 243,801652892562
03/05/2022 20:22:48|ivaArt --> 21
03/05/2022 20:22:48|hasarOCX.ImprimirItem --> OK
03/05/2022 20:22:48|Articulo --> downy concent. x400 ml
03/05/2022 20:22:48|cantidadArt B --> 1
03/05/2022 20:22:48|PrecVear --> 310
03/05/2022 20:22:48|montoArt --> 256,198347107438
03/05/2022 20:22:48|ivaArt --> 21
03/05/2022 20:22:48|hasarOCX.ImprimirItem --> OK
03/05/2022 20:22:48|Articulo --> glade toque rep
03/05/2022 20:22:48|cantidadArt B --> 1
03/05/2022 20:22:48|PrecVear --> 260
03/05/2022 20:22:48|montoArt --> 214,876033057851
03/05/2022 20:22:48|ivaArt --> 21
03/05/2022 20:22:49|hasarOCX.ImprimirItem --> OK
03/05/2022 20:22:49|Articulo --> veritas polvox180 orig.hombre
03/05/2022 20:22:49|cantidadArt B --> 1
03/05/2022 20:22:49|PrecVear --> 290
03/05/2022 20:22:49|montoArt --> 239,669421487603
03/05/2022 20:22:49|ivaArt --> 21
03/05/2022 20:22:49|hasarOCX.ImprimirItem --> OK
03/05/2022 20:22:49|Articulo --> cif crema multiuso x375 nvo
03/05/2022 20:22:49|cantidadArt B --> 1
03/05/2022 20:22:49|PrecVear --> 130
03/05/2022 20:22:49|montoArt --> 107,438016528926
03/05/2022 20:22:49|ivaArt --> 21
03/05/2022 20:22:49|hasarOCX.ImprimirItem --> OK
03/05/2022 20:22:49|Articulo --> effcient x100g antibacterial
03/05/2022 20:22:49|cantidadArt B --> 1
03/05/2022 20:22:49|PrecVear --> 169
03/05/2022 20:22:49|montoArt --> 139,669421487603
03/05/2022 20:22:49|ivaArt --> 21
03/05/2022 20:22:50|hasarOCX.ImprimirItem --> OK
03/05/2022 20:22:50|Articulo --> cif baño dp
03/05/2022 20:22:50|cantidadArt B --> 1
03/05/2022 20:22:50|PrecVear --> 120
03/05/2022 20:22:50|montoArt --> 99,1735537190083
03/05/2022 20:22:50|ivaArt --> 21
03/05/2022 20:22:50|hasarOCX.ImprimirItem --> OK
03/05/2022 20:22:50|Articulo --> elvive shx400 rt5 reno
03/05/2022 20:22:50|cantidadArt B --> 1
03/05/2022 20:22:50|PrecVear --> 630
03/05/2022 20:22:50|montoArt --> 520,661157024793
03/05/2022 20:22:50|ivaArt --> 21
03/05/2022 20:22:50|hasarOCX.ImprimirItem --> OK
03/05/2022 20:22:50|Articulo --> elvive acx400 rt5 reno
03/05/2022 20:22:50|cantidadArt B --> 1
03/05/2022 20:22:50|PrecVear --> 630
03/05/2022 20:22:50|montoArt --> 520,661157024793
03/05/2022 20:22:50|ivaArt --> 21
03/05/2022 20:22:51|hasarOCX.ImprimirItem --> OK
03/05/2022 20:22:51|Articulo --> mr musculo cocina dp
03/05/2022 20:22:51|cantidadArt B --> 1
03/05/2022 20:22:51|PrecVear --> 98
03/05/2022 20:22:51|montoArt --> 80,9917355371901
03/05/2022 20:22:51|ivaArt --> 21
03/05/2022 20:22:51|hasarOCX.ImprimirItem --> OK
03/05/2022 20:22:51|Articulo --> cif pisosx750 oxy gel -922902
03/05/2022 20:22:51|cantidadArt B --> 1
03/05/2022 20:22:51|PrecVear --> 280
03/05/2022 20:22:51|montoArt --> 231,404958677686
03/05/2022 20:22:51|ivaArt --> 21
03/05/2022 20:22:51|hasarOCX.ImprimirItem --> OK
03/05/2022 20:22:51|Articulo --> pino luz limp x900ml aceit.pino
03/05/2022 20:22:51|cantidadArt B --> 1
03/05/2022 20:22:51|PrecVear --> 150
03/05/2022 20:22:51|montoArt --> 123,96694214876
03/05/2022 20:22:51|ivaArt --> 21
03/05/2022 20:22:52|hasarOCX.ImprimirItem --> OK
03/05/2022 20:22:52|Articulo --> ala liquido 3 l dp
03/05/2022 20:22:52|cantidadArt B --> 1
03/05/2022 20:22:52|PrecVear --> 690
03/05/2022 20:22:52|montoArt --> 570,247933884297
03/05/2022 20:22:52|ivaArt --> 21
03/05/2022 20:22:52|hasarOCX.ImprimirItem --> OK
03/05/2022 20:22:52|Cerrar Comprobante B:::
03/05/2022 20:22:55|Obtiene nrocomp
03/05/2022 20:22:55|nrocomp --> 21738
03/05/2022 20:22:55|Nro. de Comprobante ::: TFB ::: 21738
03/05/2022 20:22:55|Ety.TicketFiscal: 21738
03/05/2022 20:32:19|cerrando pantalla venta
03/05/2022 20:32:50|*************COMIENZA Cierre  Z**********
03/05/2022 20:32:59|CIERRE Z
Cierre Z Nº =[701]
Fecha del Cierre        =[03/05/2022 0:00:00]
DF Emitidos             =[38]
DF Cancelados           =[0]
DF Total                =[9813808]
DF Total Gravado        =[8110578]
DF Total No Gravado     =[0]
DF Total Exento         =[0]
DF Total IVA            =[1703230]
DF Total Otros Tributos =[0]
NC Emitidas             =[0]
NC Canceladas           =[0]
NC Total                =[0]
NC Total Gravado        =[0]
NC Total No Gravado     =[0]
NC Total Exento         =[0]
NC Total IVA            =[0]
NC Total Otros Tributos =[0]
DNFH Emitidos           =[0]
DNFH Total              =[0]

