25/06/2022 9:07:17|Conectando..
25/06/2022 9:07:17|IP: 127.0.0.1 - Puerto: 6500
25/06/2022 9:07:57|Error Diagnostico..Tiempo de espera agotado
25/06/2022 9:14:36|Comienza Facturacion B
25/06/2022 9:14:38|Error iniciando Factura B --> Tiempo de espera agotado
25/06/2022 9:14:41|Error Cerrando documento B --> Tiempo de espera agotado
25/06/2022 9:14:41|Conectando..
25/06/2022 9:14:41|IP: 127.0.0.1 - Puerto: 6500
25/06/2022 9:14:43|Comienza Facturacion B
25/06/2022 9:14:43|Error iniciando Factura B --> Anidamiento inválido de comandos
25/06/2022 9:14:43|Comienza Facturacion B
25/06/2022 9:14:43|Error iniciando Factura B --> Anidamiento inválido de comandos
25/06/2022 9:14:44|Comienza Facturacion B
25/06/2022 9:14:44|Error iniciando Factura B --> Anidamiento inválido de comandos
25/06/2022 9:14:44|Comienza Facturacion B
25/06/2022 9:14:44|Error iniciando Factura B --> Anidamiento inválido de comandos
25/06/2022 9:14:45|Error Cerrando documento B --> Anidamiento inválido de comandos
25/06/2022 9:14:45|Conectando..
25/06/2022 9:14:45|IP: 127.0.0.1 - Puerto: 6500
25/06/2022 9:14:45|Comienza Facturacion B
25/06/2022 9:14:45|Error iniciando Factura B --> Anidamiento inválido de comandos
25/06/2022 9:14:46|Error Cerrando documento B --> Anidamiento inválido de comandos
25/06/2022 9:14:46|Conectando..
25/06/2022 9:14:46|IP: 127.0.0.1 - Puerto: 6500
25/06/2022 9:14:48|Comienza Facturacion B
25/06/2022 9:14:48|Error iniciando Factura B --> Anidamiento inválido de comandos
25/06/2022 9:14:48|Error Cerrando documento B --> Anidamiento inválido de comandos
25/06/2022 9:14:48|Conectando..
25/06/2022 9:14:48|IP: 127.0.0.1 - Puerto: 6500
25/06/2022 9:14:50|Error Diagnostico..Anidamiento inválido de comandos
25/06/2022 9:16:32|Error Imprimiendo Factura B --> Tiempo de espera agotado
25/06/2022 9:16:33|Ety.TicketFiscal: -1
25/06/2022 9:16:35|Error Diagnostico..Tiempo de espera agotado
25/06/2022 9:16:38|Error Imprimiendo Factura B --> Tiempo de espera agotado
25/06/2022 9:16:40|Ety.TicketFiscal: -1
25/06/2022 9:16:42|Error Diagnostico..Tiempo de espera agotado
25/06/2022 9:16:45|Error Imprimiendo Factura B --> Tiempo de espera agotado
25/06/2022 9:16:46|Ety.TicketFiscal: -1
25/06/2022 9:16:48|Error Diagnostico..Tiempo de espera agotado
25/06/2022 9:16:50|Error Cerrando documento B --> Tiempo de espera agotado
25/06/2022 9:16:50|Conectando..
25/06/2022 9:16:50|IP: 127.0.0.1 - Puerto: 6500
25/06/2022 9:16:58|Error Imprimiendo Factura B --> Tiempo de espera agotado
25/06/2022 9:16:58|Ety.TicketFiscal: -1
25/06/2022 9:17:00|Error Diagnostico..Tiempo de espera agotado
25/06/2022 9:17:02|Error Cerrando documento B --> Tiempo de espera agotado
25/06/2022 9:17:02|Conectando..
25/06/2022 9:17:02|IP: 127.0.0.1 - Puerto: 6500
25/06/2022 9:17:08|Error Imprimiendo Factura B --> Tiempo de espera agotado
25/06/2022 9:17:09|Ety.TicketFiscal: -1
25/06/2022 9:17:11|cerrando pantalla venta
25/06/2022 9:17:12|Error Diagnostico..Tiempo de espera agotado
25/06/2022 9:17:12|Error Cerrando documento B --> Referencia a objeto no establecida como instancia de un objeto.
25/06/2022 9:17:12|Conectando..
25/06/2022 9:17:12|IP: 127.0.0.1 - Puerto: 6500
25/06/2022 9:17:16|cerrando pantalla venta
25/06/2022 9:17:17|Error Imprimiendo Factura B --> Tiempo de espera agotado
25/06/2022 9:17:18|Ety.TicketFiscal: -1
25/06/2022 9:17:18|Error Diagnostico..Referencia a objeto no establecida como instancia de un objeto.
25/06/2022 9:17:19|Error Imprimiendo Factura B --> Referencia a objeto no establecida como instancia de un objeto.
25/06/2022 9:17:19|Ety.TicketFiscal: -1
25/06/2022 9:17:19|Error Diagnostico..Referencia a objeto no establecida como instancia de un objeto.
25/06/2022 9:18:21|Conectando..
25/06/2022 9:18:21|IP: 127.0.0.1 - Puerto: 6500
25/06/2022 9:18:22|cerrando pantalla venta
25/06/2022 9:18:24|Conectando..
25/06/2022 9:18:24|IP: 127.0.0.1 - Puerto: 6500
25/06/2022 9:18:25|cerrando pantalla venta
25/06/2022 9:21:27|Conectando..
25/06/2022 9:21:27|IP: 127.0.0.1 - Puerto: 6500
25/06/2022 9:21:28|Conectado con éxito!!
25/06/2022 9:39:17|Comienza Facturacion B
25/06/2022 9:39:17|DatosCliente B
25/06/2022 9:39:21|AbrirComprobanteFiscal B
25/06/2022 9:39:21|Articulo --> colgate clasica x70g
25/06/2022 9:39:21|cantidadArt B --> 1
25/06/2022 9:39:21|PrecVear --> 155
25/06/2022 9:39:21|montoArt --> 128,099173553719
25/06/2022 9:39:21|ivaArt --> 21
25/06/2022 9:39:21|hasarOCX.ImprimirItem --> OK
25/06/2022 9:39:21|Articulo --> carefree protec largos x60
25/06/2022 9:39:21|cantidadArt B --> 1
25/06/2022 9:39:21|PrecVear --> 1040
25/06/2022 9:39:21|montoArt --> 859,504132231405
25/06/2022 9:39:21|ivaArt --> 21
25/06/2022 9:39:22|hasarOCX.ImprimirItem --> OK
25/06/2022 9:39:22|Articulo --> ayudin lav.x2l original
25/06/2022 9:39:22|cantidadArt B --> 1
25/06/2022 9:39:22|PrecVear --> 210
25/06/2022 9:39:22|montoArt --> 173,553719008264
25/06/2022 9:39:22|ivaArt --> 21
25/06/2022 9:39:22|hasarOCX.ImprimirItem --> OK
25/06/2022 9:39:22|Articulo --> ariel liqx800 d.pack
25/06/2022 9:39:22|cantidadArt B --> 1
25/06/2022 9:39:22|PrecVear --> 390
25/06/2022 9:39:22|montoArt --> 322,314049586777
25/06/2022 9:39:22|ivaArt --> 21
25/06/2022 9:39:23|hasarOCX.ImprimirItem --> OK
25/06/2022 9:39:23|Articulo --> odorono rexona cr.potex60
25/06/2022 9:39:23|cantidadArt B --> 1
25/06/2022 9:39:23|PrecVear --> 160
25/06/2022 9:39:23|montoArt --> 132,231404958678
25/06/2022 9:39:23|ivaArt --> 21
25/06/2022 9:39:23|hasarOCX.ImprimirItem --> OK
25/06/2022 9:39:23|Articulo --> nutrisse reno 81 avena -68502
25/06/2022 9:39:23|cantidadArt B --> 1
25/06/2022 9:39:23|PrecVear --> 840
25/06/2022 9:39:23|montoArt --> 694,214876033058
25/06/2022 9:39:23|ivaArt --> 21
25/06/2022 9:39:23|hasarOCX.ImprimirItem --> OK
25/06/2022 9:39:23|Cerrar Comprobante B:::
25/06/2022 9:39:26|Obtiene nrocomp
25/06/2022 9:39:27|nrocomp --> 23832
25/06/2022 9:39:27|Nro. de Comprobante ::: TFB ::: 23832
25/06/2022 9:39:27|Ety.TicketFiscal: 23832
25/06/2022 9:44:23|Comienza Facturacion B
25/06/2022 9:44:23|DatosCliente B
25/06/2022 9:44:25|AbrirComprobanteFiscal B
25/06/2022 9:44:25|Articulo --> vidol pvo fecula bolsax400-501
25/06/2022 9:44:25|cantidadArt B --> 1
25/06/2022 9:44:25|PrecVear --> 550
25/06/2022 9:44:25|montoArt --> 454,545454545455
25/06/2022 9:44:25|ivaArt --> 21
25/06/2022 9:44:26|hasarOCX.ImprimirItem --> OK
25/06/2022 9:44:26|Articulo --> magistral x750ml
25/06/2022 9:44:26|cantidadArt B --> 1
25/06/2022 9:44:26|PrecVear --> 598
25/06/2022 9:44:26|montoArt --> 494,214876033058
25/06/2022 9:44:26|ivaArt --> 21
25/06/2022 9:44:26|hasarOCX.ImprimirItem --> OK
25/06/2022 9:44:26|Articulo --> rexona jabon x125
25/06/2022 9:44:26|cantidadArt B --> 3
25/06/2022 9:44:26|PrecVear --> 98
25/06/2022 9:44:26|montoArt --> 80,9917355371901
25/06/2022 9:44:26|ivaArt --> 21
25/06/2022 9:44:26|hasarOCX.ImprimirItem --> OK
25/06/2022 9:44:26|Articulo --> q soft toallas humedas adultos
25/06/2022 9:44:26|cantidadArt B --> 1
25/06/2022 9:44:26|PrecVear --> 470
25/06/2022 9:44:26|montoArt --> 388,429752066116
25/06/2022 9:44:26|ivaArt --> 21
25/06/2022 9:44:27|hasarOCX.ImprimirItem --> OK
25/06/2022 9:44:27|Articulo --> baño facil con clorhexidina 5x20 (verde)
25/06/2022 9:44:27|cantidadArt B --> 1
25/06/2022 9:44:27|PrecVear --> 570
25/06/2022 9:44:27|montoArt --> 471,074380165289
25/06/2022 9:44:27|ivaArt --> 21
25/06/2022 9:44:27|hasarOCX.ImprimirItem --> OK
25/06/2022 9:44:27|Articulo --> always discreet
25/06/2022 9:44:27|cantidadArt B --> 1
25/06/2022 9:44:27|PrecVear --> 1350
25/06/2022 9:44:27|montoArt --> 1115,70247933884
25/06/2022 9:44:27|ivaArt --> 21
25/06/2022 9:44:28|hasarOCX.ImprimirItem --> OK
25/06/2022 9:44:28|Articulo --> ayudin lavandina x4l
25/06/2022 9:44:28|cantidadArt B --> 1
25/06/2022 9:44:28|PrecVear --> 450
25/06/2022 9:44:28|montoArt --> 371,900826446281
25/06/2022 9:44:28|ivaArt --> 21
25/06/2022 9:44:28|hasarOCX.ImprimirItem --> OK
25/06/2022 9:44:28|Cerrar Comprobante B:::
25/06/2022 9:44:31|Obtiene nrocomp
25/06/2022 9:44:31|nrocomp --> 23833
25/06/2022 9:44:31|Nro. de Comprobante ::: TFB ::: 23833
25/06/2022 9:44:31|Ety.TicketFiscal: 23833
25/06/2022 9:55:32|Comienza Facturacion B
25/06/2022 9:55:32|DatosCliente B
25/06/2022 9:55:35|AbrirComprobanteFiscal B
25/06/2022 9:55:35|Articulo --> cif crema ultra blanco x500 ml
25/06/2022 9:55:35|cantidadArt B --> 1
25/06/2022 9:55:35|PrecVear --> 270
25/06/2022 9:55:35|montoArt --> 223,140495867769
25/06/2022 9:55:35|ivaArt --> 21
25/06/2022 9:55:35|hasarOCX.ImprimirItem --> OK
25/06/2022 9:55:35|Articulo --> el coloso rollo cocx3 x 40paños
25/06/2022 9:55:35|cantidadArt B --> 1
25/06/2022 9:55:35|PrecVear --> 135
25/06/2022 9:55:35|montoArt --> 111,570247933884
25/06/2022 9:55:35|ivaArt --> 21
25/06/2022 9:55:36|hasarOCX.ImprimirItem --> OK
25/06/2022 9:55:36|Articulo --> felpita servilletas x70u
25/06/2022 9:55:36|cantidadArt B --> 2
25/06/2022 9:55:36|PrecVear --> 130
25/06/2022 9:55:36|montoArt --> 107,438016528926
25/06/2022 9:55:36|ivaArt --> 21
25/06/2022 9:55:36|hasarOCX.ImprimirItem --> OK
25/06/2022 9:55:36|Articulo --> doncella protector mam. x24u
25/06/2022 9:55:36|cantidadArt B --> 1
25/06/2022 9:55:36|PrecVear --> 310
25/06/2022 9:55:36|montoArt --> 256,198347107438
25/06/2022 9:55:36|ivaArt --> 21
25/06/2022 9:55:36|hasarOCX.ImprimirItem --> OK
25/06/2022 9:55:36|Articulo --> dove deo mujer
25/06/2022 9:55:36|cantidadArt B --> 1
25/06/2022 9:55:36|PrecVear --> 350
25/06/2022 9:55:36|montoArt --> 289,256198347107
25/06/2022 9:55:36|ivaArt --> 21
25/06/2022 9:55:37|hasarOCX.ImprimirItem --> OK
25/06/2022 9:55:37|Articulo --> venus simply rosada x1 unidad
25/06/2022 9:55:37|cantidadArt B --> 1
25/06/2022 9:55:37|PrecVear --> 210
25/06/2022 9:55:37|montoArt --> 173,553719008264
25/06/2022 9:55:37|ivaArt --> 21
25/06/2022 9:55:37|hasarOCX.ImprimirItem --> OK
25/06/2022 9:55:37|Articulo --> pampers confortsec mx72
25/06/2022 9:55:37|cantidadArt B --> 1
25/06/2022 9:55:37|PrecVear --> 2550
25/06/2022 9:55:37|montoArt --> 2107,43801652893
25/06/2022 9:55:37|ivaArt --> 21
25/06/2022 9:55:37|hasarOCX.ImprimirItem --> OK
25/06/2022 9:55:37|Articulo --> tejar labial 4d matte lipstick 2613
25/06/2022 9:55:37|cantidadArt B --> 1
25/06/2022 9:55:37|PrecVear --> 420
25/06/2022 9:55:37|montoArt --> 347,107438016529
25/06/2022 9:55:37|ivaArt --> 21
25/06/2022 9:55:38|hasarOCX.ImprimirItem --> OK
25/06/2022 9:55:38|Cerrar Comprobante B:::
25/06/2022 9:55:41|Obtiene nrocomp
25/06/2022 9:55:41|nrocomp --> 23834
25/06/2022 9:55:41|Nro. de Comprobante ::: TFB ::: 23834
25/06/2022 9:55:41|Ety.TicketFiscal: 23834
25/06/2022 9:58:45|Comienza Facturacion B
25/06/2022 9:58:45|DatosCliente B
25/06/2022 9:58:47|AbrirComprobanteFiscal B
25/06/2022 9:58:47|Articulo --> protex jabon liquido dpx200ml
25/06/2022 9:58:47|cantidadArt B --> 1
25/06/2022 9:58:47|PrecVear --> 260
25/06/2022 9:58:47|montoArt --> 214,876033057851
25/06/2022 9:58:47|ivaArt --> 21
25/06/2022 9:58:48|hasarOCX.ImprimirItem --> OK
25/06/2022 9:58:48|Articulo --> jyj x400ml ac brillo
25/06/2022 9:58:48|cantidadArt B --> 1
25/06/2022 9:58:48|PrecVear --> 740
25/06/2022 9:58:48|montoArt --> 611,570247933884
25/06/2022 9:58:48|ivaArt --> 21
25/06/2022 9:58:48|hasarOCX.ImprimirItem --> OK
25/06/2022 9:58:48|Articulo --> jyj x400ml sh brillo
25/06/2022 9:58:48|cantidadArt B --> 1
25/06/2022 9:58:48|PrecVear --> 740
25/06/2022 9:58:48|montoArt --> 611,570247933884
25/06/2022 9:58:48|ivaArt --> 21
25/06/2022 9:58:49|hasarOCX.ImprimirItem --> OK
25/06/2022 9:58:49|Articulo --> bolsas residuos 50*70
25/06/2022 9:58:49|cantidadArt B --> 1
25/06/2022 9:58:49|PrecVear --> 120
25/06/2022 9:58:49|montoArt --> 99,1735537190083
25/06/2022 9:58:49|ivaArt --> 21
25/06/2022 9:58:49|hasarOCX.ImprimirItem --> OK
25/06/2022 9:58:49|Articulo --> colgate cr clasica x180g
25/06/2022 9:58:49|cantidadArt B --> 1
25/06/2022 9:58:49|PrecVear --> 390
25/06/2022 9:58:49|montoArt --> 322,314049586777
25/06/2022 9:58:49|ivaArt --> 21
25/06/2022 9:58:49|hasarOCX.ImprimirItem --> OK
25/06/2022 9:58:49|Articulo --> felpita higienico dh
25/06/2022 9:58:49|cantidadArt B --> 1
25/06/2022 9:58:49|PrecVear --> 330
25/06/2022 9:58:49|montoArt --> 272,727272727273
25/06/2022 9:58:49|ivaArt --> 21
25/06/2022 9:58:50|hasarOCX.ImprimirItem --> OK
25/06/2022 9:58:50|Articulo --> goodmax rosa x1 maquina de afeitar x5 filos
25/06/2022 9:58:50|cantidadArt B --> 2
25/06/2022 9:58:50|PrecVear --> 110
25/06/2022 9:58:50|montoArt --> 90,9090909090909
25/06/2022 9:58:50|ivaArt --> 21
25/06/2022 9:58:50|hasarOCX.ImprimirItem --> OK
25/06/2022 9:58:50|Articulo --> felpita maxirollo x200u dh
25/06/2022 9:58:50|cantidadArt B --> 1
25/06/2022 9:58:50|PrecVear --> 230
25/06/2022 9:58:50|montoArt --> 190,082644628099
25/06/2022 9:58:50|ivaArt --> 21
25/06/2022 9:58:51|hasarOCX.ImprimirItem --> OK
25/06/2022 9:58:51|Cerrar Comprobante B:::
25/06/2022 9:58:54|Obtiene nrocomp
25/06/2022 9:58:54|nrocomp --> 23835
25/06/2022 9:58:54|Nro. de Comprobante ::: TFB ::: 23835
25/06/2022 9:58:54|Ety.TicketFiscal: 23835
25/06/2022 10:01:20|Comienza Facturacion B
25/06/2022 10:01:20|DatosCliente B
25/06/2022 10:01:22|AbrirComprobanteFiscal B
25/06/2022 10:01:22|Articulo --> bolsas residuos 50*70
25/06/2022 10:01:22|cantidadArt B --> 1
25/06/2022 10:01:22|PrecVear --> 120
25/06/2022 10:01:22|montoArt --> 99,1735537190083
25/06/2022 10:01:22|ivaArt --> 21
25/06/2022 10:01:23|hasarOCX.ImprimirItem --> OK
25/06/2022 10:01:23|Articulo --> pampers confortsec pack xg 96
25/06/2022 10:01:23|cantidadArt B --> 1
25/06/2022 10:01:23|PrecVear --> 3500
25/06/2022 10:01:23|montoArt --> 2892,56198347107
25/06/2022 10:01:23|ivaArt --> 21
25/06/2022 10:01:23|hasarOCX.ImprimirItem --> OK
25/06/2022 10:01:23|Cerrar Comprobante B:::
25/06/2022 10:01:26|Obtiene nrocomp
25/06/2022 10:01:26|nrocomp --> 23836
25/06/2022 10:01:26|Nro. de Comprobante ::: TFB ::: 23836
25/06/2022 10:01:26|Ety.TicketFiscal: 23836
25/06/2022 10:02:32|Comienza Facturacion B
25/06/2022 10:02:32|DatosCliente B
25/06/2022 10:02:35|AbrirComprobanteFiscal B
25/06/2022 10:02:35|Articulo --> nonino zaleas x10 unidades
25/06/2022 10:02:35|cantidadArt B --> 1
25/06/2022 10:02:35|PrecVear --> 550
25/06/2022 10:02:35|montoArt --> 454,545454545455
25/06/2022 10:02:35|ivaArt --> 21
25/06/2022 10:02:35|hasarOCX.ImprimirItem --> OK
25/06/2022 10:02:35|Cerrar Comprobante B:::
25/06/2022 10:02:38|Obtiene nrocomp
25/06/2022 10:02:39|nrocomp --> 23837
25/06/2022 10:02:39|Nro. de Comprobante ::: TFB ::: 23837
25/06/2022 10:02:39|Ety.TicketFiscal: 23837
25/06/2022 10:09:23|Comienza Facturacion B
25/06/2022 10:09:23|DatosCliente B
25/06/2022 10:09:26|AbrirComprobanteFiscal B
25/06/2022 10:09:26|Articulo --> varios
25/06/2022 10:09:26|cantidadArt B --> 10
25/06/2022 10:09:26|PrecVear --> 40
25/06/2022 10:09:26|montoArt --> 33,0578512396694
25/06/2022 10:09:26|ivaArt --> 21
25/06/2022 10:09:26|hasarOCX.ImprimirItem --> OK
25/06/2022 10:09:26|Articulo --> dove jabon x90 blanco
25/06/2022 10:09:26|cantidadArt B --> 2
25/06/2022 10:09:26|PrecVear --> 150
25/06/2022 10:09:26|montoArt --> 123,96694214876
25/06/2022 10:09:26|ivaArt --> 21
25/06/2022 10:09:27|hasarOCX.ImprimirItem --> OK
25/06/2022 10:09:27|Articulo --> doncella algodon x500g
25/06/2022 10:09:27|cantidadArt B --> 1
25/06/2022 10:09:27|PrecVear --> 560
25/06/2022 10:09:27|montoArt --> 462,809917355372
25/06/2022 10:09:27|ivaArt --> 21
25/06/2022 10:09:27|hasarOCX.ImprimirItem --> OK
25/06/2022 10:09:27|Articulo --> hennia aposito incontinencia plus
25/06/2022 10:09:27|cantidadArt B --> 1
25/06/2022 10:09:27|PrecVear --> 600
25/06/2022 10:09:27|montoArt --> 495,867768595041
25/06/2022 10:09:27|ivaArt --> 21
25/06/2022 10:09:27|hasarOCX.ImprimirItem --> OK
25/06/2022 10:09:27|Articulo --> kevingston deo.aer. 20 men x 160 ml. 1
25/06/2022 10:09:27|cantidadArt B --> 1
25/06/2022 10:09:27|PrecVear --> 500
25/06/2022 10:09:27|montoArt --> 413,223140495868
25/06/2022 10:09:27|ivaArt --> 21
25/06/2022 10:09:28|hasarOCX.ImprimirItem --> OK
25/06/2022 10:09:28|Cerrar Comprobante B:::
25/06/2022 10:09:31|Obtiene nrocomp
25/06/2022 10:09:31|nrocomp --> 23838
25/06/2022 10:09:31|Nro. de Comprobante ::: TFB ::: 23838
25/06/2022 10:09:31|Ety.TicketFiscal: 23838
25/06/2022 10:14:16|Comienza Facturacion B
25/06/2022 10:14:16|DatosCliente B
25/06/2022 10:14:19|AbrirComprobanteFiscal B
25/06/2022 10:14:19|Articulo --> loreal revitalift serum x30ml
25/06/2022 10:14:19|cantidadArt B --> 1
25/06/2022 10:14:19|PrecVear --> 2800
25/06/2022 10:14:19|montoArt --> 2314,04958677686
25/06/2022 10:14:19|ivaArt --> 21
25/06/2022 10:14:19|hasarOCX.ImprimirItem --> OK
25/06/2022 10:14:19|Articulo --> neutrogena hydroboost  x50g
25/06/2022 10:14:19|cantidadArt B --> 1
25/06/2022 10:14:19|PrecVear --> 1880
25/06/2022 10:14:19|montoArt --> 1553,71900826446
25/06/2022 10:14:19|ivaArt --> 21
25/06/2022 10:14:19|hasarOCX.ImprimirItem --> OK
25/06/2022 10:14:19|Cerrar Comprobante B:::
25/06/2022 10:14:22|Obtiene nrocomp
25/06/2022 10:14:23|nrocomp --> 23839
25/06/2022 10:14:23|Nro. de Comprobante ::: TFB ::: 23839
25/06/2022 10:14:23|Ety.TicketFiscal: 23839
25/06/2022 10:21:06|Comienza Facturacion B
25/06/2022 10:21:06|DatosCliente B
25/06/2022 10:21:08|AbrirComprobanteFiscal B
25/06/2022 10:21:08|Articulo --> pampers supersec m72
25/06/2022 10:21:08|cantidadArt B --> 1
25/06/2022 10:21:08|PrecVear --> 1730
25/06/2022 10:21:08|montoArt --> 1429,7520661157
25/06/2022 10:21:08|ivaArt --> 21
25/06/2022 10:21:09|hasarOCX.ImprimirItem --> OK
25/06/2022 10:21:09|Articulo --> que linda esmalte reforza
25/06/2022 10:21:09|cantidadArt B --> 1
25/06/2022 10:21:09|PrecVear --> 80
25/06/2022 10:21:09|montoArt --> 66,1157024793389
25/06/2022 10:21:09|ivaArt --> 21
25/06/2022 10:21:09|hasarOCX.ImprimirItem --> OK
25/06/2022 10:21:09|Cerrar Comprobante B:::
25/06/2022 10:21:12|Obtiene nrocomp
25/06/2022 10:21:12|nrocomp --> 23840
25/06/2022 10:21:12|Nro. de Comprobante ::: TFB ::: 23840
25/06/2022 10:21:12|Ety.TicketFiscal: 23840
25/06/2022 10:21:37|Comienza Facturacion B
25/06/2022 10:21:38|DatosCliente B
25/06/2022 10:21:40|AbrirComprobanteFiscal B
25/06/2022 10:21:40|Articulo --> cutex quitaesmalte hipo x50ml
25/06/2022 10:21:40|cantidadArt B --> 1
25/06/2022 10:21:40|PrecVear --> 120
25/06/2022 10:21:40|montoArt --> 99,1735537190083
25/06/2022 10:21:40|ivaArt --> 21
25/06/2022 10:21:40|hasarOCX.ImprimirItem --> OK
25/06/2022 10:21:40|Cerrar Comprobante B:::
25/06/2022 10:21:43|Obtiene nrocomp
25/06/2022 10:21:44|nrocomp --> 23841
25/06/2022 10:21:44|Nro. de Comprobante ::: TFB ::: 23841
25/06/2022 10:21:44|Ety.TicketFiscal: 23841
25/06/2022 10:25:59|Comienza Facturacion B
25/06/2022 10:25:59|DatosCliente B
25/06/2022 10:26:01|AbrirComprobanteFiscal B
25/06/2022 10:26:01|Articulo --> el coloso jabon blanco x 2
25/06/2022 10:26:01|cantidadArt B --> 3
25/06/2022 10:26:01|PrecVear --> 70
25/06/2022 10:26:01|montoArt --> 57,8512396694215
25/06/2022 10:26:01|ivaArt --> 21
25/06/2022 10:26:02|hasarOCX.ImprimirItem --> OK
25/06/2022 10:26:02|Articulo --> nivea crema corporal x250 ml
25/06/2022 10:26:02|cantidadArt B --> 1
25/06/2022 10:26:02|PrecVear --> 590
25/06/2022 10:26:02|montoArt --> 487,603305785124
25/06/2022 10:26:02|ivaArt --> 21
25/06/2022 10:26:02|hasarOCX.ImprimirItem --> OK
25/06/2022 10:26:02|Articulo --> bacter all alcohol etilico 70% vol.
25/06/2022 10:26:02|cantidadArt B --> 2
25/06/2022 10:26:02|PrecVear --> 260
25/06/2022 10:26:02|montoArt --> 214,876033057851
25/06/2022 10:26:02|ivaArt --> 21
25/06/2022 10:26:03|hasarOCX.ImprimirItem --> OK
25/06/2022 10:26:03|Articulo --> always nocturna larga x8
25/06/2022 10:26:03|cantidadArt B --> 1
25/06/2022 10:26:03|PrecVear --> 380
25/06/2022 10:26:03|montoArt --> 314,04958677686
25/06/2022 10:26:03|ivaArt --> 21
25/06/2022 10:26:03|hasarOCX.ImprimirItem --> OK
25/06/2022 10:26:03|Cerrar Comprobante B:::
25/06/2022 10:26:06|Obtiene nrocomp
25/06/2022 10:26:06|nrocomp --> 23842
25/06/2022 10:26:06|Nro. de Comprobante ::: TFB ::: 23842
25/06/2022 10:26:06|Ety.TicketFiscal: 23842
25/06/2022 10:28:07|Comienza Facturacion B
25/06/2022 10:28:08|DatosCliente B
25/06/2022 10:28:10|AbrirComprobanteFiscal B
25/06/2022 10:28:10|Articulo --> felpita maxirollo x200u dh
25/06/2022 10:28:10|cantidadArt B --> 1
25/06/2022 10:28:10|PrecVear --> 230
25/06/2022 10:28:10|montoArt --> 190,082644628099
25/06/2022 10:28:10|ivaArt --> 21
25/06/2022 10:28:11|hasarOCX.ImprimirItem --> OK
25/06/2022 10:28:11|Articulo --> higienol max 80m panal
25/06/2022 10:28:11|cantidadArt B --> 1
25/06/2022 10:28:11|PrecVear --> 380
25/06/2022 10:28:11|montoArt --> 314,04958677686
25/06/2022 10:28:11|ivaArt --> 21
25/06/2022 10:28:11|hasarOCX.ImprimirItem --> OK
25/06/2022 10:28:11|Articulo --> ayudin lavandina en gelx700
25/06/2022 10:28:11|cantidadArt B --> 1
25/06/2022 10:28:11|PrecVear --> 198
25/06/2022 10:28:11|montoArt --> 163,636363636364
25/06/2022 10:28:11|ivaArt --> 21
25/06/2022 10:28:11|hasarOCX.ImprimirItem --> OK
25/06/2022 10:28:11|Cerrar Comprobante B:::
25/06/2022 10:28:14|Obtiene nrocomp
25/06/2022 10:28:14|nrocomp --> 23843
25/06/2022 10:28:14|Nro. de Comprobante ::: TFB ::: 23843
25/06/2022 10:28:14|Ety.TicketFiscal: 23843
25/06/2022 10:29:31|Comienza Facturacion B
25/06/2022 10:29:32|DatosCliente B
25/06/2022 10:29:34|AbrirComprobanteFiscal B
25/06/2022 10:29:34|Articulo --> el coloso guantes max t8 med
25/06/2022 10:29:34|cantidadArt B --> 1
25/06/2022 10:29:34|PrecVear --> 240
25/06/2022 10:29:34|montoArt --> 198,347107438017
25/06/2022 10:29:34|ivaArt --> 21
25/06/2022 10:29:34|hasarOCX.ImprimirItem --> OK
25/06/2022 10:29:34|Articulo --> cutex quitaesmalte humectante x 100 ml
25/06/2022 10:29:34|cantidadArt B --> 1
25/06/2022 10:29:34|PrecVear --> 195
25/06/2022 10:29:34|montoArt --> 161,157024793388
25/06/2022 10:29:34|ivaArt --> 21
25/06/2022 10:29:35|hasarOCX.ImprimirItem --> OK
25/06/2022 10:29:35|Articulo --> ladysoft normx8 c/aloe c/alas
25/06/2022 10:29:35|cantidadArt B --> 1
25/06/2022 10:29:35|PrecVear --> 98
25/06/2022 10:29:35|montoArt --> 80,9917355371901
25/06/2022 10:29:35|ivaArt --> 21
25/06/2022 10:29:35|hasarOCX.ImprimirItem --> OK
25/06/2022 10:29:35|Articulo --> ayudin lav.x2l original
25/06/2022 10:29:35|cantidadArt B --> 1
25/06/2022 10:29:35|PrecVear --> 210
25/06/2022 10:29:35|montoArt --> 173,553719008264
25/06/2022 10:29:35|ivaArt --> 21
25/06/2022 10:29:36|hasarOCX.ImprimirItem --> OK
25/06/2022 10:29:36|Cerrar Comprobante B:::
25/06/2022 10:29:39|Obtiene nrocomp
25/06/2022 10:29:39|nrocomp --> 23844
25/06/2022 10:29:39|Nro. de Comprobante ::: TFB ::: 23844
25/06/2022 10:29:39|Ety.TicketFiscal: 23844
25/06/2022 10:34:20|Comienza Facturacion B
25/06/2022 10:34:20|DatosCliente B
25/06/2022 10:34:23|AbrirComprobanteFiscal B
25/06/2022 10:34:23|Articulo --> woolitex450 d.pack mano bebe-0996
25/06/2022 10:34:23|cantidadArt B --> 1
25/06/2022 10:34:23|PrecVear --> 280
25/06/2022 10:34:23|montoArt --> 231,404958677686
25/06/2022 10:34:23|ivaArt --> 21
25/06/2022 10:34:23|hasarOCX.ImprimirItem --> OK
25/06/2022 10:34:23|Articulo --> avent mamadera natural x125 cc
25/06/2022 10:34:23|cantidadArt B --> 1
25/06/2022 10:34:23|PrecVear --> 2730
25/06/2022 10:34:23|montoArt --> 2256,19834710744
25/06/2022 10:34:23|ivaArt --> 21
25/06/2022 10:34:24|hasarOCX.ImprimirItem --> OK
25/06/2022 10:34:24|Cerrar Comprobante B:::
25/06/2022 10:34:27|Obtiene nrocomp
25/06/2022 10:34:27|nrocomp --> 23845
25/06/2022 10:34:27|Nro. de Comprobante ::: TFB ::: 23845
25/06/2022 10:34:27|Ety.TicketFiscal: 23845
25/06/2022 10:40:46|cerrando pantalla venta
25/06/2022 10:41:20|Conectando..
25/06/2022 10:41:20|IP: 127.0.0.1 - Puerto: 6500
25/06/2022 10:41:21|Conectado con éxito!!
25/06/2022 11:11:35|Comienza Facturacion B
25/06/2022 11:11:36|DatosCliente B
25/06/2022 11:11:38|AbrirComprobanteFiscal B
25/06/2022 11:11:38|Articulo --> mary bosques 3 minutos
25/06/2022 11:11:38|cantidadArt B --> 2
25/06/2022 11:11:38|PrecVear --> 85
25/06/2022 11:11:38|montoArt --> 70,2479338842975
25/06/2022 11:11:38|ivaArt --> 21
25/06/2022 11:11:38|hasarOCX.ImprimirItem --> OK
25/06/2022 11:11:38|Articulo --> mary bosques botox
25/06/2022 11:11:38|cantidadArt B --> 2
25/06/2022 11:11:38|PrecVear --> 85
25/06/2022 11:11:38|montoArt --> 70,2479338842975
25/06/2022 11:11:38|ivaArt --> 21
25/06/2022 11:11:39|hasarOCX.ImprimirItem --> OK
25/06/2022 11:11:39|Articulo --> extralimp bollito acero
25/06/2022 11:11:39|cantidadArt B --> 1
25/06/2022 11:11:39|PrecVear --> 170
25/06/2022 11:11:39|montoArt --> 140,495867768595
25/06/2022 11:11:39|ivaArt --> 21
25/06/2022 11:11:39|hasarOCX.ImprimirItem --> OK
25/06/2022 11:11:39|Articulo --> gum cep classic 409
25/06/2022 11:11:39|cantidadArt B --> 1
25/06/2022 11:11:39|PrecVear --> 560
25/06/2022 11:11:39|montoArt --> 462,809917355372
25/06/2022 11:11:39|ivaArt --> 21
25/06/2022 11:11:40|hasarOCX.ImprimirItem --> OK
25/06/2022 11:11:40|Articulo --> condor escobilla de baño s/base
25/06/2022 11:11:40|cantidadArt B --> 1
25/06/2022 11:11:40|PrecVear --> 225
25/06/2022 11:11:40|montoArt --> 185,950413223141
25/06/2022 11:11:40|ivaArt --> 21
25/06/2022 11:11:40|hasarOCX.ImprimirItem --> OK
25/06/2022 11:11:40|Articulo --> varios
25/06/2022 11:11:40|cantidadArt B --> 1
25/06/2022 11:11:40|PrecVear --> 110
25/06/2022 11:11:40|montoArt --> 90,9090909090909
25/06/2022 11:11:40|ivaArt --> 21
25/06/2022 11:11:40|hasarOCX.ImprimirItem --> OK
25/06/2022 11:11:40|Articulo --> gum classic 311
25/06/2022 11:11:40|cantidadArt B --> 1
25/06/2022 11:11:40|PrecVear --> 560
25/06/2022 11:11:40|montoArt --> 462,809917355372
25/06/2022 11:11:40|ivaArt --> 21
25/06/2022 11:11:41|hasarOCX.ImprimirItem --> OK
25/06/2022 11:11:41|Articulo --> virulana rollitox70grs -17003
25/06/2022 11:11:41|cantidadArt B --> 1
25/06/2022 11:11:41|PrecVear --> 110
25/06/2022 11:11:41|montoArt --> 90,9090909090909
25/06/2022 11:11:41|ivaArt --> 21
25/06/2022 11:11:41|hasarOCX.ImprimirItem --> OK
25/06/2022 11:11:41|Articulo --> mapa guante m
25/06/2022 11:11:41|cantidadArt B --> 1
25/06/2022 11:11:41|PrecVear --> 340
25/06/2022 11:11:41|montoArt --> 280,99173553719
25/06/2022 11:11:41|ivaArt --> 21
25/06/2022 11:11:41|hasarOCX.ImprimirItem --> OK
25/06/2022 11:11:41|Articulo --> seiseme jabon en pan x 300
25/06/2022 11:11:41|cantidadArt B --> 1
25/06/2022 11:11:41|PrecVear --> 145
25/06/2022 11:11:41|montoArt --> 119,834710743802
25/06/2022 11:11:41|ivaArt --> 21
25/06/2022 11:11:42|hasarOCX.ImprimirItem --> OK
25/06/2022 11:11:42|Articulo --> blem cera x1l oscuro
25/06/2022 11:11:42|cantidadArt B --> 1
25/06/2022 11:11:42|PrecVear --> 850
25/06/2022 11:11:42|montoArt --> 702,479338842975
25/06/2022 11:11:42|ivaArt --> 21
25/06/2022 11:11:42|hasarOCX.ImprimirItem --> OK
25/06/2022 11:11:42|Articulo --> estrella toallitas x50 u
25/06/2022 11:11:42|cantidadArt B --> 4
25/06/2022 11:11:42|PrecVear --> 250
25/06/2022 11:11:42|montoArt --> 206,611570247934
25/06/2022 11:11:42|ivaArt --> 21
25/06/2022 11:11:42|hasarOCX.ImprimirItem --> OK
25/06/2022 11:11:42|Cerrar Comprobante B:::
25/06/2022 11:11:45|Obtiene nrocomp
25/06/2022 11:11:46|nrocomp --> 23846
25/06/2022 11:11:46|Nro. de Comprobante ::: TFB ::: 23846
25/06/2022 11:11:46|Ety.TicketFiscal: 23846
25/06/2022 11:16:43|Comienza Facturacion B
25/06/2022 11:16:43|DatosCliente B
25/06/2022 11:16:46|AbrirComprobanteFiscal B
25/06/2022 11:16:46|Articulo --> pelliza gorra de ducha decorada
25/06/2022 11:16:46|cantidadArt B --> 1
25/06/2022 11:16:46|PrecVear --> 320
25/06/2022 11:16:46|montoArt --> 264,462809917355
25/06/2022 11:16:46|ivaArt --> 21
25/06/2022 11:16:46|hasarOCX.ImprimirItem --> OK
25/06/2022 11:16:46|Cerrar Comprobante B:::
25/06/2022 11:16:49|Obtiene nrocomp
25/06/2022 11:16:50|nrocomp --> 23847
25/06/2022 11:16:50|Nro. de Comprobante ::: TFB ::: 23847
25/06/2022 11:16:50|Ety.TicketFiscal: 23847
25/06/2022 11:26:26|Comienza Facturacion B
25/06/2022 11:26:26|DatosCliente B
25/06/2022 11:26:29|AbrirComprobanteFiscal B
25/06/2022 11:26:29|Articulo --> mary bosques botox
25/06/2022 11:26:29|cantidadArt B --> 1
25/06/2022 11:26:29|PrecVear --> 85
25/06/2022 11:26:29|montoArt --> 70,2479338842975
25/06/2022 11:26:29|ivaArt --> 21
25/06/2022 11:26:29|hasarOCX.ImprimirItem --> OK
25/06/2022 11:26:29|Articulo --> dove jabon x90 blanco
25/06/2022 11:26:29|cantidadArt B --> 2
25/06/2022 11:26:29|PrecVear --> 150
25/06/2022 11:26:29|montoArt --> 123,96694214876
25/06/2022 11:26:29|ivaArt --> 21
25/06/2022 11:26:29|hasarOCX.ImprimirItem --> OK
25/06/2022 11:26:29|Articulo --> villeneuve jab liq dp
25/06/2022 11:26:29|cantidadArt B --> 1
25/06/2022 11:26:29|PrecVear --> 140
25/06/2022 11:26:29|montoArt --> 115,702479338843
25/06/2022 11:26:29|ivaArt --> 21
25/06/2022 11:26:30|hasarOCX.ImprimirItem --> OK
25/06/2022 11:26:30|Articulo --> el coloso esp.economica
25/06/2022 11:26:30|cantidadArt B --> 2
25/06/2022 11:26:30|PrecVear --> 35
25/06/2022 11:26:30|montoArt --> 28,9256198347107
25/06/2022 11:26:30|ivaArt --> 21
25/06/2022 11:26:30|hasarOCX.ImprimirItem --> OK
25/06/2022 11:26:30|Articulo --> odex limpiador x4 lt
25/06/2022 11:26:30|cantidadArt B --> 1
25/06/2022 11:26:30|PrecVear --> 450
25/06/2022 11:26:30|montoArt --> 371,900826446281
25/06/2022 11:26:30|ivaArt --> 21
25/06/2022 11:26:31|hasarOCX.ImprimirItem --> OK
25/06/2022 11:26:31|Cerrar Comprobante B:::
25/06/2022 11:26:34|Obtiene nrocomp
25/06/2022 11:26:34|nrocomp --> 23848
25/06/2022 11:26:34|Nro. de Comprobante ::: TFB ::: 23848
25/06/2022 11:26:34|Ety.TicketFiscal: 23848
25/06/2022 11:36:07|Comienza Facturacion B
25/06/2022 11:36:07|DatosCliente B
25/06/2022 11:36:09|AbrirComprobanteFiscal B
25/06/2022 11:36:09|Articulo --> gillette foamyx175 piel sens
25/06/2022 11:36:09|cantidadArt B --> 1
25/06/2022 11:36:09|PrecVear --> 420
25/06/2022 11:36:09|montoArt --> 347,107438016529
25/06/2022 11:36:09|ivaArt --> 21
25/06/2022 11:36:10|hasarOCX.ImprimirItem --> OK
25/06/2022 11:36:10|Articulo --> mach 3 repuesto x1 uni
25/06/2022 11:36:10|cantidadArt B --> 1
25/06/2022 11:36:10|PrecVear --> 260
25/06/2022 11:36:10|montoArt --> 214,876033057851
25/06/2022 11:36:10|ivaArt --> 21
25/06/2022 11:36:10|hasarOCX.ImprimirItem --> OK
25/06/2022 11:36:10|Cerrar Comprobante B:::
25/06/2022 11:36:13|Obtiene nrocomp
25/06/2022 11:36:13|nrocomp --> 23849
25/06/2022 11:36:13|Nro. de Comprobante ::: TFB ::: 23849
25/06/2022 11:36:13|Ety.TicketFiscal: 23849
25/06/2022 11:37:47|Comienza Facturacion B
25/06/2022 11:37:47|DatosCliente B
25/06/2022 11:37:50|AbrirComprobanteFiscal B
25/06/2022 11:37:50|Articulo --> rexona clinical aerosol
25/06/2022 11:37:50|cantidadArt B --> 1
25/06/2022 11:37:50|PrecVear --> 430
25/06/2022 11:37:50|montoArt --> 355,371900826446
25/06/2022 11:37:50|ivaArt --> 21
25/06/2022 11:37:50|hasarOCX.ImprimirItem --> OK
25/06/2022 11:37:50|Articulo --> hennia aposito incontinencia plus
25/06/2022 11:37:50|cantidadArt B --> 1
25/06/2022 11:37:50|PrecVear --> 600
25/06/2022 11:37:50|montoArt --> 495,867768595041
25/06/2022 11:37:50|ivaArt --> 21
25/06/2022 11:37:51|hasarOCX.ImprimirItem --> OK
25/06/2022 11:37:51|Cerrar Comprobante B:::
25/06/2022 11:37:54|Obtiene nrocomp
25/06/2022 11:37:54|nrocomp --> 23850
25/06/2022 11:37:54|Nro. de Comprobante ::: TFB ::: 23850
25/06/2022 11:37:54|Ety.TicketFiscal: 23850
25/06/2022 11:40:10|Comienza Facturacion B
25/06/2022 11:40:11|DatosCliente B
25/06/2022 11:40:13|AbrirComprobanteFiscal B
25/06/2022 11:40:13|Articulo --> lux jabones x3 unidades
25/06/2022 11:40:13|cantidadArt B --> 1
25/06/2022 11:40:13|PrecVear --> 280
25/06/2022 11:40:13|montoArt --> 231,404958677686
25/06/2022 11:40:13|ivaArt --> 21
25/06/2022 11:40:13|hasarOCX.ImprimirItem --> OK
25/06/2022 11:40:13|Articulo --> el coloso jabon blanco x 2
25/06/2022 11:40:13|cantidadArt B --> 2
25/06/2022 11:40:13|PrecVear --> 70
25/06/2022 11:40:13|montoArt --> 57,8512396694215
25/06/2022 11:40:13|ivaArt --> 21
25/06/2022 11:40:14|hasarOCX.ImprimirItem --> OK
25/06/2022 11:40:14|Articulo --> varios
25/06/2022 11:40:14|cantidadArt B --> 2
25/06/2022 11:40:14|PrecVear --> 290
25/06/2022 11:40:14|montoArt --> 239,669421487603
25/06/2022 11:40:14|ivaArt --> 21
25/06/2022 11:40:14|hasarOCX.ImprimirItem --> OK
25/06/2022 11:40:14|Articulo --> varios
25/06/2022 11:40:14|cantidadArt B --> 1
25/06/2022 11:40:14|PrecVear --> 250
25/06/2022 11:40:14|montoArt --> 206,611570247934
25/06/2022 11:40:14|ivaArt --> 21
25/06/2022 11:40:15|hasarOCX.ImprimirItem --> OK
25/06/2022 11:40:15|Articulo --> el colosoliq con suav. x500 ml
25/06/2022 11:40:15|cantidadArt B --> 1
25/06/2022 11:40:15|PrecVear --> 149
25/06/2022 11:40:15|montoArt --> 123,140495867769
25/06/2022 11:40:15|ivaArt --> 21
25/06/2022 11:40:15|hasarOCX.ImprimirItem --> OK
25/06/2022 11:40:15|Cerrar Comprobante B:::
25/06/2022 11:40:18|Obtiene nrocomp
25/06/2022 11:40:18|nrocomp --> 23851
25/06/2022 11:40:18|Nro. de Comprobante ::: TFB ::: 23851
25/06/2022 11:40:18|Ety.TicketFiscal: 23851
25/06/2022 11:45:49|Comienza Facturacion B
25/06/2022 11:45:49|DatosCliente B
25/06/2022 11:45:51|AbrirComprobanteFiscal B
25/06/2022 11:45:51|Articulo --> dispita toallitas humedas oso
25/06/2022 11:45:51|cantidadArt B --> 1
25/06/2022 11:45:51|PrecVear --> 510
25/06/2022 11:45:51|montoArt --> 421,487603305785
25/06/2022 11:45:51|ivaArt --> 21
25/06/2022 11:45:52|hasarOCX.ImprimirItem --> OK
25/06/2022 11:45:52|Articulo --> huggies protect plus gx60
25/06/2022 11:45:52|cantidadArt B --> 1
25/06/2022 11:45:52|PrecVear --> 1790
25/06/2022 11:45:52|montoArt --> 1479,33884297521
25/06/2022 11:45:52|ivaArt --> 21
25/06/2022 11:45:52|hasarOCX.ImprimirItem --> OK
25/06/2022 11:45:52|Articulo --> estrella toallitas x50 u
25/06/2022 11:45:52|cantidadArt B --> 2
25/06/2022 11:45:52|PrecVear --> 250
25/06/2022 11:45:52|montoArt --> 206,611570247934
25/06/2022 11:45:52|ivaArt --> 21
25/06/2022 11:45:52|hasarOCX.ImprimirItem --> OK
25/06/2022 11:45:52|Articulo --> pelliza guante exfoliante
25/06/2022 11:45:52|cantidadArt B --> 1
25/06/2022 11:45:52|PrecVear --> 300
25/06/2022 11:45:52|montoArt --> 247,933884297521
25/06/2022 11:45:52|ivaArt --> 21
25/06/2022 11:45:53|hasarOCX.ImprimirItem --> OK
25/06/2022 11:45:53|Articulo --> q soft toall. hum. aloe y vit. x50 u.
25/06/2022 11:45:53|cantidadArt B --> 1
25/06/2022 11:45:53|PrecVear --> 190
25/06/2022 11:45:53|montoArt --> 157,02479338843
25/06/2022 11:45:53|ivaArt --> 21
25/06/2022 11:45:53|hasarOCX.ImprimirItem --> OK
25/06/2022 11:45:53|Cerrar Comprobante B:::
25/06/2022 11:45:56|Obtiene nrocomp
25/06/2022 11:45:56|nrocomp --> 23852
25/06/2022 11:45:56|Nro. de Comprobante ::: TFB ::: 23852
25/06/2022 11:45:56|Ety.TicketFiscal: 23852
25/06/2022 11:53:05|Comienza Facturacion B
25/06/2022 11:53:06|DatosCliente B
25/06/2022 11:53:08|AbrirComprobanteFiscal B
25/06/2022 11:53:08|Articulo --> ala ultra x450 dp limon
25/06/2022 11:53:08|cantidadArt B --> 1
25/06/2022 11:53:08|PrecVear --> 220
25/06/2022 11:53:08|montoArt --> 181,818181818182
25/06/2022 11:53:08|ivaArt --> 21
25/06/2022 11:53:08|hasarOCX.ImprimirItem --> OK
25/06/2022 11:53:08|Articulo --> vim canastx55 poderx5 citrus
25/06/2022 11:53:08|cantidadArt B --> 1
25/06/2022 11:53:08|PrecVear --> 320
25/06/2022 11:53:08|montoArt --> 264,462809917355
25/06/2022 11:53:08|ivaArt --> 21
25/06/2022 11:53:09|hasarOCX.ImprimirItem --> OK
25/06/2022 11:53:09|Articulo --> odolito frutilla x50
25/06/2022 11:53:09|cantidadArt B --> 1
25/06/2022 11:53:09|PrecVear --> 98
25/06/2022 11:53:09|montoArt --> 80,9917355371901
25/06/2022 11:53:09|ivaArt --> 21
25/06/2022 11:53:09|hasarOCX.ImprimirItem --> OK
25/06/2022 11:53:09|Articulo --> colgate cepillo premier clean x1
25/06/2022 11:53:09|cantidadArt B --> 2
25/06/2022 11:53:09|PrecVear --> 140
25/06/2022 11:53:09|montoArt --> 115,702479338843
25/06/2022 11:53:09|ivaArt --> 21
25/06/2022 11:53:09|hasarOCX.ImprimirItem --> OK
25/06/2022 11:53:09|Articulo --> idi maquillaje hydra matte
25/06/2022 11:53:09|cantidadArt B --> 1
25/06/2022 11:53:09|PrecVear --> 950
25/06/2022 11:53:09|montoArt --> 785,123966942149
25/06/2022 11:53:09|ivaArt --> 21
25/06/2022 11:53:10|hasarOCX.ImprimirItem --> OK
25/06/2022 11:53:10|Articulo --> varios
25/06/2022 11:53:10|cantidadArt B --> 1
25/06/2022 11:53:10|PrecVear --> 840
25/06/2022 11:53:10|montoArt --> 694,214876033058
25/06/2022 11:53:10|ivaArt --> 21
25/06/2022 11:53:10|hasarOCX.ImprimirItem --> OK
25/06/2022 11:53:10|Cerrar Comprobante B:::
25/06/2022 11:53:13|Obtiene nrocomp
25/06/2022 11:53:13|nrocomp --> 23853
25/06/2022 11:53:13|Nro. de Comprobante ::: TFB ::: 23853
25/06/2022 11:53:13|Ety.TicketFiscal: 23853
25/06/2022 12:00:37|Comienza Facturacion B
25/06/2022 12:00:38|DatosCliente B
25/06/2022 12:00:40|AbrirComprobanteFiscal B
25/06/2022 12:00:40|Articulo --> ayudin lavandina en gelx700
25/06/2022 12:00:40|cantidadArt B --> 1
25/06/2022 12:00:40|PrecVear --> 198
25/06/2022 12:00:40|montoArt --> 163,636363636364
25/06/2022 12:00:40|ivaArt --> 21
25/06/2022 12:00:40|hasarOCX.ImprimirItem --> OK
25/06/2022 12:00:40|Articulo --> key kolor kit 1
25/06/2022 12:00:40|cantidadArt B --> 1
25/06/2022 12:00:40|PrecVear --> 590
25/06/2022 12:00:40|montoArt --> 487,603305785124
25/06/2022 12:00:40|ivaArt --> 21
25/06/2022 12:00:41|hasarOCX.ImprimirItem --> OK
25/06/2022 12:00:41|Cerrar Comprobante B:::
25/06/2022 12:00:44|Obtiene nrocomp
25/06/2022 12:00:44|nrocomp --> 23854
25/06/2022 12:00:44|Nro. de Comprobante ::: TFB ::: 23854
25/06/2022 12:00:44|Ety.TicketFiscal: 23854
25/06/2022 12:03:38|Comienza Facturacion B
25/06/2022 12:03:38|DatosCliente B
25/06/2022 12:03:40|AbrirComprobanteFiscal B
25/06/2022 12:03:40|Articulo --> home kit cepillo lava autos
25/06/2022 12:03:40|cantidadArt B --> 1
25/06/2022 12:03:40|PrecVear --> 130
25/06/2022 12:03:40|montoArt --> 107,438016528926
25/06/2022 12:03:40|ivaArt --> 21
25/06/2022 12:03:41|hasarOCX.ImprimirItem --> OK
25/06/2022 12:03:41|Articulo --> glade canasta liquida rep
25/06/2022 12:03:41|cantidadArt B --> 1
25/06/2022 12:03:41|PrecVear --> 390
25/06/2022 12:03:41|montoArt --> 322,314049586777
25/06/2022 12:03:41|ivaArt --> 21
25/06/2022 12:03:41|hasarOCX.ImprimirItem --> OK
25/06/2022 12:03:41|Articulo --> harpic antisarro
25/06/2022 12:03:41|cantidadArt B --> 1
25/06/2022 12:03:41|PrecVear --> 280
25/06/2022 12:03:41|montoArt --> 231,404958677686
25/06/2022 12:03:41|ivaArt --> 21
25/06/2022 12:03:41|hasarOCX.ImprimirItem --> OK
25/06/2022 12:03:41|Articulo --> otowil socorrocap.trat. x 60 cc. 60 cc
25/06/2022 12:03:41|cantidadArt B --> 1
25/06/2022 12:03:41|PrecVear --> 450
25/06/2022 12:03:41|montoArt --> 371,900826446281
25/06/2022 12:03:41|ivaArt --> 21
25/06/2022 12:03:42|hasarOCX.ImprimirItem --> OK
25/06/2022 12:03:42|Cerrar Comprobante B:::
25/06/2022 12:03:45|Obtiene nrocomp
25/06/2022 12:03:45|nrocomp --> 23855
25/06/2022 12:03:45|Nro. de Comprobante ::: TFB ::: 23855
25/06/2022 12:03:45|Ety.TicketFiscal: 23855
25/06/2022 12:23:02|Comienza Facturacion B
25/06/2022 12:23:02|DatosCliente B
25/06/2022 12:23:04|AbrirComprobanteFiscal B
25/06/2022 12:23:04|Articulo --> lux jabx125 orquidea negra
25/06/2022 12:23:04|cantidadArt B --> 1
25/06/2022 12:23:04|PrecVear --> 120
25/06/2022 12:23:04|montoArt --> 99,1735537190083
25/06/2022 12:23:04|ivaArt --> 21
25/06/2022 12:23:05|hasarOCX.ImprimirItem --> OK
25/06/2022 12:23:05|Articulo --> ala para diluir x500ml
25/06/2022 12:23:05|cantidadArt B --> 1
25/06/2022 12:23:05|PrecVear --> 680
25/06/2022 12:23:05|montoArt --> 561,98347107438
25/06/2022 12:23:05|ivaArt --> 21
25/06/2022 12:23:05|hasarOCX.ImprimirItem --> OK
25/06/2022 12:23:05|Articulo --> saphirus aromatizante textil amour
25/06/2022 12:23:05|cantidadArt B --> 1
25/06/2022 12:23:05|PrecVear --> 280
25/06/2022 12:23:05|montoArt --> 231,404958677686
25/06/2022 12:23:05|ivaArt --> 21
25/06/2022 12:23:06|hasarOCX.ImprimirItem --> OK
25/06/2022 12:23:06|Articulo --> colgate kids tuti frutti
25/06/2022 12:23:06|cantidadArt B --> 1
25/06/2022 12:23:06|PrecVear --> 105
25/06/2022 12:23:06|montoArt --> 86,7768595041322
25/06/2022 12:23:06|ivaArt --> 21
25/06/2022 12:23:06|hasarOCX.ImprimirItem --> OK
25/06/2022 12:23:06|Articulo --> procenex limpx900 vainilla -70143
25/06/2022 12:23:06|cantidadArt B --> 1
25/06/2022 12:23:06|PrecVear --> 120
25/06/2022 12:23:06|montoArt --> 99,1735537190083
25/06/2022 12:23:06|ivaArt --> 21
25/06/2022 12:23:06|hasarOCX.ImprimirItem --> OK
25/06/2022 12:23:06|Articulo --> babysec regular xxgx8
25/06/2022 12:23:06|cantidadArt B --> 1
25/06/2022 12:23:06|PrecVear --> 270
25/06/2022 12:23:06|montoArt --> 223,140495867769
25/06/2022 12:23:06|ivaArt --> 21
25/06/2022 12:23:07|hasarOCX.ImprimirItem --> OK
25/06/2022 12:23:07|Cerrar Comprobante B:::
25/06/2022 12:23:10|Obtiene nrocomp
25/06/2022 12:23:10|nrocomp --> 23856
25/06/2022 12:23:10|Nro. de Comprobante ::: TFB ::: 23856
25/06/2022 12:23:10|Ety.TicketFiscal: 23856
25/06/2022 12:25:41|Comienza Facturacion B
25/06/2022 12:25:41|DatosCliente B
25/06/2022 12:25:43|AbrirComprobanteFiscal B
25/06/2022 12:25:43|Articulo --> pantene cr peinar repara
25/06/2022 12:25:43|cantidadArt B --> 1
25/06/2022 12:25:43|PrecVear --> 590
25/06/2022 12:25:43|montoArt --> 487,603305785124
25/06/2022 12:25:43|ivaArt --> 21
25/06/2022 12:25:44|hasarOCX.ImprimirItem --> OK
25/06/2022 12:25:44|Articulo --> a wish deco portachupete
25/06/2022 12:25:44|cantidadArt B --> 1
25/06/2022 12:25:44|PrecVear --> 490
25/06/2022 12:25:44|montoArt --> 404,95867768595
25/06/2022 12:25:44|ivaArt --> 21
25/06/2022 12:25:44|hasarOCX.ImprimirItem --> OK
25/06/2022 12:25:44|Articulo --> pampers pants confort sec peq x48
25/06/2022 12:25:44|cantidadArt B --> 1
25/06/2022 12:25:44|PrecVear --> 1890
25/06/2022 12:25:44|montoArt --> 1561,98347107438
25/06/2022 12:25:44|ivaArt --> 21
25/06/2022 12:25:45|hasarOCX.ImprimirItem --> OK
25/06/2022 12:25:45|Articulo --> estrella baby oleo verde x500
25/06/2022 12:25:45|cantidadArt B --> 1
25/06/2022 12:25:45|PrecVear --> 590
25/06/2022 12:25:45|montoArt --> 487,603305785124
25/06/2022 12:25:45|ivaArt --> 21
25/06/2022 12:25:45|hasarOCX.ImprimirItem --> OK
25/06/2022 12:25:45|Articulo --> estrella algodon clasicox140
25/06/2022 12:25:45|cantidadArt B --> 1
25/06/2022 12:25:45|PrecVear --> 195
25/06/2022 12:25:45|montoArt --> 161,157024793388
25/06/2022 12:25:45|ivaArt --> 21
25/06/2022 12:25:45|hasarOCX.ImprimirItem --> OK
25/06/2022 12:25:45|Articulo --> gillette prestobarba 3 gris
25/06/2022 12:25:45|cantidadArt B --> 1
25/06/2022 12:25:45|PrecVear --> 220
25/06/2022 12:25:45|montoArt --> 181,818181818182
25/06/2022 12:25:45|ivaArt --> 21
25/06/2022 12:25:46|hasarOCX.ImprimirItem --> OK
25/06/2022 12:25:46|Cerrar Comprobante B:::
25/06/2022 12:25:49|Obtiene nrocomp
25/06/2022 12:25:49|nrocomp --> 23857
25/06/2022 12:25:49|Nro. de Comprobante ::: TFB ::: 23857
25/06/2022 12:25:49|Ety.TicketFiscal: 23857
25/06/2022 16:15:52|Comienza Facturacion B
25/06/2022 16:15:53|DatosCliente B
25/06/2022 16:15:55|AbrirComprobanteFiscal B
25/06/2022 16:15:55|Articulo --> sun tabletas x20 unidades
25/06/2022 16:15:55|cantidadArt B --> 1
25/06/2022 16:15:55|PrecVear --> 1430
25/06/2022 16:15:55|montoArt --> 1181,81818181818
25/06/2022 16:15:55|ivaArt --> 21
25/06/2022 16:15:55|hasarOCX.ImprimirItem --> OK
25/06/2022 16:15:55|Cerrar Comprobante B:::
25/06/2022 16:15:58|Obtiene nrocomp
25/06/2022 16:15:59|nrocomp --> 23858
25/06/2022 16:15:59|Nro. de Comprobante ::: TFB ::: 23858
25/06/2022 16:15:59|Ety.TicketFiscal: 23858
25/06/2022 16:29:24|Comienza Facturacion B
25/06/2022 16:29:24|DatosCliente B
25/06/2022 16:29:27|AbrirComprobanteFiscal B
25/06/2022 16:29:27|Articulo --> pro cep.dob.accion duro x2 profile
25/06/2022 16:29:27|cantidadArt B --> 1
25/06/2022 16:29:27|PrecVear --> 330
25/06/2022 16:29:27|montoArt --> 272,727272727273
25/06/2022 16:29:27|ivaArt --> 21
25/06/2022 16:29:27|hasarOCX.ImprimirItem --> OK
25/06/2022 16:29:27|Articulo --> 80100 doncella hisopos tarro 24x100u
25/06/2022 16:29:27|cantidadArt B --> 1
25/06/2022 16:29:27|PrecVear --> 170
25/06/2022 16:29:27|montoArt --> 140,495867768595
25/06/2022 16:29:27|ivaArt --> 21
25/06/2022 16:29:28|hasarOCX.ImprimirItem --> OK
25/06/2022 16:29:28|Cerrar Comprobante B:::
25/06/2022 16:29:31|Obtiene nrocomp
25/06/2022 16:29:31|nrocomp --> 23859
25/06/2022 16:29:31|Nro. de Comprobante ::: TFB ::: 23859
25/06/2022 16:29:31|Ety.TicketFiscal: 23859
25/06/2022 16:47:09|cerrando pantalla venta
25/06/2022 16:47:27|Conectando..
25/06/2022 16:47:27|IP: 127.0.0.1 - Puerto: 6500
25/06/2022 16:47:28|Conectado con éxito!!
25/06/2022 17:02:16|Comienza Facturacion B
25/06/2022 17:02:17|DatosCliente B
25/06/2022 17:02:19|AbrirComprobanteFiscal B
25/06/2022 17:02:19|Articulo --> bacter all alcohol etilico 70% vol.
25/06/2022 17:02:19|cantidadArt B --> 1
25/06/2022 17:02:19|PrecVear --> 260
25/06/2022 17:02:19|montoArt --> 214,876033057851
25/06/2022 17:02:19|ivaArt --> 21
25/06/2022 17:02:19|hasarOCX.ImprimirItem --> OK
25/06/2022 17:02:19|Articulo --> tortulan tonico refrescante x200ml
25/06/2022 17:02:19|cantidadArt B --> 1
25/06/2022 17:02:19|PrecVear --> 530
25/06/2022 17:02:19|montoArt --> 438,01652892562
25/06/2022 17:02:19|ivaArt --> 21
25/06/2022 17:02:20|hasarOCX.ImprimirItem --> OK
25/06/2022 17:02:20|Articulo --> saphirus difusores de ambiente maracuya
25/06/2022 17:02:20|cantidadArt B --> 1
25/06/2022 17:02:20|PrecVear --> 390
25/06/2022 17:02:20|montoArt --> 322,314049586777
25/06/2022 17:02:20|ivaArt --> 21
25/06/2022 17:02:20|hasarOCX.ImprimirItem --> OK
25/06/2022 17:02:20|Articulo --> nutrisse reno 83 oro -68702
25/06/2022 17:02:20|cantidadArt B --> 1
25/06/2022 17:02:20|PrecVear --> 840
25/06/2022 17:02:20|montoArt --> 694,214876033058
25/06/2022 17:02:20|ivaArt --> 21
25/06/2022 17:02:21|hasarOCX.ImprimirItem --> OK
25/06/2022 17:02:21|Articulo --> mapa guante plisse ext.gde-0100
25/06/2022 17:02:21|cantidadArt B --> 1
25/06/2022 17:02:21|PrecVear --> 340
25/06/2022 17:02:21|montoArt --> 280,99173553719
25/06/2022 17:02:21|ivaArt --> 21
25/06/2022 17:02:21|hasarOCX.ImprimirItem --> OK
25/06/2022 17:02:21|Articulo --> saphirus aromatizante textil cony
25/06/2022 17:02:21|cantidadArt B --> 1
25/06/2022 17:02:21|PrecVear --> 280
25/06/2022 17:02:21|montoArt --> 231,404958677686
25/06/2022 17:02:21|ivaArt --> 21
25/06/2022 17:02:21|hasarOCX.ImprimirItem --> OK
25/06/2022 17:02:21|Articulo --> poett desinfectante solo para ti
25/06/2022 17:02:21|cantidadArt B --> 1
25/06/2022 17:02:21|PrecVear --> 110
25/06/2022 17:02:21|montoArt --> 90,9090909090909
25/06/2022 17:02:21|ivaArt --> 21
25/06/2022 17:02:22|hasarOCX.ImprimirItem --> OK
25/06/2022 17:02:22|Articulo --> skip p/diluir
25/06/2022 17:02:22|cantidadArt B --> 1
25/06/2022 17:02:22|PrecVear --> 790
25/06/2022 17:02:22|montoArt --> 652,892561983471
25/06/2022 17:02:22|ivaArt --> 21
25/06/2022 17:02:22|hasarOCX.ImprimirItem --> OK
25/06/2022 17:02:22|Cerrar Comprobante B:::
25/06/2022 17:02:25|Obtiene nrocomp
25/06/2022 17:02:25|nrocomp --> 23860
25/06/2022 17:02:25|Nro. de Comprobante ::: TFB ::: 23860
25/06/2022 17:02:25|Ety.TicketFiscal: 23860
25/06/2022 17:10:23|Comienza Facturacion B
25/06/2022 17:10:24|DatosCliente B
25/06/2022 17:10:26|AbrirComprobanteFiscal B
25/06/2022 17:10:26|Articulo --> lux jabones x3 unidades
25/06/2022 17:10:26|cantidadArt B --> 1
25/06/2022 17:10:26|PrecVear --> 280
25/06/2022 17:10:26|montoArt --> 231,404958677686
25/06/2022 17:10:26|ivaArt --> 21
25/06/2022 17:10:27|hasarOCX.ImprimirItem --> OK
25/06/2022 17:10:27|Articulo --> colgate clasica 90g
25/06/2022 17:10:27|cantidadArt B --> 1
25/06/2022 17:10:27|PrecVear --> 240
25/06/2022 17:10:27|montoArt --> 198,347107438017
25/06/2022 17:10:27|ivaArt --> 21
25/06/2022 17:10:27|hasarOCX.ImprimirItem --> OK
25/06/2022 17:10:27|Articulo --> pampers pants confort sec xxg x32
25/06/2022 17:10:27|cantidadArt B --> 1
25/06/2022 17:10:27|PrecVear --> 1890
25/06/2022 17:10:27|montoArt --> 1561,98347107438
25/06/2022 17:10:27|ivaArt --> 21
25/06/2022 17:10:27|hasarOCX.ImprimirItem --> OK
25/06/2022 17:10:27|Articulo --> atrix cr.manos intensive x 150 ml. 150
25/06/2022 17:10:27|cantidadArt B --> 1
25/06/2022 17:10:27|PrecVear --> 470
25/06/2022 17:10:27|montoArt --> 388,429752066116
25/06/2022 17:10:27|ivaArt --> 21
25/06/2022 17:10:28|hasarOCX.ImprimirItem --> OK
25/06/2022 17:10:28|Articulo --> q soft toall. hum. aloe y vit. x50 u.
25/06/2022 17:10:28|cantidadArt B --> 1
25/06/2022 17:10:28|PrecVear --> 190
25/06/2022 17:10:28|montoArt --> 157,02479338843
25/06/2022 17:10:28|ivaArt --> 21
25/06/2022 17:10:28|hasarOCX.ImprimirItem --> OK
25/06/2022 17:10:28|Cerrar Comprobante B:::
25/06/2022 17:10:31|Obtiene nrocomp
25/06/2022 17:10:31|nrocomp --> 23861
25/06/2022 17:10:31|Nro. de Comprobante ::: TFB ::: 23861
25/06/2022 17:10:31|Ety.TicketFiscal: 23861
25/06/2022 17:19:23|Comienza Facturacion B
25/06/2022 17:19:23|DatosCliente B
25/06/2022 17:19:25|AbrirComprobanteFiscal B
25/06/2022 17:19:25|Articulo --> q soft toall. hum. clasicas x50u
25/06/2022 17:19:25|cantidadArt B --> 3
25/06/2022 17:19:25|PrecVear --> 190
25/06/2022 17:19:25|montoArt --> 157,02479338843
25/06/2022 17:19:25|ivaArt --> 21
25/06/2022 17:19:26|hasarOCX.ImprimirItem --> OK
25/06/2022 17:19:26|Articulo --> babysec super premium xxgx 34
25/06/2022 17:19:26|cantidadArt B --> 1
25/06/2022 17:19:26|PrecVear --> 1950
25/06/2022 17:19:26|montoArt --> 1611,57024793388
25/06/2022 17:19:26|ivaArt --> 21
25/06/2022 17:19:26|hasarOCX.ImprimirItem --> OK
25/06/2022 17:19:26|Articulo --> estrella pañal junior x30u
25/06/2022 17:19:26|cantidadArt B --> 2
25/06/2022 17:19:26|PrecVear --> 1250
25/06/2022 17:19:26|montoArt --> 1033,05785123967
25/06/2022 17:19:26|ivaArt --> 21
25/06/2022 17:19:26|hasarOCX.ImprimirItem --> OK
25/06/2022 17:19:26|Articulo --> cif vidriosx450 dp
25/06/2022 17:19:26|cantidadArt B --> 1
25/06/2022 17:19:26|PrecVear --> 145
25/06/2022 17:19:26|montoArt --> 119,834710743802
25/06/2022 17:19:26|ivaArt --> 21
25/06/2022 17:19:27|hasarOCX.ImprimirItem --> OK
25/06/2022 17:19:27|Cerrar Comprobante B:::
25/06/2022 17:19:30|Obtiene nrocomp
25/06/2022 17:19:30|nrocomp --> 23862
25/06/2022 17:19:30|Nro. de Comprobante ::: TFB ::: 23862
25/06/2022 17:19:30|Ety.TicketFiscal: 23862
25/06/2022 17:33:04|Comienza Facturacion B
25/06/2022 17:33:04|DatosCliente B
25/06/2022 17:33:07|AbrirComprobanteFiscal B
25/06/2022 17:33:07|Articulo --> bolsas residuos 50*70
25/06/2022 17:33:07|cantidadArt B --> 3
25/06/2022 17:33:07|PrecVear --> 120
25/06/2022 17:33:07|montoArt --> 99,1735537190083
25/06/2022 17:33:07|ivaArt --> 21
25/06/2022 17:33:07|hasarOCX.ImprimirItem --> OK
25/06/2022 17:33:07|Articulo --> magistral x300 limon
25/06/2022 17:33:07|cantidadArt B --> 1
25/06/2022 17:33:07|PrecVear --> 175
25/06/2022 17:33:07|montoArt --> 144,628099173554
25/06/2022 17:33:07|ivaArt --> 21
25/06/2022 17:33:08|hasarOCX.ImprimirItem --> OK
25/06/2022 17:33:08|Articulo --> lux jabx125 jazmin
25/06/2022 17:33:08|cantidadArt B --> 5
25/06/2022 17:33:08|PrecVear --> 120
25/06/2022 17:33:08|montoArt --> 99,1735537190083
25/06/2022 17:33:08|ivaArt --> 21
25/06/2022 17:33:08|hasarOCX.ImprimirItem --> OK
25/06/2022 17:33:08|Articulo --> el coloso guantes max t8 med
25/06/2022 17:33:08|cantidadArt B --> 1
25/06/2022 17:33:08|PrecVear --> 240
25/06/2022 17:33:08|montoArt --> 198,347107438017
25/06/2022 17:33:08|ivaArt --> 21
25/06/2022 17:33:08|hasarOCX.ImprimirItem --> OK
25/06/2022 17:33:08|Articulo --> saphirus aromatizantes de ambiente (aerosol) violetas
25/06/2022 17:33:08|cantidadArt B --> 1
25/06/2022 17:33:08|PrecVear --> 400
25/06/2022 17:33:08|montoArt --> 330,578512396694
25/06/2022 17:33:08|ivaArt --> 21
25/06/2022 17:33:09|hasarOCX.ImprimirItem --> OK
25/06/2022 17:33:09|Articulo --> saphirus aromatizantes de ambiente (aerosol) paula
25/06/2022 17:33:09|cantidadArt B --> 1
25/06/2022 17:33:09|PrecVear --> 400
25/06/2022 17:33:09|montoArt --> 330,578512396694
25/06/2022 17:33:09|ivaArt --> 21
25/06/2022 17:33:09|hasarOCX.ImprimirItem --> OK
25/06/2022 17:33:09|Articulo --> el coloso fosforosx220un
25/06/2022 17:33:09|cantidadArt B --> 1
25/06/2022 17:33:09|PrecVear --> 85
25/06/2022 17:33:09|montoArt --> 70,2479338842975
25/06/2022 17:33:09|ivaArt --> 21
25/06/2022 17:33:09|hasarOCX.ImprimirItem --> OK
25/06/2022 17:33:09|Articulo --> colgate cepillo extra clean x2 duro
25/06/2022 17:33:09|cantidadArt B --> 1
25/06/2022 17:33:09|PrecVear --> 285
25/06/2022 17:33:09|montoArt --> 235,537190082645
25/06/2022 17:33:09|ivaArt --> 21
25/06/2022 17:33:10|hasarOCX.ImprimirItem --> OK
25/06/2022 17:33:10|Articulo --> lysoform adhesivos p/ inodoro
25/06/2022 17:33:10|cantidadArt B --> 1
25/06/2022 17:33:10|PrecVear --> 175
25/06/2022 17:33:10|montoArt --> 144,628099173554
25/06/2022 17:33:10|ivaArt --> 21
25/06/2022 17:33:10|hasarOCX.ImprimirItem --> OK
25/06/2022 17:33:10|Articulo --> lysoform inod.adhesiv.fresc.extrem
25/06/2022 17:33:10|cantidadArt B --> 1
25/06/2022 17:33:10|PrecVear --> 175
25/06/2022 17:33:10|montoArt --> 144,628099173554
25/06/2022 17:33:10|ivaArt --> 21
25/06/2022 17:33:11|hasarOCX.ImprimirItem --> OK
25/06/2022 17:33:11|Articulo --> villeneuve jab liquido
25/06/2022 17:33:11|cantidadArt B --> 1
25/06/2022 17:33:11|PrecVear --> 200
25/06/2022 17:33:11|montoArt --> 165,289256198347
25/06/2022 17:33:11|ivaArt --> 21
25/06/2022 17:33:11|hasarOCX.ImprimirItem --> OK
25/06/2022 17:33:11|Articulo --> higienol doble hoja
25/06/2022 17:33:11|cantidadArt B --> 1
25/06/2022 17:33:11|PrecVear --> 250
25/06/2022 17:33:11|montoArt --> 206,611570247934
25/06/2022 17:33:11|ivaArt --> 21
25/06/2022 17:33:11|hasarOCX.ImprimirItem --> OK
25/06/2022 17:33:11|Articulo --> felpita infinity cocina x3 d/h
25/06/2022 17:33:11|cantidadArt B --> 1
25/06/2022 17:33:11|PrecVear --> 385
25/06/2022 17:33:11|montoArt --> 318,181818181818
25/06/2022 17:33:11|ivaArt --> 21
25/06/2022 17:33:12|hasarOCX.ImprimirItem --> OK
25/06/2022 17:33:12|Articulo --> saphirus aromatizantes de ambiente (aerosol) palo santo
25/06/2022 17:33:12|cantidadArt B --> 1
25/06/2022 17:33:12|PrecVear --> 400
25/06/2022 17:33:12|montoArt --> 330,578512396694
25/06/2022 17:33:12|ivaArt --> 21
25/06/2022 17:33:12|hasarOCX.ImprimirItem --> OK
25/06/2022 17:33:12|Articulo --> saphirus sahumerios
25/06/2022 17:33:12|cantidadArt B --> 1
25/06/2022 17:33:12|PrecVear --> 210
25/06/2022 17:33:12|montoArt --> 173,553719008264
25/06/2022 17:33:12|ivaArt --> 21
25/06/2022 17:33:12|hasarOCX.ImprimirItem --> OK
25/06/2022 17:33:12|Articulo --> head & shoulders x400
25/06/2022 17:33:12|cantidadArt B --> 1
25/06/2022 17:33:12|PrecVear --> 590
25/06/2022 17:33:12|montoArt --> 487,603305785124
25/06/2022 17:33:12|ivaArt --> 21
25/06/2022 17:33:13|hasarOCX.ImprimirItem --> OK
25/06/2022 17:33:13|Cerrar Comprobante B:::
25/06/2022 17:33:16|Obtiene nrocomp
25/06/2022 17:33:16|nrocomp --> 23863
25/06/2022 17:33:16|Nro. de Comprobante ::: TFB ::: 23863
25/06/2022 17:33:16|Ety.TicketFiscal: 23863
25/06/2022 17:44:40|Comienza Facturacion B
25/06/2022 17:44:41|DatosCliente B
25/06/2022 17:44:43|AbrirComprobanteFiscal B
25/06/2022 17:44:43|Articulo --> varios
25/06/2022 17:44:43|cantidadArt B --> 1
25/06/2022 17:44:43|PrecVear --> 180
25/06/2022 17:44:43|montoArt --> 148,760330578512
25/06/2022 17:44:43|ivaArt --> 21
25/06/2022 17:44:44|hasarOCX.ImprimirItem --> OK
25/06/2022 17:44:44|Articulo --> babysec ultrasec m x48
25/06/2022 17:44:44|cantidadArt B --> 1
25/06/2022 17:44:44|PrecVear --> 980
25/06/2022 17:44:44|montoArt --> 809,917355371901
25/06/2022 17:44:44|ivaArt --> 21
25/06/2022 17:44:44|hasarOCX.ImprimirItem --> OK
25/06/2022 17:44:44|Articulo --> babysec ultra xxgx30 uni
25/06/2022 17:44:44|cantidadArt B --> 1
25/06/2022 17:44:44|PrecVear --> 980
25/06/2022 17:44:44|montoArt --> 809,917355371901
25/06/2022 17:44:44|ivaArt --> 21
25/06/2022 17:44:44|hasarOCX.ImprimirItem --> OK
25/06/2022 17:44:44|Articulo --> estrella algodon clasico x500 g
25/06/2022 17:44:44|cantidadArt B --> 1
25/06/2022 17:44:44|PrecVear --> 530
25/06/2022 17:44:44|montoArt --> 438,01652892562
25/06/2022 17:44:44|ivaArt --> 21
25/06/2022 17:44:45|hasarOCX.ImprimirItem --> OK
25/06/2022 17:44:45|Cerrar Comprobante B:::
25/06/2022 17:44:48|Obtiene nrocomp
25/06/2022 17:44:48|nrocomp --> 23864
25/06/2022 17:44:48|Nro. de Comprobante ::: TFB ::: 23864
25/06/2022 17:44:48|Ety.TicketFiscal: 23864
25/06/2022 17:51:26|Comienza Facturacion B
25/06/2022 17:51:27|DatosCliente B
25/06/2022 17:51:29|AbrirComprobanteFiscal B
25/06/2022 17:51:29|Articulo --> colgate hilo dental menta
25/06/2022 17:51:29|cantidadArt B --> 1
25/06/2022 17:51:29|PrecVear --> 320
25/06/2022 17:51:29|montoArt --> 264,462809917355
25/06/2022 17:51:29|ivaArt --> 21
25/06/2022 17:51:29|hasarOCX.ImprimirItem --> OK
25/06/2022 17:51:29|Articulo --> head & shoulders x200
25/06/2022 17:51:29|cantidadArt B --> 1
25/06/2022 17:51:29|PrecVear --> 380
25/06/2022 17:51:29|montoArt --> 314,04958677686
25/06/2022 17:51:29|ivaArt --> 21
25/06/2022 17:51:30|hasarOCX.ImprimirItem --> OK
25/06/2022 17:51:30|Cerrar Comprobante B:::
25/06/2022 17:51:33|Obtiene nrocomp
25/06/2022 17:51:33|nrocomp --> 23865
25/06/2022 17:51:33|Nro. de Comprobante ::: TFB ::: 23865
25/06/2022 17:51:33|Ety.TicketFiscal: 23865
25/06/2022 17:53:53|Comienza Facturacion B
25/06/2022 17:53:54|DatosCliente B
25/06/2022 17:53:56|AbrirComprobanteFiscal B
25/06/2022 17:53:56|Articulo --> mary bosques 3 minutos
25/06/2022 17:53:56|cantidadArt B --> 1
25/06/2022 17:53:56|PrecVear --> 85
25/06/2022 17:53:56|montoArt --> 70,2479338842975
25/06/2022 17:53:56|ivaArt --> 21
25/06/2022 17:53:57|hasarOCX.ImprimirItem --> OK
25/06/2022 17:53:57|Articulo --> colgate hilo dental menta
25/06/2022 17:53:57|cantidadArt B --> 1
25/06/2022 17:53:57|PrecVear --> 320
25/06/2022 17:53:57|montoArt --> 264,462809917355
25/06/2022 17:53:57|ivaArt --> 21
25/06/2022 17:53:57|hasarOCX.ImprimirItem --> OK
25/06/2022 17:53:57|Articulo --> head & shoulders x200
25/06/2022 17:53:57|cantidadArt B --> 1
25/06/2022 17:53:57|PrecVear --> 380
25/06/2022 17:53:57|montoArt --> 314,04958677686
25/06/2022 17:53:57|ivaArt --> 21
25/06/2022 17:53:57|hasarOCX.ImprimirItem --> OK
25/06/2022 17:53:57|Cerrar Comprobante B:::
25/06/2022 17:54:00|Obtiene nrocomp
25/06/2022 17:54:01|nrocomp --> 23866
25/06/2022 17:54:01|Nro. de Comprobante ::: TFB ::: 23866
25/06/2022 17:54:01|Ety.TicketFiscal: 23866
25/06/2022 18:01:00|Comienza Facturacion B
25/06/2022 18:01:00|DatosCliente B
25/06/2022 18:01:02|AbrirComprobanteFiscal B
25/06/2022 18:01:02|Articulo --> vim canastx55 poderx5 citrus
25/06/2022 18:01:02|cantidadArt B --> 1
25/06/2022 18:01:02|PrecVear --> 320
25/06/2022 18:01:02|montoArt --> 264,462809917355
25/06/2022 18:01:02|ivaArt --> 21
25/06/2022 18:01:03|hasarOCX.ImprimirItem --> OK
25/06/2022 18:01:03|Articulo --> sun sal x1 kg.
25/06/2022 18:01:03|cantidadArt B --> 1
25/06/2022 18:01:03|PrecVear --> 620
25/06/2022 18:01:03|montoArt --> 512,396694214876
25/06/2022 18:01:03|ivaArt --> 21
25/06/2022 18:01:03|hasarOCX.ImprimirItem --> OK
25/06/2022 18:01:03|Articulo --> efficient x100g antibacterial
25/06/2022 18:01:03|cantidadArt B --> 1
25/06/2022 18:01:03|PrecVear --> 230
25/06/2022 18:01:03|montoArt --> 190,082644628099
25/06/2022 18:01:03|ivaArt --> 21
25/06/2022 18:01:04|hasarOCX.ImprimirItem --> OK
25/06/2022 18:01:04|Articulo --> cif crema multiuso x375 nvo
25/06/2022 18:01:04|cantidadArt B --> 1
25/06/2022 18:01:04|PrecVear --> 145
25/06/2022 18:01:04|montoArt --> 119,834710743802
25/06/2022 18:01:04|ivaArt --> 21
25/06/2022 18:01:04|hasarOCX.ImprimirItem --> OK
25/06/2022 18:01:04|Articulo --> robin doy packx500
25/06/2022 18:01:04|cantidadArt B --> 1
25/06/2022 18:01:04|PrecVear --> 140
25/06/2022 18:01:04|montoArt --> 115,702479338843
25/06/2022 18:01:04|ivaArt --> 21
25/06/2022 18:01:04|hasarOCX.ImprimirItem --> OK
25/06/2022 18:01:04|Articulo --> raid aero mmm azul power shot
25/06/2022 18:01:04|cantidadArt B --> 1
25/06/2022 18:01:04|PrecVear --> 360
25/06/2022 18:01:04|montoArt --> 297,520661157025
25/06/2022 18:01:04|ivaArt --> 21
25/06/2022 18:01:05|hasarOCX.ImprimirItem --> OK
25/06/2022 18:01:05|Articulo --> lysoform aerox360 citrica-4482
25/06/2022 18:01:05|cantidadArt B --> 1
25/06/2022 18:01:05|PrecVear --> 270
25/06/2022 18:01:05|montoArt --> 223,140495867769
25/06/2022 18:01:05|ivaArt --> 21
25/06/2022 18:01:05|hasarOCX.ImprimirItem --> OK
25/06/2022 18:01:05|Articulo --> dove jabon liquido dp original
25/06/2022 18:01:05|cantidadArt B --> 1
25/06/2022 18:01:05|PrecVear --> 298
25/06/2022 18:01:05|montoArt --> 246,280991735537
25/06/2022 18:01:05|ivaArt --> 21
25/06/2022 18:01:05|hasarOCX.ImprimirItem --> OK
25/06/2022 18:01:05|Articulo --> lux jab liq dp rosas
25/06/2022 18:01:05|cantidadArt B --> 1
25/06/2022 18:01:05|PrecVear --> 260
25/06/2022 18:01:05|montoArt --> 214,876033057851
25/06/2022 18:01:05|ivaArt --> 21
25/06/2022 18:01:06|hasarOCX.ImprimirItem --> OK
25/06/2022 18:01:06|Articulo --> cif active gel x450 ml doy pack limon verde
25/06/2022 18:01:06|cantidadArt B --> 1
25/06/2022 18:01:06|PrecVear --> 260
25/06/2022 18:01:06|montoArt --> 214,876033057851
25/06/2022 18:01:06|ivaArt --> 21
25/06/2022 18:01:06|hasarOCX.ImprimirItem --> OK
25/06/2022 18:01:06|Articulo --> cif antig.dpx450 nva form
25/06/2022 18:01:06|cantidadArt B --> 1
25/06/2022 18:01:06|PrecVear --> 130
25/06/2022 18:01:06|montoArt --> 107,438016528926
25/06/2022 18:01:06|ivaArt --> 21
25/06/2022 18:01:07|hasarOCX.ImprimirItem --> OK
25/06/2022 18:01:07|Articulo --> cif ultrabrillo doy pack
25/06/2022 18:01:07|cantidadArt B --> 1
25/06/2022 18:01:07|PrecVear --> 210
25/06/2022 18:01:07|montoArt --> 173,553719008264
25/06/2022 18:01:07|ivaArt --> 21
25/06/2022 18:01:07|hasarOCX.ImprimirItem --> OK
25/06/2022 18:01:07|Articulo --> trapo de piso costurado
25/06/2022 18:01:07|cantidadArt B --> 1
25/06/2022 18:01:07|PrecVear --> 130
25/06/2022 18:01:07|montoArt --> 107,438016528926
25/06/2022 18:01:07|ivaArt --> 21
25/06/2022 18:01:07|hasarOCX.ImprimirItem --> OK
25/06/2022 18:01:07|Articulo --> frilayp botox x240g
25/06/2022 18:01:07|cantidadArt B --> 1
25/06/2022 18:01:07|PrecVear --> 590
25/06/2022 18:01:07|montoArt --> 487,603305785124
25/06/2022 18:01:07|ivaArt --> 21
25/06/2022 18:01:08|hasarOCX.ImprimirItem --> OK
25/06/2022 18:01:08|Articulo --> poett desinfectante espiritu play
25/06/2022 18:01:08|cantidadArt B --> 1
25/06/2022 18:01:08|PrecVear --> 110
25/06/2022 18:01:08|montoArt --> 90,9090909090909
25/06/2022 18:01:08|ivaArt --> 21
25/06/2022 18:01:08|hasarOCX.ImprimirItem --> OK
25/06/2022 18:01:08|Articulo --> ala para diluir x500ml
25/06/2022 18:01:08|cantidadArt B --> 1
25/06/2022 18:01:08|PrecVear --> 680
25/06/2022 18:01:08|montoArt --> 561,98347107438
25/06/2022 18:01:08|ivaArt --> 21
25/06/2022 18:01:08|hasarOCX.ImprimirItem --> OK
25/06/2022 18:01:08|Articulo --> ayudin quitamanchas polvo x450g
25/06/2022 18:01:08|cantidadArt B --> 1
25/06/2022 18:01:08|PrecVear --> 510
25/06/2022 18:01:08|montoArt --> 421,487603305785
25/06/2022 18:01:08|ivaArt --> 21
25/06/2022 18:01:09|hasarOCX.ImprimirItem --> OK
25/06/2022 18:01:09|Articulo --> elvive shx400 dream long
25/06/2022 18:01:09|cantidadArt B --> 1
25/06/2022 18:01:09|PrecVear --> 650
25/06/2022 18:01:09|montoArt --> 537,190082644628
25/06/2022 18:01:09|ivaArt --> 21
25/06/2022 18:01:09|hasarOCX.ImprimirItem --> OK
25/06/2022 18:01:09|Articulo --> pantene shx400 pro v brillo
25/06/2022 18:01:09|cantidadArt B --> 1
25/06/2022 18:01:09|PrecVear --> 620
25/06/2022 18:01:09|montoArt --> 512,396694214876
25/06/2022 18:01:09|ivaArt --> 21
25/06/2022 18:01:09|hasarOCX.ImprimirItem --> OK
25/06/2022 18:01:09|Articulo --> comfort clasx900 dp
25/06/2022 18:01:09|cantidadArt B --> 1
25/06/2022 18:01:09|PrecVear --> 280
25/06/2022 18:01:09|montoArt --> 231,404958677686
25/06/2022 18:01:09|ivaArt --> 21
25/06/2022 18:01:10|hasarOCX.ImprimirItem --> OK
25/06/2022 18:01:10|Articulo --> elite pañuelo descartable x 6u
25/06/2022 18:01:10|cantidadArt B --> 1
25/06/2022 18:01:10|PrecVear --> 170
25/06/2022 18:01:10|montoArt --> 140,495867768595
25/06/2022 18:01:10|ivaArt --> 21
25/06/2022 18:01:10|hasarOCX.ImprimirItem --> OK
25/06/2022 18:01:10|Articulo --> felpita bco 80 mts
25/06/2022 18:01:10|cantidadArt B --> 1
25/06/2022 18:01:10|PrecVear --> 440
25/06/2022 18:01:10|montoArt --> 363,636363636364
25/06/2022 18:01:10|ivaArt --> 21
25/06/2022 18:01:11|hasarOCX.ImprimirItem --> OK
25/06/2022 18:01:11|Cerrar Comprobante B:::
25/06/2022 18:01:14|Obtiene nrocomp
25/06/2022 18:01:14|nrocomp --> 23867
25/06/2022 18:01:14|Nro. de Comprobante ::: TFB ::: 23867
25/06/2022 18:01:14|Ety.TicketFiscal: 23867
25/06/2022 18:02:09|cerrando pantalla venta
25/06/2022 18:02:11|Conectando..
25/06/2022 18:02:11|IP: 127.0.0.1 - Puerto: 6500
25/06/2022 18:02:12|Conectado con éxito!!
25/06/2022 18:03:48|cerrando pantalla venta
25/06/2022 18:03:50|Conectando..
25/06/2022 18:03:50|IP: 127.0.0.1 - Puerto: 6500
25/06/2022 18:03:51|Conectado con éxito!!
25/06/2022 18:05:53|Comienza Facturacion B
25/06/2022 18:05:53|DatosCliente B
25/06/2022 18:05:56|AbrirComprobanteFiscal B
25/06/2022 18:05:56|Articulo --> estrella algodon clasico x500 g
25/06/2022 18:05:56|cantidadArt B --> 1
25/06/2022 18:05:56|PrecVear --> 530
25/06/2022 18:05:56|montoArt --> 438,01652892562
25/06/2022 18:05:56|ivaArt --> 21
25/06/2022 18:05:56|hasarOCX.ImprimirItem --> OK
25/06/2022 18:05:56|Articulo --> pampers supersec xxg x54
25/06/2022 18:05:56|cantidadArt B --> 1
25/06/2022 18:05:56|PrecVear --> 1730
25/06/2022 18:05:56|montoArt --> 1429,7520661157
25/06/2022 18:05:56|ivaArt --> 21
25/06/2022 18:05:57|hasarOCX.ImprimirItem --> OK
25/06/2022 18:05:57|Articulo --> pantene acx200 hidratación
25/06/2022 18:05:57|cantidadArt B --> 1
25/06/2022 18:05:57|PrecVear --> 390
25/06/2022 18:05:57|montoArt --> 322,314049586777
25/06/2022 18:05:57|ivaArt --> 21
25/06/2022 18:05:57|hasarOCX.ImprimirItem --> OK
25/06/2022 18:05:57|Cerrar Comprobante B:::
25/06/2022 18:06:00|Obtiene nrocomp
25/06/2022 18:06:00|nrocomp --> 23868
25/06/2022 18:06:00|Nro. de Comprobante ::: TFB ::: 23868
25/06/2022 18:06:00|Ety.TicketFiscal: 23868
25/06/2022 18:07:49|Comienza Facturacion B
25/06/2022 18:07:49|DatosCliente B
25/06/2022 18:07:52|AbrirComprobanteFiscal B
25/06/2022 18:07:52|Articulo --> suave suavidad shampoo x930ml
25/06/2022 18:07:52|cantidadArt B --> 2
25/06/2022 18:07:52|PrecVear --> 210
25/06/2022 18:07:52|montoArt --> 173,553719008264
25/06/2022 18:07:52|ivaArt --> 21
25/06/2022 18:07:52|hasarOCX.ImprimirItem --> OK
25/06/2022 18:07:52|Cerrar Comprobante B:::
25/06/2022 18:07:55|Obtiene nrocomp
25/06/2022 18:07:55|nrocomp --> 23869
25/06/2022 18:07:55|Nro. de Comprobante ::: TFB ::: 23869
25/06/2022 18:07:55|Ety.TicketFiscal: 23869
25/06/2022 18:14:26|Comienza Facturacion B
25/06/2022 18:14:26|DatosCliente B
25/06/2022 18:14:29|AbrirComprobanteFiscal B
25/06/2022 18:14:29|Articulo --> algabo jabon liquido 300 ml floral rain doy pack
25/06/2022 18:14:29|cantidadArt B --> 1
25/06/2022 18:14:29|PrecVear --> 140
25/06/2022 18:14:29|montoArt --> 115,702479338843
25/06/2022 18:14:29|ivaArt --> 21
25/06/2022 18:14:29|hasarOCX.ImprimirItem --> OK
25/06/2022 18:14:29|Articulo --> poett desinfectante solo para ti
25/06/2022 18:14:29|cantidadArt B --> 1
25/06/2022 18:14:29|PrecVear --> 110
25/06/2022 18:14:29|montoArt --> 90,9090909090909
25/06/2022 18:14:29|ivaArt --> 21
25/06/2022 18:14:30|hasarOCX.ImprimirItem --> OK
25/06/2022 18:14:30|Articulo --> colgate clasica 90g
25/06/2022 18:14:30|cantidadArt B --> 1
25/06/2022 18:14:30|PrecVear --> 240
25/06/2022 18:14:30|montoArt --> 198,347107438017
25/06/2022 18:14:30|ivaArt --> 21
25/06/2022 18:14:30|hasarOCX.ImprimirItem --> OK
25/06/2022 18:14:30|Articulo --> ayudin lavandina bco x1
25/06/2022 18:14:30|cantidadArt B --> 1
25/06/2022 18:14:30|PrecVear --> 179
25/06/2022 18:14:30|montoArt --> 147,933884297521
25/06/2022 18:14:30|ivaArt --> 21
25/06/2022 18:14:30|hasarOCX.ImprimirItem --> OK
25/06/2022 18:14:30|Articulo --> ala ultra x450 dp limon
25/06/2022 18:14:30|cantidadArt B --> 1
25/06/2022 18:14:30|PrecVear --> 220
25/06/2022 18:14:30|montoArt --> 181,818181818182
25/06/2022 18:14:30|ivaArt --> 21
25/06/2022 18:14:31|hasarOCX.ImprimirItem --> OK
25/06/2022 18:14:31|Articulo --> poett desinfectante
25/06/2022 18:14:31|cantidadArt B --> 1
25/06/2022 18:14:31|PrecVear --> 110
25/06/2022 18:14:31|montoArt --> 90,9090909090909
25/06/2022 18:14:31|ivaArt --> 21
25/06/2022 18:14:31|hasarOCX.ImprimirItem --> OK
25/06/2022 18:14:31|Articulo --> felpita para tu flia x4
25/06/2022 18:14:31|cantidadArt B --> 2
25/06/2022 18:14:31|PrecVear --> 180
25/06/2022 18:14:31|montoArt --> 148,760330578512
25/06/2022 18:14:31|ivaArt --> 21
25/06/2022 18:14:31|hasarOCX.ImprimirItem --> OK
25/06/2022 18:14:31|Articulo --> veritas crema corporal x400ml
25/06/2022 18:14:31|cantidadArt B --> 1
25/06/2022 18:14:31|PrecVear --> 518
25/06/2022 18:14:31|montoArt --> 428,099173553719
25/06/2022 18:14:31|ivaArt --> 21
25/06/2022 18:14:32|hasarOCX.ImprimirItem --> OK
25/06/2022 18:14:32|Cerrar Comprobante B:::
25/06/2022 18:14:35|Obtiene nrocomp
25/06/2022 18:14:35|nrocomp --> 23870
25/06/2022 18:14:35|Nro. de Comprobante ::: TFB ::: 23870
25/06/2022 18:14:35|Ety.TicketFiscal: 23870
25/06/2022 18:26:34|Comienza Facturacion B
25/06/2022 18:26:34|DatosCliente B
25/06/2022 18:26:36|AbrirComprobanteFiscal B
25/06/2022 18:26:36|Articulo --> ala jabon en pan coco
25/06/2022 18:26:36|cantidadArt B --> 1
25/06/2022 18:26:36|PrecVear --> 110
25/06/2022 18:26:36|montoArt --> 90,9090909090909
25/06/2022 18:26:36|ivaArt --> 21
25/06/2022 18:26:37|hasarOCX.ImprimirItem --> OK
25/06/2022 18:26:37|Articulo --> dove rollon x50 original
25/06/2022 18:26:37|cantidadArt B --> 1
25/06/2022 18:26:37|PrecVear --> 295
25/06/2022 18:26:37|montoArt --> 243,801652892562
25/06/2022 18:26:37|ivaArt --> 21
25/06/2022 18:26:37|hasarOCX.ImprimirItem --> OK
25/06/2022 18:26:37|Articulo --> colgate cr clasica x180g
25/06/2022 18:26:37|cantidadArt B --> 1
25/06/2022 18:26:37|PrecVear --> 390
25/06/2022 18:26:37|montoArt --> 322,314049586777
25/06/2022 18:26:37|ivaArt --> 21
25/06/2022 18:26:38|hasarOCX.ImprimirItem --> OK
25/06/2022 18:26:38|Articulo --> fidelite sh neutro x230
25/06/2022 18:26:38|cantidadArt B --> 1
25/06/2022 18:26:38|PrecVear --> 430
25/06/2022 18:26:38|montoArt --> 355,371900826446
25/06/2022 18:26:38|ivaArt --> 21
25/06/2022 18:26:38|hasarOCX.ImprimirItem --> OK
25/06/2022 18:26:38|Articulo --> blem aerox235 electronics-642183
25/06/2022 18:26:38|cantidadArt B --> 1
25/06/2022 18:26:38|PrecVear --> 340
25/06/2022 18:26:38|montoArt --> 280,99173553719
25/06/2022 18:26:38|ivaArt --> 21
25/06/2022 18:26:38|hasarOCX.ImprimirItem --> OK
25/06/2022 18:26:38|Articulo --> head & shoulders x400
25/06/2022 18:26:38|cantidadArt B --> 1
25/06/2022 18:26:38|PrecVear --> 590
25/06/2022 18:26:38|montoArt --> 487,603305785124
25/06/2022 18:26:38|ivaArt --> 21
25/06/2022 18:26:39|hasarOCX.ImprimirItem --> OK
25/06/2022 18:26:39|Articulo --> dove jabon x90 blanco
25/06/2022 18:26:39|cantidadArt B --> 2
25/06/2022 18:26:39|PrecVear --> 150
25/06/2022 18:26:39|montoArt --> 123,96694214876
25/06/2022 18:26:39|ivaArt --> 21
25/06/2022 18:26:39|hasarOCX.ImprimirItem --> OK
25/06/2022 18:26:39|Articulo --> estrella algodon clasicox140
25/06/2022 18:26:39|cantidadArt B --> 1
25/06/2022 18:26:39|PrecVear --> 195
25/06/2022 18:26:39|montoArt --> 161,157024793388
25/06/2022 18:26:39|ivaArt --> 21
25/06/2022 18:26:39|hasarOCX.ImprimirItem --> OK
25/06/2022 18:26:39|Articulo --> fidelite master color sh x1l
25/06/2022 18:26:39|cantidadArt B --> 1
25/06/2022 18:26:39|PrecVear --> 913
25/06/2022 18:26:39|montoArt --> 754,545454545455
25/06/2022 18:26:39|ivaArt --> 21
25/06/2022 18:26:40|hasarOCX.ImprimirItem --> OK
25/06/2022 18:26:40|Cerrar Comprobante B:::
25/06/2022 18:26:43|Obtiene nrocomp
25/06/2022 18:26:43|nrocomp --> 23871
25/06/2022 18:26:43|Nro. de Comprobante ::: TFB ::: 23871
25/06/2022 18:26:43|Ety.TicketFiscal: 23871
25/06/2022 18:34:04|Comienza Facturacion B
25/06/2022 18:34:04|DatosCliente B
25/06/2022 18:34:06|AbrirComprobanteFiscal B
25/06/2022 18:34:06|Articulo --> alta moda mascx300 argan
25/06/2022 18:34:06|cantidadArt B --> 1
25/06/2022 18:34:06|PrecVear --> 600
25/06/2022 18:34:06|montoArt --> 495,867768595041
25/06/2022 18:34:06|ivaArt --> 21
25/06/2022 18:34:07|hasarOCX.ImprimirItem --> OK
25/06/2022 18:34:07|Articulo --> rexona jabon x125
25/06/2022 18:34:07|cantidadArt B --> 1
25/06/2022 18:34:07|PrecVear --> 98
25/06/2022 18:34:07|montoArt --> 80,9917355371901
25/06/2022 18:34:07|ivaArt --> 21
25/06/2022 18:34:07|hasarOCX.ImprimirItem --> OK
25/06/2022 18:34:07|Articulo --> carefree protecx20 largo
25/06/2022 18:34:07|cantidadArt B --> 1
25/06/2022 18:34:07|PrecVear --> 390
25/06/2022 18:34:07|montoArt --> 322,314049586777
25/06/2022 18:34:07|ivaArt --> 21
25/06/2022 18:34:07|hasarOCX.ImprimirItem --> OK
25/06/2022 18:34:07|Articulo --> extralimp bollito acero
25/06/2022 18:34:07|cantidadArt B --> 1
25/06/2022 18:34:07|PrecVear --> 170
25/06/2022 18:34:07|montoArt --> 140,495867768595
25/06/2022 18:34:07|ivaArt --> 21
25/06/2022 18:34:08|hasarOCX.ImprimirItem --> OK
25/06/2022 18:34:08|Articulo --> colgate clasica x70g
25/06/2022 18:34:08|cantidadArt B --> 1
25/06/2022 18:34:08|PrecVear --> 155
25/06/2022 18:34:08|montoArt --> 128,099173553719
25/06/2022 18:34:08|ivaArt --> 21
25/06/2022 18:34:08|hasarOCX.ImprimirItem --> OK
25/06/2022 18:34:08|Articulo --> el coloso esponja fibra multisuos
25/06/2022 18:34:08|cantidadArt B --> 1
25/06/2022 18:34:08|PrecVear --> 135
25/06/2022 18:34:08|montoArt --> 111,570247933884
25/06/2022 18:34:08|ivaArt --> 21
25/06/2022 18:34:09|hasarOCX.ImprimirItem --> OK
25/06/2022 18:34:09|Articulo --> protex jabon algas marinas
25/06/2022 18:34:09|cantidadArt B --> 1
25/06/2022 18:34:09|PrecVear --> 140
25/06/2022 18:34:09|montoArt --> 115,702479338843
25/06/2022 18:34:09|ivaArt --> 21
25/06/2022 18:34:09|hasarOCX.ImprimirItem --> OK
25/06/2022 18:34:09|Articulo --> magistral x300 limon
25/06/2022 18:34:09|cantidadArt B --> 1
25/06/2022 18:34:09|PrecVear --> 175
25/06/2022 18:34:09|montoArt --> 144,628099173554
25/06/2022 18:34:09|ivaArt --> 21
25/06/2022 18:34:09|hasarOCX.ImprimirItem --> OK
25/06/2022 18:34:09|Articulo --> sedal chx300 d. pack restauracion
25/06/2022 18:34:09|cantidadArt B --> 1
25/06/2022 18:34:09|PrecVear --> 220
25/06/2022 18:34:09|montoArt --> 181,818181818182
25/06/2022 18:34:09|ivaArt --> 21
25/06/2022 18:34:10|hasarOCX.ImprimirItem --> OK
25/06/2022 18:34:10|Articulo --> sedal chx300ml d.pack bomba argan
25/06/2022 18:34:10|cantidadArt B --> 1
25/06/2022 18:34:10|PrecVear --> 220
25/06/2022 18:34:10|montoArt --> 181,818181818182
25/06/2022 18:34:10|ivaArt --> 21
25/06/2022 18:34:10|hasarOCX.ImprimirItem --> OK
25/06/2022 18:34:10|Articulo --> poett desinfectante
25/06/2022 18:34:10|cantidadArt B --> 2
25/06/2022 18:34:10|PrecVear --> 110
25/06/2022 18:34:10|montoArt --> 90,9090909090909
25/06/2022 18:34:10|ivaArt --> 21
25/06/2022 18:34:10|hasarOCX.ImprimirItem --> OK
25/06/2022 18:34:10|Articulo --> skip p/diluir
25/06/2022 18:34:10|cantidadArt B --> 1
25/06/2022 18:34:10|PrecVear --> 790
25/06/2022 18:34:10|montoArt --> 652,892561983471
25/06/2022 18:34:10|ivaArt --> 21
25/06/2022 18:34:11|hasarOCX.ImprimirItem --> OK
25/06/2022 18:34:11|Articulo --> downy x1 l perfume collection
25/06/2022 18:34:11|cantidadArt B --> 1
25/06/2022 18:34:11|PrecVear --> 750
25/06/2022 18:34:11|montoArt --> 619,834710743802
25/06/2022 18:34:11|ivaArt --> 21
25/06/2022 18:34:11|hasarOCX.ImprimirItem --> OK
25/06/2022 18:34:11|Articulo --> higienol max 80m panal
25/06/2022 18:34:11|cantidadArt B --> 1
25/06/2022 18:34:11|PrecVear --> 380
25/06/2022 18:34:11|montoArt --> 314,04958677686
25/06/2022 18:34:11|ivaArt --> 21
25/06/2022 18:34:12|hasarOCX.ImprimirItem --> OK
25/06/2022 18:34:12|Cerrar Comprobante B:::
25/06/2022 18:34:15|Obtiene nrocomp
25/06/2022 18:34:15|nrocomp --> 23872
25/06/2022 18:34:15|Nro. de Comprobante ::: TFB ::: 23872
25/06/2022 18:34:15|Ety.TicketFiscal: 23872
25/06/2022 18:35:34|Comienza Facturacion B
25/06/2022 18:35:34|DatosCliente B
25/06/2022 18:35:37|AbrirComprobanteFiscal B
25/06/2022 18:35:37|Articulo --> maybelline mascara go extreme
25/06/2022 18:35:37|cantidadArt B --> 1
25/06/2022 18:35:37|PrecVear --> 1590
25/06/2022 18:35:37|montoArt --> 1314,04958677686
25/06/2022 18:35:37|ivaArt --> 21
25/06/2022 18:35:37|hasarOCX.ImprimirItem --> OK
25/06/2022 18:35:37|Articulo --> nivea labello essential care
25/06/2022 18:35:37|cantidadArt B --> 1
25/06/2022 18:35:37|PrecVear --> 480
25/06/2022 18:35:37|montoArt --> 396,694214876033
25/06/2022 18:35:37|ivaArt --> 21
25/06/2022 18:35:38|hasarOCX.ImprimirItem --> OK
25/06/2022 18:35:38|Articulo --> condor cepillo 6876
25/06/2022 18:35:38|cantidadArt B --> 1
25/06/2022 18:35:38|PrecVear --> 490
25/06/2022 18:35:38|montoArt --> 404,95867768595
25/06/2022 18:35:38|ivaArt --> 21
25/06/2022 18:35:38|hasarOCX.ImprimirItem --> OK
25/06/2022 18:35:38|Articulo --> el coloso guantes max t8 med
25/06/2022 18:35:38|cantidadArt B --> 1
25/06/2022 18:35:38|PrecVear --> 240
25/06/2022 18:35:38|montoArt --> 198,347107438017
25/06/2022 18:35:38|ivaArt --> 21
25/06/2022 18:35:38|hasarOCX.ImprimirItem --> OK
25/06/2022 18:35:38|Cerrar Comprobante B:::
25/06/2022 18:35:41|Obtiene nrocomp
25/06/2022 18:35:42|nrocomp --> 23873
25/06/2022 18:35:42|Nro. de Comprobante ::: TFB ::: 23873
25/06/2022 18:35:42|Ety.TicketFiscal: 23873
25/06/2022 18:39:37|Comienza Facturacion B
25/06/2022 18:39:37|DatosCliente B
25/06/2022 18:39:39|AbrirComprobanteFiscal B
25/06/2022 18:39:39|Articulo --> ayudin lavandina en gelx700
25/06/2022 18:39:39|cantidadArt B --> 1
25/06/2022 18:39:39|PrecVear --> 198
25/06/2022 18:39:39|montoArt --> 163,636363636364
25/06/2022 18:39:39|ivaArt --> 21
25/06/2022 18:39:40|hasarOCX.ImprimirItem --> OK
25/06/2022 18:39:40|Articulo --> veritas deo aero men original x305ml
25/06/2022 18:39:40|cantidadArt B --> 1
25/06/2022 18:39:40|PrecVear --> 440
25/06/2022 18:39:40|montoArt --> 363,636363636364
25/06/2022 18:39:40|ivaArt --> 21
25/06/2022 18:39:40|hasarOCX.ImprimirItem --> OK
25/06/2022 18:39:40|Articulo --> ambar sahumerios canela
25/06/2022 18:39:40|cantidadArt B --> 1
25/06/2022 18:39:40|PrecVear --> 150
25/06/2022 18:39:40|montoArt --> 123,96694214876
25/06/2022 18:39:40|ivaArt --> 21
25/06/2022 18:39:41|hasarOCX.ImprimirItem --> OK
25/06/2022 18:39:41|Articulo --> rex reparador de muebles oscuro
25/06/2022 18:39:41|cantidadArt B --> 1
25/06/2022 18:39:41|PrecVear --> 480
25/06/2022 18:39:41|montoArt --> 396,694214876033
25/06/2022 18:39:41|ivaArt --> 21
25/06/2022 18:39:41|hasarOCX.ImprimirItem --> OK
25/06/2022 18:39:41|Articulo --> bolsas residuos 50*70
25/06/2022 18:39:41|cantidadArt B --> 1
25/06/2022 18:39:41|PrecVear --> 120
25/06/2022 18:39:41|montoArt --> 99,1735537190083
25/06/2022 18:39:41|ivaArt --> 21
25/06/2022 18:39:41|hasarOCX.ImprimirItem --> OK
25/06/2022 18:39:41|Articulo --> bolsas de residuos 45*60
25/06/2022 18:39:41|cantidadArt B --> 1
25/06/2022 18:39:41|PrecVear --> 90
25/06/2022 18:39:41|montoArt --> 74,3801652892562
25/06/2022 18:39:41|ivaArt --> 21
25/06/2022 18:39:42|hasarOCX.ImprimirItem --> OK
25/06/2022 18:39:42|Articulo --> nutrisse reno 81 avena -68502
25/06/2022 18:39:42|cantidadArt B --> 1
25/06/2022 18:39:42|PrecVear --> 840
25/06/2022 18:39:42|montoArt --> 694,214876033058
25/06/2022 18:39:42|ivaArt --> 21
25/06/2022 18:39:42|hasarOCX.ImprimirItem --> OK
25/06/2022 18:39:42|Articulo --> elvive chx400 kera-liso 230° -8300
25/06/2022 18:39:42|cantidadArt B --> 1
25/06/2022 18:39:42|PrecVear --> 650
25/06/2022 18:39:42|montoArt --> 537,190082644628
25/06/2022 18:39:42|ivaArt --> 21
25/06/2022 18:39:42|hasarOCX.ImprimirItem --> OK
25/06/2022 18:39:42|Articulo --> elvive acx400 kera-liso 230°
25/06/2022 18:39:42|cantidadArt B --> 1
25/06/2022 18:39:42|PrecVear --> 650
25/06/2022 18:39:42|montoArt --> 537,190082644628
25/06/2022 18:39:42|ivaArt --> 21
25/06/2022 18:39:43|hasarOCX.ImprimirItem --> OK
25/06/2022 18:39:43|Cerrar Comprobante B:::
25/06/2022 18:39:46|Obtiene nrocomp
25/06/2022 18:39:46|nrocomp --> 23874
25/06/2022 18:39:46|Nro. de Comprobante ::: TFB ::: 23874
25/06/2022 18:39:46|Ety.TicketFiscal: 23874
25/06/2022 18:41:13|Comienza Facturacion B
25/06/2022 18:41:13|DatosCliente B
25/06/2022 18:41:16|AbrirComprobanteFiscal B
25/06/2022 18:41:16|Articulo --> estrella pañal junior x30u
25/06/2022 18:41:16|cantidadArt B --> 1
25/06/2022 18:41:16|PrecVear --> 1250
25/06/2022 18:41:16|montoArt --> 1033,05785123967
25/06/2022 18:41:16|ivaArt --> 21
25/06/2022 18:41:16|hasarOCX.ImprimirItem --> OK
25/06/2022 18:41:16|Cerrar Comprobante B:::
25/06/2022 18:41:19|Obtiene nrocomp
25/06/2022 18:41:19|nrocomp --> 23875
25/06/2022 18:41:19|Nro. de Comprobante ::: TFB ::: 23875
25/06/2022 18:41:19|Ety.TicketFiscal: 23875
25/06/2022 18:44:48|Comienza Facturacion B
25/06/2022 18:44:48|DatosCliente B
25/06/2022 18:44:51|AbrirComprobanteFiscal B
25/06/2022 18:44:51|Articulo --> cif pisosx450 dp plastificados-8727
25/06/2022 18:44:51|cantidadArt B --> 1
25/06/2022 18:44:51|PrecVear --> 195
25/06/2022 18:44:51|montoArt --> 161,157024793388
25/06/2022 18:44:51|ivaArt --> 21
25/06/2022 18:44:51|hasarOCX.ImprimirItem --> OK
25/06/2022 18:44:51|Articulo --> dove jabx90 kar y vainilla
25/06/2022 18:44:51|cantidadArt B --> 2
25/06/2022 18:44:51|PrecVear --> 170
25/06/2022 18:44:51|montoArt --> 140,495867768595
25/06/2022 18:44:51|ivaArt --> 21
25/06/2022 18:44:52|hasarOCX.ImprimirItem --> OK
25/06/2022 18:44:52|Articulo --> frilayp botox x240g
25/06/2022 18:44:52|cantidadArt B --> 1
25/06/2022 18:44:52|PrecVear --> 590
25/06/2022 18:44:52|montoArt --> 487,603305785124
25/06/2022 18:44:52|ivaArt --> 21
25/06/2022 18:44:52|hasarOCX.ImprimirItem --> OK
25/06/2022 18:44:52|Articulo --> procenex limpx900 lavanda -8352
25/06/2022 18:44:52|cantidadArt B --> 1
25/06/2022 18:44:52|PrecVear --> 120
25/06/2022 18:44:52|montoArt --> 99,1735537190083
25/06/2022 18:44:52|ivaArt --> 21
25/06/2022 18:44:52|hasarOCX.ImprimirItem --> OK
25/06/2022 18:44:52|Articulo --> felpita maxirollo x200u dh
25/06/2022 18:44:52|cantidadArt B --> 1
25/06/2022 18:44:52|PrecVear --> 230
25/06/2022 18:44:52|montoArt --> 190,082644628099
25/06/2022 18:44:52|ivaArt --> 21
25/06/2022 18:44:53|hasarOCX.ImprimirItem --> OK
25/06/2022 18:44:53|Articulo --> procenex limpx900 pino -8368
25/06/2022 18:44:53|cantidadArt B --> 1
25/06/2022 18:44:53|PrecVear --> 120
25/06/2022 18:44:53|montoArt --> 99,1735537190083
25/06/2022 18:44:53|ivaArt --> 21
25/06/2022 18:44:53|hasarOCX.ImprimirItem --> OK
25/06/2022 18:44:53|Articulo --> ayudin lav.x2l original
25/06/2022 18:44:53|cantidadArt B --> 1
25/06/2022 18:44:53|PrecVear --> 210
25/06/2022 18:44:53|montoArt --> 173,553719008264
25/06/2022 18:44:53|ivaArt --> 21
25/06/2022 18:44:54|hasarOCX.ImprimirItem --> OK
25/06/2022 18:44:54|Articulo --> garnier mascarilla ojos
25/06/2022 18:44:54|cantidadArt B --> 1
25/06/2022 18:44:54|PrecVear --> 340
25/06/2022 18:44:54|montoArt --> 280,99173553719
25/06/2022 18:44:54|ivaArt --> 21
25/06/2022 18:44:54|hasarOCX.ImprimirItem --> OK
25/06/2022 18:44:54|Articulo --> saphirus aromatizantes de ambiente (aerosol) breeze
25/06/2022 18:44:54|cantidadArt B --> 2
25/06/2022 18:44:54|PrecVear --> 400
25/06/2022 18:44:54|montoArt --> 330,578512396694
25/06/2022 18:44:54|ivaArt --> 21
25/06/2022 18:44:54|hasarOCX.ImprimirItem --> OK
25/06/2022 18:44:54|Cerrar Comprobante B:::
25/06/2022 18:44:57|Obtiene nrocomp
25/06/2022 18:44:58|nrocomp --> 23876
25/06/2022 18:44:58|Nro. de Comprobante ::: TFB ::: 23876
25/06/2022 18:44:58|Ety.TicketFiscal: 23876
25/06/2022 18:47:47|Comienza Facturacion B
25/06/2022 18:47:47|DatosCliente B
25/06/2022 18:47:49|AbrirComprobanteFiscal B
25/06/2022 18:47:49|Articulo --> mary bosques tintura
25/06/2022 18:47:49|cantidadArt B --> 1
25/06/2022 18:47:49|PrecVear --> 280
25/06/2022 18:47:49|montoArt --> 231,404958677686
25/06/2022 18:47:49|ivaArt --> 21
25/06/2022 18:47:50|hasarOCX.ImprimirItem --> OK
25/06/2022 18:47:50|Cerrar Comprobante B:::
25/06/2022 18:47:53|Obtiene nrocomp
25/06/2022 18:47:53|nrocomp --> 23877
25/06/2022 18:47:53|Nro. de Comprobante ::: TFB ::: 23877
25/06/2022 18:47:53|Ety.TicketFiscal: 23877
25/06/2022 19:02:51|Comienza Facturacion B
25/06/2022 19:02:52|DatosCliente B
25/06/2022 19:02:54|AbrirComprobanteFiscal B
25/06/2022 19:02:54|Articulo --> goodmax maquina de  3 filos  x 1 unidad
25/06/2022 19:02:54|cantidadArt B --> 4
25/06/2022 19:02:54|PrecVear --> 80
25/06/2022 19:02:54|montoArt --> 66,1157024793389
25/06/2022 19:02:54|ivaArt --> 21
25/06/2022 19:02:55|hasarOCX.ImprimirItem --> OK
25/06/2022 19:02:55|Articulo --> 80100 doncella hisopos tarro 24x100u
25/06/2022 19:02:55|cantidadArt B --> 1
25/06/2022 19:02:55|PrecVear --> 170
25/06/2022 19:02:55|montoArt --> 140,495867768595
25/06/2022 19:02:55|ivaArt --> 21
25/06/2022 19:02:55|hasarOCX.ImprimirItem --> OK
25/06/2022 19:02:55|Articulo --> 21627 doncella toallas pocket ultrafina t. seca 50 paq. x 8 unid
25/06/2022 19:02:55|cantidadArt B --> 2
25/06/2022 19:02:55|PrecVear --> 105
25/06/2022 19:02:55|montoArt --> 86,7768595041322
25/06/2022 19:02:55|ivaArt --> 21
25/06/2022 19:02:55|hasarOCX.ImprimirItem --> OK
25/06/2022 19:02:55|Articulo --> frilayp baño keratina y argan x240g
25/06/2022 19:02:55|cantidadArt B --> 1
25/06/2022 19:02:55|PrecVear --> 440
25/06/2022 19:02:55|montoArt --> 363,636363636364
25/06/2022 19:02:55|ivaArt --> 21
25/06/2022 19:02:56|hasarOCX.ImprimirItem --> OK
25/06/2022 19:02:56|Cerrar Comprobante B:::
25/06/2022 19:02:59|Obtiene nrocomp
25/06/2022 19:02:59|nrocomp --> 23878
25/06/2022 19:02:59|Nro. de Comprobante ::: TFB ::: 23878
25/06/2022 19:02:59|Ety.TicketFiscal: 23878
25/06/2022 19:08:41|Comienza Facturacion B
25/06/2022 19:08:42|DatosCliente B
25/06/2022 19:08:44|AbrirComprobanteFiscal B
25/06/2022 19:08:44|Articulo --> pampers confort sec p x36
25/06/2022 19:08:44|cantidadArt B --> 2
25/06/2022 19:08:44|PrecVear --> 1150
25/06/2022 19:08:44|montoArt --> 950,413223140496
25/06/2022 19:08:44|ivaArt --> 21
25/06/2022 19:08:44|hasarOCX.ImprimirItem --> OK
25/06/2022 19:08:44|Articulo --> veritas jabon glicerina x120 neutro
25/06/2022 19:08:44|cantidadArt B --> 1
25/06/2022 19:08:44|PrecVear --> 135
25/06/2022 19:08:44|montoArt --> 111,570247933884
25/06/2022 19:08:44|ivaArt --> 21
25/06/2022 19:08:45|hasarOCX.ImprimirItem --> OK
25/06/2022 19:08:45|Cerrar Comprobante B:::
25/06/2022 19:08:48|Obtiene nrocomp
25/06/2022 19:08:48|nrocomp --> 23879
25/06/2022 19:08:48|Nro. de Comprobante ::: TFB ::: 23879
25/06/2022 19:08:48|Ety.TicketFiscal: 23879
25/06/2022 19:20:30|Comienza Facturacion B
25/06/2022 19:20:31|DatosCliente B
25/06/2022 19:20:33|AbrirComprobanteFiscal B
25/06/2022 19:20:33|Articulo --> cicatricure cr.agecare aclarante 50g.
25/06/2022 19:20:33|cantidadArt B --> 1
25/06/2022 19:20:33|PrecVear --> 1210
25/06/2022 19:20:33|montoArt --> 1000
25/06/2022 19:20:33|ivaArt --> 21
25/06/2022 19:20:33|hasarOCX.ImprimirItem --> OK
25/06/2022 19:20:33|Articulo --> babysec ultrasec m 44
25/06/2022 19:20:33|cantidadArt B --> 2
25/06/2022 19:20:33|PrecVear --> 980
25/06/2022 19:20:33|montoArt --> 809,917355371901
25/06/2022 19:20:33|ivaArt --> 21
25/06/2022 19:20:34|hasarOCX.ImprimirItem --> OK
25/06/2022 19:20:34|Cerrar Comprobante B:::
25/06/2022 19:20:37|Obtiene nrocomp
25/06/2022 19:20:37|nrocomp --> 23880
25/06/2022 19:20:37|Nro. de Comprobante ::: TFB ::: 23880
25/06/2022 19:20:37|Ety.TicketFiscal: 23880
25/06/2022 19:20:39|cerrando pantalla venta
25/06/2022 19:27:34|Conectando..
25/06/2022 19:27:34|IP: 127.0.0.1 - Puerto: 6500
25/06/2022 19:27:35|Conectado con éxito!!
25/06/2022 19:29:04|Comienza Facturacion B
25/06/2022 19:29:04|DatosCliente B
25/06/2022 19:29:06|AbrirComprobanteFiscal B
25/06/2022 19:29:06|Articulo --> saphirus mini concentrado limon
25/06/2022 19:29:06|cantidadArt B --> 1
25/06/2022 19:29:06|PrecVear --> 210
25/06/2022 19:29:06|montoArt --> 173,553719008264
25/06/2022 19:29:06|ivaArt --> 21
25/06/2022 19:29:07|hasarOCX.ImprimirItem --> OK
25/06/2022 19:29:07|Articulo --> palmolive jabones x3 unidades
25/06/2022 19:29:07|cantidadArt B --> 1
25/06/2022 19:29:07|PrecVear --> 270
25/06/2022 19:29:07|montoArt --> 223,140495867769
25/06/2022 19:29:07|ivaArt --> 21
25/06/2022 19:29:07|hasarOCX.ImprimirItem --> OK
25/06/2022 19:29:07|Articulo --> head & shoulders x400
25/06/2022 19:29:07|cantidadArt B --> 1
25/06/2022 19:29:07|PrecVear --> 590
25/06/2022 19:29:07|montoArt --> 487,603305785124
25/06/2022 19:29:07|ivaArt --> 21
25/06/2022 19:29:07|hasarOCX.ImprimirItem --> OK
25/06/2022 19:29:07|Cerrar Comprobante B:::
25/06/2022 19:29:10|Obtiene nrocomp
25/06/2022 19:29:11|nrocomp --> 23881
25/06/2022 19:29:11|Nro. de Comprobante ::: TFB ::: 23881
25/06/2022 19:29:11|Ety.TicketFiscal: 23881
25/06/2022 19:43:08|Comienza Facturacion B
25/06/2022 19:43:08|DatosCliente B
25/06/2022 19:43:11|AbrirComprobanteFiscal B
25/06/2022 19:43:11|Articulo --> huggies toallitas amarillas x80
25/06/2022 19:43:11|cantidadArt B --> 1
25/06/2022 19:43:11|PrecVear --> 390
25/06/2022 19:43:11|montoArt --> 322,314049586777
25/06/2022 19:43:11|ivaArt --> 21
25/06/2022 19:43:11|hasarOCX.ImprimirItem --> OK
25/06/2022 19:43:11|Articulo --> huggies supreme care xg 52
25/06/2022 19:43:11|cantidadArt B --> 1
25/06/2022 19:43:11|PrecVear --> 2060
25/06/2022 19:43:11|montoArt --> 1702,47933884298
25/06/2022 19:43:11|ivaArt --> 21
25/06/2022 19:43:12|hasarOCX.ImprimirItem --> OK
25/06/2022 19:43:12|Cerrar Comprobante B:::
25/06/2022 19:43:15|Obtiene nrocomp
25/06/2022 19:43:15|nrocomp --> 23882
25/06/2022 19:43:15|Nro. de Comprobante ::: TFB ::: 23882
25/06/2022 19:43:15|Ety.TicketFiscal: 23882
25/06/2022 19:51:34|Comienza Facturacion B
25/06/2022 19:51:34|DatosCliente B
25/06/2022 19:51:37|AbrirComprobanteFiscal B
25/06/2022 19:51:37|Articulo --> vivere suav x3l d.pack.classic
25/06/2022 19:51:37|cantidadArt B --> 1
25/06/2022 19:51:37|PrecVear --> 780
25/06/2022 19:51:37|montoArt --> 644,628099173554
25/06/2022 19:51:37|ivaArt --> 21
25/06/2022 19:51:37|hasarOCX.ImprimirItem --> OK
25/06/2022 19:51:37|Articulo --> ayudin quitamanchas x400
25/06/2022 19:51:37|cantidadArt B --> 1
25/06/2022 19:51:37|PrecVear --> 170
25/06/2022 19:51:37|montoArt --> 140,495867768595
25/06/2022 19:51:37|ivaArt --> 21
25/06/2022 19:51:37|hasarOCX.ImprimirItem --> OK
25/06/2022 19:51:37|Articulo --> ala para diluir x500ml
25/06/2022 19:51:37|cantidadArt B --> 1
25/06/2022 19:51:37|PrecVear --> 680
25/06/2022 19:51:37|montoArt --> 561,98347107438
25/06/2022 19:51:37|ivaArt --> 21
25/06/2022 19:51:38|hasarOCX.ImprimirItem --> OK
25/06/2022 19:51:38|Articulo --> felpita pañuelos x6
25/06/2022 19:51:38|cantidadArt B --> 1
25/06/2022 19:51:38|PrecVear --> 140
25/06/2022 19:51:38|montoArt --> 115,702479338843
25/06/2022 19:51:38|ivaArt --> 21
25/06/2022 19:51:38|hasarOCX.ImprimirItem --> OK
25/06/2022 19:51:38|Articulo --> ladysoft ud secax8 c/alas
25/06/2022 19:51:38|cantidadArt B --> 1
25/06/2022 19:51:38|PrecVear --> 150
25/06/2022 19:51:38|montoArt --> 123,96694214876
25/06/2022 19:51:38|ivaArt --> 21
25/06/2022 19:51:38|hasarOCX.ImprimirItem --> OK
25/06/2022 19:51:38|Articulo --> veritas polvo pedico x120
25/06/2022 19:51:38|cantidadArt B --> 1
25/06/2022 19:51:38|PrecVear --> 260
25/06/2022 19:51:38|montoArt --> 214,876033057851
25/06/2022 19:51:38|ivaArt --> 21
25/06/2022 19:51:39|hasarOCX.ImprimirItem --> OK
25/06/2022 19:51:39|Articulo --> ladysoft ultradelgada
25/06/2022 19:51:39|cantidadArt B --> 1
25/06/2022 19:51:39|PrecVear --> 150
25/06/2022 19:51:39|montoArt --> 123,96694214876
25/06/2022 19:51:39|ivaArt --> 21
25/06/2022 19:51:39|hasarOCX.ImprimirItem --> OK
25/06/2022 19:51:39|Articulo --> calipso pd rosa x20
25/06/2022 19:51:39|cantidadArt B --> 1
25/06/2022 19:51:39|PrecVear --> 130
25/06/2022 19:51:39|montoArt --> 107,438016528926
25/06/2022 19:51:39|ivaArt --> 21
25/06/2022 19:51:39|hasarOCX.ImprimirItem --> OK
25/06/2022 19:51:39|Cerrar Comprobante B:::
25/06/2022 19:51:42|Obtiene nrocomp
25/06/2022 19:51:43|nrocomp --> 23883
25/06/2022 19:51:43|Nro. de Comprobante ::: TFB ::: 23883
25/06/2022 19:51:43|Ety.TicketFiscal: 23883
25/06/2022 19:53:23|Comienza Facturacion B
25/06/2022 19:53:23|DatosCliente B
25/06/2022 19:53:26|AbrirComprobanteFiscal B
25/06/2022 19:53:26|Articulo --> condor cepillo 9640
25/06/2022 19:53:26|cantidadArt B --> 1
25/06/2022 19:53:26|PrecVear --> 790
25/06/2022 19:53:26|montoArt --> 652,892561983471
25/06/2022 19:53:26|ivaArt --> 21
25/06/2022 19:53:26|hasarOCX.ImprimirItem --> OK
25/06/2022 19:53:26|Articulo --> estrella pañal p mega x 30
25/06/2022 19:53:26|cantidadArt B --> 1
25/06/2022 19:53:26|PrecVear --> 790
25/06/2022 19:53:26|montoArt --> 652,892561983471
25/06/2022 19:53:26|ivaArt --> 21
25/06/2022 19:53:27|hasarOCX.ImprimirItem --> OK
25/06/2022 19:53:27|Articulo --> estrella toallitas x50 u
25/06/2022 19:53:27|cantidadArt B --> 1
25/06/2022 19:53:27|PrecVear --> 250
25/06/2022 19:53:27|montoArt --> 206,611570247934
25/06/2022 19:53:27|ivaArt --> 21
25/06/2022 19:53:27|hasarOCX.ImprimirItem --> OK
25/06/2022 19:53:27|Cerrar Comprobante B:::
25/06/2022 19:53:30|Obtiene nrocomp
25/06/2022 19:53:30|nrocomp --> 23884
25/06/2022 19:53:30|Nro. de Comprobante ::: TFB ::: 23884
25/06/2022 19:53:30|Ety.TicketFiscal: 23884
25/06/2022 19:57:39|cerrando pantalla venta
25/06/2022 19:57:47|*************COMIENZA Cierre  Z**********
25/06/2022 19:57:56|CIERRE Z
Cierre Z Nº =[750]
Fecha del Cierre        =[25/06/2022 0:00:00]
DF Emitidos             =[53]
DF Cancelados           =[0]
DF Total                =[12509709]
DF Total Gravado        =[10338593]
DF Total No Gravado     =[0]
DF Total Exento         =[0]
DF Total IVA            =[2171116]
DF Total Otros Tributos =[0]
NC Emitidas             =[0]
NC Canceladas           =[0]
NC Total                =[0]
NC Total Gravado        =[0]
NC Total No Gravado     =[0]
NC Total Exento         =[0]
NC Total IVA            =[0]
NC Total Otros Tributos =[0]
DNFH Emitidos           =[0]
DNFH Total              =[0]

