16/08/2021 10:10:23|Conectando..
16/08/2021 10:10:23|IP: 127.0.0.1 - Puerto: 6500
16/08/2021 10:10:24|Conectado con éxito!!
16/08/2021 10:12:16|Comienza Facturacion B
16/08/2021 10:12:16|DatosCliente B
16/08/2021 10:12:19|AbrirComprobanteFiscal B
16/08/2021 10:12:19|Articulo --> babysec premium tanga xxg
16/08/2021 10:12:19|cantidadArt B --> 1
16/08/2021 10:12:19|PrecVear --> 980
16/08/2021 10:12:19|montoArt --> 809,917355371901
16/08/2021 10:12:19|ivaArt --> 21
16/08/2021 10:12:19|hasarOCX.ImprimirItem --> OK
16/08/2021 10:12:19|Articulo --> babysec premium  g x60
16/08/2021 10:12:19|cantidadArt B --> 1
16/08/2021 10:12:19|PrecVear --> 1380
16/08/2021 10:12:19|montoArt --> 1140,49586776859
16/08/2021 10:12:19|ivaArt --> 21
16/08/2021 10:12:20|hasarOCX.ImprimirItem --> OK
16/08/2021 10:12:20|Cerrar Comprobante B:::
16/08/2021 10:12:23|Obtiene nrocomp
16/08/2021 10:12:23|nrocomp --> 13295
16/08/2021 10:12:23|Nro. de Comprobante ::: TFB ::: 13295
16/08/2021 10:22:09|Comienza Facturacion B
16/08/2021 10:22:09|DatosCliente B
16/08/2021 10:22:12|AbrirComprobanteFiscal B
16/08/2021 10:22:12|Articulo --> rexona aero  apx90
16/08/2021 10:22:12|cantidadArt B --> 1
16/08/2021 10:22:12|PrecVear --> 185
16/08/2021 10:22:12|montoArt --> 152,892561983471
16/08/2021 10:22:12|ivaArt --> 21
16/08/2021 10:22:12|hasarOCX.ImprimirItem --> OK
16/08/2021 10:22:12|Articulo --> policrom tono sobre tono kit 560
16/08/2021 10:22:12|cantidadArt B --> 1
16/08/2021 10:22:12|PrecVear --> 480
16/08/2021 10:22:12|montoArt --> 396,694214876033
16/08/2021 10:22:12|ivaArt --> 21
16/08/2021 10:22:12|hasarOCX.ImprimirItem --> OK
16/08/2021 10:22:12|Cerrar Comprobante B:::
16/08/2021 10:22:15|Obtiene nrocomp
16/08/2021 10:22:16|nrocomp --> 13296
16/08/2021 10:22:16|Nro. de Comprobante ::: TFB ::: 13296
16/08/2021 10:28:50|Comienza Facturacion B
16/08/2021 10:28:50|DatosCliente B
16/08/2021 10:28:52|AbrirComprobanteFiscal B
16/08/2021 10:28:52|Articulo --> excellence creme nº6
16/08/2021 10:28:52|cantidadArt B --> 1
16/08/2021 10:28:52|PrecVear --> 750
16/08/2021 10:28:52|montoArt --> 619,834710743802
16/08/2021 10:28:52|ivaArt --> 21
16/08/2021 10:28:53|hasarOCX.ImprimirItem --> OK
16/08/2021 10:28:53|Cerrar Comprobante B:::
16/08/2021 10:28:56|Obtiene nrocomp
16/08/2021 10:28:56|nrocomp --> 13297
16/08/2021 10:28:56|Nro. de Comprobante ::: TFB ::: 13297
16/08/2021 10:30:59|Comienza Facturacion B
16/08/2021 10:30:59|DatosCliente B
16/08/2021 10:31:02|AbrirComprobanteFiscal B
16/08/2021 10:31:02|Articulo --> pampers confortsec xxg x54
16/08/2021 10:31:02|cantidadArt B --> 1
16/08/2021 10:31:02|PrecVear --> 1560
16/08/2021 10:31:02|montoArt --> 1289,25619834711
16/08/2021 10:31:02|ivaArt --> 21
16/08/2021 10:31:02|hasarOCX.ImprimirItem --> OK
16/08/2021 10:31:02|Cerrar Comprobante B:::
16/08/2021 10:31:05|Obtiene nrocomp
16/08/2021 10:31:05|nrocomp --> 13298
16/08/2021 10:31:05|Nro. de Comprobante ::: TFB ::: 13298
16/08/2021 10:50:47|Comienza Facturacion B
16/08/2021 10:50:47|DatosCliente B
16/08/2021 10:50:50|AbrirComprobanteFiscal B
16/08/2021 10:50:50|Articulo --> mimito oleo calcareo botella x 1 litro
16/08/2021 10:50:50|cantidadArt B --> 1
16/08/2021 10:50:50|PrecVear --> 265
16/08/2021 10:50:50|montoArt --> 219,00826446281
16/08/2021 10:50:50|ivaArt --> 21
16/08/2021 10:50:50|hasarOCX.ImprimirItem --> OK
16/08/2021 10:50:50|Articulo --> babysec ultra xxgx30 uni
16/08/2021 10:50:50|cantidadArt B --> 4
16/08/2021 10:50:50|PrecVear --> 590
16/08/2021 10:50:50|montoArt --> 487,603305785124
16/08/2021 10:50:50|ivaArt --> 21
16/08/2021 10:50:50|hasarOCX.ImprimirItem --> OK
16/08/2021 10:50:50|Cerrar Comprobante B:::
16/08/2021 10:50:53|Obtiene nrocomp
16/08/2021 10:50:54|nrocomp --> 13299
16/08/2021 10:50:54|Nro. de Comprobante ::: TFB ::: 13299
16/08/2021 11:03:57|Comienza Facturacion B
16/08/2021 11:03:57|DatosCliente B
16/08/2021 11:04:00|AbrirComprobanteFiscal B
16/08/2021 11:04:00|Articulo --> nosotras cl.rapisec x16
16/08/2021 11:04:00|cantidadArt B --> 1
16/08/2021 11:04:00|PrecVear --> 210
16/08/2021 11:04:00|montoArt --> 173,553719008264
16/08/2021 11:04:00|ivaArt --> 21
16/08/2021 11:04:00|hasarOCX.ImprimirItem --> OK
16/08/2021 11:04:00|Articulo --> carefree protecx60u largo
16/08/2021 11:04:00|cantidadArt B --> 1
16/08/2021 11:04:00|PrecVear --> 650
16/08/2021 11:04:00|montoArt --> 537,190082644628
16/08/2021 11:04:00|ivaArt --> 21
16/08/2021 11:04:01|hasarOCX.ImprimirItem --> OK
16/08/2021 11:04:01|Articulo --> goicoechea pomo gel
16/08/2021 11:04:01|cantidadArt B --> 1
16/08/2021 11:04:01|PrecVear --> 240
16/08/2021 11:04:01|montoArt --> 198,347107438017
16/08/2021 11:04:01|ivaArt --> 21
16/08/2021 11:04:01|hasarOCX.ImprimirItem --> OK
16/08/2021 11:04:01|Articulo --> vogue esmalte
16/08/2021 11:04:01|cantidadArt B --> 1
16/08/2021 11:04:01|PrecVear --> 245
16/08/2021 11:04:01|montoArt --> 202,479338842975
16/08/2021 11:04:01|ivaArt --> 21
16/08/2021 11:04:01|hasarOCX.ImprimirItem --> OK
16/08/2021 11:04:01|Cerrar Comprobante B:::
16/08/2021 11:04:04|Obtiene nrocomp
16/08/2021 11:04:04|nrocomp --> 13300
16/08/2021 11:04:04|Nro. de Comprobante ::: TFB ::: 13300
16/08/2021 11:20:08|Comienza Facturacion B
16/08/2021 11:20:08|DatosCliente B
16/08/2021 11:20:10|AbrirComprobanteFiscal B
16/08/2021 11:20:10|Articulo --> el coloso rollo cocx3 x 40paños
16/08/2021 11:20:10|cantidadArt B --> 1
16/08/2021 11:20:10|PrecVear --> 60
16/08/2021 11:20:10|montoArt --> 49,5867768595041
16/08/2021 11:20:10|ivaArt --> 21
16/08/2021 11:20:11|hasarOCX.ImprimirItem --> OK
16/08/2021 11:20:11|Articulo --> elite pañuelo doble hoja
16/08/2021 11:20:11|cantidadArt B --> 1
16/08/2021 11:20:11|PrecVear --> 65
16/08/2021 11:20:11|montoArt --> 53,7190082644628
16/08/2021 11:20:11|ivaArt --> 21
16/08/2021 11:20:11|hasarOCX.ImprimirItem --> OK
16/08/2021 11:20:11|Articulo --> elite pañuelo descartable x 6u
16/08/2021 11:20:11|cantidadArt B --> 1
16/08/2021 11:20:11|PrecVear --> 85
16/08/2021 11:20:11|montoArt --> 70,2479338842975
16/08/2021 11:20:11|ivaArt --> 21
16/08/2021 11:20:11|hasarOCX.ImprimirItem --> OK
16/08/2021 11:20:11|Articulo --> el coloso broches de plastico
16/08/2021 11:20:11|cantidadArt B --> 1
16/08/2021 11:20:11|PrecVear --> 110
16/08/2021 11:20:11|montoArt --> 90,9090909090909
16/08/2021 11:20:11|ivaArt --> 21
16/08/2021 11:20:12|hasarOCX.ImprimirItem --> OK
16/08/2021 11:20:12|Articulo --> ala matic x800ml dp
16/08/2021 11:20:12|cantidadArt B --> 1
16/08/2021 11:20:12|PrecVear --> 159
16/08/2021 11:20:12|montoArt --> 131,404958677686
16/08/2021 11:20:12|ivaArt --> 21
16/08/2021 11:20:12|hasarOCX.ImprimirItem --> OK
16/08/2021 11:20:12|Cerrar Comprobante B:::
16/08/2021 11:20:15|Obtiene nrocomp
16/08/2021 11:20:15|nrocomp --> 13301
16/08/2021 11:20:15|Nro. de Comprobante ::: TFB ::: 13301
16/08/2021 11:26:10|Comienza Facturacion B
16/08/2021 11:26:11|DatosCliente B
16/08/2021 11:26:13|AbrirComprobanteFiscal B
16/08/2021 11:26:13|Articulo --> estrella algodon super x400
16/08/2021 11:26:13|cantidadArt B --> 1
16/08/2021 11:26:13|PrecVear --> 430
16/08/2021 11:26:13|montoArt --> 355,371900826446
16/08/2021 11:26:13|ivaArt --> 21
16/08/2021 11:26:14|hasarOCX.ImprimirItem --> OK
16/08/2021 11:26:14|Articulo --> mimito oleo calcareo botella x 1 litro
16/08/2021 11:26:14|cantidadArt B --> 1
16/08/2021 11:26:14|PrecVear --> 265
16/08/2021 11:26:14|montoArt --> 219,00826446281
16/08/2021 11:26:14|ivaArt --> 21
16/08/2021 11:26:14|hasarOCX.ImprimirItem --> OK
16/08/2021 11:26:14|Cerrar Comprobante B:::
16/08/2021 11:26:17|Obtiene nrocomp
16/08/2021 11:26:17|nrocomp --> 13302
16/08/2021 11:26:17|Nro. de Comprobante ::: TFB ::: 13302
16/08/2021 11:34:21|Comienza Facturacion B
16/08/2021 11:34:21|DatosCliente B
16/08/2021 11:34:24|AbrirComprobanteFiscal B
16/08/2021 11:34:24|Articulo --> pantene shx400 hidratación extrema
16/08/2021 11:34:24|cantidadArt B --> 2
16/08/2021 11:34:24|PrecVear --> 370
16/08/2021 11:34:24|montoArt --> 305,785123966942
16/08/2021 11:34:24|ivaArt --> 21
16/08/2021 11:34:24|hasarOCX.ImprimirItem --> OK
16/08/2021 11:34:24|Articulo --> varios
16/08/2021 11:34:24|cantidadArt B --> 1
16/08/2021 11:34:24|PrecVear --> 40
16/08/2021 11:34:24|montoArt --> 33,0578512396694
16/08/2021 11:34:24|ivaArt --> 21
16/08/2021 11:34:24|hasarOCX.ImprimirItem --> OK
16/08/2021 11:34:24|Articulo --> varios
16/08/2021 11:34:24|cantidadArt B --> 1
16/08/2021 11:34:24|PrecVear --> 75
16/08/2021 11:34:24|montoArt --> 61,9834710743802
16/08/2021 11:34:24|ivaArt --> 21
16/08/2021 11:34:25|hasarOCX.ImprimirItem --> OK
16/08/2021 11:34:25|Articulo --> policrom tono sobre tono kit 660
16/08/2021 11:34:25|cantidadArt B --> 1
16/08/2021 11:34:25|PrecVear --> 480
16/08/2021 11:34:25|montoArt --> 396,694214876033
16/08/2021 11:34:25|ivaArt --> 21
16/08/2021 11:34:25|hasarOCX.ImprimirItem --> OK
16/08/2021 11:34:25|Cerrar Comprobante B:::
16/08/2021 11:34:28|Obtiene nrocomp
16/08/2021 11:34:28|nrocomp --> 13303
16/08/2021 11:34:28|Nro. de Comprobante ::: TFB ::: 13303
16/08/2021 11:51:02|Comienza Facturacion B
16/08/2021 11:51:03|DatosCliente B
16/08/2021 11:51:05|AbrirComprobanteFiscal B
16/08/2021 11:51:05|Articulo --> mujercitas edt x40ml funny
16/08/2021 11:51:05|cantidadArt B --> 1
16/08/2021 11:51:05|PrecVear --> 570
16/08/2021 11:51:05|montoArt --> 471,074380165289
16/08/2021 11:51:05|ivaArt --> 21
16/08/2021 11:51:05|hasarOCX.ImprimirItem --> OK
16/08/2021 11:51:05|Articulo --> mujercitas edtx40 sunny
16/08/2021 11:51:05|cantidadArt B --> 1
16/08/2021 11:51:05|PrecVear --> 570
16/08/2021 11:51:05|montoArt --> 471,074380165289
16/08/2021 11:51:05|ivaArt --> 21
16/08/2021 11:51:06|hasarOCX.ImprimirItem --> OK
16/08/2021 11:51:06|Cerrar Comprobante B:::
16/08/2021 11:51:09|Obtiene nrocomp
16/08/2021 11:51:09|nrocomp --> 13304
16/08/2021 11:51:09|Nro. de Comprobante ::: TFB ::: 13304
16/08/2021 11:56:56|Comienza Facturacion B
16/08/2021 11:56:56|DatosCliente B
16/08/2021 11:56:59|AbrirComprobanteFiscal B
16/08/2021 11:56:59|Articulo --> huggies supreme care xxg x50
16/08/2021 11:56:59|cantidadArt B --> 1
16/08/2021 11:56:59|PrecVear --> 1480
16/08/2021 11:56:59|montoArt --> 1223,14049586777
16/08/2021 11:56:59|ivaArt --> 21
16/08/2021 11:56:59|hasarOCX.ImprimirItem --> OK
16/08/2021 11:56:59|Cerrar Comprobante B:::
16/08/2021 11:57:02|Obtiene nrocomp
16/08/2021 11:57:02|nrocomp --> 13305
16/08/2021 11:57:02|Nro. de Comprobante ::: TFB ::: 13305
16/08/2021 12:12:45|Comienza Facturacion B
16/08/2021 12:12:46|DatosCliente B
16/08/2021 12:12:49|AbrirComprobanteFiscal B
16/08/2021 12:12:49|Articulo --> varios
16/08/2021 12:12:49|cantidadArt B --> 1
16/08/2021 12:12:49|PrecVear --> 350
16/08/2021 12:12:49|montoArt --> 289,256198347107
16/08/2021 12:12:49|ivaArt --> 21
16/08/2021 12:12:50|hasarOCX.ImprimirItem --> OK
16/08/2021 12:12:50|Articulo --> huggies plexi comfort px50
16/08/2021 12:12:50|cantidadArt B --> 1
16/08/2021 12:12:50|PrecVear --> 930
16/08/2021 12:12:50|montoArt --> 768,595041322314
16/08/2021 12:12:50|ivaArt --> 21
16/08/2021 12:12:50|hasarOCX.ImprimirItem --> OK
16/08/2021 12:12:50|Articulo --> 31203 dispita lima trebol x 3u.
16/08/2021 12:12:50|cantidadArt B --> 1
16/08/2021 12:12:50|PrecVear --> 230
16/08/2021 12:12:50|montoArt --> 190,082644628099
16/08/2021 12:12:50|ivaArt --> 21
16/08/2021 12:12:50|hasarOCX.ImprimirItem --> OK
16/08/2021 12:12:50|Cerrar Comprobante B:::
16/08/2021 12:12:53|Obtiene nrocomp
16/08/2021 12:12:54|nrocomp --> 13306
16/08/2021 12:12:54|Nro. de Comprobante ::: TFB ::: 13306
16/08/2021 12:14:45|Comienza Facturacion B
16/08/2021 12:14:45|DatosCliente B
16/08/2021 12:14:48|AbrirComprobanteFiscal B
16/08/2021 12:14:48|Articulo --> doncella algodon x300g
16/08/2021 12:14:48|cantidadArt B --> 1
16/08/2021 12:14:48|PrecVear --> 230
16/08/2021 12:14:48|montoArt --> 190,082644628099
16/08/2021 12:14:48|ivaArt --> 21
16/08/2021 12:14:48|hasarOCX.ImprimirItem --> OK
16/08/2021 12:14:48|Articulo --> felpita para tu flia x4
16/08/2021 12:14:48|cantidadArt B --> 1
16/08/2021 12:14:48|PrecVear --> 85
16/08/2021 12:14:48|montoArt --> 70,2479338842975
16/08/2021 12:14:48|ivaArt --> 21
16/08/2021 12:14:48|hasarOCX.ImprimirItem --> OK
16/08/2021 12:14:48|Articulo --> varios
16/08/2021 12:14:48|cantidadArt B --> 10
16/08/2021 12:14:48|PrecVear --> 40
16/08/2021 12:14:48|montoArt --> 33,0578512396694
16/08/2021 12:14:48|ivaArt --> 21
16/08/2021 12:14:49|hasarOCX.ImprimirItem --> OK
16/08/2021 12:14:49|Cerrar Comprobante B:::
16/08/2021 12:14:52|Obtiene nrocomp
16/08/2021 12:14:52|Error Diagnostico..Anidamiento inválido de comandos
16/08/2021 12:14:52|nrocomp --> 13307
16/08/2021 12:14:52|Nro. de Comprobante ::: TFB ::: 13307
16/08/2021 12:14:53|Insert Venta. Tipo Vta: False --> No hay items cargados
16/08/2021 12:32:15|cerrando pantalla venta
16/08/2021 12:32:21|*************COMIENZA Cierre  Z**********
16/08/2021 12:32:30|CIERRE Z
Cierre Z Nº =[454]
Fecha del Cierre        =[16/08/2021 0:00:00]
DF Emitidos             =[13]
DF Cancelados           =[0]
DF Total                =[1665901]
DF Total Gravado        =[1376777]
DF Total No Gravado     =[0]
DF Total Exento         =[0]
DF Total IVA            =[289124]
DF Total Otros Tributos =[0]
NC Emitidas             =[0]
NC Canceladas           =[0]
NC Total                =[0]
NC Total Gravado        =[0]
NC Total No Gravado     =[0]
NC Total Exento         =[0]
NC Total IVA            =[0]
NC Total Otros Tributos =[0]
DNFH Emitidos           =[0]
DNFH Total              =[0]

