09/08/2021 8:49:30|Conectando..
09/08/2021 8:49:30|IP: 127.0.0.1 - Puerto: 6500
09/08/2021 8:49:34|cerrando pantalla venta
09/08/2021 8:50:30|Conectando..
09/08/2021 8:50:30|IP: 127.0.0.1 - Puerto: 6500
09/08/2021 8:50:31|Conectado con éxito!!
09/08/2021 8:52:55|Comienza Facturacion B
09/08/2021 8:52:55|DatosCliente B
09/08/2021 8:52:58|AbrirComprobanteFiscal B
09/08/2021 8:52:58|Articulo --> estrella baby algodon x100 g
09/08/2021 8:52:58|cantidadArt B --> 1
09/08/2021 8:52:58|PrecVear --> 120
09/08/2021 8:52:58|montoArt --> 99,1735537190083
09/08/2021 8:52:58|ivaArt --> 21
09/08/2021 8:52:58|hasarOCX.ImprimirItem --> OK
09/08/2021 8:52:58|Articulo --> lysoform aerox360 lavanda-4479
09/08/2021 8:52:58|cantidadArt B --> 1
09/08/2021 8:52:58|PrecVear --> 190
09/08/2021 8:52:58|montoArt --> 157,02479338843
09/08/2021 8:52:58|ivaArt --> 21
09/08/2021 8:52:59|hasarOCX.ImprimirItem --> OK
09/08/2021 8:52:59|Articulo --> blem aerox360 original
09/08/2021 8:52:59|cantidadArt B --> 1
09/08/2021 8:52:59|PrecVear --> 230
09/08/2021 8:52:59|montoArt --> 190,082644628099
09/08/2021 8:52:59|ivaArt --> 21
09/08/2021 8:52:59|hasarOCX.ImprimirItem --> OK
09/08/2021 8:52:59|Articulo --> varios
09/08/2021 8:52:59|cantidadArt B --> 1
09/08/2021 8:52:59|PrecVear --> 150
09/08/2021 8:52:59|montoArt --> 123,96694214876
09/08/2021 8:52:59|ivaArt --> 21
09/08/2021 8:52:59|hasarOCX.ImprimirItem --> OK
09/08/2021 8:52:59|Articulo --> el coloso palillos de madera
09/08/2021 8:52:59|cantidadArt B --> 1
09/08/2021 8:52:59|PrecVear --> 40
09/08/2021 8:52:59|montoArt --> 33,0578512396694
09/08/2021 8:52:59|ivaArt --> 21
09/08/2021 8:53:00|hasarOCX.ImprimirItem --> OK
09/08/2021 8:53:00|Articulo --> cutex quitaesmalte hipoalergenico x100 ml
09/08/2021 8:53:00|cantidadArt B --> 1
09/08/2021 8:53:00|PrecVear --> 130
09/08/2021 8:53:00|montoArt --> 107,438016528926
09/08/2021 8:53:00|ivaArt --> 21
09/08/2021 8:53:00|hasarOCX.ImprimirItem --> OK
09/08/2021 8:53:00|Articulo --> dove jabon x90 blanco
09/08/2021 8:53:00|cantidadArt B --> 3
09/08/2021 8:53:00|PrecVear --> 79
09/08/2021 8:53:00|montoArt --> 65,2892561983471
09/08/2021 8:53:00|ivaArt --> 21
09/08/2021 8:53:00|hasarOCX.ImprimirItem --> OK
09/08/2021 8:53:00|Articulo --> colgate cepillo x2 extra clean
09/08/2021 8:53:00|cantidadArt B --> 1
09/08/2021 8:53:00|PrecVear --> 120
09/08/2021 8:53:00|montoArt --> 99,1735537190083
09/08/2021 8:53:00|ivaArt --> 21
09/08/2021 8:53:01|hasarOCX.ImprimirItem --> OK
09/08/2021 8:53:01|Articulo --> calipso pd rosa x20
09/08/2021 8:53:01|cantidadArt B --> 2
09/08/2021 8:53:01|PrecVear --> 65
09/08/2021 8:53:01|montoArt --> 53,7190082644628
09/08/2021 8:53:01|ivaArt --> 21
09/08/2021 8:53:01|hasarOCX.ImprimirItem --> OK
09/08/2021 8:53:01|Articulo --> pantene shx400 hidratación extrema
09/08/2021 8:53:01|cantidadArt B --> 1
09/08/2021 8:53:01|PrecVear --> 370
09/08/2021 8:53:01|montoArt --> 305,785123966942
09/08/2021 8:53:01|ivaArt --> 21
09/08/2021 8:53:02|hasarOCX.ImprimirItem --> OK
09/08/2021 8:53:02|Articulo --> ayudin lav.x2l original
09/08/2021 8:53:02|cantidadArt B --> 1
09/08/2021 8:53:02|PrecVear --> 125
09/08/2021 8:53:02|montoArt --> 103,305785123967
09/08/2021 8:53:02|ivaArt --> 21
09/08/2021 8:53:02|hasarOCX.ImprimirItem --> OK
09/08/2021 8:53:02|Cerrar Comprobante B:::
09/08/2021 8:53:05|Obtiene nrocomp
09/08/2021 8:53:05|nrocomp --> 13080
09/08/2021 8:53:05|Nro. de Comprobante ::: TFB ::: 13080
09/08/2021 9:00:27|Comienza Facturacion B
09/08/2021 9:00:28|DatosCliente B
09/08/2021 9:00:30|AbrirComprobanteFiscal B
09/08/2021 9:00:30|Articulo --> huggies natural care p x50
09/08/2021 9:00:30|cantidadArt B --> 1
09/08/2021 9:00:30|PrecVear --> 1100
09/08/2021 9:00:30|montoArt --> 909,090909090909
09/08/2021 9:00:30|ivaArt --> 21
09/08/2021 9:00:31|hasarOCX.ImprimirItem --> OK
09/08/2021 9:00:31|Cerrar Comprobante B:::
09/08/2021 9:00:34|Obtiene nrocomp
09/08/2021 9:00:34|nrocomp --> 13081
09/08/2021 9:00:34|Nro. de Comprobante ::: TFB ::: 13081
09/08/2021 9:01:22|Comienza Facturacion B
09/08/2021 9:01:22|DatosCliente B
09/08/2021 9:01:25|AbrirComprobanteFiscal B
09/08/2021 9:01:25|Articulo --> colgate cr original 90g
09/08/2021 9:01:25|cantidadArt B --> 2
09/08/2021 9:01:25|PrecVear --> 140
09/08/2021 9:01:25|montoArt --> 115,702479338843
09/08/2021 9:01:25|ivaArt --> 21
09/08/2021 9:01:25|hasarOCX.ImprimirItem --> OK
09/08/2021 9:01:25|Articulo --> rexona jabon x125 orquid.fresh
09/08/2021 9:01:25|cantidadArt B --> 2
09/08/2021 9:01:25|PrecVear --> 53
09/08/2021 9:01:25|montoArt --> 43,801652892562
09/08/2021 9:01:25|ivaArt --> 21
09/08/2021 9:01:25|hasarOCX.ImprimirItem --> OK
09/08/2021 9:01:25|Cerrar Comprobante B:::
09/08/2021 9:01:28|Obtiene nrocomp
09/08/2021 9:01:29|nrocomp --> 13082
09/08/2021 9:01:29|Nro. de Comprobante ::: TFB ::: 13082
09/08/2021 9:08:27|Comienza Facturacion B
09/08/2021 9:08:27|DatosCliente B
09/08/2021 9:08:30|AbrirComprobanteFiscal B
09/08/2021 9:08:30|Articulo --> plumero chico 32 cm
09/08/2021 9:08:30|cantidadArt B --> 1
09/08/2021 9:08:30|PrecVear --> 740
09/08/2021 9:08:30|montoArt --> 611,570247933884
09/08/2021 9:08:30|ivaArt --> 21
09/08/2021 9:08:30|hasarOCX.ImprimirItem --> OK
09/08/2021 9:08:30|Articulo --> valerina amarilla
09/08/2021 9:08:30|cantidadArt B --> 1
09/08/2021 9:08:30|PrecVear --> 45
09/08/2021 9:08:30|montoArt --> 37,1900826446281
09/08/2021 9:08:30|ivaArt --> 21
09/08/2021 9:08:30|hasarOCX.ImprimirItem --> OK
09/08/2021 9:08:30|Articulo --> el coloso lustra mueble
09/08/2021 9:08:30|cantidadArt B --> 1
09/08/2021 9:08:30|PrecVear --> 155
09/08/2021 9:08:30|montoArt --> 128,099173553719
09/08/2021 9:08:30|ivaArt --> 21
09/08/2021 9:08:31|hasarOCX.ImprimirItem --> OK
09/08/2021 9:08:31|Articulo --> saphirus sahumerios
09/08/2021 9:08:31|cantidadArt B --> 1
09/08/2021 9:08:31|PrecVear --> 160
09/08/2021 9:08:31|montoArt --> 132,231404958678
09/08/2021 9:08:31|ivaArt --> 21
09/08/2021 9:08:31|hasarOCX.ImprimirItem --> OK
09/08/2021 9:08:31|Articulo --> bx7 encendedor
09/08/2021 9:08:31|cantidadArt B --> 1
09/08/2021 9:08:31|PrecVear --> 60
09/08/2021 9:08:31|montoArt --> 49,5867768595041
09/08/2021 9:08:31|ivaArt --> 21
09/08/2021 9:08:31|hasarOCX.ImprimirItem --> OK
09/08/2021 9:08:31|Articulo --> saphirus sanitizante x250 ml
09/08/2021 9:08:31|cantidadArt B --> 1
09/08/2021 9:08:31|PrecVear --> 190
09/08/2021 9:08:31|montoArt --> 157,02479338843
09/08/2021 9:08:31|ivaArt --> 21
09/08/2021 9:08:32|hasarOCX.ImprimirItem --> OK
09/08/2021 9:08:32|Cerrar Comprobante B:::
09/08/2021 9:08:35|Obtiene nrocomp
09/08/2021 9:08:35|nrocomp --> 13083
09/08/2021 9:08:35|Nro. de Comprobante ::: TFB ::: 13083
09/08/2021 9:08:53|cerrando pantalla venta
09/08/2021 9:15:41|Conectando..
09/08/2021 9:15:41|IP: 127.0.0.1 - Puerto: 6500
09/08/2021 9:15:42|Conectado con éxito!!
09/08/2021 9:40:37|Comienza Facturacion B
09/08/2021 9:40:37|DatosCliente B
09/08/2021 9:40:40|AbrirComprobanteFiscal B
09/08/2021 9:40:40|Articulo --> varios
09/08/2021 9:40:40|cantidadArt B --> 1
09/08/2021 9:40:40|PrecVear --> 140
09/08/2021 9:40:40|montoArt --> 115,702479338843
09/08/2021 9:40:40|ivaArt --> 21
09/08/2021 9:40:40|hasarOCX.ImprimirItem --> OK
09/08/2021 9:40:40|Articulo --> varios
09/08/2021 9:40:40|cantidadArt B --> 2
09/08/2021 9:40:40|PrecVear --> 50
09/08/2021 9:40:40|montoArt --> 41,3223140495868
09/08/2021 9:40:40|ivaArt --> 21
09/08/2021 9:40:40|hasarOCX.ImprimirItem --> OK
09/08/2021 9:40:40|Articulo --> 10219 estrella paños de  algodon 40 x 12
09/08/2021 9:40:40|cantidadArt B --> 1
09/08/2021 9:40:40|PrecVear --> 185
09/08/2021 9:40:40|montoArt --> 152,892561983471
09/08/2021 9:40:40|ivaArt --> 21
09/08/2021 9:40:41|hasarOCX.ImprimirItem --> OK
09/08/2021 9:40:41|Articulo --> ala camellito d.packx450
09/08/2021 9:40:41|cantidadArt B --> 1
09/08/2021 9:40:41|PrecVear --> 150
09/08/2021 9:40:41|montoArt --> 123,96694214876
09/08/2021 9:40:41|ivaArt --> 21
09/08/2021 9:40:41|hasarOCX.ImprimirItem --> OK
09/08/2021 9:40:41|Articulo --> el coloso suavizx900 oferta x 2
09/08/2021 9:40:41|cantidadArt B --> 2
09/08/2021 9:40:41|PrecVear --> 85
09/08/2021 9:40:41|montoArt --> 70,2479338842975
09/08/2021 9:40:41|ivaArt --> 21
09/08/2021 9:40:42|hasarOCX.ImprimirItem --> OK
09/08/2021 9:40:42|Articulo --> ala para diluir x500ml
09/08/2021 9:40:42|cantidadArt B --> 2
09/08/2021 9:40:42|PrecVear --> 390
09/08/2021 9:40:42|montoArt --> 322,314049586777
09/08/2021 9:40:42|ivaArt --> 21
09/08/2021 9:40:42|hasarOCX.ImprimirItem --> OK
09/08/2021 9:40:42|Articulo --> dove rollonx50 men go fresh rosa
09/08/2021 9:40:42|cantidadArt B --> 1
09/08/2021 9:40:42|PrecVear --> 220
09/08/2021 9:40:42|montoArt --> 181,818181818182
09/08/2021 9:40:42|ivaArt --> 21
09/08/2021 9:40:42|hasarOCX.ImprimirItem --> OK
09/08/2021 9:40:42|Articulo --> espadol toallitas x10uni
09/08/2021 9:40:42|cantidadArt B --> 1
09/08/2021 9:40:42|PrecVear --> 130
09/08/2021 9:40:42|montoArt --> 107,438016528926
09/08/2021 9:40:42|ivaArt --> 21
09/08/2021 9:40:43|hasarOCX.ImprimirItem --> OK
09/08/2021 9:40:43|Articulo --> varios
09/08/2021 9:40:43|cantidadArt B --> 1
09/08/2021 9:40:43|PrecVear --> 1530
09/08/2021 9:40:43|montoArt --> 1264,46280991736
09/08/2021 9:40:43|ivaArt --> 21
09/08/2021 9:40:43|hasarOCX.ImprimirItem --> OK
09/08/2021 9:40:43|Cerrar Comprobante B:::
09/08/2021 9:40:46|Obtiene nrocomp
09/08/2021 9:40:46|nrocomp --> 13084
09/08/2021 9:40:46|Nro. de Comprobante ::: TFB ::: 13084
09/08/2021 9:53:59|Comienza Facturacion B
09/08/2021 9:53:59|DatosCliente B
09/08/2021 9:54:01|AbrirComprobanteFiscal B
09/08/2021 9:54:01|Articulo --> fuyi mmmx360 base acuosa-645085
09/08/2021 9:54:01|cantidadArt B --> 1
09/08/2021 9:54:01|PrecVear --> 190
09/08/2021 9:54:01|montoArt --> 157,02479338843
09/08/2021 9:54:01|ivaArt --> 21
09/08/2021 9:54:02|hasarOCX.ImprimirItem --> OK
09/08/2021 9:54:02|Articulo --> odol cr.dentalx180ml
09/08/2021 9:54:02|cantidadArt B --> 1
09/08/2021 9:54:02|PrecVear --> 220
09/08/2021 9:54:02|montoArt --> 181,818181818182
09/08/2021 9:54:02|ivaArt --> 21
09/08/2021 9:54:02|hasarOCX.ImprimirItem --> OK
09/08/2021 9:54:02|Articulo --> ceramicol aerox360 lustramuebles
09/08/2021 9:54:02|cantidadArt B --> 1
09/08/2021 9:54:02|PrecVear --> 190
09/08/2021 9:54:02|montoArt --> 157,02479338843
09/08/2021 9:54:02|ivaArt --> 21
09/08/2021 9:54:02|hasarOCX.ImprimirItem --> OK
09/08/2021 9:54:02|Articulo --> el coloso rollo cocx3 x 40paños
09/08/2021 9:54:02|cantidadArt B --> 1
09/08/2021 9:54:02|PrecVear --> 55
09/08/2021 9:54:02|montoArt --> 45,4545454545455
09/08/2021 9:54:02|ivaArt --> 21
09/08/2021 9:54:03|hasarOCX.ImprimirItem --> OK
09/08/2021 9:54:03|Articulo --> felpita bco 80 mts
09/08/2021 9:54:03|cantidadArt B --> 1
09/08/2021 9:54:03|PrecVear --> 200
09/08/2021 9:54:03|montoArt --> 165,289256198347
09/08/2021 9:54:03|ivaArt --> 21
09/08/2021 9:54:03|hasarOCX.ImprimirItem --> OK
09/08/2021 9:54:03|Articulo --> el coloso jabon en pan
09/08/2021 9:54:03|cantidadArt B --> 1
09/08/2021 9:54:03|PrecVear --> 75
09/08/2021 9:54:03|montoArt --> 61,9834710743802
09/08/2021 9:54:03|ivaArt --> 21
09/08/2021 9:54:03|hasarOCX.ImprimirItem --> OK
09/08/2021 9:54:03|Articulo --> zorro liq x800 ml dp
09/08/2021 9:54:03|cantidadArt B --> 1
09/08/2021 9:54:03|PrecVear --> 170
09/08/2021 9:54:03|montoArt --> 140,495867768595
09/08/2021 9:54:03|ivaArt --> 21
09/08/2021 9:54:04|hasarOCX.ImprimirItem --> OK
09/08/2021 9:54:04|Articulo --> dove acondx400 ritual reparacion178
09/08/2021 9:54:04|cantidadArt B --> 1
09/08/2021 9:54:04|PrecVear --> 370
09/08/2021 9:54:04|montoArt --> 305,785123966942
09/08/2021 9:54:04|ivaArt --> 21
09/08/2021 9:54:04|hasarOCX.ImprimirItem --> OK
09/08/2021 9:54:04|Articulo --> dove sh x400 ritual de repar.
09/08/2021 9:54:04|cantidadArt B --> 1
09/08/2021 9:54:04|PrecVear --> 370
09/08/2021 9:54:04|montoArt --> 305,785123966942
09/08/2021 9:54:04|ivaArt --> 21
09/08/2021 9:54:05|hasarOCX.ImprimirItem --> OK
09/08/2021 9:54:05|Articulo --> estrella algodon  clasicox75
09/08/2021 9:54:05|cantidadArt B --> 1
09/08/2021 9:54:05|PrecVear --> 75
09/08/2021 9:54:05|montoArt --> 61,9834710743802
09/08/2021 9:54:05|ivaArt --> 21
09/08/2021 9:54:05|hasarOCX.ImprimirItem --> OK
09/08/2021 9:54:05|Articulo --> axe deox96 aero gold
09/08/2021 9:54:05|cantidadArt B --> 1
09/08/2021 9:54:05|PrecVear --> 190
09/08/2021 9:54:05|montoArt --> 157,02479338843
09/08/2021 9:54:05|ivaArt --> 21
09/08/2021 9:54:05|hasarOCX.ImprimirItem --> OK
09/08/2021 9:54:05|Cerrar Comprobante B:::
09/08/2021 9:54:08|Obtiene nrocomp
09/08/2021 9:54:09|nrocomp --> 13085
09/08/2021 9:54:09|Nro. de Comprobante ::: TFB ::: 13085
09/08/2021 9:55:32|Comienza Facturacion B
09/08/2021 9:55:33|DatosCliente B
09/08/2021 9:55:35|AbrirComprobanteFiscal B
09/08/2021 9:55:35|Articulo --> el coloso hig.ecolog x4
09/08/2021 9:55:35|cantidadArt B --> 2
09/08/2021 9:55:35|PrecVear --> 60
09/08/2021 9:55:35|montoArt --> 49,5867768595041
09/08/2021 9:55:35|ivaArt --> 21
09/08/2021 9:55:35|hasarOCX.ImprimirItem --> OK
09/08/2021 9:55:35|Articulo --> el coloso rollo cocx3 x 40paños
09/08/2021 9:55:35|cantidadArt B --> 3
09/08/2021 9:55:35|PrecVear --> 55
09/08/2021 9:55:35|montoArt --> 45,4545454545455
09/08/2021 9:55:35|ivaArt --> 21
09/08/2021 9:55:36|hasarOCX.ImprimirItem --> OK
09/08/2021 9:55:36|Cerrar Comprobante B:::
09/08/2021 9:55:39|Obtiene nrocomp
09/08/2021 9:55:39|nrocomp --> 13086
09/08/2021 9:55:39|Nro. de Comprobante ::: TFB ::: 13086
09/08/2021 10:10:02|cerrando pantalla venta
09/08/2021 10:10:03|Conectando..
09/08/2021 10:10:03|IP: 127.0.0.1 - Puerto: 6500
09/08/2021 10:10:04|Conectado con éxito!!
09/08/2021 10:10:09|Comienza Facturacion B
09/08/2021 10:10:09|DatosCliente B
09/08/2021 10:10:11|AbrirComprobanteFiscal B
09/08/2021 10:10:11|Articulo --> boos x60ml intense
09/08/2021 10:10:11|cantidadArt B --> 1
09/08/2021 10:10:11|PrecVear --> 1950
09/08/2021 10:10:11|montoArt --> 1611,57024793388
09/08/2021 10:10:11|ivaArt --> 21
09/08/2021 10:10:12|hasarOCX.ImprimirItem --> OK
09/08/2021 10:10:12|Cerrar Comprobante B:::
09/08/2021 10:10:15|Obtiene nrocomp
09/08/2021 10:10:15|nrocomp --> 13087
09/08/2021 10:10:15|Nro. de Comprobante ::: TFB ::: 13087
09/08/2021 10:24:23|Comienza Facturacion B
09/08/2021 10:24:24|DatosCliente B
09/08/2021 10:24:26|AbrirComprobanteFiscal B
09/08/2021 10:24:26|Articulo --> el coloso alcohol etilico x 500 ml
09/08/2021 10:24:26|cantidadArt B --> 1
09/08/2021 10:24:26|PrecVear --> 120
09/08/2021 10:24:26|montoArt --> 99,1735537190083
09/08/2021 10:24:26|ivaArt --> 21
09/08/2021 10:24:26|hasarOCX.ImprimirItem --> OK
09/08/2021 10:24:26|Articulo --> magistral esp.activax300 limon
09/08/2021 10:24:26|cantidadArt B --> 1
09/08/2021 10:24:26|PrecVear --> 105
09/08/2021 10:24:26|montoArt --> 86,7768595041322
09/08/2021 10:24:26|ivaArt --> 21
09/08/2021 10:24:27|hasarOCX.ImprimirItem --> OK
09/08/2021 10:24:27|Articulo --> querubin suviazante flor de bosques x900
09/08/2021 10:24:27|cantidadArt B --> 1
09/08/2021 10:24:27|PrecVear --> 140
09/08/2021 10:24:27|montoArt --> 115,702479338843
09/08/2021 10:24:27|ivaArt --> 21
09/08/2021 10:24:27|hasarOCX.ImprimirItem --> OK
09/08/2021 10:24:27|Articulo --> querubin jabon liquido x800ml
09/08/2021 10:24:27|cantidadArt B --> 1
09/08/2021 10:24:27|PrecVear --> 155
09/08/2021 10:24:27|montoArt --> 128,099173553719
09/08/2021 10:24:27|ivaArt --> 21
09/08/2021 10:24:28|hasarOCX.ImprimirItem --> OK
09/08/2021 10:24:28|Articulo --> dove jabon x90 blanco
09/08/2021 10:24:28|cantidadArt B --> 1
09/08/2021 10:24:28|PrecVear --> 79
09/08/2021 10:24:28|montoArt --> 65,2892561983471
09/08/2021 10:24:28|ivaArt --> 21
09/08/2021 10:24:28|hasarOCX.ImprimirItem --> OK
09/08/2021 10:24:28|Articulo --> colgate cr triple accion x70g
09/08/2021 10:24:28|cantidadArt B --> 1
09/08/2021 10:24:28|PrecVear --> 140
09/08/2021 10:24:28|montoArt --> 115,702479338843
09/08/2021 10:24:28|ivaArt --> 21
09/08/2021 10:24:28|hasarOCX.ImprimirItem --> OK
09/08/2021 10:24:28|Articulo --> el coloso fosforosx220un
09/08/2021 10:24:28|cantidadArt B --> 1
09/08/2021 10:24:28|PrecVear --> 50
09/08/2021 10:24:28|montoArt --> 41,3223140495868
09/08/2021 10:24:28|ivaArt --> 21
09/08/2021 10:24:29|hasarOCX.ImprimirItem --> OK
09/08/2021 10:24:29|Articulo --> iluminarte velas de noche x12
09/08/2021 10:24:29|cantidadArt B --> 1
09/08/2021 10:24:29|PrecVear --> 195
09/08/2021 10:24:29|montoArt --> 161,157024793388
09/08/2021 10:24:29|ivaArt --> 21
09/08/2021 10:24:29|hasarOCX.ImprimirItem --> OK
09/08/2021 10:24:29|Articulo --> watteau locion brisas x220 cc.
09/08/2021 10:24:29|cantidadArt B --> 1
09/08/2021 10:24:29|PrecVear --> 390
09/08/2021 10:24:29|montoArt --> 322,314049586777
09/08/2021 10:24:29|ivaArt --> 21
09/08/2021 10:24:29|hasarOCX.ImprimirItem --> OK
09/08/2021 10:24:29|Articulo --> koleston sing 81 rub.cenizo cl
09/08/2021 10:24:29|cantidadArt B --> 1
09/08/2021 10:24:29|PrecVear --> 370
09/08/2021 10:24:29|montoArt --> 305,785123966942
09/08/2021 10:24:29|ivaArt --> 21
09/08/2021 10:24:30|hasarOCX.ImprimirItem --> OK
09/08/2021 10:24:30|Cerrar Comprobante B:::
09/08/2021 10:24:33|Obtiene nrocomp
09/08/2021 10:24:33|nrocomp --> 13088
09/08/2021 10:24:33|Nro. de Comprobante ::: TFB ::: 13088
09/08/2021 10:42:34|Comienza Facturacion B
09/08/2021 10:42:34|DatosCliente B
09/08/2021 10:42:36|AbrirComprobanteFiscal B
09/08/2021 10:42:36|Articulo --> el coloso rollo cocx3 x 40paños
09/08/2021 10:42:36|cantidadArt B --> 2
09/08/2021 10:42:36|PrecVear --> 55
09/08/2021 10:42:36|montoArt --> 45,4545454545455
09/08/2021 10:42:36|ivaArt --> 21
09/08/2021 10:42:37|hasarOCX.ImprimirItem --> OK
09/08/2021 10:42:37|Articulo --> jabon party
09/08/2021 10:42:37|cantidadArt B --> 1
09/08/2021 10:42:37|PrecVear --> 25
09/08/2021 10:42:37|montoArt --> 20,6611570247934
09/08/2021 10:42:37|ivaArt --> 21
09/08/2021 10:42:37|hasarOCX.ImprimirItem --> OK
09/08/2021 10:42:37|Articulo --> party jabon amarillo
09/08/2021 10:42:37|cantidadArt B --> 1
09/08/2021 10:42:37|PrecVear --> 25
09/08/2021 10:42:37|montoArt --> 20,6611570247934
09/08/2021 10:42:37|ivaArt --> 21
09/08/2021 10:42:37|hasarOCX.ImprimirItem --> OK
09/08/2021 10:42:37|Articulo --> ideal toallitas clasicas
09/08/2021 10:42:37|cantidadArt B --> 1
09/08/2021 10:42:37|PrecVear --> 80
09/08/2021 10:42:37|montoArt --> 66,1157024793389
09/08/2021 10:42:37|ivaArt --> 21
09/08/2021 10:42:38|hasarOCX.ImprimirItem --> OK
09/08/2021 10:42:38|Articulo --> huggies trip prot g36
09/08/2021 10:42:38|cantidadArt B --> 1
09/08/2021 10:42:38|PrecVear --> 620
09/08/2021 10:42:38|montoArt --> 512,396694214876
09/08/2021 10:42:38|ivaArt --> 21
09/08/2021 10:42:38|hasarOCX.ImprimirItem --> OK
09/08/2021 10:42:38|Cerrar Comprobante B:::
09/08/2021 10:42:41|Obtiene nrocomp
09/08/2021 10:42:41|nrocomp --> 13089
09/08/2021 10:42:41|Nro. de Comprobante ::: TFB ::: 13089
09/08/2021 10:48:26|Comienza Facturacion B
09/08/2021 10:48:27|DatosCliente B
09/08/2021 10:48:29|AbrirComprobanteFiscal B
09/08/2021 10:48:29|Articulo --> aryito de sol fps 30 x130
09/08/2021 10:48:29|cantidadArt B --> 1
09/08/2021 10:48:29|PrecVear --> 560
09/08/2021 10:48:29|montoArt --> 462,809917355372
09/08/2021 10:48:29|ivaArt --> 21
09/08/2021 10:48:30|hasarOCX.ImprimirItem --> OK
09/08/2021 10:48:30|Articulo --> varios
09/08/2021 10:48:30|cantidadArt B --> 1
09/08/2021 10:48:30|PrecVear --> 630
09/08/2021 10:48:30|montoArt --> 520,661157024793
09/08/2021 10:48:30|ivaArt --> 21
09/08/2021 10:48:30|hasarOCX.ImprimirItem --> OK
09/08/2021 10:48:30|Cerrar Comprobante B:::
09/08/2021 10:48:33|Obtiene nrocomp
09/08/2021 10:48:33|nrocomp --> 13090
09/08/2021 10:48:33|Nro. de Comprobante ::: TFB ::: 13090
09/08/2021 10:56:04|cerrando pantalla venta
09/08/2021 10:56:22|Conectando..
09/08/2021 10:56:22|IP: 127.0.0.1 - Puerto: 6500
09/08/2021 10:56:23|Conectado con éxito!!
09/08/2021 11:04:41|Comienza Facturacion B
09/08/2021 11:04:41|DatosCliente B
09/08/2021 11:04:43|AbrirComprobanteFiscal B
09/08/2021 11:04:43|Articulo --> jyj x200 ml sh verde claro
09/08/2021 11:04:43|cantidadArt B --> 1
09/08/2021 11:04:43|PrecVear --> 260
09/08/2021 11:04:43|montoArt --> 214,876033057851
09/08/2021 11:04:43|ivaArt --> 21
09/08/2021 11:04:44|hasarOCX.ImprimirItem --> OK
09/08/2021 11:04:44|Articulo --> babysec ultra xxgx30 uni
09/08/2021 11:04:44|cantidadArt B --> 1
09/08/2021 11:04:44|PrecVear --> 590
09/08/2021 11:04:44|montoArt --> 487,603305785124
09/08/2021 11:04:44|ivaArt --> 21
09/08/2021 11:04:44|hasarOCX.ImprimirItem --> OK
09/08/2021 11:04:44|Articulo --> varios
09/08/2021 11:04:44|cantidadArt B --> 1
09/08/2021 11:04:44|PrecVear --> 140
09/08/2021 11:04:44|montoArt --> 115,702479338843
09/08/2021 11:04:44|ivaArt --> 21
09/08/2021 11:04:45|hasarOCX.ImprimirItem --> OK
09/08/2021 11:04:45|Cerrar Comprobante B:::
09/08/2021 11:04:48|Obtiene nrocomp
09/08/2021 11:04:48|nrocomp --> 13091
09/08/2021 11:04:48|Nro. de Comprobante ::: TFB ::: 13091
09/08/2021 11:06:40|Comienza Facturacion B
09/08/2021 11:06:40|DatosCliente B
09/08/2021 11:06:43|AbrirComprobanteFiscal B
09/08/2021 11:06:43|Articulo --> felpita maxirollo x240u dh
09/08/2021 11:06:43|cantidadArt B --> 3
09/08/2021 11:06:43|PrecVear --> 105
09/08/2021 11:06:43|montoArt --> 86,7768595041322
09/08/2021 11:06:43|ivaArt --> 21
09/08/2021 11:06:43|hasarOCX.ImprimirItem --> OK
09/08/2021 11:06:43|Cerrar Comprobante B:::
09/08/2021 11:06:46|Obtiene nrocomp
09/08/2021 11:06:47|nrocomp --> 13092
09/08/2021 11:06:47|Nro. de Comprobante ::: TFB ::: 13092
09/08/2021 11:26:04|Comienza Facturacion B
09/08/2021 11:26:05|DatosCliente B
09/08/2021 11:26:07|AbrirComprobanteFiscal B
09/08/2021 11:26:07|Articulo --> felpita maxirollo x240u dh
09/08/2021 11:26:07|cantidadArt B --> 9
09/08/2021 11:26:07|PrecVear --> 105
09/08/2021 11:26:07|montoArt --> 86,7768595041322
09/08/2021 11:26:07|ivaArt --> 21
09/08/2021 11:26:08|hasarOCX.ImprimirItem --> OK
09/08/2021 11:26:08|Cerrar Comprobante B:::
09/08/2021 11:26:11|Obtiene nrocomp
09/08/2021 11:26:11|nrocomp --> 13093
09/08/2021 11:26:11|Nro. de Comprobante ::: TFB ::: 13093
09/08/2021 11:32:49|Comienza Facturacion B
09/08/2021 11:32:49|DatosCliente B
09/08/2021 11:32:52|AbrirComprobanteFiscal B
09/08/2021 11:32:52|Articulo --> varios
09/08/2021 11:32:52|cantidadArt B --> 2
09/08/2021 11:32:52|PrecVear --> 115
09/08/2021 11:32:52|montoArt --> 95,0413223140496
09/08/2021 11:32:52|ivaArt --> 21
09/08/2021 11:32:52|hasarOCX.ImprimirItem --> OK
09/08/2021 11:32:52|Articulo --> saphirus sanitizante x500 ml
09/08/2021 11:32:52|cantidadArt B --> 1
09/08/2021 11:32:52|PrecVear --> 290
09/08/2021 11:32:52|montoArt --> 239,669421487603
09/08/2021 11:32:52|ivaArt --> 21
09/08/2021 11:32:52|hasarOCX.ImprimirItem --> OK
09/08/2021 11:32:52|Articulo --> saphirus sanitizante x60 ml
09/08/2021 11:32:52|cantidadArt B --> 1
09/08/2021 11:32:52|PrecVear --> 120
09/08/2021 11:32:52|montoArt --> 99,1735537190083
09/08/2021 11:32:52|ivaArt --> 21
09/08/2021 11:32:53|hasarOCX.ImprimirItem --> OK
09/08/2021 11:32:53|Articulo --> tio nacho dp ac aclarante x400
09/08/2021 11:32:53|cantidadArt B --> 1
09/08/2021 11:32:53|PrecVear --> 480
09/08/2021 11:32:53|montoArt --> 396,694214876033
09/08/2021 11:32:53|ivaArt --> 21
09/08/2021 11:32:53|hasarOCX.ImprimirItem --> OK
09/08/2021 11:32:53|Cerrar Comprobante B:::
09/08/2021 11:32:56|Obtiene nrocomp
09/08/2021 11:32:56|nrocomp --> 13094
09/08/2021 11:32:56|Nro. de Comprobante ::: TFB ::: 13094
09/08/2021 11:49:33|Comienza Facturacion B
09/08/2021 11:49:33|DatosCliente B
09/08/2021 11:49:35|AbrirComprobanteFiscal B
09/08/2021 11:49:35|Articulo --> kimbies toallitas humedas
09/08/2021 11:49:35|cantidadArt B --> 1
09/08/2021 11:49:35|PrecVear --> 130
09/08/2021 11:49:35|montoArt --> 107,438016528926
09/08/2021 11:49:35|ivaArt --> 21
09/08/2021 11:49:36|hasarOCX.ImprimirItem --> OK
09/08/2021 11:49:36|Articulo --> el coloso lustra mueble
09/08/2021 11:49:36|cantidadArt B --> 1
09/08/2021 11:49:36|PrecVear --> 155
09/08/2021 11:49:36|montoArt --> 128,099173553719
09/08/2021 11:49:36|ivaArt --> 21
09/08/2021 11:49:36|hasarOCX.ImprimirItem --> OK
09/08/2021 11:49:36|Articulo --> varios
09/08/2021 11:49:36|cantidadArt B --> 1
09/08/2021 11:49:36|PrecVear --> 255
09/08/2021 11:49:36|montoArt --> 210,743801652893
09/08/2021 11:49:36|ivaArt --> 21
09/08/2021 11:49:37|hasarOCX.ImprimirItem --> OK
09/08/2021 11:49:37|Articulo --> el coloso franela
09/08/2021 11:49:37|cantidadArt B --> 1
09/08/2021 11:49:37|PrecVear --> 160
09/08/2021 11:49:37|montoArt --> 132,231404958678
09/08/2021 11:49:37|ivaArt --> 21
09/08/2021 11:49:37|hasarOCX.ImprimirItem --> OK
09/08/2021 11:49:37|Cerrar Comprobante B:::
09/08/2021 11:49:40|Obtiene nrocomp
09/08/2021 11:49:40|nrocomp --> 13095
09/08/2021 11:49:40|Nro. de Comprobante ::: TFB ::: 13095
09/08/2021 11:57:59|Comienza Facturacion B
09/08/2021 11:57:59|DatosCliente B
09/08/2021 11:58:02|AbrirComprobanteFiscal B
09/08/2021 11:58:02|Articulo --> rexona aero  apx90 nutritive-60249
09/08/2021 11:58:02|cantidadArt B --> 1
09/08/2021 11:58:02|PrecVear --> 185
09/08/2021 11:58:02|montoArt --> 152,892561983471
09/08/2021 11:58:02|ivaArt --> 21
09/08/2021 11:58:02|hasarOCX.ImprimirItem --> OK
09/08/2021 11:58:02|Articulo --> saphirus sanitizante x60 ml
09/08/2021 11:58:02|cantidadArt B --> 1
09/08/2021 11:58:02|PrecVear --> 120
09/08/2021 11:58:02|montoArt --> 99,1735537190083
09/08/2021 11:58:02|ivaArt --> 21
09/08/2021 11:58:02|hasarOCX.ImprimirItem --> OK
09/08/2021 11:58:02|Articulo --> elite pañuelo descartable x 6u
09/08/2021 11:58:02|cantidadArt B --> 1
09/08/2021 11:58:02|PrecVear --> 70
09/08/2021 11:58:02|montoArt --> 57,8512396694215
09/08/2021 11:58:02|ivaArt --> 21
09/08/2021 11:58:03|hasarOCX.ImprimirItem --> OK
09/08/2021 11:58:03|Articulo --> raid tabletas x12 uni
09/08/2021 11:58:03|cantidadArt B --> 1
09/08/2021 11:58:03|PrecVear --> 145
09/08/2021 11:58:03|montoArt --> 119,834710743802
09/08/2021 11:58:03|ivaArt --> 21
09/08/2021 11:58:03|hasarOCX.ImprimirItem --> OK
09/08/2021 11:58:03|Articulo --> colgate cr dental clasica x70g
09/08/2021 11:58:03|cantidadArt B --> 2
09/08/2021 11:58:03|PrecVear --> 105
09/08/2021 11:58:03|montoArt --> 86,7768595041322
09/08/2021 11:58:03|ivaArt --> 21
09/08/2021 11:58:04|hasarOCX.ImprimirItem --> OK
09/08/2021 11:58:04|Articulo --> ayudinx500 d.pack antihongo-32301
09/08/2021 11:58:04|cantidadArt B --> 1
09/08/2021 11:58:04|PrecVear --> 98
09/08/2021 11:58:04|montoArt --> 80,9917355371901
09/08/2021 11:58:04|ivaArt --> 21
09/08/2021 11:58:04|hasarOCX.ImprimirItem --> OK
09/08/2021 11:58:04|Articulo --> cif bañox450 doy pack-72961
09/08/2021 11:58:04|cantidadArt B --> 1
09/08/2021 11:58:04|PrecVear --> 78
09/08/2021 11:58:04|montoArt --> 64,4628099173554
09/08/2021 11:58:04|ivaArt --> 21
09/08/2021 11:58:04|hasarOCX.ImprimirItem --> OK
09/08/2021 11:58:04|Articulo --> ala plus cremx750 colageno
09/08/2021 11:58:04|cantidadArt B --> 1
09/08/2021 11:58:04|PrecVear --> 74
09/08/2021 11:58:04|montoArt --> 61,1570247933884
09/08/2021 11:58:04|ivaArt --> 21
09/08/2021 11:58:05|hasarOCX.ImprimirItem --> OK
09/08/2021 11:58:05|Articulo --> poett aero mult.ambx360 bebe
09/08/2021 11:58:05|cantidadArt B --> 1
09/08/2021 11:58:05|PrecVear --> 135
09/08/2021 11:58:05|montoArt --> 111,570247933884
09/08/2021 11:58:05|ivaArt --> 21
09/08/2021 11:58:05|hasarOCX.ImprimirItem --> OK
09/08/2021 11:58:05|Articulo --> duplex aero lavanda
09/08/2021 11:58:05|cantidadArt B --> 2
09/08/2021 11:58:05|PrecVear --> 135
09/08/2021 11:58:05|montoArt --> 111,570247933884
09/08/2021 11:58:05|ivaArt --> 21
09/08/2021 11:58:06|hasarOCX.ImprimirItem --> OK
09/08/2021 11:58:06|Articulo --> mr musculo cocina dp
09/08/2021 11:58:06|cantidadArt B --> 1
09/08/2021 11:58:06|PrecVear --> 70
09/08/2021 11:58:06|montoArt --> 57,8512396694215
09/08/2021 11:58:06|ivaArt --> 21
09/08/2021 11:58:06|hasarOCX.ImprimirItem --> OK
09/08/2021 11:58:06|Articulo --> sussex rollo cocx3 clas
09/08/2021 11:58:06|cantidadArt B --> 2
09/08/2021 11:58:06|PrecVear --> 95
09/08/2021 11:58:06|montoArt --> 78,5123966942149
09/08/2021 11:58:06|ivaArt --> 21
09/08/2021 11:58:06|hasarOCX.ImprimirItem --> OK
09/08/2021 11:58:06|Articulo --> selton mmm x307g rojo acc.prol
09/08/2021 11:58:06|cantidadArt B --> 1
09/08/2021 11:58:06|PrecVear --> 175
09/08/2021 11:58:06|montoArt --> 144,628099173554
09/08/2021 11:58:06|ivaArt --> 21
09/08/2021 11:58:07|hasarOCX.ImprimirItem --> OK
09/08/2021 11:58:07|Articulo --> el coloso alcohol etilico x 500 ml
09/08/2021 11:58:07|cantidadArt B --> 1
09/08/2021 11:58:07|PrecVear --> 120
09/08/2021 11:58:07|montoArt --> 99,1735537190083
09/08/2021 11:58:07|ivaArt --> 21
09/08/2021 11:58:07|hasarOCX.ImprimirItem --> OK
09/08/2021 11:58:07|Articulo --> higienol max 80m panal
09/08/2021 11:58:07|cantidadArt B --> 1
09/08/2021 11:58:07|PrecVear --> 195
09/08/2021 11:58:07|montoArt --> 161,157024793388
09/08/2021 11:58:07|ivaArt --> 21
09/08/2021 11:58:07|hasarOCX.ImprimirItem --> OK
09/08/2021 11:58:07|Articulo --> suave sh y ac miel y almedras
09/08/2021 11:58:07|cantidadArt B --> 1
09/08/2021 11:58:07|PrecVear --> 140
09/08/2021 11:58:07|montoArt --> 115,702479338843
09/08/2021 11:58:07|ivaArt --> 21
09/08/2021 11:58:08|hasarOCX.ImprimirItem --> OK
09/08/2021 11:58:08|Articulo --> suave ch y ac
09/08/2021 11:58:08|cantidadArt B --> 1
09/08/2021 11:58:08|PrecVear --> 140
09/08/2021 11:58:08|montoArt --> 115,702479338843
09/08/2021 11:58:08|ivaArt --> 21
09/08/2021 11:58:08|hasarOCX.ImprimirItem --> OK
09/08/2021 11:58:08|Articulo --> dove acondx200ml hid.intensa
09/08/2021 11:58:08|cantidadArt B --> 1
09/08/2021 11:58:08|PrecVear --> 220
09/08/2021 11:58:08|montoArt --> 181,818181818182
09/08/2021 11:58:08|ivaArt --> 21
09/08/2021 11:58:08|hasarOCX.ImprimirItem --> OK
09/08/2021 11:58:08|Articulo --> dove chx200 hid.intensa
09/08/2021 11:58:08|cantidadArt B --> 1
09/08/2021 11:58:08|PrecVear --> 220
09/08/2021 11:58:08|montoArt --> 181,818181818182
09/08/2021 11:58:08|ivaArt --> 21
09/08/2021 11:58:09|hasarOCX.ImprimirItem --> OK
09/08/2021 11:58:09|Cerrar Comprobante B:::
09/08/2021 11:58:12|Obtiene nrocomp
09/08/2021 11:58:12|nrocomp --> 13096
09/08/2021 11:58:12|Nro. de Comprobante ::: TFB ::: 13096
09/08/2021 12:01:15|Comienza Facturacion B
09/08/2021 12:01:15|DatosCliente B
09/08/2021 12:01:18|AbrirComprobanteFiscal B
09/08/2021 12:01:18|Articulo --> huggies trip prot xxgx50
09/08/2021 12:01:18|cantidadArt B --> 1
09/08/2021 12:01:18|PrecVear --> 970
09/08/2021 12:01:18|montoArt --> 801,652892561984
09/08/2021 12:01:18|ivaArt --> 21
09/08/2021 12:01:18|hasarOCX.ImprimirItem --> OK
09/08/2021 12:01:18|Cerrar Comprobante B:::
09/08/2021 12:01:21|Obtiene nrocomp
09/08/2021 12:01:21|nrocomp --> 13097
09/08/2021 12:01:21|Nro. de Comprobante ::: TFB ::: 13097
09/08/2021 12:19:09|Comienza Facturacion B
09/08/2021 12:19:09|DatosCliente B
09/08/2021 12:19:12|AbrirComprobanteFiscal B
09/08/2021 12:19:12|Articulo --> axe deox96 aero marine
09/08/2021 12:19:12|cantidadArt B --> 2
09/08/2021 12:19:12|PrecVear --> 190
09/08/2021 12:19:12|montoArt --> 157,02479338843
09/08/2021 12:19:12|ivaArt --> 21
09/08/2021 12:19:12|hasarOCX.ImprimirItem --> OK
09/08/2021 12:19:12|Articulo --> mary bosques argan
09/08/2021 12:19:12|cantidadArt B --> 1
09/08/2021 12:19:12|PrecVear --> 60
09/08/2021 12:19:12|montoArt --> 49,5867768595041
09/08/2021 12:19:12|ivaArt --> 21
09/08/2021 12:19:12|hasarOCX.ImprimirItem --> OK
09/08/2021 12:19:12|Articulo --> mary bosques shock acido
09/08/2021 12:19:12|cantidadArt B --> 2
09/08/2021 12:19:12|PrecVear --> 60
09/08/2021 12:19:12|montoArt --> 49,5867768595041
09/08/2021 12:19:12|ivaArt --> 21
09/08/2021 12:19:13|hasarOCX.ImprimirItem --> OK
09/08/2021 12:19:13|Articulo --> key col kit 6.1
09/08/2021 12:19:13|cantidadArt B --> 1
09/08/2021 12:19:13|PrecVear --> 390
09/08/2021 12:19:13|montoArt --> 322,314049586777
09/08/2021 12:19:13|ivaArt --> 21
09/08/2021 12:19:13|hasarOCX.ImprimirItem --> OK
09/08/2021 12:19:13|Articulo --> candy thum lavanda
09/08/2021 12:19:13|cantidadArt B --> 2
09/08/2021 12:19:13|PrecVear --> 75
09/08/2021 12:19:13|montoArt --> 61,9834710743802
09/08/2021 12:19:13|ivaArt --> 21
09/08/2021 12:19:13|hasarOCX.ImprimirItem --> OK
09/08/2021 12:19:13|Cerrar Comprobante B:::
09/08/2021 12:19:16|Obtiene nrocomp
09/08/2021 12:19:17|nrocomp --> 13098
09/08/2021 12:19:17|Nro. de Comprobante ::: TFB ::: 13098
09/08/2021 12:24:35|cerrando pantalla venta
09/08/2021 12:24:53|Conectando..
09/08/2021 12:24:53|IP: 127.0.0.1 - Puerto: 6500
09/08/2021 12:24:54|Conectado con éxito!!
09/08/2021 15:38:18|Comienza Facturacion B
09/08/2021 15:38:18|DatosCliente B
09/08/2021 15:38:20|AbrirComprobanteFiscal B
09/08/2021 15:38:20|Articulo --> estrella pañal junior x30u
09/08/2021 15:38:20|cantidadArt B --> 1
09/08/2021 15:38:20|PrecVear --> 770
09/08/2021 15:38:20|montoArt --> 636,363636363636
09/08/2021 15:38:20|ivaArt --> 21
09/08/2021 15:38:21|hasarOCX.ImprimirItem --> OK
09/08/2021 15:38:21|Articulo --> el coloso jabon blanco x 2
09/08/2021 15:38:21|cantidadArt B --> 1
09/08/2021 15:38:21|PrecVear --> 75
09/08/2021 15:38:21|montoArt --> 61,9834710743802
09/08/2021 15:38:21|ivaArt --> 21
09/08/2021 15:38:21|hasarOCX.ImprimirItem --> OK
09/08/2021 15:38:21|Cerrar Comprobante B:::
09/08/2021 15:38:24|Obtiene nrocomp
09/08/2021 15:38:24|nrocomp --> 13099
09/08/2021 15:38:24|Nro. de Comprobante ::: TFB ::: 13099
09/08/2021 15:44:37|cerrando pantalla venta
09/08/2021 15:49:51|Conectando..
09/08/2021 15:49:51|IP: 127.0.0.1 - Puerto: 6500
09/08/2021 15:49:52|Conectado con éxito!!
09/08/2021 15:55:19|cerrando pantalla venta
09/08/2021 15:55:25|Conectando..
09/08/2021 15:55:25|IP: 127.0.0.1 - Puerto: 6500
09/08/2021 15:55:25|Conectado con éxito!!
09/08/2021 15:55:34|Comienza Facturacion B
09/08/2021 15:55:34|DatosCliente B
09/08/2021 15:55:37|AbrirComprobanteFiscal B
09/08/2021 15:55:37|Articulo --> baño facil manzanilla 10 x 20 (rosa)
09/08/2021 15:55:37|cantidadArt B --> 2
09/08/2021 15:55:37|PrecVear --> 350
09/08/2021 15:55:37|montoArt --> 289,256198347107
09/08/2021 15:55:37|ivaArt --> 21
09/08/2021 15:55:38|hasarOCX.ImprimirItem --> OK
09/08/2021 15:55:38|Cerrar Comprobante B:::
09/08/2021 15:55:41|Obtiene nrocomp
09/08/2021 15:55:41|nrocomp --> 13100
09/08/2021 15:55:41|Nro. de Comprobante ::: TFB ::: 13100
09/08/2021 16:18:01|Comienza Facturacion B
09/08/2021 16:18:01|DatosCliente B
09/08/2021 16:18:04|AbrirComprobanteFiscal B
09/08/2021 16:18:04|Articulo --> rexona clinical barra
09/08/2021 16:18:04|cantidadArt B --> 1
09/08/2021 16:18:04|PrecVear --> 590
09/08/2021 16:18:04|montoArt --> 487,603305785124
09/08/2021 16:18:04|ivaArt --> 21
09/08/2021 16:18:04|hasarOCX.ImprimirItem --> OK
09/08/2021 16:18:04|Articulo --> felpita maxirollo x240u dh
09/08/2021 16:18:04|cantidadArt B --> 1
09/08/2021 16:18:04|PrecVear --> 105
09/08/2021 16:18:04|montoArt --> 86,7768595041322
09/08/2021 16:18:04|ivaArt --> 21
09/08/2021 16:18:05|hasarOCX.ImprimirItem --> OK
09/08/2021 16:18:05|Articulo --> el coloso hig.ecolog x4
09/08/2021 16:18:05|cantidadArt B --> 2
09/08/2021 16:18:05|PrecVear --> 60
09/08/2021 16:18:05|montoArt --> 49,5867768595041
09/08/2021 16:18:05|ivaArt --> 21
09/08/2021 16:18:05|hasarOCX.ImprimirItem --> OK
09/08/2021 16:18:05|Articulo --> rexona efficientx100 talco
09/08/2021 16:18:05|cantidadArt B --> 1
09/08/2021 16:18:05|PrecVear --> 140
09/08/2021 16:18:05|montoArt --> 115,702479338843
09/08/2021 16:18:05|ivaArt --> 21
09/08/2021 16:18:05|hasarOCX.ImprimirItem --> OK
09/08/2021 16:18:05|Articulo --> bolsas residuos 50*70
09/08/2021 16:18:05|cantidadArt B --> 2
09/08/2021 16:18:05|PrecVear --> 85
09/08/2021 16:18:05|montoArt --> 70,2479338842975
09/08/2021 16:18:05|ivaArt --> 21
09/08/2021 16:18:06|hasarOCX.ImprimirItem --> OK
09/08/2021 16:18:06|Articulo --> c/u prestobarba ultragrip 2 filos sensitive
09/08/2021 16:18:06|cantidadArt B --> 2
09/08/2021 16:18:06|PrecVear --> 85
09/08/2021 16:18:06|montoArt --> 70,2479338842975
09/08/2021 16:18:06|ivaArt --> 21
09/08/2021 16:18:06|hasarOCX.ImprimirItem --> OK
09/08/2021 16:18:06|Cerrar Comprobante B:::
09/08/2021 16:18:09|Obtiene nrocomp
09/08/2021 16:18:09|nrocomp --> 13101
09/08/2021 16:18:09|Nro. de Comprobante ::: TFB ::: 13101
09/08/2021 16:36:06|cerrando pantalla venta
09/08/2021 16:37:01|Conectando..
09/08/2021 16:37:01|IP: 127.0.0.1 - Puerto: 6500
09/08/2021 16:37:02|Conectado con éxito!!
09/08/2021 16:37:06|Comienza Facturacion B
09/08/2021 16:37:07|DatosCliente B
09/08/2021 16:37:09|AbrirComprobanteFiscal B
09/08/2021 16:37:09|Articulo --> babysec ultra xxgx30 uni
09/08/2021 16:37:09|cantidadArt B --> 1
09/08/2021 16:37:09|PrecVear --> 590
09/08/2021 16:37:09|montoArt --> 487,603305785124
09/08/2021 16:37:09|ivaArt --> 21
09/08/2021 16:37:10|hasarOCX.ImprimirItem --> OK
09/08/2021 16:37:10|Cerrar Comprobante B:::
09/08/2021 16:37:13|Obtiene nrocomp
09/08/2021 16:37:13|nrocomp --> 13102
09/08/2021 16:37:13|Nro. de Comprobante ::: TFB ::: 13102
09/08/2021 16:45:34|Comienza Facturacion B
09/08/2021 16:45:34|DatosCliente B
09/08/2021 16:45:37|AbrirComprobanteFiscal B
09/08/2021 16:45:37|Articulo --> avent tetinas clasicas
09/08/2021 16:45:37|cantidadArt B --> 1
09/08/2021 16:45:37|PrecVear --> 990
09/08/2021 16:45:37|montoArt --> 818,181818181818
09/08/2021 16:45:37|ivaArt --> 21
09/08/2021 16:45:37|hasarOCX.ImprimirItem --> OK
09/08/2021 16:45:37|Articulo --> magistral x500ml
09/08/2021 16:45:37|cantidadArt B --> 1
09/08/2021 16:45:37|PrecVear --> 195
09/08/2021 16:45:37|montoArt --> 161,157024793388
09/08/2021 16:45:37|ivaArt --> 21
09/08/2021 16:45:38|hasarOCX.ImprimirItem --> OK
09/08/2021 16:45:38|Articulo --> cif ultrabrillo doy pack
09/08/2021 16:45:38|cantidadArt B --> 1
09/08/2021 16:45:38|PrecVear --> 160
09/08/2021 16:45:38|montoArt --> 132,231404958678
09/08/2021 16:45:38|ivaArt --> 21
09/08/2021 16:45:38|hasarOCX.ImprimirItem --> OK
09/08/2021 16:45:38|Articulo --> j&j toallitas
09/08/2021 16:45:38|cantidadArt B --> 1
09/08/2021 16:45:38|PrecVear --> 150
09/08/2021 16:45:38|montoArt --> 123,96694214876
09/08/2021 16:45:38|ivaArt --> 21
09/08/2021 16:45:38|hasarOCX.ImprimirItem --> OK
09/08/2021 16:45:38|Articulo --> j&j toallitas
09/08/2021 16:45:38|cantidadArt B --> 2
09/08/2021 16:45:38|PrecVear --> 150
09/08/2021 16:45:38|montoArt --> 123,96694214876
09/08/2021 16:45:38|ivaArt --> 21
09/08/2021 16:45:39|hasarOCX.ImprimirItem --> OK
09/08/2021 16:45:39|Articulo --> jm peine afro horquilla 1022
09/08/2021 16:45:39|cantidadArt B --> 1
09/08/2021 16:45:39|PrecVear --> 170
09/08/2021 16:45:39|montoArt --> 140,495867768595
09/08/2021 16:45:39|ivaArt --> 21
09/08/2021 16:45:39|hasarOCX.ImprimirItem --> OK
09/08/2021 16:45:39|Articulo --> jm cepillo chato cerda 035
09/08/2021 16:45:39|cantidadArt B --> 1
09/08/2021 16:45:39|PrecVear --> 850
09/08/2021 16:45:39|montoArt --> 702,479338842975
09/08/2021 16:45:39|ivaArt --> 21
09/08/2021 16:45:39|hasarOCX.ImprimirItem --> OK
09/08/2021 16:45:39|Articulo --> el coloso franela
09/08/2021 16:45:39|cantidadArt B --> 1
09/08/2021 16:45:39|PrecVear --> 160
09/08/2021 16:45:39|montoArt --> 132,231404958678
09/08/2021 16:45:39|ivaArt --> 21
09/08/2021 16:45:40|hasarOCX.ImprimirItem --> OK
09/08/2021 16:45:40|Articulo --> condor repasadores
09/08/2021 16:45:40|cantidadArt B --> 2
09/08/2021 16:45:40|PrecVear --> 270
09/08/2021 16:45:40|montoArt --> 223,140495867769
09/08/2021 16:45:40|ivaArt --> 21
09/08/2021 16:45:40|hasarOCX.ImprimirItem --> OK
09/08/2021 16:45:40|Articulo --> varios
09/08/2021 16:45:40|cantidadArt B --> 2
09/08/2021 16:45:40|PrecVear --> 50
09/08/2021 16:45:40|montoArt --> 41,3223140495868
09/08/2021 16:45:40|ivaArt --> 21
09/08/2021 16:45:40|hasarOCX.ImprimirItem --> OK
09/08/2021 16:45:40|Articulo --> chelino swimmers grande 11 x 9 (+15 kg) (d)
09/08/2021 16:45:40|cantidadArt B --> 1
09/08/2021 16:45:40|PrecVear --> 870
09/08/2021 16:45:40|montoArt --> 719,00826446281
09/08/2021 16:45:40|ivaArt --> 21
09/08/2021 16:45:41|hasarOCX.ImprimirItem --> OK
09/08/2021 16:45:41|Articulo --> babysec premium tanga xxg
09/08/2021 16:45:41|cantidadArt B --> 2
09/08/2021 16:45:41|PrecVear --> 980
09/08/2021 16:45:41|montoArt --> 809,917355371901
09/08/2021 16:45:41|ivaArt --> 21
09/08/2021 16:45:41|hasarOCX.ImprimirItem --> OK
09/08/2021 16:45:41|Articulo --> dermaglos emulsion hid dia x75ml
09/08/2021 16:45:41|cantidadArt B --> 1
09/08/2021 16:45:41|PrecVear --> 1360
09/08/2021 16:45:41|montoArt --> 1123,96694214876
09/08/2021 16:45:41|ivaArt --> 21
09/08/2021 16:45:42|hasarOCX.ImprimirItem --> OK
09/08/2021 16:45:42|Articulo --> dermaglos cr corporal hid profunda x300ml
09/08/2021 16:45:42|cantidadArt B --> 1
09/08/2021 16:45:42|PrecVear --> 1290
09/08/2021 16:45:42|montoArt --> 1066,11570247934
09/08/2021 16:45:42|ivaArt --> 21
09/08/2021 16:45:42|hasarOCX.ImprimirItem --> OK
09/08/2021 16:45:42|Articulo --> old spice barrax50 wolfthorn
09/08/2021 16:45:42|cantidadArt B --> 1
09/08/2021 16:45:42|PrecVear --> 340
09/08/2021 16:45:42|montoArt --> 280,99173553719
09/08/2021 16:45:42|ivaArt --> 21
09/08/2021 16:45:42|hasarOCX.ImprimirItem --> OK
09/08/2021 16:45:42|Articulo --> procenex vid.multx500 gat-14679#
09/08/2021 16:45:42|cantidadArt B --> 1
09/08/2021 16:45:42|PrecVear --> 195
09/08/2021 16:45:42|montoArt --> 161,157024793388
09/08/2021 16:45:42|ivaArt --> 21
09/08/2021 16:45:43|hasarOCX.ImprimirItem --> OK
09/08/2021 16:45:43|Cerrar Comprobante B:::
09/08/2021 16:45:46|Obtiene nrocomp
09/08/2021 16:45:46|nrocomp --> 13103
09/08/2021 16:45:46|Nro. de Comprobante ::: TFB ::: 13103
09/08/2021 16:58:36|cerrando pantalla venta
09/08/2021 16:58:39|Conectando..
09/08/2021 16:58:39|IP: 127.0.0.1 - Puerto: 6500
09/08/2021 16:58:40|Conectado con éxito!!
09/08/2021 16:58:42|cerrando pantalla venta
09/08/2021 16:59:11|Conectando..
09/08/2021 16:59:11|IP: 127.0.0.1 - Puerto: 6500
09/08/2021 16:59:11|Conectado con éxito!!
09/08/2021 17:00:20|cerrando pantalla venta
09/08/2021 17:00:25|Conectando..
09/08/2021 17:00:25|IP: 127.0.0.1 - Puerto: 6500
09/08/2021 17:00:26|Conectado con éxito!!
09/08/2021 17:55:36|cerrando pantalla venta
09/08/2021 17:55:37|Conectando..
09/08/2021 17:55:37|IP: 127.0.0.1 - Puerto: 6500
09/08/2021 17:55:38|Conectado con éxito!!
09/08/2021 18:04:30|Comienza Facturacion B
09/08/2021 18:04:31|DatosCliente B
09/08/2021 18:04:33|AbrirComprobanteFiscal B
09/08/2021 18:04:33|Articulo --> hennia eg x 8
09/08/2021 18:04:33|cantidadArt B --> 1
09/08/2021 18:04:33|PrecVear --> 895
09/08/2021 18:04:33|montoArt --> 739,669421487603
09/08/2021 18:04:33|ivaArt --> 21
09/08/2021 18:04:33|hasarOCX.ImprimirItem --> OK
09/08/2021 18:04:33|Articulo --> comodin apositos moderada x10 verde
09/08/2021 18:04:33|cantidadArt B --> 1
09/08/2021 18:04:33|PrecVear --> 150
09/08/2021 18:04:33|montoArt --> 123,96694214876
09/08/2021 18:04:33|ivaArt --> 21
09/08/2021 18:04:34|hasarOCX.ImprimirItem --> OK
09/08/2021 18:04:34|Articulo --> sedal acido hiaulu x190
09/08/2021 18:04:34|cantidadArt B --> 1
09/08/2021 18:04:34|PrecVear --> 150
09/08/2021 18:04:34|montoArt --> 123,96694214876
09/08/2021 18:04:34|ivaArt --> 21
09/08/2021 18:04:34|hasarOCX.ImprimirItem --> OK
09/08/2021 18:04:34|Articulo --> el coloso jabon en pan
09/08/2021 18:04:34|cantidadArt B --> 1
09/08/2021 18:04:34|PrecVear --> 75
09/08/2021 18:04:34|montoArt --> 61,9834710743802
09/08/2021 18:04:34|ivaArt --> 21
09/08/2021 18:04:34|hasarOCX.ImprimirItem --> OK
09/08/2021 18:04:34|Articulo --> plusbelle jabx125
09/08/2021 18:04:34|cantidadArt B --> 2
09/08/2021 18:04:34|PrecVear --> 63
09/08/2021 18:04:34|montoArt --> 52,0661157024793
09/08/2021 18:04:34|ivaArt --> 21
09/08/2021 18:04:35|hasarOCX.ImprimirItem --> OK
09/08/2021 18:04:35|Cerrar Comprobante B:::
09/08/2021 18:04:38|Obtiene nrocomp
09/08/2021 18:04:38|nrocomp --> 13104
09/08/2021 18:04:38|Nro. de Comprobante ::: TFB ::: 13104
09/08/2021 18:09:13|Comienza Facturacion B
09/08/2021 18:09:13|DatosCliente B
09/08/2021 18:09:16|AbrirComprobanteFiscal B
09/08/2021 18:09:16|Articulo --> varios
09/08/2021 18:09:16|cantidadArt B --> 1
09/08/2021 18:09:16|PrecVear --> 150
09/08/2021 18:09:16|montoArt --> 123,96694214876
09/08/2021 18:09:16|ivaArt --> 21
09/08/2021 18:09:16|hasarOCX.ImprimirItem --> OK
09/08/2021 18:09:16|Articulo --> varios
09/08/2021 18:09:16|cantidadArt B --> 1
09/08/2021 18:09:16|PrecVear --> 30
09/08/2021 18:09:16|montoArt --> 24,7933884297521
09/08/2021 18:09:16|ivaArt --> 21
09/08/2021 18:09:17|hasarOCX.ImprimirItem --> OK
09/08/2021 18:09:17|Articulo --> huggies trip g 2 x60
09/08/2021 18:09:17|cantidadArt B --> 1
09/08/2021 18:09:17|PrecVear --> 970
09/08/2021 18:09:17|montoArt --> 801,652892561984
09/08/2021 18:09:17|ivaArt --> 21
09/08/2021 18:09:17|hasarOCX.ImprimirItem --> OK
09/08/2021 18:09:17|Articulo --> issue pvo decolorante x20g
09/08/2021 18:09:17|cantidadArt B --> 1
09/08/2021 18:09:17|PrecVear --> 140
09/08/2021 18:09:17|montoArt --> 115,702479338843
09/08/2021 18:09:17|ivaArt --> 21
09/08/2021 18:09:17|hasarOCX.ImprimirItem --> OK
09/08/2021 18:09:17|Articulo --> varios
09/08/2021 18:09:17|cantidadArt B --> 1
09/08/2021 18:09:17|PrecVear --> 195
09/08/2021 18:09:17|montoArt --> 161,157024793388
09/08/2021 18:09:17|ivaArt --> 21
09/08/2021 18:09:18|hasarOCX.ImprimirItem --> OK
09/08/2021 18:09:18|Articulo --> doree agua oxigenada 30v x100ml
09/08/2021 18:09:18|cantidadArt B --> 1
09/08/2021 18:09:18|PrecVear --> 60
09/08/2021 18:09:18|montoArt --> 49,5867768595041
09/08/2021 18:09:18|ivaArt --> 21
09/08/2021 18:09:18|hasarOCX.ImprimirItem --> OK
09/08/2021 18:09:18|Articulo --> jyj talco dulces sueños purif 24x200gr (violeta)
09/08/2021 18:09:18|cantidadArt B --> 1
09/08/2021 18:09:18|PrecVear --> 270
09/08/2021 18:09:18|montoArt --> 223,140495867769
09/08/2021 18:09:18|ivaArt --> 21
09/08/2021 18:09:18|hasarOCX.ImprimirItem --> OK
09/08/2021 18:09:18|Articulo --> nutrisse reno 73 miel -68202
09/08/2021 18:09:18|cantidadArt B --> 1
09/08/2021 18:09:18|PrecVear --> 600
09/08/2021 18:09:18|montoArt --> 495,867768595041
09/08/2021 18:09:18|ivaArt --> 21
09/08/2021 18:09:19|hasarOCX.ImprimirItem --> OK
09/08/2021 18:09:19|Articulo --> mary bosques shock acido
09/08/2021 18:09:19|cantidadArt B --> 1
09/08/2021 18:09:19|PrecVear --> 60
09/08/2021 18:09:19|montoArt --> 49,5867768595041
09/08/2021 18:09:19|ivaArt --> 21
09/08/2021 18:09:19|hasarOCX.ImprimirItem --> OK
09/08/2021 18:09:19|Cerrar Comprobante B:::
09/08/2021 18:09:22|Obtiene nrocomp
09/08/2021 18:09:22|nrocomp --> 13105
09/08/2021 18:09:22|Nro. de Comprobante ::: TFB ::: 13105
09/08/2021 18:18:56|Comienza Facturacion B
09/08/2021 18:18:56|DatosCliente B
09/08/2021 18:18:59|AbrirComprobanteFiscal B
09/08/2021 18:18:59|Articulo --> pampers confortsec px56
09/08/2021 18:18:59|cantidadArt B --> 1
09/08/2021 18:18:59|PrecVear --> 1190
09/08/2021 18:18:59|montoArt --> 983,471074380165
09/08/2021 18:18:59|ivaArt --> 21
09/08/2021 18:18:59|hasarOCX.ImprimirItem --> OK
09/08/2021 18:18:59|Articulo --> carefree todos los dias prot x20
09/08/2021 18:18:59|cantidadArt B --> 1
09/08/2021 18:18:59|PrecVear --> 150
09/08/2021 18:18:59|montoArt --> 123,96694214876
09/08/2021 18:18:59|ivaArt --> 21
09/08/2021 18:19:00|hasarOCX.ImprimirItem --> OK
09/08/2021 18:19:00|Cerrar Comprobante B:::
09/08/2021 18:19:03|Obtiene nrocomp
09/08/2021 18:19:03|nrocomp --> 13106
09/08/2021 18:19:03|Nro. de Comprobante ::: TFB ::: 13106
09/08/2021 18:24:12|Comienza Facturacion B
09/08/2021 18:24:12|DatosCliente B
09/08/2021 18:24:14|AbrirComprobanteFiscal B
09/08/2021 18:24:14|Articulo --> procenex limpx900 limon -8367
09/08/2021 18:24:14|cantidadArt B --> 1
09/08/2021 18:24:14|PrecVear --> 79
09/08/2021 18:24:14|montoArt --> 65,2892561983471
09/08/2021 18:24:14|ivaArt --> 21
09/08/2021 18:24:15|hasarOCX.ImprimirItem --> OK
09/08/2021 18:24:15|Articulo --> slibre especial con alas
09/08/2021 18:24:15|cantidadArt B --> 2
09/08/2021 18:24:15|PrecVear --> 80
09/08/2021 18:24:15|montoArt --> 66,1157024793389
09/08/2021 18:24:15|ivaArt --> 21
09/08/2021 18:24:15|hasarOCX.ImprimirItem --> OK
09/08/2021 18:24:15|Articulo --> el coloso rollo cocx3 x 40paños
09/08/2021 18:24:15|cantidadArt B --> 1
09/08/2021 18:24:15|PrecVear --> 55
09/08/2021 18:24:15|montoArt --> 45,4545454545455
09/08/2021 18:24:15|ivaArt --> 21
09/08/2021 18:24:16|hasarOCX.ImprimirItem --> OK
09/08/2021 18:24:16|Articulo --> bolsas de residuos 45*60
09/08/2021 18:24:16|cantidadArt B --> 1
09/08/2021 18:24:16|PrecVear --> 59
09/08/2021 18:24:16|montoArt --> 48,7603305785124
09/08/2021 18:24:16|ivaArt --> 21
09/08/2021 18:24:16|hasarOCX.ImprimirItem --> OK
09/08/2021 18:24:16|Articulo --> higienol max 80m panal
09/08/2021 18:24:16|cantidadArt B --> 1
09/08/2021 18:24:16|PrecVear --> 195
09/08/2021 18:24:16|montoArt --> 161,157024793388
09/08/2021 18:24:16|ivaArt --> 21
09/08/2021 18:24:16|hasarOCX.ImprimirItem --> OK
09/08/2021 18:24:16|Cerrar Comprobante B:::
09/08/2021 18:24:19|Obtiene nrocomp
09/08/2021 18:24:20|nrocomp --> 13107
09/08/2021 18:24:20|Nro. de Comprobante ::: TFB ::: 13107
09/08/2021 18:54:18|cerrando pantalla venta
09/08/2021 18:54:20|Conectando..
09/08/2021 18:54:20|IP: 127.0.0.1 - Puerto: 6500
09/08/2021 18:54:20|Conectado con éxito!!
09/08/2021 18:54:34|Comienza Facturacion B
09/08/2021 18:54:34|DatosCliente B
09/08/2021 18:54:37|AbrirComprobanteFiscal B
09/08/2021 18:54:37|Articulo --> huggies toallitas amarillas x80
09/08/2021 18:54:37|cantidadArt B --> 3
09/08/2021 18:54:37|PrecVear --> 260
09/08/2021 18:54:37|montoArt --> 214,876033057851
09/08/2021 18:54:37|ivaArt --> 21
09/08/2021 18:54:37|hasarOCX.ImprimirItem --> OK
09/08/2021 18:54:37|Articulo --> mary bosques 3 minutos
09/08/2021 18:54:37|cantidadArt B --> 2
09/08/2021 18:54:37|PrecVear --> 70
09/08/2021 18:54:37|montoArt --> 57,8512396694215
09/08/2021 18:54:37|ivaArt --> 21
09/08/2021 18:54:37|hasarOCX.ImprimirItem --> OK
09/08/2021 18:54:37|Cerrar Comprobante B:::
09/08/2021 18:54:40|Obtiene nrocomp
09/08/2021 18:54:41|nrocomp --> 13108
09/08/2021 18:54:41|Nro. de Comprobante ::: TFB ::: 13108
09/08/2021 19:03:14|Comienza Facturacion B
09/08/2021 19:03:15|DatosCliente B
09/08/2021 19:03:17|AbrirComprobanteFiscal B
09/08/2021 19:03:17|Articulo --> elvive acx400 oleo universal
09/08/2021 19:03:17|cantidadArt B --> 1
09/08/2021 19:03:17|PrecVear --> 390
09/08/2021 19:03:17|montoArt --> 322,314049586777
09/08/2021 19:03:17|ivaArt --> 21
09/08/2021 19:03:17|hasarOCX.ImprimirItem --> OK
09/08/2021 19:03:17|Articulo --> elvive shx400 oleo universal
09/08/2021 19:03:17|cantidadArt B --> 1
09/08/2021 19:03:17|PrecVear --> 390
09/08/2021 19:03:17|montoArt --> 322,314049586777
09/08/2021 19:03:17|ivaArt --> 21
09/08/2021 19:03:18|hasarOCX.ImprimirItem --> OK
09/08/2021 19:03:18|Cerrar Comprobante B:::
09/08/2021 19:03:21|Obtiene nrocomp
09/08/2021 19:03:21|nrocomp --> 13109
09/08/2021 19:03:21|Nro. de Comprobante ::: TFB ::: 13109
09/08/2021 19:28:02|cerrando pantalla venta
09/08/2021 19:28:26|*************COMIENZA Cierre  Z**********
09/08/2021 19:28:35|CIERRE Z
Cierre Z Nº =[445]
Fecha del Cierre        =[09/08/2021 0:00:00]
DF Emitidos             =[30]
DF Cancelados           =[0]
DF Total                =[4573101]
DF Total Gravado        =[3779416]
DF Total No Gravado     =[0]
DF Total Exento         =[0]
DF Total IVA            =[793685]
DF Total Otros Tributos =[0]
NC Emitidas             =[0]
NC Canceladas           =[0]
NC Total                =[0]
NC Total Gravado        =[0]
NC Total No Gravado     =[0]
NC Total Exento         =[0]
NC Total IVA            =[0]
NC Total Otros Tributos =[0]
DNFH Emitidos           =[0]
DNFH Total              =[0]

09/08/2021 19:30:11|*************COMIENZA Cierre  Z**********
09/08/2021 19:30:20|CIERRE Z
Cierre Z Nº =[446]
Fecha del Cierre        =[09/08/2021 0:00:00]
DF Emitidos             =[0]
DF Cancelados           =[0]
DF Total                =[0]
DF Total Gravado        =[0]
DF Total No Gravado     =[0]
DF Total Exento         =[0]
DF Total IVA            =[0]
DF Total Otros Tributos =[0]
NC Emitidas             =[0]
NC Canceladas           =[0]
NC Total                =[0]
NC Total Gravado        =[0]
NC Total No Gravado     =[0]
NC Total Exento         =[0]
NC Total IVA            =[0]
NC Total Otros Tributos =[0]
DNFH Emitidos           =[0]
DNFH Total              =[0]

