24/08/2021 8:46:26|Conectando..
24/08/2021 8:46:26|IP: 127.0.0.1 - Puerto: 6500
24/08/2021 8:48:23|Error Diagnostico..Tiempo de espera agotado
24/08/2021 8:53:48|cerrando pantalla venta
24/08/2021 8:53:49|Conectando..
24/08/2021 8:53:49|IP: 127.0.0.1 - Puerto: 6500
24/08/2021 8:54:02|cerrando pantalla venta
24/08/2021 8:58:13|Conectando..
24/08/2021 8:58:13|IP: 127.0.0.1 - Puerto: 6500
24/08/2021 8:58:19|cerrando pantalla venta
24/08/2021 8:58:42|Conectando..
24/08/2021 8:58:42|IP: 127.0.0.1 - Puerto: 6500
24/08/2021 9:00:38|cerrando pantalla venta
24/08/2021 9:00:53|Conectando..
24/08/2021 9:00:53|IP: 127.0.0.1 - Puerto: 6500
24/08/2021 9:00:53|Conectado con éxito!!
24/08/2021 9:04:15|Comienza Facturacion B
24/08/2021 9:04:15|DatosCliente B
24/08/2021 9:04:18|AbrirComprobanteFiscal B
24/08/2021 9:04:18|Articulo --> babysec ultra xgx32 uni
24/08/2021 9:04:18|cantidadArt B --> 3
24/08/2021 9:04:18|PrecVear --> 590
24/08/2021 9:04:18|montoArt --> 487,603305785124
24/08/2021 9:04:18|ivaArt --> 21
24/08/2021 9:04:18|hasarOCX.ImprimirItem --> OK
24/08/2021 9:04:18|Cerrar Comprobante B:::
24/08/2021 9:04:21|Obtiene nrocomp
24/08/2021 9:04:21|nrocomp --> 13548
24/08/2021 9:04:21|Nro. de Comprobante ::: TFB ::: 13548
24/08/2021 9:06:35|Comienza Facturacion B
24/08/2021 9:06:36|DatosCliente B
24/08/2021 9:06:38|AbrirComprobanteFiscal B
24/08/2021 9:06:38|Articulo --> el coloso lavandina x1lt basica
24/08/2021 9:06:38|cantidadArt B --> 1
24/08/2021 9:06:38|PrecVear --> 55
24/08/2021 9:06:38|montoArt --> 45,4545454545455
24/08/2021 9:06:38|ivaArt --> 21
24/08/2021 9:06:38|hasarOCX.ImprimirItem --> OK
24/08/2021 9:06:38|Articulo --> blemx900 3en1 botella aloe
24/08/2021 9:06:38|cantidadArt B --> 1
24/08/2021 9:06:38|PrecVear --> 320
24/08/2021 9:06:38|montoArt --> 264,462809917355
24/08/2021 9:06:38|ivaArt --> 21
24/08/2021 9:06:39|hasarOCX.ImprimirItem --> OK
24/08/2021 9:06:39|Cerrar Comprobante B:::
24/08/2021 9:06:42|Obtiene nrocomp
24/08/2021 9:06:42|nrocomp --> 13549
24/08/2021 9:06:42|Nro. de Comprobante ::: TFB ::: 13549
24/08/2021 9:18:27|Comienza Facturacion B
24/08/2021 9:18:27|DatosCliente B
24/08/2021 9:18:30|AbrirComprobanteFiscal B
24/08/2021 9:18:30|Articulo --> virulana rollitox70grs -17003
24/08/2021 9:18:30|cantidadArt B --> 1
24/08/2021 9:18:30|PrecVear --> 68
24/08/2021 9:18:30|montoArt --> 56,198347107438
24/08/2021 9:18:30|ivaArt --> 21
24/08/2021 9:18:30|hasarOCX.ImprimirItem --> OK
24/08/2021 9:18:30|Articulo --> saphirus aromatizantes de ambiente (aerosol) uva
24/08/2021 9:18:30|cantidadArt B --> 1
24/08/2021 9:18:30|PrecVear --> 290
24/08/2021 9:18:30|montoArt --> 239,669421487603
24/08/2021 9:18:30|ivaArt --> 21
24/08/2021 9:18:31|hasarOCX.ImprimirItem --> OK
24/08/2021 9:18:31|Articulo --> pantene shx200 cuidado clasico
24/08/2021 9:18:31|cantidadArt B --> 1
24/08/2021 9:18:31|PrecVear --> 210
24/08/2021 9:18:31|montoArt --> 173,553719008264
24/08/2021 9:18:31|ivaArt --> 21
24/08/2021 9:18:31|hasarOCX.ImprimirItem --> OK
24/08/2021 9:18:31|Articulo --> bolsas de residuos 45*60
24/08/2021 9:18:31|cantidadArt B --> 1
24/08/2021 9:18:31|PrecVear --> 59
24/08/2021 9:18:31|montoArt --> 48,7603305785124
24/08/2021 9:18:31|ivaArt --> 21
24/08/2021 9:18:31|hasarOCX.ImprimirItem --> OK
24/08/2021 9:18:31|Articulo --> colgate cr x70ml luminous white
24/08/2021 9:18:31|cantidadArt B --> 1
24/08/2021 9:18:31|PrecVear --> 190
24/08/2021 9:18:31|montoArt --> 157,02479338843
24/08/2021 9:18:31|ivaArt --> 21
24/08/2021 9:18:32|hasarOCX.ImprimirItem --> OK
24/08/2021 9:18:32|Articulo --> venus simply rosada x1 unidad
24/08/2021 9:18:32|cantidadArt B --> 1
24/08/2021 9:18:32|PrecVear --> 130
24/08/2021 9:18:32|montoArt --> 107,438016528926
24/08/2021 9:18:32|ivaArt --> 21
24/08/2021 9:18:32|hasarOCX.ImprimirItem --> OK
24/08/2021 9:18:32|Articulo --> dove jabx90g micelar
24/08/2021 9:18:32|cantidadArt B --> 1
24/08/2021 9:18:32|PrecVear --> 85
24/08/2021 9:18:32|montoArt --> 70,2479338842975
24/08/2021 9:18:32|ivaArt --> 21
24/08/2021 9:18:33|hasarOCX.ImprimirItem --> OK
24/08/2021 9:18:33|Articulo --> dove jabon x90 leche de coco
24/08/2021 9:18:33|cantidadArt B --> 2
24/08/2021 9:18:33|PrecVear --> 85
24/08/2021 9:18:33|montoArt --> 70,2479338842975
24/08/2021 9:18:33|ivaArt --> 21
24/08/2021 9:18:33|hasarOCX.ImprimirItem --> OK
24/08/2021 9:18:33|Articulo --> dove jabx90 rit.energiz-6320
24/08/2021 9:18:33|cantidadArt B --> 1
24/08/2021 9:18:33|PrecVear --> 85
24/08/2021 9:18:33|montoArt --> 70,2479338842975
24/08/2021 9:18:33|ivaArt --> 21
24/08/2021 9:18:33|hasarOCX.ImprimirItem --> OK
24/08/2021 9:18:33|Articulo --> dove jabx90 kar y vainilla
24/08/2021 9:18:33|cantidadArt B --> 1
24/08/2021 9:18:33|PrecVear --> 85
24/08/2021 9:18:33|montoArt --> 70,2479338842975
24/08/2021 9:18:33|ivaArt --> 21
24/08/2021 9:18:34|hasarOCX.ImprimirItem --> OK
24/08/2021 9:18:34|Cerrar Comprobante B:::
24/08/2021 9:18:37|Obtiene nrocomp
24/08/2021 9:18:37|nrocomp --> 13550
24/08/2021 9:18:37|Nro. de Comprobante ::: TFB ::: 13550
24/08/2021 9:43:47|Comienza Facturacion B
24/08/2021 9:43:48|DatosCliente B
24/08/2021 9:43:50|AbrirComprobanteFiscal B
24/08/2021 9:43:50|Articulo --> varios
24/08/2021 9:43:50|cantidadArt B --> 1
24/08/2021 9:43:50|PrecVear --> 210
24/08/2021 9:43:50|montoArt --> 173,553719008264
24/08/2021 9:43:50|ivaArt --> 21
24/08/2021 9:43:51|hasarOCX.ImprimirItem --> OK
24/08/2021 9:43:51|Articulo --> el coloso limp.liqx900lavanda
24/08/2021 9:43:51|cantidadArt B --> 1
24/08/2021 9:43:51|PrecVear --> 49
24/08/2021 9:43:51|montoArt --> 40,495867768595
24/08/2021 9:43:51|ivaArt --> 21
24/08/2021 9:43:51|hasarOCX.ImprimirItem --> OK
24/08/2021 9:43:51|Articulo --> crema de ordeñe c/caléndula x 195 g. ferrini
24/08/2021 9:43:51|cantidadArt B --> 1
24/08/2021 9:43:51|PrecVear --> 330
24/08/2021 9:43:51|montoArt --> 272,727272727273
24/08/2021 9:43:51|ivaArt --> 21
24/08/2021 9:43:51|hasarOCX.ImprimirItem --> OK
24/08/2021 9:43:51|Articulo --> cif vidriosx450 dp
24/08/2021 9:43:51|cantidadArt B --> 1
24/08/2021 9:43:51|PrecVear --> 78
24/08/2021 9:43:51|montoArt --> 64,4628099173554
24/08/2021 9:43:51|ivaArt --> 21
24/08/2021 9:43:52|hasarOCX.ImprimirItem --> OK
24/08/2021 9:43:52|Cerrar Comprobante B:::
24/08/2021 9:43:55|Obtiene nrocomp
24/08/2021 9:43:55|nrocomp --> 13551
24/08/2021 9:43:55|Nro. de Comprobante ::: TFB ::: 13551
24/08/2021 10:00:23|Comienza Facturacion B
24/08/2021 10:00:23|DatosCliente B
24/08/2021 10:00:26|AbrirComprobanteFiscal B
24/08/2021 10:00:26|Articulo --> hs chx375 oil control
24/08/2021 10:00:26|cantidadArt B --> 1
24/08/2021 10:00:26|PrecVear --> 395
24/08/2021 10:00:26|montoArt --> 326,446280991736
24/08/2021 10:00:26|ivaArt --> 21
24/08/2021 10:00:26|hasarOCX.ImprimirItem --> OK
24/08/2021 10:00:26|Articulo --> 4015b candy thum oleo doy 30x70 unid
24/08/2021 10:00:26|cantidadArt B --> 2
24/08/2021 10:00:26|PrecVear --> 85
24/08/2021 10:00:26|montoArt --> 70,2479338842975
24/08/2021 10:00:26|ivaArt --> 21
24/08/2021 10:00:27|hasarOCX.ImprimirItem --> OK
24/08/2021 10:00:27|Articulo --> mimito oleo calcareo botella x 1 litro
24/08/2021 10:00:27|cantidadArt B --> 1
24/08/2021 10:00:27|PrecVear --> 265
24/08/2021 10:00:27|montoArt --> 219,00826446281
24/08/2021 10:00:27|ivaArt --> 21
24/08/2021 10:00:27|hasarOCX.ImprimirItem --> OK
24/08/2021 10:00:27|Articulo --> rexona jabon x125 g sensible fresh
24/08/2021 10:00:27|cantidadArt B --> 1
24/08/2021 10:00:27|PrecVear --> 42
24/08/2021 10:00:27|montoArt --> 34,7107438016529
24/08/2021 10:00:27|ivaArt --> 21
24/08/2021 10:00:27|hasarOCX.ImprimirItem --> OK
24/08/2021 10:00:27|Articulo --> odorono rexona cr.potex60
24/08/2021 10:00:27|cantidadArt B --> 1
24/08/2021 10:00:27|PrecVear --> 120
24/08/2021 10:00:27|montoArt --> 99,1735537190083
24/08/2021 10:00:27|ivaArt --> 21
24/08/2021 10:00:28|hasarOCX.ImprimirItem --> OK
24/08/2021 10:00:28|Articulo --> varios
24/08/2021 10:00:28|cantidadArt B --> 2
24/08/2021 10:00:28|PrecVear --> 350
24/08/2021 10:00:28|montoArt --> 289,256198347107
24/08/2021 10:00:28|ivaArt --> 21
24/08/2021 10:00:28|hasarOCX.ImprimirItem --> OK
24/08/2021 10:00:28|Cerrar Comprobante B:::
24/08/2021 10:00:31|Obtiene nrocomp
24/08/2021 10:00:31|nrocomp --> 13552
24/08/2021 10:00:31|Nro. de Comprobante ::: TFB ::: 13552
24/08/2021 10:12:51|Comienza Facturacion A
24/08/2021 10:12:52|DatosCliente A
24/08/2021 10:12:54|AbrirComprobanteFiscal A
24/08/2021 10:12:54|Articulo --> varios
24/08/2021 10:12:54|cantidadArt A --> 2
24/08/2021 10:12:54|PrecVear --> 180
24/08/2021 10:12:54|montoArt --> 148,760330578512
24/08/2021 10:12:54|ivaArt --> 21
24/08/2021 10:12:54|hasarOCX.ImprimirItem --> OK
24/08/2021 10:12:54|Articulo --> glade aerox360 dulzura mandarina
24/08/2021 10:12:54|cantidadArt A --> 2
24/08/2021 10:12:54|PrecVear --> 130
24/08/2021 10:12:54|montoArt --> 107,438016528926
24/08/2021 10:12:54|ivaArt --> 21
24/08/2021 10:12:55|hasarOCX.ImprimirItem --> OK
24/08/2021 10:12:55|Articulo --> el coloso alcohol etilico x 500 ml
24/08/2021 10:12:55|cantidadArt A --> 2
24/08/2021 10:12:55|PrecVear --> 120
24/08/2021 10:12:55|montoArt --> 99,1735537190083
24/08/2021 10:12:55|ivaArt --> 21
24/08/2021 10:12:55|hasarOCX.ImprimirItem --> OK
24/08/2021 10:12:55|Articulo --> felpita maxirollo x240u dh
24/08/2021 10:12:55|cantidadArt A --> 2
24/08/2021 10:12:55|PrecVear --> 105
24/08/2021 10:12:55|montoArt --> 86,7768595041322
24/08/2021 10:12:55|ivaArt --> 21
24/08/2021 10:12:55|hasarOCX.ImprimirItem --> OK
24/08/2021 10:12:55|Articulo --> odex lavandina x4 l
24/08/2021 10:12:55|cantidadArt A --> 1
24/08/2021 10:12:55|PrecVear --> 220
24/08/2021 10:12:55|montoArt --> 181,818181818182
24/08/2021 10:12:55|ivaArt --> 21
24/08/2021 10:12:56|hasarOCX.ImprimirItem --> OK
24/08/2021 10:12:56|Articulo --> varios
24/08/2021 10:12:56|cantidadArt A --> 1
24/08/2021 10:12:56|PrecVear --> 135
24/08/2021 10:12:56|montoArt --> 111,570247933884
24/08/2021 10:12:56|ivaArt --> 21
24/08/2021 10:12:56|hasarOCX.ImprimirItem --> OK
24/08/2021 10:12:56|Articulo --> bolsas residuos 50*70
24/08/2021 10:12:56|cantidadArt A --> 2
24/08/2021 10:12:56|PrecVear --> 85
24/08/2021 10:12:56|montoArt --> 70,2479338842975
24/08/2021 10:12:56|ivaArt --> 21
24/08/2021 10:12:56|hasarOCX.ImprimirItem --> OK
24/08/2021 10:12:56|comienza imprimir sutotal: 
24/08/2021 10:12:56|Cerrar Comprobante A:::
24/08/2021 10:12:59|Obtiene nrocomp
24/08/2021 10:12:59|nrocomp --> 192
24/08/2021 10:12:59|Nro. de Comprobante ::: TFA ::: 192
24/08/2021 10:20:01|cerrando pantalla venta
24/08/2021 10:20:16|Conectando..
24/08/2021 10:20:16|IP: 127.0.0.1 - Puerto: 6500
24/08/2021 10:20:16|Conectado con éxito!!
24/08/2021 10:20:24|cerrando pantalla venta
24/08/2021 10:20:31|Conectando..
24/08/2021 10:20:31|IP: 127.0.0.1 - Puerto: 6500
24/08/2021 10:20:32|Conectado con éxito!!
24/08/2021 10:20:40|Comienza Facturacion B
24/08/2021 10:20:40|DatosCliente B
24/08/2021 10:20:43|AbrirComprobanteFiscal B
24/08/2021 10:20:43|Articulo --> varios
24/08/2021 10:20:43|cantidadArt B --> 1
24/08/2021 10:20:43|PrecVear --> 2130
24/08/2021 10:20:43|montoArt --> 1760,3305785124
24/08/2021 10:20:43|ivaArt --> 21
24/08/2021 10:20:43|hasarOCX.ImprimirItem --> OK
24/08/2021 10:20:43|Cerrar Comprobante B:::
24/08/2021 10:20:46|Obtiene nrocomp
24/08/2021 10:20:46|nrocomp --> 13553
24/08/2021 10:20:46|Nro. de Comprobante ::: TFB ::: 13553
24/08/2021 10:23:14|Comienza Facturacion B
24/08/2021 10:23:14|DatosCliente B
24/08/2021 10:23:16|AbrirComprobanteFiscal B
24/08/2021 10:23:16|Articulo --> odex lavandina x4 l
24/08/2021 10:23:16|cantidadArt B --> 1
24/08/2021 10:23:16|PrecVear --> 220
24/08/2021 10:23:16|montoArt --> 181,818181818182
24/08/2021 10:23:16|ivaArt --> 21
24/08/2021 10:23:17|hasarOCX.ImprimirItem --> OK
24/08/2021 10:23:17|Cerrar Comprobante B:::
24/08/2021 10:23:20|Obtiene nrocomp
24/08/2021 10:23:20|nrocomp --> 13554
24/08/2021 10:23:20|Nro. de Comprobante ::: TFB ::: 13554
24/08/2021 10:49:46|Comienza Facturacion B
24/08/2021 10:49:46|DatosCliente B
24/08/2021 10:49:49|AbrirComprobanteFiscal B
24/08/2021 10:49:49|Articulo --> varios
24/08/2021 10:49:49|cantidadArt B --> 1
24/08/2021 10:49:49|PrecVear --> 460
24/08/2021 10:49:49|montoArt --> 380,165289256198
24/08/2021 10:49:49|ivaArt --> 21
24/08/2021 10:49:49|hasarOCX.ImprimirItem --> OK
24/08/2021 10:49:49|Articulo --> comodin aposito post parto rosa
24/08/2021 10:49:49|cantidadArt B --> 4
24/08/2021 10:49:49|PrecVear --> 140
24/08/2021 10:49:49|montoArt --> 115,702479338843
24/08/2021 10:49:49|ivaArt --> 21
24/08/2021 10:49:49|hasarOCX.ImprimirItem --> OK
24/08/2021 10:49:49|Articulo --> felpita maxirollo x240u dh
24/08/2021 10:49:49|cantidadArt B --> 5
24/08/2021 10:49:49|PrecVear --> 105
24/08/2021 10:49:49|montoArt --> 86,7768595041322
24/08/2021 10:49:49|ivaArt --> 21
24/08/2021 10:49:50|hasarOCX.ImprimirItem --> OK
24/08/2021 10:49:50|Cerrar Comprobante B:::
24/08/2021 10:49:53|Obtiene nrocomp
24/08/2021 10:49:53|nrocomp --> 13555
24/08/2021 10:49:53|Nro. de Comprobante ::: TFB ::: 13555
24/08/2021 10:53:27|Comienza Facturacion B
24/08/2021 10:53:28|DatosCliente B
24/08/2021 10:53:30|AbrirComprobanteFiscal B
24/08/2021 10:53:30|Articulo --> varios
24/08/2021 10:53:30|cantidadArt B --> 1
24/08/2021 10:53:30|PrecVear --> 990
24/08/2021 10:53:30|montoArt --> 818,181818181818
24/08/2021 10:53:30|ivaArt --> 21
24/08/2021 10:53:31|hasarOCX.ImprimirItem --> OK
24/08/2021 10:53:31|Articulo --> kimbies toallitas humedas
24/08/2021 10:53:31|cantidadArt B --> 1
24/08/2021 10:53:31|PrecVear --> 130
24/08/2021 10:53:31|montoArt --> 107,438016528926
24/08/2021 10:53:31|ivaArt --> 21
24/08/2021 10:53:31|hasarOCX.ImprimirItem --> OK
24/08/2021 10:53:31|Articulo --> varios
24/08/2021 10:53:31|cantidadArt B --> 1
24/08/2021 10:53:31|PrecVear --> 150
24/08/2021 10:53:31|montoArt --> 123,96694214876
24/08/2021 10:53:31|ivaArt --> 21
24/08/2021 10:53:31|hasarOCX.ImprimirItem --> OK
24/08/2021 10:53:31|Cerrar Comprobante B:::
24/08/2021 10:53:34|Obtiene nrocomp
24/08/2021 10:53:34|nrocomp --> 13556
24/08/2021 10:53:34|Nro. de Comprobante ::: TFB ::: 13556
24/08/2021 10:56:42|Comienza Facturacion B
24/08/2021 10:56:42|DatosCliente B
24/08/2021 10:56:44|AbrirComprobanteFiscal B
24/08/2021 10:56:44|Articulo --> odorono rexona cr.potex60
24/08/2021 10:56:44|cantidadArt B --> 1
24/08/2021 10:56:44|PrecVear --> 120
24/08/2021 10:56:44|montoArt --> 99,1735537190083
24/08/2021 10:56:44|ivaArt --> 21
24/08/2021 10:56:45|hasarOCX.ImprimirItem --> OK
24/08/2021 10:56:45|Articulo --> magistral esp.activax300 limon
24/08/2021 10:56:45|cantidadArt B --> 1
24/08/2021 10:56:45|PrecVear --> 99
24/08/2021 10:56:45|montoArt --> 81,8181818181818
24/08/2021 10:56:45|ivaArt --> 21
24/08/2021 10:56:45|hasarOCX.ImprimirItem --> OK
24/08/2021 10:56:45|Articulo --> colgate cr dental clasica x70g
24/08/2021 10:56:45|cantidadArt B --> 1
24/08/2021 10:56:45|PrecVear --> 105
24/08/2021 10:56:45|montoArt --> 86,7768595041322
24/08/2021 10:56:45|ivaArt --> 21
24/08/2021 10:56:46|hasarOCX.ImprimirItem --> OK
24/08/2021 10:56:46|Articulo --> glade toque rep harmony
24/08/2021 10:56:46|cantidadArt B --> 1
24/08/2021 10:56:46|PrecVear --> 190
24/08/2021 10:56:46|montoArt --> 157,02479338843
24/08/2021 10:56:46|ivaArt --> 21
24/08/2021 10:56:46|hasarOCX.ImprimirItem --> OK
24/08/2021 10:56:46|Articulo --> mr musculo baño dp
24/08/2021 10:56:46|cantidadArt B --> 1
24/08/2021 10:56:46|PrecVear --> 90
24/08/2021 10:56:46|montoArt --> 74,3801652892562
24/08/2021 10:56:46|ivaArt --> 21
24/08/2021 10:56:46|hasarOCX.ImprimirItem --> OK
24/08/2021 10:56:46|Articulo --> sussex rollo cocx3 clas
24/08/2021 10:56:46|cantidadArt B --> 1
24/08/2021 10:56:46|PrecVear --> 95
24/08/2021 10:56:46|montoArt --> 78,5123966942149
24/08/2021 10:56:46|ivaArt --> 21
24/08/2021 10:56:47|hasarOCX.ImprimirItem --> OK
24/08/2021 10:56:47|Articulo --> felpita para tu flia x4
24/08/2021 10:56:47|cantidadArt B --> 1
24/08/2021 10:56:47|PrecVear --> 85
24/08/2021 10:56:47|montoArt --> 70,2479338842975
24/08/2021 10:56:47|ivaArt --> 21
24/08/2021 10:56:47|hasarOCX.ImprimirItem --> OK
24/08/2021 10:56:47|Articulo --> dove jabx90g micelar
24/08/2021 10:56:47|cantidadArt B --> 1
24/08/2021 10:56:47|PrecVear --> 85
24/08/2021 10:56:47|montoArt --> 70,2479338842975
24/08/2021 10:56:47|ivaArt --> 21
24/08/2021 10:56:47|hasarOCX.ImprimirItem --> OK
24/08/2021 10:56:47|Articulo --> pantene shx200 liso y sedoso
24/08/2021 10:56:47|cantidadArt B --> 1
24/08/2021 10:56:47|PrecVear --> 210
24/08/2021 10:56:47|montoArt --> 173,553719008264
24/08/2021 10:56:47|ivaArt --> 21
24/08/2021 10:56:48|hasarOCX.ImprimirItem --> OK
24/08/2021 10:56:48|Articulo --> nosotras nat. invis.clasica x8 algodon
24/08/2021 10:56:48|cantidadArt B --> 1
24/08/2021 10:56:48|PrecVear --> 90
24/08/2021 10:56:48|montoArt --> 74,3801652892562
24/08/2021 10:56:48|ivaArt --> 21
24/08/2021 10:56:48|hasarOCX.ImprimirItem --> OK
24/08/2021 10:56:48|Articulo --> j&j toallitas
24/08/2021 10:56:48|cantidadArt B --> 2
24/08/2021 10:56:48|PrecVear --> 165
24/08/2021 10:56:48|montoArt --> 136,363636363636
24/08/2021 10:56:48|ivaArt --> 21
24/08/2021 10:56:48|hasarOCX.ImprimirItem --> OK
24/08/2021 10:56:48|Articulo --> poett desinfectante
24/08/2021 10:56:48|cantidadArt B --> 1
24/08/2021 10:56:48|PrecVear --> 75
24/08/2021 10:56:48|montoArt --> 61,9834710743802
24/08/2021 10:56:48|ivaArt --> 21
24/08/2021 10:56:49|hasarOCX.ImprimirItem --> OK
24/08/2021 10:56:49|Articulo --> mary bosques shock acido rep x250
24/08/2021 10:56:49|cantidadArt B --> 1
24/08/2021 10:56:49|PrecVear --> 520
24/08/2021 10:56:49|montoArt --> 429,752066115703
24/08/2021 10:56:49|ivaArt --> 21
24/08/2021 10:56:49|hasarOCX.ImprimirItem --> OK
24/08/2021 10:56:49|Articulo --> c/u prestobarba ultragrip 2 filos sensitive
24/08/2021 10:56:49|cantidadArt B --> 2
24/08/2021 10:56:49|PrecVear --> 85
24/08/2021 10:56:49|montoArt --> 70,2479338842975
24/08/2021 10:56:49|ivaArt --> 21
24/08/2021 10:56:50|hasarOCX.ImprimirItem --> OK
24/08/2021 10:56:50|Articulo --> huggies trip prot g36
24/08/2021 10:56:50|cantidadArt B --> 1
24/08/2021 10:56:50|PrecVear --> 620
24/08/2021 10:56:50|montoArt --> 512,396694214876
24/08/2021 10:56:50|ivaArt --> 21
24/08/2021 10:56:50|hasarOCX.ImprimirItem --> OK
24/08/2021 10:56:50|Articulo --> dermaglos emulsion hid dia x75ml
24/08/2021 10:56:50|cantidadArt B --> 1
24/08/2021 10:56:50|PrecVear --> 1490
24/08/2021 10:56:50|montoArt --> 1231,40495867769
24/08/2021 10:56:50|ivaArt --> 21
24/08/2021 10:56:50|hasarOCX.ImprimirItem --> OK
24/08/2021 10:56:50|Cerrar Comprobante B:::
24/08/2021 10:56:53|Obtiene nrocomp
24/08/2021 10:56:54|nrocomp --> 13557
24/08/2021 10:56:54|Nro. de Comprobante ::: TFB ::: 13557
24/08/2021 11:03:17|Comienza Facturacion B
24/08/2021 11:03:17|DatosCliente B
24/08/2021 11:03:19|AbrirComprobanteFiscal B
24/08/2021 11:03:19|Articulo --> plusbelle jabx125 night teraphy
24/08/2021 11:03:19|cantidadArt B --> 2
24/08/2021 11:03:19|PrecVear --> 63
24/08/2021 11:03:19|montoArt --> 52,0661157024793
24/08/2021 11:03:19|ivaArt --> 21
24/08/2021 11:03:20|hasarOCX.ImprimirItem --> OK
24/08/2021 11:03:20|Articulo --> ayudinx500 d.pack antihongo-32301
24/08/2021 11:03:20|cantidadArt B --> 1
24/08/2021 11:03:20|PrecVear --> 98
24/08/2021 11:03:20|montoArt --> 80,9917355371901
24/08/2021 11:03:20|ivaArt --> 21
24/08/2021 11:03:20|hasarOCX.ImprimirItem --> OK
24/08/2021 11:03:20|Articulo --> pantene shx400 brillo extremo
24/08/2021 11:03:20|cantidadArt B --> 1
24/08/2021 11:03:20|PrecVear --> 370
24/08/2021 11:03:20|montoArt --> 305,785123966942
24/08/2021 11:03:20|ivaArt --> 21
24/08/2021 11:03:21|hasarOCX.ImprimirItem --> OK
24/08/2021 11:03:21|Articulo --> mr musculo baño dp
24/08/2021 11:03:21|cantidadArt B --> 1
24/08/2021 11:03:21|PrecVear --> 90
24/08/2021 11:03:21|montoArt --> 74,3801652892562
24/08/2021 11:03:21|ivaArt --> 21
24/08/2021 11:03:21|hasarOCX.ImprimirItem --> OK
24/08/2021 11:03:21|Articulo --> pantene ac hidratacion x400
24/08/2021 11:03:21|cantidadArt B --> 1
24/08/2021 11:03:21|PrecVear --> 370
24/08/2021 11:03:21|montoArt --> 305,785123966942
24/08/2021 11:03:21|ivaArt --> 21
24/08/2021 11:03:22|hasarOCX.ImprimirItem --> OK
24/08/2021 11:03:22|Articulo --> minora prestobarba x1 unidad
24/08/2021 11:03:22|cantidadArt B --> 2
24/08/2021 11:03:22|PrecVear --> 65
24/08/2021 11:03:22|montoArt --> 53,7190082644628
24/08/2021 11:03:22|ivaArt --> 21
24/08/2021 11:03:22|hasarOCX.ImprimirItem --> OK
24/08/2021 11:03:22|Articulo --> varios
24/08/2021 11:03:22|cantidadArt B --> 1
24/08/2021 11:03:22|PrecVear --> 210
24/08/2021 11:03:22|montoArt --> 173,553719008264
24/08/2021 11:03:22|ivaArt --> 21
24/08/2021 11:03:22|hasarOCX.ImprimirItem --> OK
24/08/2021 11:03:22|Articulo --> nivea deox150 black whit clear
24/08/2021 11:03:22|cantidadArt B --> 1
24/08/2021 11:03:22|PrecVear --> 180
24/08/2021 11:03:22|montoArt --> 148,760330578512
24/08/2021 11:03:22|ivaArt --> 21
24/08/2021 11:03:23|hasarOCX.ImprimirItem --> OK
24/08/2021 11:03:23|Articulo --> patrich deo aerox97 aviator
24/08/2021 11:03:23|cantidadArt B --> 1
24/08/2021 11:03:23|PrecVear --> 170
24/08/2021 11:03:23|montoArt --> 140,495867768595
24/08/2021 11:03:23|ivaArt --> 21
24/08/2021 11:03:23|hasarOCX.ImprimirItem --> OK
24/08/2021 11:03:23|Articulo --> felpita servilletas x70u
24/08/2021 11:03:23|cantidadArt B --> 1
24/08/2021 11:03:23|PrecVear --> 60
24/08/2021 11:03:23|montoArt --> 49,5867768595041
24/08/2021 11:03:23|ivaArt --> 21
24/08/2021 11:03:23|hasarOCX.ImprimirItem --> OK
24/08/2021 11:03:23|Articulo --> poett desinfectante lavanda
24/08/2021 11:03:23|cantidadArt B --> 2
24/08/2021 11:03:23|PrecVear --> 75
24/08/2021 11:03:23|montoArt --> 61,9834710743802
24/08/2021 11:03:23|ivaArt --> 21
24/08/2021 11:03:24|hasarOCX.ImprimirItem --> OK
24/08/2021 11:03:24|Articulo --> ayudin lav.x2l original
24/08/2021 11:03:24|cantidadArt B --> 1
24/08/2021 11:03:24|PrecVear --> 125
24/08/2021 11:03:24|montoArt --> 103,305785123967
24/08/2021 11:03:24|ivaArt --> 21
24/08/2021 11:03:24|hasarOCX.ImprimirItem --> OK
24/08/2021 11:03:24|Articulo --> glade aero lavanda
24/08/2021 11:03:24|cantidadArt B --> 1
24/08/2021 11:03:24|PrecVear --> 130
24/08/2021 11:03:24|montoArt --> 107,438016528926
24/08/2021 11:03:24|ivaArt --> 21
24/08/2021 11:03:24|hasarOCX.ImprimirItem --> OK
24/08/2021 11:03:24|Articulo --> sussex rollo cocx3 clas
24/08/2021 11:03:24|cantidadArt B --> 1
24/08/2021 11:03:24|PrecVear --> 95
24/08/2021 11:03:24|montoArt --> 78,5123966942149
24/08/2021 11:03:24|ivaArt --> 21
24/08/2021 11:03:25|hasarOCX.ImprimirItem --> OK
24/08/2021 11:03:25|Cerrar Comprobante B:::
24/08/2021 11:03:28|Obtiene nrocomp
24/08/2021 11:03:28|nrocomp --> 13558
24/08/2021 11:03:28|Nro. de Comprobante ::: TFB ::: 13558
24/08/2021 11:15:02|Comienza Facturacion B
24/08/2021 11:15:03|DatosCliente B
24/08/2021 11:15:05|AbrirComprobanteFiscal B
24/08/2021 11:15:05|Articulo --> dove aero apx89 original
24/08/2021 11:15:05|cantidadArt B --> 1
24/08/2021 11:15:05|PrecVear --> 190
24/08/2021 11:15:05|montoArt --> 157,02479338843
24/08/2021 11:15:05|ivaArt --> 21
24/08/2021 11:15:06|hasarOCX.ImprimirItem --> OK
24/08/2021 11:15:06|Articulo --> huggies trip prot g36
24/08/2021 11:15:06|cantidadArt B --> 1
24/08/2021 11:15:06|PrecVear --> 620
24/08/2021 11:15:06|montoArt --> 512,396694214876
24/08/2021 11:15:06|ivaArt --> 21
24/08/2021 11:15:06|hasarOCX.ImprimirItem --> OK
24/08/2021 11:15:06|Articulo --> otowil oxidante de 20 vol
24/08/2021 11:15:06|cantidadArt B --> 1
24/08/2021 11:15:06|PrecVear --> 20
24/08/2021 11:15:06|montoArt --> 16,5289256198347
24/08/2021 11:15:06|ivaArt --> 21
24/08/2021 11:15:06|hasarOCX.ImprimirItem --> OK
24/08/2021 11:15:06|Articulo --> issue prof 5.1
24/08/2021 11:15:06|cantidadArt B --> 1
24/08/2021 11:15:06|PrecVear --> 290
24/08/2021 11:15:06|montoArt --> 239,669421487603
24/08/2021 11:15:06|ivaArt --> 21
24/08/2021 11:15:07|hasarOCX.ImprimirItem --> OK
24/08/2021 11:15:07|Articulo --> varios
24/08/2021 11:15:07|cantidadArt B --> 1
24/08/2021 11:15:07|PrecVear --> 40
24/08/2021 11:15:07|montoArt --> 33,0578512396694
24/08/2021 11:15:07|ivaArt --> 21
24/08/2021 11:15:07|hasarOCX.ImprimirItem --> OK
24/08/2021 11:15:07|Cerrar Comprobante B:::
24/08/2021 11:15:10|Obtiene nrocomp
24/08/2021 11:15:10|nrocomp --> 13559
24/08/2021 11:15:10|Nro. de Comprobante ::: TFB ::: 13559
24/08/2021 11:17:01|Comienza Facturacion B
24/08/2021 11:17:01|DatosCliente B
24/08/2021 11:17:03|AbrirComprobanteFiscal B
24/08/2021 11:17:03|Articulo --> bx7 encendedor
24/08/2021 11:17:03|cantidadArt B --> 1
24/08/2021 11:17:03|PrecVear --> 60
24/08/2021 11:17:03|montoArt --> 49,5867768595041
24/08/2021 11:17:03|ivaArt --> 21
24/08/2021 11:17:04|hasarOCX.ImprimirItem --> OK
24/08/2021 11:17:04|Articulo --> lima curva verde
24/08/2021 11:17:04|cantidadArt B --> 1
24/08/2021 11:17:04|PrecVear --> 60
24/08/2021 11:17:04|montoArt --> 49,5867768595041
24/08/2021 11:17:04|ivaArt --> 21
24/08/2021 11:17:04|hasarOCX.ImprimirItem --> OK
24/08/2021 11:17:04|Articulo --> dove jabx90g micelar
24/08/2021 11:17:04|cantidadArt B --> 2
24/08/2021 11:17:04|PrecVear --> 85
24/08/2021 11:17:04|montoArt --> 70,2479338842975
24/08/2021 11:17:04|ivaArt --> 21
24/08/2021 11:17:04|hasarOCX.ImprimirItem --> OK
24/08/2021 11:17:04|Articulo --> calipso pd rosa x50
24/08/2021 11:17:04|cantidadArt B --> 2
24/08/2021 11:17:04|PrecVear --> 165
24/08/2021 11:17:04|montoArt --> 136,363636363636
24/08/2021 11:17:04|ivaArt --> 21
24/08/2021 11:17:05|hasarOCX.ImprimirItem --> OK
24/08/2021 11:17:05|Articulo --> estrella algodon  clasicox75
24/08/2021 11:17:05|cantidadArt B --> 1
24/08/2021 11:17:05|PrecVear --> 75
24/08/2021 11:17:05|montoArt --> 61,9834710743802
24/08/2021 11:17:05|ivaArt --> 21
24/08/2021 11:17:05|hasarOCX.ImprimirItem --> OK
24/08/2021 11:17:05|Articulo --> saphirus aromatizante textil amour
24/08/2021 11:17:05|cantidadArt B --> 1
24/08/2021 11:17:05|PrecVear --> 210
24/08/2021 11:17:05|montoArt --> 173,553719008264
24/08/2021 11:17:05|ivaArt --> 21
24/08/2021 11:17:06|hasarOCX.ImprimirItem --> OK
24/08/2021 11:17:06|Articulo --> calipso toalla paquete largo x8
24/08/2021 11:17:06|cantidadArt B --> 2
24/08/2021 11:17:06|PrecVear --> 50
24/08/2021 11:17:06|montoArt --> 41,3223140495868
24/08/2021 11:17:06|ivaArt --> 21
24/08/2021 11:17:06|hasarOCX.ImprimirItem --> OK
24/08/2021 11:17:06|Articulo --> spa esponja rectang.grande(104)
24/08/2021 11:17:06|cantidadArt B --> 1
24/08/2021 11:17:06|PrecVear --> 70
24/08/2021 11:17:06|montoArt --> 57,8512396694215
24/08/2021 11:17:06|ivaArt --> 21
24/08/2021 11:17:06|hasarOCX.ImprimirItem --> OK
24/08/2021 11:17:06|Articulo --> sedal acondx340
24/08/2021 11:17:06|cantidadArt B --> 2
24/08/2021 11:17:06|PrecVear --> 205
24/08/2021 11:17:06|montoArt --> 169,421487603306
24/08/2021 11:17:06|ivaArt --> 21
24/08/2021 11:17:07|hasarOCX.ImprimirItem --> OK
24/08/2021 11:17:07|Articulo --> bolsa residuos 60*90
24/08/2021 11:17:07|cantidadArt B --> 1
24/08/2021 11:17:07|PrecVear --> 145
24/08/2021 11:17:07|montoArt --> 119,834710743802
24/08/2021 11:17:07|ivaArt --> 21
24/08/2021 11:17:07|hasarOCX.ImprimirItem --> OK
24/08/2021 11:17:07|Articulo --> dove rollon x50 original
24/08/2021 11:17:07|cantidadArt B --> 1
24/08/2021 11:17:07|PrecVear --> 195
24/08/2021 11:17:07|montoArt --> 161,157024793388
24/08/2021 11:17:07|ivaArt --> 21
24/08/2021 11:17:08|hasarOCX.ImprimirItem --> OK
24/08/2021 11:17:08|Articulo --> elite pañuelo descartable x 6u
24/08/2021 11:17:08|cantidadArt B --> 1
24/08/2021 11:17:08|PrecVear --> 85
24/08/2021 11:17:08|montoArt --> 70,2479338842975
24/08/2021 11:17:08|ivaArt --> 21
24/08/2021 11:17:08|hasarOCX.ImprimirItem --> OK
24/08/2021 11:17:08|Articulo --> felpita infinity cocina x3 d/h
24/08/2021 11:17:08|cantidadArt B --> 1
24/08/2021 11:17:08|PrecVear --> 190
24/08/2021 11:17:08|montoArt --> 157,02479338843
24/08/2021 11:17:08|ivaArt --> 21
24/08/2021 11:17:08|hasarOCX.ImprimirItem --> OK
24/08/2021 11:17:08|Articulo --> gillette prestobarba rosax3
24/08/2021 11:17:08|cantidadArt B --> 1
24/08/2021 11:17:08|PrecVear --> 255
24/08/2021 11:17:08|montoArt --> 210,743801652893
24/08/2021 11:17:08|ivaArt --> 21
24/08/2021 11:17:09|hasarOCX.ImprimirItem --> OK
24/08/2021 11:17:09|Cerrar Comprobante B:::
24/08/2021 11:17:12|Obtiene nrocomp
24/08/2021 11:17:12|nrocomp --> 13560
24/08/2021 11:17:12|Nro. de Comprobante ::: TFB ::: 13560
24/08/2021 11:20:11|Comienza Facturacion B
24/08/2021 11:20:12|DatosCliente B
24/08/2021 11:20:14|AbrirComprobanteFiscal B
24/08/2021 11:20:14|Articulo --> huggies toallitas amarillas x80
24/08/2021 11:20:14|cantidadArt B --> 1
24/08/2021 11:20:14|PrecVear --> 260
24/08/2021 11:20:14|montoArt --> 214,876033057851
24/08/2021 11:20:14|ivaArt --> 21
24/08/2021 11:20:14|hasarOCX.ImprimirItem --> OK
24/08/2021 11:20:14|Articulo --> nosotras post partomaternidad x10u.
24/08/2021 11:20:14|cantidadArt B --> 1
24/08/2021 11:20:14|PrecVear --> 350
24/08/2021 11:20:14|montoArt --> 289,256198347107
24/08/2021 11:20:14|ivaArt --> 21
24/08/2021 11:20:15|hasarOCX.ImprimirItem --> OK
24/08/2021 11:20:15|Articulo --> el coloso alcohol etilico x 500 ml
24/08/2021 11:20:15|cantidadArt B --> 1
24/08/2021 11:20:15|PrecVear --> 120
24/08/2021 11:20:15|montoArt --> 99,1735537190083
24/08/2021 11:20:15|ivaArt --> 21
24/08/2021 11:20:15|hasarOCX.ImprimirItem --> OK
24/08/2021 11:20:15|Articulo --> downy x500 sensitive hp bebe
24/08/2021 11:20:15|cantidadArt B --> 1
24/08/2021 11:20:15|PrecVear --> 199
24/08/2021 11:20:15|montoArt --> 164,462809917355
24/08/2021 11:20:15|ivaArt --> 21
24/08/2021 11:20:16|hasarOCX.ImprimirItem --> OK
24/08/2021 11:20:16|Articulo --> gasa suez 10x10cm x10un.
24/08/2021 11:20:16|cantidadArt B --> 1
24/08/2021 11:20:16|PrecVear --> 150
24/08/2021 11:20:16|montoArt --> 123,96694214876
24/08/2021 11:20:16|ivaArt --> 21
24/08/2021 11:20:16|hasarOCX.ImprimirItem --> OK
24/08/2021 11:20:16|Cerrar Comprobante B:::
24/08/2021 11:20:19|Obtiene nrocomp
24/08/2021 11:20:19|nrocomp --> 13561
24/08/2021 11:20:19|Nro. de Comprobante ::: TFB ::: 13561
24/08/2021 11:35:12|Comienza Facturacion B
24/08/2021 11:35:12|DatosCliente B
24/08/2021 11:35:15|AbrirComprobanteFiscal B
24/08/2021 11:35:15|Articulo --> ayudin esponja metalica
24/08/2021 11:35:15|cantidadArt B --> 1
24/08/2021 11:35:15|PrecVear --> 105
24/08/2021 11:35:15|montoArt --> 86,7768595041322
24/08/2021 11:35:15|ivaArt --> 21
24/08/2021 11:35:15|hasarOCX.ImprimirItem --> OK
24/08/2021 11:35:15|Articulo --> huggies supreme care xxg x50
24/08/2021 11:35:15|cantidadArt B --> 1
24/08/2021 11:35:15|PrecVear --> 1480
24/08/2021 11:35:15|montoArt --> 1223,14049586777
24/08/2021 11:35:15|ivaArt --> 21
24/08/2021 11:35:16|hasarOCX.ImprimirItem --> OK
24/08/2021 11:35:16|Articulo --> vanish pvo x120gr pink 8187529
24/08/2021 11:35:16|cantidadArt B --> 1
24/08/2021 11:35:16|PrecVear --> 150
24/08/2021 11:35:16|montoArt --> 123,96694214876
24/08/2021 11:35:16|ivaArt --> 21
24/08/2021 11:35:16|hasarOCX.ImprimirItem --> OK
24/08/2021 11:35:16|Articulo --> odex aerosol desinfectante original
24/08/2021 11:35:16|cantidadArt B --> 1
24/08/2021 11:35:16|PrecVear --> 150
24/08/2021 11:35:16|montoArt --> 123,96694214876
24/08/2021 11:35:16|ivaArt --> 21
24/08/2021 11:35:16|hasarOCX.ImprimirItem --> OK
24/08/2021 11:35:16|Articulo --> magistral esp.activax300 limon
24/08/2021 11:35:16|cantidadArt B --> 1
24/08/2021 11:35:16|PrecVear --> 99
24/08/2021 11:35:16|montoArt --> 81,8181818181818
24/08/2021 11:35:16|ivaArt --> 21
24/08/2021 11:35:17|hasarOCX.ImprimirItem --> OK
24/08/2021 11:35:17|Articulo --> el coloso hig.econ.bco.12x4 30mts
24/08/2021 11:35:17|cantidadArt B --> 1
24/08/2021 11:35:17|PrecVear --> 65
24/08/2021 11:35:17|montoArt --> 53,7190082644628
24/08/2021 11:35:17|ivaArt --> 21
24/08/2021 11:35:17|hasarOCX.ImprimirItem --> OK
24/08/2021 11:35:17|Articulo --> siempre libre esp x8 ufina
24/08/2021 11:35:17|cantidadArt B --> 1
24/08/2021 11:35:17|PrecVear --> 145
24/08/2021 11:35:17|montoArt --> 119,834710743802
24/08/2021 11:35:17|ivaArt --> 21
24/08/2021 11:35:17|hasarOCX.ImprimirItem --> OK
24/08/2021 11:35:17|Articulo --> q soft toall. hum. con oleo amarillas
24/08/2021 11:35:17|cantidadArt B --> 1
24/08/2021 11:35:17|PrecVear --> 240
24/08/2021 11:35:17|montoArt --> 198,347107438017
24/08/2021 11:35:17|ivaArt --> 21
24/08/2021 11:35:18|hasarOCX.ImprimirItem --> OK
24/08/2021 11:35:18|Cerrar Comprobante B:::
24/08/2021 11:35:21|Obtiene nrocomp
24/08/2021 11:35:21|nrocomp --> 13562
24/08/2021 11:35:21|Nro. de Comprobante ::: TFB ::: 13562
24/08/2021 11:53:38|Comienza Facturacion B
24/08/2021 11:53:38|DatosCliente B
24/08/2021 11:53:41|AbrirComprobanteFiscal B
24/08/2021 11:53:41|Articulo --> pampers confortsec xxg x54
24/08/2021 11:53:41|cantidadArt B --> 1
24/08/2021 11:53:41|PrecVear --> 1560
24/08/2021 11:53:41|montoArt --> 1289,25619834711
24/08/2021 11:53:41|ivaArt --> 21
24/08/2021 11:53:41|hasarOCX.ImprimirItem --> OK
24/08/2021 11:53:41|Articulo --> dove acondx200 rec.completa
24/08/2021 11:53:41|cantidadArt B --> 2
24/08/2021 11:53:41|PrecVear --> 220
24/08/2021 11:53:41|montoArt --> 181,818181818182
24/08/2021 11:53:41|ivaArt --> 21
24/08/2021 11:53:42|hasarOCX.ImprimirItem --> OK
24/08/2021 11:53:42|Articulo --> jyj jabon glicerina naranja
24/08/2021 11:53:42|cantidadArt B --> 1
24/08/2021 11:53:42|PrecVear --> 90
24/08/2021 11:53:42|montoArt --> 74,3801652892562
24/08/2021 11:53:42|ivaArt --> 21
24/08/2021 11:53:42|hasarOCX.ImprimirItem --> OK
24/08/2021 11:53:42|Cerrar Comprobante B:::
24/08/2021 11:53:45|Obtiene nrocomp
24/08/2021 11:53:45|nrocomp --> 13563
24/08/2021 11:53:45|Nro. de Comprobante ::: TFB ::: 13563
24/08/2021 12:01:09|Comienza Facturacion B
24/08/2021 12:01:10|DatosCliente B
24/08/2021 12:01:12|AbrirComprobanteFiscal B
24/08/2021 12:01:12|Articulo --> pampers premium care xxg x58
24/08/2021 12:01:12|cantidadArt B --> 1
24/08/2021 12:01:12|PrecVear --> 1770
24/08/2021 12:01:12|montoArt --> 1462,80991735537
24/08/2021 12:01:12|ivaArt --> 21
24/08/2021 12:01:12|hasarOCX.ImprimirItem --> OK
24/08/2021 12:01:12|Cerrar Comprobante B:::
24/08/2021 12:01:15|Obtiene nrocomp
24/08/2021 12:01:16|nrocomp --> 13564
24/08/2021 12:01:16|Nro. de Comprobante ::: TFB ::: 13564
24/08/2021 15:47:17|Comienza Facturacion B
24/08/2021 15:47:17|DatosCliente B
24/08/2021 15:47:19|AbrirComprobanteFiscal B
24/08/2021 15:47:19|Articulo --> cotonetes jyj x150uni
24/08/2021 15:47:19|cantidadArt B --> 1
24/08/2021 15:47:19|PrecVear --> 195
24/08/2021 15:47:19|montoArt --> 161,157024793388
24/08/2021 15:47:19|ivaArt --> 21
24/08/2021 15:47:20|hasarOCX.ImprimirItem --> OK
24/08/2021 15:47:20|Articulo --> mary bosques 3 minutos
24/08/2021 15:47:20|cantidadArt B --> 1
24/08/2021 15:47:20|PrecVear --> 70
24/08/2021 15:47:20|montoArt --> 57,8512396694215
24/08/2021 15:47:20|ivaArt --> 21
24/08/2021 15:47:20|hasarOCX.ImprimirItem --> OK
24/08/2021 15:47:20|Articulo --> mary bosques argan
24/08/2021 15:47:20|cantidadArt B --> 1
24/08/2021 15:47:20|PrecVear --> 60
24/08/2021 15:47:20|montoArt --> 49,5867768595041
24/08/2021 15:47:20|ivaArt --> 21
24/08/2021 15:47:21|hasarOCX.ImprimirItem --> OK
24/08/2021 15:47:21|Articulo --> 67087 curitas tela x unidad
24/08/2021 15:47:21|cantidadArt B --> 1
24/08/2021 15:47:21|PrecVear --> 50
24/08/2021 15:47:21|montoArt --> 41,3223140495868
24/08/2021 15:47:21|ivaArt --> 21
24/08/2021 15:47:21|hasarOCX.ImprimirItem --> OK
24/08/2021 15:47:21|Articulo --> ayudin desinf.aerox332 bebe
24/08/2021 15:47:21|cantidadArt B --> 1
24/08/2021 15:47:21|PrecVear --> 170
24/08/2021 15:47:21|montoArt --> 140,495867768595
24/08/2021 15:47:21|ivaArt --> 21
24/08/2021 15:47:21|hasarOCX.ImprimirItem --> OK
24/08/2021 15:47:21|Articulo --> calipso pd colaless x50
24/08/2021 15:47:21|cantidadArt B --> 1
24/08/2021 15:47:21|PrecVear --> 190
24/08/2021 15:47:21|montoArt --> 157,02479338843
24/08/2021 15:47:21|ivaArt --> 21
24/08/2021 15:47:22|hasarOCX.ImprimirItem --> OK
24/08/2021 15:47:22|Articulo --> bolsas de residuos 45*60
24/08/2021 15:47:22|cantidadArt B --> 1
24/08/2021 15:47:22|PrecVear --> 59
24/08/2021 15:47:22|montoArt --> 48,7603305785124
24/08/2021 15:47:22|ivaArt --> 21
24/08/2021 15:47:22|hasarOCX.ImprimirItem --> OK
24/08/2021 15:47:22|Articulo --> c/u prestobarba ultragrip 2 filos sensitive
24/08/2021 15:47:22|cantidadArt B --> 4
24/08/2021 15:47:22|PrecVear --> 85
24/08/2021 15:47:22|montoArt --> 70,2479338842975
24/08/2021 15:47:22|ivaArt --> 21
24/08/2021 15:47:22|hasarOCX.ImprimirItem --> OK
24/08/2021 15:47:22|Articulo --> bx7 encendedor
24/08/2021 15:47:22|cantidadArt B --> 1
24/08/2021 15:47:22|PrecVear --> 60
24/08/2021 15:47:22|montoArt --> 49,5867768595041
24/08/2021 15:47:22|ivaArt --> 21
24/08/2021 15:47:23|hasarOCX.ImprimirItem --> OK
24/08/2021 15:47:23|Articulo --> efficient x200g antibacterial
24/08/2021 15:47:23|cantidadArt B --> 1
24/08/2021 15:47:23|PrecVear --> 250
24/08/2021 15:47:23|montoArt --> 206,611570247934
24/08/2021 15:47:23|ivaArt --> 21
24/08/2021 15:47:23|hasarOCX.ImprimirItem --> OK
24/08/2021 15:47:23|Articulo --> protex jabon algas marinas
24/08/2021 15:47:23|cantidadArt B --> 1
24/08/2021 15:47:23|PrecVear --> 105
24/08/2021 15:47:23|montoArt --> 86,7768595041322
24/08/2021 15:47:23|ivaArt --> 21
24/08/2021 15:47:23|hasarOCX.ImprimirItem --> OK
24/08/2021 15:47:23|Articulo --> cif bañox450 doy pack-72961
24/08/2021 15:47:23|cantidadArt B --> 1
24/08/2021 15:47:23|PrecVear --> 78
24/08/2021 15:47:23|montoArt --> 64,4628099173554
24/08/2021 15:47:23|ivaArt --> 21
24/08/2021 15:47:24|hasarOCX.ImprimirItem --> OK
24/08/2021 15:47:24|Articulo --> trenet oxi efect.espuma dpx250-3037
24/08/2021 15:47:24|cantidadArt B --> 1
24/08/2021 15:47:24|PrecVear --> 98
24/08/2021 15:47:24|montoArt --> 80,9917355371901
24/08/2021 15:47:24|ivaArt --> 21
24/08/2021 15:47:24|hasarOCX.ImprimirItem --> OK
24/08/2021 15:47:24|Articulo --> felpita maxirollo x240u dh
24/08/2021 15:47:24|cantidadArt B --> 2
24/08/2021 15:47:24|PrecVear --> 105
24/08/2021 15:47:24|montoArt --> 86,7768595041322
24/08/2021 15:47:24|ivaArt --> 21
24/08/2021 15:47:25|hasarOCX.ImprimirItem --> OK
24/08/2021 15:47:25|Cerrar Comprobante B:::
24/08/2021 15:47:28|Obtiene nrocomp
24/08/2021 15:47:28|nrocomp --> 13565
24/08/2021 15:47:28|Nro. de Comprobante ::: TFB ::: 13565
24/08/2021 16:06:40|Comienza Facturacion B
24/08/2021 16:06:40|DatosCliente B
24/08/2021 16:06:43|AbrirComprobanteFiscal B
24/08/2021 16:06:43|Articulo --> varios
24/08/2021 16:06:43|cantidadArt B --> 1
24/08/2021 16:06:43|PrecVear --> 150
24/08/2021 16:06:43|montoArt --> 123,96694214876
24/08/2021 16:06:43|ivaArt --> 21
24/08/2021 16:06:43|hasarOCX.ImprimirItem --> OK
24/08/2021 16:06:43|Articulo --> hennia slip g x8
24/08/2021 16:06:43|cantidadArt B --> 2
24/08/2021 16:06:43|PrecVear --> 845
24/08/2021 16:06:43|montoArt --> 698,347107438017
24/08/2021 16:06:43|ivaArt --> 21
24/08/2021 16:06:44|hasarOCX.ImprimirItem --> OK
24/08/2021 16:06:44|Cerrar Comprobante B:::
24/08/2021 16:06:47|Obtiene nrocomp
24/08/2021 16:06:47|nrocomp --> 13566
24/08/2021 16:06:47|Nro. de Comprobante ::: TFB ::: 13566
24/08/2021 16:15:55|Comienza Facturacion B
24/08/2021 16:15:57|Error iniciando Factura B --> Tiempo de espera agotado
24/08/2021 16:16:00|Error Cerrando documento B --> Tiempo de espera agotado
24/08/2021 16:16:00|Conectando..
24/08/2021 16:16:00|IP: 127.0.0.1 - Puerto: 6500
24/08/2021 16:16:06|Error Imprimiendo Factura B --> Tiempo de espera agotado
24/08/2021 16:16:10|Error Diagnostico..Tiempo de espera agotado
24/08/2021 16:16:39|Error Diagnostico..Tiempo de espera agotado
24/08/2021 16:17:30|Error Diagnostico..Tiempo de espera agotado
24/08/2021 16:33:00|Comienza Facturacion B
24/08/2021 16:33:00|DatosCliente B
24/08/2021 16:33:02|AbrirComprobanteFiscal B
24/08/2021 16:33:02|Articulo --> cloro energico x10 lt.
24/08/2021 16:33:02|cantidadArt B --> 1
24/08/2021 16:33:02|PrecVear --> 610
24/08/2021 16:33:02|montoArt --> 504,132231404959
24/08/2021 16:33:02|ivaArt --> 21
24/08/2021 16:33:03|hasarOCX.ImprimirItem --> OK
24/08/2021 16:33:03|Cerrar Comprobante B:::
24/08/2021 16:33:06|Obtiene nrocomp
24/08/2021 16:33:06|nrocomp --> 13567
24/08/2021 16:33:06|Nro. de Comprobante ::: TFB ::: 13567
24/08/2021 16:35:58|Comienza Facturacion B
24/08/2021 16:35:58|DatosCliente B
24/08/2021 16:36:00|AbrirComprobanteFiscal B
24/08/2021 16:36:00|Articulo --> dove jabx90 kar y vainilla
24/08/2021 16:36:00|cantidadArt B --> 2
24/08/2021 16:36:00|PrecVear --> 85
24/08/2021 16:36:00|montoArt --> 70,2479338842975
24/08/2021 16:36:00|ivaArt --> 21
24/08/2021 16:36:01|hasarOCX.ImprimirItem --> OK
24/08/2021 16:36:01|Articulo --> dove jab x90 exfoliacion
24/08/2021 16:36:01|cantidadArt B --> 8
24/08/2021 16:36:01|PrecVear --> 95
24/08/2021 16:36:01|montoArt --> 78,5123966942149
24/08/2021 16:36:01|ivaArt --> 21
24/08/2021 16:36:01|hasarOCX.ImprimirItem --> OK
24/08/2021 16:36:01|Cerrar Comprobante B:::
24/08/2021 16:36:04|Obtiene nrocomp
24/08/2021 16:36:05|nrocomp --> 13568
24/08/2021 16:36:05|Nro. de Comprobante ::: TFB ::: 13568
24/08/2021 16:37:59|Comienza Facturacion A
24/08/2021 16:37:59|DatosCliente A
24/08/2021 16:38:02|AbrirComprobanteFiscal A
24/08/2021 16:38:02|Articulo --> pampers premim xxg x 54
24/08/2021 16:38:02|cantidadArt A --> 1
24/08/2021 16:38:02|PrecVear --> 1770
24/08/2021 16:38:02|montoArt --> 1462,80991735537
24/08/2021 16:38:02|ivaArt --> 21
24/08/2021 16:38:02|hasarOCX.ImprimirItem --> OK
24/08/2021 16:38:02|comienza imprimir sutotal: 
24/08/2021 16:38:02|Cerrar Comprobante A:::
24/08/2021 16:38:05|Obtiene nrocomp
24/08/2021 16:38:05|nrocomp --> 193
24/08/2021 16:38:05|Nro. de Comprobante ::: TFA ::: 193
24/08/2021 17:02:48|Comienza Facturacion B
24/08/2021 17:02:48|DatosCliente B
24/08/2021 17:02:50|AbrirComprobanteFiscal B
24/08/2021 17:02:50|Articulo --> saphirus sanitizante x500 ml
24/08/2021 17:02:50|cantidadArt B --> 1
24/08/2021 17:02:50|PrecVear --> 290
24/08/2021 17:02:50|montoArt --> 239,669421487603
24/08/2021 17:02:50|ivaArt --> 21
24/08/2021 17:02:51|hasarOCX.ImprimirItem --> OK
24/08/2021 17:02:51|Articulo --> bacter all alcohol etilico 70% vol.
24/08/2021 17:02:51|cantidadArt B --> 10
24/08/2021 17:02:51|PrecVear --> 260
24/08/2021 17:02:51|montoArt --> 214,876033057851
24/08/2021 17:02:51|ivaArt --> 21
24/08/2021 17:02:51|hasarOCX.ImprimirItem --> OK
24/08/2021 17:02:51|Cerrar Comprobante B:::
24/08/2021 17:02:54|Obtiene nrocomp
24/08/2021 17:02:55|nrocomp --> 13569
24/08/2021 17:02:55|Nro. de Comprobante ::: TFB ::: 13569
24/08/2021 17:11:34|cerrando pantalla venta
24/08/2021 17:11:36|Conectando..
24/08/2021 17:11:36|IP: 127.0.0.1 - Puerto: 6500
24/08/2021 17:11:37|Conectado con éxito!!
24/08/2021 17:14:09|Comienza Facturacion B
24/08/2021 17:14:10|DatosCliente B
24/08/2021 17:14:12|AbrirComprobanteFiscal B
24/08/2021 17:14:12|Articulo --> varios
24/08/2021 17:14:12|cantidadArt B --> 4
24/08/2021 17:14:12|PrecVear --> 590
24/08/2021 17:14:12|montoArt --> 487,603305785124
24/08/2021 17:14:12|ivaArt --> 21
24/08/2021 17:14:12|hasarOCX.ImprimirItem --> OK
24/08/2021 17:14:12|Articulo --> nivea deox150 black white pure
24/08/2021 17:14:12|cantidadArt B --> 1
24/08/2021 17:14:12|PrecVear --> 140
24/08/2021 17:14:12|montoArt --> 115,702479338843
24/08/2021 17:14:12|ivaArt --> 21
24/08/2021 17:14:13|hasarOCX.ImprimirItem --> OK
24/08/2021 17:14:13|Articulo --> sedal colgaeno x190
24/08/2021 17:14:13|cantidadArt B --> 1
24/08/2021 17:14:13|PrecVear --> 150
24/08/2021 17:14:13|montoArt --> 123,96694214876
24/08/2021 17:14:13|ivaArt --> 21
24/08/2021 17:14:13|hasarOCX.ImprimirItem --> OK
24/08/2021 17:14:13|Articulo --> sedal colageno x190
24/08/2021 17:14:13|cantidadArt B --> 1
24/08/2021 17:14:13|PrecVear --> 150
24/08/2021 17:14:13|montoArt --> 123,96694214876
24/08/2021 17:14:13|ivaArt --> 21
24/08/2021 17:14:14|hasarOCX.ImprimirItem --> OK
24/08/2021 17:14:14|Articulo --> rejilla pabilo la porteña 38x40
24/08/2021 17:14:14|cantidadArt B --> 1
24/08/2021 17:14:14|PrecVear --> 50
24/08/2021 17:14:14|montoArt --> 41,3223140495868
24/08/2021 17:14:14|ivaArt --> 21
24/08/2021 17:14:14|hasarOCX.ImprimirItem --> OK
24/08/2021 17:14:14|Articulo --> gillette prestobarba rosax3
24/08/2021 17:14:14|cantidadArt B --> 1
24/08/2021 17:14:14|PrecVear --> 255
24/08/2021 17:14:14|montoArt --> 210,743801652893
24/08/2021 17:14:14|ivaArt --> 21
24/08/2021 17:14:14|hasarOCX.ImprimirItem --> OK
24/08/2021 17:14:14|Articulo --> simply hisoposx75 estuche
24/08/2021 17:14:14|cantidadArt B --> 1
24/08/2021 17:14:14|PrecVear --> 75
24/08/2021 17:14:14|montoArt --> 61,9834710743802
24/08/2021 17:14:14|ivaArt --> 21
24/08/2021 17:14:15|hasarOCX.ImprimirItem --> OK
24/08/2021 17:14:15|Articulo --> huggies toallitas amarillas x80
24/08/2021 17:14:15|cantidadArt B --> 1
24/08/2021 17:14:15|PrecVear --> 260
24/08/2021 17:14:15|montoArt --> 214,876033057851
24/08/2021 17:14:15|ivaArt --> 21
24/08/2021 17:14:15|hasarOCX.ImprimirItem --> OK
24/08/2021 17:14:15|Articulo --> huggies toa. hum. limpieza cotidiana x48 (amarillo)
24/08/2021 17:14:15|cantidadArt B --> 1
24/08/2021 17:14:15|PrecVear --> 195
24/08/2021 17:14:15|montoArt --> 161,157024793388
24/08/2021 17:14:15|ivaArt --> 21
24/08/2021 17:14:15|hasarOCX.ImprimirItem --> OK
24/08/2021 17:14:15|Articulo --> valerina amarilla
24/08/2021 17:14:15|cantidadArt B --> 1
24/08/2021 17:14:15|PrecVear --> 45
24/08/2021 17:14:15|montoArt --> 37,1900826446281
24/08/2021 17:14:15|ivaArt --> 21
24/08/2021 17:14:16|hasarOCX.ImprimirItem --> OK
24/08/2021 17:14:16|Articulo --> cif crema multiuso x375 nvo
24/08/2021 17:14:16|cantidadArt B --> 1
24/08/2021 17:14:16|PrecVear --> 85
24/08/2021 17:14:16|montoArt --> 70,2479338842975
24/08/2021 17:14:16|ivaArt --> 21
24/08/2021 17:14:16|hasarOCX.ImprimirItem --> OK
24/08/2021 17:14:16|Articulo --> bacter all alcohol etilico 70% vol.
24/08/2021 17:14:16|cantidadArt B --> 1
24/08/2021 17:14:16|PrecVear --> 260
24/08/2021 17:14:16|montoArt --> 214,876033057851
24/08/2021 17:14:16|ivaArt --> 21
24/08/2021 17:14:16|hasarOCX.ImprimirItem --> OK
24/08/2021 17:14:16|Articulo --> la porteña escobillon gauchito
24/08/2021 17:14:16|cantidadArt B --> 1
24/08/2021 17:14:16|PrecVear --> 160
24/08/2021 17:14:16|montoArt --> 132,231404958678
24/08/2021 17:14:16|ivaArt --> 21
24/08/2021 17:14:17|hasarOCX.ImprimirItem --> OK
24/08/2021 17:14:17|Cerrar Comprobante B:::
24/08/2021 17:14:20|Obtiene nrocomp
24/08/2021 17:14:20|nrocomp --> 13570
24/08/2021 17:14:20|Nro. de Comprobante ::: TFB ::: 13570
24/08/2021 17:19:45|Comienza Facturacion B
24/08/2021 17:19:45|DatosCliente B
24/08/2021 17:19:47|AbrirComprobanteFiscal B
24/08/2021 17:19:47|Articulo --> issue activ.cr.20v x70ml
24/08/2021 17:19:47|cantidadArt B --> 1
24/08/2021 17:19:47|PrecVear --> 30
24/08/2021 17:19:47|montoArt --> 24,7933884297521
24/08/2021 17:19:47|ivaArt --> 21
24/08/2021 17:19:48|hasarOCX.ImprimirItem --> OK
24/08/2021 17:19:48|Articulo --> issue prof 1
24/08/2021 17:19:48|cantidadArt B --> 1
24/08/2021 17:19:48|PrecVear --> 290
24/08/2021 17:19:48|montoArt --> 239,669421487603
24/08/2021 17:19:48|ivaArt --> 21
24/08/2021 17:19:48|hasarOCX.ImprimirItem --> OK
24/08/2021 17:19:48|Articulo --> varios
24/08/2021 17:19:48|cantidadArt B --> 1
24/08/2021 17:19:48|PrecVear --> 40
24/08/2021 17:19:48|montoArt --> 33,0578512396694
24/08/2021 17:19:48|ivaArt --> 21
24/08/2021 17:19:49|hasarOCX.ImprimirItem --> OK
24/08/2021 17:19:49|Cerrar Comprobante B:::
24/08/2021 17:19:52|Obtiene nrocomp
24/08/2021 17:19:52|nrocomp --> 13571
24/08/2021 17:19:52|Nro. de Comprobante ::: TFB ::: 13571
24/08/2021 17:23:09|Comienza Facturacion B
24/08/2021 17:23:09|DatosCliente B
24/08/2021 17:23:12|AbrirComprobanteFiscal B
24/08/2021 17:23:12|Articulo --> bx7 encendedor
24/08/2021 17:23:12|cantidadArt B --> 1
24/08/2021 17:23:12|PrecVear --> 60
24/08/2021 17:23:12|montoArt --> 49,5867768595041
24/08/2021 17:23:12|ivaArt --> 21
24/08/2021 17:23:12|hasarOCX.ImprimirItem --> OK
24/08/2021 17:23:12|Articulo --> glade aerox360 i love you
24/08/2021 17:23:12|cantidadArt B --> 1
24/08/2021 17:23:12|PrecVear --> 130
24/08/2021 17:23:12|montoArt --> 107,438016528926
24/08/2021 17:23:12|ivaArt --> 21
24/08/2021 17:23:13|hasarOCX.ImprimirItem --> OK
24/08/2021 17:23:13|Articulo --> el coloso rollo cocx3 x 40paños
24/08/2021 17:23:13|cantidadArt B --> 1
24/08/2021 17:23:13|PrecVear --> 60
24/08/2021 17:23:13|montoArt --> 49,5867768595041
24/08/2021 17:23:13|ivaArt --> 21
24/08/2021 17:23:13|hasarOCX.ImprimirItem --> OK
24/08/2021 17:23:13|Articulo --> el coloso det.pvox800 b.esp.blanq.
24/08/2021 17:23:13|cantidadArt B --> 2
24/08/2021 17:23:13|PrecVear --> 98
24/08/2021 17:23:13|montoArt --> 80,9917355371901
24/08/2021 17:23:13|ivaArt --> 21
24/08/2021 17:23:13|hasarOCX.ImprimirItem --> OK
24/08/2021 17:23:13|Articulo --> el coloso fosforosx220un
24/08/2021 17:23:13|cantidadArt B --> 2
24/08/2021 17:23:13|PrecVear --> 49
24/08/2021 17:23:13|montoArt --> 40,495867768595
24/08/2021 17:23:13|ivaArt --> 21
24/08/2021 17:23:14|hasarOCX.ImprimirItem --> OK
24/08/2021 17:23:14|Articulo --> el coloso hig.econ.bco.12x4 30mts
24/08/2021 17:23:14|cantidadArt B --> 2
24/08/2021 17:23:14|PrecVear --> 65
24/08/2021 17:23:14|montoArt --> 53,7190082644628
24/08/2021 17:23:14|ivaArt --> 21
24/08/2021 17:23:14|hasarOCX.ImprimirItem --> OK
24/08/2021 17:23:14|Articulo --> alax800 matic clasico
24/08/2021 17:23:14|cantidadArt B --> 2
24/08/2021 17:23:14|PrecVear --> 155
24/08/2021 17:23:14|montoArt --> 128,099173553719
24/08/2021 17:23:14|ivaArt --> 21
24/08/2021 17:23:14|hasarOCX.ImprimirItem --> OK
24/08/2021 17:23:14|Articulo --> procenex vid.multx500 gat-14679#
24/08/2021 17:23:14|cantidadArt B --> 1
24/08/2021 17:23:14|PrecVear --> 195
24/08/2021 17:23:14|montoArt --> 161,157024793388
24/08/2021 17:23:14|ivaArt --> 21
24/08/2021 17:23:15|hasarOCX.ImprimirItem --> OK
24/08/2021 17:23:15|Articulo --> florida vaiven 6 lts
24/08/2021 17:23:15|cantidadArt B --> 1
24/08/2021 17:23:15|PrecVear --> 590
24/08/2021 17:23:15|montoArt --> 487,603305785124
24/08/2021 17:23:15|ivaArt --> 21
24/08/2021 17:23:15|hasarOCX.ImprimirItem --> OK
24/08/2021 17:23:15|Cerrar Comprobante B:::
24/08/2021 17:23:18|Obtiene nrocomp
24/08/2021 17:23:19|nrocomp --> 13572
24/08/2021 17:23:19|Nro. de Comprobante ::: TFB ::: 13572
24/08/2021 17:26:20|Comienza Facturacion B
24/08/2021 17:26:20|DatosCliente B
24/08/2021 17:26:23|AbrirComprobanteFiscal B
24/08/2021 17:26:23|Articulo --> felpita higienico x80m decorado
24/08/2021 17:26:23|cantidadArt B --> 1
24/08/2021 17:26:23|PrecVear --> 190
24/08/2021 17:26:23|montoArt --> 157,02479338843
24/08/2021 17:26:23|ivaArt --> 21
24/08/2021 17:26:23|hasarOCX.ImprimirItem --> OK
24/08/2021 17:26:23|Articulo --> alb.vo5 chx790 limp.profunda-5067
24/08/2021 17:26:23|cantidadArt B --> 1
24/08/2021 17:26:23|PrecVear --> 195
24/08/2021 17:26:23|montoArt --> 161,157024793388
24/08/2021 17:26:23|ivaArt --> 21
24/08/2021 17:26:23|hasarOCX.ImprimirItem --> OK
24/08/2021 17:26:23|Articulo --> poett canasta 27.5g rep-27818
24/08/2021 17:26:23|cantidadArt B --> 1
24/08/2021 17:26:23|PrecVear --> 110
24/08/2021 17:26:23|montoArt --> 90,9090909090909
24/08/2021 17:26:23|ivaArt --> 21
24/08/2021 17:26:24|hasarOCX.ImprimirItem --> OK
24/08/2021 17:26:24|Articulo --> magistral x500ml
24/08/2021 17:26:24|cantidadArt B --> 1
24/08/2021 17:26:24|PrecVear --> 195
24/08/2021 17:26:24|montoArt --> 161,157024793388
24/08/2021 17:26:24|ivaArt --> 21
24/08/2021 17:26:24|hasarOCX.ImprimirItem --> OK
24/08/2021 17:26:24|Articulo --> elite pañuelos box x100
24/08/2021 17:26:24|cantidadArt B --> 1
24/08/2021 17:26:24|PrecVear --> 99
24/08/2021 17:26:24|montoArt --> 81,8181818181818
24/08/2021 17:26:24|ivaArt --> 21
24/08/2021 17:26:24|hasarOCX.ImprimirItem --> OK
24/08/2021 17:26:24|Articulo --> estrella algodon clasicox140
24/08/2021 17:26:24|cantidadArt B --> 1
24/08/2021 17:26:24|PrecVear --> 150
24/08/2021 17:26:24|montoArt --> 123,96694214876
24/08/2021 17:26:24|ivaArt --> 21
24/08/2021 17:26:25|hasarOCX.ImprimirItem --> OK
24/08/2021 17:26:25|Cerrar Comprobante B:::
24/08/2021 17:26:28|Obtiene nrocomp
24/08/2021 17:26:28|nrocomp --> 13573
24/08/2021 17:26:28|Nro. de Comprobante ::: TFB ::: 13573
24/08/2021 17:28:33|Comienza Facturacion B
24/08/2021 17:28:33|DatosCliente B
24/08/2021 17:28:36|AbrirComprobanteFiscal B
24/08/2021 17:28:36|Articulo --> gillette foamyx312 regular-8452
24/08/2021 17:28:36|cantidadArt B --> 1
24/08/2021 17:28:36|PrecVear --> 398
24/08/2021 17:28:36|montoArt --> 328,925619834711
24/08/2021 17:28:36|ivaArt --> 21
24/08/2021 17:28:36|hasarOCX.ImprimirItem --> OK
24/08/2021 17:28:36|Cerrar Comprobante B:::
24/08/2021 17:28:39|Obtiene nrocomp
24/08/2021 17:28:40|nrocomp --> 13574
24/08/2021 17:28:40|Nro. de Comprobante ::: TFB ::: 13574
24/08/2021 17:30:02|Comienza Facturacion B
24/08/2021 17:30:02|DatosCliente B
24/08/2021 17:30:05|AbrirComprobanteFiscal B
24/08/2021 17:30:05|Articulo --> colgate cr.anticaries x180ml
24/08/2021 17:30:05|cantidadArt B --> 1
24/08/2021 17:30:05|PrecVear --> 280
24/08/2021 17:30:05|montoArt --> 231,404958677686
24/08/2021 17:30:05|ivaArt --> 21
24/08/2021 17:30:05|hasarOCX.ImprimirItem --> OK
24/08/2021 17:30:05|Articulo --> pantene acx400 pro v brillo
24/08/2021 17:30:05|cantidadArt B --> 1
24/08/2021 17:30:05|PrecVear --> 370
24/08/2021 17:30:05|montoArt --> 305,785123966942
24/08/2021 17:30:05|ivaArt --> 21
24/08/2021 17:30:05|hasarOCX.ImprimirItem --> OK
24/08/2021 17:30:05|Articulo --> ob tampones procomfort x8
24/08/2021 17:30:05|cantidadArt B --> 1
24/08/2021 17:30:05|PrecVear --> 230
24/08/2021 17:30:05|montoArt --> 190,082644628099
24/08/2021 17:30:05|ivaArt --> 21
24/08/2021 17:30:06|hasarOCX.ImprimirItem --> OK
24/08/2021 17:30:06|Articulo --> pampers pants confort sec xxgx32
24/08/2021 17:30:06|cantidadArt B --> 1
24/08/2021 17:30:06|PrecVear --> 1040
24/08/2021 17:30:06|montoArt --> 859,504132231405
24/08/2021 17:30:06|ivaArt --> 21
24/08/2021 17:30:06|hasarOCX.ImprimirItem --> OK
24/08/2021 17:30:06|Cerrar Comprobante B:::
24/08/2021 17:30:09|Obtiene nrocomp
24/08/2021 17:30:09|nrocomp --> 13575
24/08/2021 17:30:09|Nro. de Comprobante ::: TFB ::: 13575
24/08/2021 17:30:21|Comienza Facturacion B
24/08/2021 17:30:22|DatosCliente B
24/08/2021 17:30:24|AbrirComprobanteFiscal B
24/08/2021 17:30:24|Articulo --> colgate plax soft mint x250ml
24/08/2021 17:30:24|cantidadArt B --> 1
24/08/2021 17:30:24|PrecVear --> 220
24/08/2021 17:30:24|montoArt --> 181,818181818182
24/08/2021 17:30:24|ivaArt --> 21
24/08/2021 17:30:25|hasarOCX.ImprimirItem --> OK
24/08/2021 17:30:25|Articulo --> huggies protect plus xxg x50
24/08/2021 17:30:25|cantidadArt B --> 1
24/08/2021 17:30:25|PrecVear --> 1100
24/08/2021 17:30:25|montoArt --> 909,090909090909
24/08/2021 17:30:25|ivaArt --> 21
24/08/2021 17:30:25|hasarOCX.ImprimirItem --> OK
24/08/2021 17:30:25|Articulo --> colgate cr.anticaries x180ml
24/08/2021 17:30:25|cantidadArt B --> 1
24/08/2021 17:30:25|PrecVear --> 280
24/08/2021 17:30:25|montoArt --> 231,404958677686
24/08/2021 17:30:25|ivaArt --> 21
24/08/2021 17:30:25|hasarOCX.ImprimirItem --> OK
24/08/2021 17:30:25|Articulo --> kimbies toallitas humedas
24/08/2021 17:30:25|cantidadArt B --> 1
24/08/2021 17:30:25|PrecVear --> 130
24/08/2021 17:30:25|montoArt --> 107,438016528926
24/08/2021 17:30:25|ivaArt --> 21
24/08/2021 17:30:26|hasarOCX.ImprimirItem --> OK
24/08/2021 17:30:26|Cerrar Comprobante B:::
24/08/2021 17:30:29|Obtiene nrocomp
24/08/2021 17:30:29|nrocomp --> 13576
24/08/2021 17:30:29|Nro. de Comprobante ::: TFB ::: 13576
24/08/2021 17:32:13|Comienza Facturacion B
24/08/2021 17:32:13|DatosCliente B
24/08/2021 17:32:17|AbrirComprobanteFiscal B
24/08/2021 17:32:17|Articulo --> poett aero bebe nvo
24/08/2021 17:32:17|cantidadArt B --> 1
24/08/2021 17:32:17|PrecVear --> 135
24/08/2021 17:32:17|montoArt --> 111,570247933884
24/08/2021 17:32:17|ivaArt --> 21
24/08/2021 17:32:17|hasarOCX.ImprimirItem --> OK
24/08/2021 17:32:17|Articulo --> sedal acondx300ml d.pack ceramidas
24/08/2021 17:32:17|cantidadArt B --> 2
24/08/2021 17:32:17|PrecVear --> 145
24/08/2021 17:32:17|montoArt --> 119,834710743802
24/08/2021 17:32:17|ivaArt --> 21
24/08/2021 17:32:18|hasarOCX.ImprimirItem --> OK
24/08/2021 17:32:18|Articulo --> glade pastilla con red x25 pino
24/08/2021 17:32:18|cantidadArt B --> 1
24/08/2021 17:32:18|PrecVear --> 90
24/08/2021 17:32:18|montoArt --> 74,3801652892562
24/08/2021 17:32:18|ivaArt --> 21
24/08/2021 17:32:18|hasarOCX.ImprimirItem --> OK
24/08/2021 17:32:18|Articulo --> simply hisoposx75 estuche
24/08/2021 17:32:18|cantidadArt B --> 1
24/08/2021 17:32:18|PrecVear --> 75
24/08/2021 17:32:18|montoArt --> 61,9834710743802
24/08/2021 17:32:18|ivaArt --> 21
24/08/2021 17:32:19|hasarOCX.ImprimirItem --> OK
24/08/2021 17:32:19|Articulo --> babysec ultra xgx32 uni
24/08/2021 17:32:19|cantidadArt B --> 1
24/08/2021 17:32:19|PrecVear --> 590
24/08/2021 17:32:19|montoArt --> 487,603305785124
24/08/2021 17:32:19|ivaArt --> 21
24/08/2021 17:32:19|hasarOCX.ImprimirItem --> OK
24/08/2021 17:32:19|Articulo --> calipso pd rosa x50
24/08/2021 17:32:19|cantidadArt B --> 1
24/08/2021 17:32:19|PrecVear --> 165
24/08/2021 17:32:19|montoArt --> 136,363636363636
24/08/2021 17:32:19|ivaArt --> 21
24/08/2021 17:32:19|hasarOCX.ImprimirItem --> OK
24/08/2021 17:32:19|Articulo --> el coloso guantes max t9 gde
24/08/2021 17:32:19|cantidadArt B --> 1
24/08/2021 17:32:19|PrecVear --> 195
24/08/2021 17:32:19|montoArt --> 161,157024793388
24/08/2021 17:32:19|ivaArt --> 21
24/08/2021 17:32:20|hasarOCX.ImprimirItem --> OK
24/08/2021 17:32:20|Articulo --> q soft toall. hum. aloe y vit. x50 u.
24/08/2021 17:32:20|cantidadArt B --> 1
24/08/2021 17:32:20|PrecVear --> 130
24/08/2021 17:32:20|montoArt --> 107,438016528926
24/08/2021 17:32:20|ivaArt --> 21
24/08/2021 17:32:20|hasarOCX.ImprimirItem --> OK
24/08/2021 17:32:20|Cerrar Comprobante B:::
24/08/2021 17:32:23|Obtiene nrocomp
24/08/2021 17:32:23|nrocomp --> 13577
24/08/2021 17:32:23|Nro. de Comprobante ::: TFB ::: 13577
24/08/2021 17:44:00|cerrando pantalla venta
24/08/2021 17:44:02|Conectando..
24/08/2021 17:44:02|IP: 127.0.0.1 - Puerto: 6500
24/08/2021 17:44:02|Conectado con éxito!!
24/08/2021 17:57:20|Comienza Facturacion B
24/08/2021 17:57:20|DatosCliente B
24/08/2021 17:57:22|AbrirComprobanteFiscal B
24/08/2021 17:57:22|Articulo --> babysec ultra xxgx30 uni
24/08/2021 17:57:22|cantidadArt B --> 1
24/08/2021 17:57:22|PrecVear --> 590
24/08/2021 17:57:22|montoArt --> 487,603305785124
24/08/2021 17:57:22|ivaArt --> 21
24/08/2021 17:57:23|hasarOCX.ImprimirItem --> OK
24/08/2021 17:57:23|Articulo --> varios
24/08/2021 17:57:23|cantidadArt B --> 1
24/08/2021 17:57:23|PrecVear --> 140
24/08/2021 17:57:23|montoArt --> 115,702479338843
24/08/2021 17:57:23|ivaArt --> 21
24/08/2021 17:57:23|hasarOCX.ImprimirItem --> OK
24/08/2021 17:57:23|Articulo --> comodin aposito post parto rosa
24/08/2021 17:57:23|cantidadArt B --> 3
24/08/2021 17:57:23|PrecVear --> 140
24/08/2021 17:57:23|montoArt --> 115,702479338843
24/08/2021 17:57:23|ivaArt --> 21
24/08/2021 17:57:23|hasarOCX.ImprimirItem --> OK
24/08/2021 17:57:23|Articulo --> doncella protector mam. x24u
24/08/2021 17:57:23|cantidadArt B --> 1
24/08/2021 17:57:23|PrecVear --> 190
24/08/2021 17:57:23|montoArt --> 157,02479338843
24/08/2021 17:57:23|ivaArt --> 21
24/08/2021 17:57:24|hasarOCX.ImprimirItem --> OK
24/08/2021 17:57:24|Cerrar Comprobante B:::
24/08/2021 17:57:27|Obtiene nrocomp
24/08/2021 17:57:27|nrocomp --> 13578
24/08/2021 17:57:27|Nro. de Comprobante ::: TFB ::: 13578
24/08/2021 18:10:00|cerrando pantalla venta
24/08/2021 18:10:02|Conectando..
24/08/2021 18:10:02|IP: 127.0.0.1 - Puerto: 6500
24/08/2021 18:10:03|Conectado con éxito!!
24/08/2021 18:17:39|Comienza Facturacion B
24/08/2021 18:17:39|DatosCliente B
24/08/2021 18:17:42|AbrirComprobanteFiscal B
24/08/2021 18:17:42|Articulo --> kimbies toallitas humedas
24/08/2021 18:17:42|cantidadArt B --> 1
24/08/2021 18:17:42|PrecVear --> 130
24/08/2021 18:17:42|montoArt --> 107,438016528926
24/08/2021 18:17:42|ivaArt --> 21
24/08/2021 18:17:42|hasarOCX.ImprimirItem --> OK
24/08/2021 18:17:42|Articulo --> estrella pañal grande x44u
24/08/2021 18:17:42|cantidadArt B --> 1
24/08/2021 18:17:42|PrecVear --> 770
24/08/2021 18:17:42|montoArt --> 636,363636363636
24/08/2021 18:17:42|ivaArt --> 21
24/08/2021 18:17:43|hasarOCX.ImprimirItem --> OK
24/08/2021 18:17:43|Articulo --> babysec ultrasec gx40
24/08/2021 18:17:43|cantidadArt B --> 1
24/08/2021 18:17:43|PrecVear --> 590
24/08/2021 18:17:43|montoArt --> 487,603305785124
24/08/2021 18:17:43|ivaArt --> 21
24/08/2021 18:17:43|hasarOCX.ImprimirItem --> OK
24/08/2021 18:17:43|Cerrar Comprobante B:::
24/08/2021 18:17:46|Obtiene nrocomp
24/08/2021 18:17:46|nrocomp --> 13579
24/08/2021 18:17:46|Nro. de Comprobante ::: TFB ::: 13579
24/08/2021 18:21:54|Comienza Facturacion B
24/08/2021 18:21:54|DatosCliente B
24/08/2021 18:21:56|AbrirComprobanteFiscal B
24/08/2021 18:21:56|Articulo --> saphirus difusores de ambiente mery
24/08/2021 18:21:56|cantidadArt B --> 1
24/08/2021 18:21:56|PrecVear --> 295
24/08/2021 18:21:56|montoArt --> 243,801652892562
24/08/2021 18:21:56|ivaArt --> 21
24/08/2021 18:21:57|hasarOCX.ImprimirItem --> OK
24/08/2021 18:21:57|Articulo --> skip liqx3l d.pack
24/08/2021 18:21:57|cantidadArt B --> 1
24/08/2021 18:21:57|PrecVear --> 540
24/08/2021 18:21:57|montoArt --> 446,280991735537
24/08/2021 18:21:57|ivaArt --> 21
24/08/2021 18:21:57|hasarOCX.ImprimirItem --> OK
24/08/2021 18:21:57|Cerrar Comprobante B:::
24/08/2021 18:22:00|Obtiene nrocomp
24/08/2021 18:22:00|nrocomp --> 13580
24/08/2021 18:22:00|Nro. de Comprobante ::: TFB ::: 13580
24/08/2021 18:33:38|Comienza Facturacion B
24/08/2021 18:33:38|DatosCliente B
24/08/2021 18:33:41|AbrirComprobanteFiscal B
24/08/2021 18:33:41|Articulo --> babysec ultra xgx32 uni
24/08/2021 18:33:41|cantidadArt B --> 1
24/08/2021 18:33:41|PrecVear --> 590
24/08/2021 18:33:41|montoArt --> 487,603305785124
24/08/2021 18:33:41|ivaArt --> 21
24/08/2021 18:33:41|hasarOCX.ImprimirItem --> OK
24/08/2021 18:33:41|Articulo --> dove baby ac x200ml
24/08/2021 18:33:41|cantidadArt B --> 1
24/08/2021 18:33:41|PrecVear --> 210
24/08/2021 18:33:41|montoArt --> 173,553719008264
24/08/2021 18:33:41|ivaArt --> 21
24/08/2021 18:33:41|hasarOCX.ImprimirItem --> OK
24/08/2021 18:33:41|Articulo --> jdove baby jab h sensible x75g
24/08/2021 18:33:41|cantidadArt B --> 1
24/08/2021 18:33:41|PrecVear --> 90
24/08/2021 18:33:41|montoArt --> 74,3801652892562
24/08/2021 18:33:41|ivaArt --> 21
24/08/2021 18:33:42|hasarOCX.ImprimirItem --> OK
24/08/2021 18:33:42|Articulo --> algabo kids champu 350 ml melocoton
24/08/2021 18:33:42|cantidadArt B --> 1
24/08/2021 18:33:42|PrecVear --> 170
24/08/2021 18:33:42|montoArt --> 140,495867768595
24/08/2021 18:33:42|ivaArt --> 21
24/08/2021 18:33:42|hasarOCX.ImprimirItem --> OK
24/08/2021 18:33:42|Cerrar Comprobante B:::
24/08/2021 18:33:45|Obtiene nrocomp
24/08/2021 18:33:45|nrocomp --> 13581
24/08/2021 18:33:45|Nro. de Comprobante ::: TFB ::: 13581
24/08/2021 18:43:55|Comienza Facturacion B
24/08/2021 18:43:55|DatosCliente B
24/08/2021 18:43:58|AbrirComprobanteFiscal B
24/08/2021 18:43:58|Articulo --> cif act.gelx300 limon-5951
24/08/2021 18:43:58|cantidadArt B --> 1
24/08/2021 18:43:58|PrecVear --> 95
24/08/2021 18:43:58|montoArt --> 78,5123966942149
24/08/2021 18:43:58|ivaArt --> 21
24/08/2021 18:43:58|hasarOCX.ImprimirItem --> OK
24/08/2021 18:43:58|Articulo --> dove aero apx89 melon
24/08/2021 18:43:58|cantidadArt B --> 1
24/08/2021 18:43:58|PrecVear --> 220
24/08/2021 18:43:58|montoArt --> 181,818181818182
24/08/2021 18:43:58|ivaArt --> 21
24/08/2021 18:43:58|hasarOCX.ImprimirItem --> OK
24/08/2021 18:43:58|Articulo --> nivea deo aerox150 sens.men protect
24/08/2021 18:43:58|cantidadArt B --> 2
24/08/2021 18:43:58|PrecVear --> 140
24/08/2021 18:43:58|montoArt --> 115,702479338843
24/08/2021 18:43:58|ivaArt --> 21
24/08/2021 18:43:59|hasarOCX.ImprimirItem --> OK
24/08/2021 18:43:59|Articulo --> comfort intense original
24/08/2021 18:43:59|cantidadArt B --> 1
24/08/2021 18:43:59|PrecVear --> 290
24/08/2021 18:43:59|montoArt --> 239,669421487603
24/08/2021 18:43:59|ivaArt --> 21
24/08/2021 18:43:59|hasarOCX.ImprimirItem --> OK
24/08/2021 18:43:59|Articulo --> colgate total 12 x0 g
24/08/2021 18:43:59|cantidadArt B --> 1
24/08/2021 18:43:59|PrecVear --> 420
24/08/2021 18:43:59|montoArt --> 347,107438016529
24/08/2021 18:43:59|ivaArt --> 21
24/08/2021 18:44:00|hasarOCX.ImprimirItem --> OK
24/08/2021 18:44:00|Articulo --> glade aceite escencialharmony
24/08/2021 18:44:00|cantidadArt B --> 1
24/08/2021 18:44:00|PrecVear --> 430
24/08/2021 18:44:00|montoArt --> 355,371900826446
24/08/2021 18:44:00|ivaArt --> 21
24/08/2021 18:44:00|hasarOCX.ImprimirItem --> OK
24/08/2021 18:44:00|Articulo --> lux jabx125 jazmin
24/08/2021 18:44:00|cantidadArt B --> 2
24/08/2021 18:44:00|PrecVear --> 65
24/08/2021 18:44:00|montoArt --> 53,7190082644628
24/08/2021 18:44:00|ivaArt --> 21
24/08/2021 18:44:00|hasarOCX.ImprimirItem --> OK
24/08/2021 18:44:00|Articulo --> media naranja trapo gris reforzado
24/08/2021 18:44:00|cantidadArt B --> 1
24/08/2021 18:44:00|PrecVear --> 130
24/08/2021 18:44:00|montoArt --> 107,438016528926
24/08/2021 18:44:00|ivaArt --> 21
24/08/2021 18:44:01|hasarOCX.ImprimirItem --> OK
24/08/2021 18:44:01|Articulo --> felpita maxirollo x240u dh
24/08/2021 18:44:01|cantidadArt B --> 4
24/08/2021 18:44:01|PrecVear --> 105
24/08/2021 18:44:01|montoArt --> 86,7768595041322
24/08/2021 18:44:01|ivaArt --> 21
24/08/2021 18:44:01|hasarOCX.ImprimirItem --> OK
24/08/2021 18:44:01|Cerrar Comprobante B:::
24/08/2021 18:44:04|Obtiene nrocomp
24/08/2021 18:44:04|nrocomp --> 13582
24/08/2021 18:44:04|Nro. de Comprobante ::: TFB ::: 13582
24/08/2021 18:46:54|Comienza Facturacion B
24/08/2021 18:46:54|DatosCliente B
24/08/2021 18:46:56|AbrirComprobanteFiscal B
24/08/2021 18:46:56|Articulo --> huggies supreme care xg 52
24/08/2021 18:46:56|cantidadArt B --> 1
24/08/2021 18:46:56|PrecVear --> 1480
24/08/2021 18:46:56|montoArt --> 1223,14049586777
24/08/2021 18:46:56|ivaArt --> 21
24/08/2021 18:46:57|hasarOCX.ImprimirItem --> OK
24/08/2021 18:46:57|Articulo --> dove jabon antibacterial
24/08/2021 18:46:57|cantidadArt B --> 1
24/08/2021 18:46:57|PrecVear --> 85
24/08/2021 18:46:57|montoArt --> 70,2479338842975
24/08/2021 18:46:57|ivaArt --> 21
24/08/2021 18:46:57|hasarOCX.ImprimirItem --> OK
24/08/2021 18:46:57|Articulo --> notras invisble x16
24/08/2021 18:46:57|cantidadArt B --> 1
24/08/2021 18:46:57|PrecVear --> 240
24/08/2021 18:46:57|montoArt --> 198,347107438017
24/08/2021 18:46:57|ivaArt --> 21
24/08/2021 18:46:57|hasarOCX.ImprimirItem --> OK
24/08/2021 18:46:57|Articulo --> magistral esp.activax300 limon
24/08/2021 18:46:57|cantidadArt B --> 1
24/08/2021 18:46:57|PrecVear --> 99
24/08/2021 18:46:57|montoArt --> 81,8181818181818
24/08/2021 18:46:57|ivaArt --> 21
24/08/2021 18:46:58|hasarOCX.ImprimirItem --> OK
24/08/2021 18:46:58|Articulo --> bolsas de residuos 45*60
24/08/2021 18:46:58|cantidadArt B --> 1
24/08/2021 18:46:58|PrecVear --> 59
24/08/2021 18:46:58|montoArt --> 48,7603305785124
24/08/2021 18:46:58|ivaArt --> 21
24/08/2021 18:46:58|hasarOCX.ImprimirItem --> OK
24/08/2021 18:46:58|Cerrar Comprobante B:::
24/08/2021 18:47:01|Obtiene nrocomp
24/08/2021 18:47:01|nrocomp --> 13583
24/08/2021 18:47:01|Nro. de Comprobante ::: TFB ::: 13583
24/08/2021 18:51:57|Comienza Facturacion B
24/08/2021 18:51:57|DatosCliente B
24/08/2021 18:52:00|AbrirComprobanteFiscal B
24/08/2021 18:52:00|Articulo --> varios
24/08/2021 18:52:00|cantidadArt B --> 2
24/08/2021 18:52:00|PrecVear --> 40
24/08/2021 18:52:00|montoArt --> 33,0578512396694
24/08/2021 18:52:00|ivaArt --> 21
24/08/2021 18:52:00|hasarOCX.ImprimirItem --> OK
24/08/2021 18:52:00|Articulo --> varios
24/08/2021 18:52:00|cantidadArt B --> 1
24/08/2021 18:52:00|PrecVear --> 150
24/08/2021 18:52:00|montoArt --> 123,96694214876
24/08/2021 18:52:00|ivaArt --> 21
24/08/2021 18:52:00|hasarOCX.ImprimirItem --> OK
24/08/2021 18:52:00|Articulo --> vivere x3l violetas y flores blancas
24/08/2021 18:52:00|cantidadArt B --> 1
24/08/2021 18:52:00|PrecVear --> 420
24/08/2021 18:52:00|montoArt --> 347,107438016529
24/08/2021 18:52:00|ivaArt --> 21
24/08/2021 18:52:01|hasarOCX.ImprimirItem --> OK
24/08/2021 18:52:01|Articulo --> saphirus sanitizante x500 ml
24/08/2021 18:52:01|cantidadArt B --> 1
24/08/2021 18:52:01|PrecVear --> 290
24/08/2021 18:52:01|montoArt --> 239,669421487603
24/08/2021 18:52:01|ivaArt --> 21
24/08/2021 18:52:01|hasarOCX.ImprimirItem --> OK
24/08/2021 18:52:01|Articulo --> el coloso broches de plastico
24/08/2021 18:52:01|cantidadArt B --> 2
24/08/2021 18:52:01|PrecVear --> 110
24/08/2021 18:52:01|montoArt --> 90,9090909090909
24/08/2021 18:52:01|ivaArt --> 21
24/08/2021 18:52:02|hasarOCX.ImprimirItem --> OK
24/08/2021 18:52:02|Cerrar Comprobante B:::
24/08/2021 18:52:05|Obtiene nrocomp
24/08/2021 18:52:05|nrocomp --> 13584
24/08/2021 18:52:05|Nro. de Comprobante ::: TFB ::: 13584
24/08/2021 18:53:35|Comienza Facturacion B
24/08/2021 18:53:35|DatosCliente B
24/08/2021 18:53:38|AbrirComprobanteFiscal B
24/08/2021 18:53:38|Articulo --> ladysoft normx8 c/aloe c/alas
24/08/2021 18:53:38|cantidadArt B --> 5
24/08/2021 18:53:38|PrecVear --> 60
24/08/2021 18:53:38|montoArt --> 49,5867768595041
24/08/2021 18:53:38|ivaArt --> 21
24/08/2021 18:53:38|hasarOCX.ImprimirItem --> OK
24/08/2021 18:53:38|Cerrar Comprobante B:::
24/08/2021 18:53:41|Obtiene nrocomp
24/08/2021 18:53:41|nrocomp --> 13585
24/08/2021 18:53:41|Nro. de Comprobante ::: TFB ::: 13585
24/08/2021 19:17:51|Comienza Facturacion B
24/08/2021 19:17:51|DatosCliente B
24/08/2021 19:17:54|AbrirComprobanteFiscal B
24/08/2021 19:17:54|Articulo --> simply baby jabon oferta x2
24/08/2021 19:17:54|cantidadArt B --> 1
24/08/2021 19:17:54|PrecVear --> 99
24/08/2021 19:17:54|montoArt --> 81,8181818181818
24/08/2021 19:17:54|ivaArt --> 21
24/08/2021 19:17:54|hasarOCX.ImprimirItem --> OK
24/08/2021 19:17:54|Articulo --> simply baby jabon oferta x2
24/08/2021 19:17:54|cantidadArt B --> 1
24/08/2021 19:17:54|PrecVear --> 99
24/08/2021 19:17:54|montoArt --> 81,8181818181818
24/08/2021 19:17:54|ivaArt --> 21
24/08/2021 19:17:55|hasarOCX.ImprimirItem --> OK
24/08/2021 19:17:55|Articulo --> farmaclean mascara puntos negros sobre x7ml
24/08/2021 19:17:55|cantidadArt B --> 1
24/08/2021 19:17:55|PrecVear --> 100
24/08/2021 19:17:55|montoArt --> 82,6446280991736
24/08/2021 19:17:55|ivaArt --> 21
24/08/2021 19:17:55|hasarOCX.ImprimirItem --> OK
24/08/2021 19:17:55|Articulo --> ponds crema 'c' x100gr
24/08/2021 19:17:55|cantidadArt B --> 1
24/08/2021 19:17:55|PrecVear --> 298
24/08/2021 19:17:55|montoArt --> 246,280991735537
24/08/2021 19:17:55|ivaArt --> 21
24/08/2021 19:17:55|hasarOCX.ImprimirItem --> OK
24/08/2021 19:17:55|Articulo --> saphirus mini concentrado invicto
24/08/2021 19:17:55|cantidadArt B --> 1
24/08/2021 19:17:55|PrecVear --> 165
24/08/2021 19:17:55|montoArt --> 136,363636363636
24/08/2021 19:17:55|ivaArt --> 21
24/08/2021 19:17:56|hasarOCX.ImprimirItem --> OK
24/08/2021 19:17:56|Articulo --> plusbelle jabx125 hum.cremoso
24/08/2021 19:17:56|cantidadArt B --> 1
24/08/2021 19:17:56|PrecVear --> 63
24/08/2021 19:17:56|montoArt --> 52,0661157024793
24/08/2021 19:17:56|ivaArt --> 21
24/08/2021 19:17:56|hasarOCX.ImprimirItem --> OK
24/08/2021 19:17:56|Cerrar Comprobante B:::
24/08/2021 19:17:59|Obtiene nrocomp
24/08/2021 19:17:59|nrocomp --> 13586
24/08/2021 19:17:59|Nro. de Comprobante ::: TFB ::: 13586
24/08/2021 19:25:47|cerrando pantalla venta
24/08/2021 19:25:57|*************COMIENZA Cierre  Z**********
24/08/2021 19:26:05|CIERRE Z
Cierre Z Nº =[462]
Fecha del Cierre        =[24/08/2021 0:00:00]
DF Emitidos             =[41]
DF Cancelados           =[0]
DF Total                =[6453504]
DF Total Gravado        =[5333478]
DF Total No Gravado     =[0]
DF Total Exento         =[0]
DF Total IVA            =[1120026]
DF Total Otros Tributos =[0]
NC Emitidas             =[0]
NC Canceladas           =[0]
NC Total                =[0]
NC Total Gravado        =[0]
NC Total No Gravado     =[0]
NC Total Exento         =[0]
NC Total IVA            =[0]
NC Total Otros Tributos =[0]
DNFH Emitidos           =[0]
DNFH Total              =[0]

