17/08/2022 8:52:26|Conectando..
17/08/2022 8:52:26|IP: 127.0.0.1 - Puerto: 6500
17/08/2022 8:52:27|Conectado con éxito!!
17/08/2022 9:26:37|Comienza Facturacion B
17/08/2022 9:26:37|DatosCliente B
17/08/2022 9:26:40|AbrirComprobanteFiscal B
17/08/2022 9:26:40|Articulo --> ala jabon en pan coco
17/08/2022 9:26:40|cantidadArt B --> 1
17/08/2022 9:26:40|PrecVear --> 120
17/08/2022 9:26:40|montoArt --> 99,1735537190083
17/08/2022 9:26:40|ivaArt --> 21
17/08/2022 9:26:40|hasarOCX.ImprimirItem --> OK
17/08/2022 9:26:40|Articulo --> poett desinfectante lavanda
17/08/2022 9:26:40|cantidadArt B --> 1
17/08/2022 9:26:40|PrecVear --> 140
17/08/2022 9:26:40|montoArt --> 115,702479338843
17/08/2022 9:26:40|ivaArt --> 21
17/08/2022 9:26:41|hasarOCX.ImprimirItem --> OK
17/08/2022 9:26:41|Articulo --> ala camellito d.pack x120ml
17/08/2022 9:26:41|cantidadArt B --> 1
17/08/2022 9:26:41|PrecVear --> 98
17/08/2022 9:26:41|montoArt --> 80,9917355371901
17/08/2022 9:26:41|ivaArt --> 21
17/08/2022 9:26:41|hasarOCX.ImprimirItem --> OK
17/08/2022 9:26:41|Articulo --> dove jabon x90 blanco
17/08/2022 9:26:41|cantidadArt B --> 1
17/08/2022 9:26:41|PrecVear --> 190
17/08/2022 9:26:41|montoArt --> 157,02479338843
17/08/2022 9:26:41|ivaArt --> 21
17/08/2022 9:26:42|hasarOCX.ImprimirItem --> OK
17/08/2022 9:26:42|Cerrar Comprobante B:::
17/08/2022 9:26:45|Obtiene nrocomp
17/08/2022 9:26:45|nrocomp --> 25865
17/08/2022 9:26:45|Nro. de Comprobante ::: TFB ::: 25865
17/08/2022 9:26:45|Ety.TicketFiscal: 25865
17/08/2022 9:28:31|Comienza Facturacion B
17/08/2022 9:28:32|DatosCliente B
17/08/2022 9:28:34|AbrirComprobanteFiscal B
17/08/2022 9:28:34|Articulo --> estrella pañal junior x30u
17/08/2022 9:28:34|cantidadArt B --> 2
17/08/2022 9:28:34|PrecVear --> 1880
17/08/2022 9:28:34|montoArt --> 1553,71900826446
17/08/2022 9:28:34|ivaArt --> 21
17/08/2022 9:28:34|hasarOCX.ImprimirItem --> OK
17/08/2022 9:28:34|Articulo --> sedal chx300ml d.pack bomba argan
17/08/2022 9:28:34|cantidadArt B --> 2
17/08/2022 9:28:34|PrecVear --> 280
17/08/2022 9:28:34|montoArt --> 231,404958677686
17/08/2022 9:28:34|ivaArt --> 21
17/08/2022 9:28:35|hasarOCX.ImprimirItem --> OK
17/08/2022 9:28:35|Cerrar Comprobante B:::
17/08/2022 9:28:38|Obtiene nrocomp
17/08/2022 9:28:38|nrocomp --> 25866
17/08/2022 9:28:38|Nro. de Comprobante ::: TFB ::: 25866
17/08/2022 9:28:38|Ety.TicketFiscal: 25866
17/08/2022 9:45:32|cerrando pantalla venta
17/08/2022 9:45:42|Conectando..
17/08/2022 9:45:42|IP: 127.0.0.1 - Puerto: 6500
17/08/2022 9:45:43|Conectado con éxito!!
17/08/2022 9:45:51|cerrando pantalla venta
17/08/2022 9:45:55|Conectando..
17/08/2022 9:45:55|IP: 127.0.0.1 - Puerto: 6500
17/08/2022 9:45:56|Conectado con éxito!!
17/08/2022 10:05:28|Comienza Facturacion B
17/08/2022 10:05:28|DatosCliente B
17/08/2022 10:05:30|AbrirComprobanteFiscal B
17/08/2022 10:05:30|Articulo --> algabo quitaesmalte 50 ml c/keratina
17/08/2022 10:05:30|cantidadArt B --> 1
17/08/2022 10:05:30|PrecVear --> 95
17/08/2022 10:05:30|montoArt --> 78,5123966942149
17/08/2022 10:05:30|ivaArt --> 21
17/08/2022 10:05:31|hasarOCX.ImprimirItem --> OK
17/08/2022 10:05:31|Articulo --> varios
17/08/2022 10:05:31|cantidadArt B --> 1
17/08/2022 10:05:31|PrecVear --> 1120
17/08/2022 10:05:31|montoArt --> 925,619834710744
17/08/2022 10:05:31|ivaArt --> 21
17/08/2022 10:05:31|hasarOCX.ImprimirItem --> OK
17/08/2022 10:05:31|Articulo --> varios
17/08/2022 10:05:31|cantidadArt B --> 1
17/08/2022 10:05:31|PrecVear --> 180
17/08/2022 10:05:31|montoArt --> 148,760330578512
17/08/2022 10:05:31|ivaArt --> 21
17/08/2022 10:05:31|hasarOCX.ImprimirItem --> OK
17/08/2022 10:05:31|Articulo --> varios
17/08/2022 10:05:31|cantidadArt B --> 2
17/08/2022 10:05:31|PrecVear --> 240
17/08/2022 10:05:31|montoArt --> 198,347107438017
17/08/2022 10:05:31|ivaArt --> 21
17/08/2022 10:05:32|hasarOCX.ImprimirItem --> OK
17/08/2022 10:05:32|Articulo --> ladysoft normx8 c/aloe c/alas
17/08/2022 10:05:32|cantidadArt B --> 1
17/08/2022 10:05:32|PrecVear --> 130
17/08/2022 10:05:32|montoArt --> 107,438016528926
17/08/2022 10:05:32|ivaArt --> 21
17/08/2022 10:05:32|hasarOCX.ImprimirItem --> OK
17/08/2022 10:05:32|Articulo --> mary bosques argan
17/08/2022 10:05:32|cantidadArt B --> 1
17/08/2022 10:05:32|PrecVear --> 120
17/08/2022 10:05:32|montoArt --> 99,1735537190083
17/08/2022 10:05:32|ivaArt --> 21
17/08/2022 10:05:32|hasarOCX.ImprimirItem --> OK
17/08/2022 10:05:32|Articulo --> saphirus mini concentrado 'angel
17/08/2022 10:05:32|cantidadArt B --> 1
17/08/2022 10:05:32|PrecVear --> 250
17/08/2022 10:05:32|montoArt --> 206,611570247934
17/08/2022 10:05:32|ivaArt --> 21
17/08/2022 10:05:33|hasarOCX.ImprimirItem --> OK
17/08/2022 10:05:33|Articulo --> saphirus sanitizante x60 ml
17/08/2022 10:05:33|cantidadArt B --> 1
17/08/2022 10:05:33|PrecVear --> 210
17/08/2022 10:05:33|montoArt --> 173,553719008264
17/08/2022 10:05:33|ivaArt --> 21
17/08/2022 10:05:33|hasarOCX.ImprimirItem --> OK
17/08/2022 10:05:33|Articulo --> las pepas deo
17/08/2022 10:05:33|cantidadArt B --> 1
17/08/2022 10:05:33|PrecVear --> 590
17/08/2022 10:05:33|montoArt --> 487,603305785124
17/08/2022 10:05:33|ivaArt --> 21
17/08/2022 10:05:33|hasarOCX.ImprimirItem --> OK
17/08/2022 10:05:33|Articulo --> lysoform inod.adhesiv.fresc.extrem
17/08/2022 10:05:33|cantidadArt B --> 1
17/08/2022 10:05:33|PrecVear --> 175
17/08/2022 10:05:33|montoArt --> 144,628099173554
17/08/2022 10:05:33|ivaArt --> 21
17/08/2022 10:05:34|hasarOCX.ImprimirItem --> OK
17/08/2022 10:05:34|Articulo --> saphirus tarjeta aromatica
17/08/2022 10:05:34|cantidadArt B --> 1
17/08/2022 10:05:34|PrecVear --> 610
17/08/2022 10:05:34|montoArt --> 504,132231404959
17/08/2022 10:05:34|ivaArt --> 21
17/08/2022 10:05:34|hasarOCX.ImprimirItem --> OK
17/08/2022 10:05:34|Cerrar Comprobante B:::
17/08/2022 10:05:37|Obtiene nrocomp
17/08/2022 10:05:37|nrocomp --> 25867
17/08/2022 10:05:37|Nro. de Comprobante ::: TFB ::: 25867
17/08/2022 10:05:37|Ety.TicketFiscal: 25867
17/08/2022 10:10:21|Comienza Facturacion B
17/08/2022 10:10:21|DatosCliente B
17/08/2022 10:10:24|AbrirComprobanteFiscal B
17/08/2022 10:10:24|Articulo --> andrea borgonovo top coat
17/08/2022 10:10:24|cantidadArt B --> 1
17/08/2022 10:10:24|PrecVear --> 380
17/08/2022 10:10:24|montoArt --> 314,04958677686
17/08/2022 10:10:24|ivaArt --> 21
17/08/2022 10:10:24|hasarOCX.ImprimirItem --> OK
17/08/2022 10:10:24|Articulo --> varios
17/08/2022 10:10:24|cantidadArt B --> 1
17/08/2022 10:10:24|PrecVear --> 1170
17/08/2022 10:10:24|montoArt --> 966,942148760331
17/08/2022 10:10:24|ivaArt --> 21
17/08/2022 10:10:25|hasarOCX.ImprimirItem --> OK
17/08/2022 10:10:25|Cerrar Comprobante B:::
17/08/2022 10:10:28|Obtiene nrocomp
17/08/2022 10:10:28|nrocomp --> 25868
17/08/2022 10:10:28|Nro. de Comprobante ::: TFB ::: 25868
17/08/2022 10:10:28|Ety.TicketFiscal: 25868
17/08/2022 10:20:05|Comienza Facturacion B
17/08/2022 10:20:05|DatosCliente B
17/08/2022 10:20:09|AbrirComprobanteFiscal B
17/08/2022 10:20:09|Articulo --> jyj x200 ml sh celeste
17/08/2022 10:20:09|cantidadArt B --> 1
17/08/2022 10:20:09|PrecVear --> 490
17/08/2022 10:20:09|montoArt --> 404,95867768595
17/08/2022 10:20:09|ivaArt --> 21
17/08/2022 10:20:09|hasarOCX.ImprimirItem --> OK
17/08/2022 10:20:09|Articulo --> hinds crema rosa x125 ml
17/08/2022 10:20:09|cantidadArt B --> 1
17/08/2022 10:20:09|PrecVear --> 300
17/08/2022 10:20:09|montoArt --> 247,933884297521
17/08/2022 10:20:09|ivaArt --> 21
17/08/2022 10:20:10|hasarOCX.ImprimirItem --> OK
17/08/2022 10:20:10|Articulo --> ideal toallitas aloe vera
17/08/2022 10:20:10|cantidadArt B --> 1
17/08/2022 10:20:10|PrecVear --> 195
17/08/2022 10:20:10|montoArt --> 161,157024793388
17/08/2022 10:20:10|ivaArt --> 21
17/08/2022 10:20:10|hasarOCX.ImprimirItem --> OK
17/08/2022 10:20:10|Articulo --> nieva crema corporal x250 aloe vera
17/08/2022 10:20:10|cantidadArt B --> 1
17/08/2022 10:20:10|PrecVear --> 530
17/08/2022 10:20:10|montoArt --> 438,01652892562
17/08/2022 10:20:10|ivaArt --> 21
17/08/2022 10:20:10|hasarOCX.ImprimirItem --> OK
17/08/2022 10:20:10|Articulo --> babysec ultra xgx32 uni
17/08/2022 10:20:10|cantidadArt B --> 1
17/08/2022 10:20:10|PrecVear --> 1320
17/08/2022 10:20:10|montoArt --> 1090,90909090909
17/08/2022 10:20:10|ivaArt --> 21
17/08/2022 10:20:11|hasarOCX.ImprimirItem --> OK
17/08/2022 10:20:11|Articulo --> doncella toallas ultrafina t.suave x8
17/08/2022 10:20:11|cantidadArt B --> 1
17/08/2022 10:20:11|PrecVear --> 140
17/08/2022 10:20:11|montoArt --> 115,702479338843
17/08/2022 10:20:11|ivaArt --> 21
17/08/2022 10:20:11|hasarOCX.ImprimirItem --> OK
17/08/2022 10:20:11|Articulo --> doncella toalla femenina tanga
17/08/2022 10:20:11|cantidadArt B --> 1
17/08/2022 10:20:11|PrecVear --> 110
17/08/2022 10:20:11|montoArt --> 90,9090909090909
17/08/2022 10:20:11|ivaArt --> 21
17/08/2022 10:20:11|hasarOCX.ImprimirItem --> OK
17/08/2022 10:20:11|Cerrar Comprobante B:::
17/08/2022 10:20:14|Obtiene nrocomp
17/08/2022 10:20:15|nrocomp --> 25869
17/08/2022 10:20:15|Nro. de Comprobante ::: TFB ::: 25869
17/08/2022 10:20:15|Ety.TicketFiscal: 25869
17/08/2022 10:40:57|Comienza Facturacion B
17/08/2022 10:40:57|DatosCliente B
17/08/2022 10:40:59|AbrirComprobanteFiscal B
17/08/2022 10:40:59|Articulo --> trux guantes de latex med
17/08/2022 10:40:59|cantidadArt B --> 1
17/08/2022 10:40:59|PrecVear --> 950
17/08/2022 10:40:59|montoArt --> 785,123966942149
17/08/2022 10:40:59|ivaArt --> 21
17/08/2022 10:41:00|hasarOCX.ImprimirItem --> OK
17/08/2022 10:41:00|Articulo --> gasa suez 10x10cm x10un.
17/08/2022 10:41:00|cantidadArt B --> 1
17/08/2022 10:41:00|PrecVear --> 350
17/08/2022 10:41:00|montoArt --> 289,256198347107
17/08/2022 10:41:00|ivaArt --> 21
17/08/2022 10:41:00|hasarOCX.ImprimirItem --> OK
17/08/2022 10:41:00|Articulo --> hipoalergenic cinta con carrete
17/08/2022 10:41:00|cantidadArt B --> 1
17/08/2022 10:41:00|PrecVear --> 230
17/08/2022 10:41:00|montoArt --> 190,082644628099
17/08/2022 10:41:00|ivaArt --> 21
17/08/2022 10:41:00|hasarOCX.ImprimirItem --> OK
17/08/2022 10:41:00|Cerrar Comprobante B:::
17/08/2022 10:41:03|Obtiene nrocomp
17/08/2022 10:41:04|nrocomp --> 25870
17/08/2022 10:41:04|Nro. de Comprobante ::: TFB ::: 25870
17/08/2022 10:41:04|Ety.TicketFiscal: 25870
17/08/2022 10:46:30|Comienza Facturacion B
17/08/2022 10:46:30|DatosCliente B
17/08/2022 10:46:32|AbrirComprobanteFiscal B
17/08/2022 10:46:32|Articulo --> axe deo black
17/08/2022 10:46:32|cantidadArt B --> 2
17/08/2022 10:46:32|PrecVear --> 320
17/08/2022 10:46:32|montoArt --> 264,462809917355
17/08/2022 10:46:32|ivaArt --> 21
17/08/2022 10:46:33|hasarOCX.ImprimirItem --> OK
17/08/2022 10:46:33|Articulo --> sedal chx300ml d.pack ceramidas
17/08/2022 10:46:33|cantidadArt B --> 4
17/08/2022 10:46:33|PrecVear --> 280
17/08/2022 10:46:33|montoArt --> 231,404958677686
17/08/2022 10:46:33|ivaArt --> 21
17/08/2022 10:46:33|hasarOCX.ImprimirItem --> OK
17/08/2022 10:46:33|Articulo --> pantene x400ml
17/08/2022 10:46:33|cantidadArt B --> 1
17/08/2022 10:46:33|PrecVear --> 680
17/08/2022 10:46:33|montoArt --> 561,98347107438
17/08/2022 10:46:33|ivaArt --> 21
17/08/2022 10:46:33|hasarOCX.ImprimirItem --> OK
17/08/2022 10:46:33|Articulo --> pantene x400ml bambu
17/08/2022 10:46:33|cantidadArt B --> 1
17/08/2022 10:46:33|PrecVear --> 680
17/08/2022 10:46:33|montoArt --> 561,98347107438
17/08/2022 10:46:33|ivaArt --> 21
17/08/2022 10:46:34|hasarOCX.ImprimirItem --> OK
17/08/2022 10:46:34|Articulo --> pantene sh bambu x400ml nvo
17/08/2022 10:46:34|cantidadArt B --> 1
17/08/2022 10:46:34|PrecVear --> 680
17/08/2022 10:46:34|montoArt --> 561,98347107438
17/08/2022 10:46:34|ivaArt --> 21
17/08/2022 10:46:34|hasarOCX.ImprimirItem --> OK
17/08/2022 10:46:34|Articulo --> pantene x400ml
17/08/2022 10:46:34|cantidadArt B --> 1
17/08/2022 10:46:34|PrecVear --> 680
17/08/2022 10:46:34|montoArt --> 561,98347107438
17/08/2022 10:46:34|ivaArt --> 21
17/08/2022 10:46:34|hasarOCX.ImprimirItem --> OK
17/08/2022 10:46:34|Articulo --> capilatis sh ortiga cab grasos
17/08/2022 10:46:34|cantidadArt B --> 1
17/08/2022 10:46:34|PrecVear --> 750
17/08/2022 10:46:34|montoArt --> 619,834710743802
17/08/2022 10:46:34|ivaArt --> 21
17/08/2022 10:46:35|hasarOCX.ImprimirItem --> OK
17/08/2022 10:46:35|Articulo --> bicarbonato de sodio x250 g
17/08/2022 10:46:35|cantidadArt B --> 1
17/08/2022 10:46:35|PrecVear --> 320
17/08/2022 10:46:35|montoArt --> 264,462809917355
17/08/2022 10:46:35|ivaArt --> 21
17/08/2022 10:46:35|hasarOCX.ImprimirItem --> OK
17/08/2022 10:46:35|Articulo --> gillette  azul x unidad
17/08/2022 10:46:35|cantidadArt B --> 4
17/08/2022 10:46:35|PrecVear --> 165
17/08/2022 10:46:35|montoArt --> 136,363636363636
17/08/2022 10:46:35|ivaArt --> 21
17/08/2022 10:46:36|hasarOCX.ImprimirItem --> OK
17/08/2022 10:46:36|Articulo --> lux jabx125 jazmin
17/08/2022 10:46:36|cantidadArt B --> 3
17/08/2022 10:46:36|PrecVear --> 140
17/08/2022 10:46:36|montoArt --> 115,702479338843
17/08/2022 10:46:36|ivaArt --> 21
17/08/2022 10:46:36|hasarOCX.ImprimirItem --> OK
17/08/2022 10:46:36|Articulo --> blem embellece doy pack x450
17/08/2022 10:46:36|cantidadArt B --> 1
17/08/2022 10:46:36|PrecVear --> 450
17/08/2022 10:46:36|montoArt --> 371,900826446281
17/08/2022 10:46:36|ivaArt --> 21
17/08/2022 10:46:36|hasarOCX.ImprimirItem --> OK
17/08/2022 10:46:36|Articulo --> ayudin quitamanchas x400
17/08/2022 10:46:36|cantidadArt B --> 1
17/08/2022 10:46:36|PrecVear --> 210
17/08/2022 10:46:36|montoArt --> 173,553719008264
17/08/2022 10:46:36|ivaArt --> 21
17/08/2022 10:46:37|hasarOCX.ImprimirItem --> OK
17/08/2022 10:46:37|Articulo --> cif baño dp
17/08/2022 10:46:37|cantidadArt B --> 1
17/08/2022 10:46:37|PrecVear --> 150
17/08/2022 10:46:37|montoArt --> 123,96694214876
17/08/2022 10:46:37|ivaArt --> 21
17/08/2022 10:46:37|hasarOCX.ImprimirItem --> OK
17/08/2022 10:46:37|Cerrar Comprobante B:::
17/08/2022 10:46:40|Obtiene nrocomp
17/08/2022 10:46:40|nrocomp --> 25871
17/08/2022 10:46:40|Nro. de Comprobante ::: TFB ::: 25871
17/08/2022 10:46:40|Ety.TicketFiscal: 25871
17/08/2022 10:53:37|Comienza Facturacion B
17/08/2022 10:53:37|DatosCliente B
17/08/2022 10:53:39|AbrirComprobanteFiscal B
17/08/2022 10:53:39|Articulo --> bagovit sh y ac x350
17/08/2022 10:53:39|cantidadArt B --> 1
17/08/2022 10:53:39|PrecVear --> 760
17/08/2022 10:53:39|montoArt --> 628,099173553719
17/08/2022 10:53:39|ivaArt --> 21
17/08/2022 10:53:40|hasarOCX.ImprimirItem --> OK
17/08/2022 10:53:40|Articulo --> bagovit sh y ac x350
17/08/2022 10:53:40|cantidadArt B --> 1
17/08/2022 10:53:40|PrecVear --> 760
17/08/2022 10:53:40|montoArt --> 628,099173553719
17/08/2022 10:53:40|ivaArt --> 21
17/08/2022 10:53:40|hasarOCX.ImprimirItem --> OK
17/08/2022 10:53:40|Articulo --> tonico hidratante nutritivo x500ml
17/08/2022 10:53:40|cantidadArt B --> 1
17/08/2022 10:53:40|PrecVear --> 850
17/08/2022 10:53:40|montoArt --> 702,479338842975
17/08/2022 10:53:40|ivaArt --> 21
17/08/2022 10:53:40|hasarOCX.ImprimirItem --> OK
17/08/2022 10:53:40|Articulo --> tejar esmalte trataminto
17/08/2022 10:53:40|cantidadArt B --> 1
17/08/2022 10:53:40|PrecVear --> 290
17/08/2022 10:53:40|montoArt --> 239,669421487603
17/08/2022 10:53:40|ivaArt --> 21
17/08/2022 10:53:41|hasarOCX.ImprimirItem --> OK
17/08/2022 10:53:41|Articulo --> nivea creme lata x60
17/08/2022 10:53:41|cantidadArt B --> 1
17/08/2022 10:53:41|PrecVear --> 370
17/08/2022 10:53:41|montoArt --> 305,785123966942
17/08/2022 10:53:41|ivaArt --> 21
17/08/2022 10:53:41|hasarOCX.ImprimirItem --> OK
17/08/2022 10:53:41|Articulo --> lux jab liq dp jazmin
17/08/2022 10:53:41|cantidadArt B --> 1
17/08/2022 10:53:41|PrecVear --> 260
17/08/2022 10:53:41|montoArt --> 214,876033057851
17/08/2022 10:53:41|ivaArt --> 21
17/08/2022 10:53:42|hasarOCX.ImprimirItem --> OK
17/08/2022 10:53:42|Cerrar Comprobante B:::
17/08/2022 10:53:45|Obtiene nrocomp
17/08/2022 10:53:45|nrocomp --> 25872
17/08/2022 10:53:45|Nro. de Comprobante ::: TFB ::: 25872
17/08/2022 10:53:45|Ety.TicketFiscal: 25872
17/08/2022 11:16:48|Comienza Facturacion B
17/08/2022 11:16:49|DatosCliente B
17/08/2022 11:16:51|AbrirComprobanteFiscal B
17/08/2022 11:16:51|Articulo --> repasador
17/08/2022 11:16:51|cantidadArt B --> 1
17/08/2022 11:16:51|PrecVear --> 670
17/08/2022 11:16:51|montoArt --> 553,719008264463
17/08/2022 11:16:51|ivaArt --> 21
17/08/2022 11:16:52|hasarOCX.ImprimirItem --> OK
17/08/2022 11:16:52|Articulo --> cortina de baño 1,80x1,80m goldar v
17/08/2022 11:16:52|cantidadArt B --> 1
17/08/2022 11:16:52|PrecVear --> 220
17/08/2022 11:16:52|montoArt --> 181,818181818182
17/08/2022 11:16:52|ivaArt --> 21
17/08/2022 11:16:52|hasarOCX.ImprimirItem --> OK
17/08/2022 11:16:52|Articulo --> downy 1l
17/08/2022 11:16:52|cantidadArt B --> 1
17/08/2022 11:16:52|PrecVear --> 870
17/08/2022 11:16:52|montoArt --> 719,00826446281
17/08/2022 11:16:52|ivaArt --> 21
17/08/2022 11:16:52|hasarOCX.ImprimirItem --> OK
17/08/2022 11:16:52|Articulo --> cif pisosx750 oxy gel -922902
17/08/2022 11:16:52|cantidadArt B --> 1
17/08/2022 11:16:52|PrecVear --> 310
17/08/2022 11:16:52|montoArt --> 256,198347107438
17/08/2022 11:16:52|ivaArt --> 21
17/08/2022 11:16:53|hasarOCX.ImprimirItem --> OK
17/08/2022 11:16:53|Cerrar Comprobante B:::
17/08/2022 11:16:56|Obtiene nrocomp
17/08/2022 11:16:56|nrocomp --> 25873
17/08/2022 11:16:56|Nro. de Comprobante ::: TFB ::: 25873
17/08/2022 11:16:56|Ety.TicketFiscal: 25873
17/08/2022 11:41:24|Comienza Facturacion B
17/08/2022 11:41:24|DatosCliente B
17/08/2022 11:41:27|AbrirComprobanteFiscal B
17/08/2022 11:41:27|Articulo --> babysec ultrasec xg x52
17/08/2022 11:41:27|cantidadArt B --> 1
17/08/2022 11:41:27|PrecVear --> 1990
17/08/2022 11:41:27|montoArt --> 1644,62809917355
17/08/2022 11:41:27|ivaArt --> 21
17/08/2022 11:41:27|hasarOCX.ImprimirItem --> OK
17/08/2022 11:41:27|Cerrar Comprobante B:::
17/08/2022 11:41:30|Obtiene nrocomp
17/08/2022 11:41:30|nrocomp --> 25874
17/08/2022 11:41:30|Nro. de Comprobante ::: TFB ::: 25874
17/08/2022 11:41:30|Ety.TicketFiscal: 25874
17/08/2022 11:46:58|cerrando pantalla venta
17/08/2022 11:47:07|Conectando..
17/08/2022 11:47:07|IP: 127.0.0.1 - Puerto: 6500
17/08/2022 11:47:08|Conectado con éxito!!
17/08/2022 11:47:11|cerrando pantalla venta
17/08/2022 11:47:42|Conectando..
17/08/2022 11:47:42|IP: 127.0.0.1 - Puerto: 6500
17/08/2022 11:47:43|Conectado con éxito!!
17/08/2022 11:53:51|Comienza Facturacion B
17/08/2022 11:53:51|DatosCliente B
17/08/2022 11:53:53|AbrirComprobanteFiscal B
17/08/2022 11:53:53|Articulo --> frilayp baño capilar keratina x 1kg
17/08/2022 11:53:53|cantidadArt B --> 1
17/08/2022 11:53:53|PrecVear --> 1400
17/08/2022 11:53:53|montoArt --> 1157,02479338843
17/08/2022 11:53:53|ivaArt --> 21
17/08/2022 11:53:54|hasarOCX.ImprimirItem --> OK
17/08/2022 11:53:54|Articulo --> closeup diamond
17/08/2022 11:53:54|cantidadArt B --> 1
17/08/2022 11:53:54|PrecVear --> 390
17/08/2022 11:53:54|montoArt --> 322,314049586777
17/08/2022 11:53:54|ivaArt --> 21
17/08/2022 11:53:54|hasarOCX.ImprimirItem --> OK
17/08/2022 11:53:54|Articulo --> saphirus aromatizante textil paula
17/08/2022 11:53:54|cantidadArt B --> 1
17/08/2022 11:53:54|PrecVear --> 330
17/08/2022 11:53:54|montoArt --> 272,727272727273
17/08/2022 11:53:54|ivaArt --> 21
17/08/2022 11:53:54|hasarOCX.ImprimirItem --> OK
17/08/2022 11:53:54|Articulo --> oral b cep.complete 40 med -7818
17/08/2022 11:53:54|cantidadArt B --> 1
17/08/2022 11:53:54|PrecVear --> 240
17/08/2022 11:53:54|montoArt --> 198,347107438017
17/08/2022 11:53:54|ivaArt --> 21
17/08/2022 11:53:55|hasarOCX.ImprimirItem --> OK
17/08/2022 11:53:55|Articulo --> condor cepillo de viaje
17/08/2022 11:53:55|cantidadArt B --> 1
17/08/2022 11:53:55|PrecVear --> 190
17/08/2022 11:53:55|montoArt --> 157,02479338843
17/08/2022 11:53:55|ivaArt --> 21
17/08/2022 11:53:55|hasarOCX.ImprimirItem --> OK
17/08/2022 11:53:55|Cerrar Comprobante B:::
17/08/2022 11:53:58|Obtiene nrocomp
17/08/2022 11:53:58|nrocomp --> 25875
17/08/2022 11:53:58|Nro. de Comprobante ::: TFB ::: 25875
17/08/2022 11:53:58|Ety.TicketFiscal: 25875
17/08/2022 11:57:36|cerrando pantalla venta
17/08/2022 11:57:38|Conectando..
17/08/2022 11:57:38|IP: 127.0.0.1 - Puerto: 6500
17/08/2022 11:57:39|Conectado con éxito!!
17/08/2022 12:06:13|Comienza Facturacion B
17/08/2022 12:06:13|DatosCliente B
17/08/2022 12:06:16|AbrirComprobanteFiscal B
17/08/2022 12:06:16|Articulo --> iluminarte velas de noche x12
17/08/2022 12:06:16|cantidadArt B --> 1
17/08/2022 12:06:16|PrecVear --> 340
17/08/2022 12:06:16|montoArt --> 280,99173553719
17/08/2022 12:06:16|ivaArt --> 21
17/08/2022 12:06:16|hasarOCX.ImprimirItem --> OK
17/08/2022 12:06:16|Articulo --> fosforos tres patitos x222
17/08/2022 12:06:16|cantidadArt B --> 1
17/08/2022 12:06:16|PrecVear --> 120
17/08/2022 12:06:16|montoArt --> 99,1735537190083
17/08/2022 12:06:16|ivaArt --> 21
17/08/2022 12:06:17|hasarOCX.ImprimirItem --> OK
17/08/2022 12:06:17|Articulo --> sagrada madre sahumerios palo santo
17/08/2022 12:06:17|cantidadArt B --> 1
17/08/2022 12:06:17|PrecVear --> 360
17/08/2022 12:06:17|montoArt --> 297,520661157025
17/08/2022 12:06:17|ivaArt --> 21
17/08/2022 12:06:17|hasarOCX.ImprimirItem --> OK
17/08/2022 12:06:17|Articulo --> woolitex450 d.pack rop.oscura
17/08/2022 12:06:17|cantidadArt B --> 1
17/08/2022 12:06:17|PrecVear --> 320
17/08/2022 12:06:17|montoArt --> 264,462809917355
17/08/2022 12:06:17|ivaArt --> 21
17/08/2022 12:06:17|hasarOCX.ImprimirItem --> OK
17/08/2022 12:06:17|Articulo --> el coloso lavandina x2 litros
17/08/2022 12:06:17|cantidadArt B --> 1
17/08/2022 12:06:17|PrecVear --> 190
17/08/2022 12:06:17|montoArt --> 157,02479338843
17/08/2022 12:06:17|ivaArt --> 21
17/08/2022 12:06:18|hasarOCX.ImprimirItem --> OK
17/08/2022 12:06:18|Articulo --> alcohol de quemar x1 l
17/08/2022 12:06:18|cantidadArt B --> 1
17/08/2022 12:06:18|PrecVear --> 390
17/08/2022 12:06:18|montoArt --> 322,314049586777
17/08/2022 12:06:18|ivaArt --> 21
17/08/2022 12:06:18|hasarOCX.ImprimirItem --> OK
17/08/2022 12:06:18|Articulo --> lysoform dp original x420
17/08/2022 12:06:18|cantidadArt B --> 1
17/08/2022 12:06:18|PrecVear --> 200
17/08/2022 12:06:18|montoArt --> 165,289256198347
17/08/2022 12:06:18|ivaArt --> 21
17/08/2022 12:06:18|hasarOCX.ImprimirItem --> OK
17/08/2022 12:06:18|Articulo --> tejar esmalte
17/08/2022 12:06:18|cantidadArt B --> 1
17/08/2022 12:06:18|PrecVear --> 290
17/08/2022 12:06:18|montoArt --> 239,669421487603
17/08/2022 12:06:18|ivaArt --> 21
17/08/2022 12:06:19|hasarOCX.ImprimirItem --> OK
17/08/2022 12:06:19|Articulo --> comfort clasx900 dp
17/08/2022 12:06:19|cantidadArt B --> 1
17/08/2022 12:06:19|PrecVear --> 330
17/08/2022 12:06:19|montoArt --> 272,727272727273
17/08/2022 12:06:19|ivaArt --> 21
17/08/2022 12:06:19|hasarOCX.ImprimirItem --> OK
17/08/2022 12:06:19|Articulo --> vanish pvo x120gr pink 8187529
17/08/2022 12:06:19|cantidadArt B --> 1
17/08/2022 12:06:19|PrecVear --> 280
17/08/2022 12:06:19|montoArt --> 231,404958677686
17/08/2022 12:06:19|ivaArt --> 21
17/08/2022 12:06:20|hasarOCX.ImprimirItem --> OK
17/08/2022 12:06:20|Articulo --> ala ultra x450 dp limon
17/08/2022 12:06:20|cantidadArt B --> 1
17/08/2022 12:06:20|PrecVear --> 260
17/08/2022 12:06:20|montoArt --> 214,876033057851
17/08/2022 12:06:20|ivaArt --> 21
17/08/2022 12:06:20|hasarOCX.ImprimirItem --> OK
17/08/2022 12:06:20|Articulo --> cif antig.dpx450
17/08/2022 12:06:20|cantidadArt B --> 1
17/08/2022 12:06:20|PrecVear --> 140
17/08/2022 12:06:20|montoArt --> 115,702479338843
17/08/2022 12:06:20|ivaArt --> 21
17/08/2022 12:06:20|hasarOCX.ImprimirItem --> OK
17/08/2022 12:06:20|Articulo --> procenex limpx900 orquideas-28389
17/08/2022 12:06:20|cantidadArt B --> 1
17/08/2022 12:06:20|PrecVear --> 140
17/08/2022 12:06:20|montoArt --> 115,702479338843
17/08/2022 12:06:20|ivaArt --> 21
17/08/2022 12:06:21|hasarOCX.ImprimirItem --> OK
17/08/2022 12:06:21|Articulo --> el coloso guantes max t9 gde
17/08/2022 12:06:21|cantidadArt B --> 1
17/08/2022 12:06:21|PrecVear --> 390
17/08/2022 12:06:21|montoArt --> 322,314049586777
17/08/2022 12:06:21|ivaArt --> 21
17/08/2022 12:06:21|hasarOCX.ImprimirItem --> OK
17/08/2022 12:06:21|Articulo --> felpita maxirollo x200u dh
17/08/2022 12:06:21|cantidadArt B --> 1
17/08/2022 12:06:21|PrecVear --> 330
17/08/2022 12:06:21|montoArt --> 272,727272727273
17/08/2022 12:06:21|ivaArt --> 21
17/08/2022 12:06:21|hasarOCX.ImprimirItem --> OK
17/08/2022 12:06:21|Cerrar Comprobante B:::
17/08/2022 12:06:24|Obtiene nrocomp
17/08/2022 12:06:25|nrocomp --> 25876
17/08/2022 12:06:25|Nro. de Comprobante ::: TFB ::: 25876
17/08/2022 12:06:25|Ety.TicketFiscal: 25876
17/08/2022 12:07:22|Comienza Facturacion B
17/08/2022 12:07:22|DatosCliente B
17/08/2022 12:07:24|AbrirComprobanteFiscal B
17/08/2022 12:07:24|Articulo --> capilatis cr para peinar rulos
17/08/2022 12:07:24|cantidadArt B --> 1
17/08/2022 12:07:24|PrecVear --> 870
17/08/2022 12:07:24|montoArt --> 719,00826446281
17/08/2022 12:07:24|ivaArt --> 21
17/08/2022 12:07:25|hasarOCX.ImprimirItem --> OK
17/08/2022 12:07:25|Articulo --> mary bosques 60 segundos
17/08/2022 12:07:25|cantidadArt B --> 1
17/08/2022 12:07:25|PrecVear --> 130
17/08/2022 12:07:25|montoArt --> 107,438016528926
17/08/2022 12:07:25|ivaArt --> 21
17/08/2022 12:07:25|hasarOCX.ImprimirItem --> OK
17/08/2022 12:07:25|Cerrar Comprobante B:::
17/08/2022 12:07:28|Obtiene nrocomp
17/08/2022 12:07:28|nrocomp --> 25877
17/08/2022 12:07:28|Nro. de Comprobante ::: TFB ::: 25877
17/08/2022 12:07:28|Ety.TicketFiscal: 25877
17/08/2022 12:25:49|Comienza Facturacion B
17/08/2022 12:25:49|DatosCliente B
17/08/2022 12:25:52|AbrirComprobanteFiscal B
17/08/2022 12:25:52|Articulo --> a wish deco portachupete
17/08/2022 12:25:52|cantidadArt B --> 1
17/08/2022 12:25:52|PrecVear --> 590
17/08/2022 12:25:52|montoArt --> 487,603305785124
17/08/2022 12:25:52|ivaArt --> 21
17/08/2022 12:25:52|hasarOCX.ImprimirItem --> OK
17/08/2022 12:25:52|Articulo --> 4187 vaita chupete anatomico 0+
17/08/2022 12:25:52|cantidadArt B --> 1
17/08/2022 12:25:52|PrecVear --> 600
17/08/2022 12:25:52|montoArt --> 495,867768595041
17/08/2022 12:25:52|ivaArt --> 21
17/08/2022 12:25:52|hasarOCX.ImprimirItem --> OK
17/08/2022 12:25:52|Articulo --> vaita mamadera 3049 boca ancha
17/08/2022 12:25:52|cantidadArt B --> 1
17/08/2022 12:25:52|PrecVear --> 740
17/08/2022 12:25:52|montoArt --> 611,570247933884
17/08/2022 12:25:52|ivaArt --> 21
17/08/2022 12:25:53|hasarOCX.ImprimirItem --> OK
17/08/2022 12:25:53|Cerrar Comprobante B:::
17/08/2022 12:25:56|Obtiene nrocomp
17/08/2022 12:25:56|nrocomp --> 25878
17/08/2022 12:25:56|Nro. de Comprobante ::: TFB ::: 25878
17/08/2022 12:25:56|Ety.TicketFiscal: 25878
17/08/2022 12:29:44|cerrando pantalla venta
17/08/2022 15:54:36|Conectando..
17/08/2022 15:54:36|IP: 127.0.0.1 - Puerto: 6500
17/08/2022 15:54:37|Conectado con éxito!!
17/08/2022 15:55:05|Comienza Facturacion B
17/08/2022 15:55:05|DatosCliente B
17/08/2022 15:55:08|AbrirComprobanteFiscal B
17/08/2022 15:55:08|Articulo --> huggies natural care pr x30
17/08/2022 15:55:08|cantidadArt B --> 1
17/08/2022 15:55:08|PrecVear --> 1010
17/08/2022 15:55:08|montoArt --> 834,710743801653
17/08/2022 15:55:08|ivaArt --> 21
17/08/2022 15:55:08|hasarOCX.ImprimirItem --> OK
17/08/2022 15:55:08|Articulo --> huggies active sec rn x34
17/08/2022 15:55:08|cantidadArt B --> 2
17/08/2022 15:55:08|PrecVear --> 1000
17/08/2022 15:55:08|montoArt --> 826,446280991736
17/08/2022 15:55:08|ivaArt --> 21
17/08/2022 15:55:08|hasarOCX.ImprimirItem --> OK
17/08/2022 15:55:08|Cerrar Comprobante B:::
17/08/2022 15:55:11|Obtiene nrocomp
17/08/2022 15:55:12|nrocomp --> 25879
17/08/2022 15:55:12|Nro. de Comprobante ::: TFB ::: 25879
17/08/2022 15:55:12|Ety.TicketFiscal: 25879
17/08/2022 16:44:35|Comienza Facturacion B
17/08/2022 16:44:35|DatosCliente B
17/08/2022 16:44:38|AbrirComprobanteFiscal B
17/08/2022 16:44:38|Articulo --> vella sh neutro
17/08/2022 16:44:38|cantidadArt B --> 1
17/08/2022 16:44:38|PrecVear --> 380
17/08/2022 16:44:38|montoArt --> 314,04958677686
17/08/2022 16:44:38|ivaArt --> 21
17/08/2022 16:44:38|hasarOCX.ImprimirItem --> OK
17/08/2022 16:44:38|Articulo --> bolsas residuos 50*70
17/08/2022 16:44:38|cantidadArt B --> 1
17/08/2022 16:44:38|PrecVear --> 150
17/08/2022 16:44:38|montoArt --> 123,96694214876
17/08/2022 16:44:38|ivaArt --> 21
17/08/2022 16:44:39|hasarOCX.ImprimirItem --> OK
17/08/2022 16:44:39|Articulo --> saphirus aromatizante textil vainilla
17/08/2022 16:44:39|cantidadArt B --> 1
17/08/2022 16:44:39|PrecVear --> 330
17/08/2022 16:44:39|montoArt --> 272,727272727273
17/08/2022 16:44:39|ivaArt --> 21
17/08/2022 16:44:39|hasarOCX.ImprimirItem --> OK
17/08/2022 16:44:39|Articulo --> sedal chx300 d.pack ceramidas
17/08/2022 16:44:39|cantidadArt B --> 1
17/08/2022 16:44:39|PrecVear --> 280
17/08/2022 16:44:39|montoArt --> 231,404958677686
17/08/2022 16:44:39|ivaArt --> 21
17/08/2022 16:44:39|hasarOCX.ImprimirItem --> OK
17/08/2022 16:44:39|Cerrar Comprobante B:::
17/08/2022 16:44:42|Obtiene nrocomp
17/08/2022 16:44:42|nrocomp --> 25880
17/08/2022 16:44:42|Nro. de Comprobante ::: TFB ::: 25880
17/08/2022 16:44:42|Ety.TicketFiscal: 25880
17/08/2022 16:52:40|Comienza Facturacion B
17/08/2022 16:52:40|DatosCliente B
17/08/2022 16:52:42|AbrirComprobanteFiscal B
17/08/2022 16:52:42|Articulo --> bolsas de residuos 90*120
17/08/2022 16:52:42|cantidadArt B --> 1
17/08/2022 16:52:42|PrecVear --> 650
17/08/2022 16:52:42|montoArt --> 537,190082644628
17/08/2022 16:52:42|ivaArt --> 21
17/08/2022 16:52:43|hasarOCX.ImprimirItem --> OK
17/08/2022 16:52:43|Cerrar Comprobante B:::
17/08/2022 16:52:46|Obtiene nrocomp
17/08/2022 16:52:46|nrocomp --> 25881
17/08/2022 16:52:46|Nro. de Comprobante ::: TFB ::: 25881
17/08/2022 16:52:46|Ety.TicketFiscal: 25881
17/08/2022 17:01:13|Comienza Facturacion B
17/08/2022 17:01:13|DatosCliente B
17/08/2022 17:01:15|AbrirComprobanteFiscal B
17/08/2022 17:01:15|Articulo --> felpita para tu flia x4
17/08/2022 17:01:15|cantidadArt B --> 1
17/08/2022 17:01:15|PrecVear --> 260
17/08/2022 17:01:15|montoArt --> 214,876033057851
17/08/2022 17:01:15|ivaArt --> 21
17/08/2022 17:01:16|hasarOCX.ImprimirItem --> OK
17/08/2022 17:01:16|Articulo --> cif pisosx750 oxy gel -922902
17/08/2022 17:01:16|cantidadArt B --> 1
17/08/2022 17:01:16|PrecVear --> 310
17/08/2022 17:01:16|montoArt --> 256,198347107438
17/08/2022 17:01:16|ivaArt --> 21
17/08/2022 17:01:16|hasarOCX.ImprimirItem --> OK
17/08/2022 17:01:16|Articulo --> carefree t.los dias x20 tanga sin perf
17/08/2022 17:01:16|cantidadArt B --> 1
17/08/2022 17:01:16|PrecVear --> 395
17/08/2022 17:01:16|montoArt --> 326,446280991736
17/08/2022 17:01:16|ivaArt --> 21
17/08/2022 17:01:16|hasarOCX.ImprimirItem --> OK
17/08/2022 17:01:16|Cerrar Comprobante B:::
17/08/2022 17:01:19|Obtiene nrocomp
17/08/2022 17:01:20|nrocomp --> 25882
17/08/2022 17:01:20|Nro. de Comprobante ::: TFB ::: 25882
17/08/2022 17:01:20|Ety.TicketFiscal: 25882
17/08/2022 17:03:21|Comienza Facturacion B
17/08/2022 17:03:22|DatosCliente B
17/08/2022 17:03:24|AbrirComprobanteFiscal B
17/08/2022 17:03:24|Articulo --> pantene shx200 hidratación
17/08/2022 17:03:24|cantidadArt B --> 1
17/08/2022 17:03:24|PrecVear --> 420
17/08/2022 17:03:24|montoArt --> 347,107438016529
17/08/2022 17:03:24|ivaArt --> 21
17/08/2022 17:03:25|hasarOCX.ImprimirItem --> OK
17/08/2022 17:03:25|Articulo --> dove jab nutritive
17/08/2022 17:03:25|cantidadArt B --> 1
17/08/2022 17:03:25|PrecVear --> 190
17/08/2022 17:03:25|montoArt --> 157,02479338843
17/08/2022 17:03:25|ivaArt --> 21
17/08/2022 17:03:25|hasarOCX.ImprimirItem --> OK
17/08/2022 17:03:25|Articulo --> colgate herbal x70g
17/08/2022 17:03:25|cantidadArt B --> 1
17/08/2022 17:03:25|PrecVear --> 230
17/08/2022 17:03:25|montoArt --> 190,082644628099
17/08/2022 17:03:25|ivaArt --> 21
17/08/2022 17:03:25|hasarOCX.ImprimirItem --> OK
17/08/2022 17:03:25|Articulo --> ala jabon en pan coco
17/08/2022 17:03:25|cantidadArt B --> 1
17/08/2022 17:03:25|PrecVear --> 120
17/08/2022 17:03:25|montoArt --> 99,1735537190083
17/08/2022 17:03:25|ivaArt --> 21
17/08/2022 17:03:26|hasarOCX.ImprimirItem --> OK
17/08/2022 17:03:26|Articulo --> mortimer esponja cuadriculada
17/08/2022 17:03:26|cantidadArt B --> 1
17/08/2022 17:03:26|PrecVear --> 70
17/08/2022 17:03:26|montoArt --> 57,8512396694215
17/08/2022 17:03:26|ivaArt --> 21
17/08/2022 17:03:26|hasarOCX.ImprimirItem --> OK
17/08/2022 17:03:26|Articulo --> virulana rollitox70grs -17003
17/08/2022 17:03:26|cantidadArt B --> 1
17/08/2022 17:03:26|PrecVear --> 140
17/08/2022 17:03:26|montoArt --> 115,702479338843
17/08/2022 17:03:26|ivaArt --> 21
17/08/2022 17:03:26|hasarOCX.ImprimirItem --> OK
17/08/2022 17:03:26|Articulo --> poett desinfectante alegra tu dia
17/08/2022 17:03:26|cantidadArt B --> 1
17/08/2022 17:03:26|PrecVear --> 140
17/08/2022 17:03:26|montoArt --> 115,702479338843
17/08/2022 17:03:26|ivaArt --> 21
17/08/2022 17:03:27|hasarOCX.ImprimirItem --> OK
17/08/2022 17:03:27|Cerrar Comprobante B:::
17/08/2022 17:03:30|Obtiene nrocomp
17/08/2022 17:03:30|nrocomp --> 25883
17/08/2022 17:03:30|Nro. de Comprobante ::: TFB ::: 25883
17/08/2022 17:03:30|Ety.TicketFiscal: 25883
17/08/2022 17:07:38|Comienza Facturacion B
17/08/2022 17:07:38|DatosCliente B
17/08/2022 17:07:41|AbrirComprobanteFiscal B
17/08/2022 17:07:41|Articulo --> colgate cr clasica x180g
17/08/2022 17:07:41|cantidadArt B --> 1
17/08/2022 17:07:41|PrecVear --> 470
17/08/2022 17:07:41|montoArt --> 388,429752066116
17/08/2022 17:07:41|ivaArt --> 21
17/08/2022 17:07:41|hasarOCX.ImprimirItem --> OK
17/08/2022 17:07:41|Articulo --> cif cremx750 orig.micropart-95050
17/08/2022 17:07:41|cantidadArt B --> 1
17/08/2022 17:07:41|PrecVear --> 320
17/08/2022 17:07:41|montoArt --> 264,462809917355
17/08/2022 17:07:41|ivaArt --> 21
17/08/2022 17:07:41|hasarOCX.ImprimirItem --> OK
17/08/2022 17:07:41|Articulo --> ayudin lavandina bco x1
17/08/2022 17:07:41|cantidadArt B --> 2
17/08/2022 17:07:41|PrecVear --> 195
17/08/2022 17:07:41|montoArt --> 161,157024793388
17/08/2022 17:07:41|ivaArt --> 21
17/08/2022 17:07:42|hasarOCX.ImprimirItem --> OK
17/08/2022 17:07:42|Articulo --> pato adhesivos
17/08/2022 17:07:42|cantidadArt B --> 2
17/08/2022 17:07:42|PrecVear --> 170
17/08/2022 17:07:42|montoArt --> 140,495867768595
17/08/2022 17:07:42|ivaArt --> 21
17/08/2022 17:07:42|hasarOCX.ImprimirItem --> OK
17/08/2022 17:07:42|Articulo --> mr musculo cocina dp
17/08/2022 17:07:42|cantidadArt B --> 3
17/08/2022 17:07:42|PrecVear --> 140
17/08/2022 17:07:42|montoArt --> 115,702479338843
17/08/2022 17:07:42|ivaArt --> 21
17/08/2022 17:07:43|hasarOCX.ImprimirItem --> OK
17/08/2022 17:07:43|Articulo --> royco lampazo 35cm repuesto
17/08/2022 17:07:43|cantidadArt B --> 1
17/08/2022 17:07:43|PrecVear --> 1280
17/08/2022 17:07:43|montoArt --> 1057,85123966942
17/08/2022 17:07:43|ivaArt --> 21
17/08/2022 17:07:43|hasarOCX.ImprimirItem --> OK
17/08/2022 17:07:43|Articulo --> el coloso mondadientesx60 oval
17/08/2022 17:07:43|cantidadArt B --> 1
17/08/2022 17:07:43|PrecVear --> 95
17/08/2022 17:07:43|montoArt --> 78,5123966942149
17/08/2022 17:07:43|ivaArt --> 21
17/08/2022 17:07:43|hasarOCX.ImprimirItem --> OK
17/08/2022 17:07:43|Articulo --> nivea rollonx50 black white male45
17/08/2022 17:07:43|cantidadArt B --> 3
17/08/2022 17:07:43|PrecVear --> 260
17/08/2022 17:07:43|montoArt --> 214,876033057851
17/08/2022 17:07:43|ivaArt --> 21
17/08/2022 17:07:44|hasarOCX.ImprimirItem --> OK
17/08/2022 17:07:44|Articulo --> virulana inoxy 16 g.
17/08/2022 17:07:44|cantidadArt B --> 1
17/08/2022 17:07:44|PrecVear --> 75
17/08/2022 17:07:44|montoArt --> 61,9834710743802
17/08/2022 17:07:44|ivaArt --> 21
17/08/2022 17:07:44|hasarOCX.ImprimirItem --> OK
17/08/2022 17:07:44|Articulo --> dove jabon x90 blanco
17/08/2022 17:07:44|cantidadArt B --> 1
17/08/2022 17:07:44|PrecVear --> 190
17/08/2022 17:07:44|montoArt --> 157,02479338843
17/08/2022 17:07:44|ivaArt --> 21
17/08/2022 17:07:44|hasarOCX.ImprimirItem --> OK
17/08/2022 17:07:44|Articulo --> ala para diluir x500ml
17/08/2022 17:07:44|cantidadArt B --> 1
17/08/2022 17:07:44|PrecVear --> 890
17/08/2022 17:07:44|montoArt --> 735,537190082645
17/08/2022 17:07:44|ivaArt --> 21
17/08/2022 17:07:45|hasarOCX.ImprimirItem --> OK
17/08/2022 17:07:45|Articulo --> el coloso esponja fibra multisuos
17/08/2022 17:07:45|cantidadArt B --> 2
17/08/2022 17:07:45|PrecVear --> 170
17/08/2022 17:07:45|montoArt --> 140,495867768595
17/08/2022 17:07:45|ivaArt --> 21
17/08/2022 17:07:45|hasarOCX.ImprimirItem --> OK
17/08/2022 17:07:45|Articulo --> virulana rollitox70grs -17003
17/08/2022 17:07:45|cantidadArt B --> 1
17/08/2022 17:07:45|PrecVear --> 140
17/08/2022 17:07:45|montoArt --> 115,702479338843
17/08/2022 17:07:45|ivaArt --> 21
17/08/2022 17:07:45|hasarOCX.ImprimirItem --> OK
17/08/2022 17:07:45|Articulo --> bolsas de residuos 80*110
17/08/2022 17:07:45|cantidadArt B --> 1
17/08/2022 17:07:45|PrecVear --> 460
17/08/2022 17:07:45|montoArt --> 380,165289256198
17/08/2022 17:07:45|ivaArt --> 21
17/08/2022 17:07:46|hasarOCX.ImprimirItem --> OK
17/08/2022 17:07:46|Articulo --> bolsas residuos 50*70
17/08/2022 17:07:46|cantidadArt B --> 1
17/08/2022 17:07:46|PrecVear --> 150
17/08/2022 17:07:46|montoArt --> 123,96694214876
17/08/2022 17:07:46|ivaArt --> 21
17/08/2022 17:07:46|hasarOCX.ImprimirItem --> OK
17/08/2022 17:07:46|Articulo --> sedal chx300 d. pack restauracion
17/08/2022 17:07:46|cantidadArt B --> 1
17/08/2022 17:07:46|PrecVear --> 280
17/08/2022 17:07:46|montoArt --> 231,404958677686
17/08/2022 17:07:46|ivaArt --> 21
17/08/2022 17:07:47|hasarOCX.ImprimirItem --> OK
17/08/2022 17:07:47|Articulo --> sedal chx300 d.pack ceramidas
17/08/2022 17:07:47|cantidadArt B --> 1
17/08/2022 17:07:47|PrecVear --> 280
17/08/2022 17:07:47|montoArt --> 231,404958677686
17/08/2022 17:07:47|ivaArt --> 21
17/08/2022 17:07:47|hasarOCX.ImprimirItem --> OK
17/08/2022 17:07:47|Articulo --> varios
17/08/2022 17:07:47|cantidadArt B --> 6
17/08/2022 17:07:47|PrecVear --> 100
17/08/2022 17:07:47|montoArt --> 82,6446280991736
17/08/2022 17:07:47|ivaArt --> 21
17/08/2022 17:07:47|hasarOCX.ImprimirItem --> OK
17/08/2022 17:07:47|Articulo --> el coloso rollo cocx3 x 40paños
17/08/2022 17:07:47|cantidadArt B --> 3
17/08/2022 17:07:47|PrecVear --> 210
17/08/2022 17:07:47|montoArt --> 173,553719008264
17/08/2022 17:07:47|ivaArt --> 21
17/08/2022 17:07:48|hasarOCX.ImprimirItem --> OK
17/08/2022 17:07:48|Articulo --> gillette  azul x unidad
17/08/2022 17:07:48|cantidadArt B --> 2
17/08/2022 17:07:48|PrecVear --> 165
17/08/2022 17:07:48|montoArt --> 136,363636363636
17/08/2022 17:07:48|ivaArt --> 21
17/08/2022 17:07:48|hasarOCX.ImprimirItem --> OK
17/08/2022 17:07:48|Cerrar Comprobante B:::
17/08/2022 17:07:51|Obtiene nrocomp
17/08/2022 17:07:51|nrocomp --> 25884
17/08/2022 17:07:51|Nro. de Comprobante ::: TFB ::: 25884
17/08/2022 17:07:51|Ety.TicketFiscal: 25884
17/08/2022 17:31:14|Comienza Facturacion B
17/08/2022 17:31:14|DatosCliente B
17/08/2022 17:31:16|AbrirComprobanteFiscal B
17/08/2022 17:31:16|Articulo --> rexona aero v8
17/08/2022 17:31:16|cantidadArt B --> 1
17/08/2022 17:31:16|PrecVear --> 370
17/08/2022 17:31:16|montoArt --> 305,785123966942
17/08/2022 17:31:16|ivaArt --> 21
17/08/2022 17:31:17|hasarOCX.ImprimirItem --> OK
17/08/2022 17:31:17|Articulo --> corega crx40g sin sabor
17/08/2022 17:31:17|cantidadArt B --> 1
17/08/2022 17:31:17|PrecVear --> 790
17/08/2022 17:31:17|montoArt --> 652,892561983471
17/08/2022 17:31:17|ivaArt --> 21
17/08/2022 17:31:17|hasarOCX.ImprimirItem --> OK
17/08/2022 17:31:17|Articulo --> varios
17/08/2022 17:31:17|cantidadArt B --> 1
17/08/2022 17:31:17|PrecVear --> 280
17/08/2022 17:31:17|montoArt --> 231,404958677686
17/08/2022 17:31:17|ivaArt --> 21
17/08/2022 17:31:18|hasarOCX.ImprimirItem --> OK
17/08/2022 17:31:18|Cerrar Comprobante B:::
17/08/2022 17:31:21|Obtiene nrocomp
17/08/2022 17:31:21|nrocomp --> 25885
17/08/2022 17:31:21|Nro. de Comprobante ::: TFB ::: 25885
17/08/2022 17:31:21|Ety.TicketFiscal: 25885
17/08/2022 17:32:16|Comienza Facturacion B
17/08/2022 17:32:16|DatosCliente B
17/08/2022 17:32:19|AbrirComprobanteFiscal B
17/08/2022 17:32:19|Articulo --> estrella baby oleo sin frag x950ml
17/08/2022 17:32:19|cantidadArt B --> 1
17/08/2022 17:32:19|PrecVear --> 1200
17/08/2022 17:32:19|montoArt --> 991,735537190083
17/08/2022 17:32:19|ivaArt --> 21
17/08/2022 17:32:19|hasarOCX.ImprimirItem --> OK
17/08/2022 17:32:19|Cerrar Comprobante B:::
17/08/2022 17:32:22|Obtiene nrocomp
17/08/2022 17:32:22|nrocomp --> 25886
17/08/2022 17:32:22|Nro. de Comprobante ::: TFB ::: 25886
17/08/2022 17:32:22|Ety.TicketFiscal: 25886
17/08/2022 17:38:58|Comienza Facturacion B
17/08/2022 17:38:59|DatosCliente B
17/08/2022 17:39:01|AbrirComprobanteFiscal B
17/08/2022 17:39:01|Articulo --> elite pañuelo descartable x 6u
17/08/2022 17:39:01|cantidadArt B --> 2
17/08/2022 17:39:01|PrecVear --> 195
17/08/2022 17:39:01|montoArt --> 161,157024793388
17/08/2022 17:39:01|ivaArt --> 21
17/08/2022 17:39:02|hasarOCX.ImprimirItem --> OK
17/08/2022 17:39:02|Articulo --> garnier agua micelar
17/08/2022 17:39:02|cantidadArt B --> 1
17/08/2022 17:39:02|PrecVear --> 1560
17/08/2022 17:39:02|montoArt --> 1289,25619834711
17/08/2022 17:39:02|ivaArt --> 21
17/08/2022 17:39:02|hasarOCX.ImprimirItem --> OK
17/08/2022 17:39:02|Cerrar Comprobante B:::
17/08/2022 17:39:05|Obtiene nrocomp
17/08/2022 17:39:05|nrocomp --> 25887
17/08/2022 17:39:05|Nro. de Comprobante ::: TFB ::: 25887
17/08/2022 17:39:05|Ety.TicketFiscal: 25887
17/08/2022 18:01:37|Comienza Facturacion B
17/08/2022 18:01:37|DatosCliente B
17/08/2022 18:01:39|AbrirComprobanteFiscal B
17/08/2022 18:01:39|Articulo --> vogue esmalte
17/08/2022 18:01:39|cantidadArt B --> 1
17/08/2022 18:01:39|PrecVear --> 450
17/08/2022 18:01:39|montoArt --> 371,900826446281
17/08/2022 18:01:39|ivaArt --> 21
17/08/2022 18:01:40|hasarOCX.ImprimirItem --> OK
17/08/2022 18:01:40|Articulo --> pampers pants premium care xxg x24885
17/08/2022 18:01:40|cantidadArt B --> 2
17/08/2022 18:01:40|PrecVear --> 1990
17/08/2022 18:01:40|montoArt --> 1644,62809917355
17/08/2022 18:01:40|ivaArt --> 21
17/08/2022 18:01:40|hasarOCX.ImprimirItem --> OK
17/08/2022 18:01:40|Articulo --> jyj x400ml ac verde
17/08/2022 18:01:40|cantidadArt B --> 1
17/08/2022 18:01:40|PrecVear --> 830
17/08/2022 18:01:40|montoArt --> 685,950413223141
17/08/2022 18:01:40|ivaArt --> 21
17/08/2022 18:01:41|hasarOCX.ImprimirItem --> OK
17/08/2022 18:01:41|Articulo --> huggies toallitas amarillas x80
17/08/2022 18:01:41|cantidadArt B --> 1
17/08/2022 18:01:41|PrecVear --> 450
17/08/2022 18:01:41|montoArt --> 371,900826446281
17/08/2022 18:01:41|ivaArt --> 21
17/08/2022 18:01:41|hasarOCX.ImprimirItem --> OK
17/08/2022 18:01:41|Cerrar Comprobante B:::
17/08/2022 18:01:44|Obtiene nrocomp
17/08/2022 18:01:44|nrocomp --> 25888
17/08/2022 18:01:44|Nro. de Comprobante ::: TFB ::: 25888
17/08/2022 18:01:44|Ety.TicketFiscal: 25888
17/08/2022 18:10:14|Comienza Facturacion B
17/08/2022 18:10:15|DatosCliente B
17/08/2022 18:10:17|AbrirComprobanteFiscal B
17/08/2022 18:10:17|Articulo --> huggies toallitas amarillas x80
17/08/2022 18:10:17|cantidadArt B --> 1
17/08/2022 18:10:17|PrecVear --> 450
17/08/2022 18:10:17|montoArt --> 371,900826446281
17/08/2022 18:10:17|ivaArt --> 21
17/08/2022 18:10:17|hasarOCX.ImprimirItem --> OK
17/08/2022 18:10:17|Articulo --> sun tabletas x20 unidades
17/08/2022 18:10:17|cantidadArt B --> 1
17/08/2022 18:10:17|PrecVear --> 1690
17/08/2022 18:10:17|montoArt --> 1396,69421487603
17/08/2022 18:10:17|ivaArt --> 21
17/08/2022 18:10:18|hasarOCX.ImprimirItem --> OK
17/08/2022 18:10:18|Cerrar Comprobante B:::
17/08/2022 18:10:21|Obtiene nrocomp
17/08/2022 18:10:21|nrocomp --> 25889
17/08/2022 18:10:21|Nro. de Comprobante ::: TFB ::: 25889
17/08/2022 18:10:21|Ety.TicketFiscal: 25889
17/08/2022 18:17:34|Comienza Facturacion B
17/08/2022 18:17:35|DatosCliente B
17/08/2022 18:17:37|AbrirComprobanteFiscal B
17/08/2022 18:17:37|Articulo --> hennia eeg x8
17/08/2022 18:17:37|cantidadArt B --> 1
17/08/2022 18:17:37|PrecVear --> 1760
17/08/2022 18:17:37|montoArt --> 1454,54545454545
17/08/2022 18:17:37|ivaArt --> 21
17/08/2022 18:17:37|hasarOCX.ImprimirItem --> OK
17/08/2022 18:17:37|Articulo --> soft shower paños jabonosos x20u
17/08/2022 18:17:37|cantidadArt B --> 1
17/08/2022 18:17:37|PrecVear --> 380
17/08/2022 18:17:37|montoArt --> 314,04958677686
17/08/2022 18:17:37|ivaArt --> 21
17/08/2022 18:17:38|hasarOCX.ImprimirItem --> OK
17/08/2022 18:17:38|Cerrar Comprobante B:::
17/08/2022 18:17:41|Obtiene nrocomp
17/08/2022 18:17:41|nrocomp --> 25890
17/08/2022 18:17:41|Nro. de Comprobante ::: TFB ::: 25890
17/08/2022 18:17:41|Ety.TicketFiscal: 25890
17/08/2022 18:23:58|Comienza Facturacion B
17/08/2022 18:23:58|DatosCliente B
17/08/2022 18:24:01|AbrirComprobanteFiscal B
17/08/2022 18:24:01|Articulo --> rexona jab glicerina granada
17/08/2022 18:24:01|cantidadArt B --> 1
17/08/2022 18:24:01|PrecVear --> 140
17/08/2022 18:24:01|montoArt --> 115,702479338843
17/08/2022 18:24:01|ivaArt --> 21
17/08/2022 18:24:01|hasarOCX.ImprimirItem --> OK
17/08/2022 18:24:01|Articulo --> lux jabx125 orquidea
17/08/2022 18:24:01|cantidadArt B --> 1
17/08/2022 18:24:01|PrecVear --> 140
17/08/2022 18:24:01|montoArt --> 115,702479338843
17/08/2022 18:24:01|ivaArt --> 21
17/08/2022 18:24:01|hasarOCX.ImprimirItem --> OK
17/08/2022 18:24:01|Articulo --> paradontax fluor 50grs
17/08/2022 18:24:01|cantidadArt B --> 1
17/08/2022 18:24:01|PrecVear --> 440
17/08/2022 18:24:01|montoArt --> 363,636363636364
17/08/2022 18:24:01|ivaArt --> 21
17/08/2022 18:24:02|hasarOCX.ImprimirItem --> OK
17/08/2022 18:24:02|Articulo --> colgate cepillo twister x2 u
17/08/2022 18:24:02|cantidadArt B --> 1
17/08/2022 18:24:02|PrecVear --> 470
17/08/2022 18:24:02|montoArt --> 388,429752066116
17/08/2022 18:24:02|ivaArt --> 21
17/08/2022 18:24:02|hasarOCX.ImprimirItem --> OK
17/08/2022 18:24:02|Articulo --> policrom color.crema   4.42
17/08/2022 18:24:02|cantidadArt B --> 1
17/08/2022 18:24:02|PrecVear --> 420
17/08/2022 18:24:02|montoArt --> 347,107438016529
17/08/2022 18:24:02|ivaArt --> 21
17/08/2022 18:24:02|hasarOCX.ImprimirItem --> OK
17/08/2022 18:24:02|Articulo --> policrom crema oxigeada
17/08/2022 18:24:02|cantidadArt B --> 1
17/08/2022 18:24:02|PrecVear --> 90
17/08/2022 18:24:02|montoArt --> 74,3801652892562
17/08/2022 18:24:02|ivaArt --> 21
17/08/2022 18:24:03|hasarOCX.ImprimirItem --> OK
17/08/2022 18:24:03|Cerrar Comprobante B:::
17/08/2022 18:24:06|Obtiene nrocomp
17/08/2022 18:24:06|nrocomp --> 25891
17/08/2022 18:24:06|Nro. de Comprobante ::: TFB ::: 25891
17/08/2022 18:24:06|Ety.TicketFiscal: 25891
17/08/2022 18:26:23|Comienza Facturacion B
17/08/2022 18:26:23|DatosCliente B
17/08/2022 18:26:25|AbrirComprobanteFiscal B
17/08/2022 18:26:25|Articulo --> nonisec refuerza pañal gx20
17/08/2022 18:26:25|cantidadArt B --> 1
17/08/2022 18:26:25|PrecVear --> 551
17/08/2022 18:26:25|montoArt --> 455,371900826446
17/08/2022 18:26:25|ivaArt --> 21
17/08/2022 18:26:26|hasarOCX.ImprimirItem --> OK
17/08/2022 18:26:26|Articulo --> soft shower paños jabonosos x20u
17/08/2022 18:26:26|cantidadArt B --> 1
17/08/2022 18:26:26|PrecVear --> 380
17/08/2022 18:26:26|montoArt --> 314,04958677686
17/08/2022 18:26:26|ivaArt --> 21
17/08/2022 18:26:26|hasarOCX.ImprimirItem --> OK
17/08/2022 18:26:26|Cerrar Comprobante B:::
17/08/2022 18:26:29|Obtiene nrocomp
17/08/2022 18:26:29|nrocomp --> 25892
17/08/2022 18:26:29|Nro. de Comprobante ::: TFB ::: 25892
17/08/2022 18:26:29|Ety.TicketFiscal: 25892
17/08/2022 18:48:36|Comienza Facturacion B
17/08/2022 18:48:37|DatosCliente B
17/08/2022 18:48:39|AbrirComprobanteFiscal B
17/08/2022 18:48:39|Articulo --> naty sombra individual
17/08/2022 18:48:39|cantidadArt B --> 2
17/08/2022 18:48:39|PrecVear --> 350
17/08/2022 18:48:39|montoArt --> 289,256198347107
17/08/2022 18:48:39|ivaArt --> 21
17/08/2022 18:48:40|hasarOCX.ImprimirItem --> OK
17/08/2022 18:48:40|Articulo --> tejar rubor con brocha
17/08/2022 18:48:40|cantidadArt B --> 1
17/08/2022 18:48:40|PrecVear --> 432
17/08/2022 18:48:40|montoArt --> 357,02479338843
17/08/2022 18:48:40|ivaArt --> 21
17/08/2022 18:48:40|hasarOCX.ImprimirItem --> OK
17/08/2022 18:48:40|Articulo --> champú bifermix x200ml % Dto: 25
17/08/2022 18:48:40|cantidadArt B --> 1
17/08/2022 18:48:40|PrecVear --> 841
17/08/2022 18:48:40|montoArt --> 695,04132231405
17/08/2022 18:48:40|ivaArt --> 21
17/08/2022 18:48:40|hasarOCX.ImprimirItem --> OK
17/08/2022 18:48:40|Articulo --> higienol doble hoja
17/08/2022 18:48:40|cantidadArt B --> 1
17/08/2022 18:48:40|PrecVear --> 350
17/08/2022 18:48:40|montoArt --> 289,256198347107
17/08/2022 18:48:40|ivaArt --> 21
17/08/2022 18:48:41|hasarOCX.ImprimirItem --> OK
17/08/2022 18:48:41|Cerrar Comprobante B:::
17/08/2022 18:48:44|Obtiene nrocomp
17/08/2022 18:48:44|nrocomp --> 25893
17/08/2022 18:48:44|Nro. de Comprobante ::: TFB ::: 25893
17/08/2022 18:48:44|Ety.TicketFiscal: 25893
17/08/2022 19:00:31|Comienza Facturacion B
17/08/2022 19:00:31|DatosCliente B
17/08/2022 19:00:34|AbrirComprobanteFiscal B
17/08/2022 19:00:34|Articulo --> varios
17/08/2022 19:00:34|cantidadArt B --> 2
17/08/2022 19:00:34|PrecVear --> 170
17/08/2022 19:00:34|montoArt --> 140,495867768595
17/08/2022 19:00:34|ivaArt --> 21
17/08/2022 19:00:34|hasarOCX.ImprimirItem --> OK
17/08/2022 19:00:34|Articulo --> babysec ultra xxgx30 uni
17/08/2022 19:00:34|cantidadArt B --> 1
17/08/2022 19:00:34|PrecVear --> 1320
17/08/2022 19:00:34|montoArt --> 1090,90909090909
17/08/2022 19:00:34|ivaArt --> 21
17/08/2022 19:00:34|hasarOCX.ImprimirItem --> OK
17/08/2022 19:00:34|Articulo --> 3573 pelela mickey
17/08/2022 19:00:34|cantidadArt B --> 1
17/08/2022 19:00:34|PrecVear --> 3560
17/08/2022 19:00:34|montoArt --> 2942,14876033058
17/08/2022 19:00:34|ivaArt --> 21
17/08/2022 19:00:35|hasarOCX.ImprimirItem --> OK
17/08/2022 19:00:35|Cerrar Comprobante B:::
17/08/2022 19:00:38|Obtiene nrocomp
17/08/2022 19:00:38|nrocomp --> 25894
17/08/2022 19:00:38|Nro. de Comprobante ::: TFB ::: 25894
17/08/2022 19:00:38|Ety.TicketFiscal: 25894
17/08/2022 19:08:19|Comienza Facturacion B
17/08/2022 19:08:19|DatosCliente B
17/08/2022 19:08:22|AbrirComprobanteFiscal B
17/08/2022 19:08:22|Articulo --> virulana rollitox70grs -17003
17/08/2022 19:08:22|cantidadArt B --> 1
17/08/2022 19:08:22|PrecVear --> 140
17/08/2022 19:08:22|montoArt --> 115,702479338843
17/08/2022 19:08:22|ivaArt --> 21
17/08/2022 19:08:22|hasarOCX.ImprimirItem --> OK
17/08/2022 19:08:22|Articulo --> glade canastax27.5gr 2frag.full brisa de mar
17/08/2022 19:08:22|cantidadArt B --> 1
17/08/2022 19:08:22|PrecVear --> 200
17/08/2022 19:08:22|montoArt --> 165,289256198347
17/08/2022 19:08:22|ivaArt --> 21
17/08/2022 19:08:23|hasarOCX.ImprimirItem --> OK
17/08/2022 19:08:23|Articulo --> ambar aromatizantes aero amour
17/08/2022 19:08:23|cantidadArt B --> 1
17/08/2022 19:08:23|PrecVear --> 340
17/08/2022 19:08:23|montoArt --> 280,99173553719
17/08/2022 19:08:23|ivaArt --> 21
17/08/2022 19:08:23|hasarOCX.ImprimirItem --> OK
17/08/2022 19:08:23|Articulo --> ala ultra x450 dp limon
17/08/2022 19:08:23|cantidadArt B --> 2
17/08/2022 19:08:23|PrecVear --> 260
17/08/2022 19:08:23|montoArt --> 214,876033057851
17/08/2022 19:08:23|ivaArt --> 21
17/08/2022 19:08:23|hasarOCX.ImprimirItem --> OK
17/08/2022 19:08:23|Articulo --> higienol max 80m panal
17/08/2022 19:08:23|cantidadArt B --> 2
17/08/2022 19:08:23|PrecVear --> 520
17/08/2022 19:08:23|montoArt --> 429,752066115703
17/08/2022 19:08:23|ivaArt --> 21
17/08/2022 19:08:24|hasarOCX.ImprimirItem --> OK
17/08/2022 19:08:24|Articulo --> cif crema multiuso x375 nvo
17/08/2022 19:08:24|cantidadArt B --> 1
17/08/2022 19:08:24|PrecVear --> 179
17/08/2022 19:08:24|montoArt --> 147,933884297521
17/08/2022 19:08:24|ivaArt --> 21
17/08/2022 19:08:24|hasarOCX.ImprimirItem --> OK
17/08/2022 19:08:24|Cerrar Comprobante B:::
17/08/2022 19:08:27|Obtiene nrocomp
17/08/2022 19:08:27|nrocomp --> 25895
17/08/2022 19:08:27|Nro. de Comprobante ::: TFB ::: 25895
17/08/2022 19:08:27|Ety.TicketFiscal: 25895
17/08/2022 19:13:23|Comienza Facturacion B
17/08/2022 19:13:23|DatosCliente B
17/08/2022 19:13:26|AbrirComprobanteFiscal B
17/08/2022 19:13:26|Articulo --> dermogreen crema manos x 160 ml
17/08/2022 19:13:26|cantidadArt B --> 1
17/08/2022 19:13:26|PrecVear --> 237
17/08/2022 19:13:26|montoArt --> 195,867768595041
17/08/2022 19:13:26|ivaArt --> 21
17/08/2022 19:13:26|hasarOCX.ImprimirItem --> OK
17/08/2022 19:13:26|Articulo --> fidelite mascara de argan
17/08/2022 19:13:26|cantidadArt B --> 1
17/08/2022 19:13:26|PrecVear --> 1078
17/08/2022 19:13:26|montoArt --> 890,909090909091
17/08/2022 19:13:26|ivaArt --> 21
17/08/2022 19:13:27|hasarOCX.ImprimirItem --> OK
17/08/2022 19:13:27|Articulo --> rexona clinical barra
17/08/2022 19:13:27|cantidadArt B --> 1
17/08/2022 19:13:27|PrecVear --> 790
17/08/2022 19:13:27|montoArt --> 652,892561983471
17/08/2022 19:13:27|ivaArt --> 21
17/08/2022 19:13:27|hasarOCX.ImprimirItem --> OK
17/08/2022 19:13:27|Articulo --> e.spa esponja pompon exfol.(150)
17/08/2022 19:13:27|cantidadArt B --> 1
17/08/2022 19:13:27|PrecVear --> 320
17/08/2022 19:13:27|montoArt --> 264,462809917355
17/08/2022 19:13:27|ivaArt --> 21
17/08/2022 19:13:27|hasarOCX.ImprimirItem --> OK
17/08/2022 19:13:27|Articulo --> algabo crema manos y uñas 90ml
17/08/2022 19:13:27|cantidadArt B --> 1
17/08/2022 19:13:27|PrecVear --> 250
17/08/2022 19:13:27|montoArt --> 206,611570247934
17/08/2022 19:13:27|ivaArt --> 21
17/08/2022 19:13:28|hasarOCX.ImprimirItem --> OK
17/08/2022 19:13:28|Cerrar Comprobante B:::
17/08/2022 19:13:31|Obtiene nrocomp
17/08/2022 19:13:31|nrocomp --> 25896
17/08/2022 19:13:31|Nro. de Comprobante ::: TFB ::: 25896
17/08/2022 19:13:31|Ety.TicketFiscal: 25896
17/08/2022 19:15:37|Comienza Facturacion B
17/08/2022 19:15:37|DatosCliente B
17/08/2022 19:15:40|AbrirComprobanteFiscal B
17/08/2022 19:15:40|Articulo --> pampers premium gx72 uni
17/08/2022 19:15:40|cantidadArt B --> 1
17/08/2022 19:15:40|PrecVear --> 3090
17/08/2022 19:15:40|montoArt --> 2553,71900826446
17/08/2022 19:15:40|ivaArt --> 21
17/08/2022 19:15:40|hasarOCX.ImprimirItem --> OK
17/08/2022 19:15:40|Cerrar Comprobante B:::
17/08/2022 19:15:43|Obtiene nrocomp
17/08/2022 19:15:43|nrocomp --> 25897
17/08/2022 19:15:43|Nro. de Comprobante ::: TFB ::: 25897
17/08/2022 19:15:43|Ety.TicketFiscal: 25897
17/08/2022 19:32:36|Comienza Facturacion B
17/08/2022 19:32:36|DatosCliente B
17/08/2022 19:32:39|AbrirComprobanteFiscal B
17/08/2022 19:32:39|Articulo --> frilayp aceite de lino
17/08/2022 19:32:39|cantidadArt B --> 1
17/08/2022 19:32:39|PrecVear --> 890
17/08/2022 19:32:39|montoArt --> 735,537190082645
17/08/2022 19:32:39|ivaArt --> 21
17/08/2022 19:32:39|hasarOCX.ImprimirItem --> OK
17/08/2022 19:32:39|Articulo --> calipso pd multiestilox50
17/08/2022 19:32:39|cantidadArt B --> 1
17/08/2022 19:32:39|PrecVear --> 390
17/08/2022 19:32:39|montoArt --> 322,314049586777
17/08/2022 19:32:39|ivaArt --> 21
17/08/2022 19:32:40|hasarOCX.ImprimirItem --> OK
17/08/2022 19:32:40|Articulo --> estrella pañal xg x58
17/08/2022 19:32:40|cantidadArt B --> 1
17/08/2022 19:32:40|PrecVear --> 3130
17/08/2022 19:32:40|montoArt --> 2586,77685950413
17/08/2022 19:32:40|ivaArt --> 21
17/08/2022 19:32:40|hasarOCX.ImprimirItem --> OK
17/08/2022 19:32:40|Articulo --> colgate cepillo niños x1
17/08/2022 19:32:40|cantidadArt B --> 1
17/08/2022 19:32:40|PrecVear --> 360
17/08/2022 19:32:40|montoArt --> 297,520661157025
17/08/2022 19:32:40|ivaArt --> 21
17/08/2022 19:32:40|hasarOCX.ImprimirItem --> OK
17/08/2022 19:32:40|Articulo --> colgate cepillo clasic clean x1
17/08/2022 19:32:40|cantidadArt B --> 1
17/08/2022 19:32:40|PrecVear --> 180
17/08/2022 19:32:40|montoArt --> 148,760330578512
17/08/2022 19:32:40|ivaArt --> 21
17/08/2022 19:32:41|hasarOCX.ImprimirItem --> OK
17/08/2022 19:32:41|Articulo --> clear chx400ml cont.caida
17/08/2022 19:32:41|cantidadArt B --> 1
17/08/2022 19:32:41|PrecVear --> 620
17/08/2022 19:32:41|montoArt --> 512,396694214876
17/08/2022 19:32:41|ivaArt --> 21
17/08/2022 19:32:41|hasarOCX.ImprimirItem --> OK
17/08/2022 19:32:41|Articulo --> hinds crema rosa x125 ml
17/08/2022 19:32:41|cantidadArt B --> 1
17/08/2022 19:32:41|PrecVear --> 300
17/08/2022 19:32:41|montoArt --> 247,933884297521
17/08/2022 19:32:41|ivaArt --> 21
17/08/2022 19:32:41|hasarOCX.ImprimirItem --> OK
17/08/2022 19:32:41|Articulo --> nivea crema corporal x125 ml
17/08/2022 19:32:41|cantidadArt B --> 1
17/08/2022 19:32:41|PrecVear --> 380
17/08/2022 19:32:41|montoArt --> 314,04958677686
17/08/2022 19:32:41|ivaArt --> 21
17/08/2022 19:32:42|hasarOCX.ImprimirItem --> OK
17/08/2022 19:32:42|Articulo --> suave suavidad shampoo x930ml
17/08/2022 19:32:42|cantidadArt B --> 1
17/08/2022 19:32:42|PrecVear --> 380
17/08/2022 19:32:42|montoArt --> 314,04958677686
17/08/2022 19:32:42|ivaArt --> 21
17/08/2022 19:32:42|hasarOCX.ImprimirItem --> OK
17/08/2022 19:32:42|Articulo --> mimito oleo calcareo botella x 1 litro
17/08/2022 19:32:42|cantidadArt B --> 1
17/08/2022 19:32:42|PrecVear --> 450
17/08/2022 19:32:42|montoArt --> 371,900826446281
17/08/2022 19:32:42|ivaArt --> 21
17/08/2022 19:32:42|hasarOCX.ImprimirItem --> OK
17/08/2022 19:32:42|Articulo --> calipso toalla plana x8
17/08/2022 19:32:42|cantidadArt B --> 1
17/08/2022 19:32:42|PrecVear --> 90
17/08/2022 19:32:42|montoArt --> 74,3801652892562
17/08/2022 19:32:42|ivaArt --> 21
17/08/2022 19:32:43|hasarOCX.ImprimirItem --> OK
17/08/2022 19:32:43|Articulo --> calipso toalla plana x8
17/08/2022 19:32:43|cantidadArt B --> 1
17/08/2022 19:32:43|PrecVear --> 90
17/08/2022 19:32:43|montoArt --> 74,3801652892562
17/08/2022 19:32:43|ivaArt --> 21
17/08/2022 19:32:43|hasarOCX.ImprimirItem --> OK
17/08/2022 19:32:43|Articulo --> raid aero mmm azul power shot
17/08/2022 19:32:43|cantidadArt B --> 1
17/08/2022 19:32:43|PrecVear --> 430
17/08/2022 19:32:43|montoArt --> 355,371900826446
17/08/2022 19:32:43|ivaArt --> 21
17/08/2022 19:32:44|hasarOCX.ImprimirItem --> OK
17/08/2022 19:32:44|Articulo --> gillette  azul x unidad
17/08/2022 19:32:44|cantidadArt B --> 2
17/08/2022 19:32:44|PrecVear --> 165
17/08/2022 19:32:44|montoArt --> 136,363636363636
17/08/2022 19:32:44|ivaArt --> 21
17/08/2022 19:32:44|hasarOCX.ImprimirItem --> OK
17/08/2022 19:32:44|Articulo --> ala polvo x800g matic
17/08/2022 19:32:44|cantidadArt B --> 1
17/08/2022 19:32:44|PrecVear --> 330
17/08/2022 19:32:44|montoArt --> 272,727272727273
17/08/2022 19:32:44|ivaArt --> 21
17/08/2022 19:32:44|hasarOCX.ImprimirItem --> OK
17/08/2022 19:32:44|Articulo --> sedal acondx300 d.pack balance nuevo
17/08/2022 19:32:44|cantidadArt B --> 2
17/08/2022 19:32:44|PrecVear --> 280
17/08/2022 19:32:44|montoArt --> 231,404958677686
17/08/2022 19:32:44|ivaArt --> 21
17/08/2022 19:32:45|hasarOCX.ImprimirItem --> OK
17/08/2022 19:32:45|Cerrar Comprobante B:::
17/08/2022 19:32:48|Obtiene nrocomp
17/08/2022 19:32:48|nrocomp --> 25898
17/08/2022 19:32:48|Nro. de Comprobante ::: TFB ::: 25898
17/08/2022 19:32:48|Ety.TicketFiscal: 25898
17/08/2022 19:44:07|Comienza Facturacion B
17/08/2022 19:44:07|DatosCliente B
17/08/2022 19:44:10|AbrirComprobanteFiscal B
17/08/2022 19:44:10|Articulo --> mimito oleo calcareo botella x 1 litro
17/08/2022 19:44:10|cantidadArt B --> 1
17/08/2022 19:44:10|PrecVear --> 450
17/08/2022 19:44:10|montoArt --> 371,900826446281
17/08/2022 19:44:10|ivaArt --> 21
17/08/2022 19:44:10|hasarOCX.ImprimirItem --> OK
17/08/2022 19:44:10|Articulo --> pantene x400ml cuidado clasico
17/08/2022 19:44:10|cantidadArt B --> 1
17/08/2022 19:44:10|PrecVear --> 680
17/08/2022 19:44:10|montoArt --> 561,98347107438
17/08/2022 19:44:10|ivaArt --> 21
17/08/2022 19:44:11|hasarOCX.ImprimirItem --> OK
17/08/2022 19:44:11|Articulo --> huggies flexi comfort xxg50
17/08/2022 19:44:11|cantidadArt B --> 1
17/08/2022 19:44:11|PrecVear --> 2380
17/08/2022 19:44:11|montoArt --> 1966,94214876033
17/08/2022 19:44:11|ivaArt --> 21
17/08/2022 19:44:11|hasarOCX.ImprimirItem --> OK
17/08/2022 19:44:11|Articulo --> estrella algodon super x400
17/08/2022 19:44:11|cantidadArt B --> 1
17/08/2022 19:44:11|PrecVear --> 880
17/08/2022 19:44:11|montoArt --> 727,272727272727
17/08/2022 19:44:11|ivaArt --> 21
17/08/2022 19:44:11|hasarOCX.ImprimirItem --> OK
17/08/2022 19:44:11|Cerrar Comprobante B:::
17/08/2022 19:44:14|Obtiene nrocomp
17/08/2022 19:44:15|nrocomp --> 25899
17/08/2022 19:44:15|Nro. de Comprobante ::: TFB ::: 25899
17/08/2022 19:44:15|Ety.TicketFiscal: 25899
17/08/2022 19:52:49|Comienza Facturacion B
17/08/2022 19:52:49|DatosCliente B
17/08/2022 19:52:52|AbrirComprobanteFiscal B
17/08/2022 19:52:52|Articulo --> rexona jabon x125
17/08/2022 19:52:52|cantidadArt B --> 1
17/08/2022 19:52:52|PrecVear --> 125
17/08/2022 19:52:52|montoArt --> 103,305785123967
17/08/2022 19:52:52|ivaArt --> 21
17/08/2022 19:52:52|hasarOCX.ImprimirItem --> OK
17/08/2022 19:52:52|Articulo --> huggies supreme care xxg x50
17/08/2022 19:52:52|cantidadArt B --> 1
17/08/2022 19:52:52|PrecVear --> 2500
17/08/2022 19:52:52|montoArt --> 2066,11570247934
17/08/2022 19:52:52|ivaArt --> 21
17/08/2022 19:52:53|hasarOCX.ImprimirItem --> OK
17/08/2022 19:52:53|Articulo --> estrella algodon clasicox140
17/08/2022 19:52:53|cantidadArt B --> 1
17/08/2022 19:52:53|PrecVear --> 290
17/08/2022 19:52:53|montoArt --> 239,669421487603
17/08/2022 19:52:53|ivaArt --> 21
17/08/2022 19:52:53|hasarOCX.ImprimirItem --> OK
17/08/2022 19:52:53|Articulo --> estrella baby oleo verde x500
17/08/2022 19:52:53|cantidadArt B --> 1
17/08/2022 19:52:53|PrecVear --> 840
17/08/2022 19:52:53|montoArt --> 694,214876033058
17/08/2022 19:52:53|ivaArt --> 21
17/08/2022 19:52:53|hasarOCX.ImprimirItem --> OK
17/08/2022 19:52:53|Articulo --> dove baby sh cab cla h enr x200ml
17/08/2022 19:52:53|cantidadArt B --> 1
17/08/2022 19:52:53|PrecVear --> 440
17/08/2022 19:52:53|montoArt --> 363,636363636364
17/08/2022 19:52:53|ivaArt --> 21
17/08/2022 19:52:54|hasarOCX.ImprimirItem --> OK
17/08/2022 19:52:54|Cerrar Comprobante B:::
17/08/2022 19:52:57|Obtiene nrocomp
17/08/2022 19:52:57|nrocomp --> 25900
17/08/2022 19:52:57|Nro. de Comprobante ::: TFB ::: 25900
17/08/2022 19:52:57|Ety.TicketFiscal: 25900
17/08/2022 20:01:21|cerrando pantalla venta
17/08/2022 20:01:22|cerrando pantalla venta
17/08/2022 20:01:34|*************COMIENZA Cierre  Z**********
17/08/2022 20:01:43|CIERRE Z
Cierre Z Nº =[807]
Fecha del Cierre        =[17/08/2022 0:00:00]
DF Emitidos             =[36]
DF Cancelados           =[0]
DF Total                =[10531105]
DF Total Gravado        =[8703385]
DF Total No Gravado     =[0]
DF Total Exento         =[0]
DF Total IVA            =[1827720]
DF Total Otros Tributos =[0]
NC Emitidas             =[0]
NC Canceladas           =[0]
NC Total                =[0]
NC Total Gravado        =[0]
NC Total No Gravado     =[0]
NC Total Exento         =[0]
NC Total IVA            =[0]
NC Total Otros Tributos =[0]
DNFH Emitidos           =[0]
DNFH Total              =[0]

17/08/2022 20:03:16|Conectando..
17/08/2022 20:03:16|IP: 127.0.0.1 - Puerto: 6500
17/08/2022 20:03:17|Conectado con éxito!!
17/08/2022 20:03:45|cerrando pantalla venta
