24/03/2022 8:39:09|Conectando..
24/03/2022 8:39:09|IP: 127.0.0.1 - Puerto: 6500
24/03/2022 8:39:26|cerrando pantalla venta
24/03/2022 8:39:36|Conectando..
24/03/2022 8:39:36|IP: 127.0.0.1 - Puerto: 6500
24/03/2022 8:40:54|Comienza Facturacion B
24/03/2022 8:40:57|Error iniciando Factura B --> Tiempo de espera agotado
24/03/2022 8:40:59|Error Cerrando documento B --> Tiempo de espera agotado
24/03/2022 8:40:59|Conectando..
24/03/2022 8:40:59|IP: 127.0.0.1 - Puerto: 6500
24/03/2022 8:41:00|Comienza Facturacion B
24/03/2022 8:41:00|Error iniciando Factura B --> Anidamiento inválido de comandos
24/03/2022 8:41:00|Error Cerrando documento B --> Anidamiento inválido de comandos
24/03/2022 8:41:00|Conectando..
24/03/2022 8:41:00|IP: 127.0.0.1 - Puerto: 6500
24/03/2022 8:41:05|Error Diagnostico..Anidamiento inválido de comandos
24/03/2022 8:41:05|Error Imprimiendo Factura B --> Tiempo de espera agotado
24/03/2022 8:41:07|Ety.TicketFiscal: -1
24/03/2022 8:41:09|Error Diagnostico..Tiempo de espera agotado
24/03/2022 8:41:12|Error Imprimiendo Factura B --> Tiempo de espera agotado
24/03/2022 8:41:14|Ety.TicketFiscal: -1
24/03/2022 8:41:16|Error Diagnostico..Tiempo de espera agotado
24/03/2022 8:44:33|Error Diagnostico..Tiempo de espera agotado
24/03/2022 9:18:10|Error Diagnostico..Tiempo de espera agotado
24/03/2022 9:20:19|Error Diagnostico..Tiempo de espera agotado
24/03/2022 9:22:14|Error Diagnostico..Tiempo de espera agotado
24/03/2022 9:30:05|Error Diagnostico..Tiempo de espera agotado
24/03/2022 9:32:02|Error Diagnostico..Tiempo de espera agotado
24/03/2022 9:33:29|Comienza Facturacion B
24/03/2022 9:33:31|Error iniciando Factura B --> Tiempo de espera agotado
24/03/2022 9:33:34|Error Cerrando documento B --> Tiempo de espera agotado
24/03/2022 9:33:34|Conectando..
24/03/2022 9:33:34|IP: 127.0.0.1 - Puerto: 6500
24/03/2022 9:33:45|Error Imprimiendo Factura B --> Tiempo de espera agotado
24/03/2022 9:34:54|Ety.TicketFiscal: -1
24/03/2022 9:34:56|Error Diagnostico..Tiempo de espera agotado
24/03/2022 9:35:21|Error Diagnostico..Tiempo de espera agotado
24/03/2022 9:41:55|Error Diagnostico..Tiempo de espera agotado
24/03/2022 9:46:42|Error Diagnostico..Tiempo de espera agotado
24/03/2022 9:52:25|Error Diagnostico..Tiempo de espera agotado
24/03/2022 10:04:56|Error Diagnostico..Tiempo de espera agotado
24/03/2022 10:15:24|Error Diagnostico..Tiempo de espera agotado
24/03/2022 10:17:25|Comienza Facturacion B
24/03/2022 10:17:27|Error iniciando Factura B --> Tiempo de espera agotado
24/03/2022 10:17:29|Error Cerrando documento B --> Tiempo de espera agotado
24/03/2022 10:17:29|Conectando..
24/03/2022 10:17:29|IP: 127.0.0.1 - Puerto: 6500
24/03/2022 10:17:40|Error Imprimiendo Factura B --> Tiempo de espera agotado
24/03/2022 10:22:25|Ety.TicketFiscal: -1
24/03/2022 10:22:27|Error Diagnostico..Anidamiento inválido de comandos
24/03/2022 10:22:27|Error Diagnostico..Tiempo de espera agotado
24/03/2022 10:23:52|Error Diagnostico..Tiempo de espera agotado
24/03/2022 10:25:06|Comienza Facturacion B
24/03/2022 10:25:08|Error iniciando Factura B --> Tiempo de espera agotado
24/03/2022 10:25:10|Error Cerrando documento B --> Tiempo de espera agotado
24/03/2022 10:25:10|Conectando..
24/03/2022 10:25:10|IP: 127.0.0.1 - Puerto: 6500
24/03/2022 10:25:23|Error Imprimiendo Factura B --> Tiempo de espera agotado
24/03/2022 10:25:26|Ety.TicketFiscal: -1
24/03/2022 10:25:28|Error Diagnostico..Tiempo de espera agotado
24/03/2022 10:27:04|Error Diagnostico..Tiempo de espera agotado
24/03/2022 10:30:56|Error Diagnostico..Tiempo de espera agotado
24/03/2022 10:33:32|Error Diagnostico..Tiempo de espera agotado
24/03/2022 10:34:07|Comienza Facturacion B
24/03/2022 10:34:09|Error iniciando Factura B --> Tiempo de espera agotado
24/03/2022 10:34:11|Error Cerrando documento B --> Tiempo de espera agotado
24/03/2022 10:34:11|Conectando..
24/03/2022 10:34:11|IP: 127.0.0.1 - Puerto: 6500
24/03/2022 10:34:29|Error Imprimiendo Factura B --> Tiempo de espera agotado
24/03/2022 10:34:30|Ety.TicketFiscal: -1
24/03/2022 10:34:32|Error Diagnostico..Tiempo de espera agotado
24/03/2022 10:35:04|Error Diagnostico..Tiempo de espera agotado
24/03/2022 10:36:52|Error Diagnostico..Tiempo de espera agotado
24/03/2022 10:39:33|Error Diagnostico..Tiempo de espera agotado
24/03/2022 10:39:49|Comienza Facturacion B
24/03/2022 10:39:51|Error iniciando Factura B --> Tiempo de espera agotado
24/03/2022 10:39:53|Error Cerrando documento B --> Tiempo de espera agotado
24/03/2022 10:39:53|Conectando..
24/03/2022 10:39:53|IP: 127.0.0.1 - Puerto: 6500
24/03/2022 10:40:02|Error Imprimiendo Factura B --> Tiempo de espera agotado
24/03/2022 10:40:04|Ety.TicketFiscal: -1
24/03/2022 10:40:06|Error Diagnostico..Tiempo de espera agotado
24/03/2022 10:40:29|Error Diagnostico..Tiempo de espera agotado
24/03/2022 10:54:53|Error Diagnostico..Tiempo de espera agotado
24/03/2022 10:57:04|Error Diagnostico..Tiempo de espera agotado
24/03/2022 10:57:13|Comienza Facturacion B
24/03/2022 10:57:15|Error iniciando Factura B --> Tiempo de espera agotado
24/03/2022 10:57:17|Error Cerrando documento B --> Tiempo de espera agotado
24/03/2022 10:57:17|Conectando..
24/03/2022 10:57:17|IP: 127.0.0.1 - Puerto: 6500
24/03/2022 10:57:24|Error Imprimiendo Factura B --> Tiempo de espera agotado
24/03/2022 10:57:52|Ety.TicketFiscal: -1
24/03/2022 10:57:54|Error Diagnostico..Tiempo de espera agotado
24/03/2022 10:57:55|Comienza Facturacion B
24/03/2022 10:57:57|Error iniciando Factura B --> Tiempo de espera agotado
24/03/2022 10:57:59|Error Cerrando documento B --> Tiempo de espera agotado
24/03/2022 10:57:59|Conectando..
24/03/2022 10:57:59|IP: 127.0.0.1 - Puerto: 6500
24/03/2022 10:58:24|cerrando pantalla venta
24/03/2022 10:58:25|Error Imprimiendo Factura B --> Tiempo de espera agotado
24/03/2022 10:58:53|Ety.TicketFiscal: -1
24/03/2022 10:58:53|Error Diagnostico..Referencia a objeto no establecida como instancia de un objeto.
24/03/2022 10:58:54|Conectando..
24/03/2022 10:58:54|IP: 127.0.0.1 - Puerto: 6500
24/03/2022 10:59:21|Error Diagnostico..Tiempo de espera agotado
24/03/2022 10:59:26|cerrando pantalla venta
24/03/2022 10:59:48|Conectando..
24/03/2022 10:59:48|IP: 127.0.0.1 - Puerto: 6500
24/03/2022 11:00:05|cerrando pantalla venta
24/03/2022 11:00:42|*************COMIENZA Cierre  Z**********
24/03/2022 11:00:44|error emitiendo cierre Z -->: Tiempo de espera agotado
24/03/2022 11:01:10|Conectando..
24/03/2022 11:01:10|IP: 127.0.0.1 - Puerto: 6500
24/03/2022 11:01:13|cerrando pantalla venta
24/03/2022 11:01:26|Conectando..
24/03/2022 11:01:26|IP: 127.0.0.1 - Puerto: 6500
24/03/2022 11:02:29|Error Diagnostico..Tiempo de espera agotado
24/03/2022 11:02:29|Comienza Facturacion B
24/03/2022 11:02:31|Error iniciando Factura B --> Tiempo de espera agotado
24/03/2022 11:02:34|Error Cerrando documento B --> Tiempo de espera agotado
24/03/2022 11:02:34|Conectando..
24/03/2022 11:02:34|IP: 127.0.0.1 - Puerto: 6500
24/03/2022 11:02:40|Error Imprimiendo Factura B --> Tiempo de espera agotado
24/03/2022 11:02:45|Ety.TicketFiscal: -1
24/03/2022 11:02:47|Error Diagnostico..Tiempo de espera agotado
24/03/2022 11:02:49|cerrando pantalla venta
24/03/2022 11:03:00|Conectando..
24/03/2022 11:03:00|IP: 127.0.0.1 - Puerto: 6500
24/03/2022 11:04:12|Error Diagnostico..Tiempo de espera agotado
24/03/2022 11:04:22|Comienza Facturacion B
24/03/2022 11:04:24|Error iniciando Factura B --> Tiempo de espera agotado
24/03/2022 11:04:27|Error Cerrando documento B --> Tiempo de espera agotado
24/03/2022 11:04:27|Conectando..
24/03/2022 11:04:27|IP: 127.0.0.1 - Puerto: 6500
24/03/2022 11:04:34|Error Imprimiendo Factura B --> Tiempo de espera agotado
24/03/2022 11:04:53|Ety.TicketFiscal: -1
24/03/2022 11:04:55|Error Diagnostico..Tiempo de espera agotado
24/03/2022 11:08:15|Error Diagnostico..Tiempo de espera agotado
24/03/2022 11:16:24|Error Diagnostico..Tiempo de espera agotado
24/03/2022 11:17:57|Error Diagnostico..Tiempo de espera agotado
24/03/2022 11:21:04|Error Diagnostico..Tiempo de espera agotado
24/03/2022 11:21:48|Error Diagnostico..Tiempo de espera agotado
24/03/2022 11:23:51|Error Diagnostico..Tiempo de espera agotado
24/03/2022 11:26:23|Comienza Facturacion B
24/03/2022 11:26:25|Error iniciando Factura B --> Tiempo de espera agotado
24/03/2022 11:26:28|Error Cerrando documento B --> Tiempo de espera agotado
24/03/2022 11:26:28|Conectando..
24/03/2022 11:26:28|IP: 127.0.0.1 - Puerto: 6500
24/03/2022 11:26:33|Error Imprimiendo Factura B --> Tiempo de espera agotado
24/03/2022 11:26:45|Ety.TicketFiscal: -1
24/03/2022 11:26:46|Error Diagnostico..Anidamiento inválido de comandos
24/03/2022 11:26:47|Error Diagnostico..Tiempo de espera agotado
24/03/2022 11:28:57|Comienza Facturacion B
24/03/2022 11:28:59|Error iniciando Factura B --> Tiempo de espera agotado
24/03/2022 11:29:02|Error Cerrando documento B --> Tiempo de espera agotado
24/03/2022 11:29:02|Conectando..
24/03/2022 11:29:02|IP: 127.0.0.1 - Puerto: 6500
24/03/2022 11:29:07|Error Imprimiendo Factura B --> Tiempo de espera agotado
24/03/2022 11:29:10|Ety.TicketFiscal: -1
24/03/2022 11:29:12|Error Diagnostico..Tiempo de espera agotado
24/03/2022 11:30:48|Error Diagnostico..Tiempo de espera agotado
24/03/2022 11:30:49|Comienza Facturacion B
24/03/2022 11:30:51|Error iniciando Factura B --> Tiempo de espera agotado
24/03/2022 11:30:54|Error Cerrando documento B --> Tiempo de espera agotado
24/03/2022 11:30:54|Conectando..
24/03/2022 11:30:54|IP: 127.0.0.1 - Puerto: 6500
24/03/2022 11:31:01|Error Imprimiendo Factura B --> Tiempo de espera agotado
24/03/2022 11:31:03|Ety.TicketFiscal: -1
24/03/2022 11:31:05|Error Diagnostico..Tiempo de espera agotado
24/03/2022 11:31:36|Error Diagnostico..Tiempo de espera agotado
24/03/2022 11:34:00|Error Diagnostico..Tiempo de espera agotado
24/03/2022 11:35:04|Error Diagnostico..Tiempo de espera agotado
24/03/2022 11:35:04|cerrando pantalla venta
24/03/2022 11:35:14|Conectando..
24/03/2022 11:35:14|IP: 127.0.0.1 - Puerto: 6500
24/03/2022 11:35:14|Conectado con éxito!!
24/03/2022 11:43:44|Comienza Facturacion B
24/03/2022 11:43:44|DatosCliente B
24/03/2022 11:43:47|AbrirComprobanteFiscal B
24/03/2022 11:43:47|Articulo --> el coloso hig.ecolog x4
24/03/2022 11:43:47|cantidadArt B --> 1
24/03/2022 11:43:47|PrecVear --> 90
24/03/2022 11:43:47|montoArt --> 74,3801652892562
24/03/2022 11:43:47|ivaArt --> 21
24/03/2022 11:43:47|hasarOCX.ImprimirItem --> OK
24/03/2022 11:43:47|Articulo --> estrella algodón clasico x500 g
24/03/2022 11:43:47|cantidadArt B --> 1
24/03/2022 11:43:47|PrecVear --> 470
24/03/2022 11:43:47|montoArt --> 388,429752066116
24/03/2022 11:43:47|ivaArt --> 21
24/03/2022 11:43:48|hasarOCX.ImprimirItem --> OK
24/03/2022 11:43:48|Articulo --> huggies supreme care mx68
24/03/2022 11:43:48|cantidadArt B --> 1
24/03/2022 11:43:48|PrecVear --> 1850
24/03/2022 11:43:48|montoArt --> 1528,92561983471
24/03/2022 11:43:48|ivaArt --> 21
24/03/2022 11:43:48|hasarOCX.ImprimirItem --> OK
24/03/2022 11:43:48|Articulo --> estrella baby oleo sin frag x950ml
24/03/2022 11:43:48|cantidadArt B --> 1
24/03/2022 11:43:48|PrecVear --> 690
24/03/2022 11:43:48|montoArt --> 570,247933884297
24/03/2022 11:43:48|ivaArt --> 21
24/03/2022 11:43:48|hasarOCX.ImprimirItem --> OK
24/03/2022 11:43:48|Cerrar Comprobante B:::
24/03/2022 11:43:51|Obtiene nrocomp
24/03/2022 11:43:52|nrocomp --> 20275
24/03/2022 11:43:52|Nro. de Comprobante ::: TFB ::: 20275
24/03/2022 11:43:52|Ety.TicketFiscal: 20275
24/03/2022 11:53:06|Comienza Facturacion B
24/03/2022 11:53:07|DatosCliente B
24/03/2022 11:53:09|AbrirComprobanteFiscal B
24/03/2022 11:53:09|Articulo --> mary bosques keratina en crema doypack x250g
24/03/2022 11:53:09|cantidadArt B --> 1
24/03/2022 11:53:09|PrecVear --> 390
24/03/2022 11:53:09|montoArt --> 322,314049586777
24/03/2022 11:53:09|ivaArt --> 21
24/03/2022 11:53:10|hasarOCX.ImprimirItem --> OK
24/03/2022 11:53:10|Articulo --> felpita infinity cocina x3 d/h
24/03/2022 11:53:10|cantidadArt B --> 1
24/03/2022 11:53:10|PrecVear --> 250
24/03/2022 11:53:10|montoArt --> 206,611570247934
24/03/2022 11:53:10|ivaArt --> 21
24/03/2022 11:53:10|hasarOCX.ImprimirItem --> OK
24/03/2022 11:53:10|Articulo --> 21620 doncella pocket tanga tela suave c/deo c/alas  8u
24/03/2022 11:53:10|cantidadArt B --> 1
24/03/2022 11:53:10|PrecVear --> 70
24/03/2022 11:53:10|montoArt --> 57,8512396694215
24/03/2022 11:53:10|ivaArt --> 21
24/03/2022 11:53:10|hasarOCX.ImprimirItem --> OK
24/03/2022 11:53:10|Articulo --> glade pastilla con red x25 lavanda
24/03/2022 11:53:10|cantidadArt B --> 1
24/03/2022 11:53:10|PrecVear --> 110
24/03/2022 11:53:10|montoArt --> 90,9090909090909
24/03/2022 11:53:10|ivaArt --> 21
24/03/2022 11:53:11|hasarOCX.ImprimirItem --> OK
24/03/2022 11:53:11|Articulo --> ayudin lav.x1lts tot.max.pureza
24/03/2022 11:53:11|cantidadArt B --> 1
24/03/2022 11:53:11|PrecVear --> 95
24/03/2022 11:53:11|montoArt --> 78,5123966942149
24/03/2022 11:53:11|ivaArt --> 21
24/03/2022 11:53:11|hasarOCX.ImprimirItem --> OK
24/03/2022 11:53:11|Articulo --> algabo sally sh x200 ml
24/03/2022 11:53:11|cantidadArt B --> 1
24/03/2022 11:53:11|PrecVear --> 180
24/03/2022 11:53:11|montoArt --> 148,760330578512
24/03/2022 11:53:11|ivaArt --> 21
24/03/2022 11:53:11|hasarOCX.ImprimirItem --> OK
24/03/2022 11:53:11|Articulo --> mr trapo gris ext. suave
24/03/2022 11:53:11|cantidadArt B --> 2
24/03/2022 11:53:11|PrecVear --> 110
24/03/2022 11:53:11|montoArt --> 90,9090909090909
24/03/2022 11:53:11|ivaArt --> 21
24/03/2022 11:53:12|hasarOCX.ImprimirItem --> OK
24/03/2022 11:53:12|Articulo --> felpita doble hoja pura caricia
24/03/2022 11:53:12|cantidadArt B --> 1
24/03/2022 11:53:12|PrecVear --> 210
24/03/2022 11:53:12|montoArt --> 173,553719008264
24/03/2022 11:53:12|ivaArt --> 21
24/03/2022 11:53:12|hasarOCX.ImprimirItem --> OK
24/03/2022 11:53:12|Cerrar Comprobante B:::
24/03/2022 11:53:15|Obtiene nrocomp
24/03/2022 11:53:15|nrocomp --> 20276
24/03/2022 11:53:15|Nro. de Comprobante ::: TFB ::: 20276
24/03/2022 11:53:15|Ety.TicketFiscal: 20276
24/03/2022 12:16:51|Comienza Facturacion B
24/03/2022 12:16:51|DatosCliente B
24/03/2022 12:16:53|AbrirComprobanteFiscal B
24/03/2022 12:16:53|Articulo --> sussex rollo cocx3 clas
24/03/2022 12:16:53|cantidadArt B --> 1
24/03/2022 12:16:53|PrecVear --> 130
24/03/2022 12:16:53|montoArt --> 107,438016528926
24/03/2022 12:16:53|ivaArt --> 21
24/03/2022 12:18:04|hasarOCX.ImprimirItem --> OK
24/03/2022 12:18:04|Articulo --> el coloso palillos de madera
24/03/2022 12:18:04|cantidadArt B --> 2
24/03/2022 12:18:04|PrecVear --> 40
24/03/2022 12:18:04|montoArt --> 33,0578512396694
24/03/2022 12:18:04|ivaArt --> 21
24/03/2022 12:18:04|hasarOCX.ImprimirItem --> OK
24/03/2022 12:18:04|Articulo --> felpita maxirollo x240u dh
24/03/2022 12:18:04|cantidadArt B --> 1
24/03/2022 12:18:04|PrecVear --> 155
24/03/2022 12:18:04|montoArt --> 128,099173553719
24/03/2022 12:18:04|ivaArt --> 21
24/03/2022 12:18:05|hasarOCX.ImprimirItem --> OK
24/03/2022 12:18:05|Articulo --> extralimp bollito acero
24/03/2022 12:18:05|cantidadArt B --> 2
24/03/2022 12:18:05|PrecVear --> 140
24/03/2022 12:18:05|montoArt --> 115,702479338843
24/03/2022 12:18:05|ivaArt --> 21
24/03/2022 12:18:05|hasarOCX.ImprimirItem --> OK
24/03/2022 12:18:05|Articulo --> plusbelle jabx125
24/03/2022 12:18:05|cantidadArt B --> 2
24/03/2022 12:18:05|PrecVear --> 85
24/03/2022 12:18:05|montoArt --> 70,2479338842975
24/03/2022 12:18:05|ivaArt --> 21
24/03/2022 12:18:05|hasarOCX.ImprimirItem --> OK
24/03/2022 12:18:05|Articulo --> escobillon curvo laqueado
24/03/2022 12:18:05|cantidadArt B --> 1
24/03/2022 12:18:05|PrecVear --> 430
24/03/2022 12:18:05|montoArt --> 355,371900826446
24/03/2022 12:18:05|ivaArt --> 21
24/03/2022 12:18:06|hasarOCX.ImprimirItem --> OK
24/03/2022 12:18:06|Articulo --> hortal polvo
24/03/2022 12:18:06|cantidadArt B --> 1
24/03/2022 12:18:06|PrecVear --> 380
24/03/2022 12:18:06|montoArt --> 314,04958677686
24/03/2022 12:18:06|ivaArt --> 21
24/03/2022 12:18:06|hasarOCX.ImprimirItem --> OK
24/03/2022 12:18:06|Articulo --> saphirus aromatizantes de ambiente (aerosol) rocio
24/03/2022 12:18:06|cantidadArt B --> 1
24/03/2022 12:18:06|PrecVear --> 330
24/03/2022 12:18:06|montoArt --> 272,727272727273
24/03/2022 12:18:06|ivaArt --> 21
24/03/2022 12:18:06|hasarOCX.ImprimirItem --> OK
24/03/2022 12:18:06|Articulo --> varios
24/03/2022 12:18:06|cantidadArt B --> 1
24/03/2022 12:18:06|PrecVear --> 120
24/03/2022 12:18:06|montoArt --> 99,1735537190083
24/03/2022 12:18:06|ivaArt --> 21
24/03/2022 12:18:07|hasarOCX.ImprimirItem --> OK
24/03/2022 12:18:07|Cerrar Comprobante B:::
24/03/2022 12:18:10|Obtiene nrocomp
24/03/2022 12:18:10|nrocomp --> 20277
24/03/2022 12:18:10|Nro. de Comprobante ::: TFB ::: 20277
24/03/2022 12:18:10|Ety.TicketFiscal: 20277
24/03/2022 12:23:55|cerrando pantalla venta
24/03/2022 12:24:02|*************COMIENZA Cierre  Z**********
24/03/2022 12:24:10|CIERRE Z
Cierre Z Nº =[664]
Fecha del Cierre        =[24/03/2022 0:00:00]
DF Emitidos             =[3]
DF Cancelados           =[0]
DF Total                =[670001]
DF Total Gravado        =[553720]
DF Total No Gravado     =[0]
DF Total Exento         =[0]
DF Total IVA            =[116281]
DF Total Otros Tributos =[0]
NC Emitidas             =[0]
NC Canceladas           =[0]
NC Total                =[0]
NC Total Gravado        =[0]
NC Total No Gravado     =[0]
NC Total Exento         =[0]
NC Total IVA            =[0]
NC Total Otros Tributos =[0]
DNFH Emitidos           =[0]
DNFH Total              =[0]

