18/08/2022 8:39:22|Conectando..
18/08/2022 8:39:22|IP: 127.0.0.1 - Puerto: 6500
18/08/2022 8:39:28|cerrando pantalla venta
18/08/2022 8:39:31|Conectando..
18/08/2022 8:39:31|IP: 127.0.0.1 - Puerto: 6500
18/08/2022 8:39:31|Conectado con éxito!!
18/08/2022 8:43:31|cerrando pantalla venta
18/08/2022 8:44:48|Conectando..
18/08/2022 8:44:48|IP: 127.0.0.1 - Puerto: 6500
18/08/2022 8:44:48|Conectado con éxito!!
18/08/2022 8:46:32|Comienza Facturacion B
18/08/2022 8:46:32|DatosCliente B
18/08/2022 8:46:36|AbrirComprobanteFiscal B
18/08/2022 8:46:36|Articulo --> huggies flexi comfort xxg50
18/08/2022 8:46:36|cantidadArt B --> 1
18/08/2022 8:46:36|PrecVear --> 2380
18/08/2022 8:46:36|montoArt --> 1966,94214876033
18/08/2022 8:46:36|ivaArt --> 21
18/08/2022 8:46:36|hasarOCX.ImprimirItem --> OK
18/08/2022 8:46:36|Articulo --> energico lavandina roja x5
18/08/2022 8:46:36|cantidadArt B --> 1
18/08/2022 8:46:36|PrecVear --> 390
18/08/2022 8:46:36|montoArt --> 322,314049586777
18/08/2022 8:46:36|ivaArt --> 21
18/08/2022 8:46:36|hasarOCX.ImprimirItem --> OK
18/08/2022 8:46:36|Articulo --> q soft toall. hum. clasicas x50u
18/08/2022 8:46:36|cantidadArt B --> 2
18/08/2022 8:46:36|PrecVear --> 240
18/08/2022 8:46:36|montoArt --> 198,347107438017
18/08/2022 8:46:36|ivaArt --> 21
18/08/2022 8:46:37|hasarOCX.ImprimirItem --> OK
18/08/2022 8:46:37|Articulo --> bolsas de residuos 45*60
18/08/2022 8:46:37|cantidadArt B --> 3
18/08/2022 8:46:37|PrecVear --> 110
18/08/2022 8:46:37|montoArt --> 90,9090909090909
18/08/2022 8:46:37|ivaArt --> 21
18/08/2022 8:46:37|hasarOCX.ImprimirItem --> OK
18/08/2022 8:46:37|Cerrar Comprobante B:::
18/08/2022 8:46:40|Obtiene nrocomp
18/08/2022 8:46:40|nrocomp --> 25901
18/08/2022 8:46:40|Nro. de Comprobante ::: TFB ::: 25901
18/08/2022 8:46:40|Ety.TicketFiscal: 25901
18/08/2022 9:42:21|Comienza Facturacion B
18/08/2022 9:42:21|DatosCliente B
18/08/2022 9:42:23|AbrirComprobanteFiscal B
18/08/2022 9:42:23|Articulo --> elite pañuelo x70 uni
18/08/2022 9:42:23|cantidadArt B --> 3
18/08/2022 9:42:23|PrecVear --> 160
18/08/2022 9:42:23|montoArt --> 132,231404958678
18/08/2022 9:42:23|ivaArt --> 21
18/08/2022 9:42:24|hasarOCX.ImprimirItem --> OK
18/08/2022 9:42:24|Articulo --> ala ultrax300 limon-210667
18/08/2022 9:42:24|cantidadArt B --> 1
18/08/2022 9:42:24|PrecVear --> 160
18/08/2022 9:42:24|montoArt --> 132,231404958678
18/08/2022 9:42:24|ivaArt --> 21
18/08/2022 9:42:24|hasarOCX.ImprimirItem --> OK
18/08/2022 9:42:24|Articulo --> rexona rollonx50 nutritive
18/08/2022 9:42:24|cantidadArt B --> 1
18/08/2022 9:42:24|PrecVear --> 290
18/08/2022 9:42:24|montoArt --> 239,669421487603
18/08/2022 9:42:24|ivaArt --> 21
18/08/2022 9:42:24|hasarOCX.ImprimirItem --> OK
18/08/2022 9:42:24|Articulo --> comfort clasx900 dp
18/08/2022 9:42:24|cantidadArt B --> 1
18/08/2022 9:42:24|PrecVear --> 330
18/08/2022 9:42:24|montoArt --> 272,727272727273
18/08/2022 9:42:24|ivaArt --> 21
18/08/2022 9:42:25|hasarOCX.ImprimirItem --> OK
18/08/2022 9:42:25|Cerrar Comprobante B:::
18/08/2022 9:42:28|Obtiene nrocomp
18/08/2022 9:42:28|nrocomp --> 25902
18/08/2022 9:42:28|Nro. de Comprobante ::: TFB ::: 25902
18/08/2022 9:42:28|Ety.TicketFiscal: 25902
18/08/2022 9:51:03|Comienza Facturacion B
18/08/2022 9:51:03|DatosCliente B
18/08/2022 9:51:06|AbrirComprobanteFiscal B
18/08/2022 9:51:06|Articulo --> moda point colita toalla perla
18/08/2022 9:51:06|cantidadArt B --> 1
18/08/2022 9:51:06|PrecVear --> 390
18/08/2022 9:51:06|montoArt --> 322,314049586777
18/08/2022 9:51:06|ivaArt --> 21
18/08/2022 9:51:06|hasarOCX.ImprimirItem --> OK
18/08/2022 9:51:06|Articulo --> saphirus aromatizante textil wanted
18/08/2022 9:51:06|cantidadArt B --> 1
18/08/2022 9:51:06|PrecVear --> 330
18/08/2022 9:51:06|montoArt --> 272,727272727273
18/08/2022 9:51:06|ivaArt --> 21
18/08/2022 9:51:07|hasarOCX.ImprimirItem --> OK
18/08/2022 9:51:07|Cerrar Comprobante B:::
18/08/2022 9:51:10|Obtiene nrocomp
18/08/2022 9:51:10|nrocomp --> 25903
18/08/2022 9:51:10|Nro. de Comprobante ::: TFB ::: 25903
18/08/2022 9:51:10|Ety.TicketFiscal: 25903
18/08/2022 10:00:31|Comienza Facturacion B
18/08/2022 10:00:31|DatosCliente B
18/08/2022 10:00:34|AbrirComprobanteFiscal B
18/08/2022 10:00:34|Articulo --> elvive shx200 arcilla purificante
18/08/2022 10:00:34|cantidadArt B --> 1
18/08/2022 10:00:34|PrecVear --> 390
18/08/2022 10:00:34|montoArt --> 322,314049586777
18/08/2022 10:00:34|ivaArt --> 21
18/08/2022 10:00:34|hasarOCX.ImprimirItem --> OK
18/08/2022 10:00:34|Articulo --> elite pañuelo descartable x 6u
18/08/2022 10:00:34|cantidadArt B --> 1
18/08/2022 10:00:34|PrecVear --> 195
18/08/2022 10:00:34|montoArt --> 161,157024793388
18/08/2022 10:00:34|ivaArt --> 21
18/08/2022 10:00:35|hasarOCX.ImprimirItem --> OK
18/08/2022 10:00:35|Articulo --> ala camellito x900 ml
18/08/2022 10:00:35|cantidadArt B --> 1
18/08/2022 10:00:35|PrecVear --> 420
18/08/2022 10:00:35|montoArt --> 347,107438016529
18/08/2022 10:00:35|ivaArt --> 21
18/08/2022 10:00:35|hasarOCX.ImprimirItem --> OK
18/08/2022 10:00:35|Articulo --> el colosoliq con suav. x500 ml
18/08/2022 10:00:35|cantidadArt B --> 1
18/08/2022 10:00:35|PrecVear --> 149
18/08/2022 10:00:35|montoArt --> 123,140495867769
18/08/2022 10:00:35|ivaArt --> 21
18/08/2022 10:00:35|hasarOCX.ImprimirItem --> OK
18/08/2022 10:00:35|Articulo --> higienol doble hoja
18/08/2022 10:00:35|cantidadArt B --> 1
18/08/2022 10:00:35|PrecVear --> 350
18/08/2022 10:00:35|montoArt --> 289,256198347107
18/08/2022 10:00:35|ivaArt --> 21
18/08/2022 10:00:36|hasarOCX.ImprimirItem --> OK
18/08/2022 10:00:36|Articulo --> protex jabon algas marinas
18/08/2022 10:00:36|cantidadArt B --> 1
18/08/2022 10:00:36|PrecVear --> 150
18/08/2022 10:00:36|montoArt --> 123,96694214876
18/08/2022 10:00:36|ivaArt --> 21
18/08/2022 10:00:36|hasarOCX.ImprimirItem --> OK
18/08/2022 10:00:36|Articulo --> mortimer esponja cuadriculada
18/08/2022 10:00:36|cantidadArt B --> 1
18/08/2022 10:00:36|PrecVear --> 70
18/08/2022 10:00:36|montoArt --> 57,8512396694215
18/08/2022 10:00:36|ivaArt --> 21
18/08/2022 10:00:37|hasarOCX.ImprimirItem --> OK
18/08/2022 10:00:37|Articulo --> ayudin quitamanchas x400
18/08/2022 10:00:37|cantidadArt B --> 1
18/08/2022 10:00:37|PrecVear --> 210
18/08/2022 10:00:37|montoArt --> 173,553719008264
18/08/2022 10:00:37|ivaArt --> 21
18/08/2022 10:00:37|hasarOCX.ImprimirItem --> OK
18/08/2022 10:00:37|Articulo --> mary bosques shock acido
18/08/2022 10:00:37|cantidadArt B --> 1
18/08/2022 10:00:37|PrecVear --> 130
18/08/2022 10:00:37|montoArt --> 107,438016528926
18/08/2022 10:00:37|ivaArt --> 21
18/08/2022 10:00:37|hasarOCX.ImprimirItem --> OK
18/08/2022 10:00:37|Articulo --> gillette  azul x unidad
18/08/2022 10:00:37|cantidadArt B --> 2
18/08/2022 10:00:37|PrecVear --> 165
18/08/2022 10:00:37|montoArt --> 136,363636363636
18/08/2022 10:00:37|ivaArt --> 21
18/08/2022 10:00:38|hasarOCX.ImprimirItem --> OK
18/08/2022 10:00:38|Articulo --> felpita maxirollo x200u dh
18/08/2022 10:00:38|cantidadArt B --> 1
18/08/2022 10:00:38|PrecVear --> 330
18/08/2022 10:00:38|montoArt --> 272,727272727273
18/08/2022 10:00:38|ivaArt --> 21
18/08/2022 10:00:38|hasarOCX.ImprimirItem --> OK
18/08/2022 10:00:38|Cerrar Comprobante B:::
18/08/2022 10:00:41|Obtiene nrocomp
18/08/2022 10:00:41|nrocomp --> 25904
18/08/2022 10:00:41|Nro. de Comprobante ::: TFB ::: 25904
18/08/2022 10:00:41|Ety.TicketFiscal: 25904
18/08/2022 10:33:36|cerrando pantalla venta
18/08/2022 10:33:38|Conectando..
18/08/2022 10:33:38|IP: 127.0.0.1 - Puerto: 6500
18/08/2022 10:33:39|Conectado con éxito!!
18/08/2022 10:33:43|Comienza Facturacion B
18/08/2022 10:33:43|DatosCliente B
18/08/2022 10:33:45|AbrirComprobanteFiscal B
18/08/2022 10:33:45|Articulo --> varios
18/08/2022 10:33:45|cantidadArt B --> 1
18/08/2022 10:33:45|PrecVear --> 1320
18/08/2022 10:33:45|montoArt --> 1090,90909090909
18/08/2022 10:33:45|ivaArt --> 21
18/08/2022 10:33:46|hasarOCX.ImprimirItem --> OK
18/08/2022 10:33:46|Cerrar Comprobante B:::
18/08/2022 10:33:49|Obtiene nrocomp
18/08/2022 10:33:49|nrocomp --> 25905
18/08/2022 10:33:49|Nro. de Comprobante ::: TFB ::: 25905
18/08/2022 10:33:49|Ety.TicketFiscal: 25905
18/08/2022 10:33:49|cerrando pantalla venta
18/08/2022 10:33:51|Conectando..
18/08/2022 10:33:51|IP: 127.0.0.1 - Puerto: 6500
18/08/2022 10:33:52|Conectado con éxito!!
18/08/2022 10:41:44|Comienza Facturacion B
18/08/2022 10:41:45|DatosCliente B
18/08/2022 10:41:47|AbrirComprobanteFiscal B
18/08/2022 10:41:47|Articulo --> huggies supreme care gx60 nuevo
18/08/2022 10:41:47|cantidadArt B --> 1
18/08/2022 10:41:47|PrecVear --> 2420
18/08/2022 10:41:47|montoArt --> 2000
18/08/2022 10:41:47|ivaArt --> 21
18/08/2022 10:41:48|hasarOCX.ImprimirItem --> OK
18/08/2022 10:41:48|Articulo --> estrella algodon clasico x300
18/08/2022 10:41:48|cantidadArt B --> 1
18/08/2022 10:41:48|PrecVear --> 630
18/08/2022 10:41:48|montoArt --> 520,661157024793
18/08/2022 10:41:48|ivaArt --> 21
18/08/2022 10:41:48|hasarOCX.ImprimirItem --> OK
18/08/2022 10:41:48|Cerrar Comprobante B:::
18/08/2022 10:41:51|Obtiene nrocomp
18/08/2022 10:41:51|nrocomp --> 25906
18/08/2022 10:41:51|Nro. de Comprobante ::: TFB ::: 25906
18/08/2022 10:41:51|Ety.TicketFiscal: 25906
18/08/2022 11:02:58|Comienza Facturacion B
18/08/2022 11:02:58|DatosCliente B
18/08/2022 11:03:01|AbrirComprobanteFiscal B
18/08/2022 11:03:01|Articulo --> huggies toallas humedas con oleo x48
18/08/2022 11:03:01|cantidadArt B --> 1
18/08/2022 11:03:01|PrecVear --> 580
18/08/2022 11:03:01|montoArt --> 479,338842975207
18/08/2022 11:03:01|ivaArt --> 21
18/08/2022 11:03:01|hasarOCX.ImprimirItem --> OK
18/08/2022 11:03:01|Articulo --> saphirus difusores de ambiente verbena
18/08/2022 11:03:01|cantidadArt B --> 1
18/08/2022 11:03:01|PrecVear --> 470
18/08/2022 11:03:01|montoArt --> 388,429752066116
18/08/2022 11:03:01|ivaArt --> 21
18/08/2022 11:03:02|hasarOCX.ImprimirItem --> OK
18/08/2022 11:03:02|Cerrar Comprobante B:::
18/08/2022 11:03:05|Obtiene nrocomp
18/08/2022 11:03:05|nrocomp --> 25907
18/08/2022 11:03:05|Nro. de Comprobante ::: TFB ::: 25907
18/08/2022 11:03:05|Ety.TicketFiscal: 25907
18/08/2022 11:04:35|Comienza Facturacion B
18/08/2022 11:04:35|DatosCliente B
18/08/2022 11:04:38|AbrirComprobanteFiscal B
18/08/2022 11:04:38|Articulo --> estrella pañal xxg x56
18/08/2022 11:04:38|cantidadArt B --> 1
18/08/2022 11:04:38|PrecVear --> 3130
18/08/2022 11:04:38|montoArt --> 2586,77685950413
18/08/2022 11:04:38|ivaArt --> 21
18/08/2022 11:04:38|hasarOCX.ImprimirItem --> OK
18/08/2022 11:04:38|Cerrar Comprobante B:::
18/08/2022 11:04:41|Obtiene nrocomp
18/08/2022 11:04:42|nrocomp --> 25908
18/08/2022 11:04:42|Nro. de Comprobante ::: TFB ::: 25908
18/08/2022 11:04:42|Ety.TicketFiscal: 25908
18/08/2022 11:11:37|Comienza Facturacion B
18/08/2022 11:11:37|DatosCliente B
18/08/2022 11:11:40|AbrirComprobanteFiscal B
18/08/2022 11:11:40|Articulo --> elvive sh caida x400ml
18/08/2022 11:11:40|cantidadArt B --> 1
18/08/2022 11:11:40|PrecVear --> 780
18/08/2022 11:11:40|montoArt --> 644,628099173554
18/08/2022 11:11:40|ivaArt --> 21
18/08/2022 11:11:40|hasarOCX.ImprimirItem --> OK
18/08/2022 11:11:40|Articulo --> excellence creme 5
18/08/2022 11:11:40|cantidadArt B --> 1
18/08/2022 11:11:40|PrecVear --> 1390
18/08/2022 11:11:40|montoArt --> 1148,76033057851
18/08/2022 11:11:40|ivaArt --> 21
18/08/2022 11:11:40|hasarOCX.ImprimirItem --> OK
18/08/2022 11:11:40|Cerrar Comprobante B:::
18/08/2022 11:11:43|Obtiene nrocomp
18/08/2022 11:11:44|nrocomp --> 25909
18/08/2022 11:11:44|Nro. de Comprobante ::: TFB ::: 25909
18/08/2022 11:11:44|Ety.TicketFiscal: 25909
18/08/2022 11:12:39|Comienza Facturacion B
18/08/2022 11:12:39|DatosCliente B
18/08/2022 11:12:42|AbrirComprobanteFiscal B
18/08/2022 11:12:42|Articulo --> naty labial liquido
18/08/2022 11:12:42|cantidadArt B --> 1
18/08/2022 11:12:42|PrecVear --> 680
18/08/2022 11:12:42|montoArt --> 561,98347107438
18/08/2022 11:12:42|ivaArt --> 21
18/08/2022 11:12:42|hasarOCX.ImprimirItem --> OK
18/08/2022 11:12:42|Articulo --> dermaglos solar fps 50 x250ml
18/08/2022 11:12:42|cantidadArt B --> 1
18/08/2022 11:12:42|PrecVear --> 2870
18/08/2022 11:12:42|montoArt --> 2371,90082644628
18/08/2022 11:12:42|ivaArt --> 21
18/08/2022 11:12:42|hasarOCX.ImprimirItem --> OK
18/08/2022 11:12:42|Articulo --> calipso toalla plana x8
18/08/2022 11:12:42|cantidadArt B --> 1
18/08/2022 11:12:42|PrecVear --> 90
18/08/2022 11:12:42|montoArt --> 74,3801652892562
18/08/2022 11:12:42|ivaArt --> 21
18/08/2022 11:12:43|hasarOCX.ImprimirItem --> OK
18/08/2022 11:12:43|Cerrar Comprobante B:::
18/08/2022 11:12:46|Obtiene nrocomp
18/08/2022 11:12:46|nrocomp --> 25910
18/08/2022 11:12:46|Nro. de Comprobante ::: TFB ::: 25910
18/08/2022 11:12:46|Ety.TicketFiscal: 25910
18/08/2022 11:13:47|Comienza Facturacion B
18/08/2022 11:13:47|DatosCliente B
18/08/2022 11:13:50|AbrirComprobanteFiscal B
18/08/2022 11:13:50|Articulo --> comfort clasx900 dp
18/08/2022 11:13:50|cantidadArt B --> 1
18/08/2022 11:13:50|PrecVear --> 330
18/08/2022 11:13:50|montoArt --> 272,727272727273
18/08/2022 11:13:50|ivaArt --> 21
18/08/2022 11:13:50|hasarOCX.ImprimirItem --> OK
18/08/2022 11:13:50|Articulo --> rexona jabones x3 unidades
18/08/2022 11:13:50|cantidadArt B --> 1
18/08/2022 11:13:50|PrecVear --> 310
18/08/2022 11:13:50|montoArt --> 256,198347107438
18/08/2022 11:13:50|ivaArt --> 21
18/08/2022 11:13:50|hasarOCX.ImprimirItem --> OK
18/08/2022 11:13:50|Articulo --> cif active gel x450 ml doy pack limon verde
18/08/2022 11:13:50|cantidadArt B --> 1
18/08/2022 11:13:50|PrecVear --> 300
18/08/2022 11:13:50|montoArt --> 247,933884297521
18/08/2022 11:13:50|ivaArt --> 21
18/08/2022 11:13:51|hasarOCX.ImprimirItem --> OK
18/08/2022 11:13:51|Articulo --> algabo polvo desodorante p/pies doy pack 200 g
18/08/2022 11:13:51|cantidadArt B --> 2
18/08/2022 11:13:51|PrecVear --> 170
18/08/2022 11:13:51|montoArt --> 140,495867768595
18/08/2022 11:13:51|ivaArt --> 21
18/08/2022 11:13:51|hasarOCX.ImprimirItem --> OK
18/08/2022 11:13:51|Cerrar Comprobante B:::
18/08/2022 11:13:54|Obtiene nrocomp
18/08/2022 11:13:54|nrocomp --> 25911
18/08/2022 11:13:54|Nro. de Comprobante ::: TFB ::: 25911
18/08/2022 11:13:54|Ety.TicketFiscal: 25911
18/08/2022 11:14:56|Comienza Facturacion B
18/08/2022 11:14:56|DatosCliente B
18/08/2022 11:14:58|AbrirComprobanteFiscal B
18/08/2022 11:14:58|Articulo --> huggies trip prot xxgx50
18/08/2022 11:14:58|cantidadArt B --> 1
18/08/2022 11:14:58|PrecVear --> 2130
18/08/2022 11:14:58|montoArt --> 1760,3305785124
18/08/2022 11:14:58|ivaArt --> 21
18/08/2022 11:14:59|hasarOCX.ImprimirItem --> OK
18/08/2022 11:14:59|Articulo --> sedal chx340
18/08/2022 11:14:59|cantidadArt B --> 1
18/08/2022 11:14:59|PrecVear --> 380
18/08/2022 11:14:59|montoArt --> 314,04958677686
18/08/2022 11:14:59|ivaArt --> 21
18/08/2022 11:14:59|hasarOCX.ImprimirItem --> OK
18/08/2022 11:14:59|Articulo --> felpita para tu flia x4
18/08/2022 11:14:59|cantidadArt B --> 1
18/08/2022 11:14:59|PrecVear --> 260
18/08/2022 11:14:59|montoArt --> 214,876033057851
18/08/2022 11:14:59|ivaArt --> 21
18/08/2022 11:15:00|hasarOCX.ImprimirItem --> OK
18/08/2022 11:15:00|Articulo --> kimbies toallitas humedas
18/08/2022 11:15:00|cantidadArt B --> 1
18/08/2022 11:15:00|PrecVear --> 300
18/08/2022 11:15:00|montoArt --> 247,933884297521
18/08/2022 11:15:00|ivaArt --> 21
18/08/2022 11:15:00|hasarOCX.ImprimirItem --> OK
18/08/2022 11:15:00|Articulo --> saphirus aromatizante textil amour
18/08/2022 11:15:00|cantidadArt B --> 1
18/08/2022 11:15:00|PrecVear --> 330
18/08/2022 11:15:00|montoArt --> 272,727272727273
18/08/2022 11:15:00|ivaArt --> 21
18/08/2022 11:15:00|hasarOCX.ImprimirItem --> OK
18/08/2022 11:15:00|Articulo --> plusbelle shampoo x1l antioxidante
18/08/2022 11:15:00|cantidadArt B --> 1
18/08/2022 11:15:00|PrecVear --> 360
18/08/2022 11:15:00|montoArt --> 297,520661157025
18/08/2022 11:15:00|ivaArt --> 21
18/08/2022 11:15:01|hasarOCX.ImprimirItem --> OK
18/08/2022 11:15:01|Cerrar Comprobante B:::
18/08/2022 11:15:04|Obtiene nrocomp
18/08/2022 11:15:04|nrocomp --> 25912
18/08/2022 11:15:04|Nro. de Comprobante ::: TFB ::: 25912
18/08/2022 11:15:04|Ety.TicketFiscal: 25912
18/08/2022 11:19:23|Comienza Facturacion B
18/08/2022 11:19:24|DatosCliente B
18/08/2022 11:19:26|AbrirComprobanteFiscal B
18/08/2022 11:19:26|Articulo --> downy 1l
18/08/2022 11:19:26|cantidadArt B --> 1
18/08/2022 11:19:26|PrecVear --> 870
18/08/2022 11:19:26|montoArt --> 719,00826446281
18/08/2022 11:19:26|ivaArt --> 21
18/08/2022 11:19:26|hasarOCX.ImprimirItem --> OK
18/08/2022 11:19:26|Articulo --> idi polvo volatil
18/08/2022 11:19:26|cantidadArt B --> 1
18/08/2022 11:19:26|PrecVear --> 1750
18/08/2022 11:19:26|montoArt --> 1446,28099173554
18/08/2022 11:19:26|ivaArt --> 21
18/08/2022 11:19:27|hasarOCX.ImprimirItem --> OK
18/08/2022 11:19:27|Articulo --> revlon colorstay grip primmer matte
18/08/2022 11:19:27|cantidadArt B --> 1
18/08/2022 11:19:27|PrecVear --> 1790
18/08/2022 11:19:27|montoArt --> 1479,33884297521
18/08/2022 11:19:27|ivaArt --> 21
18/08/2022 11:19:27|hasarOCX.ImprimirItem --> OK
18/08/2022 11:19:27|Articulo --> revlon colorstay lock fij de maquille
18/08/2022 11:19:27|cantidadArt B --> 1
18/08/2022 11:19:27|PrecVear --> 1690
18/08/2022 11:19:27|montoArt --> 1396,69421487603
18/08/2022 11:19:27|ivaArt --> 21
18/08/2022 11:19:28|hasarOCX.ImprimirItem --> OK
18/08/2022 11:19:28|Cerrar Comprobante B:::
18/08/2022 11:19:31|Obtiene nrocomp
18/08/2022 11:19:31|nrocomp --> 25913
18/08/2022 11:19:31|Nro. de Comprobante ::: TFB ::: 25913
18/08/2022 11:19:31|Ety.TicketFiscal: 25913
18/08/2022 11:23:39|Comienza Facturacion B
18/08/2022 11:23:39|DatosCliente B
18/08/2022 11:23:42|AbrirComprobanteFiscal B
18/08/2022 11:23:42|Articulo --> saphirus aromatizantes de ambiente (aerosol)cony
18/08/2022 11:23:42|cantidadArt B --> 1
18/08/2022 11:23:42|PrecVear --> 460
18/08/2022 11:23:42|montoArt --> 380,165289256198
18/08/2022 11:23:42|ivaArt --> 21
18/08/2022 11:23:42|hasarOCX.ImprimirItem --> OK
18/08/2022 11:23:42|Articulo --> mary bosques argan pote x200g
18/08/2022 11:23:42|cantidadArt B --> 1
18/08/2022 11:23:42|PrecVear --> 838
18/08/2022 11:23:42|montoArt --> 692,561983471074
18/08/2022 11:23:42|ivaArt --> 21
18/08/2022 11:23:43|hasarOCX.ImprimirItem --> OK
18/08/2022 11:23:43|Cerrar Comprobante B:::
18/08/2022 11:23:46|Obtiene nrocomp
18/08/2022 11:23:46|nrocomp --> 25914
18/08/2022 11:23:46|Nro. de Comprobante ::: TFB ::: 25914
18/08/2022 11:23:46|Ety.TicketFiscal: 25914
18/08/2022 11:28:55|Comienza Facturacion B
18/08/2022 11:28:55|DatosCliente B
18/08/2022 11:28:57|AbrirComprobanteFiscal B
18/08/2022 11:28:57|Articulo --> paulvic gold men
18/08/2022 11:28:57|cantidadArt B --> 2
18/08/2022 11:28:57|PrecVear --> 1100
18/08/2022 11:28:57|montoArt --> 909,090909090909
18/08/2022 11:28:57|ivaArt --> 21
18/08/2022 11:28:58|hasarOCX.ImprimirItem --> OK
18/08/2022 11:28:58|Articulo --> inecto savia x400 mol
18/08/2022 11:28:58|cantidadArt B --> 1
18/08/2022 11:28:58|PrecVear --> 550
18/08/2022 11:28:58|montoArt --> 454,545454545455
18/08/2022 11:28:58|ivaArt --> 21
18/08/2022 11:28:58|hasarOCX.ImprimirItem --> OK
18/08/2022 11:28:58|Cerrar Comprobante B:::
18/08/2022 11:29:01|Obtiene nrocomp
18/08/2022 11:29:01|nrocomp --> 25915
18/08/2022 11:29:01|Nro. de Comprobante ::: TFB ::: 25915
18/08/2022 11:29:01|Ety.TicketFiscal: 25915
18/08/2022 11:30:35|Comienza Facturacion B
18/08/2022 11:30:35|DatosCliente B
18/08/2022 11:30:38|AbrirComprobanteFiscal B
18/08/2022 11:30:38|Articulo --> rejilla pabilo doble
18/08/2022 11:30:38|cantidadArt B --> 1
18/08/2022 11:30:38|PrecVear --> 120
18/08/2022 11:30:38|montoArt --> 99,1735537190083
18/08/2022 11:30:38|ivaArt --> 21
18/08/2022 11:30:38|hasarOCX.ImprimirItem --> OK
18/08/2022 11:30:38|Articulo --> love brillo labial
18/08/2022 11:30:38|cantidadArt B --> 1
18/08/2022 11:30:38|PrecVear --> 550
18/08/2022 11:30:38|montoArt --> 454,545454545455
18/08/2022 11:30:38|ivaArt --> 21
18/08/2022 11:30:38|hasarOCX.ImprimirItem --> OK
18/08/2022 11:30:38|Articulo --> mary bosques shock acido
18/08/2022 11:30:38|cantidadArt B --> 2
18/08/2022 11:30:38|PrecVear --> 130
18/08/2022 11:30:38|montoArt --> 107,438016528926
18/08/2022 11:30:38|ivaArt --> 21
18/08/2022 11:30:39|hasarOCX.ImprimirItem --> OK
18/08/2022 11:30:39|Cerrar Comprobante B:::
18/08/2022 11:30:42|Obtiene nrocomp
18/08/2022 11:30:42|nrocomp --> 25916
18/08/2022 11:30:42|Nro. de Comprobante ::: TFB ::: 25916
18/08/2022 11:30:42|Ety.TicketFiscal: 25916
18/08/2022 11:31:37|Comienza Facturacion B
18/08/2022 11:31:37|DatosCliente B
18/08/2022 11:31:40|AbrirComprobanteFiscal B
18/08/2022 11:31:40|Articulo --> jyj cotonetes x75unid
18/08/2022 11:31:40|cantidadArt B --> 1
18/08/2022 11:31:40|PrecVear --> 220
18/08/2022 11:31:40|montoArt --> 181,818181818182
18/08/2022 11:31:40|ivaArt --> 21
18/08/2022 11:31:40|hasarOCX.ImprimirItem --> OK
18/08/2022 11:31:40|Articulo --> estrella pañal xxg x34
18/08/2022 11:31:40|cantidadArt B --> 1
18/08/2022 11:31:40|PrecVear --> 1880
18/08/2022 11:31:40|montoArt --> 1553,71900826446
18/08/2022 11:31:40|ivaArt --> 21
18/08/2022 11:31:41|hasarOCX.ImprimirItem --> OK
18/08/2022 11:31:41|Articulo --> estrella baby oleo sin frag x950ml
18/08/2022 11:31:41|cantidadArt B --> 1
18/08/2022 11:31:41|PrecVear --> 1200
18/08/2022 11:31:41|montoArt --> 991,735537190083
18/08/2022 11:31:41|ivaArt --> 21
18/08/2022 11:31:41|hasarOCX.ImprimirItem --> OK
18/08/2022 11:31:41|Articulo --> el coloso higienico natural x4
18/08/2022 11:31:41|cantidadArt B --> 1
18/08/2022 11:31:41|PrecVear --> 220
18/08/2022 11:31:41|montoArt --> 181,818181818182
18/08/2022 11:31:41|ivaArt --> 21
18/08/2022 11:31:41|hasarOCX.ImprimirItem --> OK
18/08/2022 11:31:41|Cerrar Comprobante B:::
18/08/2022 11:31:44|Obtiene nrocomp
18/08/2022 11:31:45|nrocomp --> 25917
18/08/2022 11:31:45|Nro. de Comprobante ::: TFB ::: 25917
18/08/2022 11:31:45|Ety.TicketFiscal: 25917
18/08/2022 11:40:31|Comienza Facturacion B
18/08/2022 11:40:32|DatosCliente B
18/08/2022 11:40:34|AbrirComprobanteFiscal B
18/08/2022 11:40:34|Articulo --> el coloso mondadientesx60 oval
18/08/2022 11:40:34|cantidadArt B --> 1
18/08/2022 11:40:34|PrecVear --> 95
18/08/2022 11:40:34|montoArt --> 78,5123966942149
18/08/2022 11:40:34|ivaArt --> 21
18/08/2022 11:40:34|hasarOCX.ImprimirItem --> OK
18/08/2022 11:40:34|Articulo --> plusbelle jabonx125
18/08/2022 11:40:34|cantidadArt B --> 2
18/08/2022 11:40:34|PrecVear --> 140
18/08/2022 11:40:34|montoArt --> 115,702479338843
18/08/2022 11:40:34|ivaArt --> 21
18/08/2022 11:40:35|hasarOCX.ImprimirItem --> OK
18/08/2022 11:40:35|Articulo --> glade toque rep
18/08/2022 11:40:35|cantidadArt B --> 1
18/08/2022 11:40:35|PrecVear --> 295
18/08/2022 11:40:35|montoArt --> 243,801652892562
18/08/2022 11:40:35|ivaArt --> 21
18/08/2022 11:40:35|hasarOCX.ImprimirItem --> OK
18/08/2022 11:40:35|Articulo --> el coloso esponja squadra
18/08/2022 11:40:35|cantidadArt B --> 1
18/08/2022 11:40:35|PrecVear --> 160
18/08/2022 11:40:35|montoArt --> 132,231404958678
18/08/2022 11:40:35|ivaArt --> 21
18/08/2022 11:40:36|hasarOCX.ImprimirItem --> OK
18/08/2022 11:40:36|Articulo --> pantene x400ml
18/08/2022 11:40:36|cantidadArt B --> 1
18/08/2022 11:40:36|PrecVear --> 680
18/08/2022 11:40:36|montoArt --> 561,98347107438
18/08/2022 11:40:36|ivaArt --> 21
18/08/2022 11:40:36|hasarOCX.ImprimirItem --> OK
18/08/2022 11:40:36|Articulo --> roby fijx180 normal
18/08/2022 11:40:36|cantidadArt B --> 1
18/08/2022 11:40:36|PrecVear --> 450
18/08/2022 11:40:36|montoArt --> 371,900826446281
18/08/2022 11:40:36|ivaArt --> 21
18/08/2022 11:40:36|hasarOCX.ImprimirItem --> OK
18/08/2022 11:40:36|Cerrar Comprobante B:::
18/08/2022 11:40:39|Obtiene nrocomp
18/08/2022 11:40:39|nrocomp --> 25918
18/08/2022 11:40:39|Nro. de Comprobante ::: TFB ::: 25918
18/08/2022 11:40:39|Ety.TicketFiscal: 25918
18/08/2022 11:58:58|Comienza Facturacion B
18/08/2022 11:58:59|DatosCliente B
18/08/2022 11:59:01|AbrirComprobanteFiscal B
18/08/2022 11:59:01|Articulo --> suave kids sh 2 en 1 x350 ml
18/08/2022 11:59:01|cantidadArt B --> 1
18/08/2022 11:59:01|PrecVear --> 430
18/08/2022 11:59:01|montoArt --> 355,371900826446
18/08/2022 11:59:01|ivaArt --> 21
18/08/2022 11:59:01|hasarOCX.ImprimirItem --> OK
18/08/2022 11:59:01|Articulo --> pantene x400ml
18/08/2022 11:59:01|cantidadArt B --> 1
18/08/2022 11:59:01|PrecVear --> 680
18/08/2022 11:59:01|montoArt --> 561,98347107438
18/08/2022 11:59:01|ivaArt --> 21
18/08/2022 11:59:02|hasarOCX.ImprimirItem --> OK
18/08/2022 11:59:02|Articulo --> pantene x400ml
18/08/2022 11:59:02|cantidadArt B --> 1
18/08/2022 11:59:02|PrecVear --> 680
18/08/2022 11:59:02|montoArt --> 561,98347107438
18/08/2022 11:59:02|ivaArt --> 21
18/08/2022 11:59:02|hasarOCX.ImprimirItem --> OK
18/08/2022 11:59:02|Articulo --> pampers confortsec mx72
18/08/2022 11:59:02|cantidadArt B --> 1
18/08/2022 11:59:02|PrecVear --> 2830
18/08/2022 11:59:02|montoArt --> 2338,84297520661
18/08/2022 11:59:02|ivaArt --> 21
18/08/2022 11:59:02|hasarOCX.ImprimirItem --> OK
18/08/2022 11:59:02|Articulo --> poett desinfectante flores primavera
18/08/2022 11:59:02|cantidadArt B --> 1
18/08/2022 11:59:02|PrecVear --> 140
18/08/2022 11:59:02|montoArt --> 115,702479338843
18/08/2022 11:59:02|ivaArt --> 21
18/08/2022 11:59:03|hasarOCX.ImprimirItem --> OK
18/08/2022 11:59:03|Articulo --> mimito oleo calcareo botella x 1 litro
18/08/2022 11:59:03|cantidadArt B --> 1
18/08/2022 11:59:03|PrecVear --> 450
18/08/2022 11:59:03|montoArt --> 371,900826446281
18/08/2022 11:59:03|ivaArt --> 21
18/08/2022 11:59:03|hasarOCX.ImprimirItem --> OK
18/08/2022 11:59:03|Articulo --> elite pañuelo x70 uni
18/08/2022 11:59:03|cantidadArt B --> 1
18/08/2022 11:59:03|PrecVear --> 160
18/08/2022 11:59:03|montoArt --> 132,231404958678
18/08/2022 11:59:03|ivaArt --> 21
18/08/2022 11:59:04|hasarOCX.ImprimirItem --> OK
18/08/2022 11:59:04|Cerrar Comprobante B:::
18/08/2022 11:59:07|Obtiene nrocomp
18/08/2022 11:59:07|nrocomp --> 25919
18/08/2022 11:59:07|Nro. de Comprobante ::: TFB ::: 25919
18/08/2022 11:59:07|Ety.TicketFiscal: 25919
18/08/2022 12:04:07|Comienza Facturacion B
18/08/2022 12:04:08|DatosCliente B
18/08/2022 12:04:10|AbrirComprobanteFiscal B
18/08/2022 12:04:10|Articulo --> idi delineador retractil con esfumino
18/08/2022 12:04:10|cantidadArt B --> 1
18/08/2022 12:04:10|PrecVear --> 1250
18/08/2022 12:04:10|montoArt --> 1033,05785123967
18/08/2022 12:04:10|ivaArt --> 21
18/08/2022 12:04:11|hasarOCX.ImprimirItem --> OK
18/08/2022 12:04:11|Cerrar Comprobante B:::
18/08/2022 12:04:14|Obtiene nrocomp
18/08/2022 12:04:14|nrocomp --> 25920
18/08/2022 12:04:14|Nro. de Comprobante ::: TFB ::: 25920
18/08/2022 12:04:14|Ety.TicketFiscal: 25920
18/08/2022 12:20:48|Comienza Facturacion B
18/08/2022 12:20:48|DatosCliente B
18/08/2022 12:20:51|AbrirComprobanteFiscal B
18/08/2022 12:20:51|Articulo --> saphirus aromatizante textil rocio
18/08/2022 12:20:51|cantidadArt B --> 1
18/08/2022 12:20:51|PrecVear --> 330
18/08/2022 12:20:51|montoArt --> 272,727272727273
18/08/2022 12:20:51|ivaArt --> 21
18/08/2022 12:20:51|hasarOCX.ImprimirItem --> OK
18/08/2022 12:20:51|Articulo --> varios
18/08/2022 12:20:51|cantidadArt B --> 1
18/08/2022 12:20:51|PrecVear --> 40
18/08/2022 12:20:51|montoArt --> 33,0578512396694
18/08/2022 12:20:51|ivaArt --> 21
18/08/2022 12:20:52|hasarOCX.ImprimirItem --> OK
18/08/2022 12:20:52|Articulo --> iluminarte velas de noche x12
18/08/2022 12:20:52|cantidadArt B --> 1
18/08/2022 12:20:52|PrecVear --> 340
18/08/2022 12:20:52|montoArt --> 280,99173553719
18/08/2022 12:20:52|ivaArt --> 21
18/08/2022 12:20:52|hasarOCX.ImprimirItem --> OK
18/08/2022 12:20:52|Articulo --> manteca de cacao
18/08/2022 12:20:52|cantidadArt B --> 1
18/08/2022 12:20:52|PrecVear --> 180
18/08/2022 12:20:52|montoArt --> 148,760330578512
18/08/2022 12:20:52|ivaArt --> 21
18/08/2022 12:20:52|hasarOCX.ImprimirItem --> OK
18/08/2022 12:20:52|Articulo --> ambar aceite escencial
18/08/2022 12:20:52|cantidadArt B --> 1
18/08/2022 12:20:52|PrecVear --> 150
18/08/2022 12:20:52|montoArt --> 123,96694214876
18/08/2022 12:20:52|ivaArt --> 21
18/08/2022 12:20:53|hasarOCX.ImprimirItem --> OK
18/08/2022 12:20:53|Cerrar Comprobante B:::
18/08/2022 12:20:56|Obtiene nrocomp
18/08/2022 12:20:56|nrocomp --> 25921
18/08/2022 12:20:56|Nro. de Comprobante ::: TFB ::: 25921
18/08/2022 12:20:56|Ety.TicketFiscal: 25921
18/08/2022 12:23:28|Comienza Facturacion B
18/08/2022 12:23:28|DatosCliente B
18/08/2022 12:23:30|AbrirComprobanteFiscal B
18/08/2022 12:23:30|Articulo --> varios
18/08/2022 12:23:30|cantidadArt B --> 1
18/08/2022 12:23:30|PrecVear --> 40
18/08/2022 12:23:30|montoArt --> 33,0578512396694
18/08/2022 12:23:30|ivaArt --> 21
18/08/2022 12:23:31|hasarOCX.ImprimirItem --> OK
18/08/2022 12:23:31|Articulo --> manteca de cacao
18/08/2022 12:23:31|cantidadArt B --> 1
18/08/2022 12:23:31|PrecVear --> 180
18/08/2022 12:23:31|montoArt --> 148,760330578512
18/08/2022 12:23:31|ivaArt --> 21
18/08/2022 12:23:31|hasarOCX.ImprimirItem --> OK
18/08/2022 12:23:31|Articulo --> ambar aceite escencial
18/08/2022 12:23:31|cantidadArt B --> 1
18/08/2022 12:23:31|PrecVear --> 150
18/08/2022 12:23:31|montoArt --> 123,96694214876
18/08/2022 12:23:31|ivaArt --> 21
18/08/2022 12:23:31|hasarOCX.ImprimirItem --> OK
18/08/2022 12:23:31|Articulo --> iluminarte velas de noche x12
18/08/2022 12:23:31|cantidadArt B --> 1
18/08/2022 12:23:31|PrecVear --> 340
18/08/2022 12:23:31|montoArt --> 280,99173553719
18/08/2022 12:23:31|ivaArt --> 21
18/08/2022 12:23:32|hasarOCX.ImprimirItem --> OK
18/08/2022 12:23:32|Cerrar Comprobante B:::
18/08/2022 12:23:35|Obtiene nrocomp
18/08/2022 12:23:35|nrocomp --> 25922
18/08/2022 12:23:35|Nro. de Comprobante ::: TFB ::: 25922
18/08/2022 12:23:35|Ety.TicketFiscal: 25922
18/08/2022 12:32:40|cerrando pantalla venta
18/08/2022 12:32:51|Conectando..
18/08/2022 12:32:51|IP: 127.0.0.1 - Puerto: 6500
18/08/2022 12:32:52|Conectado con éxito!!
18/08/2022 12:33:47|cerrando pantalla venta
18/08/2022 15:56:40|Conectando..
18/08/2022 15:56:40|IP: 127.0.0.1 - Puerto: 6500
18/08/2022 15:56:41|Conectado con éxito!!
18/08/2022 16:11:14|Comienza Facturacion B
18/08/2022 16:11:15|DatosCliente B
18/08/2022 16:11:17|AbrirComprobanteFiscal B
18/08/2022 16:11:17|Articulo --> el coloso higienico natural x4
18/08/2022 16:11:17|cantidadArt B --> 1
18/08/2022 16:11:17|PrecVear --> 220
18/08/2022 16:11:17|montoArt --> 181,818181818182
18/08/2022 16:11:17|ivaArt --> 21
18/08/2022 16:11:18|hasarOCX.ImprimirItem --> OK
18/08/2022 16:11:18|Articulo --> suiza cera incolora x425
18/08/2022 16:11:18|cantidadArt B --> 1
18/08/2022 16:11:18|PrecVear --> 490
18/08/2022 16:11:18|montoArt --> 404,95867768595
18/08/2022 16:11:18|ivaArt --> 21
18/08/2022 16:11:18|hasarOCX.ImprimirItem --> OK
18/08/2022 16:11:18|Articulo --> el coloso alcohol etilico x 500 ml
18/08/2022 16:11:18|cantidadArt B --> 1
18/08/2022 16:11:18|PrecVear --> 210
18/08/2022 16:11:18|montoArt --> 173,553719008264
18/08/2022 16:11:18|ivaArt --> 21
18/08/2022 16:11:18|hasarOCX.ImprimirItem --> OK
18/08/2022 16:11:18|Articulo --> cif act.gelx300  bio
18/08/2022 16:11:18|cantidadArt B --> 1
18/08/2022 16:11:18|PrecVear --> 185
18/08/2022 16:11:18|montoArt --> 152,892561983471
18/08/2022 16:11:18|ivaArt --> 21
18/08/2022 16:11:19|hasarOCX.ImprimirItem --> OK
18/08/2022 16:11:19|Articulo --> goodmax cepillo de bambu
18/08/2022 16:11:19|cantidadArt B --> 1
18/08/2022 16:11:19|PrecVear --> 240
18/08/2022 16:11:19|montoArt --> 198,347107438017
18/08/2022 16:11:19|ivaArt --> 21
18/08/2022 16:11:19|hasarOCX.ImprimirItem --> OK
18/08/2022 16:11:19|Cerrar Comprobante B:::
18/08/2022 16:11:22|Obtiene nrocomp
18/08/2022 16:11:22|nrocomp --> 25923
18/08/2022 16:11:22|Nro. de Comprobante ::: TFB ::: 25923
18/08/2022 16:11:22|Ety.TicketFiscal: 25923
18/08/2022 16:12:50|Comienza Facturacion B
18/08/2022 16:12:50|DatosCliente B
18/08/2022 16:12:53|AbrirComprobanteFiscal B
18/08/2022 16:12:53|Articulo --> el coloso guantes max t8 med
18/08/2022 16:12:53|cantidadArt B --> 1
18/08/2022 16:12:53|PrecVear --> 390
18/08/2022 16:12:53|montoArt --> 322,314049586777
18/08/2022 16:12:53|ivaArt --> 21
18/08/2022 16:12:53|hasarOCX.ImprimirItem --> OK
18/08/2022 16:12:53|Articulo --> ala polvo x400 mañana de sol
18/08/2022 16:12:53|cantidadArt B --> 1
18/08/2022 16:12:53|PrecVear --> 170
18/08/2022 16:12:53|montoArt --> 140,495867768595
18/08/2022 16:12:53|ivaArt --> 21
18/08/2022 16:12:54|hasarOCX.ImprimirItem --> OK
18/08/2022 16:12:54|Articulo --> energico trapo gris
18/08/2022 16:12:54|cantidadArt B --> 1
18/08/2022 16:12:54|PrecVear --> 120
18/08/2022 16:12:54|montoArt --> 99,1735537190083
18/08/2022 16:12:54|ivaArt --> 21
18/08/2022 16:12:54|hasarOCX.ImprimirItem --> OK
18/08/2022 16:12:54|Articulo --> ayudin lav.x1lts tot.max.pureza
18/08/2022 16:12:54|cantidadArt B --> 1
18/08/2022 16:12:54|PrecVear --> 125
18/08/2022 16:12:54|montoArt --> 103,305785123967
18/08/2022 16:12:54|ivaArt --> 21
18/08/2022 16:12:54|hasarOCX.ImprimirItem --> OK
18/08/2022 16:12:54|Articulo --> el coloso doble hoja
18/08/2022 16:12:54|cantidadArt B --> 1
18/08/2022 16:12:54|PrecVear --> 290
18/08/2022 16:12:54|montoArt --> 239,669421487603
18/08/2022 16:12:54|ivaArt --> 21
18/08/2022 16:12:55|hasarOCX.ImprimirItem --> OK
18/08/2022 16:12:55|Articulo --> policrom 6.1
18/08/2022 16:12:55|cantidadArt B --> 1
18/08/2022 16:12:55|PrecVear --> 420
18/08/2022 16:12:55|montoArt --> 347,107438016529
18/08/2022 16:12:55|ivaArt --> 21
18/08/2022 16:12:55|hasarOCX.ImprimirItem --> OK
18/08/2022 16:12:55|Articulo --> policrom crema oxigeada
18/08/2022 16:12:55|cantidadArt B --> 1
18/08/2022 16:12:55|PrecVear --> 90
18/08/2022 16:12:55|montoArt --> 74,3801652892562
18/08/2022 16:12:55|ivaArt --> 21
18/08/2022 16:12:55|hasarOCX.ImprimirItem --> OK
18/08/2022 16:12:55|Cerrar Comprobante B:::
18/08/2022 16:12:58|Obtiene nrocomp
18/08/2022 16:12:59|nrocomp --> 25924
18/08/2022 16:12:59|Nro. de Comprobante ::: TFB ::: 25924
18/08/2022 16:12:59|Ety.TicketFiscal: 25924
18/08/2022 16:27:33|Comienza Facturacion B
18/08/2022 16:27:33|DatosCliente B
18/08/2022 16:27:36|AbrirComprobanteFiscal B
18/08/2022 16:27:36|Articulo --> paulvic dinamix men
18/08/2022 16:27:36|cantidadArt B --> 1
18/08/2022 16:27:36|PrecVear --> 1100
18/08/2022 16:27:36|montoArt --> 909,090909090909
18/08/2022 16:27:36|ivaArt --> 21
18/08/2022 16:27:36|hasarOCX.ImprimirItem --> OK
18/08/2022 16:27:36|Articulo --> tortulan cr.hidratant.sintacc x80gr
18/08/2022 16:27:36|cantidadArt B --> 1
18/08/2022 16:27:36|PrecVear --> 900
18/08/2022 16:27:36|montoArt --> 743,801652892562
18/08/2022 16:27:36|ivaArt --> 21
18/08/2022 16:27:37|hasarOCX.ImprimirItem --> OK
18/08/2022 16:27:37|Cerrar Comprobante B:::
18/08/2022 16:27:40|Obtiene nrocomp
18/08/2022 16:27:40|nrocomp --> 25925
18/08/2022 16:27:40|Nro. de Comprobante ::: TFB ::: 25925
18/08/2022 16:27:40|Ety.TicketFiscal: 25925
18/08/2022 16:29:02|Comienza Facturacion B
18/08/2022 16:29:02|DatosCliente B
18/08/2022 16:29:04|AbrirComprobanteFiscal B
18/08/2022 16:29:04|Articulo --> glade gel aromatizante
18/08/2022 16:29:04|cantidadArt B --> 1
18/08/2022 16:29:04|PrecVear --> 280
18/08/2022 16:29:04|montoArt --> 231,404958677686
18/08/2022 16:29:04|ivaArt --> 21
18/08/2022 16:29:05|hasarOCX.ImprimirItem --> OK
18/08/2022 16:29:05|Articulo --> poett pastilla  con red
18/08/2022 16:29:05|cantidadArt B --> 1
18/08/2022 16:29:05|PrecVear --> 175
18/08/2022 16:29:05|montoArt --> 144,628099173554
18/08/2022 16:29:05|ivaArt --> 21
18/08/2022 16:29:05|hasarOCX.ImprimirItem --> OK
18/08/2022 16:29:05|Articulo --> colgate total 12 clean mintx70g
18/08/2022 16:29:05|cantidadArt B --> 1
18/08/2022 16:29:05|PrecVear --> 350
18/08/2022 16:29:05|montoArt --> 289,256198347107
18/08/2022 16:29:05|ivaArt --> 21
18/08/2022 16:29:06|hasarOCX.ImprimirItem --> OK
18/08/2022 16:29:06|Articulo --> dove deo mujer original
18/08/2022 16:29:06|cantidadArt B --> 1
18/08/2022 16:29:06|PrecVear --> 340
18/08/2022 16:29:06|montoArt --> 280,99173553719
18/08/2022 16:29:06|ivaArt --> 21
18/08/2022 16:29:06|hasarOCX.ImprimirItem --> OK
18/08/2022 16:29:06|Articulo --> gillette clear gel
18/08/2022 16:29:06|cantidadArt B --> 1
18/08/2022 16:29:06|PrecVear --> 610
18/08/2022 16:29:06|montoArt --> 504,132231404959
18/08/2022 16:29:06|ivaArt --> 21
18/08/2022 16:29:06|hasarOCX.ImprimirItem --> OK
18/08/2022 16:29:06|Cerrar Comprobante B:::
18/08/2022 16:29:09|Obtiene nrocomp
18/08/2022 16:29:10|nrocomp --> 25926
18/08/2022 16:29:10|Nro. de Comprobante ::: TFB ::: 25926
18/08/2022 16:29:10|Ety.TicketFiscal: 25926
18/08/2022 16:30:35|Comienza Facturacion B
18/08/2022 16:30:35|DatosCliente B
18/08/2022 16:30:38|AbrirComprobanteFiscal B
18/08/2022 16:30:38|Articulo --> huggies protect plus gx60
18/08/2022 16:30:38|cantidadArt B --> 2
18/08/2022 16:30:38|PrecVear --> 2180
18/08/2022 16:30:38|montoArt --> 1801,65289256198
18/08/2022 16:30:38|ivaArt --> 21
18/08/2022 16:30:38|hasarOCX.ImprimirItem --> OK
18/08/2022 16:30:38|Cerrar Comprobante B:::
18/08/2022 16:30:41|Obtiene nrocomp
18/08/2022 16:30:41|nrocomp --> 25927
18/08/2022 16:30:41|Nro. de Comprobante ::: TFB ::: 25927
18/08/2022 16:30:41|Ety.TicketFiscal: 25927
18/08/2022 16:32:58|Comienza Facturacion B
18/08/2022 16:32:58|DatosCliente B
18/08/2022 16:33:00|AbrirComprobanteFiscal B
18/08/2022 16:33:00|Articulo --> energico trapo gris
18/08/2022 16:33:00|cantidadArt B --> 1
18/08/2022 16:33:00|PrecVear --> 120
18/08/2022 16:33:00|montoArt --> 99,1735537190083
18/08/2022 16:33:00|ivaArt --> 21
18/08/2022 16:33:01|hasarOCX.ImprimirItem --> OK
18/08/2022 16:33:01|Articulo --> raid aero mmm azul power shot
18/08/2022 16:33:01|cantidadArt B --> 1
18/08/2022 16:33:01|PrecVear --> 430
18/08/2022 16:33:01|montoArt --> 355,371900826446
18/08/2022 16:33:01|ivaArt --> 21
18/08/2022 16:33:01|hasarOCX.ImprimirItem --> OK
18/08/2022 16:33:01|Articulo --> elite pañuelo descartable x 6u
18/08/2022 16:33:01|cantidadArt B --> 1
18/08/2022 16:33:01|PrecVear --> 195
18/08/2022 16:33:01|montoArt --> 161,157024793388
18/08/2022 16:33:01|ivaArt --> 21
18/08/2022 16:33:01|hasarOCX.ImprimirItem --> OK
18/08/2022 16:33:01|Articulo --> mortimer esponja cuadriculada
18/08/2022 16:33:01|cantidadArt B --> 2
18/08/2022 16:33:01|PrecVear --> 70
18/08/2022 16:33:01|montoArt --> 57,8512396694215
18/08/2022 16:33:01|ivaArt --> 21
18/08/2022 16:33:02|hasarOCX.ImprimirItem --> OK
18/08/2022 16:33:02|Articulo --> bacter all alcohol etilico 70% vol.
18/08/2022 16:33:02|cantidadArt B --> 1
18/08/2022 16:33:02|PrecVear --> 330
18/08/2022 16:33:02|montoArt --> 272,727272727273
18/08/2022 16:33:02|ivaArt --> 21
18/08/2022 16:33:02|hasarOCX.ImprimirItem --> OK
18/08/2022 16:33:02|Articulo --> el coloso rollo cocx3 x 40paños
18/08/2022 16:33:02|cantidadArt B --> 1
18/08/2022 16:33:02|PrecVear --> 210
18/08/2022 16:33:02|montoArt --> 173,553719008264
18/08/2022 16:33:02|ivaArt --> 21
18/08/2022 16:33:03|hasarOCX.ImprimirItem --> OK
18/08/2022 16:33:03|Articulo --> doncella algodon x500g
18/08/2022 16:33:03|cantidadArt B --> 1
18/08/2022 16:33:03|PrecVear --> 795
18/08/2022 16:33:03|montoArt --> 657,02479338843
18/08/2022 16:33:03|ivaArt --> 21
18/08/2022 16:33:03|hasarOCX.ImprimirItem --> OK
18/08/2022 16:33:03|Articulo --> huggies trip prot xxgx50
18/08/2022 16:33:03|cantidadArt B --> 1
18/08/2022 16:33:03|PrecVear --> 2130
18/08/2022 16:33:03|montoArt --> 1760,3305785124
18/08/2022 16:33:03|ivaArt --> 21
18/08/2022 16:33:03|hasarOCX.ImprimirItem --> OK
18/08/2022 16:33:03|Cerrar Comprobante B:::
18/08/2022 16:33:06|Obtiene nrocomp
18/08/2022 16:33:07|nrocomp --> 25928
18/08/2022 16:33:07|Nro. de Comprobante ::: TFB ::: 25928
18/08/2022 16:33:07|Ety.TicketFiscal: 25928
18/08/2022 16:34:51|Comienza Facturacion B
18/08/2022 16:34:51|DatosCliente B
18/08/2022 16:34:54|AbrirComprobanteFiscal B
18/08/2022 16:34:54|Articulo --> sussex rollo cocx3 clas
18/08/2022 16:34:54|cantidadArt B --> 1
18/08/2022 16:34:54|PrecVear --> 250
18/08/2022 16:34:54|montoArt --> 206,611570247934
18/08/2022 16:34:54|ivaArt --> 21
18/08/2022 16:34:54|hasarOCX.ImprimirItem --> OK
18/08/2022 16:34:54|Articulo --> elvive shx200 color vive
18/08/2022 16:34:54|cantidadArt B --> 1
18/08/2022 16:34:54|PrecVear --> 390
18/08/2022 16:34:54|montoArt --> 322,314049586777
18/08/2022 16:34:54|ivaArt --> 21
18/08/2022 16:34:55|hasarOCX.ImprimirItem --> OK
18/08/2022 16:34:55|Cerrar Comprobante B:::
18/08/2022 16:34:58|Obtiene nrocomp
18/08/2022 16:34:58|nrocomp --> 25929
18/08/2022 16:34:58|Nro. de Comprobante ::: TFB ::: 25929
18/08/2022 16:34:58|Ety.TicketFiscal: 25929
18/08/2022 16:36:32|Comienza Facturacion B
18/08/2022 16:36:32|DatosCliente B
18/08/2022 16:36:35|AbrirComprobanteFiscal B
18/08/2022 16:36:35|Articulo --> el coloso lustra mueble
18/08/2022 16:36:35|cantidadArt B --> 1
18/08/2022 16:36:35|PrecVear --> 285
18/08/2022 16:36:35|montoArt --> 235,537190082645
18/08/2022 16:36:35|ivaArt --> 21
18/08/2022 16:36:35|hasarOCX.ImprimirItem --> OK
18/08/2022 16:36:35|Articulo --> felpita maxirollo x200u dh
18/08/2022 16:36:35|cantidadArt B --> 1
18/08/2022 16:36:35|PrecVear --> 330
18/08/2022 16:36:35|montoArt --> 272,727272727273
18/08/2022 16:36:35|ivaArt --> 21
18/08/2022 16:36:36|hasarOCX.ImprimirItem --> OK
18/08/2022 16:36:36|Articulo --> calipso pd rosa x20
18/08/2022 16:36:36|cantidadArt B --> 1
18/08/2022 16:36:36|PrecVear --> 140
18/08/2022 16:36:36|montoArt --> 115,702479338843
18/08/2022 16:36:36|ivaArt --> 21
18/08/2022 16:36:36|hasarOCX.ImprimirItem --> OK
18/08/2022 16:36:36|Articulo --> vallerina amarilla
18/08/2022 16:36:36|cantidadArt B --> 2
18/08/2022 16:36:36|PrecVear --> 80
18/08/2022 16:36:36|montoArt --> 66,1157024793389
18/08/2022 16:36:36|ivaArt --> 21
18/08/2022 16:36:36|hasarOCX.ImprimirItem --> OK
18/08/2022 16:36:36|Articulo --> colgate cepillo premier clean x1
18/08/2022 16:36:36|cantidadArt B --> 3
18/08/2022 16:36:36|PrecVear --> 120
18/08/2022 16:36:36|montoArt --> 99,1735537190083
18/08/2022 16:36:36|ivaArt --> 21
18/08/2022 16:36:37|hasarOCX.ImprimirItem --> OK
18/08/2022 16:36:37|Articulo --> duplex jabon blanco en pan
18/08/2022 16:36:37|cantidadArt B --> 1
18/08/2022 16:36:37|PrecVear --> 95
18/08/2022 16:36:37|montoArt --> 78,5123966942149
18/08/2022 16:36:37|ivaArt --> 21
18/08/2022 16:36:37|hasarOCX.ImprimirItem --> OK
18/08/2022 16:36:37|Articulo --> dove rollon x50 original
18/08/2022 16:36:37|cantidadArt B --> 1
18/08/2022 16:36:37|PrecVear --> 330
18/08/2022 16:36:37|montoArt --> 272,727272727273
18/08/2022 16:36:37|ivaArt --> 21
18/08/2022 16:36:37|hasarOCX.ImprimirItem --> OK
18/08/2022 16:36:37|Articulo --> fidelite sh neutro x230
18/08/2022 16:36:37|cantidadArt B --> 1
18/08/2022 16:36:37|PrecVear --> 480
18/08/2022 16:36:37|montoArt --> 396,694214876033
18/08/2022 16:36:37|ivaArt --> 21
18/08/2022 16:36:38|hasarOCX.ImprimirItem --> OK
18/08/2022 16:36:38|Articulo --> soft color tint.70 rub.med
18/08/2022 16:36:38|cantidadArt B --> 1
18/08/2022 16:36:38|PrecVear --> 1200
18/08/2022 16:36:38|montoArt --> 991,735537190083
18/08/2022 16:36:38|ivaArt --> 21
18/08/2022 16:36:38|hasarOCX.ImprimirItem --> OK
18/08/2022 16:36:38|Cerrar Comprobante B:::
18/08/2022 16:36:41|Obtiene nrocomp
18/08/2022 16:36:41|nrocomp --> 25930
18/08/2022 16:36:41|Nro. de Comprobante ::: TFB ::: 25930
18/08/2022 16:36:41|Ety.TicketFiscal: 25930
18/08/2022 16:42:51|cerrando pantalla venta
18/08/2022 16:42:58|Conectando..
18/08/2022 16:42:58|IP: 127.0.0.1 - Puerto: 6500
18/08/2022 16:42:59|Conectado con éxito!!
18/08/2022 16:43:09|cerrando pantalla venta
18/08/2022 16:43:12|Conectando..
18/08/2022 16:43:12|IP: 127.0.0.1 - Puerto: 6500
18/08/2022 16:43:13|Conectado con éxito!!
18/08/2022 16:46:53|Comienza Facturacion B
18/08/2022 16:46:53|cerrando pantalla venta
18/08/2022 16:46:54|Comienza Facturacion B
18/08/2022 16:46:54|Error iniciando Factura B --> Anidamiento inválido de comandos
18/08/2022 16:46:55|Error Cerrando documento B --> Anidamiento inválido de comandos
18/08/2022 16:46:55|Conectando..
18/08/2022 16:46:55|IP: 127.0.0.1 - Puerto: 6500
18/08/2022 16:46:56|Conectado con éxito!!
18/08/2022 16:46:56|DatosCliente B
18/08/2022 16:46:56|Error Diagnostico..Anidamiento inválido de comandos
18/08/2022 16:46:59|AbrirComprobanteFiscal B
18/08/2022 16:46:59|Cerrar Comprobante B:::
18/08/2022 16:46:59|Error Imprimiendo Factura B --> Subtotal cero no permitido (Subtotal es menor o igual a cero)
18/08/2022 16:47:01|Ety.TicketFiscal: -1
18/08/2022 16:47:01|DatosCliente B
18/08/2022 16:47:01|Error Imprimiendo Factura B --> Referencia a objeto no establecida como instancia de un objeto.
18/08/2022 16:47:02|Ety.TicketFiscal: -1
18/08/2022 16:47:02|Error Diagnostico..Referencia a objeto no establecida como instancia de un objeto.
18/08/2022 16:47:05|Conectando..
18/08/2022 16:47:05|IP: 127.0.0.1 - Puerto: 6500
18/08/2022 16:47:05|Conectado con éxito!!
18/08/2022 16:47:08|Comienza Facturacion B
18/08/2022 16:47:09|Error iniciando Factura B --> Operación no válida para el estado fiscal actual (Imposible ejecutar el comando en el estado VendiendoItems)
18/08/2022 16:47:11|Error Cerrando documento B --> Operación no válida para el estado fiscal actual (Imposible ejecutar el comando en el estado EnJornadaFiscal)
18/08/2022 16:47:11|Conectando..
18/08/2022 16:47:11|IP: 127.0.0.1 - Puerto: 6500
18/08/2022 16:47:11|Conectado con éxito!!
18/08/2022 16:47:12|DatosCliente B
18/08/2022 16:47:14|AbrirComprobanteFiscal B
18/08/2022 16:47:14|Articulo --> varios
18/08/2022 16:47:14|cantidadArt B --> 1
18/08/2022 16:47:14|PrecVear --> 10
18/08/2022 16:47:14|montoArt --> 8,26446280991736
18/08/2022 16:47:14|ivaArt --> 21
18/08/2022 16:47:15|hasarOCX.ImprimirItem --> OK
18/08/2022 16:47:15|Cerrar Comprobante B:::
18/08/2022 16:47:18|Obtiene nrocomp
18/08/2022 16:47:18|nrocomp --> 25932
18/08/2022 16:47:18|Nro. de Comprobante ::: TFB ::: 25932
18/08/2022 16:47:18|Ety.TicketFiscal: 25932
18/08/2022 16:49:54|Comienza Facturacion B
18/08/2022 16:49:54|DatosCliente B
18/08/2022 16:49:57|AbrirComprobanteFiscal B
18/08/2022 16:49:57|Articulo --> rexona aero v8
18/08/2022 16:49:57|cantidadArt B --> 1
18/08/2022 16:49:57|PrecVear --> 370
18/08/2022 16:49:57|montoArt --> 305,785123966942
18/08/2022 16:49:57|ivaArt --> 21
18/08/2022 16:49:57|hasarOCX.ImprimirItem --> OK
18/08/2022 16:49:57|Articulo --> dove baby sh cab claro x400ml
18/08/2022 16:49:57|cantidadArt B --> 1
18/08/2022 16:49:57|PrecVear --> 670
18/08/2022 16:49:57|montoArt --> 553,719008264463
18/08/2022 16:49:57|ivaArt --> 21
18/08/2022 16:49:57|hasarOCX.ImprimirItem --> OK
18/08/2022 16:49:57|Articulo --> el coloso esponja squadra
18/08/2022 16:49:57|cantidadArt B --> 1
18/08/2022 16:49:57|PrecVear --> 160
18/08/2022 16:49:57|montoArt --> 132,231404958678
18/08/2022 16:49:57|ivaArt --> 21
18/08/2022 16:49:58|hasarOCX.ImprimirItem --> OK
18/08/2022 16:49:58|Articulo --> estrella baby oleo amarillo x500
18/08/2022 16:49:58|cantidadArt B --> 1
18/08/2022 16:49:58|PrecVear --> 840
18/08/2022 16:49:58|montoArt --> 694,214876033058
18/08/2022 16:49:58|ivaArt --> 21
18/08/2022 16:49:58|hasarOCX.ImprimirItem --> OK
18/08/2022 16:49:58|Articulo --> procenex limpx900 marina -8366
18/08/2022 16:49:58|cantidadArt B --> 1
18/08/2022 16:49:58|PrecVear --> 140
18/08/2022 16:49:58|montoArt --> 115,702479338843
18/08/2022 16:49:58|ivaArt --> 21
18/08/2022 16:49:58|hasarOCX.ImprimirItem --> OK
18/08/2022 16:49:58|Articulo --> felpita infinity cocina x3 d/h
18/08/2022 16:49:58|cantidadArt B --> 1
18/08/2022 16:49:58|PrecVear --> 560
18/08/2022 16:49:58|montoArt --> 462,809917355372
18/08/2022 16:49:58|ivaArt --> 21
18/08/2022 16:49:59|hasarOCX.ImprimirItem --> OK
18/08/2022 16:49:59|Articulo --> rexona aero apx90 stay fresh
18/08/2022 16:49:59|cantidadArt B --> 1
18/08/2022 16:49:59|PrecVear --> 350
18/08/2022 16:49:59|montoArt --> 289,256198347107
18/08/2022 16:49:59|ivaArt --> 21
18/08/2022 16:49:59|hasarOCX.ImprimirItem --> OK
18/08/2022 16:49:59|Articulo --> bolsas residuos 50*70
18/08/2022 16:49:59|cantidadArt B --> 1
18/08/2022 16:49:59|PrecVear --> 150
18/08/2022 16:49:59|montoArt --> 123,96694214876
18/08/2022 16:49:59|ivaArt --> 21
18/08/2022 16:50:00|hasarOCX.ImprimirItem --> OK
18/08/2022 16:50:00|Articulo --> pampers pants confort sec xxg x32
18/08/2022 16:50:00|cantidadArt B --> 2
18/08/2022 16:50:00|PrecVear --> 1990
18/08/2022 16:50:00|montoArt --> 1644,62809917355
18/08/2022 16:50:00|ivaArt --> 21
18/08/2022 16:50:00|hasarOCX.ImprimirItem --> OK
18/08/2022 16:50:00|Articulo --> duplex lavandina en gel x750ml
18/08/2022 16:50:00|cantidadArt B --> 1
18/08/2022 16:50:00|PrecVear --> 165
18/08/2022 16:50:00|montoArt --> 136,363636363636
18/08/2022 16:50:00|ivaArt --> 21
18/08/2022 16:50:00|hasarOCX.ImprimirItem --> OK
18/08/2022 16:50:00|Articulo --> ayudin lav.x1lts tot.max.pureza
18/08/2022 16:50:00|cantidadArt B --> 1
18/08/2022 16:50:00|PrecVear --> 125
18/08/2022 16:50:00|montoArt --> 103,305785123967
18/08/2022 16:50:00|ivaArt --> 21
18/08/2022 16:50:01|hasarOCX.ImprimirItem --> OK
18/08/2022 16:50:01|Cerrar Comprobante B:::
18/08/2022 16:50:04|Obtiene nrocomp
18/08/2022 16:50:04|nrocomp --> 25933
18/08/2022 16:50:04|Nro. de Comprobante ::: TFB ::: 25933
18/08/2022 16:50:04|Ety.TicketFiscal: 25933
18/08/2022 17:00:16|Comienza Facturacion B
18/08/2022 17:00:16|DatosCliente B
18/08/2022 17:00:18|AbrirComprobanteFiscal B
18/08/2022 17:00:18|Articulo --> kotex pd largos x20
18/08/2022 17:00:18|cantidadArt B --> 1
18/08/2022 17:00:18|PrecVear --> 450
18/08/2022 17:00:18|montoArt --> 371,900826446281
18/08/2022 17:00:18|ivaArt --> 21
18/08/2022 17:00:19|hasarOCX.ImprimirItem --> OK
18/08/2022 17:00:19|Articulo --> dove deo mujer
18/08/2022 17:00:19|cantidadArt B --> 1
18/08/2022 17:00:19|PrecVear --> 390
18/08/2022 17:00:19|montoArt --> 322,314049586777
18/08/2022 17:00:19|ivaArt --> 21
18/08/2022 17:00:19|hasarOCX.ImprimirItem --> OK
18/08/2022 17:00:19|Cerrar Comprobante B:::
18/08/2022 17:00:22|Obtiene nrocomp
18/08/2022 17:00:22|nrocomp --> 25934
18/08/2022 17:00:22|Nro. de Comprobante ::: TFB ::: 25934
18/08/2022 17:00:22|Ety.TicketFiscal: 25934
18/08/2022 17:05:50|Comienza Facturacion B
18/08/2022 17:05:51|DatosCliente B
18/08/2022 17:05:53|AbrirComprobanteFiscal B
18/08/2022 17:05:53|Articulo --> el coloso pañuelos x6 unidades
18/08/2022 17:05:53|cantidadArt B --> 1
18/08/2022 17:05:53|PrecVear --> 150
18/08/2022 17:05:53|montoArt --> 123,96694214876
18/08/2022 17:05:53|ivaArt --> 21
18/08/2022 17:05:54|hasarOCX.ImprimirItem --> OK
18/08/2022 17:05:54|Articulo --> felpita para tu flia x4
18/08/2022 17:05:54|cantidadArt B --> 1
18/08/2022 17:05:54|PrecVear --> 260
18/08/2022 17:05:54|montoArt --> 214,876033057851
18/08/2022 17:05:54|ivaArt --> 21
18/08/2022 17:05:54|hasarOCX.ImprimirItem --> OK
18/08/2022 17:05:54|Articulo --> ambar aceite escencial
18/08/2022 17:05:54|cantidadArt B --> 2
18/08/2022 17:05:54|PrecVear --> 150
18/08/2022 17:05:54|montoArt --> 123,96694214876
18/08/2022 17:05:54|ivaArt --> 21
18/08/2022 17:05:54|hasarOCX.ImprimirItem --> OK
18/08/2022 17:05:54|Articulo --> saphirus aceite escencial limon
18/08/2022 17:05:54|cantidadArt B --> 1
18/08/2022 17:05:54|PrecVear --> 290
18/08/2022 17:05:54|montoArt --> 239,669421487603
18/08/2022 17:05:54|ivaArt --> 21
18/08/2022 17:05:55|hasarOCX.ImprimirItem --> OK
18/08/2022 17:05:55|Articulo --> ladysoft ultradelgada
18/08/2022 17:05:55|cantidadArt B --> 2
18/08/2022 17:05:55|PrecVear --> 150
18/08/2022 17:05:55|montoArt --> 123,96694214876
18/08/2022 17:05:55|ivaArt --> 21
18/08/2022 17:05:55|hasarOCX.ImprimirItem --> OK
18/08/2022 17:05:55|Cerrar Comprobante B:::
18/08/2022 17:05:58|Obtiene nrocomp
18/08/2022 17:05:58|nrocomp --> 25935
18/08/2022 17:05:58|Nro. de Comprobante ::: TFB ::: 25935
18/08/2022 17:05:58|Ety.TicketFiscal: 25935
18/08/2022 17:09:39|Comienza Facturacion B
18/08/2022 17:09:40|DatosCliente B
18/08/2022 17:09:42|AbrirComprobanteFiscal B
18/08/2022 17:09:42|Articulo --> petit amour ac x500 ml
18/08/2022 17:09:42|cantidadArt B --> 1
18/08/2022 17:09:42|PrecVear --> 820
18/08/2022 17:09:42|montoArt --> 677,685950413223
18/08/2022 17:09:42|ivaArt --> 21
18/08/2022 17:09:42|hasarOCX.ImprimirItem --> OK
18/08/2022 17:09:42|Articulo --> algabo baby jabon p/bebe pastilla 80g flow pack
18/08/2022 17:09:42|cantidadArt B --> 2
18/08/2022 17:09:42|PrecVear --> 105
18/08/2022 17:09:42|montoArt --> 86,7768595041322
18/08/2022 17:09:42|ivaArt --> 21
18/08/2022 17:09:43|hasarOCX.ImprimirItem --> OK
18/08/2022 17:09:43|Articulo --> pampers supersec xgx58
18/08/2022 17:09:43|cantidadArt B --> 1
18/08/2022 17:09:43|PrecVear --> 2050
18/08/2022 17:09:43|montoArt --> 1694,21487603306
18/08/2022 17:09:43|ivaArt --> 21
18/08/2022 17:09:43|hasarOCX.ImprimirItem --> OK
18/08/2022 17:09:43|Cerrar Comprobante B:::
18/08/2022 17:09:46|Obtiene nrocomp
18/08/2022 17:09:46|nrocomp --> 25936
18/08/2022 17:09:46|Nro. de Comprobante ::: TFB ::: 25936
18/08/2022 17:09:46|Ety.TicketFiscal: 25936
18/08/2022 17:17:18|Comienza Facturacion B
18/08/2022 17:17:18|DatosCliente B
18/08/2022 17:17:20|AbrirComprobanteFiscal B
18/08/2022 17:17:20|Articulo --> el coloso esponja dorada
18/08/2022 17:17:20|cantidadArt B --> 1
18/08/2022 17:17:20|PrecVear --> 90
18/08/2022 17:17:20|montoArt --> 74,3801652892562
18/08/2022 17:17:20|ivaArt --> 21
18/08/2022 17:17:21|hasarOCX.ImprimirItem --> OK
18/08/2022 17:17:21|Articulo --> rexona jabones x3 unidades
18/08/2022 17:17:21|cantidadArt B --> 1
18/08/2022 17:17:21|PrecVear --> 310
18/08/2022 17:17:21|montoArt --> 256,198347107438
18/08/2022 17:17:21|ivaArt --> 21
18/08/2022 17:17:21|hasarOCX.ImprimirItem --> OK
18/08/2022 17:17:21|Articulo --> key col. silkey n.6
18/08/2022 17:17:21|cantidadArt B --> 2
18/08/2022 17:17:21|PrecVear --> 690
18/08/2022 17:17:21|montoArt --> 570,247933884297
18/08/2022 17:17:21|ivaArt --> 21
18/08/2022 17:17:21|hasarOCX.ImprimirItem --> OK
18/08/2022 17:17:21|Articulo --> rexona rollonx50 men v8
18/08/2022 17:17:21|cantidadArt B --> 1
18/08/2022 17:17:21|PrecVear --> 290
18/08/2022 17:17:21|montoArt --> 239,669421487603
18/08/2022 17:17:21|ivaArt --> 21
18/08/2022 17:17:22|hasarOCX.ImprimirItem --> OK
18/08/2022 17:17:22|Articulo --> gillette prestobarba 3 gris
18/08/2022 17:17:22|cantidadArt B --> 2
18/08/2022 17:17:22|PrecVear --> 260
18/08/2022 17:17:22|montoArt --> 214,876033057851
18/08/2022 17:17:22|ivaArt --> 21
18/08/2022 17:17:22|hasarOCX.ImprimirItem --> OK
18/08/2022 17:17:22|Cerrar Comprobante B:::
18/08/2022 17:17:25|Obtiene nrocomp
18/08/2022 17:17:25|nrocomp --> 25937
18/08/2022 17:17:25|Nro. de Comprobante ::: TFB ::: 25937
18/08/2022 17:17:25|Ety.TicketFiscal: 25937
18/08/2022 17:20:33|Comienza Facturacion B
18/08/2022 17:20:33|DatosCliente B
18/08/2022 17:20:36|AbrirComprobanteFiscal B
18/08/2022 17:20:36|Articulo --> varios
18/08/2022 17:20:36|cantidadArt B --> 1
18/08/2022 17:20:36|PrecVear --> 390
18/08/2022 17:20:36|montoArt --> 322,314049586777
18/08/2022 17:20:36|ivaArt --> 21
18/08/2022 17:20:36|hasarOCX.ImprimirItem --> OK
18/08/2022 17:20:36|Articulo --> dove jabx90 granada
18/08/2022 17:20:36|cantidadArt B --> 6
18/08/2022 17:20:36|PrecVear --> 190
18/08/2022 17:20:36|montoArt --> 157,02479338843
18/08/2022 17:20:36|ivaArt --> 21
18/08/2022 17:20:37|hasarOCX.ImprimirItem --> OK
18/08/2022 17:20:37|Articulo --> fructis masc.h.food coco x 350 ml. 350
18/08/2022 17:20:37|cantidadArt B --> 1
18/08/2022 17:20:37|PrecVear --> 930
18/08/2022 17:20:37|montoArt --> 768,595041322314
18/08/2022 17:20:37|ivaArt --> 21
18/08/2022 17:20:37|hasarOCX.ImprimirItem --> OK
18/08/2022 17:20:37|Articulo --> sensodyne cr.dent x90 blanqueador
18/08/2022 17:20:37|cantidadArt B --> 1
18/08/2022 17:20:37|PrecVear --> 630
18/08/2022 17:20:37|montoArt --> 520,661157024793
18/08/2022 17:20:37|ivaArt --> 21
18/08/2022 17:20:37|hasarOCX.ImprimirItem --> OK
18/08/2022 17:20:37|Articulo --> elite pañuelo x70 uni
18/08/2022 17:20:37|cantidadArt B --> 1
18/08/2022 17:20:37|PrecVear --> 160
18/08/2022 17:20:37|montoArt --> 132,231404958678
18/08/2022 17:20:37|ivaArt --> 21
18/08/2022 17:20:38|hasarOCX.ImprimirItem --> OK
18/08/2022 17:20:38|Cerrar Comprobante B:::
18/08/2022 17:20:41|Obtiene nrocomp
18/08/2022 17:20:41|nrocomp --> 25938
18/08/2022 17:20:41|Nro. de Comprobante ::: TFB ::: 25938
18/08/2022 17:20:41|Ety.TicketFiscal: 25938
18/08/2022 17:30:29|Comienza Facturacion B
18/08/2022 17:30:29|DatosCliente B
18/08/2022 17:30:31|AbrirComprobanteFiscal B
18/08/2022 17:30:31|Articulo --> huggies supreme care mx68
18/08/2022 17:30:31|cantidadArt B --> 1
18/08/2022 17:30:31|PrecVear --> 2500
18/08/2022 17:30:31|montoArt --> 2066,11570247934
18/08/2022 17:30:31|ivaArt --> 21
18/08/2022 17:30:32|hasarOCX.ImprimirItem --> OK
18/08/2022 17:30:32|Articulo --> glade gel aromatizante
18/08/2022 17:30:32|cantidadArt B --> 1
18/08/2022 17:30:32|PrecVear --> 280
18/08/2022 17:30:32|montoArt --> 231,404958677686
18/08/2022 17:30:32|ivaArt --> 21
18/08/2022 17:30:32|hasarOCX.ImprimirItem --> OK
18/08/2022 17:30:32|Cerrar Comprobante B:::
18/08/2022 17:30:35|Obtiene nrocomp
18/08/2022 17:30:35|nrocomp --> 25939
18/08/2022 17:30:35|Nro. de Comprobante ::: TFB ::: 25939
18/08/2022 17:30:35|Ety.TicketFiscal: 25939
18/08/2022 17:38:50|Comienza Facturacion B
18/08/2022 17:38:51|DatosCliente B
18/08/2022 17:38:53|AbrirComprobanteFiscal B
18/08/2022 17:38:53|Articulo --> huggies trip xg 52
18/08/2022 17:38:53|cantidadArt B --> 1
18/08/2022 17:38:53|PrecVear --> 2130
18/08/2022 17:38:53|montoArt --> 1760,3305785124
18/08/2022 17:38:53|ivaArt --> 21
18/08/2022 17:38:53|hasarOCX.ImprimirItem --> OK
18/08/2022 17:38:53|Cerrar Comprobante B:::
18/08/2022 17:38:56|Obtiene nrocomp
18/08/2022 17:38:57|nrocomp --> 25940
18/08/2022 17:38:57|Nro. de Comprobante ::: TFB ::: 25940
18/08/2022 17:38:57|Ety.TicketFiscal: 25940
18/08/2022 17:48:47|Comienza Facturacion B
18/08/2022 17:48:48|DatosCliente B
18/08/2022 17:48:50|AbrirComprobanteFiscal B
18/08/2022 17:48:50|Articulo --> mels hair color artificial
18/08/2022 17:48:50|cantidadArt B --> 1
18/08/2022 17:48:50|PrecVear --> 550
18/08/2022 17:48:50|montoArt --> 454,545454545455
18/08/2022 17:48:50|ivaArt --> 21
18/08/2022 17:48:51|hasarOCX.ImprimirItem --> OK
18/08/2022 17:48:51|Articulo --> mary bosques shock acido
18/08/2022 17:48:51|cantidadArt B --> 1
18/08/2022 17:48:51|PrecVear --> 130
18/08/2022 17:48:51|montoArt --> 107,438016528926
18/08/2022 17:48:51|ivaArt --> 21
18/08/2022 17:48:51|hasarOCX.ImprimirItem --> OK
18/08/2022 17:48:51|Articulo --> babysec ultra xgx32 uni
18/08/2022 17:48:51|cantidadArt B --> 1
18/08/2022 17:48:51|PrecVear --> 1320
18/08/2022 17:48:51|montoArt --> 1090,90909090909
18/08/2022 17:48:51|ivaArt --> 21
18/08/2022 17:48:51|hasarOCX.ImprimirItem --> OK
18/08/2022 17:48:51|Cerrar Comprobante B:::
18/08/2022 17:48:54|Obtiene nrocomp
18/08/2022 17:48:55|nrocomp --> 25941
18/08/2022 17:48:55|Nro. de Comprobante ::: TFB ::: 25941
18/08/2022 17:48:55|Ety.TicketFiscal: 25941
18/08/2022 17:50:14|Comienza Facturacion B
18/08/2022 17:50:15|DatosCliente B
18/08/2022 17:50:17|AbrirComprobanteFiscal B
18/08/2022 17:50:17|Articulo --> poett desinfectante espiritu play
18/08/2022 17:50:17|cantidadArt B --> 1
18/08/2022 17:50:17|PrecVear --> 140
18/08/2022 17:50:17|montoArt --> 115,702479338843
18/08/2022 17:50:17|ivaArt --> 21
18/08/2022 17:50:17|hasarOCX.ImprimirItem --> OK
18/08/2022 17:50:17|Articulo --> ala polvo x800g matic
18/08/2022 17:50:17|cantidadArt B --> 1
18/08/2022 17:50:17|PrecVear --> 330
18/08/2022 17:50:17|montoArt --> 272,727272727273
18/08/2022 17:50:17|ivaArt --> 21
18/08/2022 17:50:18|hasarOCX.ImprimirItem --> OK
18/08/2022 17:50:18|Articulo --> calipso pd rosa x50
18/08/2022 17:50:18|cantidadArt B --> 1
18/08/2022 17:50:18|PrecVear --> 330
18/08/2022 17:50:18|montoArt --> 272,727272727273
18/08/2022 17:50:18|ivaArt --> 21
18/08/2022 17:50:18|hasarOCX.ImprimirItem --> OK
18/08/2022 17:50:18|Articulo --> saphirus aromatizante textil limon
18/08/2022 17:50:18|cantidadArt B --> 1
18/08/2022 17:50:18|PrecVear --> 330
18/08/2022 17:50:18|montoArt --> 272,727272727273
18/08/2022 17:50:18|ivaArt --> 21
18/08/2022 17:50:19|hasarOCX.ImprimirItem --> OK
18/08/2022 17:50:19|Articulo --> colgate total 12 clean mintx70g
18/08/2022 17:50:19|cantidadArt B --> 1
18/08/2022 17:50:19|PrecVear --> 350
18/08/2022 17:50:19|montoArt --> 289,256198347107
18/08/2022 17:50:19|ivaArt --> 21
18/08/2022 17:50:19|hasarOCX.ImprimirItem --> OK
18/08/2022 17:50:19|Cerrar Comprobante B:::
18/08/2022 17:50:22|Obtiene nrocomp
18/08/2022 17:50:22|nrocomp --> 25942
18/08/2022 17:50:22|Nro. de Comprobante ::: TFB ::: 25942
18/08/2022 17:50:22|Ety.TicketFiscal: 25942
18/08/2022 17:52:19|cerrando pantalla venta
18/08/2022 17:52:24|Conectando..
18/08/2022 17:52:24|IP: 127.0.0.1 - Puerto: 6500
18/08/2022 17:52:25|Conectado con éxito!!
18/08/2022 17:53:51|Comienza Facturacion B
18/08/2022 17:53:51|DatosCliente B
18/08/2022 17:53:54|AbrirComprobanteFiscal B
18/08/2022 17:53:54|Articulo --> axe deo antitraspirante
18/08/2022 17:53:54|cantidadArt B --> 1
18/08/2022 17:53:54|PrecVear --> 380
18/08/2022 17:53:54|montoArt --> 314,04958677686
18/08/2022 17:53:54|ivaArt --> 21
18/08/2022 17:53:54|hasarOCX.ImprimirItem --> OK
18/08/2022 17:53:54|Articulo --> rexona efficientx200g talco origina
18/08/2022 17:53:54|cantidadArt B --> 1
18/08/2022 17:53:54|PrecVear --> 390
18/08/2022 17:53:54|montoArt --> 322,314049586777
18/08/2022 17:53:54|ivaArt --> 21
18/08/2022 17:53:55|hasarOCX.ImprimirItem --> OK
18/08/2022 17:53:55|Articulo --> saphirus aromatizante textil linah
18/08/2022 17:53:55|cantidadArt B --> 1
18/08/2022 17:53:55|PrecVear --> 330
18/08/2022 17:53:55|montoArt --> 272,727272727273
18/08/2022 17:53:55|ivaArt --> 21
18/08/2022 17:53:55|hasarOCX.ImprimirItem --> OK
18/08/2022 17:53:55|Articulo --> sedal chx300ml d.pack bomba argan
18/08/2022 17:53:55|cantidadArt B --> 2
18/08/2022 17:53:55|PrecVear --> 280
18/08/2022 17:53:55|montoArt --> 231,404958677686
18/08/2022 17:53:55|ivaArt --> 21
18/08/2022 17:53:55|hasarOCX.ImprimirItem --> OK
18/08/2022 17:53:55|Articulo --> e.spa esponja hueso (105)
18/08/2022 17:53:55|cantidadArt B --> 1
18/08/2022 17:53:55|PrecVear --> 160
18/08/2022 17:53:55|montoArt --> 132,231404958678
18/08/2022 17:53:55|ivaArt --> 21
18/08/2022 17:53:56|hasarOCX.ImprimirItem --> OK
18/08/2022 17:53:56|Articulo --> vivere suav x3l d.pack.classic
18/08/2022 17:53:56|cantidadArt B --> 1
18/08/2022 17:53:56|PrecVear --> 950
18/08/2022 17:53:56|montoArt --> 785,123966942149
18/08/2022 17:53:56|ivaArt --> 21
18/08/2022 17:53:56|hasarOCX.ImprimirItem --> OK
18/08/2022 17:53:56|Cerrar Comprobante B:::
18/08/2022 17:53:59|Obtiene nrocomp
18/08/2022 17:53:59|nrocomp --> 25943
18/08/2022 17:53:59|Nro. de Comprobante ::: TFB ::: 25943
18/08/2022 17:53:59|Ety.TicketFiscal: 25943
18/08/2022 18:01:19|Comienza Facturacion B
18/08/2022 18:01:19|DatosCliente B
18/08/2022 18:01:21|AbrirComprobanteFiscal B
18/08/2022 18:01:21|Articulo --> estrella pañales g 68
18/08/2022 18:01:21|cantidadArt B --> 1
18/08/2022 18:01:21|PrecVear --> 3130
18/08/2022 18:01:21|montoArt --> 2586,77685950413
18/08/2022 18:01:21|ivaArt --> 21
18/08/2022 18:01:22|hasarOCX.ImprimirItem --> OK
18/08/2022 18:01:22|Cerrar Comprobante B:::
18/08/2022 18:01:25|Obtiene nrocomp
18/08/2022 18:01:25|nrocomp --> 25944
18/08/2022 18:01:25|Nro. de Comprobante ::: TFB ::: 25944
18/08/2022 18:01:25|Ety.TicketFiscal: 25944
18/08/2022 18:08:10|Comienza Facturacion B
18/08/2022 18:08:10|DatosCliente B
18/08/2022 18:08:13|AbrirComprobanteFiscal B
18/08/2022 18:08:13|Articulo --> querubin suavizante x3 l dp
18/08/2022 18:08:13|cantidadArt B --> 1
18/08/2022 18:08:13|PrecVear --> 1080
18/08/2022 18:08:13|montoArt --> 892,561983471074
18/08/2022 18:08:13|ivaArt --> 21
18/08/2022 18:08:13|hasarOCX.ImprimirItem --> OK
18/08/2022 18:08:13|Articulo --> el coloso det.pvox3kg.reg
18/08/2022 18:08:13|cantidadArt B --> 1
18/08/2022 18:08:13|PrecVear --> 890
18/08/2022 18:08:13|montoArt --> 735,537190082645
18/08/2022 18:08:13|ivaArt --> 21
18/08/2022 18:08:13|hasarOCX.ImprimirItem --> OK
18/08/2022 18:08:13|Articulo --> head & shoulders x400
18/08/2022 18:08:13|cantidadArt B --> 1
18/08/2022 18:08:13|PrecVear --> 720
18/08/2022 18:08:13|montoArt --> 595,04132231405
18/08/2022 18:08:13|ivaArt --> 21
18/08/2022 18:08:14|hasarOCX.ImprimirItem --> OK
18/08/2022 18:08:14|Articulo --> rexona jabones x3 unidades
18/08/2022 18:08:14|cantidadArt B --> 1
18/08/2022 18:08:14|PrecVear --> 310
18/08/2022 18:08:14|montoArt --> 256,198347107438
18/08/2022 18:08:14|ivaArt --> 21
18/08/2022 18:08:14|hasarOCX.ImprimirItem --> OK
18/08/2022 18:08:14|Articulo --> pantene x400ml rizos
18/08/2022 18:08:14|cantidadArt B --> 1
18/08/2022 18:08:14|PrecVear --> 680
18/08/2022 18:08:14|montoArt --> 561,98347107438
18/08/2022 18:08:14|ivaArt --> 21
18/08/2022 18:08:15|hasarOCX.ImprimirItem --> OK
18/08/2022 18:08:15|Articulo --> rexona jabones x3 unidades
18/08/2022 18:08:15|cantidadArt B --> 1
18/08/2022 18:08:15|PrecVear --> 310
18/08/2022 18:08:15|montoArt --> 256,198347107438
18/08/2022 18:08:15|ivaArt --> 21
18/08/2022 18:08:15|hasarOCX.ImprimirItem --> OK
18/08/2022 18:08:15|Articulo --> saphirus aromatizante textil vainilla
18/08/2022 18:08:15|cantidadArt B --> 1
18/08/2022 18:08:15|PrecVear --> 330
18/08/2022 18:08:15|montoArt --> 272,727272727273
18/08/2022 18:08:15|ivaArt --> 21
18/08/2022 18:08:15|hasarOCX.ImprimirItem --> OK
18/08/2022 18:08:15|Articulo --> ala para diluir x500ml
18/08/2022 18:08:15|cantidadArt B --> 1
18/08/2022 18:08:15|PrecVear --> 890
18/08/2022 18:08:15|montoArt --> 735,537190082645
18/08/2022 18:08:15|ivaArt --> 21
18/08/2022 18:08:16|hasarOCX.ImprimirItem --> OK
18/08/2022 18:08:16|Articulo --> vim lavand.gelx700
18/08/2022 18:08:16|cantidadArt B --> 2
18/08/2022 18:08:16|PrecVear --> 230
18/08/2022 18:08:16|montoArt --> 190,082644628099
18/08/2022 18:08:16|ivaArt --> 21
18/08/2022 18:08:16|hasarOCX.ImprimirItem --> OK
18/08/2022 18:08:16|Cerrar Comprobante B:::
18/08/2022 18:08:19|Obtiene nrocomp
18/08/2022 18:08:19|nrocomp --> 25945
18/08/2022 18:08:19|Nro. de Comprobante ::: TFB ::: 25945
18/08/2022 18:08:19|Ety.TicketFiscal: 25945
18/08/2022 18:11:31|Comienza Facturacion B
18/08/2022 18:11:31|DatosCliente B
18/08/2022 18:11:34|AbrirComprobanteFiscal B
18/08/2022 18:11:34|Articulo --> estrella algodon clasico x500 g
18/08/2022 18:11:34|cantidadArt B --> 1
18/08/2022 18:11:34|PrecVear --> 770
18/08/2022 18:11:34|montoArt --> 636,363636363636
18/08/2022 18:11:34|ivaArt --> 21
18/08/2022 18:11:34|hasarOCX.ImprimirItem --> OK
18/08/2022 18:11:34|Articulo --> mimito oleo calcareo botella x 1 litro
18/08/2022 18:11:34|cantidadArt B --> 1
18/08/2022 18:11:34|PrecVear --> 450
18/08/2022 18:11:34|montoArt --> 371,900826446281
18/08/2022 18:11:34|ivaArt --> 21
18/08/2022 18:11:35|hasarOCX.ImprimirItem --> OK
18/08/2022 18:11:35|Articulo --> algabo baby fecula talquera 200 g
18/08/2022 18:11:35|cantidadArt B --> 1
18/08/2022 18:11:35|PrecVear --> 290
18/08/2022 18:11:35|montoArt --> 239,669421487603
18/08/2022 18:11:35|ivaArt --> 21
18/08/2022 18:11:35|hasarOCX.ImprimirItem --> OK
18/08/2022 18:11:35|Articulo --> varios
18/08/2022 18:11:35|cantidadArt B --> 1
18/08/2022 18:11:35|PrecVear --> 440
18/08/2022 18:11:35|montoArt --> 363,636363636364
18/08/2022 18:11:35|ivaArt --> 21
18/08/2022 18:11:35|hasarOCX.ImprimirItem --> OK
18/08/2022 18:11:35|Cerrar Comprobante B:::
18/08/2022 18:11:38|Obtiene nrocomp
18/08/2022 18:11:39|nrocomp --> 25946
18/08/2022 18:11:39|Nro. de Comprobante ::: TFB ::: 25946
18/08/2022 18:11:39|Ety.TicketFiscal: 25946
18/08/2022 18:12:40|Comienza Facturacion B
18/08/2022 18:12:40|DatosCliente B
18/08/2022 18:12:43|AbrirComprobanteFiscal B
18/08/2022 18:12:43|Articulo --> estrella algodon super x400
18/08/2022 18:12:43|cantidadArt B --> 1
18/08/2022 18:12:43|PrecVear --> 880
18/08/2022 18:12:43|montoArt --> 727,272727272727
18/08/2022 18:12:43|ivaArt --> 21
18/08/2022 18:12:43|hasarOCX.ImprimirItem --> OK
18/08/2022 18:12:43|Articulo --> woolitex450 d.pack rop.oscura
18/08/2022 18:12:43|cantidadArt B --> 1
18/08/2022 18:12:43|PrecVear --> 340
18/08/2022 18:12:43|montoArt --> 280,99173553719
18/08/2022 18:12:43|ivaArt --> 21
18/08/2022 18:12:44|hasarOCX.ImprimirItem --> OK
18/08/2022 18:12:44|Articulo --> bolsas de residuos 45*60
18/08/2022 18:12:44|cantidadArt B --> 1
18/08/2022 18:12:44|PrecVear --> 110
18/08/2022 18:12:44|montoArt --> 90,9090909090909
18/08/2022 18:12:44|ivaArt --> 21
18/08/2022 18:12:44|hasarOCX.ImprimirItem --> OK
18/08/2022 18:12:44|Articulo --> ayudin lavandina en gelx700
18/08/2022 18:12:44|cantidadArt B --> 1
18/08/2022 18:12:44|PrecVear --> 230
18/08/2022 18:12:44|montoArt --> 190,082644628099
18/08/2022 18:12:44|ivaArt --> 21
18/08/2022 18:12:44|hasarOCX.ImprimirItem --> OK
18/08/2022 18:12:44|Articulo --> felpita para tu flia x4
18/08/2022 18:12:44|cantidadArt B --> 2
18/08/2022 18:12:44|PrecVear --> 260
18/08/2022 18:12:44|montoArt --> 214,876033057851
18/08/2022 18:12:44|ivaArt --> 21
18/08/2022 18:12:45|hasarOCX.ImprimirItem --> OK
18/08/2022 18:12:45|Articulo --> sussex rollo cocx3 clas
18/08/2022 18:12:45|cantidadArt B --> 1
18/08/2022 18:12:45|PrecVear --> 250
18/08/2022 18:12:45|montoArt --> 206,611570247934
18/08/2022 18:12:45|ivaArt --> 21
18/08/2022 18:12:45|hasarOCX.ImprimirItem --> OK
18/08/2022 18:12:45|Cerrar Comprobante B:::
18/08/2022 18:12:48|Obtiene nrocomp
18/08/2022 18:12:48|nrocomp --> 25947
18/08/2022 18:12:48|Nro. de Comprobante ::: TFB ::: 25947
18/08/2022 18:12:48|Ety.TicketFiscal: 25947
18/08/2022 18:12:51|cerrando pantalla venta
18/08/2022 18:13:01|Conectando..
18/08/2022 18:13:01|IP: 127.0.0.1 - Puerto: 6500
18/08/2022 18:13:02|Conectado con éxito!!
18/08/2022 18:13:04|cerrando pantalla venta
18/08/2022 18:13:06|Conectando..
18/08/2022 18:13:06|IP: 127.0.0.1 - Puerto: 6500
18/08/2022 18:13:07|Conectado con éxito!!
18/08/2022 18:13:09|cerrando pantalla venta
18/08/2022 18:13:13|Conectando..
18/08/2022 18:13:13|IP: 127.0.0.1 - Puerto: 6500
18/08/2022 18:13:14|Conectado con éxito!!
18/08/2022 18:13:26|Comienza Facturacion B
18/08/2022 18:13:27|DatosCliente B
18/08/2022 18:13:29|AbrirComprobanteFiscal B
18/08/2022 18:13:29|Articulo --> bolsas de residuos 45*60
18/08/2022 18:13:29|cantidadArt B --> 1
18/08/2022 18:13:29|PrecVear --> 110
18/08/2022 18:13:29|montoArt --> 90,9090909090909
18/08/2022 18:13:29|ivaArt --> 21
18/08/2022 18:13:29|hasarOCX.ImprimirItem --> OK
18/08/2022 18:13:29|Articulo --> woolitex450 d.pack rop.oscura
18/08/2022 18:13:29|cantidadArt B --> 1
18/08/2022 18:13:29|PrecVear --> 340
18/08/2022 18:13:29|montoArt --> 280,99173553719
18/08/2022 18:13:29|ivaArt --> 21
18/08/2022 18:13:30|hasarOCX.ImprimirItem --> OK
18/08/2022 18:13:30|Articulo --> ayudin lavandina en gelx700
18/08/2022 18:13:30|cantidadArt B --> 1
18/08/2022 18:13:30|PrecVear --> 230
18/08/2022 18:13:30|montoArt --> 190,082644628099
18/08/2022 18:13:30|ivaArt --> 21
18/08/2022 18:13:30|hasarOCX.ImprimirItem --> OK
18/08/2022 18:13:30|Articulo --> felpita para tu flia x4
18/08/2022 18:13:30|cantidadArt B --> 2
18/08/2022 18:13:30|PrecVear --> 260
18/08/2022 18:13:30|montoArt --> 214,876033057851
18/08/2022 18:13:30|ivaArt --> 21
18/08/2022 18:13:31|hasarOCX.ImprimirItem --> OK
18/08/2022 18:13:31|Articulo --> sussex rollo cocx3 clas
18/08/2022 18:13:31|cantidadArt B --> 1
18/08/2022 18:13:31|PrecVear --> 250
18/08/2022 18:13:31|montoArt --> 206,611570247934
18/08/2022 18:13:31|ivaArt --> 21
18/08/2022 18:13:31|hasarOCX.ImprimirItem --> OK
18/08/2022 18:13:31|Cerrar Comprobante B:::
18/08/2022 18:13:34|Obtiene nrocomp
18/08/2022 18:13:34|nrocomp --> 25948
18/08/2022 18:13:34|Nro. de Comprobante ::: TFB ::: 25948
18/08/2022 18:13:34|Ety.TicketFiscal: 25948
18/08/2022 18:18:48|Comienza Facturacion B
18/08/2022 18:18:48|DatosCliente B
18/08/2022 18:18:50|AbrirComprobanteFiscal B
18/08/2022 18:18:50|Articulo --> cif ultrabrillo anti polvomultisup. spray x400 ml
18/08/2022 18:18:50|cantidadArt B --> 1
18/08/2022 18:18:50|PrecVear --> 350
18/08/2022 18:18:50|montoArt --> 289,256198347107
18/08/2022 18:18:50|ivaArt --> 21
18/08/2022 18:18:51|hasarOCX.ImprimirItem --> OK
18/08/2022 18:18:51|Articulo --> el coloso guantes max t8 med
18/08/2022 18:18:51|cantidadArt B --> 1
18/08/2022 18:18:51|PrecVear --> 390
18/08/2022 18:18:51|montoArt --> 322,314049586777
18/08/2022 18:18:51|ivaArt --> 21
18/08/2022 18:18:51|hasarOCX.ImprimirItem --> OK
18/08/2022 18:18:51|Articulo --> kimbies toallitas humedas
18/08/2022 18:18:51|cantidadArt B --> 1
18/08/2022 18:18:51|PrecVear --> 300
18/08/2022 18:18:51|montoArt --> 247,933884297521
18/08/2022 18:18:51|ivaArt --> 21
18/08/2022 18:18:52|hasarOCX.ImprimirItem --> OK
18/08/2022 18:18:52|Articulo --> tejar labial art 281
18/08/2022 18:18:52|cantidadArt B --> 1
18/08/2022 18:18:52|PrecVear --> 320
18/08/2022 18:18:52|montoArt --> 264,462809917355
18/08/2022 18:18:52|ivaArt --> 21
18/08/2022 18:18:52|hasarOCX.ImprimirItem --> OK
18/08/2022 18:18:52|Articulo --> calipso pd colaless x20
18/08/2022 18:18:52|cantidadArt B --> 1
18/08/2022 18:18:52|PrecVear --> 210
18/08/2022 18:18:52|montoArt --> 173,553719008264
18/08/2022 18:18:52|ivaArt --> 21
18/08/2022 18:18:52|hasarOCX.ImprimirItem --> OK
18/08/2022 18:18:52|Cerrar Comprobante B:::
18/08/2022 18:18:55|Obtiene nrocomp
18/08/2022 18:18:56|nrocomp --> 25949
18/08/2022 18:18:56|Nro. de Comprobante ::: TFB ::: 25949
18/08/2022 18:18:56|Ety.TicketFiscal: 25949
18/08/2022 18:21:41|Comienza Facturacion B
18/08/2022 18:21:41|DatosCliente B
18/08/2022 18:21:44|AbrirComprobanteFiscal B
18/08/2022 18:21:44|Articulo --> colgate clasica x70g
18/08/2022 18:21:44|cantidadArt B --> 1
18/08/2022 18:21:44|PrecVear --> 195
18/08/2022 18:21:44|montoArt --> 161,157024793388
18/08/2022 18:21:44|ivaArt --> 21
18/08/2022 18:21:44|hasarOCX.ImprimirItem --> OK
18/08/2022 18:21:44|Articulo --> pato canasta liquida rep
18/08/2022 18:21:44|cantidadArt B --> 2
18/08/2022 18:21:44|PrecVear --> 380
18/08/2022 18:21:44|montoArt --> 314,04958677686
18/08/2022 18:21:44|ivaArt --> 21
18/08/2022 18:21:44|hasarOCX.ImprimirItem --> OK
18/08/2022 18:21:44|Articulo --> dove jabon x90 blanco
18/08/2022 18:21:44|cantidadArt B --> 2
18/08/2022 18:21:44|PrecVear --> 190
18/08/2022 18:21:44|montoArt --> 157,02479338843
18/08/2022 18:21:44|ivaArt --> 21
18/08/2022 18:21:45|hasarOCX.ImprimirItem --> OK
18/08/2022 18:21:45|Articulo --> sedal acondx340 bom nutricion-3223
18/08/2022 18:21:45|cantidadArt B --> 2
18/08/2022 18:21:45|PrecVear --> 380
18/08/2022 18:21:45|montoArt --> 314,04958677686
18/08/2022 18:21:45|ivaArt --> 21
18/08/2022 18:21:45|hasarOCX.ImprimirItem --> OK
18/08/2022 18:21:45|Articulo --> pantene hidratacion x400 nvo
18/08/2022 18:21:45|cantidadArt B --> 1
18/08/2022 18:21:45|PrecVear --> 680
18/08/2022 18:21:45|montoArt --> 561,98347107438
18/08/2022 18:21:45|ivaArt --> 21
18/08/2022 18:21:46|hasarOCX.ImprimirItem --> OK
18/08/2022 18:21:46|Articulo --> plenitud toalla esencial largax8
18/08/2022 18:21:46|cantidadArt B --> 1
18/08/2022 18:21:46|PrecVear --> 380
18/08/2022 18:21:46|montoArt --> 314,04958677686
18/08/2022 18:21:46|ivaArt --> 21
18/08/2022 18:21:46|hasarOCX.ImprimirItem --> OK
18/08/2022 18:21:46|Articulo --> cutex quitaesmalte fortalecedor x100ml
18/08/2022 18:21:46|cantidadArt B --> 1
18/08/2022 18:21:46|PrecVear --> 210
18/08/2022 18:21:46|montoArt --> 173,553719008264
18/08/2022 18:21:46|ivaArt --> 21
18/08/2022 18:21:46|hasarOCX.ImprimirItem --> OK
18/08/2022 18:21:46|Articulo --> pantene x400ml hidratacion
18/08/2022 18:21:46|cantidadArt B --> 1
18/08/2022 18:21:46|PrecVear --> 680
18/08/2022 18:21:46|montoArt --> 561,98347107438
18/08/2022 18:21:46|ivaArt --> 21
18/08/2022 18:21:47|hasarOCX.ImprimirItem --> OK
18/08/2022 18:21:47|Cerrar Comprobante B:::
18/08/2022 18:21:50|Obtiene nrocomp
18/08/2022 18:21:50|nrocomp --> 25950
18/08/2022 18:21:50|Nro. de Comprobante ::: TFB ::: 25950
18/08/2022 18:21:50|Ety.TicketFiscal: 25950
18/08/2022 18:24:31|Comienza Facturacion B
18/08/2022 18:24:31|DatosCliente B
18/08/2022 18:24:33|AbrirComprobanteFiscal B
18/08/2022 18:24:33|Articulo --> ayudin antihongo dp x450 ml
18/08/2022 18:24:33|cantidadArt B --> 2
18/08/2022 18:24:33|PrecVear --> 160
18/08/2022 18:24:33|montoArt --> 132,231404958678
18/08/2022 18:24:33|ivaArt --> 21
18/08/2022 18:24:34|hasarOCX.ImprimirItem --> OK
18/08/2022 18:24:34|Articulo --> el coloso lavandina x2 litros
18/08/2022 18:24:34|cantidadArt B --> 1
18/08/2022 18:24:34|PrecVear --> 190
18/08/2022 18:24:34|montoArt --> 157,02479338843
18/08/2022 18:24:34|ivaArt --> 21
18/08/2022 18:24:34|hasarOCX.ImprimirItem --> OK
18/08/2022 18:24:34|Articulo --> trapo de piso rayado
18/08/2022 18:24:34|cantidadArt B --> 1
18/08/2022 18:24:34|PrecVear --> 290
18/08/2022 18:24:34|montoArt --> 239,669421487603
18/08/2022 18:24:34|ivaArt --> 21
18/08/2022 18:24:34|hasarOCX.ImprimirItem --> OK
18/08/2022 18:24:34|Articulo --> ambar aceite escencial
18/08/2022 18:24:34|cantidadArt B --> 1
18/08/2022 18:24:34|PrecVear --> 150
18/08/2022 18:24:34|montoArt --> 123,96694214876
18/08/2022 18:24:34|ivaArt --> 21
18/08/2022 18:24:35|hasarOCX.ImprimirItem --> OK
18/08/2022 18:24:35|Articulo --> rejilla pabilo doble
18/08/2022 18:24:35|cantidadArt B --> 1
18/08/2022 18:24:35|PrecVear --> 120
18/08/2022 18:24:35|montoArt --> 99,1735537190083
18/08/2022 18:24:35|ivaArt --> 21
18/08/2022 18:24:35|hasarOCX.ImprimirItem --> OK
18/08/2022 18:24:35|Cerrar Comprobante B:::
18/08/2022 18:24:38|Obtiene nrocomp
18/08/2022 18:24:38|nrocomp --> 25951
18/08/2022 18:24:38|Nro. de Comprobante ::: TFB ::: 25951
18/08/2022 18:24:38|Ety.TicketFiscal: 25951
18/08/2022 18:31:03|Comienza Facturacion B
18/08/2022 18:31:04|DatosCliente B
18/08/2022 18:31:06|AbrirComprobanteFiscal B
18/08/2022 18:31:06|Articulo --> babysec premium tanga jumbo xxg
18/08/2022 18:31:06|cantidadArt B --> 1
18/08/2022 18:31:06|PrecVear --> 2770
18/08/2022 18:31:06|montoArt --> 2289,25619834711
18/08/2022 18:31:06|ivaArt --> 21
18/08/2022 18:31:07|hasarOCX.ImprimirItem --> OK
18/08/2022 18:31:07|Articulo --> varios
18/08/2022 18:31:07|cantidadArt B --> 1
18/08/2022 18:31:07|PrecVear --> 160
18/08/2022 18:31:07|montoArt --> 132,231404958678
18/08/2022 18:31:07|ivaArt --> 21
18/08/2022 18:31:07|hasarOCX.ImprimirItem --> OK
18/08/2022 18:31:07|Articulo --> varios
18/08/2022 18:31:07|cantidadArt B --> 1
18/08/2022 18:31:07|PrecVear --> 150
18/08/2022 18:31:07|montoArt --> 123,96694214876
18/08/2022 18:31:07|ivaArt --> 21
18/08/2022 18:31:07|hasarOCX.ImprimirItem --> OK
18/08/2022 18:31:07|Cerrar Comprobante B:::
18/08/2022 18:31:10|Obtiene nrocomp
18/08/2022 18:31:11|nrocomp --> 25952
18/08/2022 18:31:11|Nro. de Comprobante ::: TFB ::: 25952
18/08/2022 18:31:11|Ety.TicketFiscal: 25952
18/08/2022 18:38:05|Comienza Facturacion B
18/08/2022 18:38:05|DatosCliente B
18/08/2022 18:38:08|AbrirComprobanteFiscal B
18/08/2022 18:38:08|Articulo --> policrom crema oxigeada
18/08/2022 18:38:08|cantidadArt B --> 1
18/08/2022 18:38:08|PrecVear --> 90
18/08/2022 18:38:08|montoArt --> 74,3801652892562
18/08/2022 18:38:08|ivaArt --> 21
18/08/2022 18:38:08|hasarOCX.ImprimirItem --> OK
18/08/2022 18:38:08|Articulo --> koleston sing 60 rubio oscuro
18/08/2022 18:38:08|cantidadArt B --> 1
18/08/2022 18:38:08|PrecVear --> 580
18/08/2022 18:38:08|montoArt --> 479,338842975207
18/08/2022 18:38:08|ivaArt --> 21
18/08/2022 18:38:08|hasarOCX.ImprimirItem --> OK
18/08/2022 18:38:08|Articulo --> mary bosques oleo laminante
18/08/2022 18:38:08|cantidadArt B --> 1
18/08/2022 18:38:08|PrecVear --> 495
18/08/2022 18:38:08|montoArt --> 409,090909090909
18/08/2022 18:38:08|ivaArt --> 21
18/08/2022 18:38:09|hasarOCX.ImprimirItem --> OK
18/08/2022 18:38:09|Articulo --> dermaglos cr hid. de dia x50g
18/08/2022 18:38:09|cantidadArt B --> 1
18/08/2022 18:38:09|PrecVear --> 1120
18/08/2022 18:38:09|montoArt --> 925,619834710744
18/08/2022 18:38:09|ivaArt --> 21
18/08/2022 18:38:09|hasarOCX.ImprimirItem --> OK
18/08/2022 18:38:09|Articulo --> gillette  azul x unidad
18/08/2022 18:38:09|cantidadArt B --> 2
18/08/2022 18:38:09|PrecVear --> 165
18/08/2022 18:38:09|montoArt --> 136,363636363636
18/08/2022 18:38:09|ivaArt --> 21
18/08/2022 18:38:09|hasarOCX.ImprimirItem --> OK
18/08/2022 18:38:09|Cerrar Comprobante B:::
18/08/2022 18:38:12|Obtiene nrocomp
18/08/2022 18:38:13|nrocomp --> 25953
18/08/2022 18:38:13|Nro. de Comprobante ::: TFB ::: 25953
18/08/2022 18:38:13|Ety.TicketFiscal: 25953
18/08/2022 18:42:50|Comienza Facturacion B
18/08/2022 18:42:50|DatosCliente B
18/08/2022 18:42:52|AbrirComprobanteFiscal B
18/08/2022 18:42:52|Articulo --> estrella pañal xxg x56
18/08/2022 18:42:52|cantidadArt B --> 1
18/08/2022 18:42:52|PrecVear --> 3130
18/08/2022 18:42:52|montoArt --> 2586,77685950413
18/08/2022 18:42:52|ivaArt --> 21
18/08/2022 18:42:53|hasarOCX.ImprimirItem --> OK
18/08/2022 18:42:53|Cerrar Comprobante B:::
18/08/2022 18:42:56|Obtiene nrocomp
18/08/2022 18:42:56|nrocomp --> 25954
18/08/2022 18:42:56|Nro. de Comprobante ::: TFB ::: 25954
18/08/2022 18:42:56|Ety.TicketFiscal: 25954
18/08/2022 18:48:12|Comienza Facturacion B
18/08/2022 18:48:13|DatosCliente B
18/08/2022 18:48:15|AbrirComprobanteFiscal B
18/08/2022 18:48:15|Articulo --> bolsas de residuos 45*60
18/08/2022 18:48:15|cantidadArt B --> 1
18/08/2022 18:48:15|PrecVear --> 3
18/08/2022 18:48:15|montoArt --> 2,47933884297521
18/08/2022 18:48:15|ivaArt --> 21
18/08/2022 18:48:15|hasarOCX.ImprimirItem --> OK
18/08/2022 18:48:15|Articulo --> mary bosques rescate inmediato x10 g
18/08/2022 18:48:15|cantidadArt B --> 1
18/08/2022 18:48:15|PrecVear --> 110
18/08/2022 18:48:15|montoArt --> 90,9090909090909
18/08/2022 18:48:15|ivaArt --> 21
18/08/2022 18:48:16|hasarOCX.ImprimirItem --> OK
18/08/2022 18:48:16|Articulo --> ayudin lavandina bco x1
18/08/2022 18:48:16|cantidadArt B --> 1
18/08/2022 18:48:16|PrecVear --> 195
18/08/2022 18:48:16|montoArt --> 161,157024793388
18/08/2022 18:48:16|ivaArt --> 21
18/08/2022 18:48:16|hasarOCX.ImprimirItem --> OK
18/08/2022 18:48:16|Cerrar Comprobante B:::
18/08/2022 18:48:19|Obtiene nrocomp
18/08/2022 18:48:19|nrocomp --> 25955
18/08/2022 18:48:19|Nro. de Comprobante ::: TFB ::: 25955
18/08/2022 18:48:19|Ety.TicketFiscal: 25955
18/08/2022 18:49:17|Comienza Facturacion B
18/08/2022 18:49:17|DatosCliente B
18/08/2022 18:49:20|AbrirComprobanteFiscal B
18/08/2022 18:49:20|Articulo --> mary bosques rescate inmediato x10 g
18/08/2022 18:49:20|cantidadArt B --> 1
18/08/2022 18:49:20|PrecVear --> 110
18/08/2022 18:49:20|montoArt --> 90,9090909090909
18/08/2022 18:49:20|ivaArt --> 21
18/08/2022 18:49:20|hasarOCX.ImprimirItem --> OK
18/08/2022 18:49:20|Articulo --> ayudin lavandina bco x1
18/08/2022 18:49:20|cantidadArt B --> 1
18/08/2022 18:49:20|PrecVear --> 195
18/08/2022 18:49:20|montoArt --> 161,157024793388
18/08/2022 18:49:20|ivaArt --> 21
18/08/2022 18:49:20|hasarOCX.ImprimirItem --> OK
18/08/2022 18:49:20|Articulo --> bolsas de residuos 45*60
18/08/2022 18:49:20|cantidadArt B --> 3
18/08/2022 18:49:20|PrecVear --> 110
18/08/2022 18:49:20|montoArt --> 90,9090909090909
18/08/2022 18:49:20|ivaArt --> 21
18/08/2022 18:49:21|hasarOCX.ImprimirItem --> OK
18/08/2022 18:49:21|Cerrar Comprobante B:::
18/08/2022 18:49:24|Obtiene nrocomp
18/08/2022 18:49:24|nrocomp --> 25956
18/08/2022 18:49:24|Nro. de Comprobante ::: TFB ::: 25956
18/08/2022 18:49:24|Ety.TicketFiscal: 25956
18/08/2022 18:53:52|Comienza Facturacion B
18/08/2022 18:53:53|DatosCliente B
18/08/2022 18:53:55|AbrirComprobanteFiscal B
18/08/2022 18:53:55|Articulo --> skip liqx3l con suavizante
18/08/2022 18:53:55|cantidadArt B --> 1
18/08/2022 18:53:55|PrecVear --> 1250
18/08/2022 18:53:55|montoArt --> 1033,05785123967
18/08/2022 18:53:55|ivaArt --> 21
18/08/2022 18:53:55|hasarOCX.ImprimirItem --> OK
18/08/2022 18:53:55|Articulo --> rexona jabones x3 unidades
18/08/2022 18:53:55|cantidadArt B --> 1
18/08/2022 18:53:55|PrecVear --> 310
18/08/2022 18:53:55|montoArt --> 256,198347107438
18/08/2022 18:53:55|ivaArt --> 21
18/08/2022 18:53:56|hasarOCX.ImprimirItem --> OK
18/08/2022 18:53:56|Articulo --> carefree protec x20 compact
18/08/2022 18:53:56|cantidadArt B --> 1
18/08/2022 18:53:56|PrecVear --> 240
18/08/2022 18:53:56|montoArt --> 198,347107438017
18/08/2022 18:53:56|ivaArt --> 21
18/08/2022 18:53:56|hasarOCX.ImprimirItem --> OK
18/08/2022 18:53:56|Articulo --> maybelline lip lifter gloss
18/08/2022 18:53:56|cantidadArt B --> 1
18/08/2022 18:53:56|PrecVear --> 2400
18/08/2022 18:53:56|montoArt --> 1983,47107438017
18/08/2022 18:53:56|ivaArt --> 21
18/08/2022 18:53:56|hasarOCX.ImprimirItem --> OK
18/08/2022 18:53:56|Articulo --> cif vidriosx450 dp
18/08/2022 18:53:56|cantidadArt B --> 1
18/08/2022 18:53:56|PrecVear --> 160
18/08/2022 18:53:56|montoArt --> 132,231404958678
18/08/2022 18:53:56|ivaArt --> 21
18/08/2022 18:53:57|hasarOCX.ImprimirItem --> OK
18/08/2022 18:53:57|Articulo --> glade aerox360
18/08/2022 18:53:57|cantidadArt B --> 1
18/08/2022 18:53:57|PrecVear --> 250
18/08/2022 18:53:57|montoArt --> 206,611570247934
18/08/2022 18:53:57|ivaArt --> 21
18/08/2022 18:53:57|hasarOCX.ImprimirItem --> OK
18/08/2022 18:53:57|Articulo --> corega ult.crema s/sabor x70
18/08/2022 18:53:57|cantidadArt B --> 1
18/08/2022 18:53:57|PrecVear --> 1200
18/08/2022 18:53:57|montoArt --> 991,735537190083
18/08/2022 18:53:57|ivaArt --> 21
18/08/2022 18:53:58|hasarOCX.ImprimirItem --> OK
18/08/2022 18:53:58|Articulo --> colgate natural extracts x70g
18/08/2022 18:53:58|cantidadArt B --> 1
18/08/2022 18:53:58|PrecVear --> 390
18/08/2022 18:53:58|montoArt --> 322,314049586777
18/08/2022 18:53:58|ivaArt --> 21
18/08/2022 18:53:58|hasarOCX.ImprimirItem --> OK
18/08/2022 18:53:58|Articulo --> elite pañuelo x70 uni
18/08/2022 18:53:58|cantidadArt B --> 2
18/08/2022 18:53:58|PrecVear --> 160
18/08/2022 18:53:58|montoArt --> 132,231404958678
18/08/2022 18:53:58|ivaArt --> 21
18/08/2022 18:53:58|hasarOCX.ImprimirItem --> OK
18/08/2022 18:53:58|Articulo --> bolsas de residuos 45*60
18/08/2022 18:53:58|cantidadArt B --> 1
18/08/2022 18:53:58|PrecVear --> 110
18/08/2022 18:53:58|montoArt --> 90,9090909090909
18/08/2022 18:53:58|ivaArt --> 21
18/08/2022 18:53:59|hasarOCX.ImprimirItem --> OK
18/08/2022 18:53:59|Articulo --> elite pañuelo descartable x 6u
18/08/2022 18:53:59|cantidadArt B --> 1
18/08/2022 18:53:59|PrecVear --> 195
18/08/2022 18:53:59|montoArt --> 161,157024793388
18/08/2022 18:53:59|ivaArt --> 21
18/08/2022 18:53:59|hasarOCX.ImprimirItem --> OK
18/08/2022 18:53:59|Articulo --> mr musculo limpiahornosx360
18/08/2022 18:53:59|cantidadArt B --> 1
18/08/2022 18:53:59|PrecVear --> 410
18/08/2022 18:53:59|montoArt --> 338,842975206612
18/08/2022 18:53:59|ivaArt --> 21
18/08/2022 18:53:59|hasarOCX.ImprimirItem --> OK
18/08/2022 18:53:59|Articulo --> vanish prelavadx400 dp white 50%mas poder
18/08/2022 18:53:59|cantidadArt B --> 1
18/08/2022 18:53:59|PrecVear --> 250
18/08/2022 18:53:59|montoArt --> 206,611570247934
18/08/2022 18:53:59|ivaArt --> 21
18/08/2022 18:54:00|hasarOCX.ImprimirItem --> OK
18/08/2022 18:54:00|Articulo --> trenet oxi efect.espuma dpx400-2288
18/08/2022 18:54:00|cantidadArt B --> 1
18/08/2022 18:54:00|PrecVear --> 210
18/08/2022 18:54:00|montoArt --> 173,553719008264
18/08/2022 18:54:00|ivaArt --> 21
18/08/2022 18:54:00|hasarOCX.ImprimirItem --> OK
18/08/2022 18:54:00|Articulo --> el coloso doble hoja
18/08/2022 18:54:00|cantidadArt B --> 1
18/08/2022 18:54:00|PrecVear --> 290
18/08/2022 18:54:00|montoArt --> 239,669421487603
18/08/2022 18:54:00|ivaArt --> 21
18/08/2022 18:54:01|hasarOCX.ImprimirItem --> OK
18/08/2022 18:54:01|Articulo --> procenex limpx900 jazmin 8372
18/08/2022 18:54:01|cantidadArt B --> 1
18/08/2022 18:54:01|PrecVear --> 140
18/08/2022 18:54:01|montoArt --> 115,702479338843
18/08/2022 18:54:01|ivaArt --> 21
18/08/2022 18:54:01|hasarOCX.ImprimirItem --> OK
18/08/2022 18:54:01|Articulo --> ayudin lavandina bco x1
18/08/2022 18:54:01|cantidadArt B --> 1
18/08/2022 18:54:01|PrecVear --> 195
18/08/2022 18:54:01|montoArt --> 161,157024793388
18/08/2022 18:54:01|ivaArt --> 21
18/08/2022 18:54:01|hasarOCX.ImprimirItem --> OK
18/08/2022 18:54:01|Cerrar Comprobante B:::
18/08/2022 18:54:04|Obtiene nrocomp
18/08/2022 18:54:04|nrocomp --> 25957
18/08/2022 18:54:04|Nro. de Comprobante ::: TFB ::: 25957
18/08/2022 18:54:04|Ety.TicketFiscal: 25957
18/08/2022 19:02:48|Comienza Facturacion B
18/08/2022 19:02:48|DatosCliente B
18/08/2022 19:02:51|AbrirComprobanteFiscal B
18/08/2022 19:02:51|Articulo --> rejilla super intermedia
18/08/2022 19:02:51|cantidadArt B --> 1
18/08/2022 19:02:51|PrecVear --> 100
18/08/2022 19:02:51|montoArt --> 82,6446280991736
18/08/2022 19:02:51|ivaArt --> 21
18/08/2022 19:02:51|hasarOCX.ImprimirItem --> OK
18/08/2022 19:02:51|Articulo --> rejilla pabilo doble
18/08/2022 19:02:51|cantidadArt B --> 1
18/08/2022 19:02:51|PrecVear --> 120
18/08/2022 19:02:51|montoArt --> 99,1735537190083
18/08/2022 19:02:51|ivaArt --> 21
18/08/2022 19:02:52|hasarOCX.ImprimirItem --> OK
18/08/2022 19:02:52|Articulo --> prix  maquina para afeitar 2 filos
18/08/2022 19:02:52|cantidadArt B --> 1
18/08/2022 19:02:52|PrecVear --> 75
18/08/2022 19:02:52|montoArt --> 61,9834710743802
18/08/2022 19:02:52|ivaArt --> 21
18/08/2022 19:02:52|hasarOCX.ImprimirItem --> OK
18/08/2022 19:02:52|Articulo --> route 66 aromatizante marino
18/08/2022 19:02:52|cantidadArt B --> 1
18/08/2022 19:02:52|PrecVear --> 260
18/08/2022 19:02:52|montoArt --> 214,876033057851
18/08/2022 19:02:52|ivaArt --> 21
18/08/2022 19:02:52|hasarOCX.ImprimirItem --> OK
18/08/2022 19:02:52|Cerrar Comprobante B:::
18/08/2022 19:02:55|Obtiene nrocomp
18/08/2022 19:02:56|nrocomp --> 25958
18/08/2022 19:02:56|Nro. de Comprobante ::: TFB ::: 25958
18/08/2022 19:02:56|Ety.TicketFiscal: 25958
18/08/2022 19:10:02|Comienza Facturacion B
18/08/2022 19:10:02|DatosCliente B
18/08/2022 19:10:05|AbrirComprobanteFiscal B
18/08/2022 19:10:05|Articulo --> pampers premium care xxg x54
18/08/2022 19:10:05|cantidadArt B --> 1
18/08/2022 19:10:05|PrecVear --> 3090
18/08/2022 19:10:05|montoArt --> 2553,71900826446
18/08/2022 19:10:05|ivaArt --> 21
18/08/2022 19:10:05|hasarOCX.ImprimirItem --> OK
18/08/2022 19:10:05|Cerrar Comprobante B:::
18/08/2022 19:10:08|Obtiene nrocomp
18/08/2022 19:10:08|nrocomp --> 25959
18/08/2022 19:10:08|Nro. de Comprobante ::: TFB ::: 25959
18/08/2022 19:10:08|Ety.TicketFiscal: 25959
18/08/2022 19:20:54|Comienza Facturacion B
18/08/2022 19:20:54|DatosCliente B
18/08/2022 19:20:57|AbrirComprobanteFiscal B
18/08/2022 19:20:57|Articulo --> felpita para tu flia x4
18/08/2022 19:20:57|cantidadArt B --> 1
18/08/2022 19:20:57|PrecVear --> 260
18/08/2022 19:20:57|montoArt --> 214,876033057851
18/08/2022 19:20:57|ivaArt --> 21
18/08/2022 19:20:57|hasarOCX.ImprimirItem --> OK
18/08/2022 19:20:57|Articulo --> colgate triple accion x210g
18/08/2022 19:20:57|cantidadArt B --> 1
18/08/2022 19:20:57|PrecVear --> 650
18/08/2022 19:20:57|montoArt --> 537,190082644628
18/08/2022 19:20:57|ivaArt --> 21
18/08/2022 19:20:58|hasarOCX.ImprimirItem --> OK
18/08/2022 19:20:58|Articulo --> 9062 mamadera x250ml mickey con asas boca ancha
18/08/2022 19:20:58|cantidadArt B --> 1
18/08/2022 19:20:58|PrecVear --> 1360
18/08/2022 19:20:58|montoArt --> 1123,96694214876
18/08/2022 19:20:58|ivaArt --> 21
18/08/2022 19:20:58|hasarOCX.ImprimirItem --> OK
18/08/2022 19:20:58|Cerrar Comprobante B:::
18/08/2022 19:21:01|Obtiene nrocomp
18/08/2022 19:21:01|nrocomp --> 25960
18/08/2022 19:21:01|Nro. de Comprobante ::: TFB ::: 25960
18/08/2022 19:21:01|Ety.TicketFiscal: 25960
18/08/2022 19:28:15|Comienza Facturacion B
18/08/2022 19:28:16|DatosCliente B
18/08/2022 19:28:18|AbrirComprobanteFiscal B
18/08/2022 19:28:18|Articulo --> dove barrax50 cuidado total
18/08/2022 19:28:18|cantidadArt B --> 1
18/08/2022 19:28:18|PrecVear --> 530
18/08/2022 19:28:18|montoArt --> 438,01652892562
18/08/2022 19:28:18|ivaArt --> 21
18/08/2022 19:28:18|hasarOCX.ImprimirItem --> OK
18/08/2022 19:28:18|Articulo --> huggies supreme care gx60 nuevo
18/08/2022 19:28:18|cantidadArt B --> 1
18/08/2022 19:28:18|PrecVear --> 2420
18/08/2022 19:28:18|montoArt --> 2000
18/08/2022 19:28:18|ivaArt --> 21
18/08/2022 19:28:19|hasarOCX.ImprimirItem --> OK
18/08/2022 19:28:19|Cerrar Comprobante B:::
18/08/2022 19:28:22|Obtiene nrocomp
18/08/2022 19:28:22|nrocomp --> 25961
18/08/2022 19:28:22|Nro. de Comprobante ::: TFB ::: 25961
18/08/2022 19:28:22|Ety.TicketFiscal: 25961
18/08/2022 19:32:53|Comienza Facturacion B
18/08/2022 19:32:53|DatosCliente B
18/08/2022 19:32:56|AbrirComprobanteFiscal B
18/08/2022 19:32:56|Articulo --> huggies active sec xg x52
18/08/2022 19:32:56|cantidadArt B --> 1
18/08/2022 19:32:56|PrecVear --> 2380
18/08/2022 19:32:56|montoArt --> 1966,94214876033
18/08/2022 19:32:56|ivaArt --> 21
18/08/2022 19:32:56|hasarOCX.ImprimirItem --> OK
18/08/2022 19:32:56|Articulo --> estrella algodon clasicox140
18/08/2022 19:32:56|cantidadArt B --> 1
18/08/2022 19:32:56|PrecVear --> 290
18/08/2022 19:32:56|montoArt --> 239,669421487603
18/08/2022 19:32:56|ivaArt --> 21
18/08/2022 19:32:56|hasarOCX.ImprimirItem --> OK
18/08/2022 19:32:56|Cerrar Comprobante B:::
18/08/2022 19:32:59|Obtiene nrocomp
18/08/2022 19:33:00|nrocomp --> 25962
18/08/2022 19:33:00|Nro. de Comprobante ::: TFB ::: 25962
18/08/2022 19:33:00|Ety.TicketFiscal: 25962
18/08/2022 19:37:10|Comienza Facturacion B
18/08/2022 19:37:10|DatosCliente B
18/08/2022 19:37:12|AbrirComprobanteFiscal B
18/08/2022 19:37:12|Articulo --> dove deo mujer
18/08/2022 19:37:12|cantidadArt B --> 1
18/08/2022 19:37:12|PrecVear --> 390
18/08/2022 19:37:12|montoArt --> 322,314049586777
18/08/2022 19:37:12|ivaArt --> 21
18/08/2022 19:37:13|hasarOCX.ImprimirItem --> OK
18/08/2022 19:37:13|Articulo --> palmolive jabon liquido dp
18/08/2022 19:37:13|cantidadArt B --> 1
18/08/2022 19:37:13|PrecVear --> 210
18/08/2022 19:37:13|montoArt --> 173,553719008264
18/08/2022 19:37:13|ivaArt --> 21
18/08/2022 19:37:13|hasarOCX.ImprimirItem --> OK
18/08/2022 19:37:13|Articulo --> querubin jabon liquido x3 dp
18/08/2022 19:37:13|cantidadArt B --> 1
18/08/2022 19:37:13|PrecVear --> 910
18/08/2022 19:37:13|montoArt --> 752,066115702479
18/08/2022 19:37:13|ivaArt --> 21
18/08/2022 19:37:14|hasarOCX.ImprimirItem --> OK
18/08/2022 19:37:14|Articulo --> querubin suav. x900 ml flores silv.
18/08/2022 19:37:14|cantidadArt B --> 1
18/08/2022 19:37:14|PrecVear --> 370
18/08/2022 19:37:14|montoArt --> 305,785123966942
18/08/2022 19:37:14|ivaArt --> 21
18/08/2022 19:37:14|hasarOCX.ImprimirItem --> OK
18/08/2022 19:37:14|Articulo --> bolsas de residuos 45*60
18/08/2022 19:37:14|cantidadArt B --> 1
18/08/2022 19:37:14|PrecVear --> 110
18/08/2022 19:37:14|montoArt --> 90,9090909090909
18/08/2022 19:37:14|ivaArt --> 21
18/08/2022 19:37:14|hasarOCX.ImprimirItem --> OK
18/08/2022 19:37:14|Articulo --> el coloso lustra mueble
18/08/2022 19:37:14|cantidadArt B --> 1
18/08/2022 19:37:14|PrecVear --> 285
18/08/2022 19:37:14|montoArt --> 235,537190082645
18/08/2022 19:37:14|ivaArt --> 21
18/08/2022 19:37:15|hasarOCX.ImprimirItem --> OK
18/08/2022 19:37:15|Articulo --> vallerina amarilla
18/08/2022 19:37:15|cantidadArt B --> 1
18/08/2022 19:37:15|PrecVear --> 80
18/08/2022 19:37:15|montoArt --> 66,1157024793389
18/08/2022 19:37:15|ivaArt --> 21
18/08/2022 19:37:15|hasarOCX.ImprimirItem --> OK
18/08/2022 19:37:15|Articulo --> energico trapo gris
18/08/2022 19:37:15|cantidadArt B --> 1
18/08/2022 19:37:15|PrecVear --> 120
18/08/2022 19:37:15|montoArt --> 99,1735537190083
18/08/2022 19:37:15|ivaArt --> 21
18/08/2022 19:37:15|hasarOCX.ImprimirItem --> OK
18/08/2022 19:37:15|Cerrar Comprobante B:::
18/08/2022 19:37:18|Obtiene nrocomp
18/08/2022 19:37:19|nrocomp --> 25963
18/08/2022 19:37:19|Nro. de Comprobante ::: TFB ::: 25963
18/08/2022 19:37:19|Ety.TicketFiscal: 25963
18/08/2022 19:56:00|Comienza Facturacion B
18/08/2022 19:56:01|DatosCliente B
18/08/2022 19:56:03|AbrirComprobanteFiscal B
18/08/2022 19:56:03|Articulo --> palmolive jabon liquido dp
18/08/2022 19:56:03|cantidadArt B --> 1
18/08/2022 19:56:03|PrecVear --> 210
18/08/2022 19:56:03|montoArt --> 173,553719008264
18/08/2022 19:56:03|ivaArt --> 21
18/08/2022 19:56:04|hasarOCX.ImprimirItem --> OK
18/08/2022 19:56:04|Articulo --> suiza autobrillo x400
18/08/2022 19:56:04|cantidadArt B --> 1
18/08/2022 19:56:04|PrecVear --> 310
18/08/2022 19:56:04|montoArt --> 256,198347107438
18/08/2022 19:56:04|ivaArt --> 21
18/08/2022 19:56:04|hasarOCX.ImprimirItem --> OK
18/08/2022 19:56:04|Articulo --> cif gel c/lavandx500 ult.blanco3583
18/08/2022 19:56:04|cantidadArt B --> 1
18/08/2022 19:56:04|PrecVear --> 260
18/08/2022 19:56:04|montoArt --> 214,876033057851
18/08/2022 19:56:04|ivaArt --> 21
18/08/2022 19:56:04|hasarOCX.ImprimirItem --> OK
18/08/2022 19:56:04|Articulo --> bolsas de residuos 60*90
18/08/2022 19:56:04|cantidadArt B --> 1
18/08/2022 19:56:04|PrecVear --> 250
18/08/2022 19:56:04|montoArt --> 206,611570247934
18/08/2022 19:56:04|ivaArt --> 21
18/08/2022 19:56:05|hasarOCX.ImprimirItem --> OK
18/08/2022 19:56:05|Articulo --> mortimer esponja cuadriculada
18/08/2022 19:56:05|cantidadArt B --> 1
18/08/2022 19:56:05|PrecVear --> 70
18/08/2022 19:56:05|montoArt --> 57,8512396694215
18/08/2022 19:56:05|ivaArt --> 21
18/08/2022 19:56:05|hasarOCX.ImprimirItem --> OK
18/08/2022 19:56:05|Articulo --> energico trapo gris
18/08/2022 19:56:05|cantidadArt B --> 1
18/08/2022 19:56:05|PrecVear --> 120
18/08/2022 19:56:05|montoArt --> 99,1735537190083
18/08/2022 19:56:05|ivaArt --> 21
18/08/2022 19:56:05|hasarOCX.ImprimirItem --> OK
18/08/2022 19:56:05|Articulo --> procenex limpx900 pino -8368
18/08/2022 19:56:05|cantidadArt B --> 1
18/08/2022 19:56:05|PrecVear --> 140
18/08/2022 19:56:05|montoArt --> 115,702479338843
18/08/2022 19:56:05|ivaArt --> 21
18/08/2022 19:56:06|hasarOCX.ImprimirItem --> OK
18/08/2022 19:56:06|Articulo --> ariel liqx800 d.pack
18/08/2022 19:56:06|cantidadArt B --> 1
18/08/2022 19:56:06|PrecVear --> 390
18/08/2022 19:56:06|montoArt --> 322,314049586777
18/08/2022 19:56:06|ivaArt --> 21
18/08/2022 19:56:06|hasarOCX.ImprimirItem --> OK
18/08/2022 19:56:06|Articulo --> cutex quitaesmalte fortalecedor x100ml
18/08/2022 19:56:06|cantidadArt B --> 1
18/08/2022 19:56:06|PrecVear --> 210
18/08/2022 19:56:06|montoArt --> 173,553719008264
18/08/2022 19:56:06|ivaArt --> 21
18/08/2022 19:56:06|hasarOCX.ImprimirItem --> OK
18/08/2022 19:56:06|Articulo --> ayudin lav.x2l original
18/08/2022 19:56:06|cantidadArt B --> 1
18/08/2022 19:56:06|PrecVear --> 240
18/08/2022 19:56:06|montoArt --> 198,347107438017
18/08/2022 19:56:06|ivaArt --> 21
18/08/2022 19:56:07|hasarOCX.ImprimirItem --> OK
18/08/2022 19:56:07|Cerrar Comprobante B:::
18/08/2022 19:56:10|Obtiene nrocomp
18/08/2022 19:56:10|nrocomp --> 25964
18/08/2022 19:56:10|Nro. de Comprobante ::: TFB ::: 25964
18/08/2022 19:56:10|Ety.TicketFiscal: 25964
18/08/2022 19:56:53|cerrando pantalla venta
18/08/2022 19:57:01|*************COMIENZA Cierre  Z**********
18/08/2022 19:57:10|CIERRE Z
Cierre Z Nº =[808]
Fecha del Cierre        =[18/08/2022 0:00:00]
DF Emitidos             =[64]
DF Cancelados           =[1]
DF Total                =[15730003]
DF Total Gravado        =[13000002]
DF Total No Gravado     =[0]
DF Total Exento         =[0]
DF Total IVA            =[2730001]
DF Total Otros Tributos =[0]
NC Emitidas             =[0]
NC Canceladas           =[0]
NC Total                =[0]
NC Total Gravado        =[0]
NC Total No Gravado     =[0]
NC Total Exento         =[0]
NC Total IVA            =[0]
NC Total Otros Tributos =[0]
DNFH Emitidos           =[0]
DNFH Total              =[0]

