02/05/2022 8:38:18|Conectando..
02/05/2022 8:38:18|IP: 127.0.0.1 - Puerto: 6500
02/05/2022 8:39:24|Error Diagnostico..Tiempo de espera agotado
02/05/2022 8:54:59|Error Diagnostico..Tiempo de espera agotado
02/05/2022 9:04:19|Error Diagnostico..Tiempo de espera agotado
02/05/2022 9:04:38|cerrando pantalla venta
02/05/2022 9:04:54|Conectando..
02/05/2022 9:04:54|IP: 127.0.0.1 - Puerto: 6500
02/05/2022 9:04:58|cerrando pantalla venta
02/05/2022 9:05:07|Conectando..
02/05/2022 9:05:07|IP: 127.0.0.1 - Puerto: 6500
02/05/2022 9:05:11|cerrando pantalla venta
02/05/2022 9:05:27|Conectando..
02/05/2022 9:05:27|IP: 127.0.0.1 - Puerto: 6500
02/05/2022 9:05:31|cerrando pantalla venta
02/05/2022 9:05:40|Conectando..
02/05/2022 9:05:40|IP: 127.0.0.1 - Puerto: 6500
02/05/2022 9:05:44|cerrando pantalla venta
02/05/2022 9:06:02|Conectando..
02/05/2022 9:06:02|IP: 127.0.0.1 - Puerto: 6500
02/05/2022 9:08:40|cerrando pantalla venta
02/05/2022 9:08:52|Conectando..
02/05/2022 9:08:52|IP: 127.0.0.1 - Puerto: 6500
02/05/2022 9:08:52|Conectado con éxito!!
02/05/2022 9:19:21|Comienza Facturacion B
02/05/2022 9:19:21|DatosCliente B
02/05/2022 9:19:23|AbrirComprobanteFiscal B
02/05/2022 9:19:23|Articulo --> felpita maxirollo x240u dh
02/05/2022 9:19:23|cantidadArt B --> 1
02/05/2022 9:19:23|PrecVear --> 198
02/05/2022 9:19:23|montoArt --> 163,636363636364
02/05/2022 9:19:23|ivaArt --> 21
02/05/2022 9:19:24|hasarOCX.ImprimirItem --> OK
02/05/2022 9:19:24|Articulo --> saphirus aromatizantes de ambiente (aerosol) rocio
02/05/2022 9:19:24|cantidadArt B --> 2
02/05/2022 9:19:24|PrecVear --> 380
02/05/2022 9:19:24|montoArt --> 314,04958677686
02/05/2022 9:19:24|ivaArt --> 21
02/05/2022 9:19:24|hasarOCX.ImprimirItem --> OK
02/05/2022 9:19:24|Articulo --> felpita kids d/h x4 deco
02/05/2022 9:19:24|cantidadArt B --> 1
02/05/2022 9:19:24|PrecVear --> 280
02/05/2022 9:19:24|montoArt --> 231,404958677686
02/05/2022 9:19:24|ivaArt --> 21
02/05/2022 9:19:24|hasarOCX.ImprimirItem --> OK
02/05/2022 9:19:24|Articulo --> cif act.gelx500 bio
02/05/2022 9:19:24|cantidadArt B --> 1
02/05/2022 9:19:24|PrecVear --> 290
02/05/2022 9:19:24|montoArt --> 239,669421487603
02/05/2022 9:19:24|ivaArt --> 21
02/05/2022 9:19:25|hasarOCX.ImprimirItem --> OK
02/05/2022 9:19:25|Articulo --> ala para diluir x500ml
02/05/2022 9:19:25|cantidadArt B --> 1
02/05/2022 9:19:25|PrecVear --> 720
02/05/2022 9:19:25|montoArt --> 595,04132231405
02/05/2022 9:19:25|ivaArt --> 21
02/05/2022 9:19:25|hasarOCX.ImprimirItem --> OK
02/05/2022 9:19:25|Articulo --> drive liquido x800 dp
02/05/2022 9:19:25|cantidadArt B --> 1
02/05/2022 9:19:25|PrecVear --> 170
02/05/2022 9:19:25|montoArt --> 140,495867768595
02/05/2022 9:19:25|ivaArt --> 21
02/05/2022 9:19:25|hasarOCX.ImprimirItem --> OK
02/05/2022 9:19:25|Cerrar Comprobante B:::
02/05/2022 9:19:29|Obtiene nrocomp
02/05/2022 9:19:29|nrocomp --> 21658
02/05/2022 9:19:29|Nro. de Comprobante ::: TFB ::: 21658
02/05/2022 9:19:29|Ety.TicketFiscal: 21658
02/05/2022 9:42:13|Comienza Facturacion B
02/05/2022 9:42:13|DatosCliente B
02/05/2022 9:42:16|AbrirComprobanteFiscal B
02/05/2022 9:42:16|Articulo --> el coloso rollo cocx3 x 40paños
02/05/2022 9:42:16|cantidadArt B --> 1
02/05/2022 9:42:16|PrecVear --> 110
02/05/2022 9:42:16|montoArt --> 90,9090909090909
02/05/2022 9:42:16|ivaArt --> 21
02/05/2022 9:42:16|hasarOCX.ImprimirItem --> OK
02/05/2022 9:42:16|Articulo --> elite pañuelo descartable x 6u
02/05/2022 9:42:16|cantidadArt B --> 1
02/05/2022 9:42:16|PrecVear --> 110
02/05/2022 9:42:16|montoArt --> 90,9090909090909
02/05/2022 9:42:16|ivaArt --> 21
02/05/2022 9:42:16|hasarOCX.ImprimirItem --> OK
02/05/2022 9:42:16|Articulo --> colgate clasica x70g
02/05/2022 9:42:16|cantidadArt B --> 1
02/05/2022 9:42:16|PrecVear --> 155
02/05/2022 9:42:16|montoArt --> 128,099173553719
02/05/2022 9:42:16|ivaArt --> 21
02/05/2022 9:42:17|hasarOCX.ImprimirItem --> OK
02/05/2022 9:42:17|Articulo --> ambar sahumeriospatchouli
02/05/2022 9:42:17|cantidadArt B --> 1
02/05/2022 9:42:17|PrecVear --> 130
02/05/2022 9:42:17|montoArt --> 107,438016528926
02/05/2022 9:42:17|ivaArt --> 21
02/05/2022 9:42:17|hasarOCX.ImprimirItem --> OK
02/05/2022 9:42:17|Articulo --> dove jabx90 kar y vainilla
02/05/2022 9:42:17|cantidadArt B --> 2
02/05/2022 9:42:17|PrecVear --> 150
02/05/2022 9:42:17|montoArt --> 123,96694214876
02/05/2022 9:42:17|ivaArt --> 21
02/05/2022 9:42:17|hasarOCX.ImprimirItem --> OK
02/05/2022 9:42:17|Articulo --> neutrogena crema corporal x200ml
02/05/2022 9:42:17|cantidadArt B --> 1
02/05/2022 9:42:17|PrecVear --> 490
02/05/2022 9:42:17|montoArt --> 404,95867768595
02/05/2022 9:42:17|ivaArt --> 21
02/05/2022 9:42:18|hasarOCX.ImprimirItem --> OK
02/05/2022 9:42:18|Cerrar Comprobante B:::
02/05/2022 9:42:21|Obtiene nrocomp
02/05/2022 9:42:21|nrocomp --> 21659
02/05/2022 9:42:21|Nro. de Comprobante ::: TFB ::: 21659
02/05/2022 9:42:21|Ety.TicketFiscal: 21659
02/05/2022 9:46:16|Comienza Facturacion B
02/05/2022 9:46:17|DatosCliente B
02/05/2022 9:46:19|AbrirComprobanteFiscal B
02/05/2022 9:46:19|Articulo --> estrella ac x200
02/05/2022 9:46:19|cantidadArt B --> 1
02/05/2022 9:46:19|PrecVear --> 310
02/05/2022 9:46:19|montoArt --> 256,198347107438
02/05/2022 9:46:19|ivaArt --> 21
02/05/2022 9:46:20|hasarOCX.ImprimirItem --> OK
02/05/2022 9:46:20|Articulo --> nivea deo aerosol
02/05/2022 9:46:20|cantidadArt B --> 1
02/05/2022 9:46:20|PrecVear --> 315
02/05/2022 9:46:20|montoArt --> 260,330578512397
02/05/2022 9:46:20|ivaArt --> 21
02/05/2022 9:46:20|hasarOCX.ImprimirItem --> OK
02/05/2022 9:46:20|Cerrar Comprobante B:::
02/05/2022 9:46:23|Obtiene nrocomp
02/05/2022 9:46:23|nrocomp --> 21660
02/05/2022 9:46:23|Nro. de Comprobante ::: TFB ::: 21660
02/05/2022 9:46:23|Ety.TicketFiscal: 21660
02/05/2022 9:46:54|Comienza Facturacion B
02/05/2022 9:46:54|DatosCliente B
02/05/2022 9:46:56|AbrirComprobanteFiscal B
02/05/2022 9:46:56|Articulo --> huggies supreme care xg 52
02/05/2022 9:46:56|cantidadArt B --> 1
02/05/2022 9:46:56|PrecVear --> 1890
02/05/2022 9:46:56|montoArt --> 1561,98347107438
02/05/2022 9:46:56|ivaArt --> 21
02/05/2022 9:46:57|hasarOCX.ImprimirItem --> OK
02/05/2022 9:46:57|Articulo --> estrella algodon clasico x300
02/05/2022 9:46:57|cantidadArt B --> 1
02/05/2022 9:46:57|PrecVear --> 420
02/05/2022 9:46:57|montoArt --> 347,107438016529
02/05/2022 9:46:57|ivaArt --> 21
02/05/2022 9:46:57|hasarOCX.ImprimirItem --> OK
02/05/2022 9:46:57|Cerrar Comprobante B:::
02/05/2022 9:47:00|Obtiene nrocomp
02/05/2022 9:47:00|nrocomp --> 21661
02/05/2022 9:47:00|Nro. de Comprobante ::: TFB ::: 21661
02/05/2022 9:47:00|Ety.TicketFiscal: 21661
02/05/2022 9:50:08|Comienza Facturacion B
02/05/2022 9:50:08|DatosCliente B
02/05/2022 9:50:12|AbrirComprobanteFiscal B
02/05/2022 9:50:12|Articulo --> babelito chupete nocturno
02/05/2022 9:50:12|cantidadArt B --> 1
02/05/2022 9:50:12|PrecVear --> 840
02/05/2022 9:50:12|montoArt --> 694,214876033058
02/05/2022 9:50:12|ivaArt --> 21
02/05/2022 9:50:12|hasarOCX.ImprimirItem --> OK
02/05/2022 9:50:12|Cerrar Comprobante B:::
02/05/2022 9:50:15|Obtiene nrocomp
02/05/2022 9:50:15|nrocomp --> 21662
02/05/2022 9:50:15|Nro. de Comprobante ::: TFB ::: 21662
02/05/2022 9:50:15|Ety.TicketFiscal: 21662
02/05/2022 9:53:41|Comienza Facturacion B
02/05/2022 9:53:41|DatosCliente B
02/05/2022 9:53:43|AbrirComprobanteFiscal B
02/05/2022 9:53:43|Articulo --> lux jabx125 jazmin
02/05/2022 9:53:43|cantidadArt B --> 6
02/05/2022 9:53:43|PrecVear --> 105
02/05/2022 9:53:43|montoArt --> 86,7768595041322
02/05/2022 9:53:43|ivaArt --> 21
02/05/2022 9:53:44|hasarOCX.ImprimirItem --> OK
02/05/2022 9:53:44|Articulo --> kolynos cr.dentalx180ml fr.intens
02/05/2022 9:53:44|cantidadArt B --> 2
02/05/2022 9:53:44|PrecVear --> 390
02/05/2022 9:53:44|montoArt --> 322,314049586777
02/05/2022 9:53:44|ivaArt --> 21
02/05/2022 9:53:44|hasarOCX.ImprimirItem --> OK
02/05/2022 9:53:44|Articulo --> colgate herbal x140g
02/05/2022 9:53:44|cantidadArt B --> 1
02/05/2022 9:53:44|PrecVear --> 300
02/05/2022 9:53:44|montoArt --> 247,933884297521
02/05/2022 9:53:44|ivaArt --> 21
02/05/2022 9:53:44|hasarOCX.ImprimirItem --> OK
02/05/2022 9:53:44|Articulo --> pro multiple accion 2x1 suave
02/05/2022 9:53:44|cantidadArt B --> 1
02/05/2022 9:53:44|PrecVear --> 290
02/05/2022 9:53:44|montoArt --> 239,669421487603
02/05/2022 9:53:44|ivaArt --> 21
02/05/2022 9:53:45|hasarOCX.ImprimirItem --> OK
02/05/2022 9:53:45|Articulo --> felpita infinity cocina x3 d/h
02/05/2022 9:53:45|cantidadArt B --> 1
02/05/2022 9:53:45|PrecVear --> 340
02/05/2022 9:53:45|montoArt --> 280,99173553719
02/05/2022 9:53:45|ivaArt --> 21
02/05/2022 9:53:45|hasarOCX.ImprimirItem --> OK
02/05/2022 9:53:45|Articulo --> shampoo 1007 x800ml % Dto: 20
02/05/2022 9:53:45|cantidadArt B --> 1
02/05/2022 9:53:45|PrecVear --> 1422
02/05/2022 9:53:45|montoArt --> 1175,20661157025
02/05/2022 9:53:45|ivaArt --> 21
02/05/2022 9:53:45|hasarOCX.ImprimirItem --> OK
02/05/2022 9:53:45|Articulo --> higienol max 80m panal
02/05/2022 9:53:45|cantidadArt B --> 1
02/05/2022 9:53:45|PrecVear --> 370
02/05/2022 9:53:45|montoArt --> 305,785123966942
02/05/2022 9:53:45|ivaArt --> 21
02/05/2022 9:53:46|hasarOCX.ImprimirItem --> OK
02/05/2022 9:53:46|Articulo --> rexona aero apx90 hombre
02/05/2022 9:53:46|cantidadArt B --> 3
02/05/2022 9:53:46|PrecVear --> 260
02/05/2022 9:53:46|montoArt --> 214,876033057851
02/05/2022 9:53:46|ivaArt --> 21
02/05/2022 9:53:46|hasarOCX.ImprimirItem --> OK
02/05/2022 9:53:46|Cerrar Comprobante B:::
02/05/2022 9:53:49|Obtiene nrocomp
02/05/2022 9:53:49|nrocomp --> 21663
02/05/2022 9:53:49|Nro. de Comprobante ::: TFB ::: 21663
02/05/2022 9:53:49|Ety.TicketFiscal: 21663
02/05/2022 10:04:45|Comienza Facturacion B
02/05/2022 10:04:46|DatosCliente B
02/05/2022 10:04:48|AbrirComprobanteFiscal B
02/05/2022 10:04:48|Articulo --> el coloso esp.acero inoxi. x1
02/05/2022 10:04:48|cantidadArt B --> 1
02/05/2022 10:04:48|PrecVear --> 60
02/05/2022 10:04:48|montoArt --> 49,5867768595041
02/05/2022 10:04:48|ivaArt --> 21
02/05/2022 10:04:49|hasarOCX.ImprimirItem --> OK
02/05/2022 10:04:49|Articulo --> q soft toall. hum. aloe y vit. x50 u.
02/05/2022 10:04:49|cantidadArt B --> 1
02/05/2022 10:04:49|PrecVear --> 190
02/05/2022 10:04:49|montoArt --> 157,02479338843
02/05/2022 10:04:49|ivaArt --> 21
02/05/2022 10:04:49|hasarOCX.ImprimirItem --> OK
02/05/2022 10:04:49|Articulo --> calipso toalla plana
02/05/2022 10:04:49|cantidadArt B --> 2
02/05/2022 10:04:49|PrecVear --> 75
02/05/2022 10:04:49|montoArt --> 61,9834710743802
02/05/2022 10:04:49|ivaArt --> 21
02/05/2022 10:04:49|hasarOCX.ImprimirItem --> OK
02/05/2022 10:04:49|Articulo --> saphirus mini concentrado'verbena
02/05/2022 10:04:49|cantidadArt B --> 1
02/05/2022 10:04:49|PrecVear --> 190
02/05/2022 10:04:49|montoArt --> 157,02479338843
02/05/2022 10:04:49|ivaArt --> 21
02/05/2022 10:04:50|hasarOCX.ImprimirItem --> OK
02/05/2022 10:04:50|Articulo --> saphirus sahumerios
02/05/2022 10:04:50|cantidadArt B --> 1
02/05/2022 10:04:50|PrecVear --> 190
02/05/2022 10:04:50|montoArt --> 157,02479338843
02/05/2022 10:04:50|ivaArt --> 21
02/05/2022 10:04:50|hasarOCX.ImprimirItem --> OK
02/05/2022 10:04:50|Articulo --> saphirus difusores de ambiente verbena
02/05/2022 10:04:50|cantidadArt B --> 1
02/05/2022 10:04:50|PrecVear --> 360
02/05/2022 10:04:50|montoArt --> 297,520661157025
02/05/2022 10:04:50|ivaArt --> 21
02/05/2022 10:04:50|hasarOCX.ImprimirItem --> OK
02/05/2022 10:04:50|Cerrar Comprobante B:::
02/05/2022 10:04:53|Obtiene nrocomp
02/05/2022 10:04:54|nrocomp --> 21664
02/05/2022 10:04:54|Nro. de Comprobante ::: TFB ::: 21664
02/05/2022 10:04:54|Ety.TicketFiscal: 21664
02/05/2022 10:15:06|Comienza Facturacion B
02/05/2022 10:15:06|DatosCliente B
02/05/2022 10:15:08|AbrirComprobanteFiscal B
02/05/2022 10:15:08|Articulo --> varios
02/05/2022 10:15:08|cantidadArt B --> 1
02/05/2022 10:15:08|PrecVear --> 3710
02/05/2022 10:15:08|montoArt --> 3066,11570247934
02/05/2022 10:15:08|ivaArt --> 21
02/05/2022 10:15:09|hasarOCX.ImprimirItem --> OK
02/05/2022 10:15:09|Cerrar Comprobante B:::
02/05/2022 10:15:12|Obtiene nrocomp
02/05/2022 10:15:12|nrocomp --> 21665
02/05/2022 10:15:12|Nro. de Comprobante ::: TFB ::: 21665
02/05/2022 10:15:12|Ety.TicketFiscal: 21665
02/05/2022 10:21:41|Comienza Facturacion B
02/05/2022 10:21:41|DatosCliente B
02/05/2022 10:21:44|AbrirComprobanteFiscal B
02/05/2022 10:21:44|Articulo --> varios
02/05/2022 10:21:44|cantidadArt B --> 1
02/05/2022 10:21:44|PrecVear --> 330
02/05/2022 10:21:44|montoArt --> 272,727272727273
02/05/2022 10:21:44|ivaArt --> 21
02/05/2022 10:21:44|hasarOCX.ImprimirItem --> OK
02/05/2022 10:21:44|Articulo --> algabo quitaesmalte 100 ml profesional xtreme
02/05/2022 10:21:44|cantidadArt B --> 1
02/05/2022 10:21:44|PrecVear --> 160
02/05/2022 10:21:44|montoArt --> 132,231404958678
02/05/2022 10:21:44|ivaArt --> 21
02/05/2022 10:21:44|hasarOCX.ImprimirItem --> OK
02/05/2022 10:21:44|Articulo --> champu anti amarillo x1 sobre % Dto: 20
02/05/2022 10:21:44|cantidadArt B --> 2
02/05/2022 10:21:44|PrecVear --> 72
02/05/2022 10:21:44|montoArt --> 59,504132231405
02/05/2022 10:21:44|ivaArt --> 21
02/05/2022 10:21:45|hasarOCX.ImprimirItem --> OK
02/05/2022 10:21:45|Cerrar Comprobante B:::
02/05/2022 10:21:48|Obtiene nrocomp
02/05/2022 10:21:48|nrocomp --> 21666
02/05/2022 10:21:48|Nro. de Comprobante ::: TFB ::: 21666
02/05/2022 10:21:48|Ety.TicketFiscal: 21666
02/05/2022 10:24:06|Comienza Facturacion A
02/05/2022 10:24:07|DatosCliente A
02/05/2022 10:24:09|AbrirComprobanteFiscal A
02/05/2022 10:24:09|Articulo --> batuki medias de bebe
02/05/2022 10:24:09|cantidadArt A --> 1
02/05/2022 10:24:09|PrecVear --> 350
02/05/2022 10:24:09|montoArt --> 289,256198347107
02/05/2022 10:24:09|ivaArt --> 21
02/05/2022 10:24:10|hasarOCX.ImprimirItem --> OK
02/05/2022 10:24:10|Articulo --> varios
02/05/2022 10:24:10|cantidadArt A --> 1
02/05/2022 10:24:10|PrecVear --> 1300
02/05/2022 10:24:10|montoArt --> 1074,38016528926
02/05/2022 10:24:10|ivaArt --> 21
02/05/2022 10:24:10|hasarOCX.ImprimirItem --> OK
02/05/2022 10:24:10|Articulo --> querubin suav. x900 ml flores silv.
02/05/2022 10:24:10|cantidadArt A --> 1
02/05/2022 10:24:10|PrecVear --> 230
02/05/2022 10:24:10|montoArt --> 190,082644628099
02/05/2022 10:24:10|ivaArt --> 21
02/05/2022 10:24:10|hasarOCX.ImprimirItem --> OK
02/05/2022 10:24:10|Articulo --> felpita maxirollo x240u dh
02/05/2022 10:24:10|cantidadArt A --> 2
02/05/2022 10:24:10|PrecVear --> 198
02/05/2022 10:24:10|montoArt --> 163,636363636364
02/05/2022 10:24:10|ivaArt --> 21
02/05/2022 10:24:11|hasarOCX.ImprimirItem --> OK
02/05/2022 10:24:11|Articulo --> goodmax x2 rep 3 hojas men
02/05/2022 10:24:11|cantidadArt A --> 1
02/05/2022 10:24:11|PrecVear --> 450
02/05/2022 10:24:11|montoArt --> 371,900826446281
02/05/2022 10:24:11|ivaArt --> 21
02/05/2022 10:24:11|hasarOCX.ImprimirItem --> OK
02/05/2022 10:24:11|comienza imprimir sutotal: 
02/05/2022 10:24:11|Cerrar Comprobante A:::
02/05/2022 10:24:13|Obtiene nrocomp
02/05/2022 10:24:14|nrocomp --> 265
02/05/2022 10:24:14|Nro. de Comprobante ::: TFA ::: 265
02/05/2022 10:24:14|Ety.TicketFiscal: 265
02/05/2022 10:30:12|Comienza Facturacion B
02/05/2022 10:30:13|DatosCliente B
02/05/2022 10:30:15|AbrirComprobanteFiscal B
02/05/2022 10:30:15|Articulo --> el coloso lustra mueble
02/05/2022 10:30:15|cantidadArt B --> 1
02/05/2022 10:30:15|PrecVear --> 225
02/05/2022 10:30:15|montoArt --> 185,950413223141
02/05/2022 10:30:15|ivaArt --> 21
02/05/2022 10:30:16|hasarOCX.ImprimirItem --> OK
02/05/2022 10:30:16|Articulo --> felpita maxirollo x240u dh
02/05/2022 10:30:16|cantidadArt B --> 1
02/05/2022 10:30:16|PrecVear --> 198
02/05/2022 10:30:16|montoArt --> 163,636363636364
02/05/2022 10:30:16|ivaArt --> 21
02/05/2022 10:30:16|hasarOCX.ImprimirItem --> OK
02/05/2022 10:30:16|Articulo --> dove rollonx50 ap inv.care
02/05/2022 10:30:16|cantidadArt B --> 1
02/05/2022 10:30:16|PrecVear --> 320
02/05/2022 10:30:16|montoArt --> 264,462809917355
02/05/2022 10:30:16|ivaArt --> 21
02/05/2022 10:30:16|hasarOCX.ImprimirItem --> OK
02/05/2022 10:30:16|Articulo --> lux jabx125 jazmin
02/05/2022 10:30:16|cantidadArt B --> 2
02/05/2022 10:30:16|PrecVear --> 105
02/05/2022 10:30:16|montoArt --> 86,7768595041322
02/05/2022 10:30:16|ivaArt --> 21
02/05/2022 10:30:17|hasarOCX.ImprimirItem --> OK
02/05/2022 10:30:17|Articulo --> vanish lavarropas x400 ml dp
02/05/2022 10:30:17|cantidadArt B --> 1
02/05/2022 10:30:17|PrecVear --> 180
02/05/2022 10:30:17|montoArt --> 148,760330578512
02/05/2022 10:30:17|ivaArt --> 21
02/05/2022 10:30:17|hasarOCX.ImprimirItem --> OK
02/05/2022 10:30:17|Articulo --> colgate luminous x140g
02/05/2022 10:30:17|cantidadArt B --> 1
02/05/2022 10:30:17|PrecVear --> 520
02/05/2022 10:30:17|montoArt --> 429,752066115703
02/05/2022 10:30:17|ivaArt --> 21
02/05/2022 10:30:17|hasarOCX.ImprimirItem --> OK
02/05/2022 10:30:17|Articulo --> ala para diluir x500ml
02/05/2022 10:30:17|cantidadArt B --> 2
02/05/2022 10:30:17|PrecVear --> 720
02/05/2022 10:30:17|montoArt --> 595,04132231405
02/05/2022 10:30:17|ivaArt --> 21
02/05/2022 10:30:18|hasarOCX.ImprimirItem --> OK
02/05/2022 10:30:18|Cerrar Comprobante B:::
02/05/2022 10:30:21|Obtiene nrocomp
02/05/2022 10:30:21|nrocomp --> 21667
02/05/2022 10:30:21|Nro. de Comprobante ::: TFB ::: 21667
02/05/2022 10:30:21|Ety.TicketFiscal: 21667
02/05/2022 10:33:28|Comienza Facturacion B
02/05/2022 10:33:28|DatosCliente B
02/05/2022 10:33:31|AbrirComprobanteFiscal B
02/05/2022 10:33:31|Articulo --> varios
02/05/2022 10:33:31|cantidadArt B --> 1
02/05/2022 10:33:31|PrecVear --> 250
02/05/2022 10:33:31|montoArt --> 206,611570247934
02/05/2022 10:33:31|ivaArt --> 21
02/05/2022 10:33:31|hasarOCX.ImprimirItem --> OK
02/05/2022 10:33:31|Articulo --> head & shoulders x200
02/05/2022 10:33:31|cantidadArt B --> 1
02/05/2022 10:33:31|PrecVear --> 360
02/05/2022 10:33:31|montoArt --> 297,520661157025
02/05/2022 10:33:31|ivaArt --> 21
02/05/2022 10:33:32|hasarOCX.ImprimirItem --> OK
02/05/2022 10:33:32|Articulo --> ala camellito d.pack x120ml
02/05/2022 10:33:32|cantidadArt B --> 1
02/05/2022 10:33:32|PrecVear --> 78
02/05/2022 10:33:32|montoArt --> 64,4628099173554
02/05/2022 10:33:32|ivaArt --> 21
02/05/2022 10:33:32|hasarOCX.ImprimirItem --> OK
02/05/2022 10:33:32|Articulo --> raid tabletasx24 dob.accion
02/05/2022 10:33:32|cantidadArt B --> 1
02/05/2022 10:33:32|PrecVear --> 260
02/05/2022 10:33:32|montoArt --> 214,876033057851
02/05/2022 10:33:32|ivaArt --> 21
02/05/2022 10:33:32|hasarOCX.ImprimirItem --> OK
02/05/2022 10:33:32|Articulo --> cif vidriosx450 dp
02/05/2022 10:33:32|cantidadArt B --> 1
02/05/2022 10:33:32|PrecVear --> 130
02/05/2022 10:33:32|montoArt --> 107,438016528926
02/05/2022 10:33:32|ivaArt --> 21
02/05/2022 10:33:33|hasarOCX.ImprimirItem --> OK
02/05/2022 10:33:33|Articulo --> pantene x200ml
02/05/2022 10:33:33|cantidadArt B --> 1
02/05/2022 10:33:33|PrecVear --> 390
02/05/2022 10:33:33|montoArt --> 322,314049586777
02/05/2022 10:33:33|ivaArt --> 21
02/05/2022 10:33:33|hasarOCX.ImprimirItem --> OK
02/05/2022 10:33:33|Articulo --> cabo de madera
02/05/2022 10:33:33|cantidadArt B --> 1
02/05/2022 10:33:33|PrecVear --> 140
02/05/2022 10:33:33|montoArt --> 115,702479338843
02/05/2022 10:33:33|ivaArt --> 21
02/05/2022 10:33:34|hasarOCX.ImprimirItem --> OK
02/05/2022 10:33:34|Cerrar Comprobante B:::
02/05/2022 10:33:37|Obtiene nrocomp
02/05/2022 10:33:37|nrocomp --> 21668
02/05/2022 10:33:37|Nro. de Comprobante ::: TFB ::: 21668
02/05/2022 10:33:37|Ety.TicketFiscal: 21668
02/05/2022 10:46:54|Comienza Facturacion B
02/05/2022 10:46:55|DatosCliente B
02/05/2022 10:46:57|AbrirComprobanteFiscal B
02/05/2022 10:46:57|Articulo --> varios
02/05/2022 10:46:57|cantidadArt B --> 1
02/05/2022 10:46:57|PrecVear --> 2680
02/05/2022 10:46:57|montoArt --> 2214,87603305785
02/05/2022 10:46:57|ivaArt --> 21
02/05/2022 10:46:58|hasarOCX.ImprimirItem --> OK
02/05/2022 10:46:58|Cerrar Comprobante B:::
02/05/2022 10:47:01|Obtiene nrocomp
02/05/2022 10:47:01|nrocomp --> 21669
02/05/2022 10:47:01|Nro. de Comprobante ::: TFB ::: 21669
02/05/2022 10:47:01|Ety.TicketFiscal: 21669
02/05/2022 10:54:41|Comienza Facturacion B
02/05/2022 10:54:41|DatosCliente B
02/05/2022 10:54:43|AbrirComprobanteFiscal B
02/05/2022 10:54:43|Articulo --> higienol max 80m panal
02/05/2022 10:54:43|cantidadArt B --> 1
02/05/2022 10:54:43|PrecVear --> 370
02/05/2022 10:54:43|montoArt --> 305,785123966942
02/05/2022 10:54:43|ivaArt --> 21
02/05/2022 10:54:44|hasarOCX.ImprimirItem --> OK
02/05/2022 10:54:44|Articulo --> lina toalla incontinencia x8u
02/05/2022 10:54:44|cantidadArt B --> 2
02/05/2022 10:54:44|PrecVear --> 140
02/05/2022 10:54:44|montoArt --> 115,702479338843
02/05/2022 10:54:44|ivaArt --> 21
02/05/2022 10:54:44|hasarOCX.ImprimirItem --> OK
02/05/2022 10:54:44|Articulo --> procenex limpx900 original -8375
02/05/2022 10:54:44|cantidadArt B --> 1
02/05/2022 10:54:44|PrecVear --> 150
02/05/2022 10:54:44|montoArt --> 123,96694214876
02/05/2022 10:54:44|ivaArt --> 21
02/05/2022 10:54:44|hasarOCX.ImprimirItem --> OK
02/05/2022 10:54:44|Articulo --> pino luz limp x900ml aceit.pino
02/05/2022 10:54:44|cantidadArt B --> 1
02/05/2022 10:54:44|PrecVear --> 150
02/05/2022 10:54:44|montoArt --> 123,96694214876
02/05/2022 10:54:44|ivaArt --> 21
02/05/2022 10:54:45|hasarOCX.ImprimirItem --> OK
02/05/2022 10:54:45|Articulo --> bolsas residuos 50*70
02/05/2022 10:54:45|cantidadArt B --> 1
02/05/2022 10:54:45|PrecVear --> 120
02/05/2022 10:54:45|montoArt --> 99,1735537190083
02/05/2022 10:54:45|ivaArt --> 21
02/05/2022 10:54:45|hasarOCX.ImprimirItem --> OK
02/05/2022 10:54:45|Cerrar Comprobante B:::
02/05/2022 10:54:48|Obtiene nrocomp
02/05/2022 10:54:48|nrocomp --> 21670
02/05/2022 10:54:48|Nro. de Comprobante ::: TFB ::: 21670
02/05/2022 10:54:48|Ety.TicketFiscal: 21670
02/05/2022 11:06:38|Comienza Facturacion B
02/05/2022 11:06:38|DatosCliente B
02/05/2022 11:06:40|AbrirComprobanteFiscal B
02/05/2022 11:06:40|Articulo --> skip liq x400 ml dp
02/05/2022 11:06:40|cantidadArt B --> 1
02/05/2022 11:06:40|PrecVear --> 160
02/05/2022 11:06:40|montoArt --> 132,231404958678
02/05/2022 11:06:40|ivaArt --> 21
02/05/2022 11:06:41|hasarOCX.ImprimirItem --> OK
02/05/2022 11:06:41|Articulo --> bolsas de residuos 45*60
02/05/2022 11:06:41|cantidadArt B --> 1
02/05/2022 11:06:41|PrecVear --> 90
02/05/2022 11:06:41|montoArt --> 74,3801652892562
02/05/2022 11:06:41|ivaArt --> 21
02/05/2022 11:06:41|hasarOCX.ImprimirItem --> OK
02/05/2022 11:06:41|Articulo --> bolsas de residuos 80*110
02/05/2022 11:06:41|cantidadArt B --> 1
02/05/2022 11:06:41|PrecVear --> 370
02/05/2022 11:06:41|montoArt --> 305,785123966942
02/05/2022 11:06:41|ivaArt --> 21
02/05/2022 11:06:41|hasarOCX.ImprimirItem --> OK
02/05/2022 11:06:41|Articulo --> bolsas residuos 50*70
02/05/2022 11:06:41|cantidadArt B --> 1
02/05/2022 11:06:41|PrecVear --> 120
02/05/2022 11:06:41|montoArt --> 99,1735537190083
02/05/2022 11:06:41|ivaArt --> 21
02/05/2022 11:06:42|hasarOCX.ImprimirItem --> OK
02/05/2022 11:06:42|Articulo --> ala polvo x800 mañana de sol
02/05/2022 11:06:42|cantidadArt B --> 1
02/05/2022 11:06:42|PrecVear --> 260
02/05/2022 11:06:42|montoArt --> 214,876033057851
02/05/2022 11:06:42|ivaArt --> 21
02/05/2022 11:06:42|hasarOCX.ImprimirItem --> OK
02/05/2022 11:06:42|Articulo --> veritas jab.glicx120 menta euc.
02/05/2022 11:06:42|cantidadArt B --> 3
02/05/2022 11:06:42|PrecVear --> 115
02/05/2022 11:06:42|montoArt --> 95,0413223140496
02/05/2022 11:06:42|ivaArt --> 21
02/05/2022 11:06:43|hasarOCX.ImprimirItem --> OK
02/05/2022 11:06:43|Articulo --> ayudin toallitas desinfectantes
02/05/2022 11:06:43|cantidadArt B --> 1
02/05/2022 11:06:43|PrecVear --> 460
02/05/2022 11:06:43|montoArt --> 380,165289256198
02/05/2022 11:06:43|ivaArt --> 21
02/05/2022 11:06:43|hasarOCX.ImprimirItem --> OK
02/05/2022 11:06:43|Cerrar Comprobante B:::
02/05/2022 11:06:46|Obtiene nrocomp
02/05/2022 11:06:46|nrocomp --> 21671
02/05/2022 11:06:46|Nro. de Comprobante ::: TFB ::: 21671
02/05/2022 11:06:46|Ety.TicketFiscal: 21671
02/05/2022 11:08:04|cerrando pantalla venta
02/05/2022 11:08:11|Conectando..
02/05/2022 11:08:11|IP: 127.0.0.1 - Puerto: 6500
02/05/2022 11:08:12|Conectado con éxito!!
02/05/2022 11:08:48|cerrando pantalla venta
02/05/2022 11:08:51|Conectando..
02/05/2022 11:08:51|IP: 127.0.0.1 - Puerto: 6500
02/05/2022 11:08:52|Conectado con éxito!!
02/05/2022 11:12:12|cerrando pantalla venta
02/05/2022 11:14:32|Conectando..
02/05/2022 11:14:32|IP: 127.0.0.1 - Puerto: 6500
02/05/2022 11:14:33|Conectado con éxito!!
02/05/2022 11:20:26|Comienza Facturacion B
02/05/2022 11:20:26|DatosCliente B
02/05/2022 11:20:29|AbrirComprobanteFiscal B
02/05/2022 11:20:29|Articulo --> sussex rollo cocx3 clas
02/05/2022 11:20:29|cantidadArt B --> 1
02/05/2022 11:20:29|PrecVear --> 155
02/05/2022 11:20:29|montoArt --> 128,099173553719
02/05/2022 11:20:29|ivaArt --> 21
02/05/2022 11:20:29|hasarOCX.ImprimirItem --> OK
02/05/2022 11:20:29|Articulo --> rejilla pabilo la porteña 38x40
02/05/2022 11:20:29|cantidadArt B --> 1
02/05/2022 11:20:29|PrecVear --> 60
02/05/2022 11:20:29|montoArt --> 49,5867768595041
02/05/2022 11:20:29|ivaArt --> 21
02/05/2022 11:20:30|hasarOCX.ImprimirItem --> OK
02/05/2022 11:20:30|Articulo --> el coloso det.pvox800 reg.blanq.
02/05/2022 11:20:30|cantidadArt B --> 2
02/05/2022 11:20:30|PrecVear --> 170
02/05/2022 11:20:30|montoArt --> 140,495867768595
02/05/2022 11:20:30|ivaArt --> 21
02/05/2022 11:20:30|hasarOCX.ImprimirItem --> OK
02/05/2022 11:20:30|Cerrar Comprobante B:::
02/05/2022 11:20:33|Obtiene nrocomp
02/05/2022 11:20:33|nrocomp --> 21672
02/05/2022 11:20:33|Nro. de Comprobante ::: TFB ::: 21672
02/05/2022 11:20:33|Ety.TicketFiscal: 21672
02/05/2022 11:40:59|cerrando pantalla venta
02/05/2022 11:41:17|Conectando..
02/05/2022 11:41:17|IP: 127.0.0.1 - Puerto: 6500
02/05/2022 11:41:17|Conectado con éxito!!
02/05/2022 11:52:25|Comienza Facturacion B
02/05/2022 11:52:25|DatosCliente B
02/05/2022 11:52:29|AbrirComprobanteFiscal B
02/05/2022 11:52:29|Articulo --> skala baño de crema x1 kg
02/05/2022 11:52:29|cantidadArt B --> 1
02/05/2022 11:52:29|PrecVear --> 780
02/05/2022 11:52:29|montoArt --> 644,628099173554
02/05/2022 11:52:29|ivaArt --> 21
02/05/2022 11:52:29|hasarOCX.ImprimirItem --> OK
02/05/2022 11:52:29|Cerrar Comprobante B:::
02/05/2022 11:52:32|Obtiene nrocomp
02/05/2022 11:52:32|nrocomp --> 21673
02/05/2022 11:52:32|Nro. de Comprobante ::: TFB ::: 21673
02/05/2022 11:52:32|Ety.TicketFiscal: 21673
02/05/2022 11:56:15|Comienza Facturacion B
02/05/2022 11:56:15|DatosCliente B
02/05/2022 11:56:17|AbrirComprobanteFiscal B
02/05/2022 11:56:17|Articulo --> mary bosques 60 segundos % Dto: 20
02/05/2022 11:56:17|cantidadArt B --> 1
02/05/2022 11:56:17|PrecVear --> 68
02/05/2022 11:56:17|montoArt --> 56,198347107438
02/05/2022 11:56:17|ivaArt --> 21
02/05/2022 11:56:18|hasarOCX.ImprimirItem --> OK
02/05/2022 11:56:18|Articulo --> mary bosques shock acido % Dto: 20
02/05/2022 11:56:18|cantidadArt B --> 1
02/05/2022 11:56:18|PrecVear --> 72
02/05/2022 11:56:18|montoArt --> 59,504132231405
02/05/2022 11:56:18|ivaArt --> 21
02/05/2022 11:56:18|hasarOCX.ImprimirItem --> OK
02/05/2022 11:56:18|Articulo --> mary bosques lifting x20g % Dto: 20
02/05/2022 11:56:18|cantidadArt B --> 1
02/05/2022 11:56:18|PrecVear --> 76
02/05/2022 11:56:18|montoArt --> 62,8099173553719
02/05/2022 11:56:18|ivaArt --> 21
02/05/2022 11:56:18|hasarOCX.ImprimirItem --> OK
02/05/2022 11:56:18|Articulo --> woolitex450 d.pack bebe maquin3102
02/05/2022 11:56:18|cantidadArt B --> 1
02/05/2022 11:56:18|PrecVear --> 260
02/05/2022 11:56:18|montoArt --> 214,876033057851
02/05/2022 11:56:18|ivaArt --> 21
02/05/2022 11:56:19|hasarOCX.ImprimirItem --> OK
02/05/2022 11:56:19|Articulo --> el coloso esponja fibra multisuos
02/05/2022 11:56:19|cantidadArt B --> 1
02/05/2022 11:56:19|PrecVear --> 110
02/05/2022 11:56:19|montoArt --> 90,9090909090909
02/05/2022 11:56:19|ivaArt --> 21
02/05/2022 11:56:19|hasarOCX.ImprimirItem --> OK
02/05/2022 11:56:19|Articulo --> ayudin canasta de inodoro
02/05/2022 11:56:19|cantidadArt B --> 1
02/05/2022 11:56:19|PrecVear --> 180
02/05/2022 11:56:19|montoArt --> 148,760330578512
02/05/2022 11:56:19|ivaArt --> 21
02/05/2022 11:56:20|hasarOCX.ImprimirItem --> OK
02/05/2022 11:56:20|Articulo --> ayudin lav.x2l original
02/05/2022 11:56:20|cantidadArt B --> 1
02/05/2022 11:56:20|PrecVear --> 185
02/05/2022 11:56:20|montoArt --> 152,892561983471
02/05/2022 11:56:20|ivaArt --> 21
02/05/2022 11:56:20|hasarOCX.ImprimirItem --> OK
02/05/2022 11:56:20|Articulo --> dove jabon liquido dp original
02/05/2022 11:56:20|cantidadArt B --> 1
02/05/2022 11:56:20|PrecVear --> 260
02/05/2022 11:56:20|montoArt --> 214,876033057851
02/05/2022 11:56:20|ivaArt --> 21
02/05/2022 11:56:20|hasarOCX.ImprimirItem --> OK
02/05/2022 11:56:20|Articulo --> raid mmmx360 s/olor
02/05/2022 11:56:20|cantidadArt B --> 1
02/05/2022 11:56:20|PrecVear --> 350
02/05/2022 11:56:20|montoArt --> 289,256198347107
02/05/2022 11:56:20|ivaArt --> 21
02/05/2022 11:56:21|hasarOCX.ImprimirItem --> OK
02/05/2022 11:56:21|Articulo --> poett desinfectante
02/05/2022 11:56:21|cantidadArt B --> 1
02/05/2022 11:56:21|PrecVear --> 110
02/05/2022 11:56:21|montoArt --> 90,9090909090909
02/05/2022 11:56:21|ivaArt --> 21
02/05/2022 11:56:21|hasarOCX.ImprimirItem --> OK
02/05/2022 11:56:21|Articulo --> ala liquido 3 l dp
02/05/2022 11:56:21|cantidadArt B --> 1
02/05/2022 11:56:21|PrecVear --> 690
02/05/2022 11:56:21|montoArt --> 570,247933884297
02/05/2022 11:56:21|ivaArt --> 21
02/05/2022 11:56:21|hasarOCX.ImprimirItem --> OK
02/05/2022 11:56:21|Articulo --> elvive shx400 dream long
02/05/2022 11:56:21|cantidadArt B --> 2
02/05/2022 11:56:21|PrecVear --> 630
02/05/2022 11:56:21|montoArt --> 520,661157024793
02/05/2022 11:56:21|ivaArt --> 21
02/05/2022 11:56:22|hasarOCX.ImprimirItem --> OK
02/05/2022 11:56:22|Articulo --> doncella protector mam. x24u
02/05/2022 11:56:22|cantidadArt B --> 1
02/05/2022 11:56:22|PrecVear --> 280
02/05/2022 11:56:22|montoArt --> 231,404958677686
02/05/2022 11:56:22|ivaArt --> 21
02/05/2022 11:56:22|hasarOCX.ImprimirItem --> OK
02/05/2022 11:56:22|Cerrar Comprobante B:::
02/05/2022 11:56:25|Obtiene nrocomp
02/05/2022 11:56:25|nrocomp --> 21674
02/05/2022 11:56:25|Nro. de Comprobante ::: TFB ::: 21674
02/05/2022 11:56:25|Ety.TicketFiscal: 21674
02/05/2022 12:04:29|Comienza Facturacion B
02/05/2022 12:04:30|DatosCliente B
02/05/2022 12:04:32|AbrirComprobanteFiscal B
02/05/2022 12:04:32|Articulo --> romyl pala con cabo
02/05/2022 12:04:32|cantidadArt B --> 1
02/05/2022 12:04:32|PrecVear --> 510
02/05/2022 12:04:32|montoArt --> 421,487603305785
02/05/2022 12:04:32|ivaArt --> 21
02/05/2022 12:04:32|hasarOCX.ImprimirItem --> OK
02/05/2022 12:04:32|Cerrar Comprobante B:::
02/05/2022 12:04:35|Obtiene nrocomp
02/05/2022 12:04:36|nrocomp --> 21675
02/05/2022 12:04:36|Nro. de Comprobante ::: TFB ::: 21675
02/05/2022 12:04:36|Ety.TicketFiscal: 21675
02/05/2022 12:14:16|Comienza Facturacion B
02/05/2022 12:14:16|DatosCliente B
02/05/2022 12:14:19|AbrirComprobanteFiscal B
02/05/2022 12:14:19|Articulo --> nutrisse reno 61 centeno -67402
02/05/2022 12:14:19|cantidadArt B --> 1
02/05/2022 12:14:19|PrecVear --> 840
02/05/2022 12:14:19|montoArt --> 694,214876033058
02/05/2022 12:14:19|ivaArt --> 21
02/05/2022 12:14:20|hasarOCX.ImprimirItem --> OK
02/05/2022 12:14:20|Articulo --> varios
02/05/2022 12:14:20|cantidadArt B --> 1
02/05/2022 12:14:20|PrecVear --> 290
02/05/2022 12:14:20|montoArt --> 239,669421487603
02/05/2022 12:14:20|ivaArt --> 21
02/05/2022 12:14:20|hasarOCX.ImprimirItem --> OK
02/05/2022 12:14:20|Cerrar Comprobante B:::
02/05/2022 12:14:23|Obtiene nrocomp
02/05/2022 12:14:23|nrocomp --> 21676
02/05/2022 12:14:23|Nro. de Comprobante ::: TFB ::: 21676
02/05/2022 12:14:23|Ety.TicketFiscal: 21676
02/05/2022 12:33:50|cerrando pantalla venta
02/05/2022 16:31:03|Conectando..
02/05/2022 16:31:03|IP: 127.0.0.1 - Puerto: 6500
02/05/2022 16:31:04|Conectado con éxito!!
02/05/2022 16:34:33|Comienza Facturacion B
02/05/2022 16:34:34|DatosCliente B
02/05/2022 16:34:36|AbrirComprobanteFiscal B
02/05/2022 16:34:36|Articulo --> ariel liqx800 d.pack
02/05/2022 16:34:36|cantidadArt B --> 2
02/05/2022 16:34:36|PrecVear --> 320
02/05/2022 16:34:36|montoArt --> 264,462809917355
02/05/2022 16:34:36|ivaArt --> 21
02/05/2022 16:34:37|hasarOCX.ImprimirItem --> OK
02/05/2022 16:34:37|Cerrar Comprobante B:::
02/05/2022 16:34:40|Obtiene nrocomp
02/05/2022 16:34:40|nrocomp --> 21677
02/05/2022 16:34:40|Nro. de Comprobante ::: TFB ::: 21677
02/05/2022 16:34:40|Ety.TicketFiscal: 21677
02/05/2022 16:35:32|Comienza Facturacion B
02/05/2022 16:35:33|DatosCliente B
02/05/2022 16:35:35|AbrirComprobanteFiscal B
02/05/2022 16:35:35|Articulo --> babysec premium jumbo g x60
02/05/2022 16:35:35|cantidadArt B --> 1
02/05/2022 16:35:35|PrecVear --> 1990
02/05/2022 16:35:35|montoArt --> 1644,62809917355
02/05/2022 16:35:35|ivaArt --> 21
02/05/2022 16:35:35|hasarOCX.ImprimirItem --> OK
02/05/2022 16:35:35|Articulo --> tresemme chx400 infs keratina-7015
02/05/2022 16:35:35|cantidadArt B --> 1
02/05/2022 16:35:35|PrecVear --> 420
02/05/2022 16:35:35|montoArt --> 347,107438016529
02/05/2022 16:35:35|ivaArt --> 21
02/05/2022 16:35:36|hasarOCX.ImprimirItem --> OK
02/05/2022 16:35:36|Articulo --> tresemme acondx400 tresplex
02/05/2022 16:35:36|cantidadArt B --> 1
02/05/2022 16:35:36|PrecVear --> 420
02/05/2022 16:35:36|montoArt --> 347,107438016529
02/05/2022 16:35:36|ivaArt --> 21
02/05/2022 16:35:36|hasarOCX.ImprimirItem --> OK
02/05/2022 16:35:36|Cerrar Comprobante B:::
02/05/2022 16:35:39|Obtiene nrocomp
02/05/2022 16:35:39|nrocomp --> 21678
02/05/2022 16:35:39|Nro. de Comprobante ::: TFB ::: 21678
02/05/2022 16:35:39|Ety.TicketFiscal: 21678
02/05/2022 16:44:48|Comienza Facturacion B
02/05/2022 16:44:48|DatosCliente B
02/05/2022 16:44:51|AbrirComprobanteFiscal B
02/05/2022 16:44:51|Articulo --> plsubelle sh y ac x1000ml
02/05/2022 16:44:51|cantidadArt B --> 1
02/05/2022 16:44:51|PrecVear --> 270
02/05/2022 16:44:51|montoArt --> 223,140495867769
02/05/2022 16:44:51|ivaArt --> 21
02/05/2022 16:44:51|hasarOCX.ImprimirItem --> OK
02/05/2022 16:44:51|Articulo --> plsubelle sh y ac x1000ml
02/05/2022 16:44:51|cantidadArt B --> 1
02/05/2022 16:44:51|PrecVear --> 270
02/05/2022 16:44:51|montoArt --> 223,140495867769
02/05/2022 16:44:51|ivaArt --> 21
02/05/2022 16:44:51|hasarOCX.ImprimirItem --> OK
02/05/2022 16:44:51|Articulo --> biferdil champu jojoba x200 ml % Dto: 20
02/05/2022 16:44:51|cantidadArt B --> 2
02/05/2022 16:44:51|PrecVear --> 591
02/05/2022 16:44:51|montoArt --> 488,429752066116
02/05/2022 16:44:51|ivaArt --> 21
02/05/2022 16:44:52|hasarOCX.ImprimirItem --> OK
02/05/2022 16:44:52|Articulo --> gillette foamyx175 piel sens
02/05/2022 16:44:52|cantidadArt B --> 1
02/05/2022 16:44:52|PrecVear --> 350
02/05/2022 16:44:52|montoArt --> 289,256198347107
02/05/2022 16:44:52|ivaArt --> 21
02/05/2022 16:44:52|hasarOCX.ImprimirItem --> OK
02/05/2022 16:44:52|Articulo --> mary bosques oleo keratina y argan % Dto: 20
02/05/2022 16:44:52|cantidadArt B --> 4
02/05/2022 16:44:52|PrecVear --> 75
02/05/2022 16:44:52|montoArt --> 61,9834710743802
02/05/2022 16:44:52|ivaArt --> 21
02/05/2022 16:44:52|hasarOCX.ImprimirItem --> OK
02/05/2022 16:44:52|Articulo --> mary bosques crema de palta % Dto: 20
02/05/2022 16:44:52|cantidadArt B --> 1
02/05/2022 16:44:52|PrecVear --> 80
02/05/2022 16:44:52|montoArt --> 66,1157024793389
02/05/2022 16:44:52|ivaArt --> 21
02/05/2022 16:44:53|hasarOCX.ImprimirItem --> OK
02/05/2022 16:44:53|Articulo --> mary bosques shock acido % Dto: 20
02/05/2022 16:44:53|cantidadArt B --> 2
02/05/2022 16:44:53|PrecVear --> 72
02/05/2022 16:44:53|montoArt --> 59,504132231405
02/05/2022 16:44:53|ivaArt --> 21
02/05/2022 16:44:53|hasarOCX.ImprimirItem --> OK
02/05/2022 16:44:53|Articulo --> mary bosques keratina express % Dto: 20
02/05/2022 16:44:53|cantidadArt B --> 3
02/05/2022 16:44:53|PrecVear --> 64
02/05/2022 16:44:53|montoArt --> 52,8925619834711
02/05/2022 16:44:53|ivaArt --> 21
02/05/2022 16:44:54|hasarOCX.ImprimirItem --> OK
02/05/2022 16:44:54|Articulo --> mary bosques lifting x20g % Dto: 20
02/05/2022 16:44:54|cantidadArt B --> 3
02/05/2022 16:44:54|PrecVear --> 76
02/05/2022 16:44:54|montoArt --> 62,8099173553719
02/05/2022 16:44:54|ivaArt --> 21
02/05/2022 16:44:54|hasarOCX.ImprimirItem --> OK
02/05/2022 16:44:54|Articulo --> crema de coco sh x20 g % Dto: 20
02/05/2022 16:44:54|cantidadArt B --> 3
02/05/2022 16:44:54|PrecVear --> 80
02/05/2022 16:44:54|montoArt --> 66,1157024793389
02/05/2022 16:44:54|ivaArt --> 21
02/05/2022 16:44:54|hasarOCX.ImprimirItem --> OK
02/05/2022 16:44:54|Articulo --> mary bosques botox % Dto: 20
02/05/2022 16:44:54|cantidadArt B --> 3
02/05/2022 16:44:54|PrecVear --> 64
02/05/2022 16:44:54|montoArt --> 52,8925619834711
02/05/2022 16:44:54|ivaArt --> 21
02/05/2022 16:44:55|hasarOCX.ImprimirItem --> OK
02/05/2022 16:44:55|Articulo --> ayudin lavand.gelx1.5l citrica
02/05/2022 16:44:55|cantidadArt B --> 1
02/05/2022 16:44:55|PrecVear --> 350
02/05/2022 16:44:55|montoArt --> 289,256198347107
02/05/2022 16:44:55|ivaArt --> 21
02/05/2022 16:44:55|hasarOCX.ImprimirItem --> OK
02/05/2022 16:44:55|Articulo --> mary bosques tintura % Dto: 20
02/05/2022 16:44:55|cantidadArt B --> 1
02/05/2022 16:44:55|PrecVear --> 200
02/05/2022 16:44:55|montoArt --> 165,289256198347
02/05/2022 16:44:55|ivaArt --> 21
02/05/2022 16:44:56|hasarOCX.ImprimirItem --> OK
02/05/2022 16:44:56|Articulo --> nopucid locion
02/05/2022 16:44:56|cantidadArt B --> 1
02/05/2022 16:44:56|PrecVear --> 900
02/05/2022 16:44:56|montoArt --> 743,801652892562
02/05/2022 16:44:56|ivaArt --> 21
02/05/2022 16:44:56|hasarOCX.ImprimirItem --> OK
02/05/2022 16:44:56|Cerrar Comprobante B:::
02/05/2022 16:44:59|Obtiene nrocomp
02/05/2022 16:44:59|nrocomp --> 21679
02/05/2022 16:44:59|Nro. de Comprobante ::: TFB ::: 21679
02/05/2022 16:44:59|Ety.TicketFiscal: 21679
02/05/2022 16:50:12|Comienza Facturacion B
02/05/2022 16:50:12|DatosCliente B
02/05/2022 16:50:15|AbrirComprobanteFiscal B
02/05/2022 16:50:15|Articulo --> odol x70g
02/05/2022 16:50:15|cantidadArt B --> 3
02/05/2022 16:50:15|PrecVear --> 98
02/05/2022 16:50:15|montoArt --> 80,9917355371901
02/05/2022 16:50:15|ivaArt --> 21
02/05/2022 16:50:15|hasarOCX.ImprimirItem --> OK
02/05/2022 16:50:15|Articulo --> oral-b clean medio x2 u
02/05/2022 16:50:15|cantidadArt B --> 1
02/05/2022 16:50:15|PrecVear --> 420
02/05/2022 16:50:15|montoArt --> 347,107438016529
02/05/2022 16:50:15|ivaArt --> 21
02/05/2022 16:50:15|hasarOCX.ImprimirItem --> OK
02/05/2022 16:50:15|Articulo --> vim canastx55 poderx5 citrus
02/05/2022 16:50:15|cantidadArt B --> 2
02/05/2022 16:50:15|PrecVear --> 300
02/05/2022 16:50:15|montoArt --> 247,933884297521
02/05/2022 16:50:15|ivaArt --> 21
02/05/2022 16:50:16|hasarOCX.ImprimirItem --> OK
02/05/2022 16:50:16|Cerrar Comprobante B:::
02/05/2022 16:50:19|Obtiene nrocomp
02/05/2022 16:50:19|nrocomp --> 21680
02/05/2022 16:50:19|Nro. de Comprobante ::: TFB ::: 21680
02/05/2022 16:50:19|Ety.TicketFiscal: 21680
02/05/2022 16:59:43|cerrando pantalla venta
02/05/2022 16:59:45|Conectando..
02/05/2022 16:59:45|IP: 127.0.0.1 - Puerto: 6500
02/05/2022 16:59:46|Conectado con éxito!!
02/05/2022 17:02:03|Comienza Facturacion B
02/05/2022 17:02:03|DatosCliente B
02/05/2022 17:02:06|AbrirComprobanteFiscal B
02/05/2022 17:02:06|Articulo --> hinds cr.corp.rosa doblevita x125 ml
02/05/2022 17:02:06|cantidadArt B --> 1
02/05/2022 17:02:06|PrecVear --> 149
02/05/2022 17:02:06|montoArt --> 123,140495867769
02/05/2022 17:02:06|ivaArt --> 21
02/05/2022 17:02:06|hasarOCX.ImprimirItem --> OK
02/05/2022 17:02:06|Articulo --> la porteña rastrillo plastico
02/05/2022 17:02:06|cantidadArt B --> 1
02/05/2022 17:02:06|PrecVear --> 140
02/05/2022 17:02:06|montoArt --> 115,702479338843
02/05/2022 17:02:06|ivaArt --> 21
02/05/2022 17:02:07|hasarOCX.ImprimirItem --> OK
02/05/2022 17:02:07|Articulo --> pampers confort sec xxg54
02/05/2022 17:02:07|cantidadArt B --> 1
02/05/2022 17:02:07|PrecVear --> 2350
02/05/2022 17:02:07|montoArt --> 1942,14876033058
02/05/2022 17:02:07|ivaArt --> 21
02/05/2022 17:02:07|hasarOCX.ImprimirItem --> OK
02/05/2022 17:02:07|Articulo --> varios
02/05/2022 17:02:07|cantidadArt B --> 1
02/05/2022 17:02:07|PrecVear --> 1800
02/05/2022 17:02:07|montoArt --> 1487,60330578512
02/05/2022 17:02:07|ivaArt --> 21
02/05/2022 17:02:07|hasarOCX.ImprimirItem --> OK
02/05/2022 17:02:07|Articulo --> florida bañera 50l con tapon
02/05/2022 17:02:07|cantidadArt B --> 1
02/05/2022 17:02:07|PrecVear --> 1900
02/05/2022 17:02:07|montoArt --> 1570,2479338843
02/05/2022 17:02:07|ivaArt --> 21
02/05/2022 17:02:08|hasarOCX.ImprimirItem --> OK
02/05/2022 17:02:08|Cerrar Comprobante B:::
02/05/2022 17:02:11|Obtiene nrocomp
02/05/2022 17:02:11|nrocomp --> 21681
02/05/2022 17:02:11|Nro. de Comprobante ::: TFB ::: 21681
02/05/2022 17:02:11|Ety.TicketFiscal: 21681
02/05/2022 17:04:30|cerrando pantalla venta
02/05/2022 17:04:38|Conectando..
02/05/2022 17:04:38|IP: 127.0.0.1 - Puerto: 6500
02/05/2022 17:04:39|Conectado con éxito!!
02/05/2022 17:05:12|cerrando pantalla venta
02/05/2022 17:09:47|Conectando..
02/05/2022 17:09:47|IP: 127.0.0.1 - Puerto: 6500
02/05/2022 17:09:48|Conectado con éxito!!
02/05/2022 17:11:39|Comienza Facturacion B
02/05/2022 17:11:39|DatosCliente B
02/05/2022 17:11:42|AbrirComprobanteFiscal B
02/05/2022 17:11:42|Articulo --> mary bosques botox % Dto: 20
02/05/2022 17:11:42|cantidadArt B --> 1
02/05/2022 17:11:42|PrecVear --> 64
02/05/2022 17:11:42|montoArt --> 52,8925619834711
02/05/2022 17:11:42|ivaArt --> 21
02/05/2022 17:11:42|hasarOCX.ImprimirItem --> OK
02/05/2022 17:11:42|Articulo --> gillette  azul x unidad
02/05/2022 17:11:42|cantidadArt B --> 2
02/05/2022 17:11:42|PrecVear --> 140
02/05/2022 17:11:42|montoArt --> 115,702479338843
02/05/2022 17:11:42|ivaArt --> 21
02/05/2022 17:11:42|hasarOCX.ImprimirItem --> OK
02/05/2022 17:11:42|Articulo --> ayudin lavand.gelx450 original
02/05/2022 17:11:42|cantidadArt B --> 1
02/05/2022 17:11:42|PrecVear --> 180
02/05/2022 17:11:42|montoArt --> 148,760330578512
02/05/2022 17:11:42|ivaArt --> 21
02/05/2022 17:11:43|hasarOCX.ImprimirItem --> OK
02/05/2022 17:11:43|Articulo --> felpita para tu flia x4
02/05/2022 17:11:43|cantidadArt B --> 1
02/05/2022 17:11:43|PrecVear --> 160
02/05/2022 17:11:43|montoArt --> 132,231404958678
02/05/2022 17:11:43|ivaArt --> 21
02/05/2022 17:11:43|hasarOCX.ImprimirItem --> OK
02/05/2022 17:11:43|Cerrar Comprobante B:::
02/05/2022 17:11:46|Obtiene nrocomp
02/05/2022 17:11:46|nrocomp --> 21682
02/05/2022 17:11:46|Nro. de Comprobante ::: TFB ::: 21682
02/05/2022 17:11:46|Ety.TicketFiscal: 21682
02/05/2022 17:55:17|Comienza Facturacion B
02/05/2022 17:55:17|DatosCliente B
02/05/2022 17:55:19|AbrirComprobanteFiscal B
02/05/2022 17:55:19|Articulo --> mary bosques tintura % Dto: 20
02/05/2022 17:55:19|cantidadArt B --> 2
02/05/2022 17:55:19|PrecVear --> 200
02/05/2022 17:55:19|montoArt --> 165,289256198347
02/05/2022 17:55:19|ivaArt --> 21
02/05/2022 17:55:20|hasarOCX.ImprimirItem --> OK
02/05/2022 17:55:20|Articulo --> varios
02/05/2022 17:55:20|cantidadArt B --> 1
02/05/2022 17:55:20|PrecVear --> 585
02/05/2022 17:55:20|montoArt --> 483,471074380165
02/05/2022 17:55:20|ivaArt --> 21
02/05/2022 17:55:20|hasarOCX.ImprimirItem --> OK
02/05/2022 17:55:20|Cerrar Comprobante B:::
02/05/2022 17:55:23|Obtiene nrocomp
02/05/2022 17:55:23|nrocomp --> 21683
02/05/2022 17:55:23|Nro. de Comprobante ::: TFB ::: 21683
02/05/2022 17:55:23|Ety.TicketFiscal: 21683
02/05/2022 17:57:12|Comienza Facturacion B
02/05/2022 17:57:12|DatosCliente B
02/05/2022 17:57:14|AbrirComprobanteFiscal B
02/05/2022 17:57:14|Articulo --> saphirus home spray uva y arandanos
02/05/2022 17:57:14|cantidadArt B --> 1
02/05/2022 17:57:14|PrecVear --> 510
02/05/2022 17:57:14|montoArt --> 421,487603305785
02/05/2022 17:57:14|ivaArt --> 21
02/05/2022 17:57:15|hasarOCX.ImprimirItem --> OK
02/05/2022 17:57:15|Articulo --> elvive jalea real x400 ml
02/05/2022 17:57:15|cantidadArt B --> 1
02/05/2022 17:57:15|PrecVear --> 630
02/05/2022 17:57:15|montoArt --> 520,661157024793
02/05/2022 17:57:15|ivaArt --> 21
02/05/2022 17:57:15|hasarOCX.ImprimirItem --> OK
02/05/2022 17:57:15|Cerrar Comprobante B:::
02/05/2022 17:57:18|Obtiene nrocomp
02/05/2022 17:57:18|nrocomp --> 21684
02/05/2022 17:57:18|Nro. de Comprobante ::: TFB ::: 21684
02/05/2022 17:57:18|Ety.TicketFiscal: 21684
02/05/2022 18:05:55|Comienza Facturacion B
02/05/2022 18:05:55|DatosCliente B
02/05/2022 18:05:58|AbrirComprobanteFiscal B
02/05/2022 18:05:58|Articulo --> depimiel cr.dep.rostro (a+b) x45grs
02/05/2022 18:05:58|cantidadArt B --> 1
02/05/2022 18:05:58|PrecVear --> 380
02/05/2022 18:05:58|montoArt --> 314,04958677686
02/05/2022 18:05:58|ivaArt --> 21
02/05/2022 18:05:58|hasarOCX.ImprimirItem --> OK
02/05/2022 18:05:58|Articulo --> goodmax rosa x1 maquina de afeitar x5 filos
02/05/2022 18:05:58|cantidadArt B --> 2
02/05/2022 18:05:58|PrecVear --> 98
02/05/2022 18:05:58|montoArt --> 80,9917355371901
02/05/2022 18:05:58|ivaArt --> 21
02/05/2022 18:05:59|hasarOCX.ImprimirItem --> OK
02/05/2022 18:05:59|Cerrar Comprobante B:::
02/05/2022 18:06:02|Obtiene nrocomp
02/05/2022 18:06:02|nrocomp --> 21685
02/05/2022 18:06:02|Nro. de Comprobante ::: TFB ::: 21685
02/05/2022 18:06:02|Ety.TicketFiscal: 21685
02/05/2022 18:06:46|Comienza Facturacion B
02/05/2022 18:06:46|DatosCliente B
02/05/2022 18:06:48|AbrirComprobanteFiscal B
02/05/2022 18:06:48|Articulo --> siempre libre adapt noche y dia suave
02/05/2022 18:06:48|cantidadArt B --> 1
02/05/2022 18:06:48|PrecVear --> 290
02/05/2022 18:06:48|montoArt --> 239,669421487603
02/05/2022 18:06:48|ivaArt --> 21
02/05/2022 18:06:49|hasarOCX.ImprimirItem --> OK
02/05/2022 18:06:49|Articulo --> siempre libre tanga suave
02/05/2022 18:06:49|cantidadArt B --> 2
02/05/2022 18:06:49|PrecVear --> 195
02/05/2022 18:06:49|montoArt --> 161,157024793388
02/05/2022 18:06:49|ivaArt --> 21
02/05/2022 18:06:49|hasarOCX.ImprimirItem --> OK
02/05/2022 18:06:49|Articulo --> candela encendedor de bolsillo
02/05/2022 18:06:49|cantidadArt B --> 1
02/05/2022 18:06:49|PrecVear --> 60
02/05/2022 18:06:49|montoArt --> 49,5867768595041
02/05/2022 18:06:49|ivaArt --> 21
02/05/2022 18:06:49|hasarOCX.ImprimirItem --> OK
02/05/2022 18:06:49|Cerrar Comprobante B:::
02/05/2022 18:06:52|Obtiene nrocomp
02/05/2022 18:06:53|nrocomp --> 21686
02/05/2022 18:06:53|Nro. de Comprobante ::: TFB ::: 21686
02/05/2022 18:06:53|Ety.TicketFiscal: 21686
02/05/2022 18:09:25|Comienza Facturacion B
02/05/2022 18:09:26|DatosCliente B
02/05/2022 18:09:28|AbrirComprobanteFiscal B
02/05/2022 18:09:28|Articulo --> country life balde azul
02/05/2022 18:09:28|cantidadArt B --> 1
02/05/2022 18:09:28|PrecVear --> 2670
02/05/2022 18:09:28|montoArt --> 2206,61157024793
02/05/2022 18:09:28|ivaArt --> 21
02/05/2022 18:09:28|hasarOCX.ImprimirItem --> OK
02/05/2022 18:09:28|Articulo --> jyj aceite puro 200x12  (rosa)
02/05/2022 18:09:28|cantidadArt B --> 1
02/05/2022 18:09:28|PrecVear --> 810
02/05/2022 18:09:28|montoArt --> 669,421487603306
02/05/2022 18:09:28|ivaArt --> 21
02/05/2022 18:09:29|hasarOCX.ImprimirItem --> OK
02/05/2022 18:09:29|Cerrar Comprobante B:::
02/05/2022 18:09:32|Obtiene nrocomp
02/05/2022 18:09:32|nrocomp --> 21687
02/05/2022 18:09:32|Nro. de Comprobante ::: TFB ::: 21687
02/05/2022 18:09:32|Ety.TicketFiscal: 21687
02/05/2022 18:31:37|Comienza Facturacion B
02/05/2022 18:31:38|DatosCliente B
02/05/2022 18:31:40|AbrirComprobanteFiscal B
02/05/2022 18:31:40|Articulo --> la porteña nido de abeja trapo piso
02/05/2022 18:31:40|cantidadArt B --> 2
02/05/2022 18:31:40|PrecVear --> 220
02/05/2022 18:31:40|montoArt --> 181,818181818182
02/05/2022 18:31:40|ivaArt --> 21
02/05/2022 18:31:40|hasarOCX.ImprimirItem --> OK
02/05/2022 18:31:40|Articulo --> dove jabon x90 blanco
02/05/2022 18:31:40|cantidadArt B --> 3
02/05/2022 18:31:40|PrecVear --> 140
02/05/2022 18:31:40|montoArt --> 115,702479338843
02/05/2022 18:31:40|ivaArt --> 21
02/05/2022 18:31:41|hasarOCX.ImprimirItem --> OK
02/05/2022 18:31:41|Articulo --> home kit escobillon congo
02/05/2022 18:31:41|cantidadArt B --> 1
02/05/2022 18:31:41|PrecVear --> 210
02/05/2022 18:31:41|montoArt --> 173,553719008264
02/05/2022 18:31:41|ivaArt --> 21
02/05/2022 18:31:41|hasarOCX.ImprimirItem --> OK
02/05/2022 18:31:41|Cerrar Comprobante B:::
02/05/2022 18:31:44|Obtiene nrocomp
02/05/2022 18:31:44|nrocomp --> 21688
02/05/2022 18:31:44|Nro. de Comprobante ::: TFB ::: 21688
02/05/2022 18:31:44|Ety.TicketFiscal: 21688
02/05/2022 18:55:24|cerrando pantalla venta
02/05/2022 18:59:59|Conectando..
02/05/2022 18:59:59|IP: 127.0.0.1 - Puerto: 6500
02/05/2022 18:59:59|Conectado con éxito!!
02/05/2022 19:05:14|Comienza Facturacion B
02/05/2022 19:05:14|DatosCliente B
02/05/2022 19:05:17|AbrirComprobanteFiscal B
02/05/2022 19:05:17|Articulo --> broches madera la porteña
02/05/2022 19:05:17|cantidadArt B --> 1
02/05/2022 19:05:17|PrecVear --> 140
02/05/2022 19:05:17|montoArt --> 115,702479338843
02/05/2022 19:05:17|ivaArt --> 21
02/05/2022 19:05:17|hasarOCX.ImprimirItem --> OK
02/05/2022 19:05:17|Articulo --> downy concentrado x500 agua fresca
02/05/2022 19:05:17|cantidadArt B --> 1
02/05/2022 19:05:17|PrecVear --> 440
02/05/2022 19:05:17|montoArt --> 363,636363636364
02/05/2022 19:05:17|ivaArt --> 21
02/05/2022 19:05:17|hasarOCX.ImprimirItem --> OK
02/05/2022 19:05:17|Articulo --> ayudin lav.x1lts tot.max.pureza
02/05/2022 19:05:17|cantidadArt B --> 1
02/05/2022 19:05:17|PrecVear --> 95
02/05/2022 19:05:17|montoArt --> 78,5123966942149
02/05/2022 19:05:17|ivaArt --> 21
02/05/2022 19:05:18|hasarOCX.ImprimirItem --> OK
02/05/2022 19:05:18|Articulo --> felpita infinity cocina x3 d/h
02/05/2022 19:05:18|cantidadArt B --> 1
02/05/2022 19:05:18|PrecVear --> 340
02/05/2022 19:05:18|montoArt --> 280,99173553719
02/05/2022 19:05:18|ivaArt --> 21
02/05/2022 19:05:18|hasarOCX.ImprimirItem --> OK
02/05/2022 19:05:18|Articulo --> 919 kit n°5 castaño claro
02/05/2022 19:05:18|cantidadArt B --> 1
02/05/2022 19:05:18|PrecVear --> 490
02/05/2022 19:05:18|montoArt --> 404,95867768595
02/05/2022 19:05:18|ivaArt --> 21
02/05/2022 19:05:19|hasarOCX.ImprimirItem --> OK
02/05/2022 19:05:19|Articulo --> felpita kids d/h x4 deco
02/05/2022 19:05:19|cantidadArt B --> 1
02/05/2022 19:05:19|PrecVear --> 280
02/05/2022 19:05:19|montoArt --> 231,404958677686
02/05/2022 19:05:19|ivaArt --> 21
02/05/2022 19:05:19|hasarOCX.ImprimirItem --> OK
02/05/2022 19:05:19|Articulo --> colgate herbal x70g
02/05/2022 19:05:19|cantidadArt B --> 1
02/05/2022 19:05:19|PrecVear --> 190
02/05/2022 19:05:19|montoArt --> 157,02479338843
02/05/2022 19:05:19|ivaArt --> 21
02/05/2022 19:05:19|hasarOCX.ImprimirItem --> OK
02/05/2022 19:05:19|Cerrar Comprobante B:::
02/05/2022 19:05:22|Obtiene nrocomp
02/05/2022 19:05:23|nrocomp --> 21689
02/05/2022 19:05:23|Nro. de Comprobante ::: TFB ::: 21689
02/05/2022 19:05:23|Ety.TicketFiscal: 21689
02/05/2022 19:06:02|Comienza Facturacion B
02/05/2022 19:06:02|DatosCliente B
02/05/2022 19:06:05|AbrirComprobanteFiscal B
02/05/2022 19:06:05|Articulo --> huggies toallitas amarillas x80
02/05/2022 19:06:05|cantidadArt B --> 1
02/05/2022 19:06:05|PrecVear --> 350
02/05/2022 19:06:05|montoArt --> 289,256198347107
02/05/2022 19:06:05|ivaArt --> 21
02/05/2022 19:06:05|hasarOCX.ImprimirItem --> OK
02/05/2022 19:06:05|Articulo --> pampers toallitas aroma lavanda
02/05/2022 19:06:05|cantidadArt B --> 1
02/05/2022 19:06:05|PrecVear --> 375
02/05/2022 19:06:05|montoArt --> 309,917355371901
02/05/2022 19:06:05|ivaArt --> 21
02/05/2022 19:06:06|hasarOCX.ImprimirItem --> OK
02/05/2022 19:06:06|Cerrar Comprobante B:::
02/05/2022 19:06:09|Obtiene nrocomp
02/05/2022 19:06:09|nrocomp --> 21690
02/05/2022 19:06:09|Nro. de Comprobante ::: TFB ::: 21690
02/05/2022 19:06:09|Ety.TicketFiscal: 21690
02/05/2022 19:07:04|Comienza Facturacion B
02/05/2022 19:07:05|DatosCliente B
02/05/2022 19:07:07|AbrirComprobanteFiscal B
02/05/2022 19:07:07|Articulo --> huggies supreme care xxg x50
02/05/2022 19:07:07|cantidadArt B --> 1
02/05/2022 19:07:07|PrecVear --> 1890
02/05/2022 19:07:07|montoArt --> 1561,98347107438
02/05/2022 19:07:07|ivaArt --> 21
02/05/2022 19:07:08|hasarOCX.ImprimirItem --> OK
02/05/2022 19:07:08|Articulo --> mfp3301 fisher price toallitas x96 c/stickers (d)
02/05/2022 19:07:08|cantidadArt B --> 1
02/05/2022 19:07:08|PrecVear --> 470
02/05/2022 19:07:08|montoArt --> 388,429752066116
02/05/2022 19:07:08|ivaArt --> 21
02/05/2022 19:07:08|hasarOCX.ImprimirItem --> OK
02/05/2022 19:07:08|Articulo --> suave kids ac x350 frutilla
02/05/2022 19:07:08|cantidadArt B --> 1
02/05/2022 19:07:08|PrecVear --> 380
02/05/2022 19:07:08|montoArt --> 314,04958677686
02/05/2022 19:07:08|ivaArt --> 21
02/05/2022 19:07:08|hasarOCX.ImprimirItem --> OK
02/05/2022 19:07:08|Articulo --> mfp3302 fisher price toallitas x48 sticker
02/05/2022 19:07:08|cantidadArt B --> 1
02/05/2022 19:07:08|PrecVear --> 310
02/05/2022 19:07:08|montoArt --> 256,198347107438
02/05/2022 19:07:08|ivaArt --> 21
02/05/2022 19:07:09|hasarOCX.ImprimirItem --> OK
02/05/2022 19:07:09|Articulo --> gillette prestobarba 3 gris
02/05/2022 19:07:09|cantidadArt B --> 1
02/05/2022 19:07:09|PrecVear --> 170
02/05/2022 19:07:09|montoArt --> 140,495867768595
02/05/2022 19:07:09|ivaArt --> 21
02/05/2022 19:07:09|hasarOCX.ImprimirItem --> OK
02/05/2022 19:07:09|Cerrar Comprobante B:::
02/05/2022 19:07:12|Obtiene nrocomp
02/05/2022 19:07:12|nrocomp --> 21691
02/05/2022 19:07:12|Nro. de Comprobante ::: TFB ::: 21691
02/05/2022 19:07:12|Ety.TicketFiscal: 21691
02/05/2022 19:12:18|Comienza Facturacion B
02/05/2022 19:12:18|DatosCliente B
02/05/2022 19:12:21|AbrirComprobanteFiscal B
02/05/2022 19:12:21|Articulo --> huggies protect plus px50
02/05/2022 19:12:21|cantidadArt B --> 1
02/05/2022 19:12:21|PrecVear --> 860
02/05/2022 19:12:21|montoArt --> 710,743801652893
02/05/2022 19:12:21|ivaArt --> 21
02/05/2022 19:12:21|hasarOCX.ImprimirItem --> OK
02/05/2022 19:12:21|Articulo --> doncella algodon x300g
02/05/2022 19:12:21|cantidadArt B --> 1
02/05/2022 19:12:21|PrecVear --> 320
02/05/2022 19:12:21|montoArt --> 264,462809917355
02/05/2022 19:12:21|ivaArt --> 21
02/05/2022 19:12:21|hasarOCX.ImprimirItem --> OK
02/05/2022 19:12:21|Articulo --> el coloso rollo cocx3 x 40paños
02/05/2022 19:12:21|cantidadArt B --> 1
02/05/2022 19:12:21|PrecVear --> 110
02/05/2022 19:12:21|montoArt --> 90,9090909090909
02/05/2022 19:12:21|ivaArt --> 21
02/05/2022 19:12:22|hasarOCX.ImprimirItem --> OK
02/05/2022 19:12:22|Articulo --> efficient aerosol antibacterial
02/05/2022 19:12:22|cantidadArt B --> 1
02/05/2022 19:12:22|PrecVear --> 330
02/05/2022 19:12:22|montoArt --> 272,727272727273
02/05/2022 19:12:22|ivaArt --> 21
02/05/2022 19:12:22|hasarOCX.ImprimirItem --> OK
02/05/2022 19:12:22|Articulo --> batuki medias de bebe
02/05/2022 19:12:22|cantidadArt B --> 1
02/05/2022 19:12:22|PrecVear --> 350
02/05/2022 19:12:22|montoArt --> 289,256198347107
02/05/2022 19:12:22|ivaArt --> 21
02/05/2022 19:12:22|hasarOCX.ImprimirItem --> OK
02/05/2022 19:12:22|Articulo --> zapatitos batuki
02/05/2022 19:12:22|cantidadArt B --> 1
02/05/2022 19:12:22|PrecVear --> 510
02/05/2022 19:12:22|montoArt --> 421,487603305785
02/05/2022 19:12:22|ivaArt --> 21
02/05/2022 19:12:23|hasarOCX.ImprimirItem --> OK
02/05/2022 19:12:23|Articulo --> rexona aero  apx90 act.emot-60293
02/05/2022 19:12:23|cantidadArt B --> 1
02/05/2022 19:12:23|PrecVear --> 260
02/05/2022 19:12:23|montoArt --> 214,876033057851
02/05/2022 19:12:23|ivaArt --> 21
02/05/2022 19:12:23|hasarOCX.ImprimirItem --> OK
02/05/2022 19:12:23|Cerrar Comprobante B:::
02/05/2022 19:12:26|Obtiene nrocomp
02/05/2022 19:12:26|nrocomp --> 21692
02/05/2022 19:12:26|Nro. de Comprobante ::: TFB ::: 21692
02/05/2022 19:12:26|Ety.TicketFiscal: 21692
02/05/2022 19:20:49|Comienza Facturacion B
02/05/2022 19:20:49|DatosCliente B
02/05/2022 19:20:52|AbrirComprobanteFiscal B
02/05/2022 19:20:52|Articulo --> varios
02/05/2022 19:20:52|cantidadArt B --> 1
02/05/2022 19:20:52|PrecVear --> 5000
02/05/2022 19:20:52|montoArt --> 4132,23140495868
02/05/2022 19:20:52|ivaArt --> 21
02/05/2022 19:20:52|hasarOCX.ImprimirItem --> OK
02/05/2022 19:20:52|Cerrar Comprobante B:::
02/05/2022 19:20:55|Obtiene nrocomp
02/05/2022 19:20:55|nrocomp --> 21693
02/05/2022 19:20:55|Nro. de Comprobante ::: TFB ::: 21693
02/05/2022 19:20:55|Ety.TicketFiscal: 21693
02/05/2022 19:22:20|Comienza Facturacion B
02/05/2022 19:22:20|DatosCliente B
02/05/2022 19:22:22|AbrirComprobanteFiscal B
02/05/2022 19:22:22|Articulo --> el coloso alcohol etilico x 500 ml
02/05/2022 19:22:22|cantidadArt B --> 1
02/05/2022 19:22:22|PrecVear --> 170
02/05/2022 19:22:22|montoArt --> 140,495867768595
02/05/2022 19:22:22|ivaArt --> 21
02/05/2022 19:22:23|hasarOCX.ImprimirItem --> OK
02/05/2022 19:22:23|Articulo --> sedal chx300ml d.pack cr.balance
02/05/2022 19:22:23|cantidadArt B --> 2
02/05/2022 19:22:23|PrecVear --> 195
02/05/2022 19:22:23|montoArt --> 161,157024793388
02/05/2022 19:22:23|ivaArt --> 21
02/05/2022 19:22:23|hasarOCX.ImprimirItem --> OK
02/05/2022 19:22:23|Articulo --> pampers premium care xxg x54
02/05/2022 19:22:23|cantidadArt B --> 1
02/05/2022 19:22:23|PrecVear --> 2530
02/05/2022 19:22:23|montoArt --> 2090,90909090909
02/05/2022 19:22:23|ivaArt --> 21
02/05/2022 19:22:24|hasarOCX.ImprimirItem --> OK
02/05/2022 19:22:24|Articulo --> colgate herbal x70g
02/05/2022 19:22:24|cantidadArt B --> 1
02/05/2022 19:22:24|PrecVear --> 190
02/05/2022 19:22:24|montoArt --> 157,02479338843
02/05/2022 19:22:24|ivaArt --> 21
02/05/2022 19:22:24|hasarOCX.ImprimirItem --> OK
02/05/2022 19:22:24|Cerrar Comprobante B:::
02/05/2022 19:22:27|Obtiene nrocomp
02/05/2022 19:22:27|nrocomp --> 21694
02/05/2022 19:22:27|Nro. de Comprobante ::: TFB ::: 21694
02/05/2022 19:22:27|Ety.TicketFiscal: 21694
02/05/2022 19:46:22|Comienza Facturacion B
02/05/2022 19:46:23|DatosCliente B
02/05/2022 19:46:25|AbrirComprobanteFiscal B
02/05/2022 19:46:25|Articulo --> hinds rollonx60 rosa inspira
02/05/2022 19:46:25|cantidadArt B --> 1
02/05/2022 19:46:25|PrecVear --> 190
02/05/2022 19:46:25|montoArt --> 157,02479338843
02/05/2022 19:46:25|ivaArt --> 21
02/05/2022 19:46:26|hasarOCX.ImprimirItem --> OK
02/05/2022 19:46:26|Articulo --> ayudin lavandina bco x1
02/05/2022 19:46:26|cantidadArt B --> 1
02/05/2022 19:46:26|PrecVear --> 180
02/05/2022 19:46:26|montoArt --> 148,760330578512
02/05/2022 19:46:26|ivaArt --> 21
02/05/2022 19:46:26|hasarOCX.ImprimirItem --> OK
02/05/2022 19:46:26|Articulo --> ala polvo x800g matic
02/05/2022 19:46:26|cantidadArt B --> 1
02/05/2022 19:46:26|PrecVear --> 260
02/05/2022 19:46:26|montoArt --> 214,876033057851
02/05/2022 19:46:26|ivaArt --> 21
02/05/2022 19:46:26|hasarOCX.ImprimirItem --> OK
02/05/2022 19:46:26|Cerrar Comprobante B:::
02/05/2022 19:46:29|Obtiene nrocomp
02/05/2022 19:46:30|nrocomp --> 21695
02/05/2022 19:46:30|Nro. de Comprobante ::: TFB ::: 21695
02/05/2022 19:46:30|Ety.TicketFiscal: 21695
02/05/2022 20:07:46|Comienza Facturacion B
02/05/2022 20:07:46|DatosCliente B
02/05/2022 20:07:49|AbrirComprobanteFiscal B
02/05/2022 20:07:49|Articulo --> always discreet
02/05/2022 20:07:49|cantidadArt B --> 1
02/05/2022 20:07:49|PrecVear --> 1290
02/05/2022 20:07:49|montoArt --> 1066,11570247934
02/05/2022 20:07:49|ivaArt --> 21
02/05/2022 20:07:49|hasarOCX.ImprimirItem --> OK
02/05/2022 20:07:49|Cerrar Comprobante B:::
02/05/2022 20:07:52|Obtiene nrocomp
02/05/2022 20:07:52|nrocomp --> 21696
02/05/2022 20:07:52|Nro. de Comprobante ::: TFB ::: 21696
02/05/2022 20:07:52|Ety.TicketFiscal: 21696
02/05/2022 20:13:47|Comienza Facturacion B
02/05/2022 20:13:47|DatosCliente B
02/05/2022 20:13:49|AbrirComprobanteFiscal B
02/05/2022 20:13:49|Articulo --> dove sh y ac x400 ml
02/05/2022 20:13:49|cantidadArt B --> 1
02/05/2022 20:13:49|PrecVear --> 455
02/05/2022 20:13:49|montoArt --> 376,03305785124
02/05/2022 20:13:49|ivaArt --> 21
02/05/2022 20:13:50|hasarOCX.ImprimirItem --> OK
02/05/2022 20:13:50|Articulo --> dove aero original azul
02/05/2022 20:13:50|cantidadArt B --> 1
02/05/2022 20:13:50|PrecVear --> 250
02/05/2022 20:13:50|montoArt --> 206,611570247934
02/05/2022 20:13:50|ivaArt --> 21
02/05/2022 20:13:50|hasarOCX.ImprimirItem --> OK
02/05/2022 20:13:50|Articulo --> vertiente body splash x120ml
02/05/2022 20:13:50|cantidadArt B --> 1
02/05/2022 20:13:50|PrecVear --> 930
02/05/2022 20:13:50|montoArt --> 768,595041322314
02/05/2022 20:13:50|ivaArt --> 21
02/05/2022 20:13:51|hasarOCX.ImprimirItem --> OK
02/05/2022 20:13:51|Cerrar Comprobante B:::
02/05/2022 20:13:54|Obtiene nrocomp
02/05/2022 20:13:54|nrocomp --> 21697
02/05/2022 20:13:54|Nro. de Comprobante ::: TFB ::: 21697
02/05/2022 20:13:54|Ety.TicketFiscal: 21697
02/05/2022 20:21:16|Comienza Facturacion B
02/05/2022 20:21:16|DatosCliente B
02/05/2022 20:21:18|AbrirComprobanteFiscal B
02/05/2022 20:21:18|Articulo --> paulvic estuche
02/05/2022 20:21:18|cantidadArt B --> 1
02/05/2022 20:21:18|PrecVear --> 950
02/05/2022 20:21:18|montoArt --> 785,123966942149
02/05/2022 20:21:18|ivaArt --> 21
02/05/2022 20:21:19|hasarOCX.ImprimirItem --> OK
02/05/2022 20:21:19|Cerrar Comprobante B:::
02/05/2022 20:21:22|Obtiene nrocomp
02/05/2022 20:21:22|nrocomp --> 21698
02/05/2022 20:21:22|Nro. de Comprobante ::: TFB ::: 21698
02/05/2022 20:21:22|Ety.TicketFiscal: 21698
02/05/2022 20:32:31|Comienza Facturacion B
02/05/2022 20:32:32|DatosCliente B
02/05/2022 20:32:34|AbrirComprobanteFiscal B
02/05/2022 20:32:34|Articulo --> pelliza lima gris
02/05/2022 20:32:34|cantidadArt B --> 1
02/05/2022 20:32:34|PrecVear --> 275
02/05/2022 20:32:34|montoArt --> 227,272727272727
02/05/2022 20:32:34|ivaArt --> 21
02/05/2022 20:32:34|hasarOCX.ImprimirItem --> OK
02/05/2022 20:32:34|Articulo --> mary bosques glaseado x10g % Dto: 20
02/05/2022 20:32:34|cantidadArt B --> 1
02/05/2022 20:32:34|PrecVear --> 104
02/05/2022 20:32:34|montoArt --> 85,9504132231405
02/05/2022 20:32:34|ivaArt --> 21
02/05/2022 20:32:35|hasarOCX.ImprimirItem --> OK
02/05/2022 20:32:35|Articulo --> mamadera x 250 ml. infantec
02/05/2022 20:32:35|cantidadArt B --> 1
02/05/2022 20:32:35|PrecVear --> 275
02/05/2022 20:32:35|montoArt --> 227,272727272727
02/05/2022 20:32:35|ivaArt --> 21
02/05/2022 20:32:35|hasarOCX.ImprimirItem --> OK
02/05/2022 20:32:35|Articulo --> poett aero mult.ambx360  alegra tu dia
02/05/2022 20:32:35|cantidadArt B --> 2
02/05/2022 20:32:35|PrecVear --> 180
02/05/2022 20:32:35|montoArt --> 148,760330578512
02/05/2022 20:32:35|ivaArt --> 21
02/05/2022 20:32:36|hasarOCX.ImprimirItem --> OK
02/05/2022 20:32:36|Articulo --> rexona rollonx50 men v8
02/05/2022 20:32:36|cantidadArt B --> 1
02/05/2022 20:32:36|PrecVear --> 260
02/05/2022 20:32:36|montoArt --> 214,876033057851
02/05/2022 20:32:36|ivaArt --> 21
02/05/2022 20:32:36|hasarOCX.ImprimirItem --> OK
02/05/2022 20:32:36|Articulo --> varios
02/05/2022 20:32:36|cantidadArt B --> 1
02/05/2022 20:32:36|PrecVear --> 530
02/05/2022 20:32:36|montoArt --> 438,01652892562
02/05/2022 20:32:36|ivaArt --> 21
02/05/2022 20:32:36|hasarOCX.ImprimirItem --> OK
02/05/2022 20:32:36|Articulo --> raid tabletas x12 uni
02/05/2022 20:32:36|cantidadArt B --> 1
02/05/2022 20:32:36|PrecVear --> 170
02/05/2022 20:32:36|montoArt --> 140,495867768595
02/05/2022 20:32:36|ivaArt --> 21
02/05/2022 20:32:36|hasarOCX.ImprimirItem --> OK
02/05/2022 20:32:36|Articulo --> veritas colonia nautica x 400 ml. 400
02/05/2022 20:32:36|cantidadArt B --> 1
02/05/2022 20:32:36|PrecVear --> 410
02/05/2022 20:32:36|montoArt --> 338,842975206612
02/05/2022 20:32:36|ivaArt --> 21
02/05/2022 20:32:37|hasarOCX.ImprimirItem --> OK
02/05/2022 20:32:37|Articulo --> dufour deo men
02/05/2022 20:32:37|cantidadArt B --> 2
02/05/2022 20:32:37|PrecVear --> 180
02/05/2022 20:32:37|montoArt --> 148,760330578512
02/05/2022 20:32:37|ivaArt --> 21
02/05/2022 20:32:37|hasarOCX.ImprimirItem --> OK
02/05/2022 20:32:37|Articulo --> harpic antisarro
02/05/2022 20:32:37|cantidadArt B --> 1
02/05/2022 20:32:37|PrecVear --> 250
02/05/2022 20:32:37|montoArt --> 206,611570247934
02/05/2022 20:32:37|ivaArt --> 21
02/05/2022 20:32:38|hasarOCX.ImprimirItem --> OK
02/05/2022 20:32:38|Articulo --> condor cepillo de uñas
02/05/2022 20:32:38|cantidadArt B --> 3
02/05/2022 20:32:38|PrecVear --> 110
02/05/2022 20:32:38|montoArt --> 90,9090909090909
02/05/2022 20:32:38|ivaArt --> 21
02/05/2022 20:32:38|hasarOCX.ImprimirItem --> OK
02/05/2022 20:32:38|Articulo --> el coloso fibra verde uso intenso
02/05/2022 20:32:38|cantidadArt B --> 1
02/05/2022 20:32:38|PrecVear --> 70
02/05/2022 20:32:38|montoArt --> 57,8512396694215
02/05/2022 20:32:38|ivaArt --> 21
02/05/2022 20:32:38|hasarOCX.ImprimirItem --> OK
02/05/2022 20:32:38|Articulo --> el coloso esponja
02/05/2022 20:32:38|cantidadArt B --> 1
02/05/2022 20:32:38|PrecVear --> 35
02/05/2022 20:32:38|montoArt --> 28,9256198347107
02/05/2022 20:32:38|ivaArt --> 21
02/05/2022 20:32:39|hasarOCX.ImprimirItem --> OK
02/05/2022 20:32:39|Articulo --> el coloso esp.economica
02/05/2022 20:32:39|cantidadArt B --> 1
02/05/2022 20:32:39|PrecVear --> 35
02/05/2022 20:32:39|montoArt --> 28,9256198347107
02/05/2022 20:32:39|ivaArt --> 21
02/05/2022 20:32:39|hasarOCX.ImprimirItem --> OK
02/05/2022 20:32:39|Articulo --> plusbelle jabx125
02/05/2022 20:32:39|cantidadArt B --> 2
02/05/2022 20:32:39|PrecVear --> 110
02/05/2022 20:32:39|montoArt --> 90,9090909090909
02/05/2022 20:32:39|ivaArt --> 21
02/05/2022 20:32:39|hasarOCX.ImprimirItem --> OK
02/05/2022 20:32:39|Articulo --> rexona jabon x125
02/05/2022 20:32:39|cantidadArt B --> 1
02/05/2022 20:32:39|PrecVear --> 90
02/05/2022 20:32:39|montoArt --> 74,3801652892562
02/05/2022 20:32:39|ivaArt --> 21
02/05/2022 20:32:40|hasarOCX.ImprimirItem --> OK
02/05/2022 20:32:40|Articulo --> rexona jabon x125
02/05/2022 20:32:40|cantidadArt B --> 2
02/05/2022 20:32:40|PrecVear --> 90
02/05/2022 20:32:40|montoArt --> 74,3801652892562
02/05/2022 20:32:40|ivaArt --> 21
02/05/2022 20:32:40|hasarOCX.ImprimirItem --> OK
02/05/2022 20:32:40|Articulo --> rexona jabon x125
02/05/2022 20:32:40|cantidadArt B --> 1
02/05/2022 20:32:40|PrecVear --> 90
02/05/2022 20:32:40|montoArt --> 74,3801652892562
02/05/2022 20:32:40|ivaArt --> 21
02/05/2022 20:32:40|hasarOCX.ImprimirItem --> OK
02/05/2022 20:32:40|Articulo --> rexona jabon frescura
02/05/2022 20:32:40|cantidadArt B --> 1
02/05/2022 20:32:40|PrecVear --> 80
02/05/2022 20:32:40|montoArt --> 66,1157024793389
02/05/2022 20:32:40|ivaArt --> 21
02/05/2022 20:32:41|hasarOCX.ImprimirItem --> OK
02/05/2022 20:32:41|Articulo --> bolsas de residuos 45*60
02/05/2022 20:32:41|cantidadArt B --> 2
02/05/2022 20:32:41|PrecVear --> 90
02/05/2022 20:32:41|montoArt --> 74,3801652892562
02/05/2022 20:32:41|ivaArt --> 21
02/05/2022 20:32:41|hasarOCX.ImprimirItem --> OK
02/05/2022 20:32:41|Articulo --> bolsas residuos 50*70
02/05/2022 20:32:41|cantidadArt B --> 1
02/05/2022 20:32:41|PrecVear --> 120
02/05/2022 20:32:41|montoArt --> 99,1735537190083
02/05/2022 20:32:41|ivaArt --> 21
02/05/2022 20:32:41|hasarOCX.ImprimirItem --> OK
02/05/2022 20:32:41|Articulo --> el coloso rollo cocx3 x 40paños
02/05/2022 20:32:41|cantidadArt B --> 2
02/05/2022 20:32:41|PrecVear --> 110
02/05/2022 20:32:41|montoArt --> 90,9090909090909
02/05/2022 20:32:41|ivaArt --> 21
02/05/2022 20:32:42|hasarOCX.ImprimirItem --> OK
02/05/2022 20:32:42|Articulo --> suave sh manzanilla
02/05/2022 20:32:42|cantidadArt B --> 1
02/05/2022 20:32:42|PrecVear --> 211
02/05/2022 20:32:42|montoArt --> 174,380165289256
02/05/2022 20:32:42|ivaArt --> 21
02/05/2022 20:32:42|hasarOCX.ImprimirItem --> OK
02/05/2022 20:32:42|Articulo --> suave sh y ac aloe vera
02/05/2022 20:32:42|cantidadArt B --> 1
02/05/2022 20:32:42|PrecVear --> 211
02/05/2022 20:32:42|montoArt --> 174,380165289256
02/05/2022 20:32:42|ivaArt --> 21
02/05/2022 20:32:42|hasarOCX.ImprimirItem --> OK
02/05/2022 20:32:42|Articulo --> suave shx930 ml coco
02/05/2022 20:32:42|cantidadArt B --> 1
02/05/2022 20:32:42|PrecVear --> 211
02/05/2022 20:32:42|montoArt --> 174,380165289256
02/05/2022 20:32:42|ivaArt --> 21
02/05/2022 20:32:43|hasarOCX.ImprimirItem --> OK
02/05/2022 20:32:43|Articulo --> suave ch y ac
02/05/2022 20:32:43|cantidadArt B --> 1
02/05/2022 20:32:43|PrecVear --> 211
02/05/2022 20:32:43|montoArt --> 174,380165289256
02/05/2022 20:32:43|ivaArt --> 21
02/05/2022 20:32:43|hasarOCX.ImprimirItem --> OK
02/05/2022 20:32:43|Articulo --> suave sh y ac
02/05/2022 20:32:43|cantidadArt B --> 1
02/05/2022 20:32:43|PrecVear --> 211
02/05/2022 20:32:43|montoArt --> 174,380165289256
02/05/2022 20:32:43|ivaArt --> 21
02/05/2022 20:32:44|hasarOCX.ImprimirItem --> OK
02/05/2022 20:32:44|Articulo --> suave sh y ac lacio
02/05/2022 20:32:44|cantidadArt B --> 1
02/05/2022 20:32:44|PrecVear --> 211
02/05/2022 20:32:44|montoArt --> 174,380165289256
02/05/2022 20:32:44|ivaArt --> 21
02/05/2022 20:32:44|hasarOCX.ImprimirItem --> OK
02/05/2022 20:32:44|Cerrar Comprobante B:::
02/05/2022 20:32:47|Obtiene nrocomp
02/05/2022 20:32:47|nrocomp --> 21699
02/05/2022 20:32:47|Nro. de Comprobante ::: TFB ::: 21699
02/05/2022 20:32:47|Ety.TicketFiscal: 21699
02/05/2022 20:32:52|Comienza Facturacion B
02/05/2022 20:32:53|DatosCliente B
02/05/2022 20:32:55|AbrirComprobanteFiscal B
02/05/2022 20:32:55|Articulo --> varios
02/05/2022 20:32:55|cantidadArt B --> 1
02/05/2022 20:32:55|PrecVear --> 880
02/05/2022 20:32:55|montoArt --> 727,272727272727
02/05/2022 20:32:55|ivaArt --> 21
02/05/2022 20:32:55|hasarOCX.ImprimirItem --> OK
02/05/2022 20:32:55|Cerrar Comprobante B:::
02/05/2022 20:32:58|Obtiene nrocomp
02/05/2022 20:32:59|nrocomp --> 21700
02/05/2022 20:32:59|Nro. de Comprobante ::: TFB ::: 21700
02/05/2022 20:32:59|Ety.TicketFiscal: 21700
02/05/2022 20:33:44|cerrando pantalla venta
02/05/2022 20:33:52|*************COMIENZA Cierre  Z**********
02/05/2022 20:34:01|CIERRE Z
Cierre Z Nº =[700]
Fecha del Cierre        =[02/05/2022 0:00:00]
DF Emitidos             =[44]
DF Cancelados           =[0]
DF Total                =[9067305]
DF Total Gravado        =[7493645]
DF Total No Gravado     =[0]
DF Total Exento         =[0]
DF Total IVA            =[1573660]
DF Total Otros Tributos =[0]
NC Emitidas             =[0]
NC Canceladas           =[0]
NC Total                =[0]
NC Total Gravado        =[0]
NC Total No Gravado     =[0]
NC Total Exento         =[0]
NC Total IVA            =[0]
NC Total Otros Tributos =[0]
DNFH Emitidos           =[0]
DNFH Total              =[0]

