13/04/2022 8:38:12|Conectando..
13/04/2022 8:38:12|IP: 127.0.0.1 - Puerto: 6500
13/04/2022 8:42:41|Comienza Facturacion B
13/04/2022 8:42:41|DatosCliente B
13/04/2022 8:42:45|AbrirComprobanteFiscal B
13/04/2022 8:42:45|Articulo --> varios
13/04/2022 8:42:45|cantidadArt B --> 1
13/04/2022 8:42:45|PrecVear --> 410
13/04/2022 8:42:45|montoArt --> 338,842975206612
13/04/2022 8:42:45|ivaArt --> 21
13/04/2022 8:42:45|hasarOCX.ImprimirItem --> OK
13/04/2022 8:42:45|Articulo --> excellence colageno 91 -9609#
13/04/2022 8:42:45|cantidadArt B --> 1
13/04/2022 8:42:45|PrecVear --> 1190
13/04/2022 8:42:45|montoArt --> 983,471074380165
13/04/2022 8:42:45|ivaArt --> 21
13/04/2022 8:42:46|hasarOCX.ImprimirItem --> OK
13/04/2022 8:42:46|Cerrar Comprobante B:::
13/04/2022 8:42:49|Obtiene nrocomp
13/04/2022 8:42:49|nrocomp --> 20962
13/04/2022 8:42:49|Nro. de Comprobante ::: TFB ::: 20962
13/04/2022 8:42:49|Ety.TicketFiscal: 20962
13/04/2022 9:25:01|Comienza Facturacion A
13/04/2022 9:25:01|DatosCliente A
13/04/2022 9:25:04|AbrirComprobanteFiscal A
13/04/2022 9:25:04|Articulo --> babysec premium tanga jumbo xxg
13/04/2022 9:25:04|cantidadArt A --> 5
13/04/2022 9:25:04|PrecVear --> 1880
13/04/2022 9:25:04|montoArt --> 1553,71900826446
13/04/2022 9:25:04|ivaArt --> 21
13/04/2022 9:25:04|hasarOCX.ImprimirItem --> OK
13/04/2022 9:25:04|comienza imprimir sutotal: 
13/04/2022 9:25:04|Cerrar Comprobante A:::
13/04/2022 9:25:07|Obtiene nrocomp
13/04/2022 9:25:07|nrocomp --> 259
13/04/2022 9:25:07|Nro. de Comprobante ::: TFA ::: 259
13/04/2022 9:25:07|Ety.TicketFiscal: 259
13/04/2022 9:36:26|cerrando pantalla venta
13/04/2022 9:36:32|Conectando..
13/04/2022 9:36:32|IP: 127.0.0.1 - Puerto: 6500
13/04/2022 9:36:33|Conectado con éxito!!
13/04/2022 10:14:26|Comienza Facturacion B
13/04/2022 10:14:26|DatosCliente B
13/04/2022 10:14:27|Comienza Facturacion B
13/04/2022 10:14:27|Error iniciando Factura B --> Anidamiento inválido de comandos
13/04/2022 10:14:27|Comienza Facturacion B
13/04/2022 10:14:27|Error iniciando Factura B --> Anidamiento inválido de comandos
13/04/2022 10:14:28|Comienza Facturacion B
13/04/2022 10:14:28|Error iniciando Factura B --> Anidamiento inválido de comandos
13/04/2022 10:14:28|Comienza Facturacion B
13/04/2022 10:14:28|Error iniciando Factura B --> Anidamiento inválido de comandos
13/04/2022 10:14:29|Comienza Facturacion B
13/04/2022 10:14:29|Error iniciando Factura B --> Anidamiento inválido de comandos
13/04/2022 10:14:29|Error Cerrando documento B --> Anidamiento inválido de comandos
13/04/2022 10:14:29|Conectando..
13/04/2022 10:14:29|IP: 127.0.0.1 - Puerto: 6500
13/04/2022 10:14:30|Conectado con éxito!!
13/04/2022 10:14:31|Error Imprimiendo Factura B --> Operación no válida para el estado fiscal actual (Imposible ejecutar el comando en el estado VendiendoItems)
13/04/2022 10:14:32|Ety.TicketFiscal: -1
13/04/2022 10:14:34|Error Cerrando documento B --> Operación no válida para el estado fiscal actual (Imposible ejecutar el comando en el estado EnJornadaFiscal)
13/04/2022 10:14:34|Conectando..
13/04/2022 10:14:34|IP: 127.0.0.1 - Puerto: 6500
13/04/2022 10:14:35|Conectado con éxito!!
13/04/2022 10:14:35|DatosCliente B
13/04/2022 10:14:38|AbrirComprobanteFiscal B
13/04/2022 10:14:38|Articulo --> condor pala de mano
13/04/2022 10:14:38|cantidadArt B --> 1
13/04/2022 10:14:38|PrecVear --> 320
13/04/2022 10:14:38|montoArt --> 264,462809917355
13/04/2022 10:14:38|ivaArt --> 21
13/04/2022 10:14:38|hasarOCX.ImprimirItem --> OK
13/04/2022 10:14:38|Articulo --> bolsas de residuos 45*60
13/04/2022 10:14:38|cantidadArt B --> 1
13/04/2022 10:14:38|PrecVear --> 90
13/04/2022 10:14:38|montoArt --> 74,3801652892562
13/04/2022 10:14:38|ivaArt --> 21
13/04/2022 10:14:38|hasarOCX.ImprimirItem --> OK
13/04/2022 10:14:38|Articulo --> ballerina amarilla
13/04/2022 10:14:38|cantidadArt B --> 3
13/04/2022 10:14:38|PrecVear --> 50
13/04/2022 10:14:38|montoArt --> 41,3223140495868
13/04/2022 10:14:38|ivaArt --> 21
13/04/2022 10:14:39|hasarOCX.ImprimirItem --> OK
13/04/2022 10:14:39|Articulo --> da silva escobilla de baño
13/04/2022 10:14:39|cantidadArt B --> 1
13/04/2022 10:14:39|PrecVear --> 330
13/04/2022 10:14:39|montoArt --> 272,727272727273
13/04/2022 10:14:39|ivaArt --> 21
13/04/2022 10:14:39|hasarOCX.ImprimirItem --> OK
13/04/2022 10:14:39|Cerrar Comprobante B:::
13/04/2022 10:14:42|Obtiene nrocomp
13/04/2022 10:14:42|nrocomp --> 20964
13/04/2022 10:14:42|Nro. de Comprobante ::: TFB ::: 20964
13/04/2022 10:14:42|Ety.TicketFiscal: 20964
13/04/2022 10:14:43|Error Cerrando documento B --> Operación no válida para el estado fiscal actual (Imposible ejecutar el comando en el estado EnJornadaFiscal)
13/04/2022 10:14:43|Conectando..
13/04/2022 10:14:43|IP: 127.0.0.1 - Puerto: 6500
13/04/2022 10:14:44|Conectado con éxito!!
13/04/2022 10:14:44|DatosCliente B
13/04/2022 10:14:47|AbrirComprobanteFiscal B
13/04/2022 10:14:47|Cerrar Comprobante B:::
13/04/2022 10:14:47|Error Imprimiendo Factura B --> Subtotal cero no permitido (Subtotal es menor o igual a cero)
13/04/2022 10:14:48|Ety.TicketFiscal: -1
13/04/2022 10:14:50|Error Cerrando documento B --> Operación no válida para el estado fiscal actual (Imposible ejecutar el comando en el estado EnJornadaFiscal)
13/04/2022 10:14:50|Conectando..
13/04/2022 10:14:50|IP: 127.0.0.1 - Puerto: 6500
13/04/2022 10:14:50|Conectado con éxito!!
13/04/2022 10:14:51|DatosCliente B
13/04/2022 10:14:53|AbrirComprobanteFiscal B
13/04/2022 10:14:53|Cerrar Comprobante B:::
13/04/2022 10:14:54|Error Imprimiendo Factura B --> Subtotal cero no permitido (Subtotal es menor o igual a cero)
13/04/2022 10:14:56|Ety.TicketFiscal: -1
13/04/2022 10:14:58|Error Cerrando documento B --> Operación no válida para el estado fiscal actual (Imposible ejecutar el comando en el estado EnJornadaFiscal)
13/04/2022 10:14:58|Conectando..
13/04/2022 10:14:58|IP: 127.0.0.1 - Puerto: 6500
13/04/2022 10:14:59|Conectado con éxito!!
13/04/2022 10:14:59|DatosCliente B
13/04/2022 10:15:02|AbrirComprobanteFiscal B
13/04/2022 10:15:02|Cerrar Comprobante B:::
13/04/2022 10:15:02|Error Imprimiendo Factura B --> Subtotal cero no permitido (Subtotal es menor o igual a cero)
13/04/2022 10:15:04|Ety.TicketFiscal: -1
13/04/2022 10:15:34|cerrando pantalla venta
13/04/2022 10:15:45|cerrando pantalla venta
13/04/2022 10:15:55|Conectando..
13/04/2022 10:15:55|IP: 127.0.0.1 - Puerto: 6500
13/04/2022 10:15:56|Conectado con éxito!!
13/04/2022 10:23:01|Comienza Facturacion B
13/04/2022 10:23:01|Error iniciando Factura B --> Operación no válida para el estado fiscal actual (Imposible ejecutar el comando en el estado VendiendoItems)
13/04/2022 10:23:03|Error Cerrando documento B --> Operación no válida para el estado fiscal actual (Imposible ejecutar el comando en el estado EnJornadaFiscal)
13/04/2022 10:23:03|Conectando..
13/04/2022 10:23:03|IP: 127.0.0.1 - Puerto: 6500
13/04/2022 10:23:04|Conectado con éxito!!
13/04/2022 10:23:05|DatosCliente B
13/04/2022 10:23:07|AbrirComprobanteFiscal B
13/04/2022 10:23:07|Articulo --> mary bosques keratina en crema
13/04/2022 10:23:07|cantidadArt B --> 1
13/04/2022 10:23:07|PrecVear --> 70
13/04/2022 10:23:07|montoArt --> 57,8512396694215
13/04/2022 10:23:07|ivaArt --> 21
13/04/2022 10:23:07|hasarOCX.ImprimirItem --> OK
13/04/2022 10:23:07|Articulo --> gillette  azul x unidad
13/04/2022 10:23:07|cantidadArt B --> 1
13/04/2022 10:23:07|PrecVear --> 130
13/04/2022 10:23:07|montoArt --> 107,438016528926
13/04/2022 10:23:07|ivaArt --> 21
13/04/2022 10:23:08|hasarOCX.ImprimirItem --> OK
13/04/2022 10:23:08|Cerrar Comprobante B:::
13/04/2022 10:23:11|Obtiene nrocomp
13/04/2022 10:23:11|nrocomp --> 20968
13/04/2022 10:23:11|Nro. de Comprobante ::: TFB ::: 20968
13/04/2022 10:23:11|Ety.TicketFiscal: 20968
13/04/2022 10:29:42|Comienza Facturacion B
13/04/2022 10:29:42|DatosCliente B
13/04/2022 10:29:45|AbrirComprobanteFiscal B
13/04/2022 10:29:45|Articulo --> iyosei protector termico crema
13/04/2022 10:29:45|cantidadArt B --> 1
13/04/2022 10:29:45|PrecVear --> 460
13/04/2022 10:29:45|montoArt --> 380,165289256198
13/04/2022 10:29:45|ivaArt --> 21
13/04/2022 10:29:45|hasarOCX.ImprimirItem --> OK
13/04/2022 10:29:45|Articulo --> bellisima keratotal recarga de keratina x120gr
13/04/2022 10:29:45|cantidadArt B --> 1
13/04/2022 10:29:45|PrecVear --> 660
13/04/2022 10:29:45|montoArt --> 545,454545454546
13/04/2022 10:29:45|ivaArt --> 21
13/04/2022 10:29:46|hasarOCX.ImprimirItem --> OK
13/04/2022 10:29:46|Articulo --> otowil socorrocap.trat. x 60 cc. 60 cc
13/04/2022 10:29:46|cantidadArt B --> 1
13/04/2022 10:29:46|PrecVear --> 410
13/04/2022 10:29:46|montoArt --> 338,842975206612
13/04/2022 10:29:46|ivaArt --> 21
13/04/2022 10:29:46|hasarOCX.ImprimirItem --> OK
13/04/2022 10:29:46|Cerrar Comprobante B:::
13/04/2022 10:29:49|Obtiene nrocomp
13/04/2022 10:29:49|nrocomp --> 20969
13/04/2022 10:29:49|Nro. de Comprobante ::: TFB ::: 20969
13/04/2022 10:29:49|Ety.TicketFiscal: 20969
13/04/2022 10:38:43|Comienza Facturacion B
13/04/2022 10:38:44|DatosCliente B
13/04/2022 10:38:46|AbrirComprobanteFiscal B
13/04/2022 10:38:46|Articulo --> higienol max 80m panal
13/04/2022 10:38:46|cantidadArt B --> 1
13/04/2022 10:38:46|PrecVear --> 370
13/04/2022 10:38:46|montoArt --> 305,785123966942
13/04/2022 10:38:46|ivaArt --> 21
13/04/2022 10:38:47|hasarOCX.ImprimirItem --> OK
13/04/2022 10:38:47|Articulo --> lysoform dp limon x420
13/04/2022 10:38:47|cantidadArt B --> 1
13/04/2022 10:38:47|PrecVear --> 150
13/04/2022 10:38:47|montoArt --> 123,96694214876
13/04/2022 10:38:47|ivaArt --> 21
13/04/2022 10:38:47|hasarOCX.ImprimirItem --> OK
13/04/2022 10:38:47|Articulo --> pino luz limp x900ml aceit.pino
13/04/2022 10:38:47|cantidadArt B --> 1
13/04/2022 10:38:47|PrecVear --> 140
13/04/2022 10:38:47|montoArt --> 115,702479338843
13/04/2022 10:38:47|ivaArt --> 21
13/04/2022 10:38:47|hasarOCX.ImprimirItem --> OK
13/04/2022 10:38:47|Articulo --> goicoechea diabetex x400 ml
13/04/2022 10:38:47|cantidadArt B --> 1
13/04/2022 10:38:47|PrecVear --> 1190
13/04/2022 10:38:47|montoArt --> 983,471074380165
13/04/2022 10:38:47|ivaArt --> 21
13/04/2022 10:38:48|hasarOCX.ImprimirItem --> OK
13/04/2022 10:38:48|Articulo --> hs ac x400 ml
13/04/2022 10:38:48|cantidadArt B --> 1
13/04/2022 10:38:48|PrecVear --> 550
13/04/2022 10:38:48|montoArt --> 454,545454545455
13/04/2022 10:38:48|ivaArt --> 21
13/04/2022 10:38:48|hasarOCX.ImprimirItem --> OK
13/04/2022 10:38:48|Articulo --> hs sh x400 ml
13/04/2022 10:38:48|cantidadArt B --> 1
13/04/2022 10:38:48|PrecVear --> 550
13/04/2022 10:38:48|montoArt --> 454,545454545455
13/04/2022 10:38:48|ivaArt --> 21
13/04/2022 10:38:48|hasarOCX.ImprimirItem --> OK
13/04/2022 10:38:48|Articulo --> dove jabon liquido dp antibacterial
13/04/2022 10:38:48|cantidadArt B --> 1
13/04/2022 10:38:48|PrecVear --> 245
13/04/2022 10:38:48|montoArt --> 202,479338842975
13/04/2022 10:38:48|ivaArt --> 21
13/04/2022 10:38:49|hasarOCX.ImprimirItem --> OK
13/04/2022 10:38:49|Cerrar Comprobante B:::
13/04/2022 10:38:52|Obtiene nrocomp
13/04/2022 10:38:52|nrocomp --> 20970
13/04/2022 10:38:52|Nro. de Comprobante ::: TFB ::: 20970
13/04/2022 10:38:52|Ety.TicketFiscal: 20970
13/04/2022 10:45:31|cerrando pantalla venta
13/04/2022 10:45:37|Conectando..
13/04/2022 10:45:37|IP: 127.0.0.1 - Puerto: 6500
13/04/2022 10:45:38|Conectado con éxito!!
13/04/2022 11:00:43|Comienza Facturacion B
13/04/2022 11:00:43|DatosCliente B
13/04/2022 11:00:46|AbrirComprobanteFiscal B
13/04/2022 11:00:46|Articulo --> bolsas de residuos 80*110
13/04/2022 11:00:46|cantidadArt B --> 1
13/04/2022 11:00:46|PrecVear --> 295
13/04/2022 11:00:46|montoArt --> 243,801652892562
13/04/2022 11:00:46|ivaArt --> 21
13/04/2022 11:00:46|hasarOCX.ImprimirItem --> OK
13/04/2022 11:00:46|Articulo --> fidelite sh neutro x230
13/04/2022 11:00:46|cantidadArt B --> 1
13/04/2022 11:00:46|PrecVear --> 470
13/04/2022 11:00:46|montoArt --> 388,429752066116
13/04/2022 11:00:46|ivaArt --> 21
13/04/2022 11:00:46|hasarOCX.ImprimirItem --> OK
13/04/2022 11:00:46|Articulo --> fidelite acond acido x230 ml
13/04/2022 11:00:46|cantidadArt B --> 1
13/04/2022 11:00:46|PrecVear --> 390
13/04/2022 11:00:46|montoArt --> 322,314049586777
13/04/2022 11:00:46|ivaArt --> 21
13/04/2022 11:00:47|hasarOCX.ImprimirItem --> OK
13/04/2022 11:00:47|Articulo --> dove dp sh recons completa x180ml
13/04/2022 11:00:47|cantidadArt B --> 1
13/04/2022 11:00:47|PrecVear --> 180
13/04/2022 11:00:47|montoArt --> 148,760330578512
13/04/2022 11:00:47|ivaArt --> 21
13/04/2022 11:00:47|hasarOCX.ImprimirItem --> OK
13/04/2022 11:00:47|Cerrar Comprobante B:::
13/04/2022 11:00:50|Obtiene nrocomp
13/04/2022 11:00:50|nrocomp --> 20971
13/04/2022 11:00:50|Nro. de Comprobante ::: TFB ::: 20971
13/04/2022 11:00:50|Ety.TicketFiscal: 20971
13/04/2022 11:13:23|Comienza Facturacion B
13/04/2022 11:13:24|DatosCliente B
13/04/2022 11:13:26|AbrirComprobanteFiscal B
13/04/2022 11:13:26|Articulo --> poett aero bebe nvo
13/04/2022 11:13:26|cantidadArt B --> 1
13/04/2022 11:13:26|PrecVear --> 140
13/04/2022 11:13:26|montoArt --> 115,702479338843
13/04/2022 11:13:26|ivaArt --> 21
13/04/2022 11:13:26|hasarOCX.ImprimirItem --> OK
13/04/2022 11:13:26|Articulo --> magistral x300 limon
13/04/2022 11:13:26|cantidadArt B --> 2
13/04/2022 11:13:26|PrecVear --> 160
13/04/2022 11:13:26|montoArt --> 132,231404958678
13/04/2022 11:13:26|ivaArt --> 21
13/04/2022 11:13:27|hasarOCX.ImprimirItem --> OK
13/04/2022 11:13:27|Articulo --> blem aero original
13/04/2022 11:13:27|cantidadArt B --> 1
13/04/2022 11:13:27|PrecVear --> 290
13/04/2022 11:13:27|montoArt --> 239,669421487603
13/04/2022 11:13:27|ivaArt --> 21
13/04/2022 11:13:27|hasarOCX.ImprimirItem --> OK
13/04/2022 11:13:27|Articulo --> poett desinfectante suav. bebe
13/04/2022 11:13:27|cantidadArt B --> 1
13/04/2022 11:13:27|PrecVear --> 110
13/04/2022 11:13:27|montoArt --> 90,9090909090909
13/04/2022 11:13:27|ivaArt --> 21
13/04/2022 11:13:28|hasarOCX.ImprimirItem --> OK
13/04/2022 11:13:28|Articulo --> ayudin lav.x2l original
13/04/2022 11:13:28|cantidadArt B --> 1
13/04/2022 11:13:28|PrecVear --> 185
13/04/2022 11:13:28|montoArt --> 152,892561983471
13/04/2022 11:13:28|ivaArt --> 21
13/04/2022 11:13:28|hasarOCX.ImprimirItem --> OK
13/04/2022 11:13:28|Cerrar Comprobante B:::
13/04/2022 11:13:31|Obtiene nrocomp
13/04/2022 11:13:31|nrocomp --> 20972
13/04/2022 11:13:31|Nro. de Comprobante ::: TFB ::: 20972
13/04/2022 11:13:31|Ety.TicketFiscal: 20972
13/04/2022 11:14:20|Comienza Facturacion B
13/04/2022 11:14:20|DatosCliente B
13/04/2022 11:14:23|AbrirComprobanteFiscal B
13/04/2022 11:14:23|Articulo --> varios
13/04/2022 11:14:23|cantidadArt B --> 1
13/04/2022 11:14:23|PrecVear --> 1045
13/04/2022 11:14:23|montoArt --> 863,636363636364
13/04/2022 11:14:23|ivaArt --> 21
13/04/2022 11:14:23|hasarOCX.ImprimirItem --> OK
13/04/2022 11:14:23|Articulo --> varios
13/04/2022 11:14:23|cantidadArt B --> 1
13/04/2022 11:14:23|PrecVear --> 2730
13/04/2022 11:14:23|montoArt --> 2256,19834710744
13/04/2022 11:14:23|ivaArt --> 21
13/04/2022 11:14:23|hasarOCX.ImprimirItem --> OK
13/04/2022 11:14:23|Cerrar Comprobante B:::
13/04/2022 11:14:26|Obtiene nrocomp
13/04/2022 11:14:27|nrocomp --> 20973
13/04/2022 11:14:27|Nro. de Comprobante ::: TFB ::: 20973
13/04/2022 11:14:27|Ety.TicketFiscal: 20973
13/04/2022 11:44:11|Comienza Facturacion B
13/04/2022 11:44:12|DatosCliente B
13/04/2022 11:44:14|AbrirComprobanteFiscal B
13/04/2022 11:44:14|Articulo --> nivea rollonx50 pearl beauty-83735
13/04/2022 11:44:14|cantidadArt B --> 1
13/04/2022 11:44:14|PrecVear --> 220
13/04/2022 11:44:14|montoArt --> 181,818181818182
13/04/2022 11:44:14|ivaArt --> 21
13/04/2022 11:44:14|hasarOCX.ImprimirItem --> OK
13/04/2022 11:44:14|Articulo --> calipso pd rosa x20
13/04/2022 11:44:14|cantidadArt B --> 1
13/04/2022 11:44:14|PrecVear --> 90
13/04/2022 11:44:14|montoArt --> 74,3801652892562
13/04/2022 11:44:14|ivaArt --> 21
13/04/2022 11:44:15|hasarOCX.ImprimirItem --> OK
13/04/2022 11:44:15|Articulo --> mary bosques tintura
13/04/2022 11:44:15|cantidadArt B --> 1
13/04/2022 11:44:15|PrecVear --> 230
13/04/2022 11:44:15|montoArt --> 190,082644628099
13/04/2022 11:44:15|ivaArt --> 21
13/04/2022 11:44:15|hasarOCX.ImprimirItem --> OK
13/04/2022 11:44:15|Cerrar Comprobante B:::
13/04/2022 11:44:18|Obtiene nrocomp
13/04/2022 11:44:18|nrocomp --> 20974
13/04/2022 11:44:18|Nro. de Comprobante ::: TFB ::: 20974
13/04/2022 11:44:18|Ety.TicketFiscal: 20974
13/04/2022 11:54:13|cerrando pantalla venta
13/04/2022 11:56:14|Conectando..
13/04/2022 11:56:14|IP: 127.0.0.1 - Puerto: 6500
13/04/2022 11:56:15|Conectado con éxito!!
13/04/2022 11:56:55|Comienza Facturacion B
13/04/2022 11:56:55|DatosCliente B
13/04/2022 11:56:57|AbrirComprobanteFiscal B
13/04/2022 11:56:57|Articulo --> alta moda sh y ac
13/04/2022 11:56:57|cantidadArt B --> 1
13/04/2022 11:56:57|PrecVear --> 350
13/04/2022 11:56:57|montoArt --> 289,256198347107
13/04/2022 11:56:57|ivaArt --> 21
13/04/2022 11:56:58|hasarOCX.ImprimirItem --> OK
13/04/2022 11:56:58|Articulo --> alfaparf altamoda sh y ac
13/04/2022 11:56:58|cantidadArt B --> 1
13/04/2022 11:56:58|PrecVear --> 320
13/04/2022 11:56:58|montoArt --> 264,462809917355
13/04/2022 11:56:58|ivaArt --> 21
13/04/2022 11:56:58|hasarOCX.ImprimirItem --> OK
13/04/2022 11:56:58|Articulo --> .
13/04/2022 11:56:58|cantidadArt B --> 1
13/04/2022 11:56:58|PrecVear --> 495
13/04/2022 11:56:58|montoArt --> 409,090909090909
13/04/2022 11:56:58|ivaArt --> 21
13/04/2022 11:56:58|hasarOCX.ImprimirItem --> OK
13/04/2022 11:56:58|Cerrar Comprobante B:::
13/04/2022 11:57:01|Obtiene nrocomp
13/04/2022 11:57:02|nrocomp --> 20975
13/04/2022 11:57:02|Nro. de Comprobante ::: TFB ::: 20975
13/04/2022 11:57:02|Ety.TicketFiscal: 20975
13/04/2022 12:04:05|Comienza Facturacion B
13/04/2022 12:04:05|DatosCliente B
13/04/2022 12:04:08|AbrirComprobanteFiscal B
13/04/2022 12:04:08|Articulo --> estrella pañal xxg x56
13/04/2022 12:04:08|cantidadArt B --> 1
13/04/2022 12:04:08|PrecVear --> 1850
13/04/2022 12:04:08|montoArt --> 1528,92561983471
13/04/2022 12:04:08|ivaArt --> 21
13/04/2022 12:04:08|hasarOCX.ImprimirItem --> OK
13/04/2022 12:04:08|Cerrar Comprobante B:::
13/04/2022 12:04:11|Obtiene nrocomp
13/04/2022 12:04:11|nrocomp --> 20976
13/04/2022 12:04:11|Nro. de Comprobante ::: TFB ::: 20976
13/04/2022 12:04:11|Ety.TicketFiscal: 20976
13/04/2022 12:18:02|Comienza Facturacion B
13/04/2022 12:18:02|DatosCliente B
13/04/2022 12:18:06|AbrirComprobanteFiscal B
13/04/2022 12:18:06|Articulo --> pantene acx200 control caida
13/04/2022 12:18:06|cantidadArt B --> 1
13/04/2022 12:18:06|PrecVear --> 310
13/04/2022 12:18:06|montoArt --> 256,198347107438
13/04/2022 12:18:06|ivaArt --> 21
13/04/2022 12:18:06|hasarOCX.ImprimirItem --> OK
13/04/2022 12:18:06|Articulo --> raid max mmm
13/04/2022 12:18:06|cantidadArt B --> 1
13/04/2022 12:18:06|PrecVear --> 440
13/04/2022 12:18:06|montoArt --> 363,636363636364
13/04/2022 12:18:06|ivaArt --> 21
13/04/2022 12:18:07|hasarOCX.ImprimirItem --> OK
13/04/2022 12:18:07|Articulo --> media naranja trapo 48*60
13/04/2022 12:18:07|cantidadArt B --> 2
13/04/2022 12:18:07|PrecVear --> 180
13/04/2022 12:18:07|montoArt --> 148,760330578512
13/04/2022 12:18:07|ivaArt --> 21
13/04/2022 12:18:07|hasarOCX.ImprimirItem --> OK
13/04/2022 12:18:07|Articulo --> la porteña rejilla pab. doble
13/04/2022 12:18:07|cantidadArt B --> 5
13/04/2022 12:18:07|PrecVear --> 95
13/04/2022 12:18:07|montoArt --> 78,5123966942149
13/04/2022 12:18:07|ivaArt --> 21
13/04/2022 12:18:07|hasarOCX.ImprimirItem --> OK
13/04/2022 12:18:07|Articulo --> varios
13/04/2022 12:18:07|cantidadArt B --> 1
13/04/2022 12:18:07|PrecVear --> 60
13/04/2022 12:18:07|montoArt --> 49,5867768595041
13/04/2022 12:18:07|ivaArt --> 21
13/04/2022 12:18:08|hasarOCX.ImprimirItem --> OK
13/04/2022 12:18:08|Cerrar Comprobante B:::
13/04/2022 12:18:11|Obtiene nrocomp
13/04/2022 12:18:11|nrocomp --> 20977
13/04/2022 12:18:11|Nro. de Comprobante ::: TFB ::: 20977
13/04/2022 12:18:11|Ety.TicketFiscal: 20977
13/04/2022 12:18:47|Comienza Facturacion B
13/04/2022 12:18:47|DatosCliente B
13/04/2022 12:18:49|AbrirComprobanteFiscal B
13/04/2022 12:18:49|Articulo --> el coloso alcohol etilico x 500 ml
13/04/2022 12:18:49|cantidadArt B --> 2
13/04/2022 12:18:49|PrecVear --> 140
13/04/2022 12:18:49|montoArt --> 115,702479338843
13/04/2022 12:18:49|ivaArt --> 21
13/04/2022 12:18:50|hasarOCX.ImprimirItem --> OK
13/04/2022 12:18:50|Cerrar Comprobante B:::
13/04/2022 12:18:53|Obtiene nrocomp
13/04/2022 12:18:53|nrocomp --> 20978
13/04/2022 12:18:53|Nro. de Comprobante ::: TFB ::: 20978
13/04/2022 12:18:53|Ety.TicketFiscal: 20978
13/04/2022 12:23:34|Comienza Facturacion B
13/04/2022 12:23:35|DatosCliente B
13/04/2022 12:23:37|AbrirComprobanteFiscal B
13/04/2022 12:23:37|Articulo --> estrella pañal xxg x56
13/04/2022 12:23:37|cantidadArt B --> 1
13/04/2022 12:23:37|PrecVear --> 1850
13/04/2022 12:23:37|montoArt --> 1528,92561983471
13/04/2022 12:23:37|ivaArt --> 21
13/04/2022 12:23:38|hasarOCX.ImprimirItem --> OK
13/04/2022 12:23:38|Cerrar Comprobante B:::
13/04/2022 12:23:41|Obtiene nrocomp
13/04/2022 12:23:41|nrocomp --> 20979
13/04/2022 12:23:41|Nro. de Comprobante ::: TFB ::: 20979
13/04/2022 12:23:41|Ety.TicketFiscal: 20979
13/04/2022 12:25:37|cerrando pantalla venta
13/04/2022 12:25:41|Conectando..
13/04/2022 12:25:41|IP: 127.0.0.1 - Puerto: 6500
13/04/2022 12:25:42|Conectado con éxito!!
13/04/2022 12:30:49|cerrando pantalla venta
13/04/2022 16:40:58|Conectando..
13/04/2022 16:40:58|IP: 127.0.0.1 - Puerto: 6500
13/04/2022 16:40:59|Conectado con éxito!!
13/04/2022 16:42:56|Comienza Facturacion B
13/04/2022 16:42:57|DatosCliente B
13/04/2022 16:42:59|AbrirComprobanteFiscal B
13/04/2022 16:42:59|Articulo --> iluminarte velas de noche x12
13/04/2022 16:42:59|cantidadArt B --> 1
13/04/2022 16:42:59|PrecVear --> 270
13/04/2022 16:42:59|montoArt --> 223,140495867769
13/04/2022 16:42:59|ivaArt --> 21
13/04/2022 16:42:59|hasarOCX.ImprimirItem --> OK
13/04/2022 16:42:59|Articulo --> josmar franela
13/04/2022 16:42:59|cantidadArt B --> 1
13/04/2022 16:42:59|PrecVear --> 160
13/04/2022 16:42:59|montoArt --> 132,231404958678
13/04/2022 16:42:59|ivaArt --> 21
13/04/2022 16:43:00|hasarOCX.ImprimirItem --> OK
13/04/2022 16:43:00|Articulo --> tresemme x750 ml
13/04/2022 16:43:00|cantidadArt B --> 2
13/04/2022 16:43:00|PrecVear --> 790
13/04/2022 16:43:00|montoArt --> 652,892561983471
13/04/2022 16:43:00|ivaArt --> 21
13/04/2022 16:43:00|hasarOCX.ImprimirItem --> OK
13/04/2022 16:43:00|Articulo --> glade aerox360 vainilla
13/04/2022 16:43:00|cantidadArt B --> 1
13/04/2022 16:43:00|PrecVear --> 190
13/04/2022 16:43:00|montoArt --> 157,02479338843
13/04/2022 16:43:00|ivaArt --> 21
13/04/2022 16:43:01|hasarOCX.ImprimirItem --> OK
13/04/2022 16:43:01|Articulo --> glade paraiso azul
13/04/2022 16:43:01|cantidadArt B --> 1
13/04/2022 16:43:01|PrecVear --> 125
13/04/2022 16:43:01|montoArt --> 103,305785123967
13/04/2022 16:43:01|ivaArt --> 21
13/04/2022 16:43:01|hasarOCX.ImprimirItem --> OK
13/04/2022 16:43:01|Articulo --> glade aero lavanda
13/04/2022 16:43:01|cantidadArt B --> 1
13/04/2022 16:43:01|PrecVear --> 190
13/04/2022 16:43:01|montoArt --> 157,02479338843
13/04/2022 16:43:01|ivaArt --> 21
13/04/2022 16:43:01|hasarOCX.ImprimirItem --> OK
13/04/2022 16:43:01|Articulo --> vidol pvo fecula bolsax400-501
13/04/2022 16:43:01|cantidadArt B --> 1
13/04/2022 16:43:01|PrecVear --> 450
13/04/2022 16:43:01|montoArt --> 371,900826446281
13/04/2022 16:43:01|ivaArt --> 21
13/04/2022 16:43:02|hasarOCX.ImprimirItem --> OK
13/04/2022 16:43:02|Articulo --> rejilla microfibra x1
13/04/2022 16:43:02|cantidadArt B --> 2
13/04/2022 16:43:02|PrecVear --> 320
13/04/2022 16:43:02|montoArt --> 264,462809917355
13/04/2022 16:43:02|ivaArt --> 21
13/04/2022 16:43:02|hasarOCX.ImprimirItem --> OK
13/04/2022 16:43:02|Articulo --> saphirus aceite escencial citronella
13/04/2022 16:43:02|cantidadArt B --> 1
13/04/2022 16:43:02|PrecVear --> 200
13/04/2022 16:43:02|montoArt --> 165,289256198347
13/04/2022 16:43:02|ivaArt --> 21
13/04/2022 16:43:02|hasarOCX.ImprimirItem --> OK
13/04/2022 16:43:02|Cerrar Comprobante B:::
13/04/2022 16:43:05|Obtiene nrocomp
13/04/2022 16:43:06|nrocomp --> 20980
13/04/2022 16:43:06|Nro. de Comprobante ::: TFB ::: 20980
13/04/2022 16:43:06|Ety.TicketFiscal: 20980
13/04/2022 16:45:02|Comienza Facturacion B
13/04/2022 16:45:02|DatosCliente B
13/04/2022 16:45:05|AbrirComprobanteFiscal B
13/04/2022 16:45:05|Articulo --> kolynos cep.doctor med 2x1
13/04/2022 16:45:05|cantidadArt B --> 1
13/04/2022 16:45:05|PrecVear --> 150
13/04/2022 16:45:05|montoArt --> 123,96694214876
13/04/2022 16:45:05|ivaArt --> 21
13/04/2022 16:45:06|hasarOCX.ImprimirItem --> OK
13/04/2022 16:45:06|Articulo --> sensodyne cr.dentx90 original
13/04/2022 16:45:06|cantidadArt B --> 1
13/04/2022 16:45:06|PrecVear --> 450
13/04/2022 16:45:06|montoArt --> 371,900826446281
13/04/2022 16:45:06|ivaArt --> 21
13/04/2022 16:45:06|hasarOCX.ImprimirItem --> OK
13/04/2022 16:45:06|Articulo --> sensodyne cr.dentx90 multipro
13/04/2022 16:45:06|cantidadArt B --> 2
13/04/2022 16:45:06|PrecVear --> 450
13/04/2022 16:45:06|montoArt --> 371,900826446281
13/04/2022 16:45:06|ivaArt --> 21
13/04/2022 16:45:07|hasarOCX.ImprimirItem --> OK
13/04/2022 16:45:07|Cerrar Comprobante B:::
13/04/2022 16:45:10|Obtiene nrocomp
13/04/2022 16:45:10|nrocomp --> 20981
13/04/2022 16:45:10|Nro. de Comprobante ::: TFB ::: 20981
13/04/2022 16:45:10|Ety.TicketFiscal: 20981
13/04/2022 16:46:42|Comienza Facturacion B
13/04/2022 16:46:43|DatosCliente B
13/04/2022 16:46:45|AbrirComprobanteFiscal B
13/04/2022 16:46:45|Articulo --> key kolor kit 5
13/04/2022 16:46:45|cantidadArt B --> 1
13/04/2022 16:46:45|PrecVear --> 520
13/04/2022 16:46:45|montoArt --> 429,752066115703
13/04/2022 16:46:45|ivaArt --> 21
13/04/2022 16:46:45|hasarOCX.ImprimirItem --> OK
13/04/2022 16:46:45|Cerrar Comprobante B:::
13/04/2022 16:46:49|Obtiene nrocomp
13/04/2022 16:46:49|nrocomp --> 20982
13/04/2022 16:46:49|Nro. de Comprobante ::: TFB ::: 20982
13/04/2022 16:46:49|Ety.TicketFiscal: 20982
13/04/2022 17:02:03|Comienza Facturacion B
13/04/2022 17:02:03|DatosCliente B
13/04/2022 17:02:05|AbrirComprobanteFiscal B
13/04/2022 17:02:05|Articulo --> venus simply rosada x1 unidad
13/04/2022 17:02:05|cantidadArt B --> 1
13/04/2022 17:02:05|PrecVear --> 170
13/04/2022 17:02:05|montoArt --> 140,495867768595
13/04/2022 17:02:05|ivaArt --> 21
13/04/2022 17:02:06|hasarOCX.ImprimirItem --> OK
13/04/2022 17:02:06|Articulo --> el coloso rollo cocx3 x 40paños
13/04/2022 17:02:06|cantidadArt B --> 1
13/04/2022 17:02:06|PrecVear --> 100
13/04/2022 17:02:06|montoArt --> 82,6446280991736
13/04/2022 17:02:06|ivaArt --> 21
13/04/2022 17:02:06|hasarOCX.ImprimirItem --> OK
13/04/2022 17:02:06|Articulo --> el coloso hig.ecolog x4
13/04/2022 17:02:06|cantidadArt B --> 1
13/04/2022 17:02:06|PrecVear --> 110
13/04/2022 17:02:06|montoArt --> 90,9090909090909
13/04/2022 17:02:06|ivaArt --> 21
13/04/2022 17:02:06|hasarOCX.ImprimirItem --> OK
13/04/2022 17:02:06|Articulo --> calipso pd rosa x20
13/04/2022 17:02:06|cantidadArt B --> 1
13/04/2022 17:02:06|PrecVear --> 90
13/04/2022 17:02:06|montoArt --> 74,3801652892562
13/04/2022 17:02:06|ivaArt --> 21
13/04/2022 17:02:07|hasarOCX.ImprimirItem --> OK
13/04/2022 17:02:07|Articulo --> saphirus aromatizante textil lola
13/04/2022 17:02:07|cantidadArt B --> 1
13/04/2022 17:02:07|PrecVear --> 230
13/04/2022 17:02:07|montoArt --> 190,082644628099
13/04/2022 17:02:07|ivaArt --> 21
13/04/2022 17:02:07|hasarOCX.ImprimirItem --> OK
13/04/2022 17:02:07|Articulo --> poett desinfectante lavanda
13/04/2022 17:02:07|cantidadArt B --> 1
13/04/2022 17:02:07|PrecVear --> 110
13/04/2022 17:02:07|montoArt --> 90,9090909090909
13/04/2022 17:02:07|ivaArt --> 21
13/04/2022 17:02:07|hasarOCX.ImprimirItem --> OK
13/04/2022 17:02:07|Articulo --> fidelite mascarax250 g acida
13/04/2022 17:02:07|cantidadArt B --> 1
13/04/2022 17:02:07|PrecVear --> 470
13/04/2022 17:02:07|montoArt --> 388,429752066116
13/04/2022 17:02:07|ivaArt --> 21
13/04/2022 17:02:08|hasarOCX.ImprimirItem --> OK
13/04/2022 17:02:08|Cerrar Comprobante B:::
13/04/2022 17:02:11|Obtiene nrocomp
13/04/2022 17:02:11|nrocomp --> 20983
13/04/2022 17:02:11|Nro. de Comprobante ::: TFB ::: 20983
13/04/2022 17:02:11|Ety.TicketFiscal: 20983
13/04/2022 17:20:22|Comienza Facturacion B
13/04/2022 17:20:22|DatosCliente B
13/04/2022 17:20:25|AbrirComprobanteFiscal B
13/04/2022 17:20:25|Articulo --> elite pañuelo x70 uni
13/04/2022 17:20:25|cantidadArt B --> 1
13/04/2022 17:20:25|PrecVear --> 60
13/04/2022 17:20:25|montoArt --> 49,5867768595041
13/04/2022 17:20:25|ivaArt --> 21
13/04/2022 17:20:25|hasarOCX.ImprimirItem --> OK
13/04/2022 17:20:25|Articulo --> felpita maxirollo x240u dh
13/04/2022 17:20:25|cantidadArt B --> 1
13/04/2022 17:20:25|PrecVear --> 170
13/04/2022 17:20:25|montoArt --> 140,495867768595
13/04/2022 17:20:25|ivaArt --> 21
13/04/2022 17:20:26|hasarOCX.ImprimirItem --> OK
13/04/2022 17:20:26|Articulo --> felpita pañuelos x6
13/04/2022 17:20:26|cantidadArt B --> 1
13/04/2022 17:20:26|PrecVear --> 80
13/04/2022 17:20:26|montoArt --> 66,1157024793389
13/04/2022 17:20:26|ivaArt --> 21
13/04/2022 17:20:26|hasarOCX.ImprimirItem --> OK
13/04/2022 17:20:26|Articulo --> pampers supersec m72
13/04/2022 17:20:26|cantidadArt B --> 1
13/04/2022 17:20:26|PrecVear --> 1490
13/04/2022 17:20:26|montoArt --> 1231,40495867769
13/04/2022 17:20:26|ivaArt --> 21
13/04/2022 17:20:26|hasarOCX.ImprimirItem --> OK
13/04/2022 17:20:26|Articulo --> pampers toallitas humedas rn x48
13/04/2022 17:20:26|cantidadArt B --> 1
13/04/2022 17:20:26|PrecVear --> 370
13/04/2022 17:20:26|montoArt --> 305,785123966942
13/04/2022 17:20:26|ivaArt --> 21
13/04/2022 17:20:27|hasarOCX.ImprimirItem --> OK
13/04/2022 17:20:27|Articulo --> bolsas de residuos 45*60
13/04/2022 17:20:27|cantidadArt B --> 3
13/04/2022 17:20:27|PrecVear --> 90
13/04/2022 17:20:27|montoArt --> 74,3801652892562
13/04/2022 17:20:27|ivaArt --> 21
13/04/2022 17:20:27|hasarOCX.ImprimirItem --> OK
13/04/2022 17:20:27|Articulo --> woolitex450 d.pack bebe maquin3102
13/04/2022 17:20:27|cantidadArt B --> 1
13/04/2022 17:20:27|PrecVear --> 260
13/04/2022 17:20:27|montoArt --> 214,876033057851
13/04/2022 17:20:27|ivaArt --> 21
13/04/2022 17:20:28|hasarOCX.ImprimirItem --> OK
13/04/2022 17:20:28|Articulo --> pampers toallitas roja x48
13/04/2022 17:20:28|cantidadArt B --> 1
13/04/2022 17:20:28|PrecVear --> 290
13/04/2022 17:20:28|montoArt --> 239,669421487603
13/04/2022 17:20:28|ivaArt --> 21
13/04/2022 17:20:28|hasarOCX.ImprimirItem --> OK
13/04/2022 17:20:28|Articulo --> dove baby jab hidrat enriq 75g
13/04/2022 17:20:28|cantidadArt B --> 1
13/04/2022 17:20:28|PrecVear --> 140
13/04/2022 17:20:28|montoArt --> 115,702479338843
13/04/2022 17:20:28|ivaArt --> 21
13/04/2022 17:20:28|hasarOCX.ImprimirItem --> OK
13/04/2022 17:20:28|Articulo --> 10219 estrella paños de  algodon 40 x 12
13/04/2022 17:20:28|cantidadArt B --> 1
13/04/2022 17:20:28|PrecVear --> 230
13/04/2022 17:20:28|montoArt --> 190,082644628099
13/04/2022 17:20:28|ivaArt --> 21
13/04/2022 17:20:29|hasarOCX.ImprimirItem --> OK
13/04/2022 17:20:29|Articulo --> selton mmm x307g rojo acc.prol
13/04/2022 17:20:29|cantidadArt B --> 1
13/04/2022 17:20:29|PrecVear --> 195
13/04/2022 17:20:29|montoArt --> 161,157024793388
13/04/2022 17:20:29|ivaArt --> 21
13/04/2022 17:20:29|hasarOCX.ImprimirItem --> OK
13/04/2022 17:20:29|Cerrar Comprobante B:::
13/04/2022 17:20:32|Obtiene nrocomp
13/04/2022 17:20:32|nrocomp --> 20984
13/04/2022 17:20:32|Nro. de Comprobante ::: TFB ::: 20984
13/04/2022 17:20:32|Ety.TicketFiscal: 20984
13/04/2022 17:31:30|Comienza Facturacion B
13/04/2022 17:31:31|DatosCliente B
13/04/2022 17:31:33|AbrirComprobanteFiscal B
13/04/2022 17:31:33|Articulo --> elvive oleo extraordinario x100ml
13/04/2022 17:31:33|cantidadArt B --> 1
13/04/2022 17:31:33|PrecVear --> 1060
13/04/2022 17:31:33|montoArt --> 876,03305785124
13/04/2022 17:31:33|ivaArt --> 21
13/04/2022 17:31:33|hasarOCX.ImprimirItem --> OK
13/04/2022 17:31:33|Articulo --> key kolor kit 1
13/04/2022 17:31:33|cantidadArt B --> 1
13/04/2022 17:31:33|PrecVear --> 570
13/04/2022 17:31:33|montoArt --> 471,074380165289
13/04/2022 17:31:33|ivaArt --> 21
13/04/2022 17:31:34|hasarOCX.ImprimirItem --> OK
13/04/2022 17:31:34|Cerrar Comprobante B:::
13/04/2022 17:31:37|Obtiene nrocomp
13/04/2022 17:31:37|nrocomp --> 20985
13/04/2022 17:31:37|Nro. de Comprobante ::: TFB ::: 20985
13/04/2022 17:31:37|Ety.TicketFiscal: 20985
13/04/2022 17:44:57|cerrando pantalla venta
13/04/2022 17:45:05|Conectando..
13/04/2022 17:45:05|IP: 127.0.0.1 - Puerto: 6500
13/04/2022 17:45:06|Conectado con éxito!!
13/04/2022 17:45:11|cerrando pantalla venta
13/04/2022 17:45:57|Conectando..
13/04/2022 17:45:57|IP: 127.0.0.1 - Puerto: 6500
13/04/2022 17:45:57|Conectado con éxito!!
13/04/2022 17:50:09|Comienza Facturacion B
13/04/2022 17:50:10|DatosCliente B
13/04/2022 17:50:12|AbrirComprobanteFiscal B
13/04/2022 17:50:12|Articulo --> dove x200 ml sh o ac
13/04/2022 17:50:12|cantidadArt B --> 1
13/04/2022 17:50:12|PrecVear --> 290
13/04/2022 17:50:12|montoArt --> 239,669421487603
13/04/2022 17:50:12|ivaArt --> 21
13/04/2022 17:50:13|hasarOCX.ImprimirItem --> OK
13/04/2022 17:50:13|Articulo --> dove x200 ml sh o ac
13/04/2022 17:50:13|cantidadArt B --> 1
13/04/2022 17:50:13|PrecVear --> 290
13/04/2022 17:50:13|montoArt --> 239,669421487603
13/04/2022 17:50:13|ivaArt --> 21
13/04/2022 17:50:13|hasarOCX.ImprimirItem --> OK
13/04/2022 17:50:13|Articulo --> goodmax rosa x1 maquina de afeitar x5 filos
13/04/2022 17:50:13|cantidadArt B --> 2
13/04/2022 17:50:13|PrecVear --> 98
13/04/2022 17:50:13|montoArt --> 80,9917355371901
13/04/2022 17:50:13|ivaArt --> 21
13/04/2022 17:50:13|hasarOCX.ImprimirItem --> OK
13/04/2022 17:50:13|Articulo --> rexona clinical aerosol
13/04/2022 17:50:13|cantidadArt B --> 1
13/04/2022 17:50:13|PrecVear --> 420
13/04/2022 17:50:13|montoArt --> 347,107438016529
13/04/2022 17:50:13|ivaArt --> 21
13/04/2022 17:50:14|hasarOCX.ImprimirItem --> OK
13/04/2022 17:50:14|Cerrar Comprobante B:::
13/04/2022 17:50:17|Obtiene nrocomp
13/04/2022 17:50:17|nrocomp --> 20986
13/04/2022 17:50:17|Nro. de Comprobante ::: TFB ::: 20986
13/04/2022 17:50:17|Ety.TicketFiscal: 20986
13/04/2022 18:10:02|Comienza Facturacion B
13/04/2022 18:10:02|DatosCliente B
13/04/2022 18:10:04|AbrirComprobanteFiscal B
13/04/2022 18:10:04|Articulo --> huggies toa limp total x80nva
13/04/2022 18:10:04|cantidadArt B --> 1
13/04/2022 18:10:04|PrecVear --> 590
13/04/2022 18:10:04|montoArt --> 487,603305785124
13/04/2022 18:10:04|ivaArt --> 21
13/04/2022 18:10:05|hasarOCX.ImprimirItem --> OK
13/04/2022 18:10:05|Articulo --> pampers premium care xg x58
13/04/2022 18:10:05|cantidadArt B --> 1
13/04/2022 18:10:05|PrecVear --> 2460
13/04/2022 18:10:05|montoArt --> 2033,05785123967
13/04/2022 18:10:05|ivaArt --> 21
13/04/2022 18:10:05|hasarOCX.ImprimirItem --> OK
13/04/2022 18:10:05|Articulo --> pantene tratx300g restauracion
13/04/2022 18:10:05|cantidadArt B --> 1
13/04/2022 18:10:05|PrecVear --> 560
13/04/2022 18:10:05|montoArt --> 462,809917355372
13/04/2022 18:10:05|ivaArt --> 21
13/04/2022 18:10:06|hasarOCX.ImprimirItem --> OK
13/04/2022 18:10:06|Cerrar Comprobante B:::
13/04/2022 18:10:09|Obtiene nrocomp
13/04/2022 18:10:09|nrocomp --> 20987
13/04/2022 18:10:09|Nro. de Comprobante ::: TFB ::: 20987
13/04/2022 18:10:09|Ety.TicketFiscal: 20987
13/04/2022 18:11:04|Comienza Facturacion B
13/04/2022 18:11:04|DatosCliente B
13/04/2022 18:11:07|AbrirComprobanteFiscal B
13/04/2022 18:11:07|Articulo --> issue profesional ac x900ml dp
13/04/2022 18:11:07|cantidadArt B --> 1
13/04/2022 18:11:07|PrecVear --> 770
13/04/2022 18:11:07|montoArt --> 636,363636363636
13/04/2022 18:11:07|ivaArt --> 21
13/04/2022 18:11:07|hasarOCX.ImprimirItem --> OK
13/04/2022 18:11:07|Articulo --> issue professional sh x900 ml dp post-color
13/04/2022 18:11:07|cantidadArt B --> 1
13/04/2022 18:11:07|PrecVear --> 770
13/04/2022 18:11:07|montoArt --> 636,363636363636
13/04/2022 18:11:07|ivaArt --> 21
13/04/2022 18:11:08|hasarOCX.ImprimirItem --> OK
13/04/2022 18:11:08|Cerrar Comprobante B:::
13/04/2022 18:11:11|Obtiene nrocomp
13/04/2022 18:11:11|nrocomp --> 20988
13/04/2022 18:11:11|Nro. de Comprobante ::: TFB ::: 20988
13/04/2022 18:11:11|Ety.TicketFiscal: 20988
13/04/2022 18:22:35|Comienza Facturacion B
13/04/2022 18:22:36|DatosCliente B
13/04/2022 18:22:39|AbrirComprobanteFiscal B
13/04/2022 18:22:39|Articulo --> pampers pants confort sec xxg x32
13/04/2022 18:22:39|cantidadArt B --> 1
13/04/2022 18:22:39|PrecVear --> 1330
13/04/2022 18:22:39|montoArt --> 1099,17355371901
13/04/2022 18:22:39|ivaArt --> 21
13/04/2022 18:22:40|hasarOCX.ImprimirItem --> OK
13/04/2022 18:22:40|Articulo --> querubin jabon liquido x3 dp
13/04/2022 18:22:40|cantidadArt B --> 1
13/04/2022 18:22:40|PrecVear --> 730
13/04/2022 18:22:40|montoArt --> 603,305785123967
13/04/2022 18:22:40|ivaArt --> 21
13/04/2022 18:22:40|hasarOCX.ImprimirItem --> OK
13/04/2022 18:22:40|Cerrar Comprobante B:::
13/04/2022 18:22:43|Obtiene nrocomp
13/04/2022 18:22:43|nrocomp --> 20989
13/04/2022 18:22:43|Nro. de Comprobante ::: TFB ::: 20989
13/04/2022 18:22:43|Ety.TicketFiscal: 20989
13/04/2022 18:31:13|Comienza Facturacion B
13/04/2022 18:31:13|DatosCliente B
13/04/2022 18:31:16|AbrirComprobanteFiscal B
13/04/2022 18:31:16|Articulo --> mujercitas deo sunny
13/04/2022 18:31:16|cantidadArt B --> 1
13/04/2022 18:31:16|PrecVear --> 230
13/04/2022 18:31:16|montoArt --> 190,082644628099
13/04/2022 18:31:16|ivaArt --> 21
13/04/2022 18:31:16|hasarOCX.ImprimirItem --> OK
13/04/2022 18:31:16|Articulo --> pantene acx400 liso extremo
13/04/2022 18:31:16|cantidadArt B --> 1
13/04/2022 18:31:16|PrecVear --> 470
13/04/2022 18:31:16|montoArt --> 388,429752066116
13/04/2022 18:31:16|ivaArt --> 21
13/04/2022 18:31:17|hasarOCX.ImprimirItem --> OK
13/04/2022 18:31:17|Articulo --> dove aero original azul
13/04/2022 18:31:17|cantidadArt B --> 1
13/04/2022 18:31:17|PrecVear --> 250
13/04/2022 18:31:17|montoArt --> 206,611570247934
13/04/2022 18:31:17|ivaArt --> 21
13/04/2022 18:31:17|hasarOCX.ImprimirItem --> OK
13/04/2022 18:31:17|Cerrar Comprobante B:::
13/04/2022 18:31:20|Obtiene nrocomp
13/04/2022 18:31:20|nrocomp --> 20990
13/04/2022 18:31:20|Nro. de Comprobante ::: TFB ::: 20990
13/04/2022 18:31:20|Ety.TicketFiscal: 20990
13/04/2022 18:58:40|cerrando pantalla venta
13/04/2022 18:58:48|Conectando..
13/04/2022 18:58:48|IP: 127.0.0.1 - Puerto: 6500
13/04/2022 18:58:48|Conectado con éxito!!
13/04/2022 18:59:29|cerrando pantalla venta
13/04/2022 18:59:32|Conectando..
13/04/2022 18:59:32|IP: 127.0.0.1 - Puerto: 6500
13/04/2022 18:59:33|Conectado con éxito!!
13/04/2022 19:00:30|Comienza Facturacion B
13/04/2022 19:00:30|DatosCliente B
13/04/2022 19:00:33|AbrirComprobanteFiscal B
13/04/2022 19:00:33|Articulo --> 47654 panal tena pants clasico medium 8x8 br
13/04/2022 19:00:33|cantidadArt B --> 1
13/04/2022 19:00:33|PrecVear --> 790
13/04/2022 19:00:33|montoArt --> 652,892561983471
13/04/2022 19:00:33|ivaArt --> 21
13/04/2022 19:00:33|hasarOCX.ImprimirItem --> OK
13/04/2022 19:00:33|Articulo --> nonino juvenil x8 uni j
13/04/2022 19:00:33|cantidadArt B --> 2
13/04/2022 19:00:33|PrecVear --> 450
13/04/2022 19:00:33|montoArt --> 371,900826446281
13/04/2022 19:00:33|ivaArt --> 21
13/04/2022 19:00:33|hasarOCX.ImprimirItem --> OK
13/04/2022 19:00:33|Cerrar Comprobante B:::
13/04/2022 19:00:36|Obtiene nrocomp
13/04/2022 19:00:37|nrocomp --> 20991
13/04/2022 19:00:37|Nro. de Comprobante ::: TFB ::: 20991
13/04/2022 19:00:37|Ety.TicketFiscal: 20991
13/04/2022 19:05:26|cerrando pantalla venta
13/04/2022 19:05:34|Conectando..
13/04/2022 19:05:34|IP: 127.0.0.1 - Puerto: 6500
13/04/2022 19:05:34|Conectado con éxito!!
13/04/2022 19:05:37|cerrando pantalla venta
13/04/2022 19:06:49|Conectando..
13/04/2022 19:06:49|IP: 127.0.0.1 - Puerto: 6500
13/04/2022 19:06:50|Conectado con éxito!!
13/04/2022 19:07:19|cerrando pantalla venta
13/04/2022 19:07:23|Conectando..
13/04/2022 19:07:23|IP: 127.0.0.1 - Puerto: 6500
13/04/2022 19:07:23|Conectado con éxito!!
13/04/2022 19:07:38|Comienza Facturacion B
13/04/2022 19:07:38|DatosCliente B
13/04/2022 19:07:41|AbrirComprobanteFiscal B
13/04/2022 19:07:41|Articulo --> majicrem cr oxidante de20 vol
13/04/2022 19:07:41|cantidadArt B --> 1
13/04/2022 19:07:41|PrecVear --> 80
13/04/2022 19:07:41|montoArt --> 66,1157024793389
13/04/2022 19:07:41|ivaArt --> 21
13/04/2022 19:07:41|hasarOCX.ImprimirItem --> OK
13/04/2022 19:07:41|Articulo --> bagovit sh y ac x350
13/04/2022 19:07:41|cantidadArt B --> 1
13/04/2022 19:07:41|PrecVear --> 630
13/04/2022 19:07:41|montoArt --> 520,661157024793
13/04/2022 19:07:41|ivaArt --> 21
13/04/2022 19:07:42|hasarOCX.ImprimirItem --> OK
13/04/2022 19:07:42|Cerrar Comprobante B:::
13/04/2022 19:07:45|Obtiene nrocomp
13/04/2022 19:07:45|nrocomp --> 20992
13/04/2022 19:07:45|Nro. de Comprobante ::: TFB ::: 20992
13/04/2022 19:07:45|Ety.TicketFiscal: 20992
13/04/2022 19:15:06|Comienza Facturacion B
13/04/2022 19:15:06|DatosCliente B
13/04/2022 19:15:08|AbrirComprobanteFiscal B
13/04/2022 19:15:08|Articulo --> huggies toallas humedas con oleo x48
13/04/2022 19:15:08|cantidadArt B --> 1
13/04/2022 19:15:08|PrecVear --> 460
13/04/2022 19:15:08|montoArt --> 380,165289256198
13/04/2022 19:15:08|ivaArt --> 21
13/04/2022 19:15:09|hasarOCX.ImprimirItem --> OK
13/04/2022 19:15:09|Articulo --> huggies toallas humedas con oleo x80
13/04/2022 19:15:09|cantidadArt B --> 1
13/04/2022 19:15:09|PrecVear --> 740
13/04/2022 19:15:09|montoArt --> 611,570247933884
13/04/2022 19:15:09|ivaArt --> 21
13/04/2022 19:15:09|hasarOCX.ImprimirItem --> OK
13/04/2022 19:15:09|Cerrar Comprobante B:::
13/04/2022 19:15:12|Obtiene nrocomp
13/04/2022 19:15:12|nrocomp --> 20993
13/04/2022 19:15:12|Nro. de Comprobante ::: TFB ::: 20993
13/04/2022 19:15:12|Ety.TicketFiscal: 20993
13/04/2022 19:17:46|Comienza Facturacion B
13/04/2022 19:17:47|DatosCliente B
13/04/2022 19:17:49|AbrirComprobanteFiscal B
13/04/2022 19:17:49|Articulo --> pampers supersec xxg x54
13/04/2022 19:17:49|cantidadArt B --> 1
13/04/2022 19:17:49|PrecVear --> 1490
13/04/2022 19:17:49|montoArt --> 1231,40495867769
13/04/2022 19:17:49|ivaArt --> 21
13/04/2022 19:17:50|hasarOCX.ImprimirItem --> OK
13/04/2022 19:17:50|Articulo --> huggies protect plus px30
13/04/2022 19:17:50|cantidadArt B --> 1
13/04/2022 19:17:50|PrecVear --> 590
13/04/2022 19:17:50|montoArt --> 487,603305785124
13/04/2022 19:17:50|ivaArt --> 21
13/04/2022 19:17:50|hasarOCX.ImprimirItem --> OK
13/04/2022 19:17:50|Cerrar Comprobante B:::
13/04/2022 19:17:53|Obtiene nrocomp
13/04/2022 19:17:53|nrocomp --> 20994
13/04/2022 19:17:53|Nro. de Comprobante ::: TFB ::: 20994
13/04/2022 19:17:53|Ety.TicketFiscal: 20994
13/04/2022 19:23:11|Comienza Facturacion B
13/04/2022 19:23:12|DatosCliente B
13/04/2022 19:23:14|AbrirComprobanteFiscal B
13/04/2022 19:23:14|Articulo --> protex jabon x125 g
13/04/2022 19:23:14|cantidadArt B --> 1
13/04/2022 19:23:14|PrecVear --> 140
13/04/2022 19:23:14|montoArt --> 115,702479338843
13/04/2022 19:23:14|ivaArt --> 21
13/04/2022 19:23:14|hasarOCX.ImprimirItem --> OK
13/04/2022 19:23:14|Articulo --> elvive shx200 dream long
13/04/2022 19:23:14|cantidadArt B --> 2
13/04/2022 19:23:14|PrecVear --> 290
13/04/2022 19:23:14|montoArt --> 239,669421487603
13/04/2022 19:23:14|ivaArt --> 21
13/04/2022 19:23:15|hasarOCX.ImprimirItem --> OK
13/04/2022 19:23:15|Articulo --> babelito toallitas húmedas
13/04/2022 19:23:15|cantidadArt B --> 1
13/04/2022 19:23:15|PrecVear --> 260
13/04/2022 19:23:15|montoArt --> 214,876033057851
13/04/2022 19:23:15|ivaArt --> 21
13/04/2022 19:23:15|hasarOCX.ImprimirItem --> OK
13/04/2022 19:23:15|Articulo --> esmalte tejar
13/04/2022 19:23:15|cantidadArt B --> 1
13/04/2022 19:23:15|PrecVear --> 150
13/04/2022 19:23:15|montoArt --> 123,96694214876
13/04/2022 19:23:15|ivaArt --> 21
13/04/2022 19:23:15|hasarOCX.ImprimirItem --> OK
13/04/2022 19:23:15|Articulo --> tejar esmalte
13/04/2022 19:23:15|cantidadArt B --> 1
13/04/2022 19:23:15|PrecVear --> 150
13/04/2022 19:23:15|montoArt --> 123,96694214876
13/04/2022 19:23:15|ivaArt --> 21
13/04/2022 19:23:16|hasarOCX.ImprimirItem --> OK
13/04/2022 19:23:16|Articulo --> saphirus aromatizante textil bubblegum
13/04/2022 19:23:16|cantidadArt B --> 1
13/04/2022 19:23:16|PrecVear --> 230
13/04/2022 19:23:16|montoArt --> 190,082644628099
13/04/2022 19:23:16|ivaArt --> 21
13/04/2022 19:23:16|hasarOCX.ImprimirItem --> OK
13/04/2022 19:23:16|Articulo --> capilatis ortiga cabellos finos sh
13/04/2022 19:23:16|cantidadArt B --> 1
13/04/2022 19:23:16|PrecVear --> 580
13/04/2022 19:23:16|montoArt --> 479,338842975207
13/04/2022 19:23:16|ivaArt --> 21
13/04/2022 19:23:17|hasarOCX.ImprimirItem --> OK
13/04/2022 19:23:17|Cerrar Comprobante B:::
13/04/2022 19:23:20|Obtiene nrocomp
13/04/2022 19:23:20|nrocomp --> 20995
13/04/2022 19:23:20|Nro. de Comprobante ::: TFB ::: 20995
13/04/2022 19:23:20|Ety.TicketFiscal: 20995
13/04/2022 19:46:13|Comienza Facturacion B
13/04/2022 19:46:13|DatosCliente B
13/04/2022 19:46:17|AbrirComprobanteFiscal B
13/04/2022 19:46:17|Articulo --> pampers confort sec g72
13/04/2022 19:46:17|cantidadArt B --> 1
13/04/2022 19:46:17|PrecVear --> 2180
13/04/2022 19:46:17|montoArt --> 1801,65289256198
13/04/2022 19:46:17|ivaArt --> 21
13/04/2022 19:46:17|hasarOCX.ImprimirItem --> OK
13/04/2022 19:46:17|Cerrar Comprobante B:::
13/04/2022 19:46:20|Obtiene nrocomp
13/04/2022 19:46:20|nrocomp --> 20996
13/04/2022 19:46:20|Nro. de Comprobante ::: TFB ::: 20996
13/04/2022 19:46:20|Ety.TicketFiscal: 20996
13/04/2022 20:22:59|cerrando pantalla venta
13/04/2022 20:25:56|Conectando..
13/04/2022 20:25:56|IP: 127.0.0.1 - Puerto: 6500
13/04/2022 20:25:57|Conectado con éxito!!
13/04/2022 20:27:42|cerrando pantalla venta
13/04/2022 20:27:49|*************COMIENZA Cierre  Z**********
13/04/2022 20:27:57|CIERRE Z
Cierre Z Nº =[684]
Fecha del Cierre        =[13/04/2022 0:00:00]
DF Emitidos             =[36]
DF Cancelados           =[4]
DF Total                =[6189603]
DF Total Gravado        =[5115375]
DF Total No Gravado     =[0]
DF Total Exento         =[0]
DF Total IVA            =[1074228]
DF Total Otros Tributos =[0]
NC Emitidas             =[0]
NC Canceladas           =[0]
NC Total                =[0]
NC Total Gravado        =[0]
NC Total No Gravado     =[0]
NC Total Exento         =[0]
NC Total IVA            =[0]
NC Total Otros Tributos =[0]
DNFH Emitidos           =[0]
DNFH Total              =[0]

