02/08/2021 8:41:59|>>>>>>>>>>>>>>>>>>>>>INICIA ProcessFiles<<<<<<<<<<<<<<<<<<<<<<<<<
02/08/2021 8:41:59|>>>>>>>>>>>>>>>>>>>>>FIN ProcessFiles<<<<<<<<<<<<<<<<<<<<<<<<<
02/08/2021 8:49:35|>>>>>>>>>>>>>>>>>>>>>INICIA Create Files<<<<<<<<<<<<<<<<<<<<<<<<<
02/08/2021 8:49:35|DETIENE PROCESO HASAR
02/08/2021 8:49:40|C:\Perfumeria\GETxxxAR\getaudar.exe
02/08/2021 8:49:40|-p 3  -i serial -a 210722 210731
02/08/2021 8:49:40|********** COMIENZA A GENERAR ARCHIVOS AFIP ***********
02/08/2021 8:49:45|********** FIN GENERAR ARCHIVOS AFIP ***********
02/08/2021 8:49:45|++++++++++++++++++ ERROR: Error Moviendo archivo: C:\Perfumeria\afip.85 -->No se pudo encontrar el archivo 'C:\Perfumeria\afip.85'.
02/08/2021 18:10:22|>>>>>>>>>>>>>>>>>>>>>INICIA ProcessFiles<<<<<<<<<<<<<<<<<<<<<<<<<
02/08/2021 18:10:22|>>>>>>>>>>>>>>>>>>>>>FIN ProcessFiles<<<<<<<<<<<<<<<<<<<<<<<<<
02/08/2021 18:10:25|>>>>>>>>>>>>>>>>>>>>>INICIA Create Files<<<<<<<<<<<<<<<<<<<<<<<<<
02/08/2021 18:10:25|DETIENE PROCESO HASAR
02/08/2021 18:10:31|C:\Perfumeria\GETxxxAR\getaudar.exe
02/08/2021 18:10:31|-p 3  -i serial -a 210722 210731
02/08/2021 18:10:31|********** COMIENZA A GENERAR ARCHIVOS AFIP ***********
02/08/2021 18:14:06|********** FIN GENERAR ARCHIVOS AFIP ***********
02/08/2021 18:14:06|>>>>>>>>>>>>>>>>>>>>>INICIO PROCESO EnviarEmail<<<<<<<<<<<<<<<<<<<<<<<<<
02/08/2021 18:14:06|pathPrograma: C:\Perfumeria\GETxxxAR\
02/08/2021 18:14:13|>>>>>>>>>>>>>>>>>>>>>FIN PROCESO EnviarEmail<<<<<<<<<<<<<<<<<<<<<<<<<
02/08/2021 18:14:13|>>>>>>>>>>>>>>>>>>>>>FIN PROCESO Create Files<<<<<<<<<<<<<<<<<<<<<<<<<
